job_id=606186
array_job_id=606186
array_task_id=1
job_name=vs3n2fu4
partition=epyc
node_list=doom
excluded_nodes=bar
workdir=/home/gyqyan/zexuan/ecg1d_code/1D_thouless_pumping
cpus_per_task=32
mem_per_node=16384
binary=./build/ecg1d_vs3_n2_dt0005_full
case_label=gauss_sigma3p000
mode=gauss
sigma=3.0
planning_estimate=full-cycle dt/20 fixed dt=0.0005, estimated 1005310 steps; 32-core estimate gauss ~64.2 h; requested walltime 96 h
start_time=2026-07-09T20:55:16+08:00
config=legacy_prb_3_3_n2_pathpad_K32_dt0p0005_gauss_sigma3p000 lambda_C=1.00e-08 rcond=1.00e-04 | TDVP param dimension=256
progress N=2 step 0/1005310 0.0% t=0.00000 eta_s=nan E=-2.15295803 P=0.99965889 dP=0.00000000 r12=8.04559382 Vg=0.00019300 norm=1.00000000 rank=-1/256 sv_max=nan resid=nan
initial t=0.00000 tau=0.00000 E=-2.1529580287 <X>/a=0.9996588910 norm=1.0000000000 V_gauss=0.0001929977
progress N=2 step 250/1005310 0.0% t=0.12500 eta_s=832895.6 E=-2.15293452 P=0.99965667 dP=-0.00000222 r12=8.04560276 Vg=0.00019300 norm=1.00000000 rank=35/256 sv_max=1.10e+02 resid=8.36e-02
progress N=2 step 500/1005310 0.0% t=0.25000 eta_s=834263.9 E=-2.15284891 P=0.99964203 dP=-0.00001687 r12=8.04561740 Vg=0.00019300 norm=1.00000000 rank=36/256 sv_max=1.13e+02 resid=4.88e-02
progress N=2 step 750/1005310 0.1% t=0.37500 eta_s=828464.2 E=-2.15270193 P=0.99960296 dP=-0.00005593 r12=8.04562049 Vg=0.00019295 norm=1.00000000 rank=36/256 sv_max=1.13e+02 resid=2.92e-02
progress N=2 step 1000/1005310 0.1% t=0.50000 eta_s=829460.4 E=-2.15249472 P=0.99952717 dP=-0.00013172 r12=8.04561657 Vg=0.00019279 norm=1.00000000 rank=36/256 sv_max=1.10e+02 resid=2.03e-02
progress N=2 step 1250/1005310 0.1% t=0.62500 eta_s=830400.8 E=-2.15222880 P=0.99940212 dP=-0.00025677 r12=8.04561562 Vg=0.00019253 norm=1.00000000 rank=36/256 sv_max=1.08e+02 resid=1.59e-02
progress N=2 step 1500/1005310 0.1% t=0.75000 eta_s=831831.6 E=-2.15190604 P=0.99921597 dP=-0.00044292 r12=8.04561611 Vg=0.00019223 norm=1.00000000 rank=36/256 sv_max=1.09e+02 resid=1.33e-02
progress N=2 step 1750/1005310 0.2% t=0.87500 eta_s=831728.5 E=-2.15152869 P=0.99895998 dP=-0.00069891 r12=8.04560823 Vg=0.00019196 norm=1.00000000 rank=36/256 sv_max=1.11e+02 resid=1.15e-02
progress N=2 step 2000/1005310 0.2% t=1.00000 eta_s=830713.1 E=-2.15109920 P=0.99862729 dP=-0.00103160 r12=8.04558960 Vg=0.00019177 norm=1.00000000 rank=36/256 sv_max=1.11e+02 resid=1.01e-02
progress N=2 step 2250/1005310 0.2% t=1.12500 eta_s=830710.5 E=-2.15062008 P=0.99821311 dP=-0.00144578 r12=8.04557201 Vg=0.00019166 norm=1.00000000 rank=37/256 sv_max=1.10e+02 resid=9.04e-03
progress N=2 step 2500/1005310 0.2% t=1.25000 eta_s=829091.4 E=-2.15009390 P=0.99771482 dP=-0.00194408 r12=8.04556564 Vg=0.00019158 norm=1.00000000 rank=35/256 sv_max=1.10e+02 resid=8.58e-03
progress N=2 step 2750/1005310 0.3% t=1.37500 eta_s=829231.2 E=-2.14952320 P=0.99713262 dP=-0.00252627 r12=8.04556937 Vg=0.00019153 norm=1.00000000 rank=35/256 sv_max=1.09e+02 resid=8.28e-03
progress N=2 step 3000/1005310 0.3% t=1.50000 eta_s=829400.4 E=-2.14891059 P=0.99646882 dP=-0.00319007 r12=8.04557912 Vg=0.00019153 norm=1.00000000 rank=35/256 sv_max=1.07e+02 resid=7.85e-03
progress N=2 step 3250/1005310 0.3% t=1.62500 eta_s=827099.1 E=-2.14825876 P=0.99572743 dP=-0.00393146 r12=8.04560067 Vg=0.00019154 norm=1.00000000 rank=35/256 sv_max=1.04e+02 resid=7.65e-03
progress N=2 step 3500/1005310 0.3% t=1.75000 eta_s=827117.7 E=-2.14757020 P=0.99491393 dP=-0.00474496 r12=8.04564498 Vg=0.00019153 norm=1.00000000 rank=37/256 sv_max=1.06e+02 resid=7.52e-03
progress N=2 step 3750/1005310 0.4% t=1.87500 eta_s=826991.6 E=-2.14684722 P=0.99403694 dP=-0.00562196 r12=8.04571007 Vg=0.00019150 norm=1.00000000 rank=35/256 sv_max=1.10e+02 resid=7.53e-03
progress N=2 step 4000/1005310 0.4% t=2.00000 eta_s=826835.6 E=-2.14609190 P=0.99310782 dP=-0.00655107 r12=8.04578280 Vg=0.00019153 norm=1.00000000 rank=35/256 sv_max=1.11e+02 resid=7.53e-03
progress N=2 step 4250/1005310 0.4% t=2.12500 eta_s=825977.0 E=-2.14530593 P=0.99213690 dP=-0.00752200 r12=8.04585151 Vg=0.00019166 norm=1.00000000 rank=36/256 sv_max=1.07e+02 resid=7.41e-03
progress N=2 step 4500/1005310 0.4% t=2.25000 eta_s=825694.8 E=-2.14449076 P=0.99113528 dP=-0.00852361 r12=8.04591706 Vg=0.00019190 norm=1.00000000 rank=35/256 sv_max=1.02e+02 resid=7.18e-03
progress N=2 step 4750/1005310 0.5% t=2.37500 eta_s=825372.9 E=-2.14364744 P=0.99011678 dP=-0.00954211 r12=8.04597907 Vg=0.00019223 norm=1.00000000 rank=35/256 sv_max=1.03e+02 resid=6.96e-03
progress N=2 step 5000/1005310 0.5% t=2.50000 eta_s=825547.5 E=-2.14277641 P=0.98909876 dP=-0.01056013 r12=8.04602754 Vg=0.00019260 norm=1.00000000 rank=35/256 sv_max=1.08e+02 resid=6.71e-03
progress N=2 step 5250/1005310 0.5% t=2.62500 eta_s=825475.7 E=-2.14187756 P=0.98809872 dP=-0.01156017 r12=8.04604582 Vg=0.00019293 norm=1.00000000 rank=35/256 sv_max=1.08e+02 resid=6.48e-03
progress N=2 step 5500/1005310 0.5% t=2.75000 eta_s=825403.5 E=-2.14095025 P=0.98713180 dP=-0.01252709 r12=8.04603122 Vg=0.00019318 norm=1.00000000 rank=35/256 sv_max=1.04e+02 resid=6.55e-03
progress N=2 step 5750/1005310 0.6% t=2.87500 eta_s=825547.2 E=-2.13999332 P=0.98620937 dP=-0.01344952 r12=8.04599239 Vg=0.00019334 norm=1.00000000 rank=35/256 sv_max=1.02e+02 resid=6.74e-03
progress N=2 step 6000/1005310 0.6% t=3.00000 eta_s=825329.7 E=-2.13900542 P=0.98534047 dP=-0.01431842 r12=8.04593480 Vg=0.00019346 norm=1.00000000 rank=35/256 sv_max=1.05e+02 resid=7.08e-03
progress N=2 step 6250/1005310 0.6% t=3.12500 eta_s=824770.9 E=-2.13798500 P=0.98453459 dP=-0.01512430 r12=8.04585898 Vg=0.00019362 norm=1.00000000 rank=35/256 sv_max=1.08e+02 resid=7.49e-03
progress N=2 step 6500/1005310 0.6% t=3.25000 eta_s=824820.9 E=-2.13693025 P=0.98380052 dP=-0.01585837 r12=8.04577060 Vg=0.00019381 norm=1.00000000 rank=36/256 sv_max=1.06e+02 resid=7.86e-03
progress N=2 step 6750/1005310 0.7% t=3.37500 eta_s=824903.7 E=-2.13583928 P=0.98314515 dP=-0.01651374 r12=8.04568798 Vg=0.00019401 norm=1.00000000 rank=37/256 sv_max=1.01e+02 resid=8.17e-03
progress N=2 step 7000/1005310 0.7% t=3.50000 eta_s=824508.3 E=-2.13471000 P=0.98257252 dP=-0.01708637 r12=8.04562459 Vg=0.00019415 norm=1.00000000 rank=36/256 sv_max=1.01e+02 resid=8.96e-03
progress N=2 step 7250/1005310 0.7% t=3.62500 eta_s=824122.0 E=-2.13354014 P=0.98208457 dP=-0.01757432 r12=8.04558257 Vg=0.00019429 norm=1.00000000 rank=36/256 sv_max=1.04e+02 resid=1.00e-02
progress N=2 step 7500/1005310 0.7% t=3.75000 eta_s=823825.9 E=-2.13232770 P=0.98168038 dP=-0.01797851 r12=8.04555843 Vg=0.00019447 norm=1.00000000 rank=35/256 sv_max=1.05e+02 resid=1.11e-02
progress N=2 step 7750/1005310 0.8% t=3.87500 eta_s=823676.8 E=-2.13107077 P=0.98135591 dP=-0.01830298 r12=8.04554683 Vg=0.00019468 norm=1.00000000 rank=35/256 sv_max=1.02e+02 resid=1.25e-02
progress N=2 step 8000/1005310 0.8% t=4.00000 eta_s=823264.6 E=-2.12976751 P=0.98110485 dP=-0.01855404 r12=8.04554997 Vg=0.00019489 norm=1.00000000 rank=36/256 sv_max=1.00e+02 resid=1.50e-02
progress N=2 step 8250/1005310 0.8% t=4.12500 eta_s=822985.6 E=-2.12841645 P=0.98091907 dP=-0.01873982 r12=8.04556093 Vg=0.00019506 norm=1.00000000 rank=36/256 sv_max=1.05e+02 resid=1.85e-02
progress N=2 step 8500/1005310 0.8% t=4.25000 eta_s=822358.0 E=-2.12701629 P=0.98078967 dP=-0.01886922 r12=8.04557084 Vg=0.00019519 norm=1.00000000 rank=37/256 sv_max=1.07e+02 resid=2.30e-02
progress N=2 step 8750/1005310 0.9% t=4.37500 eta_s=822274.2 E=-2.12556595 P=0.98070444 dP=-0.01895445 r12=8.04556932 Vg=0.00019526 norm=1.00000000 rank=37/256 sv_max=1.05e+02 resid=2.98e-02
progress N=2 step 9000/1005310 0.9% t=4.50000 eta_s=821448.1 E=-2.12406510 P=0.98065006 dP=-0.01900883 r12=8.04555757 Vg=0.00019525 norm=1.00000000 rank=37/256 sv_max=9.89e+01 resid=4.17e-02
progress N=2 step 9250/1005310 0.9% t=4.62500 eta_s=820638.6 E=-2.12251367 P=0.98061377 dP=-0.01904512 r12=8.04554955 Vg=0.00019518 norm=1.00000000 rank=37/256 sv_max=9.82e+01 resid=5.81e-02
progress N=2 step 9500/1005310 0.9% t=4.75000 eta_s=820395.9 E=-2.12091189 P=0.98058407 dP=-0.01907482 r12=8.04555874 Vg=0.00019506 norm=1.00000000 rank=38/256 sv_max=1.04e+02 resid=5.97e-02
progress N=2 step 9750/1005310 1.0% t=4.87500 eta_s=819962.0 E=-2.11926053 P=0.98055106 dP=-0.01910783 r12=8.04557698 Vg=0.00019484 norm=1.00000000 rank=37/256 sv_max=1.06e+02 resid=4.78e-02
progress N=2 step 10000/1005310 1.0% t=5.00000 eta_s=819561.6 E=-2.11756039 P=0.98050385 dP=-0.01915504 r12=8.04560053 Vg=0.00019456 norm=1.00000000 rank=37/256 sv_max=1.02e+02 resid=3.70e-02
progress N=2 step 10250/1005310 1.0% t=5.12500 eta_s=818970.6 E=-2.11581257 P=0.98042929 dP=-0.01922960 r12=8.04563379 Vg=0.00019424 norm=1.00000000 rank=37/256 sv_max=9.64e+01 resid=3.04e-02
progress N=2 step 10500/1005310 1.0% t=5.25000 eta_s=818573.5 E=-2.11401872 P=0.98031410 dP=-0.01934479 r12=8.04567035 Vg=0.00019394 norm=1.00000000 rank=36/256 sv_max=9.61e+01 resid=2.42e-02
progress N=2 step 10750/1005310 1.1% t=5.37500 eta_s=818157.0 E=-2.11218062 P=0.98014852 dP=-0.01951037 r12=8.04571362 Vg=0.00019370 norm=1.00000000 rank=35/256 sv_max=1.00e+02 resid=2.00e-02
progress N=2 step 11000/1005310 1.1% t=5.50000 eta_s=817781.7 E=-2.11030024 P=0.97992564 dP=-0.01973325 r12=8.04576884 Vg=0.00019348 norm=1.00000000 rank=35/256 sv_max=1.02e+02 resid=1.62e-02
progress N=2 step 11250/1005310 1.1% t=5.62500 eta_s=817447.6 E=-2.10837990 P=0.97964079 dP=-0.02001810 r12=8.04583088 Vg=0.00019327 norm=1.00000000 rank=35/256 sv_max=9.90e+01 resid=1.36e-02
progress N=2 step 11500/1005310 1.1% t=5.75000 eta_s=816816.1 E=-2.10642178 P=0.97928979 dP=-0.02036910 r12=8.04590428 Vg=0.00019303 norm=1.00000000 rank=35/256 sv_max=9.74e+01 resid=1.17e-02
progress N=2 step 11750/1005310 1.2% t=5.87500 eta_s=816435.3 E=-2.10442812 P=0.97886828 dP=-0.02079062 r12=8.04598722 Vg=0.00019278 norm=1.00000000 rank=35/256 sv_max=1.01e+02 resid=1.08e-02
progress N=2 step 12000/1005310 1.2% t=6.00000 eta_s=816185.1 E=-2.10240144 P=0.97837410 dP=-0.02128479 r12=8.04607086 Vg=0.00019261 norm=1.00000000 rank=35/256 sv_max=1.04e+02 resid=9.98e-03
progress N=2 step 12250/1005310 1.2% t=6.12500 eta_s=815816.5 E=-2.10034436 P=0.97780735 dP=-0.02185154 r12=8.04614700 Vg=0.00019259 norm=1.00000000 rank=35/256 sv_max=1.02e+02 resid=8.98e-03
progress N=2 step 12500/1005310 1.2% t=6.25000 eta_s=815540.8 E=-2.09825918 P=0.97716965 dP=-0.02248924 r12=8.04621827 Vg=0.00019267 norm=1.00000000 rank=35/256 sv_max=9.87e+01 resid=8.49e-03
progress N=2 step 12750/1005310 1.3% t=6.37500 eta_s=815217.8 E=-2.09614848 P=0.97646501 dP=-0.02319389 r12=8.04629241 Vg=0.00019283 norm=1.00000000 rank=35/256 sv_max=1.01e+02 resid=8.32e-03
progress N=2 step 13000/1005310 1.3% t=6.50000 eta_s=814890.8 E=-2.09401445 P=0.97570009 dP=-0.02395881 r12=8.04636721 Vg=0.00019304 norm=1.00000000 rank=35/256 sv_max=1.06e+02 resid=8.27e-03
progress N=2 step 13250/1005310 1.3% t=6.62500 eta_s=814546.6 E=-2.09185895 P=0.97488310 dP=-0.02477579 r12=8.04643722 Vg=0.00019333 norm=1.00000000 rank=35/256 sv_max=1.05e+02 resid=8.23e-03
progress N=2 step 13500/1005310 1.3% t=6.75000 eta_s=814305.6 E=-2.08968405 P=0.97402310 dP=-0.02563579 r12=8.04650486 Vg=0.00019371 norm=1.00000000 rank=35/256 sv_max=9.76e+01 resid=8.24e-03
progress N=2 step 13750/1005310 1.4% t=6.87500 eta_s=814088.5 E=-2.08749153 P=0.97312982 dP=-0.02652907 r12=8.04657955 Vg=0.00019416 norm=1.00000000 rank=36/256 sv_max=9.36e+01 resid=8.18e-03
progress N=2 step 14000/1005310 1.4% t=7.00000 eta_s=813327.5 E=-2.08528273 P=0.97221377 dP=-0.02744512 r12=8.04666373 Vg=0.00019468 norm=1.00000000 rank=35/256 sv_max=9.99e+01 resid=8.69e-03
progress N=2 step 14250/1005310 1.4% t=7.12500 eta_s=812757.6 E=-2.08305887 P=0.97128813 dP=-0.02837076 r12=8.04674390 Vg=0.00019527 norm=1.00000000 rank=35/256 sv_max=1.07e+02 resid=8.87e-03
