job_id=604165
array_task_id=0
mode=free
job_name=vs3n2grid
partition=epyc
node_list=gyro
submit_dir=/home/gyqyan/zexuan/ecg1d_code/1D_thouless_pumping
workdir=/home/gyqyan/zexuan/ecg1d_code/1D_thouless_pumping
cpus_per_task=32
mem_per_node=16384
time_limit=unset
grid=1024
dt=0.01
tmax=502.6548245743669
period=502.6548245743669
vs_over_Er=3.0
vl_over_Er=3.0
g_over_Er=0.0
fft_workers=32
start_time=2026-07-08T22:45:33+08:00
[config] grid=1024 dt=0.01 tmax=502.6548245743669 Vs/Er=3.0 Vl/Er=3.0 g/Er=0.0 fft_backend=scipy.fft fft_workers=32
progress grid N=2 step 250/50266 0.5% t=2.50000 eta_s=3121.0 P=0.98922486 dP=-0.01037164 r12=8.04593020 Vg=0 norm=1.00000000
progress grid N=2 step 500/50266 1.0% t=5.00000 eta_s=3111.3 P=0.98027335 dP=-0.01932315 r12=8.04731876 Vg=0 norm=1.00000000
progress grid N=2 step 750/50266 1.5% t=7.50000 eta_s=3077.8 P=0.96873919 dP=-0.03085732 r12=8.04956335 Vg=0 norm=1.00000000
progress grid N=2 step 1000/50266 2.0% t=10.00000 eta_s=3072.0 P=0.96213985 dP=-0.03745666 r12=8.05224377 Vg=0 norm=1.00000000
progress grid N=2 step 1250/50266 2.5% t=12.50000 eta_s=3065.1 P=0.95135450 dP=-0.04824200 r12=8.05522998 Vg=0 norm=1.00000000
progress grid N=2 step 1500/50266 3.0% t=15.00000 eta_s=3050.1 P=0.94621894 dP=-0.05337756 r12=8.05516648 Vg=0 norm=1.00000000
progress grid N=2 step 1750/50266 3.5% t=17.50000 eta_s=3051.4 P=0.93797182 dP=-0.06162469 r12=8.05413698 Vg=0 norm=1.00000000
progress grid N=2 step 2000/50266 4.0% t=20.00000 eta_s=3050.4 P=0.93215343 dP=-0.06744308 r12=8.05405698 Vg=0 norm=1.00000000
progress grid N=2 step 2250/50266 4.5% t=22.50000 eta_s=3047.4 P=0.92780007 dP=-0.07179643 r12=8.05240788 Vg=0 norm=1.00000000
progress grid N=2 step 2500/50266 5.0% t=25.00000 eta_s=3046.7 P=0.92073375 dP=-0.07886276 r12=8.05497062 Vg=0 norm=1.00000000
progress grid N=2 step 2750/50266 5.5% t=27.50000 eta_s=3043.3 P=0.91678275 dP=-0.08281375 r12=8.05452547 Vg=0 norm=1.00000000
progress grid N=2 step 3000/50266 6.0% t=30.00000 eta_s=3037.5 P=0.91477645 dP=-0.08482005 r12=8.05606025 Vg=0 norm=1.00000000
progress grid N=2 step 3250/50266 6.5% t=32.50000 eta_s=3030.0 P=0.90593030 dP=-0.09366620 r12=8.06058526 Vg=0 norm=1.00000000
progress grid N=2 step 3500/50266 7.0% t=35.00000 eta_s=3020.4 P=0.90540906 dP=-0.09418744 r12=8.06231174 Vg=0 norm=1.00000000
progress grid N=2 step 3750/50266 7.5% t=37.50000 eta_s=3003.2 P=0.90213083 dP=-0.09746568 r12=8.06287205 Vg=0 norm=1.00000000
progress grid N=2 step 4000/50266 8.0% t=40.00000 eta_s=2984.0 P=0.89773970 dP=-0.10185680 r12=8.06681317 Vg=0 norm=1.00000000
progress grid N=2 step 4250/50266 8.5% t=42.50000 eta_s=2965.3 P=0.89104232 dP=-0.10855418 r12=8.06919239 Vg=0 norm=1.00000000
progress grid N=2 step 4500/50266 9.0% t=45.00000 eta_s=2943.3 P=0.89111657 dP=-0.10847994 r12=8.06818760 Vg=0 norm=1.00000000
progress grid N=2 step 4750/50266 9.4% t=47.50000 eta_s=2914.9 P=0.88890523 dP=-0.11069127 r12=8.06691025 Vg=0 norm=1.00000000
progress grid N=2 step 5000/50266 9.9% t=50.00000 eta_s=2888.4 P=0.88457149 dP=-0.11502501 r12=8.06975838 Vg=0 norm=1.00000000
progress grid N=2 step 5250/50266 10.4% t=52.50000 eta_s=2865.6 P=0.87822698 dP=-0.12136953 r12=8.07447028 Vg=0 norm=1.00000000
progress grid N=2 step 5500/50266 10.9% t=55.00000 eta_s=2845.4 P=0.87387327 dP=-0.12572324 r12=8.07759475 Vg=0 norm=1.00000000
progress grid N=2 step 5750/50266 11.4% t=57.50000 eta_s=2826.2 P=0.87345880 dP=-0.12613770 r12=8.07868920 Vg=0 norm=1.00000000
progress grid N=2 step 6000/50266 11.9% t=60.00000 eta_s=2815.1 P=0.87067844 dP=-0.12891806 r12=8.07953328 Vg=0 norm=1.00000000
progress grid N=2 step 6250/50266 12.4% t=62.50000 eta_s=2799.5 P=0.86834261 dP=-0.13125389 r12=8.08386470 Vg=0 norm=1.00000000
progress grid N=2 step 6500/50266 12.9% t=65.00000 eta_s=2788.5 P=0.86012376 dP=-0.13947274 r12=8.08948174 Vg=0 norm=1.00000000
progress grid N=2 step 6750/50266 13.4% t=67.50000 eta_s=2777.6 P=0.85446654 dP=-0.14512997 r12=8.09641437 Vg=0 norm=1.00000000
progress grid N=2 step 7000/50266 13.9% t=70.00000 eta_s=2766.0 P=0.84802415 dP=-0.15157235 r12=8.10057335 Vg=0 norm=1.00000000
progress grid N=2 step 7250/50266 14.4% t=72.50000 eta_s=2754.1 P=0.84477986 dP=-0.15481664 r12=8.10341540 Vg=0 norm=1.00000000
progress grid N=2 step 7500/50266 14.9% t=75.00000 eta_s=2742.1 P=0.84233058 dP=-0.15726593 r12=8.10527658 Vg=0 norm=1.00000000
progress grid N=2 step 7750/50266 15.4% t=77.50000 eta_s=2729.5 P=0.83781935 dP=-0.16177715 r12=8.10760159 Vg=0 norm=1.00000000
progress grid N=2 step 8000/50266 15.9% t=80.00000 eta_s=2717.0 P=0.83353249 dP=-0.16606401 r12=8.11367229 Vg=0 norm=1.00000000
progress grid N=2 step 8250/50266 16.4% t=82.50000 eta_s=2703.8 P=0.82394238 dP=-0.17565412 r12=8.12051088 Vg=0 norm=1.00000000
progress grid N=2 step 8500/50266 16.9% t=85.00000 eta_s=2690.8 P=0.81496887 dP=-0.18462763 r12=8.13134263 Vg=0 norm=1.00000000
progress grid N=2 step 8750/50266 17.4% t=87.50000 eta_s=2677.1 P=0.80356430 dP=-0.19603220 r12=8.14139882 Vg=0 norm=1.00000000
progress grid N=2 step 9000/50266 17.9% t=90.00000 eta_s=2663.2 P=0.79221230 dP=-0.20738420 r12=8.15170542 Vg=0 norm=1.00000000
progress grid N=2 step 9250/50266 18.4% t=92.50000 eta_s=2649.2 P=0.78245118 dP=-0.21714533 r12=8.16233406 Vg=0 norm=1.00000000
progress grid N=2 step 9500/50266 18.9% t=95.00000 eta_s=2635.2 P=0.77123309 dP=-0.22836341 r12=8.16995292 Vg=0 norm=1.00000000
progress grid N=2 step 9750/50266 19.4% t=97.50000 eta_s=2621.0 P=0.76197868 dP=-0.23761782 r12=8.18033160 Vg=0 norm=1.00000000
progress grid N=2 step 10000/50266 19.9% t=100.00000 eta_s=2606.8 P=0.75042989 dP=-0.24916662 r12=8.18829094 Vg=0 norm=1.00000000
progress grid N=2 step 10250/50266 20.4% t=102.50000 eta_s=2592.4 P=0.73790749 dP=-0.26168901 r12=8.19871669 Vg=0 norm=1.00000000
progress grid N=2 step 10500/50266 20.9% t=105.00000 eta_s=2578.1 P=0.72356496 dP=-0.27603154 r12=8.21089725 Vg=0 norm=1.00000000
progress grid N=2 step 10750/50266 21.4% t=107.50000 eta_s=2563.5 P=0.70523775 dP=-0.29435875 r12=8.22188954 Vg=0 norm=1.00000000
progress grid N=2 step 11000/50266 21.9% t=110.00000 eta_s=2549.0 P=0.68538435 dP=-0.31421216 r12=8.23766200 Vg=0 norm=1.00000000
progress grid N=2 step 11250/50266 22.4% t=112.50000 eta_s=2534.4 P=0.66147645 dP=-0.33812005 r12=8.25010908 Vg=0 norm=1.00000000
progress grid N=2 step 11500/50266 22.9% t=115.00000 eta_s=2519.7 P=0.63501036 dP=-0.36458615 r12=8.26419190 Vg=0 norm=1.00000000
progress grid N=2 step 11750/50266 23.4% t=117.50000 eta_s=2504.9 P=0.60664131 dP=-0.39295519 r12=8.27753240 Vg=0 norm=1.00000000
progress grid N=2 step 12000/50266 23.9% t=120.00000 eta_s=2489.9 P=0.57538591 dP=-0.42421059 r12=8.28545908 Vg=0 norm=1.00000000
progress grid N=2 step 12250/50266 24.4% t=122.50000 eta_s=2475.1 P=0.54331053 dP=-0.45628597 r12=8.29499988 Vg=0 norm=1.00000000
progress grid N=2 step 12500/50266 24.9% t=125.00000 eta_s=2460.0 P=0.51024946 dP=-0.48934705 r12=8.29722686 Vg=0 norm=1.00000000
progress grid N=2 step 12750/50266 25.4% t=127.50000 eta_s=2444.1 P=0.47640654 dP=-0.52318996 r12=8.29731645 Vg=0 norm=1.00000000
progress grid N=2 step 13000/50266 25.9% t=130.00000 eta_s=2427.6 P=0.44341763 dP=-0.55617888 r12=8.29489268 Vg=0 norm=1.00000000
progress grid N=2 step 13250/50266 26.4% t=132.50000 eta_s=2411.2 P=0.41122919 dP=-0.58836731 r12=8.28549037 Vg=0 norm=1.00000000
progress grid N=2 step 13500/50266 26.9% t=135.00000 eta_s=2394.9 P=0.38011830 dP=-0.61947820 r12=8.27727268 Vg=0 norm=1.00000000
progress grid N=2 step 13750/50266 27.4% t=137.50000 eta_s=2378.5 P=0.35204386 dP=-0.64755265 r12=8.26398677 Vg=0 norm=1.00000000
progress grid N=2 step 14000/50266 27.9% t=140.00000 eta_s=2362.7 P=0.32599206 dP=-0.67360445 r12=8.25046220 Vg=0 norm=1.00000000
progress grid N=2 step 14250/50266 28.3% t=142.50000 eta_s=2347.3 P=0.30307696 dP=-0.69651955 r12=8.23817905 Vg=0 norm=1.00000000
progress grid N=2 step 14500/50266 28.8% t=145.00000 eta_s=2331.3 P=0.28426877 dP=-0.71532773 r12=8.22392931 Vg=0 norm=1.00000000
progress grid N=2 step 14750/50266 29.3% t=147.50000 eta_s=2316.0 P=0.26747653 dP=-0.73211997 r12=8.21402185 Vg=0 norm=1.00000000
progress grid N=2 step 15000/50266 29.8% t=150.00000 eta_s=2300.5 P=0.25473214 dP=-0.74486436 r12=8.20357032 Vg=0 norm=1.00000000
progress grid N=2 step 15250/50266 30.3% t=152.50000 eta_s=2285.1 P=0.24372575 dP=-0.75587075 r12=8.19516477 Vg=0 norm=1.00000000
progress grid N=2 step 15500/50266 30.8% t=155.00000 eta_s=2269.6 P=0.23367880 dP=-0.76591770 r12=8.18830458 Vg=0 norm=1.00000000
progress grid N=2 step 15750/50266 31.3% t=157.50000 eta_s=2253.9 P=0.22497173 dP=-0.77462478 r12=8.17977873 Vg=0 norm=1.00000000
progress grid N=2 step 16000/50266 31.8% t=160.00000 eta_s=2238.4 P=0.21440222 dP=-0.78519428 r12=8.17273042 Vg=0 norm=1.00000000
progress grid N=2 step 16250/50266 32.3% t=162.50000 eta_s=2222.8 P=0.20407233 dP=-0.79552418 r12=8.16302126 Vg=0 norm=1.00000000
progress grid N=2 step 16500/50266 32.8% t=165.00000 eta_s=2207.2 P=0.19219643 dP=-0.80740007 r12=8.15319941 Vg=0 norm=1.00000000
progress grid N=2 step 16750/50266 33.3% t=167.50000 eta_s=2191.3 P=0.18061192 dP=-0.81898458 r12=8.14317343 Vg=0 norm=1.00000000
progress grid N=2 step 17000/50266 33.8% t=170.00000 eta_s=2175.7 P=0.17099747 dP=-0.82859903 r12=8.13365306 Vg=0 norm=1.00000000
progress grid N=2 step 17250/50266 34.3% t=172.50000 eta_s=2159.8 P=0.16279635 dP=-0.83680015 r12=8.12756855 Vg=0 norm=1.00000000
progress grid N=2 step 17500/50266 34.8% t=175.00000 eta_s=2142.3 P=0.15910553 dP=-0.84049097 r12=8.12338774 Vg=0 norm=1.00000000
progress grid N=2 step 17750/50266 35.3% t=177.50000 eta_s=2124.6 P=0.15622440 dP=-0.84337211 r12=8.12222800 Vg=0 norm=1.00000000
progress grid N=2 step 18000/50266 35.8% t=180.00000 eta_s=2107.0 P=0.15440676 dP=-0.84518974 r12=8.12074015 Vg=0 norm=1.00000000
progress grid N=2 step 18250/50266 36.3% t=182.50000 eta_s=2089.8 P=0.15054172 dP=-0.84905478 r12=8.11766123 Vg=0 norm=1.00000000
progress grid N=2 step 18500/50266 36.8% t=185.00000 eta_s=2074.0 P=0.14362321 dP=-0.85597329 r12=8.11225551 Vg=0 norm=1.00000000
progress grid N=2 step 18750/50266 37.3% t=187.50000 eta_s=2057.0 P=0.13616499 dP=-0.86343151 r12=8.10520212 Vg=0 norm=1.00000000
progress grid N=2 step 19000/50266 37.8% t=190.00000 eta_s=2040.8 P=0.12932128 dP=-0.87027522 r12=8.10021006 Vg=0 norm=1.00000000
progress grid N=2 step 19250/50266 38.3% t=192.50000 eta_s=2024.9 P=0.12727913 dP=-0.87231737 r12=8.09843547 Vg=0 norm=1.00000000
progress grid N=2 step 19500/50266 38.8% t=195.00000 eta_s=2007.6 P=0.12657739 dP=-0.87301911 r12=8.09945309 Vg=0 norm=1.00000000
progress grid N=2 step 19750/50266 39.3% t=197.50000 eta_s=1990.0 P=0.12539957 dP=-0.87419693 r12=8.09875494 Vg=0 norm=1.00000000
progress grid N=2 step 20000/50266 39.8% t=200.00000 eta_s=1972.5 P=0.11961749 dP=-0.87997901 r12=8.09475463 Vg=0 norm=1.00000000
progress grid N=2 step 20250/50266 40.3% t=202.50000 eta_s=1955.1 P=0.11268608 dP=-0.88691042 r12=8.08953760 Vg=0 norm=1.00000000
progress grid N=2 step 20500/50266 40.8% t=205.00000 eta_s=1937.7 P=0.10922242 dP=-0.89037408 r12=8.08775224 Vg=0 norm=1.00000000
progress grid N=2 step 20750/50266 41.3% t=207.50000 eta_s=1920.3 P=0.10937747 dP=-0.89021903 r12=8.08915094 Vg=0 norm=1.00000000
progress grid N=2 step 21000/50266 41.8% t=210.00000 eta_s=1903.4 P=0.10716612 dP=-0.89243039 r12=8.08832742 Vg=0 norm=1.00000000
progress grid N=2 step 21250/50266 42.3% t=212.50000 eta_s=1887.5 P=0.09981481 dP=-0.89978170 r12=8.08395812 Vg=0 norm=1.00000000
progress grid N=2 step 21500/50266 42.8% t=215.00000 eta_s=1871.1 P=0.09537719 dP=-0.90421932 r12=8.08192044 Vg=0 norm=1.00000000
progress grid N=2 step 21750/50266 43.3% t=217.50000 eta_s=1855.4 P=0.09533449 dP=-0.90426201 r12=8.08353583 Vg=0 norm=1.00000000
progress grid N=2 step 22000/50266 43.8% t=220.00000 eta_s=1839.7 P=0.09080489 dP=-0.90879161 r12=8.08161176 Vg=0 norm=1.00000000
progress grid N=2 step 22250/50266 44.3% t=222.50000 eta_s=1824.0 P=0.08300671 dP=-0.91658979 r12=8.07826691 Vg=0 norm=1.00000000
progress grid N=2 step 22500/50266 44.8% t=225.00000 eta_s=1808.1 P=0.08226850 dP=-0.91732800 r12=8.07943884 Vg=0 norm=1.00000000
progress grid N=2 step 22750/50266 45.3% t=227.50000 eta_s=1791.6 P=0.07676703 dP=-0.92282947 r12=8.07792935 Vg=0 norm=1.00000000
progress grid N=2 step 23000/50266 45.8% t=230.00000 eta_s=1774.9 P=0.06867604 dP=-0.93092047 r12=8.07577008 Vg=0 norm=1.00000000
progress grid N=2 step 23250/50266 46.3% t=232.50000 eta_s=1757.7 P=0.06749896 dP=-0.93209754 r12=8.07662854 Vg=0 norm=1.00000000
progress grid N=2 step 23500/50266 46.8% t=235.00000 eta_s=1740.2 P=0.05615735 dP=-0.94343915 r12=8.07394943 Vg=0 norm=1.00000000
progress grid N=2 step 23750/50266 47.2% t=237.50000 eta_s=1722.6 P=0.05360434 dP=-0.94599216 r12=8.07456899 Vg=0 norm=1.00000000
progress grid N=2 step 24000/50266 47.7% t=240.00000 eta_s=1705.5 P=0.04173673 dP=-0.95785977 r12=8.07265267 Vg=0 norm=1.00000000
progress grid N=2 step 24250/50266 48.2% t=242.50000 eta_s=1688.7 P=0.03720413 dP=-0.96239238 r12=8.07296663 Vg=0 norm=1.00000000
progress grid N=2 step 24500/50266 48.7% t=245.00000 eta_s=1671.2 P=0.02341402 dP=-0.97618249 r12=8.07179519 Vg=0 norm=1.00000000
progress grid N=2 step 24750/50266 49.2% t=247.50000 eta_s=1653.9 P=0.01900864 dP=-0.98058786 r12=8.07175513 Vg=0 norm=1.00000000
progress grid N=2 step 25000/50266 49.7% t=250.00000 eta_s=1637.0 P=0.00218289 dP=-0.99741361 r12=8.07162567 Vg=0 norm=1.00000000
progress grid N=2 step 25250/50266 50.2% t=252.50000 eta_s=1619.4 P=-0.00099770 dP=-1.00059420 r12=8.07125030 Vg=0 norm=1.00000000
progress grid N=2 step 25500/50266 50.7% t=255.00000 eta_s=1601.5 P=-0.01868676 dP=-1.01828326 r12=8.07193149 Vg=0 norm=1.00000000
progress grid N=2 step 25750/50266 51.2% t=257.50000 eta_s=1584.1 P=-0.02164865 dP=-1.02124515 r12=8.07176017 Vg=0 norm=1.00000000
progress grid N=2 step 26000/50266 51.7% t=260.00000 eta_s=1566.9 P=-0.03718994 dP=-1.03678645 r12=8.07293473 Vg=0 norm=1.00000000
progress grid N=2 step 26250/50266 52.2% t=262.50000 eta_s=1550.7 P=-0.04021435 dP=-1.03981085 r12=8.07272493 Vg=0 norm=1.00000000
progress grid N=2 step 26500/50266 52.7% t=265.00000 eta_s=1534.7 P=-0.05321429 dP=-1.05281080 r12=8.07484601 Vg=0 norm=1.00000000
progress grid N=2 step 26750/50266 53.2% t=267.50000 eta_s=1518.6 P=-0.05534434 dP=-1.05494085 r12=8.07414431 Vg=0 norm=1.00000000
progress grid N=2 step 27000/50266 53.7% t=270.00000 eta_s=1502.9 P=-0.06645821 dP=-1.06605471 r12=8.07722911 Vg=0 norm=1.00000000
progress grid N=2 step 27250/50266 54.2% t=272.50000 eta_s=1487.3 P=-0.06865370 dP=-1.06825021 r12=8.07634416 Vg=0 norm=1.00000000
progress grid N=2 step 27500/50266 54.7% t=275.00000 eta_s=1471.6 P=-0.07536558 dP=-1.07496208 r12=8.07860902 Vg=0 norm=1.00000000
progress grid N=2 step 27750/50266 55.2% t=277.50000 eta_s=1455.9 P=-0.08215780 dP=-1.08175430 r12=8.08026805 Vg=0 norm=1.00000000
progress grid N=2 step 28000/50266 55.7% t=280.00000 eta_s=1440.2 P=-0.08243941 dP=-1.08203591 r12=8.07930297 Vg=0 norm=1.00000000
progress grid N=2 step 28250/50266 56.2% t=282.50000 eta_s=1424.5 P=-0.08979549 dP=-1.08939200 r12=8.08227873 Vg=0 norm=1.00000000
progress grid N=2 step 28500/50266 56.7% t=285.00000 eta_s=1408.7 P=-0.09485240 dP=-1.09444890 r12=8.08501437 Vg=0 norm=1.00000000
progress grid N=2 step 28750/50266 57.2% t=287.50000 eta_s=1393.0 P=-0.09531183 dP=-1.09490833 r12=8.08343539 Vg=0 norm=1.00000000
progress grid N=2 step 29000/50266 57.7% t=290.00000 eta_s=1377.2 P=-0.09899576 dP=-1.09859226 r12=8.08554916 Vg=0 norm=1.00000000
progress grid N=2 step 29250/50266 58.2% t=292.50000 eta_s=1361.4 P=-0.10601192 dP=-1.10560843 r12=8.08995195 Vg=0 norm=1.00000000
progress grid N=2 step 29500/50266 58.7% t=295.00000 eta_s=1345.3 P=-0.10937306 dP=-1.10896956 r12=8.09154391 Vg=0 norm=1.00000000
progress grid N=2 step 29750/50266 59.2% t=297.50000 eta_s=1328.7 P=-0.10891241 dP=-1.10850891 r12=8.09030557 Vg=0 norm=1.00000000
progress grid N=2 step 30000/50266 59.7% t=300.00000 eta_s=1312.2 P=-0.11233724 dP=-1.11193375 r12=8.09213579 Vg=0 norm=1.00000000
progress grid N=2 step 30250/50266 60.2% t=302.50000 eta_s=1295.6 P=-0.11813270 dP=-1.11772920 r12=8.09745566 Vg=0 norm=1.00000000
progress grid N=2 step 30500/50266 60.7% t=305.00000 eta_s=1279.1 P=-0.12490680 dP=-1.12450331 r12=8.10199677 Vg=0 norm=1.00000000
progress grid N=2 step 30750/50266 61.2% t=307.50000 eta_s=1263.2 P=-0.12620506 dP=-1.12580156 r12=8.10360365 Vg=0 norm=1.00000000
progress grid N=2 step 31000/50266 61.7% t=310.00000 eta_s=1246.9 P=-0.12732745 dP=-1.12692396 r12=8.10299032 Vg=0 norm=1.00000000
progress grid N=2 step 31250/50266 62.2% t=312.50000 eta_s=1231.0 P=-0.12909767 dP=-1.12869418 r12=8.10497812 Vg=0 norm=1.00000000
progress grid N=2 step 31500/50266 62.7% t=315.00000 eta_s=1214.4 P=-0.13492057 dP=-1.13451707 r12=8.11011880 Vg=0 norm=1.00000000
progress grid N=2 step 31750/50266 63.2% t=317.50000 eta_s=1197.9 P=-0.14270097 dP=-1.14229747 r12=8.11766983 Vg=0 norm=1.00000000
progress grid N=2 step 32000/50266 63.7% t=320.00000 eta_s=1181.3 P=-0.14906818 dP=-1.14866469 r12=8.12404036 Vg=0 norm=1.00000000
progress grid N=2 step 32250/50266 64.2% t=322.50000 eta_s=1164.8 P=-0.15429021 dP=-1.15388672 r12=8.12788447 Vg=0 norm=1.00000000
progress grid N=2 step 32500/50266 64.7% t=325.00000 eta_s=1148.3 P=-0.15598783 dP=-1.15558434 r12=8.13064368 Vg=0 norm=1.00000000
progress grid N=2 step 32750/50266 65.2% t=327.50000 eta_s=1131.4 P=-0.15911922 dP=-1.15871572 r12=8.13253947 Vg=0 norm=1.00000000
progress grid N=2 step 33000/50266 65.7% t=330.00000 eta_s=1114.6 P=-0.16290102 dP=-1.16249752 r12=8.13721409 Vg=0 norm=1.00000000
progress grid N=2 step 33250/50266 66.1% t=332.50000 eta_s=1098.0 P=-0.16971997 dP=-1.16931648 r12=8.14434286 Vg=0 norm=1.00000000
progress grid N=2 step 33500/50266 66.6% t=335.00000 eta_s=1081.6 P=-0.17970901 dP=-1.17930551 r12=8.15411845 Vg=0 norm=1.00000000
progress grid N=2 step 33750/50266 67.1% t=337.50000 eta_s=1065.0 P=-0.19015453 dP=-1.18975104 r12=8.16574675 Vg=0 norm=1.00000000
progress grid N=2 step 34000/50266 67.6% t=340.00000 eta_s=1049.0 P=-0.20242708 dP=-1.20202358 r12=8.17641706 Vg=0 norm=1.00000000
progress grid N=2 step 34250/50266 68.1% t=342.50000 eta_s=1032.9 P=-0.21305183 dP=-1.21264833 r12=8.18771256 Vg=0 norm=1.00000000
progress grid N=2 step 34500/50266 68.6% t=345.00000 eta_s=1017.0 P=-0.22352274 dP=-1.22311924 r12=8.19693478 Vg=0 norm=1.00000000
progress grid N=2 step 34750/50266 69.1% t=347.50000 eta_s=1001.1 P=-0.23357987 dP=-1.23317637 r12=8.20594774 Vg=0 norm=1.00000000
progress grid N=2 step 35000/50266 69.6% t=350.00000 eta_s=985.2 P=-0.24303113 dP=-1.24262763 r12=8.21580810 Vg=0 norm=1.00000000
progress grid N=2 step 35250/50266 70.1% t=352.50000 eta_s=969.3 P=-0.25476069 dP=-1.25435720 r12=8.22474007 Vg=0 norm=1.00000000
progress grid N=2 step 35500/50266 70.6% t=355.00000 eta_s=953.2 P=-0.26738877 dP=-1.26698528 r12=8.23703921 Vg=0 norm=1.00000000
progress grid N=2 step 35750/50266 71.1% t=357.50000 eta_s=936.7 P=-0.28321887 dP=-1.28281537 r12=8.24962015 Vg=0 norm=1.00000000
progress grid N=2 step 36000/50266 71.6% t=360.00000 eta_s=920.2 P=-0.30235999 dP=-1.30195650 r12=8.26373446 Vg=0 norm=1.00000000
progress grid N=2 step 36250/50266 72.1% t=362.50000 eta_s=903.7 P=-0.32394875 dP=-1.32354525 r12=8.28019715 Vg=0 norm=1.00000000
progress grid N=2 step 36500/50266 72.6% t=365.00000 eta_s=887.4 P=-0.34954677 dP=-1.34914327 r12=8.29435716 Vg=0 norm=1.00000000
progress grid N=2 step 36750/50266 73.1% t=367.50000 eta_s=871.2 P=-0.37740163 dP=-1.37699813 r12=8.31022537 Vg=0 norm=1.00000000
progress grid N=2 step 37000/50266 73.6% t=370.00000 eta_s=855.0 P=-0.40754429 dP=-1.40714079 r12=8.32267176 Vg=0 norm=1.00000000
progress grid N=2 step 37250/50266 74.1% t=372.50000 eta_s=838.8 P=-0.43992186 dP=-1.43951836 r12=8.33196202 Vg=0 norm=1.00000000
progress grid N=2 step 37500/50266 74.6% t=375.00000 eta_s=822.4 P=-0.47293604 dP=-1.47253254 r12=8.34016523 Vg=0 norm=1.00000000
progress grid N=2 step 37750/50266 75.1% t=377.50000 eta_s=806.2 P=-0.50661839 dP=-1.50621489 r12=8.34135121 Vg=0 norm=1.00000000
progress grid N=2 step 38000/50266 75.6% t=380.00000 eta_s=790.0 P=-0.54044300 dP=-1.54003951 r12=8.34149286 Vg=0 norm=1.00000000
progress grid N=2 step 38250/50266 76.1% t=382.50000 eta_s=774.0 P=-0.57300137 dP=-1.57259787 r12=8.33702060 Vg=0 norm=1.00000000
progress grid N=2 step 38500/50266 76.6% t=385.00000 eta_s=757.9 P=-0.60438221 dP=-1.60397871 r12=8.32805897 Vg=0 norm=1.00000000
progress grid N=2 step 38750/50266 77.1% t=387.50000 eta_s=741.9 P=-0.63402293 dP=-1.63361944 r12=8.31965213 Vg=0 norm=1.00000000
progress grid N=2 step 39000/50266 77.6% t=390.00000 eta_s=726.0 P=-0.66039606 dP=-1.65999256 r12=8.30654177 Vg=0 norm=1.00000000
progress grid N=2 step 39250/50266 78.1% t=392.50000 eta_s=710.0 P=-0.68460800 dP=-1.68420451 r12=8.29497763 Vg=0 norm=1.00000000
progress grid N=2 step 39500/50266 78.6% t=395.00000 eta_s=694.0 P=-0.70529804 dP=-1.70489454 r12=8.28363684 Vg=0 norm=1.00000000
progress grid N=2 step 39750/50266 79.1% t=397.50000 eta_s=678.0 P=-0.72240852 dP=-1.72200502 r12=8.27178320 Vg=0 norm=1.00000000
progress grid N=2 step 40000/50266 79.6% t=400.00000 eta_s=662.0 P=-0.73759043 dP=-1.73718693 r12=8.26402538 Vg=0 norm=1.00000000
progress grid N=2 step 40250/50266 80.1% t=402.50000 eta_s=646.0 P=-0.74922316 dP=-1.74881966 r12=8.25501671 Vg=0 norm=1.00000000
progress grid N=2 step 40500/50266 80.6% t=405.00000 eta_s=630.0 P=-0.76009976 dP=-1.75969627 r12=8.24841810 Vg=0 norm=1.00000000
progress grid N=2 step 40750/50266 81.1% t=407.50000 eta_s=614.0 P=-0.77015533 dP=-1.76975184 r12=8.24207752 Vg=0 norm=1.00000000
progress grid N=2 step 41000/50266 81.6% t=410.00000 eta_s=598.0 P=-0.77974157 dP=-1.77933807 r12=8.23391343 Vg=0 norm=1.00000000
progress grid N=2 step 41250/50266 82.1% t=412.50000 eta_s=582.0 P=-0.79118183 dP=-1.79077834 r12=8.22679829 Vg=0 norm=1.00000000
progress grid N=2 step 41500/50266 82.6% t=415.00000 eta_s=565.9 P=-0.80192180 dP=-1.80151830 r12=8.21663952 Vg=0 norm=1.00000000
progress grid N=2 step 41750/50266 83.1% t=417.50000 eta_s=549.9 P=-0.81393786 dP=-1.81353436 r12=8.20732432 Vg=0 norm=1.00000000
progress grid N=2 step 42000/50266 83.6% t=420.00000 eta_s=533.8 P=-0.82435368 dP=-1.82395018 r12=8.19835800 Vg=0 norm=1.00000000
progress grid N=2 step 42250/50266 84.1% t=422.50000 eta_s=517.8 P=-0.83240047 dP=-1.83199697 r12=8.19082208 Vg=0 norm=1.00000000
progress grid N=2 step 42500/50266 84.6% t=425.00000 eta_s=501.7 P=-0.83875435 dP=-1.83835085 r12=8.18720751 Vg=0 norm=1.00000000
progress grid N=2 step 42750/50266 85.0% t=427.50000 eta_s=485.7 P=-0.84105634 dP=-1.84065284 r12=8.18463922 Vg=0 norm=1.00000000
progress grid N=2 step 43000/50266 85.5% t=430.00000 eta_s=469.5 P=-0.84413305 dP=-1.84372955 r12=8.18455148 Vg=0 norm=1.00000000
progress grid N=2 step 43250/50266 86.0% t=432.50000 eta_s=453.4 P=-0.84693676 dP=-1.84653327 r12=8.18237632 Vg=0 norm=1.00000000
progress grid N=2 step 43500/50266 86.5% t=435.00000 eta_s=437.3 P=-0.85274307 dP=-1.85233958 r12=8.17802852 Vg=0 norm=1.00000000
progress grid N=2 step 43750/50266 87.0% t=437.50000 eta_s=421.1 P=-0.86041791 dP=-1.86001442 r12=8.17206050 Vg=0 norm=1.00000000
progress grid N=2 step 44000/50266 87.5% t=440.00000 eta_s=405.0 P=-0.86692267 dP=-1.86651917 r12=8.16576466 Vg=0 norm=1.00000000
progress grid N=2 step 44250/50266 88.0% t=442.50000 eta_s=388.9 P=-0.87182703 dP=-1.87142353 r12=8.16337722 Vg=0 norm=1.00000000
progress grid N=2 step 44500/50266 88.5% t=445.00000 eta_s=372.7 P=-0.87195382 dP=-1.87155033 r12=8.16345225 Vg=0 norm=1.00000000
progress grid N=2 step 44750/50266 89.0% t=447.50000 eta_s=356.6 P=-0.87361974 dP=-1.87321624 r12=8.16470663 Vg=0 norm=1.00000000
progress grid N=2 step 45000/50266 89.5% t=450.00000 eta_s=340.4 P=-0.87681006 dP=-1.87640657 r12=8.16198190 Vg=0 norm=1.00000000
progress grid N=2 step 45250/50266 90.0% t=452.50000 eta_s=324.1 P=-0.88410740 dP=-1.88370391 r12=8.15701554 Vg=0 norm=1.00000000
progress grid N=2 step 45500/50266 90.5% t=455.00000 eta_s=307.9 P=-0.88903994 dP=-1.88863645 r12=8.15345097 Vg=0 norm=1.00000000
progress grid N=2 step 45750/50266 91.0% t=457.50000 eta_s=291.7 P=-0.89011092 dP=-1.88970742 r12=8.15428403 Vg=0 norm=1.00000000
progress grid N=2 step 46000/50266 91.5% t=460.00000 eta_s=275.6 P=-0.89092117 dP=-1.89051767 r12=8.15533268 Vg=0 norm=1.00000000
progress grid N=2 step 46250/50266 92.0% t=462.50000 eta_s=259.4 P=-0.89605622 dP=-1.89565273 r12=8.15209411 Vg=0 norm=1.00000000
progress grid N=2 step 46500/50266 92.5% t=465.00000 eta_s=243.3 P=-0.90297977 dP=-1.90257627 r12=8.14832642 Vg=0 norm=1.00000000
progress grid N=2 step 46750/50266 93.0% t=467.50000 eta_s=227.2 P=-0.90383882 dP=-1.90343532 r12=8.14903911 Vg=0 norm=1.00000000
progress grid N=2 step 47000/50266 93.5% t=470.00000 eta_s=211.1 P=-0.90604201 dP=-1.90563851 r12=8.14972846 Vg=0 norm=1.00000000
progress grid N=2 step 47250/50266 94.0% t=472.50000 eta_s=194.9 P=-0.91310143 dP=-1.91269793 r12=8.14574722 Vg=0 norm=1.00000000
progress grid N=2 step 47500/50266 94.5% t=475.00000 eta_s=178.8 P=-0.91757316 dP=-1.91716967 r12=8.14509593 Vg=0 norm=1.00000000
progress grid N=2 step 47750/50266 95.0% t=477.50000 eta_s=162.7 P=-0.91864060 dP=-1.91823710 r12=8.14593235 Vg=0 norm=1.00000000
progress grid N=2 step 48000/50266 95.5% t=480.00000 eta_s=146.5 P=-0.92821864 dP=-1.92781514 r12=8.14269700 Vg=0 norm=1.00000000
progress grid N=2 step 48250/50266 96.0% t=482.50000 eta_s=130.4 P=-0.93071737 dP=-1.93031388 r12=8.14331687 Vg=0 norm=1.00000000
progress grid N=2 step 48500/50266 96.5% t=485.00000 eta_s=114.2 P=-0.93744186 dP=-1.93703836 r12=8.14204772 Vg=0 norm=1.00000000
progress grid N=2 step 48750/50266 97.0% t=487.50000 eta_s=98.1 P=-0.94560384 dP=-1.94520034 r12=8.14089268 Vg=0 norm=1.00000000
progress grid N=2 step 49000/50266 97.5% t=490.00000 eta_s=81.9 P=-0.95005145 dP=-1.94964795 r12=8.14077242 Vg=0 norm=1.00000000
progress grid N=2 step 49250/50266 98.0% t=492.50000 eta_s=65.7 P=-0.96207782 dP=-1.96167432 r12=8.13947800 Vg=0 norm=1.00000000
progress grid N=2 step 49500/50266 98.5% t=495.00000 eta_s=49.6 P=-0.96675866 dP=-1.96635516 r12=8.13928016 Vg=0 norm=1.00000000
progress grid N=2 step 49750/50266 99.0% t=497.50000 eta_s=33.4 P=-0.98032105 dP=-1.97991755 r12=8.13884518 Vg=0 norm=1.00000000
progress grid N=2 step 50000/50266 99.5% t=500.00000 eta_s=17.2 P=-0.98733522 dP=-1.98693172 r12=8.13845335 Vg=0 norm=1.00000000
progress grid N=2 step 50250/50266 100.0% t=502.50000 eta_s=1.0 P=-0.99938440 dP=-1.99898091 r12=8.13853495 Vg=0 norm=1.00000000
progress grid N=2 step 50266/50266 100.0% t=502.65482 eta_s=0.0 P=-0.99931686 dP=-1.99891336 r12=8.13852979 Vg=0 norm=1.00000000
[write] out/vs3_n2_dt0p01_T160pi/grid_ref/free/g1024_dt0p01_T160pi/n2_grid_reference_vs3_free_g1024_dt0p01_T160pi.npz (2012 samples, grid=1024)
[write] out/vs3_n2_dt0p01_T160pi/grid_ref/free/g1024_dt0p01_T160pi/n2_grid_reference_vs3_free_g1024_dt0p01_T160pi.csv
end_time=2026-07-08T23:39:49+08:00
