job_id=604164
array_task_id=1
mode=gauss
job_name=vs3n2grid
partition=epyc
node_list=cent
submit_dir=/home/gyqyan/zexuan/ecg1d_code/1D_thouless_pumping
workdir=/home/gyqyan/zexuan/ecg1d_code/1D_thouless_pumping
cpus_per_task=32
mem_per_node=16384
time_limit=unset
grid=1024
dt=0.01
tmax=502.6548245743669
period=502.6548245743669
vs_over_Er=3.0
vl_over_Er=3.0
g_over_Er=0.3
fft_workers=32
start_time=2026-07-08T22:45:51+08:00
[config] grid=1024 dt=0.01 tmax=502.6548245743669 Vs/Er=3.0 Vl/Er=3.0 g/Er=0.3 fft_backend=scipy.fft fft_workers=32
progress grid N=2 step 250/50266 0.5% t=2.50000 eta_s=2873.5 P=0.98922486 dP=-0.01037165 r12=8.04593008 Vg=9.1701041e-07 norm=1.00000000
progress grid N=2 step 500/50266 1.0% t=5.00000 eta_s=2864.4 P=0.98027332 dP=-0.01932318 r12=8.04731786 Vg=8.702396e-07 norm=1.00000000
progress grid N=2 step 750/50266 1.5% t=7.50000 eta_s=2845.2 P=0.96873868 dP=-0.03085783 r12=8.04955590 Vg=9.7838091e-07 norm=1.00000000
progress grid N=2 step 1000/50266 2.0% t=10.00000 eta_s=2826.4 P=0.96213966 dP=-0.03745685 r12=8.05223372 Vg=1.0446638e-06 norm=1.00000000
progress grid N=2 step 1250/50266 2.5% t=12.50000 eta_s=2808.4 P=0.95135775 dP=-0.04823875 r12=8.05525569 Vg=1.1280761e-06 norm=1.00000000
progress grid N=2 step 1500/50266 3.0% t=15.00000 eta_s=2791.0 P=0.94621515 dP=-0.05338136 r12=8.05513223 Vg=1.1168483e-06 norm=1.00000000
progress grid N=2 step 1750/50266 3.5% t=17.50000 eta_s=2775.4 P=0.93798659 dP=-0.06160991 r12=8.05421025 Vg=9.9354088e-07 norm=1.00000000
progress grid N=2 step 2000/50266 4.0% t=20.00000 eta_s=2759.2 P=0.93213324 dP=-0.06746326 r12=8.05395993 Vg=8.6888142e-07 norm=1.00000000
progress grid N=2 step 2250/50266 4.5% t=22.50000 eta_s=2719.7 P=0.92782663 dP=-0.07176988 r12=8.05247400 Vg=9.2131542e-07 norm=1.00000000
progress grid N=2 step 2500/50266 5.0% t=25.00000 eta_s=2680.8 P=0.92070668 dP=-0.07888982 r12=8.05491009 Vg=8.7622529e-07 norm=1.00000000
progress grid N=2 step 2750/50266 5.5% t=27.50000 eta_s=2648.2 P=0.91681868 dP=-0.08277782 r12=8.05457202 Vg=1.0023857e-06 norm=1.00000000
progress grid N=2 step 3000/50266 6.0% t=30.00000 eta_s=2626.7 P=0.91476177 dP=-0.08483473 r12=8.05609726 Vg=1.0628564e-06 norm=1.00000000
progress grid N=2 step 3250/50266 6.5% t=32.50000 eta_s=2615.1 P=0.90596362 dP=-0.09363289 r12=8.06055855 Vg=6.7724165e-07 norm=1.00000000
progress grid N=2 step 3500/50266 7.0% t=35.00000 eta_s=2593.0 P=0.90535923 dP=-0.09423727 r12=8.06225794 Vg=6.2288434e-07 norm=1.00000000
progress grid N=2 step 3750/50266 7.5% t=37.50000 eta_s=2582.7 P=0.90219266 dP=-0.09740385 r12=8.06299489 Vg=8.0217231e-07 norm=1.00000000
progress grid N=2 step 4000/50266 8.0% t=40.00000 eta_s=2572.1 P=0.89772765 dP=-0.10186885 r12=8.06685434 Vg=8.9538673e-07 norm=1.00000000
progress grid N=2 step 4250/50266 8.5% t=42.50000 eta_s=2556.7 P=0.89107045 dP=-0.10852605 r12=8.06917372 Vg=6.554862e-07 norm=1.00000000
progress grid N=2 step 4500/50266 9.0% t=45.00000 eta_s=2540.6 P=0.89108246 dP=-0.10851405 r12=8.06811130 Vg=5.7149558e-07 norm=1.00000000
progress grid N=2 step 4750/50266 9.4% t=47.50000 eta_s=2524.9 P=0.88894347 dP=-0.11065303 r12=8.06717341 Vg=7.2512902e-07 norm=1.00000000
progress grid N=2 step 5000/50266 9.9% t=50.00000 eta_s=2509.2 P=0.88461969 dP=-0.11497681 r12=8.06966064 Vg=1.1170329e-06 norm=1.00000000
progress grid N=2 step 5250/50266 10.4% t=52.50000 eta_s=2493.2 P=0.87819567 dP=-0.12140084 r12=8.07470249 Vg=1.2139136e-06 norm=1.00000000
progress grid N=2 step 5500/50266 10.9% t=55.00000 eta_s=2478.3 P=0.87391850 dP=-0.12567800 r12=8.07735172 Vg=1.0704658e-06 norm=1.00000000
progress grid N=2 step 5750/50266 11.4% t=57.50000 eta_s=2463.9 P=0.87339506 dP=-0.12620145 r12=8.07900410 Vg=1.1627854e-06 norm=1.00000000
progress grid N=2 step 6000/50266 11.9% t=60.00000 eta_s=2449.3 P=0.87079132 dP=-0.12880518 r12=8.07919425 Vg=1.2252464e-06 norm=1.00000000
progress grid N=2 step 6250/50266 12.4% t=62.50000 eta_s=2429.9 P=0.86825063 dP=-0.13134587 r12=8.08428672 Vg=1.6715435e-06 norm=1.00000000
progress grid N=2 step 6500/50266 12.9% t=65.00000 eta_s=2409.2 P=0.86026716 dP=-0.13932934 r12=8.08948897 Vg=2.1761693e-06 norm=1.00000000
progress grid N=2 step 6750/50266 13.4% t=67.50000 eta_s=2390.9 P=0.85440047 dP=-0.14519603 r12=8.09648088 Vg=3.188489e-06 norm=1.00000000
progress grid N=2 step 7000/50266 13.9% t=70.00000 eta_s=2373.1 P=0.84803911 dP=-0.15155739 r12=8.10071507 Vg=3.548517e-06 norm=1.00000000
progress grid N=2 step 7250/50266 14.4% t=72.50000 eta_s=2356.1 P=0.84475185 dP=-0.15484466 r12=8.10311299 Vg=3.6420363e-06 norm=1.00000000
progress grid N=2 step 7500/50266 14.9% t=75.00000 eta_s=2342.8 P=0.84228012 dP=-0.15731639 r12=8.10563798 Vg=3.8781992e-06 norm=1.00000000
progress grid N=2 step 7750/50266 15.4% t=77.50000 eta_s=2330.7 P=0.83787924 dP=-0.16171726 r12=8.10712673 Vg=4.2962616e-06 norm=1.00000000
progress grid N=2 step 8000/50266 15.9% t=80.00000 eta_s=2315.4 P=0.83342942 dP=-0.16616708 r12=8.11422951 Vg=5.0224797e-06 norm=1.00000000
progress grid N=2 step 8250/50266 16.4% t=82.50000 eta_s=2304.7 P=0.82409129 dP=-0.17550522 r12=8.12053090 Vg=6.1271798e-06 norm=1.00000000
progress grid N=2 step 8500/50266 16.9% t=85.00000 eta_s=2293.1 P=0.81485978 dP=-0.18473672 r12=8.13154332 Vg=8.2247308e-06 norm=1.00000000
progress grid N=2 step 8750/50266 17.4% t=87.50000 eta_s=2281.4 P=0.80358745 dP=-0.19600906 r12=8.14202755 Vg=9.7418779e-06 norm=1.00000000
progress grid N=2 step 9000/50266 17.9% t=90.00000 eta_s=2269.6 P=0.79218379 dP=-0.20741272 r12=8.15153166 Vg=1.131245e-05 norm=1.00000000
progress grid N=2 step 9250/50266 18.4% t=92.50000 eta_s=2257.9 P=0.78228417 dP=-0.21731233 r12=8.16290180 Vg=1.2797344e-05 norm=1.00000000
progress grid N=2 step 9500/50266 18.9% t=95.00000 eta_s=2245.7 P=0.77121338 dP=-0.22838312 r12=8.16976984 Vg=1.3107145e-05 norm=1.00000000
progress grid N=2 step 9750/50266 19.4% t=97.50000 eta_s=2233.7 P=0.76178478 dP=-0.23781173 r12=8.18052298 Vg=1.3545823e-05 norm=1.00000000
progress grid N=2 step 10000/50266 19.9% t=100.00000 eta_s=2221.8 P=0.75038857 dP=-0.24920793 r12=8.18859836 Vg=1.4704365e-05 norm=1.00000000
progress grid N=2 step 10250/50266 20.4% t=102.50000 eta_s=2209.6 P=0.73778967 dP=-0.26180684 r12=8.19868862 Vg=1.5224516e-05 norm=1.00000000
progress grid N=2 step 10500/50266 20.9% t=105.00000 eta_s=2197.0 P=0.72353546 dP=-0.27606104 r12=8.21197672 Vg=1.7033574e-05 norm=1.00000000
progress grid N=2 step 10750/50266 21.4% t=107.50000 eta_s=2184.5 P=0.70526876 dP=-0.29432774 r12=8.22252452 Vg=1.9821544e-05 norm=1.00000000
progress grid N=2 step 11000/50266 21.9% t=110.00000 eta_s=2172.0 P=0.68533463 dP=-0.31426188 r12=8.23913795 Vg=2.2161568e-05 norm=1.00000000
progress grid N=2 step 11250/50266 22.4% t=112.50000 eta_s=2158.8 P=0.66161592 dP=-0.33798058 r12=8.25236696 Vg=2.5780239e-05 norm=1.00000000
progress grid N=2 step 11500/50266 22.9% t=115.00000 eta_s=2145.7 P=0.63499694 dP=-0.36459956 r12=8.26597048 Vg=2.8661555e-05 norm=1.00000000
progress grid N=2 step 11750/50266 23.4% t=117.50000 eta_s=2132.7 P=0.60667782 dP=-0.39291869 r12=8.28083901 Vg=3.1933537e-05 norm=1.00000000
progress grid N=2 step 12000/50266 23.9% t=120.00000 eta_s=2117.1 P=0.57547098 dP=-0.42412552 r12=8.28855690 Vg=3.4406241e-05 norm=1.00000000
progress grid N=2 step 12250/50266 24.4% t=122.50000 eta_s=2100.5 P=0.54322198 dP=-0.45637452 r12=8.29806421 Vg=3.658877e-05 norm=1.00000000
progress grid N=2 step 12500/50266 24.9% t=125.00000 eta_s=2083.8 P=0.51027270 dP=-0.48932380 r12=8.30171624 Vg=4.0040522e-05 norm=1.00000000
progress grid N=2 step 12750/50266 25.4% t=127.50000 eta_s=2067.4 P=0.47643867 dP=-0.52315783 r12=8.30076485 Vg=4.2321389e-05 norm=1.00000000
progress grid N=2 step 13000/50266 25.9% t=130.00000 eta_s=2051.3 P=0.44336762 dP=-0.55622888 r12=8.29945060 Vg=4.7235718e-05 norm=1.00000000
progress grid N=2 step 13250/50266 26.4% t=132.50000 eta_s=2035.2 P=0.41142932 dP=-0.58816718 r12=8.29078974 Vg=5.2083079e-05 norm=1.00000000
progress grid N=2 step 13500/50266 26.9% t=135.00000 eta_s=2019.5 P=0.38036719 dP=-0.61922932 r12=8.28208860 Vg=5.776292e-05 norm=1.00000000
progress grid N=2 step 13750/50266 27.4% t=137.50000 eta_s=2004.5 P=0.35234741 dP=-0.64724909 r12=8.27108832 Vg=6.4475248e-05 norm=1.00000000
progress grid N=2 step 14000/50266 27.9% t=140.00000 eta_s=1991.0 P=0.32670038 dP=-0.67289612 r12=8.25763633 Vg=6.9459648e-05 norm=1.00000000
progress grid N=2 step 14250/50266 28.3% t=142.50000 eta_s=1976.9 P=0.30368831 dP=-0.69590819 r12=8.24661102 Vg=7.4503878e-05 norm=1.00000000
progress grid N=2 step 14500/50266 28.8% t=145.00000 eta_s=1963.3 P=0.28511104 dP=-0.71448547 r12=8.23441196 Vg=7.8297771e-05 norm=1.00000000
progress grid N=2 step 14750/50266 29.3% t=147.50000 eta_s=1950.6 P=0.26842972 dP=-0.73116678 r12=8.22452322 Vg=8.3235604e-05 norm=1.00000000
progress grid N=2 step 15000/50266 29.8% t=150.00000 eta_s=1938.0 P=0.25542512 dP=-0.74417139 r12=8.21629074 Vg=8.9279043e-05 norm=1.00000000
progress grid N=2 step 15250/50266 30.3% t=152.50000 eta_s=1925.2 P=0.24454728 dP=-0.75504923 r12=8.20817681 Vg=9.7654175e-05 norm=1.00000000
progress grid N=2 step 15500/50266 30.8% t=155.00000 eta_s=1912.5 P=0.23406256 dP=-0.76553394 r12=8.20210492 Vg=0.00010805439 norm=1.00000000
progress grid N=2 step 15750/50266 31.3% t=157.50000 eta_s=1899.9 P=0.22529867 dP=-0.77429783 r12=8.19473362 Vg=0.00011730453 norm=1.00000000
progress grid N=2 step 16000/50266 31.8% t=160.00000 eta_s=1887.3 P=0.21440662 dP=-0.78518989 r12=8.18713843 Vg=0.00012617173 norm=1.00000000
progress grid N=2 step 16250/50266 32.3% t=162.50000 eta_s=1874.4 P=0.20395100 dP=-0.79564551 r12=8.17934043 Vg=0.00013396059 norm=1.00000000
progress grid N=2 step 16500/50266 32.8% t=165.00000 eta_s=1861.4 P=0.19224259 dP=-0.80735391 r12=8.16939190 Vg=0.00013838466 norm=1.00000000
progress grid N=2 step 16750/50266 33.3% t=167.50000 eta_s=1848.5 P=0.18037219 dP=-0.81922431 r12=8.16095810 Vg=0.00014123178 norm=1.00000000
progress grid N=2 step 17000/50266 33.8% t=170.00000 eta_s=1835.4 P=0.17142872 dP=-0.82816778 r12=8.15357029 Vg=0.00014163272 norm=1.00000000
progress grid N=2 step 17250/50266 34.3% t=172.50000 eta_s=1820.3 P=0.16293443 dP=-0.83666208 r12=8.14795475 Vg=0.00013854376 norm=1.00000000
progress grid N=2 step 17500/50266 34.8% t=175.00000 eta_s=1805.0 P=0.15949177 dP=-0.84010473 r12=8.14654295 Vg=0.00013804052 norm=1.00000000
progress grid N=2 step 17750/50266 35.3% t=177.50000 eta_s=1789.7 P=0.15653939 dP=-0.84305712 r12=8.14533786 Vg=0.00013997028 norm=1.00000000
progress grid N=2 step 18000/50266 35.8% t=180.00000 eta_s=1774.4 P=0.15426065 dP=-0.84533586 r12=8.14483827 Vg=0.00014153645 norm=1.00000000
progress grid N=2 step 18250/50266 36.3% t=182.50000 eta_s=1759.2 P=0.15049354 dP=-0.84910297 r12=8.14204430 Vg=0.00014610486 norm=1.00000000
progress grid N=2 step 18500/50266 36.8% t=185.00000 eta_s=1743.9 P=0.14307186 dP=-0.85652465 r12=8.13678211 Vg=0.00014875862 norm=1.00000000
progress grid N=2 step 18750/50266 37.3% t=187.50000 eta_s=1728.7 P=0.13626675 dP=-0.86332975 r12=8.13166034 Vg=0.00014846994 norm=1.00000000
progress grid N=2 step 19000/50266 37.8% t=190.00000 eta_s=1714.6 P=0.12903976 dP=-0.87055675 r12=8.12701161 Vg=0.00014384358 norm=1.00000000
progress grid N=2 step 19250/50266 38.3% t=192.50000 eta_s=1701.5 P=0.12758433 dP=-0.87201218 r12=8.12772656 Vg=0.00013939504 norm=1.00000000
progress grid N=2 step 19500/50266 38.8% t=195.00000 eta_s=1687.1 P=0.12650977 dP=-0.87308674 r12=8.12831468 Vg=0.00013585376 norm=1.00000000
progress grid N=2 step 19750/50266 39.3% t=197.50000 eta_s=1674.0 P=0.12518185 dP=-0.87441465 r12=8.12812012 Vg=0.00013667848 norm=1.00000000
progress grid N=2 step 20000/50266 39.8% t=200.00000 eta_s=1661.1 P=0.11935074 dP=-0.88024577 r12=8.12410794 Vg=0.00014087825 norm=1.00000000
progress grid N=2 step 20250/50266 40.3% t=202.50000 eta_s=1648.2 P=0.11243915 dP=-0.88715735 r12=8.11976177 Vg=0.00014073492 norm=1.00000000
progress grid N=2 step 20500/50266 40.8% t=205.00000 eta_s=1635.3 P=0.10948562 dP=-0.89011088 r12=8.11966927 Vg=0.00013658482 norm=1.00000000
progress grid N=2 step 20750/50266 41.3% t=207.50000 eta_s=1622.4 P=0.10907258 dP=-0.89052392 r12=8.12034413 Vg=0.00013205914 norm=1.00000000
progress grid N=2 step 21000/50266 41.8% t=210.00000 eta_s=1609.5 P=0.10718345 dP=-0.89241306 r12=8.12028334 Vg=0.00013339262 norm=1.00000000
progress grid N=2 step 21250/50266 42.3% t=212.50000 eta_s=1596.6 P=0.09936328 dP=-0.90023322 r12=8.11508897 Vg=0.00013577505 norm=1.00000000
progress grid N=2 step 21500/50266 42.8% t=215.00000 eta_s=1583.5 P=0.09573332 dP=-0.90386318 r12=8.11545392 Vg=0.00013635151 norm=1.00000000
progress grid N=2 step 21750/50266 43.3% t=217.50000 eta_s=1570.3 P=0.09493281 dP=-0.90466370 r12=8.11549030 Vg=0.00013255928 norm=1.00000000
progress grid N=2 step 22000/50266 43.8% t=220.00000 eta_s=1557.2 P=0.09088640 dP=-0.90871010 r12=8.11468239 Vg=0.00013394338 norm=1.00000000
progress grid N=2 step 22250/50266 44.3% t=222.50000 eta_s=1544.2 P=0.08267847 dP=-0.91691803 r12=8.11065999 Vg=0.00013681031 norm=1.00000000
progress grid N=2 step 22500/50266 44.8% t=225.00000 eta_s=1530.9 P=0.08253728 dP=-0.91705923 r12=8.11346098 Vg=0.00013471938 norm=1.00000000
progress grid N=2 step 22750/50266 45.3% t=227.50000 eta_s=1517.6 P=0.07629828 dP=-0.92329822 r12=8.10980837 Vg=0.00013442502 norm=1.00000000
progress grid N=2 step 23000/50266 45.8% t=230.00000 eta_s=1502.9 P=0.06899215 dP=-0.93060435 r12=8.11022995 Vg=0.00013994839 norm=1.00000000
progress grid N=2 step 23250/50266 46.3% t=232.50000 eta_s=1488.1 P=0.06708791 dP=-0.93250859 r12=8.10892555 Vg=0.00013708817 norm=1.00000000
progress grid N=2 step 23500/50266 46.8% t=235.00000 eta_s=1473.3 P=0.05630356 dP=-0.94329295 r12=8.10810328 Vg=0.00013944217 norm=1.00000000
progress grid N=2 step 23750/50266 47.2% t=237.50000 eta_s=1458.0 P=0.05341106 dP=-0.94618545 r12=8.10750204 Vg=0.00013920928 norm=1.00000000
progress grid N=2 step 24000/50266 47.7% t=240.00000 eta_s=1442.6 P=0.04166560 dP=-0.95793090 r12=8.10622197 Vg=0.00013925183 norm=1.00000000
progress grid N=2 step 24250/50266 48.2% t=242.50000 eta_s=1427.2 P=0.03720099 dP=-0.96239551 r12=8.10644198 Vg=0.00014084562 norm=1.00000000
progress grid N=2 step 24500/50266 48.7% t=245.00000 eta_s=1411.9 P=0.02325884 dP=-0.97633766 r12=8.10505887 Vg=0.00014159874 norm=1.00000000
progress grid N=2 step 24750/50266 49.2% t=247.50000 eta_s=1396.9 P=0.01896425 dP=-0.98063225 r12=8.10532819 Vg=0.00014195911 norm=1.00000000
progress grid N=2 step 25000/50266 49.7% t=250.00000 eta_s=1382.2 P=0.00217342 dP=-0.99742309 r12=8.10517711 Vg=0.00014356792 norm=1.00000000
progress grid N=2 step 25250/50266 50.2% t=252.50000 eta_s=1368.6 P=-0.00118771 dP=-1.00078422 r12=8.10451594 Vg=0.00014282888 norm=1.00000000
progress grid N=2 step 25500/50266 50.7% t=255.00000 eta_s=1354.4 P=-0.01862046 dP=-1.01821696 r12=8.10596076 Vg=0.00014369832 norm=1.00000000
progress grid N=2 step 25750/50266 51.2% t=257.50000 eta_s=1340.1 P=-0.02183189 dP=-1.02142840 r12=8.10455262 Vg=0.00014213878 norm=1.00000000
progress grid N=2 step 26000/50266 51.7% t=260.00000 eta_s=1326.8 P=-0.03715916 dP=-1.03675566 r12=8.10741617 Vg=0.00014224423 norm=1.00000000
progress grid N=2 step 26250/50266 52.2% t=262.50000 eta_s=1313.5 P=-0.04037618 dP=-1.03997268 r12=8.10532491 Vg=0.00014122819 norm=1.00000000
progress grid N=2 step 26500/50266 52.7% t=265.00000 eta_s=1300.2 P=-0.05316927 dP=-1.05276578 r12=8.10947192 Vg=0.00014066516 norm=1.00000000
progress grid N=2 step 26750/50266 53.2% t=267.50000 eta_s=1286.8 P=-0.05555812 dP=-1.05515463 r12=8.10690083 Vg=0.00013896729 norm=1.00000000
progress grid N=2 step 27000/50266 53.7% t=270.00000 eta_s=1273.5 P=-0.06639055 dP=-1.06598705 r12=8.11176023 Vg=0.00014191821 norm=1.00000000
progress grid N=2 step 27250/50266 54.2% t=272.50000 eta_s=1260.1 P=-0.06889305 dP=-1.06848956 r12=8.10937822 Vg=0.00013816149 norm=1.00000000
progress grid N=2 step 27500/50266 54.7% t=275.00000 eta_s=1246.7 P=-0.07535805 dP=-1.07495456 r12=8.11295544 Vg=0.00014180622 norm=1.00000000
progress grid N=2 step 27750/50266 55.2% t=277.50000 eta_s=1233.4 P=-0.08232074 dP=-1.08191725 r12=8.11379597 Vg=0.00013968168 norm=1.00000000
progress grid N=2 step 28000/50266 55.7% t=280.00000 eta_s=1219.9 P=-0.08242964 dP=-1.08202614 r12=8.11347673 Vg=0.000134359 norm=1.00000000
progress grid N=2 step 28250/50266 56.2% t=282.50000 eta_s=1206.0 P=-0.09006308 dP=-1.08965958 r12=8.11619322 Vg=0.00013734702 norm=1.00000000
progress grid N=2 step 28500/50266 56.7% t=285.00000 eta_s=1192.2 P=-0.09470477 dP=-1.09430127 r12=8.11971522 Vg=0.00013951242 norm=1.00000000
progress grid N=2 step 28750/50266 57.2% t=287.50000 eta_s=1178.5 P=-0.09564903 dP=-1.09524553 r12=8.11707098 Vg=0.00013279474 norm=1.00000000
progress grid N=2 step 29000/50266 57.7% t=290.00000 eta_s=1164.9 P=-0.09902524 dP=-1.09862175 r12=8.12097624 Vg=0.00013042273 norm=1.00000000
progress grid N=2 step 29250/50266 58.2% t=292.50000 eta_s=1151.0 P=-0.10626206 dP=-1.10585857 r12=8.12428423 Vg=0.00013342039 norm=1.00000000
progress grid N=2 step 29500/50266 58.7% t=295.00000 eta_s=1137.2 P=-0.10925992 dP=-1.10885642 r12=8.12771838 Vg=0.00013398531 norm=1.00000000
progress grid N=2 step 29750/50266 59.2% t=297.50000 eta_s=1123.4 P=-0.10919177 dP=-1.10878827 r12=8.12439562 Vg=0.00012754039 norm=1.00000000
progress grid N=2 step 30000/50266 59.7% t=300.00000 eta_s=1109.5 P=-0.11255203 dP=-1.11214853 r12=8.12949608 Vg=0.00012004344 norm=1.00000000
progress grid N=2 step 30250/50266 60.2% t=302.50000 eta_s=1095.8 P=-0.11831663 dP=-1.11791314 r12=8.13297814 Vg=0.00012037677 norm=1.00000000
progress grid N=2 step 30500/50266 60.7% t=305.00000 eta_s=1082.1 P=-0.12513210 dP=-1.12472861 r12=8.14050240 Vg=0.00012170416 norm=1.00000000
progress grid N=2 step 30750/50266 61.2% t=307.50000 eta_s=1068.8 P=-0.12610771 dP=-1.12570421 r12=8.14009617 Vg=0.00012053936 norm=1.00000000
progress grid N=2 step 31000/50266 61.7% t=310.00000 eta_s=1055.4 P=-0.12770830 dP=-1.12730481 r12=8.14184843 Vg=0.00011371071 norm=1.00000000
progress grid N=2 step 31250/50266 62.2% t=312.50000 eta_s=1041.8 P=-0.12901820 dP=-1.12861471 r12=8.14343596 Vg=0.00010635806 norm=1.00000000
progress grid N=2 step 31500/50266 62.7% t=315.00000 eta_s=1028.4 P=-0.13560480 dP=-1.13520130 r12=8.15025352 Vg=9.8136747e-05 norm=1.00000000
progress grid N=2 step 31750/50266 63.2% t=317.50000 eta_s=1015.0 P=-0.14271347 dP=-1.14230997 r12=8.15972518 Vg=9.455488e-05 norm=1.00000000
progress grid N=2 step 32000/50266 63.7% t=320.00000 eta_s=1001.6 P=-0.14939694 dP=-1.14899345 r12=8.16560353 Vg=9.4596746e-05 norm=1.00000000
progress grid N=2 step 32250/50266 64.2% t=322.50000 eta_s=988.2 P=-0.15433699 dP=-1.15393349 r12=8.17201386 Vg=9.3348277e-05 norm=1.00000000
progress grid N=2 step 32500/50266 64.7% t=325.00000 eta_s=974.8 P=-0.15589370 dP=-1.15549021 r12=8.17352993 Vg=9.1912383e-05 norm=1.00000000
progress grid N=2 step 32750/50266 65.2% t=327.50000 eta_s=961.3 P=-0.15939450 dP=-1.15899101 r12=8.17812680 Vg=8.7771547e-05 norm=1.00000000
progress grid N=2 step 33000/50266 65.7% t=330.00000 eta_s=947.4 P=-0.16268026 dP=-1.16227676 r12=8.18271590 Vg=8.1519723e-05 norm=1.00000000
progress grid N=2 step 33250/50266 66.1% t=332.50000 eta_s=933.2 P=-0.17030640 dP=-1.16990290 r12=8.19230839 Vg=7.4298157e-05 norm=1.00000000
progress grid N=2 step 33500/50266 66.6% t=335.00000 eta_s=919.0 P=-0.17967302 dP=-1.17926952 r12=8.20429431 Vg=6.8219942e-05 norm=1.00000000
progress grid N=2 step 33750/50266 67.1% t=337.50000 eta_s=904.9 P=-0.19050179 dP=-1.19009830 r12=8.21656575 Vg=6.3093611e-05 norm=1.00000000
progress grid N=2 step 34000/50266 67.6% t=340.00000 eta_s=890.7 P=-0.20269453 dP=-1.20229103 r12=8.23040271 Vg=6.07142e-05 norm=1.00000000
progress grid N=2 step 34250/50266 68.1% t=342.50000 eta_s=876.5 P=-0.21280329 dP=-1.21239979 r12=8.24168697 Vg=6.1177037e-05 norm=1.00000000
progress grid N=2 step 34500/50266 68.6% t=345.00000 eta_s=862.4 P=-0.22374164 dP=-1.22333815 r12=8.25265369 Vg=6.1717924e-05 norm=1.00000000
progress grid N=2 step 34750/50266 69.1% t=347.50000 eta_s=848.5 P=-0.23304079 dP=-1.23263730 r12=8.26279244 Vg=6.5136222e-05 norm=1.00000000
progress grid N=2 step 35000/50266 69.6% t=350.00000 eta_s=834.9 P=-0.24282314 dP=-1.24241964 r12=8.27303826 Vg=6.801645e-05 norm=1.00000000
progress grid N=2 step 35250/50266 70.1% t=352.50000 eta_s=820.9 P=-0.25435782 dP=-1.25395432 r12=8.28400976 Vg=7.0657733e-05 norm=1.00000000
progress grid N=2 step 35500/50266 70.6% t=355.00000 eta_s=806.9 P=-0.26681099 dP=-1.26640750 r12=8.29732345 Vg=7.4379033e-05 norm=1.00000000
progress grid N=2 step 35750/50266 71.1% t=357.50000 eta_s=793.0 P=-0.28306828 dP=-1.28266478 r12=8.31188247 Vg=7.6603865e-05 norm=1.00000000
progress grid N=2 step 36000/50266 71.6% t=360.00000 eta_s=779.0 P=-0.30183389 dP=-1.30143040 r12=8.32862659 Vg=7.77133e-05 norm=1.00000000
progress grid N=2 step 36250/50266 72.1% t=362.50000 eta_s=765.1 P=-0.32386327 dP=-1.32345978 r12=8.34659651 Vg=7.9186879e-05 norm=1.00000000
progress grid N=2 step 36500/50266 72.6% t=365.00000 eta_s=751.6 P=-0.34943713 dP=-1.34903363 r12=8.36382458 Vg=8.0145993e-05 norm=1.00000000
progress grid N=2 step 36750/50266 73.1% t=367.50000 eta_s=738.0 P=-0.37721213 dP=-1.37680864 r12=8.38161918 Vg=8.1325679e-05 norm=1.00000000
progress grid N=2 step 37000/50266 73.6% t=370.00000 eta_s=724.4 P=-0.40765660 dP=-1.40725310 r12=8.39563216 Vg=8.7500075e-05 norm=1.00000000
progress grid N=2 step 37250/50266 74.1% t=372.50000 eta_s=710.9 P=-0.43973166 dP=-1.43932817 r12=8.40808907 Vg=9.3547073e-05 norm=1.00000000
progress grid N=2 step 37500/50266 74.6% t=375.00000 eta_s=697.5 P=-0.47271001 dP=-1.47230652 r12=8.41654059 Vg=0.00010340334 norm=1.00000000
progress grid N=2 step 37750/50266 75.1% t=377.50000 eta_s=684.1 P=-0.50633462 dP=-1.50593112 r12=8.42047214 Vg=0.00011642439 norm=1.00000000
progress grid N=2 step 38000/50266 75.6% t=380.00000 eta_s=670.6 P=-0.53970035 dP=-1.53929686 r12=8.42203313 Vg=0.0001274397 norm=1.00000000
progress grid N=2 step 38250/50266 76.1% t=382.50000 eta_s=657.1 P=-0.57208749 dP=-1.57168400 r12=8.41778181 Vg=0.00014210118 norm=1.00000000
progress grid N=2 step 38500/50266 76.6% t=385.00000 eta_s=643.7 P=-0.60331143 dP=-1.60290794 r12=8.41243261 Vg=0.0001524154 norm=1.00000000
progress grid N=2 step 38750/50266 77.1% t=387.50000 eta_s=630.2 P=-0.63235411 dP=-1.63195061 r12=8.40340699 Vg=0.00016400522 norm=1.00000000
progress grid N=2 step 39000/50266 77.6% t=390.00000 eta_s=616.6 P=-0.65888062 dP=-1.65847712 r12=8.39311488 Vg=0.00017690746 norm=1.00000000
progress grid N=2 step 39250/50266 78.1% t=392.50000 eta_s=602.8 P=-0.68290893 dP=-1.68250543 r12=8.38353487 Vg=0.00019080833 norm=1.00000000
progress grid N=2 step 39500/50266 78.6% t=395.00000 eta_s=589.0 P=-0.70334530 dP=-1.70294180 r12=8.37235094 Vg=0.0002140415 norm=1.00000000
progress grid N=2 step 39750/50266 79.1% t=397.50000 eta_s=575.2 P=-0.72117053 dP=-1.72076703 r12=8.36479720 Vg=0.000237888 norm=1.00000000
progress grid N=2 step 40000/50266 79.6% t=400.00000 eta_s=561.4 P=-0.73604657 dP=-1.73564307 r12=8.35701561 Vg=0.00026733065 norm=1.00000000
progress grid N=2 step 40250/50266 80.1% t=402.50000 eta_s=547.7 P=-0.74827379 dP=-1.74787030 r12=8.35129646 Vg=0.00029852103 norm=1.00000000
progress grid N=2 step 40500/50266 80.6% t=405.00000 eta_s=533.9 P=-0.75964656 dP=-1.75924307 r12=8.34691976 Vg=0.00032541757 norm=1.00000000
progress grid N=2 step 40750/50266 81.1% t=407.50000 eta_s=520.2 P=-0.76945639 dP=-1.76905289 r12=8.34137012 Vg=0.00035195196 norm=1.00000000
progress grid N=2 step 41000/50266 81.6% t=410.00000 eta_s=506.5 P=-0.77981652 dP=-1.77941302 r12=8.33668842 Vg=0.00037391424 norm=1.00000000
progress grid N=2 step 41250/50266 82.1% t=412.50000 eta_s=492.9 P=-0.79075218 dP=-1.79034869 r12=8.32933536 Vg=0.00039062351 norm=1.00000000
progress grid N=2 step 41500/50266 82.6% t=415.00000 eta_s=479.3 P=-0.80159894 dP=-1.80119544 r12=8.32233319 Vg=0.00040375309 norm=1.00000000
progress grid N=2 step 41750/50266 83.1% t=417.50000 eta_s=465.8 P=-0.81345654 dP=-1.81305304 r12=8.31351161 Vg=0.00041089911 norm=1.00000000
progress grid N=2 step 42000/50266 83.6% t=420.00000 eta_s=452.3 P=-0.82341551 dP=-1.82301201 r12=8.30649805 Vg=0.00041531601 norm=1.00000000
progress grid N=2 step 42250/50266 84.1% t=422.50000 eta_s=438.7 P=-0.83196641 dP=-1.83156291 r12=8.30152281 Vg=0.00042687262 norm=1.00000000
progress grid N=2 step 42500/50266 84.6% t=425.00000 eta_s=425.1 P=-0.83787364 dP=-1.83747015 r12=8.29841697 Vg=0.00043965519 norm=1.00000000
progress grid N=2 step 42750/50266 85.0% t=427.50000 eta_s=411.5 P=-0.84110044 dP=-1.84069694 r12=8.29990334 Vg=0.00045767237 norm=1.00000000
progress grid N=2 step 43000/50266 85.5% t=430.00000 eta_s=397.9 P=-0.84425671 dP=-1.84385321 r12=8.29988101 Vg=0.00047656372 norm=1.00000000
progress grid N=2 step 43250/50266 86.0% t=432.50000 eta_s=384.3 P=-0.84722355 dP=-1.84682005 r12=8.30044174 Vg=0.00048703017 norm=1.00000000
progress grid N=2 step 43500/50266 86.5% t=435.00000 eta_s=370.6 P=-0.85341977 dP=-1.85301627 r12=8.29692969 Vg=0.0004951322 norm=1.00000000
progress grid N=2 step 43750/50266 87.0% t=437.50000 eta_s=357.0 P=-0.86028923 dP=-1.85988574 r12=8.29221441 Vg=0.0004909039 norm=1.00000000
progress grid N=2 step 44000/50266 87.5% t=440.00000 eta_s=343.3 P=-0.86716263 dP=-1.86675913 r12=8.28809885 Vg=0.00048356308 norm=1.00000000
progress grid N=2 step 44250/50266 88.0% t=442.50000 eta_s=329.5 P=-0.87153052 dP=-1.87112703 r12=8.28628429 Vg=0.00047892969 norm=1.00000000
progress grid N=2 step 44500/50266 88.5% t=445.00000 eta_s=315.7 P=-0.87237226 dP=-1.87196876 r12=8.28956079 Vg=0.00048501519 norm=1.00000000
progress grid N=2 step 44750/50266 89.0% t=447.50000 eta_s=302.0 P=-0.87405093 dP=-1.87364743 r12=8.29041803 Vg=0.00049572811 norm=1.00000000
progress grid N=2 step 45000/50266 89.5% t=450.00000 eta_s=288.2 P=-0.87732958 dP=-1.87692608 r12=8.28990824 Vg=0.00050133723 norm=1.00000000
progress grid N=2 step 45250/50266 90.0% t=452.50000 eta_s=274.4 P=-0.88458714 dP=-1.88418365 r12=8.28481687 Vg=0.00050115017 norm=1.00000000
progress grid N=2 step 45500/50266 90.5% t=455.00000 eta_s=260.7 P=-0.88894379 dP=-1.88854030 r12=8.28312938 Vg=0.00048961187 norm=1.00000000
progress grid N=2 step 45750/50266 91.0% t=457.50000 eta_s=247.0 P=-0.89065785 dP=-1.89025436 r12=8.28484977 Vg=0.00048705132 norm=1.00000000
progress grid N=2 step 46000/50266 91.5% t=460.00000 eta_s=233.3 P=-0.89114859 dP=-1.89074509 r12=8.28645003 Vg=0.00049301706 norm=1.00000000
progress grid N=2 step 46250/50266 92.0% t=462.50000 eta_s=219.6 P=-0.89684257 dP=-1.89643907 r12=8.28411955 Vg=0.00050459094 norm=1.00000000
progress grid N=2 step 46500/50266 92.5% t=465.00000 eta_s=205.9 P=-0.90284261 dP=-1.90243911 r12=8.28009505 Vg=0.00049823989 norm=1.00000000
progress grid N=2 step 46750/50266 93.0% t=467.50000 eta_s=192.1 P=-0.90445471 dP=-1.90405121 r12=8.28282370 Vg=0.00049135068 norm=1.00000000
progress grid N=2 step 47000/50266 93.5% t=470.00000 eta_s=178.4 P=-0.90620755 dP=-1.90580406 r12=8.28244575 Vg=0.0004981512 norm=1.00000000
progress grid N=2 step 47250/50266 94.0% t=472.50000 eta_s=164.7 P=-0.91371281 dP=-1.91330932 r12=8.28003805 Vg=0.00050771255 norm=1.00000000
progress grid N=2 step 47500/50266 94.5% t=475.00000 eta_s=150.9 P=-0.91753918 dP=-1.91713569 r12=8.27846706 Vg=0.00050021119 norm=1.00000000
progress grid N=2 step 47750/50266 95.0% t=477.50000 eta_s=137.2 P=-0.91939260 dP=-1.91898910 r12=8.28125056 Vg=0.00050272304 norm=1.00000000
progress grid N=2 step 48000/50266 95.5% t=480.00000 eta_s=123.5 P=-0.92810129 dP=-1.92769780 r12=8.27613970 Vg=0.00051061777 norm=1.00000000
progress grid N=2 step 48250/50266 96.0% t=482.50000 eta_s=109.8 P=-0.93137639 dP=-1.93097290 r12=8.27894153 Vg=0.00050569831 norm=1.00000000
progress grid N=2 step 48500/50266 96.5% t=485.00000 eta_s=96.1 P=-0.93747724 dP=-1.93707374 r12=8.27635313 Vg=0.00051398928 norm=1.00000000
progress grid N=2 step 48750/50266 97.0% t=487.50000 eta_s=82.5 P=-0.94616245 dP=-1.94575895 r12=8.27605575 Vg=0.00051477134 norm=1.00000000
progress grid N=2 step 49000/50266 97.5% t=490.00000 eta_s=68.9 P=-0.95025274 dP=-1.94984924 r12=8.27624346 Vg=0.00051719186 norm=1.00000000
progress grid N=2 step 49250/50266 98.0% t=492.50000 eta_s=55.3 P=-0.96245834 dP=-1.96205484 r12=8.27364850 Vg=0.00052010629 norm=1.00000000
progress grid N=2 step 49500/50266 98.5% t=495.00000 eta_s=41.7 P=-0.96709172 dP=-1.96668822 r12=8.27556028 Vg=0.0005217594 norm=1.00000000
progress grid N=2 step 49750/50266 99.0% t=497.50000 eta_s=28.1 P=-0.98059218 dP=-1.98018869 r12=8.27287776 Vg=0.00052412605 norm=1.00000000
progress grid N=2 step 50000/50266 99.5% t=500.00000 eta_s=14.5 P=-0.98764132 dP=-1.98723782 r12=8.27414408 Vg=0.00052366304 norm=1.00000000
progress grid N=2 step 50250/50266 100.0% t=502.50000 eta_s=0.9 P=-0.99970450 dP=-1.99930101 r12=8.27365090 Vg=0.00052653067 norm=1.00000000
progress grid N=2 step 50266/50266 100.0% t=502.65482 eta_s=0.0 P=-0.99964649 dP=-1.99924299 r12=8.27388554 Vg=0.00052665374 norm=1.00000000
[write] out/vs3_n2_dt0p01_T160pi/grid_ref/gauss/g1024_dt0p01_T160pi/n2_grid_reference_vs3_gauss_g1024_dt0p01_T160pi.npz (2012 samples, grid=1024)
[write] out/vs3_n2_dt0p01_T160pi/grid_ref/gauss/g1024_dt0p01_T160pi/n2_grid_reference_vs3_gauss_g1024_dt0p01_T160pi.csv
end_time=2026-07-08T23:31:27+08:00
