job_id=606448
array_job_id=606448
array_task_id=1
job_name=vs3n2rc6
partition=epyc
node_list=cent
excluded_nodes=bar
workdir=/home/gyqyan/zexuan/ecg1d_code/1D_thouless_pumping
cpus_per_task=32
mem_per_node=16384
binary=./build/ecg1d_vs3_n2_dt001_fine20_rcond
rcond_case=rcond1em6
rcond=1e-6
case_label=gauss_sigma1p000
mode=gauss
sigma=1.0
planning_estimate=fine20 local dt, rcond=1e-6, free+sigma1 only, estimated 241279 steps; requested walltime 96 h
start_time=2026-07-09T23:55:08+08:00
config=legacy_prb_3_3_n2_pathpad_K32_dt0p01_fine20_rcond1em6_gauss_sigma1p000 lambda_C=1.00e-08 rcond=1.00e-06 | TDVP param dimension=256
progress N=2 step 0/241277 0.0% t=0.00000 eta_s=nan E=-2.15315024 P=0.99965889 dP=0.00000000 r12=8.04559382 Vg=0.00000079 norm=1.00000000 rank=-1/256 sv_max=nan resid=nan
initial t=0.00000 tau=0.00000 E=-2.1531502357 <X>/a=0.9996588910 norm=1.0000000000 V_gauss=0.0000007907
progress N=2 step 250/241277 0.1% t=2.50000 eta_s=157216.5 E=-2.14297040 P=0.98907090 dP=-0.01058800 r12=8.04516775 Vg=0.00000092 norm=1.00000000 rank=37/256 sv_max=1.02e+04 resid=1.17e-03
progress N=2 step 500/241277 0.2% t=5.00000 eta_s=160366.9 E=-2.11776661 P=0.98041844 dP=-0.01924045 r12=8.04554255 Vg=0.00000105 norm=1.00000000 rank=36/256 sv_max=1.30e+04 resid=6.02e-03
progress N=2 step 750/241277 0.3% t=7.50000 eta_s=161407.8 E=-2.07651107 P=0.96854070 dP=-0.03111819 r12=8.04680943 Vg=0.00000132 norm=1.00000000 rank=36/256 sv_max=1.70e+04 resid=1.12e-03
progress N=2 step 1000/241277 0.4% t=10.00000 eta_s=160801.3 E=-2.02660647 P=0.96277984 dP=-0.03687905 r12=8.04441790 Vg=0.00000173 norm=1.00000000 rank=33/256 sv_max=2.40e+04 resid=4.29e-03
progress N=2 step 1250/241277 0.5% t=12.50000 eta_s=160706.0 E=-1.96899988 P=0.95088828 dP=-0.04877061 r12=8.05002934 Vg=0.00000214 norm=1.00000000 rank=34/256 sv_max=2.44e+04 resid=1.48e-03
progress N=2 step 1500/241277 0.6% t=15.00000 eta_s=160480.9 E=-1.90969771 P=0.94729081 dP=-0.05236808 r12=8.04587724 Vg=0.00000286 norm=1.00000000 rank=34/256 sv_max=2.40e+04 resid=5.44e-03
