job_id=606287
job_name=vs3n2htmlfu
partition=epyc
node_list=gyro
submit_dir=/home/gyqyan/zexuan/ecg1d_code/1D_thouless_pumping
workdir=/home/gyqyan/zexuan/ecg1d_code/1D_thouless_pumping
cpus_per_task=1
mem_per_node=2048
reports=full20
refresh_interval_seconds=600
start_time=2026-07-09T22:02:42+08:00
[2026-07-09 22:02:42] cycle=1 start
[2026-07-09 22:02:42] refresh rice_mele_reference/make_vs3_n2_k32_sweep_full20_live_report.py
2026-07-09 22:02:47 /home/gyqyan/zexuan/ecg1d_code/1D_thouless_pumping/vs3_n2_k32_sweep_full20_live_report.html
[2026-07-09 22:02:47] return_code=0
[2026-07-09 22:02:47] cycle=1 done last_rc=0
[2026-07-09 22:12:47] cycle=2 start
[2026-07-09 22:12:47] refresh rice_mele_reference/make_vs3_n2_k32_sweep_full20_live_report.py
2026-07-09 22:12:52 /home/gyqyan/zexuan/ecg1d_code/1D_thouless_pumping/vs3_n2_k32_sweep_full20_live_report.html
[2026-07-09 22:12:53] return_code=0
[2026-07-09 22:12:53] cycle=2 done last_rc=0
[2026-07-09 22:22:53] cycle=3 start
[2026-07-09 22:22:53] refresh rice_mele_reference/make_vs3_n2_k32_sweep_full20_live_report.py
2026-07-09 22:22:58 /home/gyqyan/zexuan/ecg1d_code/1D_thouless_pumping/vs3_n2_k32_sweep_full20_live_report.html
[2026-07-09 22:22:58] return_code=0
[2026-07-09 22:22:58] cycle=3 done last_rc=0
[2026-07-09 22:32:58] cycle=4 start
[2026-07-09 22:32:58] refresh rice_mele_reference/make_vs3_n2_k32_sweep_full20_live_report.py
2026-07-09 22:33:03 /home/gyqyan/zexuan/ecg1d_code/1D_thouless_pumping/vs3_n2_k32_sweep_full20_live_report.html
[2026-07-09 22:33:03] return_code=0
[2026-07-09 22:33:03] cycle=4 done last_rc=0
[2026-07-09 22:43:03] cycle=5 start
[2026-07-09 22:43:03] refresh rice_mele_reference/make_vs3_n2_k32_sweep_full20_live_report.py
2026-07-09 22:43:08 /home/gyqyan/zexuan/ecg1d_code/1D_thouless_pumping/vs3_n2_k32_sweep_full20_live_report.html
[2026-07-09 22:43:08] return_code=0
[2026-07-09 22:43:08] cycle=5 done last_rc=0
[2026-07-09 22:53:08] cycle=6 start
[2026-07-09 22:53:08] refresh rice_mele_reference/make_vs3_n2_k32_sweep_full20_live_report.py
2026-07-09 22:53:13 /home/gyqyan/zexuan/ecg1d_code/1D_thouless_pumping/vs3_n2_k32_sweep_full20_live_report.html
[2026-07-09 22:53:13] return_code=0
[2026-07-09 22:53:13] cycle=6 done last_rc=0
[2026-07-09 23:03:13] cycle=7 start
[2026-07-09 23:03:13] refresh rice_mele_reference/make_vs3_n2_k32_sweep_full20_live_report.py
2026-07-09 23:03:19 /home/gyqyan/zexuan/ecg1d_code/1D_thouless_pumping/vs3_n2_k32_sweep_full20_live_report.html
[2026-07-09 23:03:19] return_code=0
[2026-07-09 23:03:19] cycle=7 done last_rc=0
[2026-07-09 23:13:19] cycle=8 start
[2026-07-09 23:13:19] refresh rice_mele_reference/make_vs3_n2_k32_sweep_full20_live_report.py
2026-07-09 23:13:24 /home/gyqyan/zexuan/ecg1d_code/1D_thouless_pumping/vs3_n2_k32_sweep_full20_live_report.html
[2026-07-09 23:13:24] return_code=0
[2026-07-09 23:13:24] cycle=8 done last_rc=0
[2026-07-09 23:23:24] cycle=9 start
[2026-07-09 23:23:24] refresh rice_mele_reference/make_vs3_n2_k32_sweep_full20_live_report.py
2026-07-09 23:23:29 /home/gyqyan/zexuan/ecg1d_code/1D_thouless_pumping/vs3_n2_k32_sweep_full20_live_report.html
[2026-07-09 23:23:29] return_code=0
[2026-07-09 23:23:29] cycle=9 done last_rc=0
[2026-07-09 23:33:29] cycle=10 start
[2026-07-09 23:33:29] refresh rice_mele_reference/make_vs3_n2_k32_sweep_full20_live_report.py
2026-07-09 23:33:34 /home/gyqyan/zexuan/ecg1d_code/1D_thouless_pumping/vs3_n2_k32_sweep_full20_live_report.html
[2026-07-09 23:33:35] return_code=0
[2026-07-09 23:33:35] cycle=10 done last_rc=0
[2026-07-09 23:43:35] cycle=11 start
[2026-07-09 23:43:35] refresh rice_mele_reference/make_vs3_n2_k32_sweep_full20_live_report.py
2026-07-09 23:43:40 /home/gyqyan/zexuan/ecg1d_code/1D_thouless_pumping/vs3_n2_k32_sweep_full20_live_report.html
[2026-07-09 23:43:40] return_code=0
[2026-07-09 23:43:40] cycle=11 done last_rc=0
[2026-07-09 23:53:40] cycle=12 start
[2026-07-09 23:53:40] refresh rice_mele_reference/make_vs3_n2_k32_sweep_full20_live_report.py
2026-07-09 23:53:45 /home/gyqyan/zexuan/ecg1d_code/1D_thouless_pumping/vs3_n2_k32_sweep_full20_live_report.html
[2026-07-09 23:53:45] return_code=0
[2026-07-09 23:53:45] cycle=12 done last_rc=0
