job_id=605678
array_job_id=605676
array_task_id=1
job_name=vs3n2f20A
partition=epyc
node_list=cent
submit_dir=/home/gyqyan/zexuan/ecg1d_code/1D_thouless_pumping
workdir=/home/gyqyan/zexuan/ecg1d_code/1D_thouless_pumping
cpus_per_task=16
mem_per_node=16384
planning_estimate=K32 local-dt fine20 split A, 241279 steps; free about 23.5 h, gauss conservatively about 53.6 h per width
start_time=2026-07-09T14:56:46+08:00
case_index=1
mode=gauss
sigma=0.5
binary=./build/ecg1d_vs3_n2_dt001_fine20_full
config=legacy_prb_3_3_n2_pathpad_K32_dt0p01_fine20_gauss_sigma0p500 lambda_C=1.00e-08 rcond=1.00e-04 | TDVP param dimension=256
progress N=2 step 0/241277 0.0% t=0.00000 eta_s=nan E=-2.15315057 P=0.99965889 dP=0.00000000 r12=8.04559382 Vg=0.00000045 norm=1.00000000 rank=-1/256 sv_max=nan resid=nan
initial t=0.00000 tau=0.00000 E=-2.1531505736 <X>/a=0.9996588910 norm=1.0000000000 V_gauss=0.0000004527
progress N=2 step 25/241277 0.0% t=0.25000 eta_s=125217.9 E=-2.15304146 P=0.99964204 dP=-0.00001685 r12=8.04560166 Vg=0.00000047 norm=1.00000000 rank=36/256 sv_max=1.13e+02 resid=5.18e-02
progress N=2 step 50/241277 0.0% t=0.50000 eta_s=123045.0 E=-2.15268727 P=0.99952717 dP=-0.00013172 r12=8.04555423 Vg=0.00000049 norm=1.00000000 rank=37/256 sv_max=1.10e+02 resid=2.07e-02
progress N=2 step 75/241277 0.0% t=0.75000 eta_s=124336.7 E=-2.15209859 P=0.99921584 dP=-0.00044305 r12=8.04547926 Vg=0.00000053 norm=1.00000000 rank=36/256 sv_max=1.09e+02 resid=1.34e-02
progress N=2 step 100/241277 0.0% t=1.00000 eta_s=125084.6 E=-2.15129178 P=0.99862692 dP=-0.00103197 r12=8.04535659 Vg=0.00000061 norm=1.00000000 rank=36/256 sv_max=1.11e+02 resid=1.02e-02
progress N=2 step 125/241277 0.1% t=1.25000 eta_s=125988.9 E=-2.15028653 P=0.99771411 dP=-0.00194478 r12=8.04522480 Vg=0.00000067 norm=1.00000000 rank=35/256 sv_max=1.10e+02 resid=8.58e-03
progress N=2 step 150/241277 0.1% t=1.50000 eta_s=126613.9 E=-2.14910332 P=0.99646770 dP=-0.00319119 r12=8.04513159 Vg=0.00000070 norm=1.00000000 rank=35/256 sv_max=1.07e+02 resid=7.86e-03
progress N=2 step 175/241277 0.1% t=1.75000 eta_s=127030.3 E=-2.14776302 P=0.99491248 dP=-0.00474641 r12=8.04510558 Vg=0.00000070 norm=1.00000000 rank=37/256 sv_max=1.06e+02 resid=7.51e-03
progress N=2 step 200/241277 0.1% t=2.00000 eta_s=127164.4 E=-2.14628481 P=0.99310618 dP=-0.00655271 r12=8.04517886 Vg=0.00000064 norm=1.00000000 rank=35/256 sv_max=1.11e+02 resid=7.52e-03
progress N=2 step 225/241277 0.1% t=2.25000 eta_s=127224.7 E=-2.14468377 P=0.99113349 dP=-0.00852541 r12=8.04528361 Vg=0.00000055 norm=1.00000000 rank=35/256 sv_max=1.02e+02 resid=7.19e-03
progress N=2 step 250/241277 0.1% t=2.50000 eta_s=127172.9 E=-2.14296952 P=0.98909661 dP=-0.01056228 r12=8.04540204 Vg=0.00000052 norm=1.00000000 rank=35/256 sv_max=1.07e+02 resid=6.73e-03
progress N=2 step 275/241277 0.1% t=2.75000 eta_s=127027.1 E=-2.14114350 P=0.98712918 dP=-0.01252971 r12=8.04544943 Vg=0.00000051 norm=1.00000000 rank=35/256 sv_max=1.04e+02 resid=6.52e-03
progress N=2 step 300/241277 0.1% t=3.00000 eta_s=126715.5 E=-2.13919885 P=0.98533755 dP=-0.01432134 r12=8.04542818 Vg=0.00000052 norm=1.00000000 rank=35/256 sv_max=1.05e+02 resid=7.04e-03
progress N=2 step 325/241277 0.1% t=3.25000 eta_s=126450.7 E=-2.13712391 P=0.98379770 dP=-0.01586119 r12=8.04536225 Vg=0.00000056 norm=1.00000000 rank=36/256 sv_max=1.06e+02 resid=7.82e-03
progress N=2 step 350/241277 0.1% t=3.50000 eta_s=126099.8 E=-2.13490394 P=0.98257017 dP=-0.01708872 r12=8.04532622 Vg=0.00000056 norm=1.00000000 rank=36/256 sv_max=1.01e+02 resid=8.88e-03
progress N=2 step 375/241277 0.2% t=3.75000 eta_s=125814.3 E=-2.13252188 P=0.98167890 dP=-0.01797999 r12=8.04537063 Vg=0.00000052 norm=1.00000000 rank=35/256 sv_max=1.05e+02 resid=1.10e-02
progress N=2 step 400/241277 0.2% t=4.00000 eta_s=125638.4 E=-2.12996182 P=0.98110479 dP=-0.01855410 r12=8.04546294 Vg=0.00000053 norm=1.00000000 rank=36/256 sv_max=1.00e+02 resid=1.47e-02
progress N=2 step 425/241277 0.2% t=4.25000 eta_s=125428.4 E=-2.12721056 P=0.98079136 dP=-0.01886753 r12=8.04556184 Vg=0.00000053 norm=1.00000000 rank=37/256 sv_max=1.07e+02 resid=2.25e-02
progress N=2 step 450/241277 0.2% t=4.50000 eta_s=125275.0 E=-2.12425917 P=0.98065291 dP=-0.01900598 r12=8.04559107 Vg=0.00000053 norm=1.00000000 rank=37/256 sv_max=9.92e+01 resid=4.04e-02
progress N=2 step 475/241277 0.2% t=4.75000 eta_s=125172.5 E=-2.12110562 P=0.98058674 dP=-0.01907215 r12=8.04559085 Vg=0.00000056 norm=1.00000000 rank=38/256 sv_max=1.03e+02 resid=5.97e-02
progress N=2 step 500/241277 0.2% t=5.00000 eta_s=125078.8 E=-2.11775377 P=0.98050492 dP=-0.01915397 r12=8.04558719 Vg=0.00000058 norm=1.00000000 rank=37/256 sv_max=1.03e+02 resid=3.77e-02
progress N=2 step 525/241277 0.2% t=5.25000 eta_s=124985.2 E=-2.11421187 P=0.98031230 dP=-0.01934659 r12=8.04557152 Vg=0.00000059 norm=1.00000000 rank=36/256 sv_max=9.60e+01 resid=2.48e-02
progress N=2 step 550/241277 0.2% t=5.50000 eta_s=124892.8 E=-2.11049341 P=0.97991971 dP=-0.01973918 r12=8.04555117 Vg=0.00000058 norm=1.00000000 rank=35/256 sv_max=1.02e+02 resid=1.65e-02
progress N=2 step 575/241277 0.2% t=5.75000 eta_s=124812.7 E=-2.10661534 P=0.97927896 dP=-0.02037993 r12=8.04554758 Vg=0.00000053 norm=1.00000000 rank=35/256 sv_max=9.75e+01 resid=1.18e-02
progress N=2 step 600/241277 0.2% t=6.00000 eta_s=124632.6 E=-2.10259577 P=0.97835896 dP=-0.02129993 r12=8.04557463 Vg=0.00000051 norm=1.00000000 rank=35/256 sv_max=1.04e+02 resid=1.00e-02
progress N=2 step 625/241277 0.3% t=6.25000 eta_s=124399.7 E=-2.09845456 P=0.97715204 dP=-0.02250685 r12=8.04560315 Vg=0.00000058 norm=1.00000000 rank=35/256 sv_max=9.85e+01 resid=8.47e-03
progress N=2 step 650/241277 0.3% t=6.50000 eta_s=124236.6 E=-2.09421101 P=0.97568214 dP=-0.02397675 r12=8.04566990 Vg=0.00000063 norm=1.00000000 rank=35/256 sv_max=1.05e+02 resid=8.24e-03
progress N=2 step 675/241277 0.3% t=6.75000 eta_s=124088.4 E=-2.08988169 P=0.97400676 dP=-0.02565213 r12=8.04577265 Vg=0.00000061 norm=1.00000000 rank=35/256 sv_max=9.81e+01 resid=8.19e-03
progress N=2 step 700/241277 0.3% t=7.00000 eta_s=123767.6 E=-2.08548117 P=0.97220120 dP=-0.02745769 r12=8.04595167 Vg=0.00000058 norm=1.00000000 rank=35/256 sv_max=9.90e+01 resid=8.61e-03
progress N=2 step 725/241277 0.3% t=7.25000 eta_s=123578.4 E=-2.08101966 P=0.97035906 dP=-0.02929984 r12=8.04617166 Vg=0.00000056 norm=1.00000000 rank=35/256 sv_max=1.06e+02 resid=8.93e-03
progress N=2 step 750/241277 0.3% t=7.50000 eta_s=123528.9 E=-2.07650097 P=0.96857356 dP=-0.03108533 r12=8.04635405 Vg=0.00000056 norm=1.00000000 rank=35/256 sv_max=9.45e+01 resid=9.44e-03
progress N=2 step 775/241277 0.3% t=7.75000 eta_s=123378.9 E=-2.07192301 P=0.96693345 dP=-0.03272544 r12=8.04646553 Vg=0.00000056 norm=1.00000000 rank=35/256 sv_max=1.03e+02 resid=1.01e-02
progress N=2 step 800/241277 0.3% t=8.00000 eta_s=123297.0 E=-2.06727808 P=0.96552975 dP=-0.03412915 r12=8.04646855 Vg=0.00000053 norm=1.00000000 rank=35/256 sv_max=9.72e+01 resid=1.05e-02
progress N=2 step 825/241277 0.3% t=8.25000 eta_s=123282.7 E=-2.06255474 P=0.96440413 dP=-0.03525476 r12=8.04636721 Vg=0.00000053 norm=1.00000000 rank=35/256 sv_max=1.03e+02 resid=1.16e-02
progress N=2 step 850/241277 0.4% t=8.50000 eta_s=123267.2 E=-2.05774153 P=0.96356521 dP=-0.03609368 r12=8.04616396 Vg=0.00000058 norm=1.00000000 rank=35/256 sv_max=9.78e+01 resid=1.37e-02
progress N=2 step 875/241277 0.4% t=8.75000 eta_s=123182.6 E=-2.05282861 P=0.96300362 dP=-0.03665527 r12=8.04597090 Vg=0.00000058 norm=1.00000000 rank=35/256 sv_max=1.01e+02 resid=1.71e-02
progress N=2 step 900/241277 0.4% t=9.00000 eta_s=123030.7 E=-2.04780846 P=0.96269184 dP=-0.03696705 r12=8.04583295 Vg=0.00000054 norm=1.00000000 rank=34/256 sv_max=1.01e+02 resid=2.20e-02
progress N=2 step 925/241277 0.4% t=9.25000 eta_s=122879.0 E=-2.04267615 P=0.96257217 dP=-0.03708672 r12=8.04572950 Vg=0.00000054 norm=1.00000000 rank=35/256 sv_max=9.59e+01 resid=3.26e-02
progress N=2 step 950/241277 0.4% t=9.50000 eta_s=122860.0 E=-2.03743015 P=0.96257052 dP=-0.03708837 r12=8.04566505 Vg=0.00000058 norm=1.00000000 rank=34/256 sv_max=1.08e+02 resid=6.38e-02
progress N=2 step 975/241277 0.4% t=9.75000 eta_s=122738.3 E=-2.03207171 P=0.96260394 dP=-0.03705495 r12=8.04561851 Vg=0.00000062 norm=1.00000000 rank=34/256 sv_max=9.51e+01 resid=5.81e-02
progress N=2 step 1000/241277 0.4% t=10.00000 eta_s=122628.0 E=-2.02660570 P=0.96257775 dP=-0.03708114 r12=8.04565195 Vg=0.00000067 norm=1.00000000 rank=34/256 sv_max=1.04e+02 resid=3.53e-02
progress N=2 step 1025/241277 0.4% t=10.25000 eta_s=122650.5 E=-2.02104197 P=0.96241587 dP=-0.03724302 r12=8.04577814 Vg=0.00000067 norm=1.00000000 rank=35/256 sv_max=1.03e+02 resid=2.29e-02
progress N=2 step 1050/241277 0.4% t=10.50000 eta_s=122672.3 E=-2.01539263 P=0.96204406 dP=-0.03761483 r12=8.04598766 Vg=0.00000066 norm=1.00000000 rank=35/256 sv_max=9.81e+01 resid=1.77e-02
progress N=2 step 1075/241277 0.4% t=10.75000 eta_s=122668.6 E=-2.00967342 P=0.96140487 dP=-0.03825402 r12=8.04624004 Vg=0.00000063 norm=1.00000000 rank=34/256 sv_max=1.03e+02 resid=1.44e-02
progress N=2 step 1100/241277 0.5% t=11.00000 eta_s=122711.2 E=-2.00390139 P=0.96047847 dP=-0.03918042 r12=8.04653589 Vg=0.00000058 norm=1.00000000 rank=34/256 sv_max=1.00e+02 resid=1.21e-02
progress N=2 step 1125/241277 0.5% t=11.25000 eta_s=122753.6 E=-1.99809392 P=0.95926926 dP=-0.04038963 r12=8.04686625 Vg=0.00000057 norm=1.00000000 rank=34/256 sv_max=1.07e+02 resid=1.09e-02
progress N=2 step 1150/241277 0.5% t=11.50000 eta_s=122792.6 E=-1.99226642 P=0.95781789 dP=-0.04184100 r12=8.04714521 Vg=0.00000065 norm=1.00000000 rank=34/256 sv_max=9.76e+01 resid=1.00e-02
progress N=2 step 1175/241277 0.5% t=11.75000 eta_s=122829.3 E=-1.98643118 P=0.95619048 dP=-0.04346841 r12=8.04737375 Vg=0.00000072 norm=1.00000000 rank=34/256 sv_max=1.05e+02 resid=9.91e-03
progress N=2 step 1200/241277 0.5% t=12.00000 eta_s=122867.9 E=-1.98059652 P=0.95448226 dP=-0.04517663 r12=8.04755961 Vg=0.00000071 norm=1.00000000 rank=34/256 sv_max=1.03e+02 resid=9.73e-03
progress N=2 step 1225/241277 0.5% t=12.25000 eta_s=122899.3 E=-1.97476667 P=0.95278637 dP=-0.04687252 r12=8.04772106 Vg=0.00000067 norm=1.00000000 rank=34/256 sv_max=1.01e+02 resid=1.09e-02
progress N=2 step 1250/241277 0.5% t=12.50000 eta_s=122932.1 E=-1.96894342 P=0.95118724 dP=-0.04847165 r12=8.04786234 Vg=0.00000065 norm=1.00000000 rank=34/256 sv_max=1.11e+02 resid=1.18e-02
progress N=2 step 1275/241277 0.5% t=12.75000 eta_s=122957.0 E=-1.96312415 P=0.94976604 dP=-0.04989285 r12=8.04791757 Vg=0.00000066 norm=1.00000000 rank=34/256 sv_max=9.86e+01 resid=1.33e-02
progress N=2 step 1300/241277 0.5% t=13.00000 eta_s=122986.0 E=-1.95730242 P=0.94857778 dP=-0.05108111 r12=8.04785464 Vg=0.00000065 norm=1.00000000 rank=34/256 sv_max=1.10e+02 resid=1.44e-02
progress N=2 step 1325/241277 0.5% t=13.25000 eta_s=123015.1 E=-1.95146940 P=0.94766840 dP=-0.05199049 r12=8.04766454 Vg=0.00000065 norm=1.00000000 rank=34/256 sv_max=1.06e+02 resid=1.59e-02
progress N=2 step 1350/241277 0.6% t=13.50000 eta_s=123040.7 E=-1.94561561 P=0.94704456 dP=-0.05261433 r12=8.04736607 Vg=0.00000072 norm=1.00000000 rank=34/256 sv_max=1.02e+02 resid=1.97e-02
progress N=2 step 1375/241277 0.6% t=13.75000 eta_s=123058.7 E=-1.93973215 P=0.94668733 dP=-0.05297156 r12=8.04698254 Vg=0.00000086 norm=1.00000000 rank=34/256 sv_max=1.08e+02 resid=2.36e-02
progress N=2 step 1400/241277 0.6% t=14.00000 eta_s=123080.1 E=-1.93381284 P=0.94656566 dP=-0.05309323 r12=8.04658267 Vg=0.00000090 norm=1.00000000 rank=34/256 sv_max=9.95e+01 resid=2.92e-02
progress N=2 step 1425/241277 0.6% t=14.25000 eta_s=123101.1 E=-1.92785244 P=0.94663210 dP=-0.05302679 r12=8.04626149 Vg=0.00000084 norm=1.00000000 rank=34/256 sv_max=1.11e+02 resid=4.09e-02
progress N=2 step 1450/241277 0.6% t=14.50000 eta_s=123103.0 E=-1.92184878 P=0.94682392 dP=-0.05283497 r12=8.04602726 Vg=0.00000083 norm=1.00000000 rank=34/256 sv_max=1.02e+02 resid=5.53e-02
progress N=2 step 1475/241277 0.6% t=14.75000 eta_s=123064.7 E=-1.91580206 P=0.94704127 dP=-0.05261762 r12=8.04590770 Vg=0.00000087 norm=1.00000000 rank=34/256 sv_max=1.07e+02 resid=5.32e-02
progress N=2 step 1500/241277 0.6% t=15.00000 eta_s=123021.0 E=-1.90971658 P=0.94719498 dP=-0.05246391 r12=8.04593033 Vg=0.00000090 norm=1.00000000 rank=34/256 sv_max=1.07e+02 resid=3.74e-02
progress N=2 step 1525/241277 0.6% t=15.25000 eta_s=123002.4 E=-1.90359909 P=0.94720164 dP=-0.05245725 r12=8.04613225 Vg=0.00000090 norm=1.00000000 rank=34/256 sv_max=1.02e+02 resid=2.85e-02
progress N=2 step 1550/241277 0.6% t=15.50000 eta_s=122993.5 E=-1.89746027 P=0.94698631 dP=-0.05267258 r12=8.04654072 Vg=0.00000092 norm=1.00000000 rank=34/256 sv_max=1.16e+02 resid=2.15e-02
progress N=2 step 1575/241277 0.7% t=15.75000 eta_s=122959.1 E=-1.89131282 P=0.94650477 dP=-0.05315412 r12=8.04710096 Vg=0.00000099 norm=1.00000000 rank=34/256 sv_max=9.95e+01 resid=1.85e-02
progress N=2 step 1600/241277 0.7% t=16.00000 eta_s=122977.5 E=-1.88516899 P=0.94573536 dP=-0.05392354 r12=8.04776476 Vg=0.00000102 norm=1.00000000 rank=34/256 sv_max=1.08e+02 resid=1.60e-02
progress N=2 step 1625/241277 0.7% t=16.25000 eta_s=123003.5 E=-1.87904115 P=0.94469497 dP=-0.05496392 r12=8.04846885 Vg=0.00000098 norm=1.00000000 rank=34/256 sv_max=1.09e+02 resid=1.32e-02
progress N=2 step 1650/241277 0.7% t=16.50000 eta_s=123030.7 E=-1.87293942 P=0.94340902 dP=-0.05624987 r12=8.04913454 Vg=0.00000098 norm=1.00000000 rank=35/256 sv_max=1.03e+02 resid=1.29e-02
progress N=2 step 1675/241277 0.7% t=16.75000 eta_s=123055.0 E=-1.86687240 P=0.94193971 dP=-0.05771918 r12=8.04972146 Vg=0.00000111 norm=1.00000000 rank=35/256 sv_max=1.10e+02 resid=1.28e-02
progress N=2 step 1700/241277 0.7% t=17.00000 eta_s=123079.5 E=-1.86084439 P=0.94037121 dP=-0.05928768 r12=8.05017137 Vg=0.00000119 norm=1.00000000 rank=37/256 sv_max=9.05e+01 resid=1.20e-02
progress N=2 step 1725/241277 0.7% t=17.25000 eta_s=123102.7 E=-1.85485820 P=0.93878110 dP=-0.06087779 r12=8.05046492 Vg=0.00000114 norm=1.00000000 rank=37/256 sv_max=1.21e+02 resid=1.20e-02
progress N=2 step 1750/241277 0.7% t=17.50000 eta_s=123099.7 E=-1.84891446 P=0.93725898 dP=-0.06239991 r12=8.05062316 Vg=0.00000105 norm=1.00000000 rank=37/256 sv_max=1.31e+02 resid=1.15e-02
progress N=2 step 1775/241277 0.7% t=17.75000 eta_s=123090.1 E=-1.84301197 P=0.93587141 dP=-0.06378748 r12=8.05070685 Vg=0.00000114 norm=1.00000000 rank=36/256 sv_max=1.19e+02 resid=9.84e-03
progress N=2 step 1800/241277 0.7% t=18.00000 eta_s=123093.0 E=-1.83714699 P=0.93468195 dP=-0.06497694 r12=8.05070528 Vg=0.00000135 norm=1.00000000 rank=37/256 sv_max=1.37e+02 resid=1.09e-02
progress N=2 step 1825/241277 0.8% t=18.25000 eta_s=123081.6 E=-1.83131290 P=0.93375815 dP=-0.06590074 r12=8.05055246 Vg=0.00000130 norm=1.00000000 rank=37/256 sv_max=1.09e+02 resid=1.25e-02
progress N=2 step 1850/241277 0.8% t=18.50000 eta_s=123072.2 E=-1.82550182 P=0.93313037 dP=-0.06652853 r12=8.05023185 Vg=0.00000125 norm=1.00000000 rank=35/256 sv_max=1.27e+02 resid=1.59e-02
progress N=2 step 1875/241277 0.8% t=18.75000 eta_s=123018.0 E=-1.81970615 P=0.93276612 dP=-0.06689277 r12=8.04982476 Vg=0.00000148 norm=1.00000000 rank=35/256 sv_max=1.33e+02 resid=2.07e-02
progress N=2 step 1900/241277 0.8% t=19.00000 eta_s=122995.4 E=-1.81391858 P=0.93264986 dP=-0.06700903 r12=8.04943523 Vg=0.00000173 norm=1.00000000 rank=36/256 sv_max=1.17e+02 resid=2.28e-02
progress N=2 step 1925/241277 0.8% t=19.25000 eta_s=122996.7 E=-1.80813362 P=0.93273440 dP=-0.06692449 r12=8.04915534 Vg=0.00000184 norm=1.00000000 rank=36/256 sv_max=1.22e+02 resid=2.47e-02
progress N=2 step 1950/241277 0.8% t=19.50000 eta_s=122954.4 E=-1.80234734 P=0.93295049 dP=-0.06670840 r12=8.04892256 Vg=0.00000186 norm=1.00000000 rank=35/256 sv_max=1.25e+02 resid=2.85e-02
progress N=2 step 1975/241277 0.8% t=19.75000 eta_s=122969.2 E=-1.79656046 P=0.93320876 dP=-0.06645014 r12=8.04862278 Vg=0.00000190 norm=1.00000000 rank=35/256 sv_max=1.23e+02 resid=2.94e-02
progress N=2 step 2000/241277 0.8% t=20.00000 eta_s=122983.5 E=-1.79077505 P=0.93342832 dP=-0.06623057 r12=8.04823794 Vg=0.00000186 norm=1.00000000 rank=35/256 sv_max=1.27e+02 resid=3.39e-02
progress N=2 step 2025/241277 0.8% t=20.25000 eta_s=123000.8 E=-1.78499470 P=0.93354765 dP=-0.06611124 r12=8.04777213 Vg=0.00000175 norm=1.00000000 rank=35/256 sv_max=1.14e+02 resid=3.47e-02
progress N=2 step 2050/241277 0.8% t=20.50000 eta_s=123016.9 E=-1.77922419 P=0.93352318 dP=-0.06613571 r12=8.04730537 Vg=0.00000173 norm=1.00000000 rank=35/256 sv_max=1.09e+02 resid=3.01e-02
progress N=2 step 2075/241277 0.9% t=20.75000 eta_s=123031.1 E=-1.77346851 P=0.93332870 dP=-0.06633019 r12=8.04688684 Vg=0.00000193 norm=1.00000000 rank=34/256 sv_max=1.14e+02 resid=2.34e-02
progress N=2 step 2100/241277 0.9% t=21.00000 eta_s=123046.8 E=-1.76773321 P=0.93294864 dP=-0.06671025 r12=8.04656055 Vg=0.00000229 norm=1.00000000 rank=34/256 sv_max=1.14e+02 resid=2.01e-02
progress N=2 step 2125/241277 0.9% t=21.25000 eta_s=123061.0 E=-1.76202423 P=0.93237378 dP=-0.06728511 r12=8.04651771 Vg=0.00000259 norm=1.00000000 rank=34/256 sv_max=1.23e+02 resid=1.74e-02
progress N=2 step 2150/241277 0.9% t=21.50000 eta_s=123071.4 E=-1.75634771 P=0.93161535 dP=-0.06804354 r12=8.04684429 Vg=0.00000280 norm=1.00000000 rank=34/256 sv_max=1.18e+02 resid=1.73e-02
progress N=2 step 2175/241277 0.9% t=21.75000 eta_s=123081.0 E=-1.75070959 P=0.93069742 dP=-0.06896147 r12=8.04743395 Vg=0.00000290 norm=1.00000000 rank=35/256 sv_max=1.13e+02 resid=1.57e-02
progress N=2 step 2200/241277 0.9% t=22.00000 eta_s=123075.5 E=-1.74511426 P=0.92964992 dP=-0.07000897 r12=8.04814303 Vg=0.00000278 norm=1.00000000 rank=35/256 sv_max=1.23e+02 resid=1.39e-02
progress N=2 step 2225/241277 0.9% t=22.25000 eta_s=123058.0 E=-1.73956404 P=0.92851262 dP=-0.07114627 r12=8.04881708 Vg=0.00000256 norm=1.00000000 rank=35/256 sv_max=1.23e+02 resid=1.30e-02
progress N=2 step 2250/241277 0.9% t=22.50000 eta_s=123015.6 E=-1.73406110 P=0.92734339 dP=-0.07231551 r12=8.04940347 Vg=0.00000239 norm=1.00000000 rank=36/256 sv_max=1.17e+02 resid=1.27e-02
progress N=2 step 2275/241277 0.9% t=22.75000 eta_s=123011.1 E=-1.72860545 P=0.92618227 dP=-0.07347662 r12=8.05004457 Vg=0.00000248 norm=1.00000000 rank=35/256 sv_max=1.19e+02 resid=1.36e-02
progress N=2 step 2300/241277 1.0% t=23.00000 eta_s=122979.8 E=-1.72319718 P=0.92507280 dP=-0.07458609 r12=8.05087054 Vg=0.00000298 norm=1.00000000 rank=35/256 sv_max=1.19e+02 resid=1.51e-02
progress N=2 step 2325/241277 1.0% t=23.25000 eta_s=122961.0 E=-1.71783411 P=0.92407375 dP=-0.07558514 r12=8.05195043 Vg=0.00000335 norm=1.00000000 rank=36/256 sv_max=1.24e+02 resid=1.77e-02
progress N=2 step 2350/241277 1.0% t=23.50000 eta_s=122973.5 E=-1.71251339 P=0.92322422 dP=-0.07643467 r12=8.05322360 Vg=0.00000351 norm=1.00000000 rank=35/256 sv_max=1.31e+02 resid=2.34e-02
progress N=2 step 2375/241277 1.0% t=23.75000 eta_s=122983.7 E=-1.70723060 P=0.92253332 dP=-0.07712557 r12=8.05441518 Vg=0.00000351 norm=1.00000000 rank=35/256 sv_max=1.37e+02 resid=2.66e-02
progress N=2 step 2400/241277 1.0% t=24.00000 eta_s=122995.0 E=-1.70198152 P=0.92199585 dP=-0.07766304 r12=8.05528050 Vg=0.00000348 norm=1.00000000 rank=35/256 sv_max=1.34e+02 resid=2.66e-02
progress N=2 step 2425/241277 1.0% t=24.25000 eta_s=123004.3 E=-1.69676265 P=0.92160019 dP=-0.07805870 r12=8.05576676 Vg=0.00000352 norm=1.00000000 rank=35/256 sv_max=1.24e+02 resid=2.72e-02
progress N=2 step 2450/241277 1.0% t=24.50000 eta_s=123011.1 E=-1.69157175 P=0.92132616 dP=-0.07833273 r12=8.05580428 Vg=0.00000371 norm=1.00000000 rank=34/256 sv_max=1.23e+02 resid=2.85e-02
progress N=2 step 2475/241277 1.0% t=24.75000 eta_s=123016.4 E=-1.68640804 P=0.92115036 dP=-0.07850853 r12=8.05524198 Vg=0.00000401 norm=1.00000000 rank=34/256 sv_max=1.26e+02 resid=3.22e-02
progress N=2 step 2500/241277 1.0% t=25.00000 eta_s=123019.9 E=-1.68127091 P=0.92104802 dP=-0.07861088 r12=8.05400049 Vg=0.00000436 norm=1.00000000 rank=34/256 sv_max=1.29e+02 resid=4.09e-02
progress N=2 step 2525/241277 1.0% t=25.25000 eta_s=123024.0 E=-1.67615946 P=0.92099672 dP=-0.07866217 r12=8.05209038 Vg=0.00000468 norm=1.00000000 rank=34/256 sv_max=1.33e+02 resid=4.98e-02
progress N=2 step 2550/241277 1.1% t=25.50000 eta_s=123029.6 E=-1.67107269 P=0.92097300 dP=-0.07868589 r12=8.04969073 Vg=0.00000496 norm=1.00000000 rank=34/256 sv_max=1.31e+02 resid=5.47e-02
progress N=2 step 2575/241277 1.1% t=25.75000 eta_s=123032.9 E=-1.66600982 P=0.92094809 dP=-0.07871080 r12=8.04702601 Vg=0.00000520 norm=1.00000000 rank=34/256 sv_max=1.26e+02 resid=4.95e-02
progress N=2 step 2600/241277 1.1% t=26.00000 eta_s=123037.5 E=-1.66097033 P=0.92089312 dP=-0.07876577 r12=8.04425119 Vg=0.00000537 norm=1.00000000 rank=34/256 sv_max=1.26e+02 resid=4.30e-02
progress N=2 step 2625/241277 1.1% t=26.25000 eta_s=123040.6 E=-1.65595495 P=0.92078374 dP=-0.07887516 r12=8.04160250 Vg=0.00000539 norm=1.00000000 rank=34/256 sv_max=1.27e+02 resid=3.78e-02
progress N=2 step 2650/241277 1.1% t=26.50000 eta_s=123045.4 E=-1.65096504 P=0.92060285 dP=-0.07905604 r12=8.03938344 Vg=0.00000552 norm=1.00000000 rank=34/256 sv_max=1.25e+02 resid=3.70e-02
progress N=2 step 2675/241277 1.1% t=26.75000 eta_s=123048.7 E=-1.64600394 P=0.92033752 dP=-0.07932137 r12=8.03782940 Vg=0.00000601 norm=1.00000000 rank=34/256 sv_max=1.23e+02 resid=3.66e-02
progress N=2 step 2700/241277 1.1% t=27.00000 eta_s=123051.1 E=-1.64107480 P=0.91998265 dP=-0.07967624 r12=8.03716534 Vg=0.00000671 norm=1.00000000 rank=34/256 sv_max=1.20e+02 resid=3.40e-02
progress N=2 step 2725/241277 1.1% t=27.25000 eta_s=123057.4 E=-1.63617992 P=0.91954281 dP=-0.08011608 r12=8.03757598 Vg=0.00000720 norm=1.00000000 rank=34/256 sv_max=1.18e+02 resid=3.06e-02
progress N=2 step 2750/241277 1.1% t=27.50000 eta_s=123060.8 E=-1.63132151 P=0.91902513 dP=-0.08063376 r12=8.03908545 Vg=0.00000732 norm=1.00000000 rank=34/256 sv_max=1.20e+02 resid=2.62e-02
progress N=2 step 2775/241277 1.2% t=27.75000 eta_s=123061.2 E=-1.62650033 P=0.91843123 dP=-0.08122766 r12=8.04161276 Vg=0.00000724 norm=1.00000000 rank=34/256 sv_max=1.22e+02 resid=2.46e-02
progress N=2 step 2800/241277 1.2% t=28.00000 eta_s=123050.8 E=-1.62171645 P=0.91776349 dP=-0.08189540 r12=8.04502903 Vg=0.00000727 norm=1.00000000 rank=34/256 sv_max=1.26e+02 resid=2.55e-02
progress N=2 step 2825/241277 1.2% t=28.25000 eta_s=123035.7 E=-1.61697122 P=0.91704416 dP=-0.08261473 r12=8.04915669 Vg=0.00000724 norm=1.00000000 rank=35/256 sv_max=1.25e+02 resid=2.54e-02
progress N=2 step 2850/241277 1.2% t=28.50000 eta_s=123014.2 E=-1.61226467 P=0.91629905 dP=-0.08335984 r12=8.05371444 Vg=0.00000709 norm=1.00000000 rank=34/256 sv_max=1.24e+02 resid=2.63e-02
progress N=2 step 2875/241277 1.2% t=28.75000 eta_s=122957.0 E=-1.60759708 P=0.91553978 dP=-0.08411911 r12=8.05829017 Vg=0.00000734 norm=1.00000000 rank=33/256 sv_max=1.26e+02 resid=2.80e-02
progress N=2 step 2900/241277 1.2% t=29.00000 eta_s=122920.3 E=-1.60296812 P=0.91478860 dP=-0.08487029 r12=8.06241538 Vg=0.00000800 norm=1.00000000 rank=33/256 sv_max=1.27e+02 resid=2.83e-02
progress N=2 step 2925/241277 1.2% t=29.25000 eta_s=122906.1 E=-1.59837731 P=0.91406018 dP=-0.08559871 r12=8.06572471 Vg=0.00000874 norm=1.00000000 rank=33/256 sv_max=1.25e+02 resid=2.81e-02
progress N=2 step 2950/241277 1.2% t=29.50000 eta_s=122884.0 E=-1.59382461 P=0.91336687 dP=-0.08629202 r12=8.06799433 Vg=0.00000933 norm=1.00000000 rank=33/256 sv_max=1.28e+02 resid=2.82e-02
progress N=2 step 2975/241277 1.2% t=29.75000 eta_s=122867.9 E=-1.58930921 P=0.91272725 dP=-0.08693164 r12=8.06908645 Vg=0.00000952 norm=1.00000000 rank=33/256 sv_max=1.32e+02 resid=2.91e-02
progress N=2 step 3000/241277 1.2% t=30.00000 eta_s=122868.0 E=-1.58483013 P=0.91215915 dP=-0.08749974 r12=8.06886536 Vg=0.00000918 norm=1.00000000 rank=33/256 sv_max=1.34e+02 resid=3.05e-02
progress N=2 step 3025/241277 1.3% t=30.25000 eta_s=122868.3 E=-1.58038588 P=0.91167140 dP=-0.08798749 r12=8.06725682 Vg=0.00000849 norm=1.00000000 rank=33/256 sv_max=1.34e+02 resid=3.13e-02
progress N=2 step 3050/241277 1.3% t=30.50000 eta_s=122866.1 E=-1.57597495 P=0.91126360 dP=-0.08839529 r12=8.06430703 Vg=0.00000791 norm=1.00000000 rank=33/256 sv_max=1.36e+02 resid=3.27e-02
progress N=2 step 3075/241277 1.3% t=30.75000 eta_s=122858.4 E=-1.57159562 P=0.91092360 dP=-0.08873529 r12=8.06016666 Vg=0.00000808 norm=1.00000000 rank=33/256 sv_max=1.37e+02 resid=3.45e-02
progress N=2 step 3100/241277 1.3% t=31.00000 eta_s=122851.6 E=-1.56724638 P=0.91063231 dP=-0.08902658 r12=8.05510529 Vg=0.00000911 norm=1.00000000 rank=33/256 sv_max=1.38e+02 resid=3.56e-02
progress N=2 step 3125/241277 1.3% t=31.25000 eta_s=122836.9 E=-1.56292616 P=0.91037950 dP=-0.08927939 r12=8.04949925 Vg=0.00001025 norm=1.00000000 rank=33/256 sv_max=1.40e+02 resid=3.58e-02
progress N=2 step 3150/241277 1.3% t=31.50000 eta_s=122821.8 E=-1.55863418 P=0.91015735 dP=-0.08950154 r12=8.04376511 Vg=0.00001075 norm=1.00000000 rank=33/256 sv_max=1.42e+02 resid=3.54e-02
progress N=2 step 3175/241277 1.3% t=31.75000 eta_s=122807.0 E=-1.55437040 P=0.90995335 dP=-0.08970554 r12=8.03832784 Vg=0.00001060 norm=1.00000000 rank=33/256 sv_max=1.41e+02 resid=3.47e-02
progress N=2 step 3200/241277 1.3% t=32.00000 eta_s=122792.9 E=-1.55013481 P=0.90976178 dP=-0.08989711 r12=8.03361650 Vg=0.00001000 norm=1.00000000 rank=33/256 sv_max=1.38e+02 resid=3.52e-02
progress N=2 step 3225/241277 1.3% t=32.25000 eta_s=122777.1 E=-1.54592687 P=0.90957417 dP=-0.09008472 r12=8.02998989 Vg=0.00000924 norm=1.00000000 rank=34/256 sv_max=1.33e+02 resid=3.33e-02
progress N=2 step 3250/241277 1.3% t=32.50000 eta_s=122762.2 E=-1.54174737 P=0.90938112 dP=-0.09027777 r12=8.02766735 Vg=0.00000852 norm=1.00000000 rank=33/256 sv_max=1.29e+02 resid=3.86e-02
progress N=2 step 3275/241277 1.4% t=32.75000 eta_s=122747.5 E=-1.53759655 P=0.90917862 dP=-0.09048027 r12=8.02676904 Vg=0.00000863 norm=1.00000000 rank=33/256 sv_max=1.36e+02 resid=4.02e-02
progress N=2 step 3300/241277 1.4% t=33.00000 eta_s=122734.5 E=-1.53347343 P=0.90896062 dP=-0.09069827 r12=8.02732690 Vg=0.00000932 norm=1.00000000 rank=33/256 sv_max=1.41e+02 resid=3.61e-02
progress N=2 step 3325/241277 1.4% t=33.25000 eta_s=122721.0 E=-1.52937834 P=0.90871556 dP=-0.09094333 r12=8.02924251 Vg=0.00001005 norm=1.00000000 rank=33/256 sv_max=1.38e+02 resid=3.37e-02
progress N=2 step 3350/241277 1.4% t=33.50000 eta_s=122706.8 E=-1.52531047 P=0.90843294 dP=-0.09122595 r12=8.03242732 Vg=0.00001025 norm=1.00000000 rank=33/256 sv_max=1.32e+02 resid=3.44e-02
progress N=2 step 3375/241277 1.4% t=33.75000 eta_s=122692.2 E=-1.52127128 P=0.90810864 dP=-0.09155025 r12=8.03671571 Vg=0.00000995 norm=1.00000000 rank=33/256 sv_max=1.34e+02 resid=3.82e-02
progress N=2 step 3400/241277 1.4% t=34.00000 eta_s=122678.6 E=-1.51726120 P=0.90775508 dP=-0.09190381 r12=8.04178594 Vg=0.00000954 norm=1.00000000 rank=33/256 sv_max=1.36e+02 resid=3.92e-02
progress N=2 step 3425/241277 1.4% t=34.25000 eta_s=122653.4 E=-1.51328013 P=0.90738480 dP=-0.09227409 r12=8.04724833 Vg=0.00000915 norm=1.00000000 rank=33/256 sv_max=1.35e+02 resid=3.77e-02
progress N=2 step 3450/241277 1.4% t=34.50000 eta_s=122624.6 E=-1.50932958 P=0.90699197 dP=-0.09266692 r12=8.05274541 Vg=0.00000913 norm=1.00000000 rank=33/256 sv_max=1.36e+02 resid=3.84e-02
progress N=2 step 3475/241277 1.4% t=34.75000 eta_s=122596.7 E=-1.50540857 P=0.90657585 dP=-0.09308304 r12=8.05797028 Vg=0.00000942 norm=1.00000000 rank=33/256 sv_max=1.39e+02 resid=3.88e-02
progress N=2 step 3500/241277 1.5% t=35.00000 eta_s=122576.1 E=-1.50151760 P=0.90612395 dP=-0.09353494 r12=8.06255050 Vg=0.00000998 norm=1.00000000 rank=33/256 sv_max=1.37e+02 resid=3.73e-02
progress N=2 step 3525/241277 1.5% t=35.25000 eta_s=122555.6 E=-1.49765781 P=0.90563069 dP=-0.09402820 r12=8.06612308 Vg=0.00001037 norm=1.00000000 rank=33/256 sv_max=1.35e+02 resid=3.78e-02
progress N=2 step 3550/241277 1.5% t=35.50000 eta_s=122532.9 E=-1.49382891 P=0.90510494 dP=-0.09455395 r12=8.06847034 Vg=0.00001009 norm=1.00000000 rank=33/256 sv_max=1.39e+02 resid=4.05e-02
progress N=2 step 3575/241277 1.5% t=35.75000 eta_s=122519.8 E=-1.49003064 P=0.90456106 dP=-0.09509783 r12=8.06954437 Vg=0.00000932 norm=1.00000000 rank=33/256 sv_max=1.44e+02 resid=4.02e-02
progress N=2 step 3600/241277 1.5% t=36.00000 eta_s=122505.3 E=-1.48626248 P=0.90401221 dP=-0.09564668 r12=8.06950068 Vg=0.00000859 norm=1.00000000 rank=33/256 sv_max=1.43e+02 resid=3.92e-02
progress N=2 step 3625/241277 1.5% t=36.25000 eta_s=122490.8 E=-1.48252381 P=0.90347197 dP=-0.09618692 r12=8.06859140 Vg=0.00000835 norm=1.00000000 rank=33/256 sv_max=1.41e+02 resid=4.11e-02
progress N=2 step 3650/241277 1.5% t=36.50000 eta_s=122477.2 E=-1.47881412 P=0.90295958 dP=-0.09669931 r12=8.06708640 Vg=0.00000859 norm=1.00000000 rank=33/256 sv_max=1.43e+02 resid=4.43e-02
progress N=2 step 3675/241277 1.5% t=36.75000 eta_s=122464.4 E=-1.47513298 P=0.90249409 dP=-0.09716480 r12=8.06511792 Vg=0.00000915 norm=1.00000000 rank=33/256 sv_max=1.44e+02 resid=4.34e-02
progress N=2 step 3700/241277 1.5% t=37.00000 eta_s=122451.5 E=-1.47147982 P=0.90208170 dP=-0.09757719 r12=8.06272262 Vg=0.00000979 norm=1.00000000 rank=33/256 sv_max=1.44e+02 resid=4.20e-02
progress N=2 step 3725/241277 1.5% t=37.25000 eta_s=122436.4 E=-1.46785384 P=0.90172009 dP=-0.09793880 r12=8.06001032 Vg=0.00000997 norm=1.00000000 rank=33/256 sv_max=1.46e+02 resid=4.50e-02
progress N=2 step 3750/241277 1.6% t=37.50000 eta_s=122416.4 E=-1.46425438 P=0.90140331 dP=-0.09825558 r12=8.05715566 Vg=0.00000930 norm=1.00000000 rank=33/256 sv_max=1.48e+02 resid=5.12e-02
progress N=2 step 3775/241277 1.6% t=37.75000 eta_s=122393.2 E=-1.46068111 P=0.90112579 dP=-0.09853310 r12=8.05429936 Vg=0.00000801 norm=1.00000000 rank=33/256 sv_max=1.51e+02 resid=5.80e-02
progress N=2 step 3800/241277 1.6% t=38.00000 eta_s=122368.3 E=-1.45713329 P=0.90089545 dP=-0.09876345 r12=8.05152656 Vg=0.00000686 norm=1.00000000 rank=33/256 sv_max=1.55e+02 resid=6.79e-02
progress N=2 step 3825/241277 1.6% t=38.25000 eta_s=122324.9 E=-1.45360961 P=0.90072245 dP=-0.09893644 r12=8.04887772 Vg=0.00000651 norm=1.00000000 rank=32/256 sv_max=1.56e+02 resid=7.86e-02
progress N=2 step 3850/241277 1.6% t=38.50000 eta_s=122297.2 E=-1.45010841 P=0.90060481 dP=-0.09905408 r12=8.04638593 Vg=0.00000691 norm=1.00000000 rank=33/256 sv_max=1.50e+02 resid=7.95e-02
progress N=2 step 3875/241277 1.6% t=38.75000 eta_s=122273.5 E=-1.44662838 P=0.90052642 dP=-0.09913247 r12=8.04415366 Vg=0.00000751 norm=1.00000000 rank=34/256 sv_max=1.45e+02 resid=7.31e-02
progress N=2 step 3900/241277 1.6% t=39.00000 eta_s=122225.6 E=-1.44316905 P=0.90046775 dP=-0.09919114 r12=8.04231576 Vg=0.00000785 norm=1.00000000 rank=33/256 sv_max=1.51e+02 resid=7.36e-02
progress N=2 step 3925/241277 1.6% t=39.25000 eta_s=122206.4 E=-1.43973051 P=0.90040761 dP=-0.09925128 r12=8.04085146 Vg=0.00000773 norm=1.00000000 rank=34/256 sv_max=1.54e+02 resid=7.44e-02
progress N=2 step 3950/241277 1.6% t=39.50000 eta_s=122186.2 E=-1.43631384 P=0.90032463 dP=-0.09933426 r12=8.03965986 Vg=0.00000697 norm=1.00000000 rank=33/256 sv_max=1.57e+02 resid=7.58e-02
progress N=2 step 3975/241277 1.6% t=39.75000 eta_s=122177.8 E=-1.43291990 P=0.90020695 dP=-0.09945194 r12=8.03874944 Vg=0.00000568 norm=1.00000000 rank=32/256 sv_max=1.59e+02 resid=6.83e-02
progress N=2 step 4000/241277 1.7% t=40.00000 eta_s=122168.0 E=-1.42954865 P=0.90004025 dP=-0.09961864 r12=8.03816212 Vg=0.00000468 norm=1.00000000 rank=32/256 sv_max=1.60e+02 resid=5.91e-02
progress N=2 step 4025/241277 1.7% t=40.25000 eta_s=122158.6 E=-1.42620041 P=0.89979961 dP=-0.09985928 r12=8.03789120 Vg=0.00000444 norm=1.00000000 rank=32/256 sv_max=1.60e+02 resid=5.05e-02
progress N=2 step 4050/241277 1.7% t=40.50000 eta_s=122156.4 E=-1.42287682 P=0.89946332 dP=-0.10019557 r12=8.03787137 Vg=0.00000473 norm=1.00000000 rank=32/256 sv_max=1.62e+02 resid=4.41e-02
progress N=2 step 4075/241277 1.7% t=40.75000 eta_s=122160.2 E=-1.41957797 P=0.89902447 dP=-0.10063442 r12=8.03805327 Vg=0.00000512 norm=1.00000000 rank=32/256 sv_max=1.69e+02 resid=4.57e-02
progress N=2 step 4100/241277 1.7% t=41.00000 eta_s=122162.1 E=-1.41630417 P=0.89849337 dP=-0.10116552 r12=8.03839332 Vg=0.00000525 norm=1.00000000 rank=32/256 sv_max=1.70e+02 resid=4.76e-02
progress N=2 step 4125/241277 1.7% t=41.25000 eta_s=122165.9 E=-1.41305715 P=0.89786793 dP=-0.10179096 r12=8.03886867 Vg=0.00000509 norm=1.00000000 rank=32/256 sv_max=1.65e+02 resid=4.26e-02
progress N=2 step 4150/241277 1.7% t=41.50000 eta_s=122167.7 E=-1.40983569 P=0.89716169 dP=-0.10249720 r12=8.03960740 Vg=0.00000455 norm=1.00000000 rank=32/256 sv_max=1.66e+02 resid=4.00e-02
progress N=2 step 4175/241277 1.7% t=41.75000 eta_s=122168.5 E=-1.40664043 P=0.89641306 dP=-0.10324583 r12=8.04071031 Vg=0.00000381 norm=1.00000000 rank=32/256 sv_max=1.66e+02 resid=3.93e-02
progress N=2 step 4200/241277 1.7% t=42.00000 eta_s=122168.3 E=-1.40347156 P=0.89564857 dP=-0.10401032 r12=8.04213595 Vg=0.00000343 norm=1.00000000 rank=32/256 sv_max=1.65e+02 resid=3.65e-02
progress N=2 step 4225/241277 1.8% t=42.25000 eta_s=122168.2 E=-1.40032872 P=0.89489412 dP=-0.10476478 r12=8.04389359 Vg=0.00000363 norm=1.00000000 rank=32/256 sv_max=1.69e+02 resid=3.76e-02
progress N=2 step 4250/241277 1.8% t=42.50000 eta_s=122168.1 E=-1.39721252 P=0.89419202 dP=-0.10546688 r12=8.04606323 Vg=0.00000410 norm=1.00000000 rank=32/256 sv_max=1.74e+02 resid=4.41e-02
progress N=2 step 4275/241277 1.8% t=42.75000 eta_s=122167.0 E=-1.39412156 P=0.89357347 dP=-0.10608542 r12=8.04865472 Vg=0.00000434 norm=1.00000000 rank=32/256 sv_max=1.77e+02 resid=4.98e-02
progress N=2 step 4300/241277 1.8% t=43.00000 eta_s=122165.2 E=-1.39105576 P=0.89305280 dP=-0.10660609 r12=8.05153909 Vg=0.00000405 norm=1.00000000 rank=32/256 sv_max=1.79e+02 resid=5.37e-02
progress N=2 step 4325/241277 1.8% t=43.25000 eta_s=122164.8 E=-1.38801279 P=0.89265038 dP=-0.10700851 r12=8.05450311 Vg=0.00000340 norm=1.00000000 rank=32/256 sv_max=1.78e+02 resid=5.74e-02
progress N=2 step 4350/241277 1.8% t=43.50000 eta_s=122163.9 E=-1.38499082 P=0.89238416 dP=-0.10727473 r12=8.05732073 Vg=0.00000279 norm=1.00000000 rank=32/256 sv_max=1.75e+02 resid=6.27e-02
progress N=2 step 4375/241277 1.8% t=43.75000 eta_s=122163.9 E=-1.38198801 P=0.89225903 dP=-0.10739986 r12=8.05982048 Vg=0.00000248 norm=1.00000000 rank=32/256 sv_max=1.76e+02 resid=6.80e-02
progress N=2 step 4400/241277 1.8% t=44.00000 eta_s=122164.9 E=-1.37900173 P=0.89226668 dP=-0.10739221 r12=8.06189276 Vg=0.00000252 norm=1.00000000 rank=32/256 sv_max=1.74e+02 resid=7.40e-02
progress N=2 step 4425/241277 1.8% t=44.25000 eta_s=122164.3 E=-1.37603241 P=0.89238665 dP=-0.10727224 r12=8.06348482 Vg=0.00000275 norm=1.00000000 rank=33/256 sv_max=1.73e+02 resid=7.68e-02
progress N=2 step 4450/241277 1.8% t=44.50000 eta_s=122163.2 E=-1.37307839 P=0.89258251 dP=-0.10707638 r12=8.06451564 Vg=0.00000303 norm=1.00000000 rank=32/256 sv_max=1.78e+02 resid=7.90e-02
progress N=2 step 4475/241277 1.9% t=44.75000 eta_s=122163.6 E=-1.37013973 P=0.89281116 dP=-0.10684773 r12=8.06480996 Vg=0.00000312 norm=1.00000000 rank=32/256 sv_max=1.83e+02 resid=7.59e-02
progress N=2 step 4500/241277 1.9% t=45.00000 eta_s=122163.2 E=-1.36721760 P=0.89304220 dP=-0.10661669 r12=8.06429780 Vg=0.00000290 norm=1.00000000 rank=32/256 sv_max=1.82e+02 resid=7.46e-02
progress N=2 step 4525/241277 1.9% t=45.25000 eta_s=122160.9 E=-1.36431044 P=0.89325891 dP=-0.10639998 r12=8.06306715 Vg=0.00000253 norm=1.00000000 rank=32/256 sv_max=1.79e+02 resid=7.75e-02
progress N=2 step 4550/241277 1.9% t=45.50000 eta_s=122158.5 E=-1.36141798 P=0.89344371 dP=-0.10621518 r12=8.06126305 Vg=0.00000223 norm=1.00000000 rank=32/256 sv_max=1.76e+02 resid=7.95e-02
progress N=2 step 4575/241277 1.9% t=45.75000 eta_s=122157.0 E=-1.35854087 P=0.89356525 dP=-0.10609364 r12=8.05899225 Vg=0.00000211 norm=1.00000000 rank=32/256 sv_max=1.76e+02 resid=8.05e-02
progress N=2 step 4600/241277 1.9% t=46.00000 eta_s=122155.2 E=-1.35567923 P=0.89359759 dP=-0.10606130 r12=8.05635639 Vg=0.00000209 norm=1.00000000 rank=32/256 sv_max=1.77e+02 resid=8.45e-02
progress N=2 step 4625/241277 1.9% t=46.25000 eta_s=122151.9 E=-1.35283338 P=0.89352847 dP=-0.10613042 r12=8.05346522 Vg=0.00000206 norm=1.00000000 rank=32/256 sv_max=1.78e+02 resid=8.62e-02
progress N=2 step 4650/241277 1.9% t=46.50000 eta_s=122148.4 E=-1.35000426 P=0.89334654 dP=-0.10631235 r12=8.05043252 Vg=0.00000204 norm=1.00000000 rank=32/256 sv_max=1.78e+02 resid=7.41e-02
progress N=2 step 4675/241277 1.9% t=46.75000 eta_s=122145.5 E=-1.34719281 P=0.89305439 dP=-0.10660450 r12=8.04740421 Vg=0.00000208 norm=1.00000000 rank=32/256 sv_max=1.80e+02 resid=5.97e-02
progress N=2 step 4700/241277 1.9% t=47.00000 eta_s=122143.6 E=-1.34440036 P=0.89267704 dP=-0.10698186 r12=8.04453983 Vg=0.00000217 norm=1.00000000 rank=32/256 sv_max=1.77e+02 resid=5.10e-02
progress N=2 step 4725/241277 2.0% t=47.25000 eta_s=122142.0 E=-1.34162650 P=0.89223528 dP=-0.10742362 r12=8.04198843 Vg=0.00000223 norm=1.00000000 rank=32/256 sv_max=1.73e+02 resid=4.62e-02
progress N=2 step 4750/241277 2.0% t=47.50000 eta_s=122138.1 E=-1.33887178 P=0.89173646 dP=-0.10792243 r12=8.03991564 Vg=0.00000231 norm=1.00000000 rank=32/256 sv_max=1.76e+02 resid=4.61e-02
progress N=2 step 4775/241277 2.0% t=47.75000 eta_s=122134.8 E=-1.33613680 P=0.89119461 dP=-0.10846428 r12=8.03849062 Vg=0.00000239 norm=1.00000000 rank=32/256 sv_max=1.82e+02 resid=5.34e-02
progress N=2 step 4800/241277 2.0% t=48.00000 eta_s=122131.0 E=-1.33342223 P=0.89062560 dP=-0.10903330 r12=8.03776911 Vg=0.00000235 norm=1.00000000 rank=32/256 sv_max=1.83e+02 resid=6.37e-02
progress N=2 step 4825/241277 2.0% t=48.25000 eta_s=122126.4 E=-1.33072853 P=0.89004158 dP=-0.10961731 r12=8.03766750 Vg=0.00000209 norm=1.00000000 rank=32/256 sv_max=1.84e+02 resid=6.76e-02
progress N=2 step 4850/241277 2.0% t=48.50000 eta_s=122119.3 E=-1.32805550 P=0.88945571 dP=-0.11020318 r12=8.03803994 Vg=0.00000181 norm=1.00000000 rank=32/256 sv_max=1.88e+02 resid=6.32e-02
progress N=2 step 4875/241277 2.0% t=48.75000 eta_s=122112.4 E=-1.32540224 P=0.88888314 dP=-0.11077576 r12=8.03870868 Vg=0.00000180 norm=1.00000000 rank=32/256 sv_max=1.91e+02 resid=5.64e-02
progress N=2 step 4900/241277 2.0% t=49.00000 eta_s=122103.3 E=-1.32276753 P=0.88833535 dP=-0.11132354 r12=8.03955061 Vg=0.00000208 norm=1.00000000 rank=32/256 sv_max=1.90e+02 resid=5.18e-02
progress N=2 step 4925/241277 2.0% t=49.25000 eta_s=122066.7 E=-1.32015062 P=0.88782073 dP=-0.11183816 r12=8.04061964 Vg=0.00000235 norm=1.00000000 rank=32/256 sv_max=1.90e+02 resid=5.27e-02
progress N=2 step 4950/241277 2.1% t=49.50000 eta_s=122027.2 E=-1.31755114 P=0.88734073 dP=-0.11231816 r12=8.04205982 Vg=0.00000256 norm=1.00000000 rank=33/256 sv_max=1.88e+02 resid=5.61e-02
progress N=2 step 4975/241277 2.1% t=49.75000 eta_s=121986.5 E=-1.31496913 P=0.88689467 dP=-0.11276422 r12=8.04394346 Vg=0.00000266 norm=1.00000000 rank=32/256 sv_max=1.93e+02 resid=6.47e-02
progress N=2 step 5000/241277 2.1% t=50.00000 eta_s=121934.3 E=-1.31240527 P=0.88646937 dP=-0.11318952 r12=8.04616154 Vg=0.00000273 norm=1.00000000 rank=32/256 sv_max=2.03e+02 resid=7.35e-02
progress N=2 step 5025/241277 2.1% t=50.25000 eta_s=121878.0 E=-1.30985975 P=0.88605866 dP=-0.11360023 r12=8.04846552 Vg=0.00000272 norm=1.00000000 rank=32/256 sv_max=2.13e+02 resid=7.95e-02
progress N=2 step 5050/241277 2.1% t=50.50000 eta_s=121830.6 E=-1.30733258 P=0.88564592 dP=-0.11401297 r12=8.05056863 Vg=0.00000281 norm=1.00000000 rank=32/256 sv_max=2.16e+02 resid=7.87e-02
progress N=2 step 5075/241277 2.1% t=50.75000 eta_s=121804.8 E=-1.30482339 P=0.88521644 dP=-0.11444245 r12=8.05225240 Vg=0.00000302 norm=1.00000000 rank=32/256 sv_max=2.16e+02 resid=7.52e-02
progress N=2 step 5100/241277 2.1% t=51.00000 eta_s=121788.7 E=-1.30233171 P=0.88475203 dP=-0.11490687 r12=8.05335834 Vg=0.00000328 norm=1.00000000 rank=32/256 sv_max=2.15e+02 resid=7.01e-02
progress N=2 step 5125/241277 2.1% t=51.25000 eta_s=121758.8 E=-1.29985722 P=0.88424251 dP=-0.11541638 r12=8.05380366 Vg=0.00000336 norm=1.00000000 rank=32/256 sv_max=2.14e+02 resid=6.52e-02
progress N=2 step 5150/241277 2.1% t=51.50000 eta_s=121747.8 E=-1.29739966 P=0.88369473 dP=-0.11596416 r12=8.05358140 Vg=0.00000319 norm=1.00000000 rank=32/256 sv_max=2.16e+02 resid=6.30e-02
progress N=2 step 5175/241277 2.1% t=51.75000 eta_s=121736.1 E=-1.29495874 P=0.88312652 dP=-0.11653237 r12=8.05276334 Vg=0.00000309 norm=1.00000000 rank=32/256 sv_max=2.21e+02 resid=6.34e-02
progress N=2 step 5200/241277 2.2% t=52.00000 eta_s=121729.4 E=-1.29253405 P=0.88255999 dP=-0.11709890 r12=8.05147571 Vg=0.00000348 norm=1.00000000 rank=32/256 sv_max=2.24e+02 resid=6.54e-02
progress N=2 step 5225/241277 2.2% t=52.25000 eta_s=121725.4 E=-1.29012524 P=0.88202221 dP=-0.11763668 r12=8.04981754 Vg=0.00000430 norm=1.00000000 rank=32/256 sv_max=2.24e+02 resid=6.68e-02
progress N=2 step 5250/241277 2.2% t=52.50000 eta_s=121718.9 E=-1.28773190 P=0.88153852 dP=-0.11812037 r12=8.04786023 Vg=0.00000514 norm=1.00000000 rank=32/256 sv_max=2.23e+02 resid=6.56e-02
progress N=2 step 5275/241277 2.2% t=52.75000 eta_s=121714.1 E=-1.28535355 P=0.88112732 dP=-0.11853158 r12=8.04568394 Vg=0.00000565 norm=1.00000000 rank=32/256 sv_max=2.20e+02 resid=6.35e-02
progress N=2 step 5300/241277 2.2% t=53.00000 eta_s=121710.9 E=-1.28299032 P=0.88080501 dP=-0.11885388 r12=8.04336395 Vg=0.00000567 norm=1.00000000 rank=32/256 sv_max=2.20e+02 resid=6.35e-02
progress N=2 step 5325/241277 2.2% t=53.25000 eta_s=121708.2 E=-1.28064130 P=0.88058306 dP=-0.11907583 r12=8.04099978 Vg=0.00000523 norm=1.00000000 rank=32/256 sv_max=2.24e+02 resid=6.62e-02
progress N=2 step 5350/241277 2.2% t=53.50000 eta_s=121705.3 E=-1.27830577 P=0.88046493 dP=-0.11919396 r12=8.03874294 Vg=0.00000467 norm=1.00000000 rank=32/256 sv_max=2.26e+02 resid=7.22e-02
progress N=2 step 5375/241277 2.2% t=53.75000 eta_s=121702.0 E=-1.27598304 P=0.88045104 dP=-0.11920785 r12=8.03672582 Vg=0.00000457 norm=1.00000000 rank=32/256 sv_max=2.27e+02 resid=8.32e-02
progress N=2 step 5400/241277 2.2% t=54.00000 eta_s=121698.2 E=-1.27367202 P=0.88053817 dP=-0.11912072 r12=8.03500552 Vg=0.00000531 norm=1.00000000 rank=32/256 sv_max=2.28e+02 resid=1.01e-01
progress N=2 step 5425/241277 2.2% t=54.25000 eta_s=121680.4 E=-1.27137200 P=0.88071490 dP=-0.11894399 r12=8.03358132 Vg=0.00000658 norm=1.00000000 rank=32/256 sv_max=2.26e+02 resid=1.21e-01
progress N=2 step 5450/241277 2.3% t=54.50000 eta_s=121656.8 E=-1.26908152 P=0.88095570 dP=-0.11870319 r12=8.03243866 Vg=0.00000768 norm=1.00000000 rank=32/256 sv_max=2.21e+02 resid=1.29e-01
progress N=2 step 5475/241277 2.3% t=54.75000 eta_s=121616.9 E=-1.26679954 P=0.88122706 dP=-0.11843183 r12=8.03161348 Vg=0.00000806 norm=1.00000000 rank=32/256 sv_max=2.16e+02 resid=1.25e-01
progress N=2 step 5500/241277 2.3% t=55.00000 eta_s=121581.0 E=-1.26452607 P=0.88149657 dP=-0.11816232 r12=8.03118799 Vg=0.00000770 norm=1.00000000 rank=32/256 sv_max=2.14e+02 resid=1.19e-01
progress N=2 step 5525/241277 2.3% t=55.25000 eta_s=121549.5 E=-1.26226265 P=0.88173481 dP=-0.11792408 r12=8.03118753 Vg=0.00000712 norm=1.00000000 rank=32/256 sv_max=2.19e+02 resid=1.10e-01
progress N=2 step 5550/241277 2.3% t=55.50000 eta_s=121514.4 E=-1.26000953 P=0.88192919 dP=-0.11772970 r12=8.03156191 Vg=0.00000674 norm=1.00000000 rank=32/256 sv_max=2.27e+02 resid=9.92e-02
progress N=2 step 5575/241277 2.3% t=55.75000 eta_s=121473.6 E=-1.25776667 P=0.88206369 dP=-0.11759520 r12=8.03223299 Vg=0.00000693 norm=1.00000000 rank=32/256 sv_max=2.29e+02 resid=9.09e-02
progress N=2 step 5600/241277 2.3% t=56.00000 eta_s=121452.0 E=-1.25553458 P=0.88211547 dP=-0.11754342 r12=8.03311322 Vg=0.00000784 norm=1.00000000 rank=32/256 sv_max=2.27e+02 resid=8.48e-02
progress N=2 step 5625/241277 2.3% t=56.25000 eta_s=121422.9 E=-1.25331453 P=0.88206551 dP=-0.11759338 r12=8.03409215 Vg=0.00000904 norm=1.00000000 rank=32/256 sv_max=2.25e+02 resid=7.82e-02
progress N=2 step 5650/241277 2.3% t=56.50000 eta_s=121378.2 E=-1.25110550 P=0.88189779 dP=-0.11776110 r12=8.03506222 Vg=0.00000984 norm=1.00000000 rank=32/256 sv_max=2.21e+02 resid=7.15e-02
progress N=2 step 5675/241277 2.4% t=56.75000 eta_s=121341.9 E=-1.24890789 P=0.88161234 dP=-0.11804655 r12=8.03599397 Vg=0.00000968 norm=1.00000000 rank=32/256 sv_max=2.18e+02 resid=6.73e-02
progress N=2 step 5700/241277 2.4% t=57.00000 eta_s=121317.4 E=-1.24672346 P=0.88122384 dP=-0.11843505 r12=8.03694294 Vg=0.00000876 norm=1.00000000 rank=32/256 sv_max=2.19e+02 resid=6.53e-02
progress N=2 step 5725/241277 2.4% t=57.25000 eta_s=121284.1 E=-1.24455112 P=0.88074696 dP=-0.11891193 r12=8.03799600 Vg=0.00000785 norm=1.00000000 rank=32/256 sv_max=2.24e+02 resid=6.49e-02
progress N=2 step 5750/241277 2.4% t=57.50000 eta_s=121257.4 E=-1.24239183 P=0.88019297 dP=-0.11946593 r12=8.03920041 Vg=0.00000774 norm=1.00000000 rank=32/256 sv_max=2.29e+02 resid=6.62e-02
progress N=2 step 5775/241277 2.4% t=57.75000 eta_s=121238.5 E=-1.24024712 P=0.87957590 dP=-0.12008299 r12=8.04052501 Vg=0.00000860 norm=1.00000000 rank=32/256 sv_max=2.30e+02 resid=6.79e-02
progress N=2 step 5800/241277 2.4% t=58.00000 eta_s=121219.5 E=-1.23811621 P=0.87891624 dP=-0.12074266 r12=8.04189083 Vg=0.00000998 norm=1.00000000 rank=32/256 sv_max=2.29e+02 resid=6.89e-02
progress N=2 step 5825/241277 2.4% t=58.25000 eta_s=121200.7 E=-1.23600059 P=0.87823714 dP=-0.12142175 r12=8.04318746 Vg=0.00001113 norm=1.00000000 rank=32/256 sv_max=2.32e+02 resid=7.00e-02
progress N=2 step 5850/241277 2.4% t=58.50000 eta_s=121182.1 E=-1.23389967 P=0.87756080 dP=-0.12209809 r12=8.04431024 Vg=0.00001137 norm=1.00000000 rank=32/256 sv_max=2.37e+02 resid=7.07e-02
progress N=2 step 5875/241277 2.4% t=58.75000 eta_s=121164.2 E=-1.23181261 P=0.87690930 dP=-0.12274959 r12=8.04525534 Vg=0.00001049 norm=1.00000000 rank=32/256 sv_max=2.40e+02 resid=7.19e-02
progress N=2 step 5900/241277 2.4% t=59.00000 eta_s=121147.3 E=-1.22974012 P=0.87630233 dP=-0.12335656 r12=8.04610622 Vg=0.00000905 norm=1.00000000 rank=32/256 sv_max=2.42e+02 resid=7.46e-02
progress N=2 step 5925/241277 2.5% t=59.25000 eta_s=121129.8 E=-1.22767973 P=0.87575478 dP=-0.12390411 r12=8.04694672 Vg=0.00000810 norm=1.00000000 rank=32/256 sv_max=2.45e+02 resid=7.76e-02
progress N=2 step 5950/241277 2.5% t=59.50000 eta_s=121111.4 E=-1.22563256 P=0.87527499 dP=-0.12438390 r12=8.04782636 Vg=0.00000831 norm=1.00000000 rank=32/256 sv_max=2.45e+02 resid=8.12e-02
progress N=2 step 5975/241277 2.5% t=59.75000 eta_s=121093.4 E=-1.22359660 P=0.87486568 dP=-0.12479321 r12=8.04876342 Vg=0.00000941 norm=1.00000000 rank=32/256 sv_max=2.44e+02 resid=8.85e-02
progress N=2 step 6000/241277 2.5% t=60.00000 eta_s=121075.7 E=-1.22157235 P=0.87451997 dP=-0.12513892 r12=8.04974101 Vg=0.00001053 norm=1.00000000 rank=32/256 sv_max=2.45e+02 resid=9.88e-02
progress N=2 step 6025/241277 2.5% t=60.25000 eta_s=121058.6 E=-1.21955916 P=0.87422134 dP=-0.12543755 r12=8.05072461 Vg=0.00001098 norm=1.00000000 rank=32/256 sv_max=2.49e+02 resid=1.09e-01
progress N=2 step 6050/241277 2.5% t=60.50000 eta_s=121041.3 E=-1.21755709 P=0.87395727 dP=-0.12570162 r12=8.05168488 Vg=0.00001061 norm=1.00000000 rank=32/256 sv_max=2.54e+02 resid=1.18e-01
progress N=2 step 6075/241277 2.5% t=60.75000 eta_s=121024.3 E=-1.21556621 P=0.87372672 dP=-0.12593217 r12=8.05259919 Vg=0.00000968 norm=1.00000000 rank=32/256 sv_max=2.60e+02 resid=1.23e-01
progress N=2 step 6100/241277 2.5% t=61.00000 eta_s=121007.7 E=-1.21358600 P=0.87352376 dP=-0.12613513 r12=8.05343379 Vg=0.00000863 norm=1.00000000 rank=32/256 sv_max=2.64e+02 resid=1.24e-01
progress N=2 step 6125/241277 2.5% t=61.25000 eta_s=120990.5 E=-1.21161671 P=0.87332948 dP=-0.12632941 r12=8.05411037 Vg=0.00000803 norm=1.00000000 rank=32/256 sv_max=2.66e+02 resid=1.26e-01
progress N=2 step 6150/241277 2.5% t=61.50000 eta_s=120980.0 E=-1.20965769 P=0.87312440 dP=-0.12653449 r12=8.05446590 Vg=0.00000817 norm=1.00000000 rank=32/256 sv_max=2.66e+02 resid=1.32e-01
progress N=2 step 6175/241277 2.6% t=61.75000 eta_s=120971.6 E=-1.20770914 P=0.87289007 dP=-0.12676882 r12=8.05424970 Vg=0.00000882 norm=1.00000000 rank=32/256 sv_max=2.66e+02 resid=1.35e-01
progress N=2 step 6200/241277 2.6% t=62.00000 eta_s=120959.9 E=-1.20577063 P=0.87261074 dP=-0.12704815 r12=8.05320871 Vg=0.00000930 norm=1.00000000 rank=32/256 sv_max=2.68e+02 resid=1.25e-01
progress N=2 step 6225/241277 2.6% t=62.25000 eta_s=120955.4 E=-1.20384210 P=0.87228402 dP=-0.12737487 r12=8.05120842 Vg=0.00000912 norm=1.00000000 rank=32/256 sv_max=2.71e+02 resid=1.07e-01
progress N=2 step 6250/241277 2.6% t=62.50000 eta_s=120950.6 E=-1.20192363 P=0.87192209 dP=-0.12773680 r12=8.04828541 Vg=0.00000834 norm=1.00000000 rank=32/256 sv_max=2.71e+02 resid=9.14e-02
progress N=2 step 6275/241277 2.6% t=62.75000 eta_s=120945.1 E=-1.20001435 P=0.87154231 dP=-0.12811658 r12=8.04461761 Vg=0.00000737 norm=1.00000000 rank=32/256 sv_max=2.70e+02 resid=8.08e-02
progress N=2 step 6300/241277 2.6% t=63.00000 eta_s=120939.3 E=-1.19811541 P=0.87115659 dP=-0.12850230 r12=8.04045253 Vg=0.00000666 norm=1.00000000 rank=32/256 sv_max=2.71e+02 resid=7.59e-02
progress N=2 step 6325/241277 2.6% t=63.25000 eta_s=120934.0 E=-1.19622544 P=0.87077099 dP=-0.12888790 r12=8.03603022 Vg=0.00000654 norm=1.00000000 rank=32/256 sv_max=2.71e+02 resid=7.70e-02
progress N=2 step 6350/241277 2.6% t=63.50000 eta_s=120924.3 E=-1.19434687 P=0.87040118 dP=-0.12925771 r12=8.03155366 Vg=0.00000693 norm=1.00000000 rank=32/256 sv_max=2.72e+02 resid=8.25e-02
progress N=2 step 6375/241277 2.6% t=63.75000 eta_s=120910.3 E=-1.19247795 P=0.87006047 dP=-0.12959842 r12=8.02713033 Vg=0.00000742 norm=1.00000000 rank=32/256 sv_max=2.78e+02 resid=9.04e-02
progress N=2 step 6400/241277 2.7% t=64.00000 eta_s=120896.1 E=-1.19061964 P=0.86975390 dP=-0.12990499 r12=8.02279663 Vg=0.00000748 norm=1.00000000 rank=32/256 sv_max=2.84e+02 resid=9.53e-02
progress N=2 step 6425/241277 2.7% t=64.25000 eta_s=120881.7 E=-1.18877114 P=0.86948630 dP=-0.13017259 r12=8.01861430 Vg=0.00000679 norm=1.00000000 rank=32/256 sv_max=2.84e+02 resid=9.68e-02
progress N=2 step 6450/241277 2.7% t=64.50000 eta_s=120871.9 E=-1.18693112 P=0.86926022 dP=-0.13039867 r12=8.01465980 Vg=0.00000563 norm=1.00000000 rank=32/256 sv_max=2.81e+02 resid=9.74e-02
progress N=2 step 6475/241277 2.7% t=64.75000 eta_s=120859.9 E=-1.18510073 P=0.86907716 dP=-0.13058173 r12=8.01106667 Vg=0.00000464 norm=1.00000000 rank=32/256 sv_max=2.80e+02 resid=9.87e-02
progress N=2 step 6500/241277 2.7% t=65.00000 eta_s=120841.7 E=-1.18327750 P=0.86893158 dP=-0.13072731 r12=8.00797643 Vg=0.00000420 norm=1.00000000 rank=32/256 sv_max=2.79e+02 resid=1.02e-01
progress N=2 step 6525/241277 2.7% t=65.25000 eta_s=120834.1 E=-1.18146224 P=0.86881369 dP=-0.13084520 r12=8.00556316 Vg=0.00000427 norm=1.00000000 rank=32/256 sv_max=2.78e+02 resid=1.10e-01
progress N=2 step 6550/241277 2.7% t=65.50000 eta_s=120799.3 E=-1.17965513 P=0.86870846 dP=-0.13095043 r12=8.00398325 Vg=0.00000454 norm=1.00000000 rank=32/256 sv_max=2.80e+02 resid=1.22e-01
progress N=2 step 6575/241277 2.7% t=65.75000 eta_s=120783.8 E=-1.17785582 P=0.86859621 dP=-0.13106268 r12=8.00328926 Vg=0.00000468 norm=1.00000000 rank=32/256 sv_max=2.87e+02 resid=1.34e-01
progress N=2 step 6600/241277 2.7% t=66.00000 eta_s=120774.7 E=-1.17606576 P=0.86846014 dP=-0.13119875 r12=8.00338179 Vg=0.00000454 norm=1.00000000 rank=32/256 sv_max=2.94e+02 resid=1.35e-01
progress N=2 step 6625/241277 2.7% t=66.25000 eta_s=120745.0 E=-1.17428414 P=0.86829766 dP=-0.13136123 r12=8.00410062 Vg=0.00000407 norm=1.00000000 rank=32/256 sv_max=2.95e+02 resid=1.25e-01
progress N=2 step 6650/241277 2.8% t=66.50000 eta_s=120741.2 E=-1.17251044 P=0.86810531 dP=-0.13155358 r12=8.00530457 Vg=0.00000337 norm=1.00000000 rank=32/256 sv_max=2.92e+02 resid=1.15e-01
progress N=2 step 6675/241277 2.8% t=66.75000 eta_s=120737.0 E=-1.17074603 P=0.86786972 dP=-0.13178918 r12=8.00690219 Vg=0.00000270 norm=1.00000000 rank=32/256 sv_max=2.89e+02 resid=1.12e-01
progress N=2 step 6700/241277 2.8% t=67.00000 eta_s=120732.5 E=-1.16898973 P=0.86757293 dP=-0.13208596 r12=8.00880004 Vg=0.00000229 norm=1.00000000 rank=32/256 sv_max=2.88e+02 resid=1.16e-01
progress N=2 step 6725/241277 2.8% t=67.25000 eta_s=120728.1 E=-1.16724158 P=0.86720574 dP=-0.13245315 r12=8.01088203 Vg=0.00000211 norm=1.00000000 rank=32/256 sv_max=2.90e+02 resid=1.22e-01
progress N=2 step 6750/241277 2.8% t=67.50000 eta_s=120723.3 E=-1.16550322 P=0.86677160 dP=-0.13288729 r12=8.01300158 Vg=0.00000199 norm=1.00000000 rank=32/256 sv_max=2.96e+02 resid=1.21e-01
progress N=2 step 6775/241277 2.8% t=67.75000 eta_s=120718.5 E=-1.16377383 P=0.86628538 dP=-0.13337351 r12=8.01503295 Vg=0.00000186 norm=1.00000000 rank=32/256 sv_max=3.01e+02 resid=1.10e-01
progress N=2 step 6800/241277 2.8% t=68.00000 eta_s=120714.1 E=-1.16205304 P=0.86576543 dP=-0.13389346 r12=8.01688650 Vg=0.00000177 norm=1.00000000 rank=32/256 sv_max=3.02e+02 resid=9.57e-02
progress N=2 step 6825/241277 2.8% t=68.25000 eta_s=120708.1 E=-1.16034152 P=0.86522593 dP=-0.13443296 r12=8.01849596 Vg=0.00000171 norm=1.00000000 rank=32/256 sv_max=2.99e+02 resid=8.54e-02
progress N=2 step 6850/241277 2.8% t=68.50000 eta_s=120694.2 E=-1.15863924 P=0.86467450 dP=-0.13498439 r12=8.01984419 Vg=0.00000155 norm=1.00000000 rank=32/256 sv_max=2.98e+02 resid=8.01e-02
progress N=2 step 6875/241277 2.8% t=68.75000 eta_s=120682.9 E=-1.15694581 P=0.86411056 dP=-0.13554833 r12=8.02092173 Vg=0.00000135 norm=1.00000000 rank=32/256 sv_max=3.00e+02 resid=8.04e-02
progress N=2 step 6900/241277 2.9% t=69.00000 eta_s=120672.3 E=-1.15526163 P=0.86353823 dP=-0.13612066 r12=8.02174151 Vg=0.00000119 norm=1.00000000 rank=32/256 sv_max=3.07e+02 resid=8.69e-02
progress N=2 step 6925/241277 2.9% t=69.25000 eta_s=120655.9 E=-1.15358823 P=0.86296922 dP=-0.13668967 r12=8.02236270 Vg=0.00000104 norm=1.00000000 rank=32/256 sv_max=3.16e+02 resid=1.01e-01
progress N=2 step 6950/241277 2.9% t=69.50000 eta_s=120643.8 E=-1.15192429 P=0.86241400 dP=-0.13724489 r12=8.02284115 Vg=0.00000091 norm=1.00000000 rank=32/256 sv_max=3.22e+02 resid=1.16e-01
progress N=2 step 6975/241277 2.9% t=69.75000 eta_s=120621.8 E=-1.15026950 P=0.86188178 dP=-0.13777711 r12=8.02319605 Vg=0.00000083 norm=1.00000000 rank=32/256 sv_max=3.22e+02 resid=1.22e-01
progress N=2 step 7000/241277 2.9% t=70.00000 eta_s=120601.1 E=-1.14862343 P=0.86138937 dP=-0.13826953 r12=8.02343968 Vg=0.00000086 norm=1.00000000 rank=32/256 sv_max=3.18e+02 resid=1.17e-01
progress N=2 step 7025/241277 2.9% t=70.25000 eta_s=120585.9 E=-1.14698594 P=0.86095860 dP=-0.13870029 r12=8.02362246 Vg=0.00000095 norm=1.00000000 rank=32/256 sv_max=3.15e+02 resid=1.08e-01
progress N=2 step 7050/241277 2.9% t=70.50000 eta_s=120565.3 E=-1.14535507 P=0.86059807 dP=-0.13906082 r12=8.02384382 Vg=0.00000106 norm=1.00000000 rank=33/256 sv_max=3.12e+02 resid=9.96e-02
progress N=2 step 7075/241277 2.9% t=70.75000 eta_s=120545.5 E=-1.14373075 P=0.86030955 dP=-0.13934934 r12=8.02433017 Vg=0.00000112 norm=1.00000000 rank=33/256 sv_max=3.13e+02 resid=1.01e-01
progress N=2 step 7100/241277 2.9% t=71.00000 eta_s=120534.2 E=-1.14211292 P=0.86008530 dP=-0.13957359 r12=8.02527352 Vg=0.00000115 norm=1.00000000 rank=33/256 sv_max=3.19e+02 resid=1.10e-01
progress N=2 step 7125/241277 3.0% t=71.25000 eta_s=120520.7 E=-1.14050290 P=0.85991900 dP=-0.13973989 r12=8.02673164 Vg=0.00000126 norm=1.00000000 rank=33/256 sv_max=3.27e+02 resid=1.32e-01
progress N=2 step 7150/241277 3.0% t=71.50000 eta_s=120508.8 E=-1.13889972 P=0.85979860 dP=-0.13986029 r12=8.02854312 Vg=0.00000148 norm=1.00000000 rank=32/256 sv_max=3.36e+02 resid=1.69e-01
progress N=2 step 7175/241277 3.0% t=71.75000 eta_s=120488.5 E=-1.13730332 P=0.85971596 dP=-0.13994293 r12=8.03043776 Vg=0.00000177 norm=1.00000000 rank=32/256 sv_max=3.35e+02 resid=2.25e-01
progress N=2 step 7200/241277 3.0% t=72.00000 eta_s=120459.3 E=-1.13571318 P=0.85967735 dP=-0.13998154 r12=8.03218283 Vg=0.00000198 norm=1.00000000 rank=32/256 sv_max=3.29e+02 resid=2.89e-01
progress N=2 step 7225/241277 3.0% t=72.25000 eta_s=120446.6 E=-1.13412868 P=0.85967417 dP=-0.13998472 r12=8.03357197 Vg=0.00000201 norm=1.00000000 rank=32/256 sv_max=3.28e+02 resid=3.02e-01
progress N=2 step 7250/241277 3.0% t=72.50000 eta_s=120432.4 E=-1.13255034 P=0.85967010 dP=-0.13998879 r12=8.03448882 Vg=0.00000201 norm=1.00000000 rank=33/256 sv_max=3.28e+02 resid=2.33e-01
progress N=2 step 7275/241277 3.0% t=72.75000 eta_s=120412.0 E=-1.13097711 P=0.85964053 dP=-0.14001836 r12=8.03490303 Vg=0.00000203 norm=1.00000000 rank=32/256 sv_max=3.25e+02 resid=1.77e-01
progress N=2 step 7300/241277 3.0% t=73.00000 eta_s=120405.6 E=-1.12940906 P=0.85958550 dP=-0.14007339 r12=8.03485841 Vg=0.00000214 norm=1.00000000 rank=32/256 sv_max=3.26e+02 resid=1.52e-01
progress N=2 step 7325/241277 3.0% t=73.25000 eta_s=120398.4 E=-1.12784645 P=0.85950089 dP=-0.14015800 r12=8.03433902 Vg=0.00000249 norm=1.00000000 rank=32/256 sv_max=3.29e+02 resid=1.36e-01
progress N=2 step 7350/241277 3.0% t=73.50000 eta_s=120391.9 E=-1.12628969 P=0.85937184 dP=-0.14028705 r12=8.03325394 Vg=0.00000315 norm=1.00000000 rank=32/256 sv_max=3.32e+02 resid=1.24e-01
progress N=2 step 7375/241277 3.1% t=73.75000 eta_s=120385.5 E=-1.12473940 P=0.85919847 dP=-0.14046042 r12=8.03151780 Vg=0.00000386 norm=1.00000000 rank=31/256 sv_max=3.31e+02 resid=1.15e-01
progress N=2 step 7400/241277 3.1% t=74.00000 eta_s=120378.5 E=-1.12319480 P=0.85900236 dP=-0.14065653 r12=8.02910803 Vg=0.00000428 norm=1.00000000 rank=31/256 sv_max=3.25e+02 resid=1.15e-01
progress N=2 step 7425/241277 3.1% t=74.25000 eta_s=120371.3 E=-1.12165587 P=0.85879463 dP=-0.14086426 r12=8.02601761 Vg=0.00000432 norm=1.00000000 rank=31/256 sv_max=3.25e+02 resid=1.19e-01
progress N=2 step 7450/241277 3.1% t=74.50000 eta_s=120364.4 E=-1.12012255 P=0.85857894 dP=-0.14107995 r12=8.02233439 Vg=0.00000411 norm=1.00000000 rank=31/256 sv_max=3.30e+02 resid=1.23e-01
progress N=2 step 7475/241277 3.1% t=74.75000 eta_s=120357.6 E=-1.11859468 P=0.85835783 dP=-0.14130106 r12=8.01825444 Vg=0.00000390 norm=1.00000000 rank=31/256 sv_max=3.34e+02 resid=1.33e-01
progress N=2 step 7500/241277 3.1% t=75.00000 eta_s=120350.5 E=-1.11707231 P=0.85813538 dP=-0.14152352 r12=8.01402103 Vg=0.00000389 norm=1.00000000 rank=31/256 sv_max=3.33e+02 resid=1.48e-01
progress N=2 step 7525/241277 3.1% t=75.25000 eta_s=120343.0 E=-1.11555635 P=0.85791470 dP=-0.14174419 r12=8.00978851 Vg=0.00000430 norm=1.00000000 rank=31/256 sv_max=3.32e+02 resid=1.61e-01
progress N=2 step 7550/241277 3.1% t=75.50000 eta_s=120335.2 E=-1.11404636 P=0.85769461 dP=-0.14196428 r12=8.00569217 Vg=0.00000516 norm=1.00000000 rank=31/256 sv_max=3.31e+02 resid=1.62e-01
progress N=2 step 7575/241277 3.1% t=75.75000 eta_s=120327.8 E=-1.11254227 P=0.85747797 dP=-0.14218092 r12=8.00188044 Vg=0.00000608 norm=1.00000000 rank=31/256 sv_max=3.30e+02 resid=1.54e-01
progress N=2 step 7600/241277 3.1% t=76.00000 eta_s=120319.2 E=-1.11104394 P=0.85726982 dP=-0.14238907 r12=7.99845949 Vg=0.00000659 norm=1.00000000 rank=31/256 sv_max=3.31e+02 resid=1.44e-01
progress N=2 step 7625/241277 3.2% t=76.25000 eta_s=120308.1 E=-1.10955122 P=0.85706479 dP=-0.14259410 r12=7.99554136 Vg=0.00000644 norm=1.00000000 rank=31/256 sv_max=3.34e+02 resid=1.39e-01
progress N=2 step 7650/241277 3.2% t=76.50000 eta_s=120297.4 E=-1.10806408 P=0.85684649 dP=-0.14281240 r12=7.99322362 Vg=0.00000597 norm=1.00000000 rank=31/256 sv_max=3.34e+02 resid=1.47e-01
progress N=2 step 7675/241277 3.2% t=76.75000 eta_s=120286.4 E=-1.10658254 P=0.85660935 dP=-0.14304954 r12=7.99157918 Vg=0.00000573 norm=1.00000000 rank=31/256 sv_max=3.37e+02 resid=1.63e-01
progress N=2 step 7700/241277 3.2% t=77.00000 eta_s=120275.9 E=-1.10510691 P=0.85634763 dP=-0.14331126 r12=7.99062019 Vg=0.00000591 norm=1.00000000 rank=31/256 sv_max=3.45e+02 resid=1.69e-01
