job_id=605677
array_job_id=605676
array_task_id=0
job_name=vs3n2f20A
partition=epyc
node_list=cent
submit_dir=/home/gyqyan/zexuan/ecg1d_code/1D_thouless_pumping
workdir=/home/gyqyan/zexuan/ecg1d_code/1D_thouless_pumping
cpus_per_task=16
mem_per_node=16384
planning_estimate=K32 local-dt fine20 split A, 241279 steps; free about 23.5 h, gauss conservatively about 53.6 h per width
start_time=2026-07-09T14:56:46+08:00
case_index=0
mode=free
sigma=0
binary=./build/ecg1d_vs3_n2_dt001_fine20_full
config=legacy_prb_3_3_n2_pathpad_K32_dt0p01_fine20_free lambda_C=1.00e-08 rcond=1.00e-04 | TDVP param dimension=160
progress N=2 step 0/241277 0.0% t=0.00000 eta_s=nan E=-2.15315103 P=0.99965889 dP=0.00000000 r12=8.04559382 Vg=0.00000000 norm=1.00000000 rank=-1/160 sv_max=nan resid=nan
initial t=0.00000 tau=0.00000 E=-2.1531510263 <X>/a=0.9996588910 norm=1.0000000000 V_gauss=0.0000000000
progress N=2 step 25/241277 0.0% t=0.25000 eta_s=52356.1 E=-2.15304188 P=0.99964625 dP=-0.00001264 r12=8.04558509 Vg=0.00000000 norm=1.00000000 rank=39/160 sv_max=8.73e+00 resid=4.48e-02
progress N=2 step 50/241277 0.0% t=0.50000 eta_s=52402.7 E=-2.15268738 P=0.99954374 dP=-0.00011515 r12=8.04553712 Vg=0.00000000 norm=1.00000000 rank=36/160 sv_max=8.73e+00 resid=3.91e-02
progress N=2 step 75/241277 0.0% t=0.75000 eta_s=51319.4 E=-2.15209754 P=0.99923915 dP=-0.00041974 r12=8.04543981 Vg=0.00000000 norm=1.00000000 rank=36/160 sv_max=8.73e+00 resid=2.68e-02
progress N=2 step 100/241277 0.0% t=1.00000 eta_s=50673.8 E=-2.15128880 P=0.99865692 dP=-0.00100197 r12=8.04540002 Vg=0.00000000 norm=1.00000000 rank=36/160 sv_max=8.73e+00 resid=2.34e-02
progress N=2 step 125/241277 0.1% t=1.25000 eta_s=51012.2 E=-2.15028045 P=0.99774602 dP=-0.00191287 r12=8.04532030 Vg=0.00000000 norm=1.00000000 rank=36/160 sv_max=8.73e+00 resid=1.87e-02
progress N=2 step 150/241277 0.1% t=1.50000 eta_s=51412.5 E=-2.14909456 P=0.99649924 dP=-0.00315966 r12=8.04524275 Vg=0.00000000 norm=1.00000000 rank=35/160 sv_max=8.73e+00 resid=1.72e-02
progress N=2 step 175/241277 0.1% t=1.75000 eta_s=51665.8 E=-2.14775285 P=0.99493092 dP=-0.00472797 r12=8.04529631 Vg=0.00000000 norm=1.00000000 rank=36/160 sv_max=8.73e+00 resid=1.76e-02
progress N=2 step 200/241277 0.1% t=2.00000 eta_s=51866.5 E=-2.14627449 P=0.99312034 dP=-0.00653855 r12=8.04531959 Vg=0.00000000 norm=1.00000000 rank=35/160 sv_max=8.73e+00 resid=1.57e-02
progress N=2 step 225/241277 0.1% t=2.25000 eta_s=52022.4 E=-2.14467349 P=0.99114547 dP=-0.00851342 r12=8.04543993 Vg=0.00000000 norm=1.00000000 rank=35/160 sv_max=8.73e+00 resid=1.64e-02
progress N=2 step 250/241277 0.1% t=2.50000 eta_s=52135.9 E=-2.14295909 P=0.98911198 dP=-0.01054691 r12=8.04562361 Vg=0.00000000 norm=1.00000000 rank=35/160 sv_max=8.73e+00 resid=1.56e-02
progress N=2 step 275/241277 0.1% t=2.75000 eta_s=52224.0 E=-2.14113093 P=0.98715211 dP=-0.01250678 r12=8.04559705 Vg=0.00000000 norm=1.00000000 rank=36/160 sv_max=8.73e+00 resid=1.64e-02
progress N=2 step 300/241277 0.1% t=3.00000 eta_s=52300.3 E=-2.13918395 P=0.98534373 dP=-0.01431516 r12=8.04566804 Vg=0.00000000 norm=1.00000000 rank=35/160 sv_max=8.73e+00 resid=1.94e-02
progress N=2 step 325/241277 0.1% t=3.25000 eta_s=52365.1 E=-2.13710808 P=0.98379477 dP=-0.01586412 r12=8.04560701 Vg=0.00000000 norm=1.00000000 rank=36/160 sv_max=8.73e+00 resid=1.13e-02
progress N=2 step 350/241277 0.1% t=3.50000 eta_s=52429.8 E=-2.13488743 P=0.98254758 dP=-0.01711131 r12=8.04557993 Vg=0.00000000 norm=1.00000000 rank=38/160 sv_max=8.73e+00 resid=1.09e-02
progress N=2 step 375/241277 0.2% t=3.75000 eta_s=52493.0 E=-2.13250606 P=0.98164034 dP=-0.01801855 r12=8.04562003 Vg=0.00000000 norm=1.00000000 rank=38/160 sv_max=8.73e+00 resid=1.70e-02
progress N=2 step 400/241277 0.2% t=4.00000 eta_s=52545.2 E=-2.12994452 P=0.98104650 dP=-0.01861239 r12=8.04575370 Vg=0.00000000 norm=1.00000000 rank=37/160 sv_max=8.73e+00 resid=3.22e-02
progress N=2 step 425/241277 0.2% t=4.25000 eta_s=52588.4 E=-2.12719590 P=0.98073115 dP=-0.01892774 r12=8.04585028 Vg=0.00000000 norm=1.00000000 rank=37/160 sv_max=8.73e+00 resid=2.29e-02
progress N=2 step 450/241277 0.2% t=4.50000 eta_s=52627.3 E=-2.12424631 P=0.98059501 dP=-0.01906388 r12=8.04593547 Vg=0.00000000 norm=1.00000000 rank=37/160 sv_max=8.73e+00 resid=2.46e-02
progress N=2 step 475/241277 0.2% t=4.75000 eta_s=52666.4 E=-2.12109247 P=0.98054014 dP=-0.01911875 r12=8.04585009 Vg=0.00000000 norm=1.00000000 rank=39/160 sv_max=8.73e+00 resid=1.74e-02
progress N=2 step 500/241277 0.2% t=5.00000 eta_s=52698.9 E=-2.11774033 P=0.98042781 dP=-0.01923108 r12=8.04589867 Vg=0.00000000 norm=1.00000000 rank=37/160 sv_max=8.72e+00 resid=1.82e-02
progress N=2 step 525/241277 0.2% t=5.25000 eta_s=52727.3 E=-2.11420170 P=0.98018545 dP=-0.01947344 r12=8.04586024 Vg=0.00000000 norm=1.00000000 rank=37/160 sv_max=8.72e+00 resid=1.02e-02
progress N=2 step 550/241277 0.2% t=5.50000 eta_s=52750.5 E=-2.11049110 P=0.97976007 dP=-0.01989882 r12=8.04567611 Vg=0.00000000 norm=1.00000000 rank=37/160 sv_max=8.72e+00 resid=1.50e-02
progress N=2 step 575/241277 0.2% t=5.75000 eta_s=52773.3 E=-2.10662524 P=0.97909257 dP=-0.02056632 r12=8.04556795 Vg=0.00000000 norm=1.00000000 rank=36/160 sv_max=8.72e+00 resid=1.07e-02
progress N=2 step 600/241277 0.2% t=6.00000 eta_s=52794.3 E=-2.10261879 P=0.97817872 dP=-0.02148017 r12=8.04556673 Vg=0.00000000 norm=1.00000000 rank=36/160 sv_max=8.72e+00 resid=9.09e-03
progress N=2 step 625/241277 0.3% t=6.25000 eta_s=52815.2 E=-2.09848586 P=0.97702170 dP=-0.02263719 r12=8.04559262 Vg=0.00000000 norm=1.00000000 rank=35/160 sv_max=8.72e+00 resid=6.30e-03
progress N=2 step 650/241277 0.3% t=6.50000 eta_s=52831.1 E=-2.09424436 P=0.97561430 dP=-0.02404459 r12=8.04565829 Vg=0.00000000 norm=1.00000000 rank=35/160 sv_max=8.72e+00 resid=7.38e-03
progress N=2 step 675/241277 0.3% t=6.75000 eta_s=52830.2 E=-2.08991295 P=0.97398022 dP=-0.02567867 r12=8.04572877 Vg=0.00000000 norm=1.00000000 rank=35/160 sv_max=8.72e+00 resid=7.88e-03
progress N=2 step 700/241277 0.3% t=7.00000 eta_s=52781.0 E=-2.08550951 P=0.97219327 dP=-0.02746562 r12=8.04595933 Vg=0.00000000 norm=1.00000000 rank=36/160 sv_max=8.72e+00 resid=8.40e-03
progress N=2 step 725/241277 0.3% t=7.25000 eta_s=52735.8 E=-2.08104656 P=0.97035546 dP=-0.02930343 r12=8.04628607 Vg=0.00000000 norm=1.00000000 rank=36/160 sv_max=8.72e+00 resid=7.41e-03
progress N=2 step 750/241277 0.3% t=7.50000 eta_s=52697.2 E=-2.07652718 P=0.96857202 dP=-0.03108688 r12=8.04632639 Vg=0.00000000 norm=1.00000000 rank=36/160 sv_max=8.72e+00 resid=1.02e-02
progress N=2 step 775/241277 0.3% t=7.75000 eta_s=52664.1 E=-2.07194821 P=0.96693157 dP=-0.03272732 r12=8.04640177 Vg=0.00000000 norm=1.00000000 rank=36/160 sv_max=8.72e+00 resid=1.18e-02
progress N=2 step 800/241277 0.3% t=8.00000 eta_s=52626.1 E=-2.06730236 P=0.96551839 dP=-0.03414050 r12=8.04646596 Vg=0.00000000 norm=1.00000000 rank=37/160 sv_max=8.72e+00 resid=5.40e-03
progress N=2 step 825/241277 0.3% t=8.25000 eta_s=52594.9 E=-2.06257907 P=0.96438863 dP=-0.03527026 r12=8.04637726 Vg=0.00000000 norm=1.00000000 rank=37/160 sv_max=8.72e+00 resid=9.70e-03
progress N=2 step 850/241277 0.4% t=8.50000 eta_s=52565.7 E=-2.05776560 P=0.96355819 dP=-0.03610070 r12=8.04635884 Vg=0.00000000 norm=1.00000000 rank=36/160 sv_max=8.71e+00 resid=1.30e-02
progress N=2 step 875/241277 0.4% t=8.75000 eta_s=52538.2 E=-2.05285050 P=0.96300622 dP=-0.03665267 r12=8.04644558 Vg=0.00000000 norm=1.00000000 rank=37/160 sv_max=8.71e+00 resid=7.00e-03
progress N=2 step 900/241277 0.4% t=9.00000 eta_s=52511.8 E=-2.04782671 P=0.96268014 dP=-0.03697875 r12=8.04650232 Vg=0.00000000 norm=1.00000000 rank=37/160 sv_max=8.71e+00 resid=1.18e-02
progress N=2 step 925/241277 0.4% t=9.25000 eta_s=52489.7 E=-2.04269058 P=0.96252968 dP=-0.03712921 r12=8.04656679 Vg=0.00000000 norm=1.00000000 rank=37/160 sv_max=8.71e+00 resid=1.53e-02
progress N=2 step 950/241277 0.4% t=9.50000 eta_s=52471.0 E=-2.03744314 P=0.96246461 dP=-0.03719429 r12=8.04680636 Vg=0.00000000 norm=1.00000000 rank=37/160 sv_max=8.71e+00 resid=1.07e-02
progress N=2 step 975/241277 0.4% t=9.75000 eta_s=52448.4 E=-2.03208950 P=0.96240960 dP=-0.03724930 r12=8.04687828 Vg=0.00000000 norm=1.00000000 rank=36/160 sv_max=8.71e+00 resid=1.11e-02
progress N=2 step 1000/241277 0.4% t=10.00000 eta_s=52427.1 E=-2.02663582 P=0.96231412 dP=-0.03734477 r12=8.04677357 Vg=0.00000000 norm=1.00000000 rank=36/160 sv_max=8.71e+00 resid=9.49e-03
progress N=2 step 1025/241277 0.4% t=10.25000 eta_s=52404.0 E=-2.02108963 P=0.96212207 dP=-0.03753682 r12=8.04662658 Vg=0.00000000 norm=1.00000000 rank=36/160 sv_max=8.70e+00 resid=7.65e-03
progress N=2 step 1050/241277 0.4% t=10.50000 eta_s=52385.0 E=-2.01545722 P=0.96177312 dP=-0.03788577 r12=8.04637649 Vg=0.00000000 norm=1.00000000 rank=36/160 sv_max=8.70e+00 resid=9.58e-03
progress N=2 step 1075/241277 0.4% t=10.75000 eta_s=52369.4 E=-2.00974938 P=0.96119249 dP=-0.03846640 r12=8.04640960 Vg=0.00000000 norm=1.00000000 rank=36/160 sv_max=8.70e+00 resid=9.32e-03
progress N=2 step 1100/241277 0.5% t=11.00000 eta_s=52351.3 E=-2.00398131 P=0.96034387 dP=-0.03931503 r12=8.04648507 Vg=0.00000000 norm=1.00000000 rank=36/160 sv_max=8.70e+00 resid=6.08e-03
progress N=2 step 1125/241277 0.5% t=11.25000 eta_s=52334.5 E=-1.99817087 P=0.95920716 dP=-0.04045174 r12=8.04656142 Vg=0.00000000 norm=1.00000000 rank=37/160 sv_max=8.70e+00 resid=1.18e-02
progress N=2 step 1150/241277 0.5% t=11.50000 eta_s=52316.9 E=-1.99233704 P=0.95781005 dP=-0.04184884 r12=8.04673130 Vg=0.00000000 norm=1.00000000 rank=37/160 sv_max=8.70e+00 resid=8.60e-03
progress N=2 step 1175/241277 0.5% t=11.75000 eta_s=52300.3 E=-1.98649609 P=0.95620899 dP=-0.04344991 r12=8.04711255 Vg=0.00000000 norm=1.00000000 rank=37/160 sv_max=8.71e+00 resid=7.48e-03
progress N=2 step 1200/241277 0.5% t=12.00000 eta_s=52285.2 E=-1.98065923 P=0.95451402 dP=-0.04514487 r12=8.04757472 Vg=0.00000000 norm=1.00000000 rank=37/160 sv_max=8.71e+00 resid=6.43e-03
progress N=2 step 1225/241277 0.5% t=12.25000 eta_s=52270.1 E=-1.97483062 P=0.95282471 dP=-0.04683418 r12=8.04791714 Vg=0.00000000 norm=1.00000000 rank=38/160 sv_max=8.71e+00 resid=7.31e-03
progress N=2 step 1250/241277 0.5% t=12.50000 eta_s=52256.2 E=-1.96900964 P=0.95122842 dP=-0.04843047 r12=8.04804875 Vg=0.00000000 norm=1.00000000 rank=38/160 sv_max=8.71e+00 resid=8.91e-03
progress N=2 step 1275/241277 0.5% t=12.75000 eta_s=52243.6 E=-1.96318978 P=0.94980918 dP=-0.04984971 r12=8.04809185 Vg=0.00000000 norm=1.00000000 rank=38/160 sv_max=8.70e+00 resid=6.51e-03
progress N=2 step 1300/241277 0.5% t=13.00000 eta_s=52232.7 E=-1.95736383 P=0.94860515 dP=-0.05105374 r12=8.04836681 Vg=0.00000000 norm=1.00000000 rank=37/160 sv_max=8.70e+00 resid=8.56e-03
progress N=2 step 1325/241277 0.5% t=13.25000 eta_s=52221.0 E=-1.95152495 P=0.94764920 dP=-0.05200969 r12=8.04871015 Vg=0.00000000 norm=1.00000000 rank=37/160 sv_max=8.70e+00 resid=1.16e-02
progress N=2 step 1350/241277 0.6% t=13.50000 eta_s=52209.4 E=-1.94566623 P=0.94695312 dP=-0.05270577 r12=8.04914167 Vg=0.00000000 norm=1.00000000 rank=37/160 sv_max=8.70e+00 resid=1.66e-02
progress N=2 step 1375/241277 0.6% t=13.75000 eta_s=52197.8 E=-1.93978140 P=0.94651303 dP=-0.05314586 r12=8.04945827 Vg=0.00000000 norm=1.00000000 rank=36/160 sv_max=8.70e+00 resid=1.42e-02
progress N=2 step 1400/241277 0.6% t=14.00000 eta_s=52175.6 E=-1.93386610 P=0.94630400 dP=-0.05335489 r12=8.04942600 Vg=0.00000000 norm=1.00000000 rank=36/160 sv_max=8.70e+00 resid=1.24e-02
progress N=2 step 1425/241277 0.6% t=14.25000 eta_s=52152.3 E=-1.92791600 P=0.94627996 dP=-0.05337893 r12=8.04927631 Vg=0.00000000 norm=1.00000000 rank=36/160 sv_max=8.70e+00 resid=1.31e-02
progress N=2 step 1450/241277 0.6% t=14.50000 eta_s=52130.8 E=-1.92192839 P=0.94640082 dP=-0.05325807 r12=8.04889941 Vg=0.00000000 norm=1.00000000 rank=36/160 sv_max=8.70e+00 resid=1.95e-02
progress N=2 step 1475/241277 0.6% t=14.75000 eta_s=52112.2 E=-1.91590001 P=0.94660712 dP=-0.05305177 r12=8.04818770 Vg=0.00000000 norm=1.00000000 rank=36/160 sv_max=8.70e+00 resid=1.68e-02
progress N=2 step 1500/241277 0.6% t=15.00000 eta_s=52090.3 E=-1.90983097 P=0.94680277 dP=-0.05285612 r12=8.04757256 Vg=0.00000000 norm=1.00000000 rank=36/160 sv_max=8.70e+00 resid=1.69e-02
progress N=2 step 1525/241277 0.6% t=15.25000 eta_s=52067.8 E=-1.90372614 P=0.94687578 dP=-0.05278311 r12=8.04724822 Vg=0.00000000 norm=1.00000000 rank=36/160 sv_max=8.70e+00 resid=1.65e-02
progress N=2 step 1550/241277 0.6% t=15.50000 eta_s=52047.0 E=-1.89759524 P=0.94674677 dP=-0.05291212 r12=8.04703423 Vg=0.00000000 norm=1.00000000 rank=36/160 sv_max=8.70e+00 resid=1.39e-02
progress N=2 step 1575/241277 0.7% t=15.75000 eta_s=52025.2 E=-1.89145098 P=0.94635025 dP=-0.05330864 r12=8.04689359 Vg=0.00000000 norm=1.00000000 rank=36/160 sv_max=8.70e+00 resid=1.34e-02
progress N=2 step 1600/241277 0.7% t=16.00000 eta_s=52005.8 E=-1.88530766 P=0.94565045 dP=-0.05400844 r12=8.04676123 Vg=0.00000000 norm=1.00000000 rank=36/160 sv_max=8.70e+00 resid=1.20e-02
progress N=2 step 1625/241277 0.7% t=16.25000 eta_s=51986.9 E=-1.87917950 P=0.94466016 dP=-0.05499873 r12=8.04674194 Vg=0.00000000 norm=1.00000000 rank=36/160 sv_max=8.70e+00 resid=1.13e-02
progress N=2 step 1650/241277 0.7% t=16.50000 eta_s=51938.2 E=-1.87307614 P=0.94343859 dP=-0.05622030 r12=8.04686801 Vg=0.00000000 norm=1.00000000 rank=36/160 sv_max=8.70e+00 resid=8.28e-03
progress N=2 step 1675/241277 0.7% t=16.75000 eta_s=51854.3 E=-1.86700504 P=0.94205553 dP=-0.05760336 r12=8.04687273 Vg=0.00000000 norm=1.00000000 rank=37/160 sv_max=8.70e+00 resid=7.79e-03
progress N=2 step 1700/241277 0.7% t=17.00000 eta_s=51824.8 E=-1.86097085 P=0.94057356 dP=-0.05908533 r12=8.04702579 Vg=0.00000000 norm=1.00000000 rank=37/160 sv_max=8.70e+00 resid=1.17e-02
progress N=2 step 1725/241277 0.7% t=17.25000 eta_s=51815.3 E=-1.85497639 P=0.93907146 dP=-0.06058744 r12=8.04745053 Vg=0.00000000 norm=1.00000000 rank=37/160 sv_max=8.70e+00 resid=9.78e-03
progress N=2 step 1750/241277 0.7% t=17.50000 eta_s=51808.0 E=-1.84902235 P=0.93759694 dP=-0.06206195 r12=8.04818253 Vg=0.00000000 norm=1.00000000 rank=37/160 sv_max=8.70e+00 resid=8.81e-03
progress N=2 step 1775/241277 0.7% t=17.75000 eta_s=51798.0 E=-1.84310813 P=0.93622118 dP=-0.06343771 r12=8.04907035 Vg=0.00000000 norm=1.00000000 rank=36/160 sv_max=8.70e+00 resid=1.15e-02
progress N=2 step 1800/241277 0.7% t=18.00000 eta_s=51789.6 E=-1.83723133 P=0.93500347 dP=-0.06465542 r12=8.04995685 Vg=0.00000000 norm=1.00000000 rank=37/160 sv_max=8.70e+00 resid=1.29e-02
progress N=2 step 1825/241277 0.8% t=18.25000 eta_s=51758.0 E=-1.83138769 P=0.93398400 dP=-0.06567489 r12=8.05068595 Vg=0.00000000 norm=1.00000000 rank=38/160 sv_max=8.70e+00 resid=1.28e-02
progress N=2 step 1850/241277 0.8% t=18.50000 eta_s=51720.0 E=-1.82557153 P=0.93321163 dP=-0.06644726 r12=8.05119822 Vg=0.00000000 norm=1.00000000 rank=38/160 sv_max=8.68e+00 resid=1.35e-02
progress N=2 step 1875/241277 0.8% t=18.75000 eta_s=51699.5 E=-1.81977511 P=0.93272573 dP=-0.06693316 r12=8.05140916 Vg=0.00000000 norm=1.00000000 rank=38/160 sv_max=8.68e+00 resid=1.42e-02
progress N=2 step 1900/241277 0.8% t=19.00000 eta_s=51695.3 E=-1.81399048 P=0.93250925 dP=-0.06714964 r12=8.05137524 Vg=0.00000000 norm=1.00000000 rank=38/160 sv_max=8.68e+00 resid=1.62e-02
progress N=2 step 1925/241277 0.8% t=19.25000 eta_s=51692.5 E=-1.80821170 P=0.93251093 dP=-0.06714796 r12=8.05120642 Vg=0.00000000 norm=1.00000000 rank=37/160 sv_max=8.68e+00 resid=1.88e-02
progress N=2 step 1950/241277 0.8% t=19.50000 eta_s=51690.3 E=-1.80243391 P=0.93266625 dP=-0.06699264 r12=8.05096880 Vg=0.00000000 norm=1.00000000 rank=37/160 sv_max=8.68e+00 resid=2.03e-02
progress N=2 step 1975/241277 0.8% t=19.75000 eta_s=51686.4 E=-1.79665665 P=0.93288855 dP=-0.06677034 r12=8.05060526 Vg=0.00000000 norm=1.00000000 rank=37/160 sv_max=8.68e+00 resid=2.03e-02
progress N=2 step 2000/241277 0.8% t=20.00000 eta_s=51681.2 E=-1.79088106 P=0.93307927 dP=-0.06657962 r12=8.05009559 Vg=0.00000000 norm=1.00000000 rank=37/160 sv_max=8.68e+00 resid=2.18e-02
progress N=2 step 2025/241277 0.8% t=20.25000 eta_s=51676.7 E=-1.78510989 P=0.93317815 dP=-0.06648074 r12=8.04948057 Vg=0.00000000 norm=1.00000000 rank=37/160 sv_max=8.68e+00 resid=1.90e-02
progress N=2 step 2050/241277 0.8% t=20.50000 eta_s=51667.5 E=-1.77934937 P=0.93315008 dP=-0.06650881 r12=8.04875990 Vg=0.00000000 norm=1.00000000 rank=38/160 sv_max=8.67e+00 resid=1.66e-02
progress N=2 step 2075/241277 0.9% t=20.75000 eta_s=51634.5 E=-1.77360458 P=0.93297994 dP=-0.06667896 r12=8.04787326 Vg=0.00000000 norm=1.00000000 rank=37/160 sv_max=8.67e+00 resid=1.87e-02
progress N=2 step 2100/241277 0.9% t=21.00000 eta_s=51600.2 E=-1.76788012 P=0.93266040 dP=-0.06699849 r12=8.04702298 Vg=0.00000000 norm=1.00000000 rank=37/160 sv_max=8.67e+00 resid=1.68e-02
progress N=2 step 2125/241277 0.9% t=21.25000 eta_s=51566.9 E=-1.76217998 P=0.93218002 dP=-0.06747887 r12=8.04638314 Vg=0.00000000 norm=1.00000000 rank=37/160 sv_max=8.67e+00 resid=1.46e-02
progress N=2 step 2150/241277 0.9% t=21.50000 eta_s=51531.4 E=-1.75650833 P=0.93153368 dP=-0.06812521 r12=8.04606607 Vg=0.00000000 norm=1.00000000 rank=37/160 sv_max=8.67e+00 resid=1.46e-02
progress N=2 step 2175/241277 0.9% t=21.75000 eta_s=51505.5 E=-1.75087069 P=0.93071867 dP=-0.06894022 r12=8.04623094 Vg=0.00000000 norm=1.00000000 rank=38/160 sv_max=8.67e+00 resid=1.37e-02
progress N=2 step 2200/241277 0.9% t=22.00000 eta_s=51494.9 E=-1.74527193 P=0.92975709 dP=-0.06990180 r12=8.04687158 Vg=0.00000000 norm=1.00000000 rank=38/160 sv_max=8.67e+00 resid=1.32e-02
progress N=2 step 2225/241277 0.9% t=22.25000 eta_s=51501.7 E=-1.73971611 P=0.92868695 dP=-0.07097194 r12=8.04787211 Vg=0.00000000 norm=1.00000000 rank=38/160 sv_max=8.67e+00 resid=1.38e-02
progress N=2 step 2250/241277 0.9% t=22.50000 eta_s=51507.1 E=-1.73420754 P=0.92754086 dP=-0.07211803 r12=8.04903728 Vg=0.00000000 norm=1.00000000 rank=37/160 sv_max=8.67e+00 resid=1.72e-02
progress N=2 step 2275/241277 0.9% t=22.75000 eta_s=51498.6 E=-1.72874820 P=0.92637817 dP=-0.07328072 r12=8.05015769 Vg=0.00000000 norm=1.00000000 rank=37/160 sv_max=8.67e+00 resid=1.67e-02
progress N=2 step 2300/241277 1.0% t=23.00000 eta_s=51477.5 E=-1.72333789 P=0.92527822 dP=-0.07438067 r12=8.05128024 Vg=0.00000000 norm=1.00000000 rank=38/160 sv_max=8.67e+00 resid=1.52e-02
progress N=2 step 2325/241277 1.0% t=23.25000 eta_s=51458.3 E=-1.71797335 P=0.92427936 dP=-0.07537953 r12=8.05245588 Vg=0.00000000 norm=1.00000000 rank=38/160 sv_max=8.67e+00 resid=1.53e-02
progress N=2 step 2350/241277 1.0% t=23.50000 eta_s=51443.9 E=-1.71265048 P=0.92341472 dP=-0.07624417 r12=8.05354019 Vg=0.00000000 norm=1.00000000 rank=38/160 sv_max=8.67e+00 resid=1.65e-02
progress N=2 step 2375/241277 1.0% t=23.75000 eta_s=51451.5 E=-1.70736359 P=0.92269859 dP=-0.07696030 r12=8.05447744 Vg=0.00000000 norm=1.00000000 rank=38/160 sv_max=8.67e+00 resid=1.82e-02
progress N=2 step 2400/241277 1.0% t=24.00000 eta_s=51465.2 E=-1.70210866 P=0.92212596 dP=-0.07753293 r12=8.05522507 Vg=0.00000000 norm=1.00000000 rank=38/160 sv_max=8.67e+00 resid=1.94e-02
progress N=2 step 2425/241277 1.0% t=24.25000 eta_s=51477.7 E=-1.69688418 P=0.92167767 dP=-0.07798122 r12=8.05579635 Vg=0.00000000 norm=1.00000000 rank=38/160 sv_max=8.67e+00 resid=2.13e-02
progress N=2 step 2450/241277 1.0% t=24.50000 eta_s=51490.3 E=-1.69168961 P=0.92131833 dP=-0.07834056 r12=8.05624534 Vg=0.00000000 norm=1.00000000 rank=38/160 sv_max=8.67e+00 resid=2.39e-02
progress N=2 step 2475/241277 1.0% t=24.75000 eta_s=51502.7 E=-1.68652627 P=0.92103132 dP=-0.07862758 r12=8.05652539 Vg=0.00000000 norm=1.00000000 rank=38/160 sv_max=8.67e+00 resid=2.16e-02
progress N=2 step 2500/241277 1.0% t=25.00000 eta_s=51509.3 E=-1.68139503 P=0.92080678 dP=-0.07885211 r12=8.05653961 Vg=0.00000000 norm=1.00000000 rank=38/160 sv_max=8.67e+00 resid=2.22e-02
progress N=2 step 2525/241277 1.0% t=25.25000 eta_s=51515.4 E=-1.67629456 P=0.92061537 dP=-0.07904352 r12=8.05612351 Vg=0.00000000 norm=1.00000000 rank=38/160 sv_max=8.67e+00 resid=2.57e-02
progress N=2 step 2550/241277 1.1% t=25.50000 eta_s=51527.0 E=-1.67122224 P=0.92043797 dP=-0.07922092 r12=8.05519535 Vg=0.00000000 norm=1.00000000 rank=39/160 sv_max=8.67e+00 resid=2.45e-02
progress N=2 step 2575/241277 1.1% t=25.75000 eta_s=51537.6 E=-1.66617595 P=0.92026869 dP=-0.07939021 r12=8.05391652 Vg=0.00000000 norm=1.00000000 rank=39/160 sv_max=8.67e+00 resid=2.96e-02
progress N=2 step 2600/241277 1.1% t=26.00000 eta_s=51548.8 E=-1.66115436 P=0.92009676 dP=-0.07956213 r12=8.05258639 Vg=0.00000000 norm=1.00000000 rank=38/160 sv_max=8.66e+00 resid=3.21e-02
progress N=2 step 2625/241277 1.1% t=26.25000 eta_s=51559.5 E=-1.65615768 P=0.91988440 dP=-0.07977449 r12=8.05142896 Vg=0.00000000 norm=1.00000000 rank=38/160 sv_max=8.67e+00 resid=2.61e-02
progress N=2 step 2650/241277 1.1% t=26.50000 eta_s=51569.8 E=-1.65118719 P=0.91963004 dP=-0.08002885 r12=8.05045482 Vg=0.00000000 norm=1.00000000 rank=38/160 sv_max=8.67e+00 resid=2.68e-02
progress N=2 step 2675/241277 1.1% t=26.75000 eta_s=51580.3 E=-1.64624602 P=0.91934648 dP=-0.08031241 r12=8.04963262 Vg=0.00000000 norm=1.00000000 rank=38/160 sv_max=8.66e+00 resid=2.65e-02
progress N=2 step 2700/241277 1.1% t=27.00000 eta_s=51590.3 E=-1.64133691 P=0.91903038 dP=-0.08062851 r12=8.04904809 Vg=0.00000000 norm=1.00000000 rank=38/160 sv_max=8.66e+00 resid=2.37e-02
progress N=2 step 2725/241277 1.1% t=27.25000 eta_s=51599.8 E=-1.63646120 P=0.91869063 dP=-0.08096826 r12=8.04870412 Vg=0.00000000 norm=1.00000000 rank=38/160 sv_max=8.66e+00 resid=2.46e-02
progress N=2 step 2750/241277 1.1% t=27.50000 eta_s=51609.6 E=-1.63161986 P=0.91834884 dP=-0.08131005 r12=8.04873786 Vg=0.00000000 norm=1.00000000 rank=37/160 sv_max=8.66e+00 resid=2.54e-02
progress N=2 step 2775/241277 1.2% t=27.75000 eta_s=51618.5 E=-1.62681229 P=0.91800848 dP=-0.08165041 r12=8.04910711 Vg=0.00000000 norm=1.00000000 rank=38/160 sv_max=8.66e+00 resid=2.36e-02
progress N=2 step 2800/241277 1.2% t=28.00000 eta_s=51626.4 E=-1.62203649 P=0.91767342 dP=-0.08198548 r12=8.04962876 Vg=0.00000000 norm=1.00000000 rank=38/160 sv_max=8.66e+00 resid=2.45e-02
progress N=2 step 2825/241277 1.2% t=28.25000 eta_s=51634.8 E=-1.61729144 P=0.91734142 dP=-0.08231747 r12=8.05022421 Vg=0.00000000 norm=1.00000000 rank=38/160 sv_max=8.66e+00 resid=2.40e-02
progress N=2 step 2850/241277 1.2% t=28.50000 eta_s=51642.5 E=-1.61257609 P=0.91699168 dP=-0.08266721 r12=8.05092205 Vg=0.00000000 norm=1.00000000 rank=38/160 sv_max=8.66e+00 resid=2.30e-02
progress N=2 step 2875/241277 1.2% t=28.75000 eta_s=51650.7 E=-1.60789171 P=0.91658209 dP=-0.08307680 r12=8.05187047 Vg=0.00000000 norm=1.00000000 rank=38/160 sv_max=8.66e+00 resid=2.36e-02
progress N=2 step 2900/241277 1.2% t=29.00000 eta_s=51658.5 E=-1.60324061 P=0.91607922 dP=-0.08357967 r12=8.05309486 Vg=0.00000000 norm=1.00000000 rank=38/160 sv_max=8.66e+00 resid=2.37e-02
progress N=2 step 2925/241277 1.2% t=29.25000 eta_s=51665.5 E=-1.59862525 P=0.91549106 dP=-0.08416783 r12=8.05444380 Vg=0.00000000 norm=1.00000000 rank=39/160 sv_max=8.66e+00 resid=2.02e-02
progress N=2 step 2950/241277 1.2% t=29.50000 eta_s=51672.9 E=-1.59404845 P=0.91482180 dP=-0.08483710 r12=8.05567336 Vg=0.00000000 norm=1.00000000 rank=39/160 sv_max=8.66e+00 resid=1.90e-02
progress N=2 step 2975/241277 1.2% t=29.75000 eta_s=51679.8 E=-1.58951141 P=0.91408644 dP=-0.08557245 r12=8.05664463 Vg=0.00000000 norm=1.00000000 rank=39/160 sv_max=8.66e+00 resid=2.08e-02
progress N=2 step 3000/241277 1.2% t=30.00000 eta_s=51687.2 E=-1.58501426 P=0.91330938 dP=-0.08634951 r12=8.05744350 Vg=0.00000000 norm=1.00000000 rank=41/160 sv_max=8.65e+00 resid=2.00e-02
progress N=2 step 3025/241277 1.3% t=30.25000 eta_s=51694.2 E=-1.58055647 P=0.91250653 dP=-0.08715236 r12=8.05808155 Vg=0.00000000 norm=1.00000000 rank=41/160 sv_max=8.65e+00 resid=1.83e-02
progress N=2 step 3050/241277 1.3% t=30.50000 eta_s=51701.7 E=-1.57613745 P=0.91168797 dP=-0.08797092 r12=8.05855483 Vg=0.00000000 norm=1.00000000 rank=40/160 sv_max=8.66e+00 resid=1.71e-02
progress N=2 step 3075/241277 1.3% t=30.75000 eta_s=51708.4 E=-1.57175680 P=0.91085962 dP=-0.08879927 r12=8.05900191 Vg=0.00000000 norm=1.00000000 rank=39/160 sv_max=8.65e+00 resid=1.85e-02
progress N=2 step 3100/241277 1.3% t=31.00000 eta_s=51715.3 E=-1.56741455 P=0.91000375 dP=-0.08965514 r12=8.05951462 Vg=0.00000000 norm=1.00000000 rank=39/160 sv_max=8.65e+00 resid=2.14e-02
progress N=2 step 3125/241277 1.3% t=31.25000 eta_s=51722.3 E=-1.56311063 P=0.90914669 dP=-0.09051220 r12=8.05994561 Vg=0.00000000 norm=1.00000000 rank=40/160 sv_max=8.65e+00 resid=2.53e-02
progress N=2 step 3150/241277 1.3% t=31.50000 eta_s=51728.9 E=-1.55884471 P=0.90832428 dP=-0.09133461 r12=8.06016480 Vg=0.00000000 norm=1.00000000 rank=41/160 sv_max=8.63e+00 resid=2.69e-02
progress N=2 step 3175/241277 1.3% t=31.75000 eta_s=51735.7 E=-1.55461632 P=0.90758230 dP=-0.09207659 r12=8.06014651 Vg=0.00000000 norm=1.00000000 rank=40/160 sv_max=8.62e+00 resid=2.51e-02
progress N=2 step 3200/241277 1.3% t=32.00000 eta_s=51742.0 E=-1.55042396 P=0.90697487 dP=-0.09268402 r12=8.05995705 Vg=0.00000000 norm=1.00000000 rank=40/160 sv_max=8.63e+00 resid=2.57e-02
progress N=2 step 3225/241277 1.3% t=32.25000 eta_s=51747.6 E=-1.54626434 P=0.90653998 dP=-0.09311891 r12=8.05963786 Vg=0.00000000 norm=1.00000000 rank=39/160 sv_max=8.63e+00 resid=2.73e-02
progress N=2 step 3250/241277 1.3% t=32.50000 eta_s=51754.2 E=-1.54213459 P=0.90627319 dP=-0.09338570 r12=8.05908423 Vg=0.00000000 norm=1.00000000 rank=39/160 sv_max=8.63e+00 resid=2.70e-02
progress N=2 step 3275/241277 1.4% t=32.75000 eta_s=51759.8 E=-1.53803191 P=0.90617690 dP=-0.09348199 r12=8.05840328 Vg=0.00000000 norm=1.00000000 rank=40/160 sv_max=8.63e+00 resid=2.62e-02
progress N=2 step 3300/241277 1.4% t=33.00000 eta_s=51763.9 E=-1.53395264 P=0.90623354 dP=-0.09342535 r12=8.05782733 Vg=0.00000000 norm=1.00000000 rank=40/160 sv_max=8.62e+00 resid=2.41e-02
progress N=2 step 3325/241277 1.4% t=33.25000 eta_s=51768.1 E=-1.52989541 P=0.90640635 dP=-0.09325254 r12=8.05730835 Vg=0.00000000 norm=1.00000000 rank=39/160 sv_max=8.62e+00 resid=2.69e-02
progress N=2 step 3350/241277 1.4% t=33.50000 eta_s=51769.9 E=-1.52585790 P=0.90665138 dP=-0.09300751 r12=8.05670558 Vg=0.00000000 norm=1.00000000 rank=39/160 sv_max=8.62e+00 resid=2.66e-02
progress N=2 step 3375/241277 1.4% t=33.75000 eta_s=51775.4 E=-1.52184017 P=0.90693479 dP=-0.09272410 r12=8.05589150 Vg=0.00000000 norm=1.00000000 rank=40/160 sv_max=8.62e+00 resid=2.59e-02
progress N=2 step 3400/241277 1.4% t=34.00000 eta_s=51780.7 E=-1.51784229 P=0.90722006 dP=-0.09243883 r12=8.05511615 Vg=0.00000000 norm=1.00000000 rank=39/160 sv_max=8.62e+00 resid=2.75e-02
progress N=2 step 3425/241277 1.4% t=34.25000 eta_s=51773.0 E=-1.51386496 P=0.90748499 dP=-0.09217390 r12=8.05441003 Vg=0.00000000 norm=1.00000000 rank=40/160 sv_max=8.63e+00 resid=2.82e-02
progress N=2 step 3450/241277 1.4% t=34.50000 eta_s=51764.9 E=-1.50991011 P=0.90771128 dP=-0.09194761 r12=8.05369908 Vg=0.00000000 norm=1.00000000 rank=40/160 sv_max=8.62e+00 resid=2.66e-02
progress N=2 step 3475/241277 1.4% t=34.75000 eta_s=51756.8 E=-1.50597709 P=0.90787184 dP=-0.09178705 r12=8.05290987 Vg=0.00000000 norm=1.00000000 rank=39/160 sv_max=8.62e+00 resid=2.52e-02
progress N=2 step 3500/241277 1.5% t=35.00000 eta_s=51748.1 E=-1.50206603 P=0.90791420 dP=-0.09174469 r12=8.05221568 Vg=0.00000000 norm=1.00000000 rank=39/160 sv_max=8.62e+00 resid=2.51e-02
progress N=2 step 3525/241277 1.5% t=35.25000 eta_s=51739.5 E=-1.49817865 P=0.90778517 dP=-0.09187372 r12=8.05188433 Vg=0.00000000 norm=1.00000000 rank=39/160 sv_max=8.62e+00 resid=2.69e-02
progress N=2 step 3550/241277 1.5% t=35.50000 eta_s=51733.1 E=-1.49431665 P=0.90747272 dP=-0.09218617 r12=8.05185767 Vg=0.00000000 norm=1.00000000 rank=39/160 sv_max=8.62e+00 resid=2.67e-02
progress N=2 step 3575/241277 1.5% t=35.75000 eta_s=51730.1 E=-1.49048258 P=0.90698293 dP=-0.09267596 r12=8.05193398 Vg=0.00000000 norm=1.00000000 rank=39/160 sv_max=8.61e+00 resid=2.48e-02
progress N=2 step 3600/241277 1.5% t=36.00000 eta_s=51727.7 E=-1.48667896 P=0.90633617 dP=-0.09332272 r12=8.05203291 Vg=0.00000000 norm=1.00000000 rank=40/160 sv_max=8.61e+00 resid=2.58e-02
progress N=2 step 3625/241277 1.5% t=36.25000 eta_s=51726.4 E=-1.48290769 P=0.90558704 dP=-0.09407185 r12=8.05223886 Vg=0.00000000 norm=1.00000000 rank=40/160 sv_max=8.59e+00 resid=2.12e-02
progress N=2 step 3650/241277 1.5% t=36.50000 eta_s=51724.9 E=-1.47916992 P=0.90475977 dP=-0.09489912 r12=8.05260544 Vg=0.00000000 norm=1.00000000 rank=40/160 sv_max=8.61e+00 resid=1.99e-02
progress N=2 step 3675/241277 1.5% t=36.75000 eta_s=51717.2 E=-1.47546608 P=0.90389489 dP=-0.09576400 r12=8.05313416 Vg=0.00000000 norm=1.00000000 rank=39/160 sv_max=8.60e+00 resid=1.91e-02
progress N=2 step 3700/241277 1.5% t=37.00000 eta_s=51708.3 E=-1.47179604 P=0.90301737 dP=-0.09664152 r12=8.05382712 Vg=0.00000000 norm=1.00000000 rank=39/160 sv_max=8.60e+00 resid=1.89e-02
progress N=2 step 3725/241277 1.5% t=37.25000 eta_s=51710.5 E=-1.46815927 P=0.90214875 dP=-0.09751014 r12=8.05481212 Vg=0.00000000 norm=1.00000000 rank=39/160 sv_max=8.60e+00 resid=2.41e-02
progress N=2 step 3750/241277 1.6% t=37.50000 eta_s=51714.6 E=-1.46455503 P=0.90130712 dP=-0.09835177 r12=8.05603398 Vg=0.00000000 norm=1.00000000 rank=40/160 sv_max=8.60e+00 resid=2.83e-02
progress N=2 step 3775/241277 1.6% t=37.75000 eta_s=51718.6 E=-1.46098274 P=0.90051918 dP=-0.09913971 r12=8.05752832 Vg=0.00000000 norm=1.00000000 rank=40/160 sv_max=8.59e+00 resid=2.82e-02
progress N=2 step 3800/241277 1.6% t=38.00000 eta_s=51721.8 E=-1.45744122 P=0.89979124 dP=-0.09986765 r12=8.05900881 Vg=0.00000000 norm=1.00000000 rank=41/160 sv_max=8.60e+00 resid=2.35e-02
progress N=2 step 3825/241277 1.6% t=38.25000 eta_s=51724.7 E=-1.45392947 P=0.89912401 dP=-0.10053488 r12=8.06028731 Vg=0.00000000 norm=1.00000000 rank=41/160 sv_max=8.60e+00 resid=2.34e-02
progress N=2 step 3850/241277 1.6% t=38.50000 eta_s=51728.2 E=-1.45044704 P=0.89853746 dP=-0.10112143 r12=8.06140570 Vg=0.00000000 norm=1.00000000 rank=41/160 sv_max=8.58e+00 resid=2.61e-02
progress N=2 step 3875/241277 1.6% t=38.75000 eta_s=51731.3 E=-1.44699232 P=0.89802817 dP=-0.10163072 r12=8.06236320 Vg=0.00000000 norm=1.00000000 rank=40/160 sv_max=8.56e+00 resid=2.64e-02
progress N=2 step 3900/241277 1.6% t=39.00000 eta_s=51733.9 E=-1.44356436 P=0.89759551 dP=-0.10206338 r12=8.06308989 Vg=0.00000000 norm=1.00000000 rank=41/160 sv_max=8.58e+00 resid=2.33e-02
progress N=2 step 3925/241277 1.6% t=39.25000 eta_s=51736.4 E=-1.44015958 P=0.89725997 dP=-0.10239892 r12=8.06356455 Vg=0.00000000 norm=1.00000000 rank=41/160 sv_max=8.58e+00 resid=2.45e-02
progress N=2 step 3950/241277 1.6% t=39.50000 eta_s=51739.2 E=-1.43677855 P=0.89701564 dP=-0.10264325 r12=8.06355383 Vg=0.00000000 norm=1.00000000 rank=41/160 sv_max=8.56e+00 resid=2.87e-02
progress N=2 step 3975/241277 1.6% t=39.75000 eta_s=51742.5 E=-1.43342012 P=0.89679895 dP=-0.10285994 r12=8.06325995 Vg=0.00000000 norm=1.00000000 rank=41/160 sv_max=8.57e+00 resid=3.09e-02
progress N=2 step 4000/241277 1.7% t=40.00000 eta_s=51745.3 E=-1.43008463 P=0.89658098 dP=-0.10307791 r12=8.06282755 Vg=0.00000000 norm=1.00000000 rank=41/160 sv_max=8.58e+00 resid=3.00e-02
progress N=2 step 4025/241277 1.7% t=40.25000 eta_s=51748.0 E=-1.42677286 P=0.89635538 dP=-0.10330352 r12=8.06204037 Vg=0.00000000 norm=1.00000000 rank=41/160 sv_max=8.56e+00 resid=3.05e-02
progress N=2 step 4050/241277 1.7% t=40.50000 eta_s=51750.9 E=-1.42348586 P=0.89610889 dP=-0.10355000 r12=8.06082584 Vg=0.00000000 norm=1.00000000 rank=41/160 sv_max=8.56e+00 resid=3.19e-02
progress N=2 step 4075/241277 1.7% t=40.75000 eta_s=51753.7 E=-1.42022220 P=0.89581706 dP=-0.10384183 r12=8.05940518 Vg=0.00000000 norm=1.00000000 rank=40/160 sv_max=8.57e+00 resid=3.05e-02
progress N=2 step 4100/241277 1.7% t=41.00000 eta_s=51748.7 E=-1.41698050 P=0.89548498 dP=-0.10417391 r12=8.05807231 Vg=0.00000000 norm=1.00000000 rank=40/160 sv_max=8.59e+00 resid=3.03e-02
progress N=2 step 4125/241277 1.7% t=41.25000 eta_s=51739.8 E=-1.41376132 P=0.89514669 dP=-0.10451220 r12=8.05708429 Vg=0.00000000 norm=1.00000000 rank=40/160 sv_max=8.57e+00 resid=2.81e-02
progress N=2 step 4150/241277 1.7% t=41.50000 eta_s=51730.9 E=-1.41056328 P=0.89480625 dP=-0.10485264 r12=8.05620198 Vg=0.00000000 norm=1.00000000 rank=40/160 sv_max=8.56e+00 resid=2.68e-02
progress N=2 step 4175/241277 1.7% t=41.75000 eta_s=51726.9 E=-1.40738718 P=0.89447183 dP=-0.10518706 r12=8.05537619 Vg=0.00000000 norm=1.00000000 rank=40/160 sv_max=8.56e+00 resid=3.14e-02
progress N=2 step 4200/241277 1.7% t=42.00000 eta_s=51723.2 E=-1.40423254 P=0.89418451 dP=-0.10547438 r12=8.05468022 Vg=0.00000000 norm=1.00000000 rank=40/160 sv_max=8.55e+00 resid=3.58e-02
progress N=2 step 4225/241277 1.8% t=42.25000 eta_s=51719.3 E=-1.40109827 P=0.89394670 dP=-0.10571220 r12=8.05408667 Vg=0.00000000 norm=1.00000000 rank=40/160 sv_max=8.56e+00 resid=3.32e-02
progress N=2 step 4250/241277 1.8% t=42.50000 eta_s=51716.0 E=-1.39798459 P=0.89376171 dP=-0.10589718 r12=8.05367459 Vg=0.00000000 norm=1.00000000 rank=39/160 sv_max=8.56e+00 resid=2.69e-02
progress N=2 step 4275/241277 1.8% t=42.75000 eta_s=51713.4 E=-1.39489027 P=0.89364296 dP=-0.10601593 r12=8.05330409 Vg=0.00000000 norm=1.00000000 rank=40/160 sv_max=8.53e+00 resid=2.47e-02
progress N=2 step 4300/241277 1.8% t=43.00000 eta_s=51704.1 E=-1.39181569 P=0.89358520 dP=-0.10607369 r12=8.05295951 Vg=0.00000000 norm=1.00000000 rank=40/160 sv_max=8.52e+00 resid=2.89e-02
progress N=2 step 4325/241277 1.8% t=43.25000 eta_s=51695.1 E=-1.38875941 P=0.89360474 dP=-0.10605415 r12=8.05281027 Vg=0.00000000 norm=1.00000000 rank=39/160 sv_max=8.53e+00 resid=3.33e-02
progress N=2 step 4350/241277 1.8% t=43.50000 eta_s=51695.5 E=-1.38572063 P=0.89371727 dP=-0.10594163 r12=8.05299192 Vg=0.00000000 norm=1.00000000 rank=39/160 sv_max=8.52e+00 resid=3.52e-02
progress N=2 step 4375/241277 1.8% t=43.75000 eta_s=51692.6 E=-1.38269845 P=0.89389133 dP=-0.10576756 r12=8.05351490 Vg=0.00000000 norm=1.00000000 rank=39/160 sv_max=8.52e+00 resid=3.42e-02
progress N=2 step 4400/241277 1.8% t=44.00000 eta_s=51671.0 E=-1.37969125 P=0.89407866 dP=-0.10558024 r12=8.05403398 Vg=0.00000000 norm=1.00000000 rank=40/160 sv_max=8.53e+00 resid=3.33e-02
progress N=2 step 4425/241277 1.8% t=44.25000 eta_s=51645.2 E=-1.37670053 P=0.89424297 dP=-0.10541592 r12=8.05447175 Vg=0.00000000 norm=1.00000000 rank=40/160 sv_max=8.55e+00 resid=3.79e-02
progress N=2 step 4450/241277 1.8% t=44.50000 eta_s=51636.6 E=-1.37372519 P=0.89437093 dP=-0.10528796 r12=8.05501428 Vg=0.00000000 norm=1.00000000 rank=40/160 sv_max=8.51e+00 resid=3.58e-02
progress N=2 step 4475/241277 1.9% t=44.75000 eta_s=51631.7 E=-1.37076588 P=0.89441410 dP=-0.10524479 r12=8.05573613 Vg=0.00000000 norm=1.00000000 rank=39/160 sv_max=8.49e+00 resid=3.19e-02
progress N=2 step 4500/241277 1.9% t=45.00000 eta_s=51628.0 E=-1.36782477 P=0.89434539 dP=-0.10531350 r12=8.05666997 Vg=0.00000000 norm=1.00000000 rank=39/160 sv_max=8.51e+00 resid=3.04e-02
progress N=2 step 4525/241277 1.9% t=45.25000 eta_s=51624.9 E=-1.36490137 P=0.89416389 dP=-0.10549500 r12=8.05773712 Vg=0.00000000 norm=1.00000000 rank=39/160 sv_max=8.51e+00 resid=2.92e-02
progress N=2 step 4550/241277 1.9% t=45.50000 eta_s=51611.0 E=-1.36199657 P=0.89386453 dP=-0.10579436 r12=8.05880822 Vg=0.00000000 norm=1.00000000 rank=39/160 sv_max=8.50e+00 resid=2.92e-02
progress N=2 step 4575/241277 1.9% t=45.75000 eta_s=51589.4 E=-1.35911223 P=0.89344253 dP=-0.10621636 r12=8.05981590 Vg=0.00000000 norm=1.00000000 rank=39/160 sv_max=8.51e+00 resid=3.00e-02
progress N=2 step 4600/241277 1.9% t=46.00000 eta_s=51588.3 E=-1.35624928 P=0.89292120 dP=-0.10673769 r12=8.06065545 Vg=0.00000000 norm=1.00000000 rank=40/160 sv_max=8.50e+00 resid=2.97e-02
progress N=2 step 4625/241277 1.9% t=46.25000 eta_s=51588.7 E=-1.35340790 P=0.89232419 dP=-0.10733470 r12=8.06118022 Vg=0.00000000 norm=1.00000000 rank=40/160 sv_max=8.50e+00 resid=3.29e-02
progress N=2 step 4650/241277 1.9% t=46.50000 eta_s=51589.2 E=-1.35058809 P=0.89164814 dP=-0.10801075 r12=8.06141728 Vg=0.00000000 norm=1.00000000 rank=40/160 sv_max=8.50e+00 resid=3.28e-02
progress N=2 step 4675/241277 1.9% t=46.75000 eta_s=51589.6 E=-1.34778981 P=0.89088350 dP=-0.10877539 r12=8.06171431 Vg=0.00000000 norm=1.00000000 rank=40/160 sv_max=8.50e+00 resid=3.21e-02
progress N=2 step 4700/241277 1.9% t=47.00000 eta_s=51589.2 E=-1.34501425 P=0.89005164 dP=-0.10960725 r12=8.06230333 Vg=0.00000000 norm=1.00000000 rank=40/160 sv_max=8.50e+00 resid=3.53e-02
progress N=2 step 4725/241277 2.0% t=47.25000 eta_s=51589.3 E=-1.34226149 P=0.88917534 dP=-0.11048355 r12=8.06309039 Vg=0.00000000 norm=1.00000000 rank=40/160 sv_max=8.50e+00 resid=3.50e-02
progress N=2 step 4750/241277 2.0% t=47.50000 eta_s=51588.9 E=-1.33953246 P=0.88825702 dP=-0.11140187 r12=8.06378943 Vg=0.00000000 norm=1.00000000 rank=41/160 sv_max=8.49e+00 resid=3.30e-02
progress N=2 step 4775/241277 2.0% t=47.75000 eta_s=51588.7 E=-1.33682744 P=0.88736079 dP=-0.11229811 r12=8.06465053 Vg=0.00000000 norm=1.00000000 rank=41/160 sv_max=8.49e+00 resid=3.58e-02
progress N=2 step 4800/241277 2.0% t=48.00000 eta_s=51588.9 E=-1.33414557 P=0.88653155 dP=-0.11312734 r12=8.06580396 Vg=0.00000000 norm=1.00000000 rank=41/160 sv_max=8.48e+00 resid=3.68e-02
progress N=2 step 4825/241277 2.0% t=48.25000 eta_s=51588.9 E=-1.33148488 P=0.88578824 dP=-0.11387065 r12=8.06688121 Vg=0.00000000 norm=1.00000000 rank=41/160 sv_max=8.48e+00 resid=3.20e-02
progress N=2 step 4850/241277 2.0% t=48.50000 eta_s=51588.8 E=-1.32884443 P=0.88511022 dP=-0.11454867 r12=8.06766293 Vg=0.00000000 norm=1.00000000 rank=42/160 sv_max=8.48e+00 resid=2.80e-02
progress N=2 step 4875/241277 2.0% t=48.75000 eta_s=51588.8 E=-1.32622305 P=0.88450923 dP=-0.11514966 r12=8.06852498 Vg=0.00000000 norm=1.00000000 rank=42/160 sv_max=8.47e+00 resid=3.10e-02
progress N=2 step 4900/241277 2.0% t=49.00000 eta_s=51588.6 E=-1.32362005 P=0.88400484 dP=-0.11565405 r12=8.06957827 Vg=0.00000000 norm=1.00000000 rank=43/160 sv_max=8.47e+00 resid=3.29e-02
progress N=2 step 4925/241277 2.0% t=49.25000 eta_s=51588.4 E=-1.32103510 P=0.88360087 dP=-0.11605802 r12=8.07088563 Vg=0.00000000 norm=1.00000000 rank=42/160 sv_max=8.45e+00 resid=3.59e-02
progress N=2 step 4950/241277 2.1% t=49.50000 eta_s=51588.4 E=-1.31846759 P=0.88328905 dP=-0.11636984 r12=8.07230492 Vg=0.00000000 norm=1.00000000 rank=41/160 sv_max=8.43e+00 resid=3.88e-02
progress N=2 step 4975/241277 2.1% t=49.75000 eta_s=51588.5 E=-1.31591668 P=0.88305627 dP=-0.11660262 r12=8.07348737 Vg=0.00000000 norm=1.00000000 rank=41/160 sv_max=8.44e+00 resid=3.68e-02
progress N=2 step 5000/241277 2.1% t=50.00000 eta_s=51588.3 E=-1.31338226 P=0.88286269 dP=-0.11679620 r12=8.07427225 Vg=0.00000000 norm=1.00000000 rank=41/160 sv_max=8.44e+00 resid=3.32e-02
progress N=2 step 5025/241277 2.1% t=50.25000 eta_s=51587.6 E=-1.31086382 P=0.88268448 dP=-0.11697441 r12=8.07473521 Vg=0.00000000 norm=1.00000000 rank=43/160 sv_max=8.43e+00 resid=3.27e-02
progress N=2 step 5050/241277 2.1% t=50.50000 eta_s=51586.1 E=-1.30836079 P=0.88248603 dP=-0.11717286 r12=8.07507500 Vg=0.00000000 norm=1.00000000 rank=43/160 sv_max=8.42e+00 resid=2.99e-02
progress N=2 step 5075/241277 2.1% t=50.75000 eta_s=51583.1 E=-1.30587400 P=0.88224239 dP=-0.11741650 r12=8.07508846 Vg=0.00000000 norm=1.00000000 rank=42/160 sv_max=8.41e+00 resid=2.87e-02
progress N=2 step 5100/241277 2.1% t=51.00000 eta_s=51579.5 E=-1.30340253 P=0.88198049 dP=-0.11767840 r12=8.07482658 Vg=0.00000000 norm=1.00000000 rank=43/160 sv_max=8.41e+00 resid=3.56e-02
progress N=2 step 5125/241277 2.1% t=51.25000 eta_s=51576.2 E=-1.30094572 P=0.88171555 dP=-0.11794334 r12=8.07427004 Vg=0.00000000 norm=1.00000000 rank=43/160 sv_max=8.42e+00 resid=4.38e-02
progress N=2 step 5150/241277 2.1% t=51.50000 eta_s=51573.4 E=-1.29850258 P=0.88140091 dP=-0.11825798 r12=8.07359357 Vg=0.00000000 norm=1.00000000 rank=42/160 sv_max=8.41e+00 resid=4.38e-02
progress N=2 step 5175/241277 2.1% t=51.75000 eta_s=51570.4 E=-1.29607387 P=0.88104451 dP=-0.11861438 r12=8.07252696 Vg=0.00000000 norm=1.00000000 rank=43/160 sv_max=8.41e+00 resid=3.75e-02
progress N=2 step 5200/241277 2.2% t=52.00000 eta_s=51567.6 E=-1.29366039 P=0.88068606 dP=-0.11897283 r12=8.07162107 Vg=0.00000000 norm=1.00000000 rank=42/160 sv_max=8.41e+00 resid=3.52e-02
progress N=2 step 5225/241277 2.2% t=52.25000 eta_s=51564.9 E=-1.29126233 P=0.88034521 dP=-0.11931368 r12=8.07078687 Vg=0.00000000 norm=1.00000000 rank=41/160 sv_max=8.41e+00 resid=3.06e-02
progress N=2 step 5250/241277 2.2% t=52.50000 eta_s=51549.5 E=-1.28887976 P=0.88001123 dP=-0.11964766 r12=8.07006936 Vg=0.00000000 norm=1.00000000 rank=41/160 sv_max=8.41e+00 resid=3.18e-02
progress N=2 step 5275/241277 2.2% t=52.75000 eta_s=51529.1 E=-1.28651216 P=0.87969885 dP=-0.11996004 r12=8.06941073 Vg=0.00000000 norm=1.00000000 rank=41/160 sv_max=8.41e+00 resid=3.31e-02
progress N=2 step 5300/241277 2.2% t=53.00000 eta_s=51523.2 E=-1.28415912 P=0.87945364 dP=-0.12020525 r12=8.06865014 Vg=0.00000000 norm=1.00000000 rank=41/160 sv_max=8.41e+00 resid=3.38e-02
progress N=2 step 5325/241277 2.2% t=53.25000 eta_s=51516.8 E=-1.28181944 P=0.87929577 dP=-0.12036312 r12=8.06774970 Vg=0.00000000 norm=1.00000000 rank=41/160 sv_max=8.41e+00 resid=3.34e-02
progress N=2 step 5350/241277 2.2% t=53.50000 eta_s=51510.3 E=-1.27949191 P=0.87921435 dP=-0.12044454 r12=8.06682060 Vg=0.00000000 norm=1.00000000 rank=41/160 sv_max=8.41e+00 resid=3.27e-02
progress N=2 step 5375/241277 2.2% t=53.75000 eta_s=51504.3 E=-1.27717593 P=0.87919233 dP=-0.12046656 r12=8.06591762 Vg=0.00000000 norm=1.00000000 rank=41/160 sv_max=8.40e+00 resid=3.52e-02
progress N=2 step 5400/241277 2.2% t=54.00000 eta_s=51496.9 E=-1.27487135 P=0.87923500 dP=-0.12042389 r12=8.06508746 Vg=0.00000000 norm=1.00000000 rank=40/160 sv_max=8.40e+00 resid=3.76e-02
progress N=2 step 5425/241277 2.2% t=54.25000 eta_s=51474.7 E=-1.27257861 P=0.87931645 dP=-0.12034244 r12=8.06449478 Vg=0.00000000 norm=1.00000000 rank=40/160 sv_max=8.40e+00 resid=3.63e-02
progress N=2 step 5450/241277 2.3% t=54.50000 eta_s=51455.0 E=-1.27029730 P=0.87939678 dP=-0.12026211 r12=8.06401721 Vg=0.00000000 norm=1.00000000 rank=41/160 sv_max=8.40e+00 resid=3.60e-02
progress N=2 step 5475/241277 2.3% t=54.75000 eta_s=51452.6 E=-1.26802694 P=0.87947489 dP=-0.12018400 r12=8.06381373 Vg=0.00000000 norm=1.00000000 rank=41/160 sv_max=8.40e+00 resid=3.77e-02
progress N=2 step 5500/241277 2.3% t=55.00000 eta_s=51449.7 E=-1.26576736 P=0.87955805 dP=-0.12010084 r12=8.06389528 Vg=0.00000000 norm=1.00000000 rank=41/160 sv_max=8.40e+00 resid=3.74e-02
progress N=2 step 5525/241277 2.3% t=55.25000 eta_s=51447.0 E=-1.26351878 P=0.87966786 dP=-0.11999104 r12=8.06394366 Vg=0.00000000 norm=1.00000000 rank=41/160 sv_max=8.40e+00 resid=3.42e-02
progress N=2 step 5550/241277 2.3% t=55.50000 eta_s=51443.9 E=-1.26128012 P=0.87979321 dP=-0.11986568 r12=8.06393375 Vg=0.00000000 norm=1.00000000 rank=40/160 sv_max=8.40e+00 resid=3.51e-02
progress N=2 step 5575/241277 2.3% t=55.75000 eta_s=51441.1 E=-1.25905071 P=0.87989333 dP=-0.11976556 r12=8.06382490 Vg=0.00000000 norm=1.00000000 rank=41/160 sv_max=8.40e+00 resid=3.55e-02
progress N=2 step 5600/241277 2.3% t=56.00000 eta_s=51437.9 E=-1.25683146 P=0.87992871 dP=-0.11973018 r12=8.06379056 Vg=0.00000000 norm=1.00000000 rank=41/160 sv_max=8.40e+00 resid=3.48e-02
progress N=2 step 5625/241277 2.3% t=56.25000 eta_s=51434.8 E=-1.25462412 P=0.87988050 dP=-0.11977839 r12=8.06399470 Vg=0.00000000 norm=1.00000000 rank=41/160 sv_max=8.39e+00 resid=3.16e-02
progress N=2 step 5650/241277 2.3% t=56.50000 eta_s=51431.3 E=-1.25242808 P=0.87973381 dP=-0.11992508 r12=8.06414299 Vg=0.00000000 norm=1.00000000 rank=41/160 sv_max=8.39e+00 resid=2.65e-02
progress N=2 step 5675/241277 2.4% t=56.75000 eta_s=51428.3 E=-1.25024375 P=0.87949091 dP=-0.12016798 r12=8.06428244 Vg=0.00000000 norm=1.00000000 rank=40/160 sv_max=8.39e+00 resid=2.70e-02
progress N=2 step 5700/241277 2.4% t=57.00000 eta_s=51425.2 E=-1.24807289 P=0.87915049 dP=-0.12050840 r12=8.06459890 Vg=0.00000000 norm=1.00000000 rank=41/160 sv_max=8.39e+00 resid=2.84e-02
progress N=2 step 5725/241277 2.4% t=57.25000 eta_s=51422.2 E=-1.24591432 P=0.87872146 dP=-0.12093743 r12=8.06513988 Vg=0.00000000 norm=1.00000000 rank=41/160 sv_max=8.39e+00 resid=2.79e-02
progress N=2 step 5750/241277 2.4% t=57.50000 eta_s=51419.4 E=-1.24376880 P=0.87820350 dP=-0.12145539 r12=8.06587633 Vg=0.00000000 norm=1.00000000 rank=42/160 sv_max=8.40e+00 resid=2.63e-02
progress N=2 step 5775/241277 2.4% t=57.75000 eta_s=51416.1 E=-1.24163812 P=0.87761125 dP=-0.12204764 r12=8.06662323 Vg=0.00000000 norm=1.00000000 rank=42/160 sv_max=8.40e+00 resid=2.78e-02
progress N=2 step 5800/241277 2.4% t=58.00000 eta_s=51412.8 E=-1.23952132 P=0.87697901 dP=-0.12267988 r12=8.06727924 Vg=0.00000000 norm=1.00000000 rank=41/160 sv_max=8.39e+00 resid=2.90e-02
progress N=2 step 5825/241277 2.4% t=58.25000 eta_s=51409.1 E=-1.23741970 P=0.87629875 dP=-0.12336015 r12=8.06788645 Vg=0.00000000 norm=1.00000000 rank=40/160 sv_max=8.39e+00 resid=3.07e-02
progress N=2 step 5850/241277 2.4% t=58.50000 eta_s=51406.2 E=-1.23533237 P=0.87557534 dP=-0.12408356 r12=8.06866531 Vg=0.00000000 norm=1.00000000 rank=40/160 sv_max=8.39e+00 resid=2.83e-02
progress N=2 step 5875/241277 2.4% t=58.75000 eta_s=51403.0 E=-1.23325832 P=0.87484218 dP=-0.12481671 r12=8.06960665 Vg=0.00000000 norm=1.00000000 rank=42/160 sv_max=8.39e+00 resid=2.68e-02
progress N=2 step 5900/241277 2.4% t=59.00000 eta_s=51399.5 E=-1.23119845 P=0.87413121 dP=-0.12552768 r12=8.07055426 Vg=0.00000000 norm=1.00000000 rank=42/160 sv_max=8.40e+00 resid=3.07e-02
progress N=2 step 5925/241277 2.5% t=59.25000 eta_s=51396.3 E=-1.22915095 P=0.87344665 dP=-0.12621224 r12=8.07155548 Vg=0.00000000 norm=1.00000000 rank=41/160 sv_max=8.39e+00 resid=3.39e-02
progress N=2 step 5950/241277 2.5% t=59.50000 eta_s=51392.9 E=-1.22711774 P=0.87280496 dP=-0.12685393 r12=8.07282754 Vg=0.00000000 norm=1.00000000 rank=41/160 sv_max=8.39e+00 resid=3.39e-02
progress N=2 step 5975/241277 2.5% t=59.75000 eta_s=51389.4 E=-1.22509723 P=0.87224678 dP=-0.12741211 r12=8.07434043 Vg=0.00000000 norm=1.00000000 rank=41/160 sv_max=8.39e+00 resid=3.63e-02
progress N=2 step 6000/241277 2.5% t=60.00000 eta_s=51385.9 E=-1.22308956 P=0.87180805 dP=-0.12785084 r12=8.07579350 Vg=0.00000000 norm=1.00000000 rank=42/160 sv_max=8.38e+00 resid=3.68e-02
progress N=2 step 6025/241277 2.5% t=60.25000 eta_s=51382.1 E=-1.22109352 P=0.87145001 dP=-0.12820888 r12=8.07708453 Vg=0.00000000 norm=1.00000000 rank=42/160 sv_max=8.39e+00 resid=3.78e-02
progress N=2 step 6050/241277 2.5% t=60.50000 eta_s=51378.5 E=-1.21910889 P=0.87111057 dP=-0.12854832 r12=8.07838044 Vg=0.00000000 norm=1.00000000 rank=42/160 sv_max=8.40e+00 resid=3.82e-02
progress N=2 step 6075/241277 2.5% t=60.75000 eta_s=51374.9 E=-1.21713597 P=0.87075006 dP=-0.12890883 r12=8.07968883 Vg=0.00000000 norm=1.00000000 rank=42/160 sv_max=8.40e+00 resid=4.08e-02
progress N=2 step 6100/241277 2.5% t=61.00000 eta_s=51371.3 E=-1.21517486 P=0.87036330 dP=-0.12929559 r12=8.08091310 Vg=0.00000000 norm=1.00000000 rank=42/160 sv_max=8.39e+00 resid=4.10e-02
progress N=2 step 6125/241277 2.5% t=61.25000 eta_s=51368.0 E=-1.21322604 P=0.86995040 dP=-0.12970850 r12=8.08181465 Vg=0.00000000 norm=1.00000000 rank=42/160 sv_max=8.39e+00 resid=3.59e-02
progress N=2 step 6150/241277 2.5% t=61.50000 eta_s=51364.3 E=-1.21128862 P=0.86949968 dP=-0.13015921 r12=8.08221397 Vg=0.00000000 norm=1.00000000 rank=42/160 sv_max=8.39e+00 resid=3.70e-02
progress N=2 step 6175/241277 2.6% t=61.75000 eta_s=51361.0 E=-1.20936221 P=0.86903043 dP=-0.13062846 r12=8.08229321 Vg=0.00000000 norm=1.00000000 rank=44/160 sv_max=8.38e+00 resid=3.21e-02
progress N=2 step 6200/241277 2.6% t=62.00000 eta_s=51357.6 E=-1.20744618 P=0.86855731 dP=-0.13110158 r12=8.08243107 Vg=0.00000000 norm=1.00000000 rank=43/160 sv_max=8.38e+00 resid=3.25e-02
progress N=2 step 6225/241277 2.6% t=62.25000 eta_s=51354.3 E=-1.20554053 P=0.86803445 dP=-0.13162444 r12=8.08235196 Vg=0.00000000 norm=1.00000000 rank=43/160 sv_max=8.38e+00 resid=2.87e-02
progress N=2 step 6250/241277 2.6% t=62.50000 eta_s=51350.9 E=-1.20364594 P=0.86748529 dP=-0.13217360 r12=8.08203330 Vg=0.00000000 norm=1.00000000 rank=44/160 sv_max=8.37e+00 resid=2.99e-02
progress N=2 step 6275/241277 2.6% t=62.75000 eta_s=51347.3 E=-1.20176159 P=0.86693239 dP=-0.13272651 r12=8.08162430 Vg=0.00000000 norm=1.00000000 rank=44/160 sv_max=8.37e+00 resid=3.21e-02
progress N=2 step 6300/241277 2.6% t=63.00000 eta_s=51343.4 E=-1.19989009 P=0.86637961 dP=-0.13327928 r12=8.08119314 Vg=0.00000000 norm=1.00000000 rank=44/160 sv_max=8.37e+00 resid=3.41e-02
progress N=2 step 6325/241277 2.6% t=63.25000 eta_s=51340.2 E=-1.19802923 P=0.86581112 dP=-0.13384777 r12=8.08091973 Vg=0.00000000 norm=1.00000000 rank=43/160 sv_max=8.37e+00 resid=3.76e-02
progress N=2 step 6350/241277 2.6% t=63.50000 eta_s=51337.0 E=-1.19618082 P=0.86524250 dP=-0.13441639 r12=8.08054593 Vg=0.00000000 norm=1.00000000 rank=43/160 sv_max=8.36e+00 resid=3.91e-02
progress N=2 step 6375/241277 2.6% t=63.75000 eta_s=51334.1 E=-1.19434278 P=0.86468385 dP=-0.13497504 r12=8.08014488 Vg=0.00000000 norm=1.00000000 rank=43/160 sv_max=8.36e+00 resid=4.32e-02
progress N=2 step 6400/241277 2.7% t=64.00000 eta_s=51331.2 E=-1.19251614 P=0.86413546 dP=-0.13552343 r12=8.07952742 Vg=0.00000000 norm=1.00000000 rank=43/160 sv_max=8.36e+00 resid=4.63e-02
progress N=2 step 6425/241277 2.7% t=64.25000 eta_s=51328.0 E=-1.19070017 P=0.86364184 dP=-0.13601705 r12=8.07872076 Vg=0.00000000 norm=1.00000000 rank=43/160 sv_max=8.36e+00 resid=4.80e-02
progress N=2 step 6450/241277 2.7% t=64.50000 eta_s=51324.9 E=-1.18889327 P=0.86323879 dP=-0.13642010 r12=8.07831377 Vg=0.00000000 norm=1.00000000 rank=43/160 sv_max=8.35e+00 resid=4.87e-02
progress N=2 step 6475/241277 2.7% t=64.75000 eta_s=51321.7 E=-1.18709651 P=0.86292093 dP=-0.13673796 r12=8.07811237 Vg=0.00000000 norm=1.00000000 rank=43/160 sv_max=8.35e+00 resid=4.29e-02
progress N=2 step 6500/241277 2.7% t=65.00000 eta_s=51318.4 E=-1.18530773 P=0.86264769 dP=-0.13701120 r12=8.07784969 Vg=0.00000000 norm=1.00000000 rank=44/160 sv_max=8.35e+00 resid=4.31e-02
progress N=2 step 6525/241277 2.7% t=65.25000 eta_s=51314.8 E=-1.18352774 P=0.86241329 dP=-0.13724560 r12=8.07760682 Vg=0.00000000 norm=1.00000000 rank=43/160 sv_max=8.37e+00 resid=4.33e-02
progress N=2 step 6550/241277 2.7% t=65.50000 eta_s=51311.1 E=-1.18175635 P=0.86223011 dP=-0.13742878 r12=8.07760198 Vg=0.00000000 norm=1.00000000 rank=43/160 sv_max=8.36e+00 resid=3.92e-02
progress N=2 step 6575/241277 2.7% t=65.75000 eta_s=51307.8 E=-1.17999192 P=0.86211251 dP=-0.13754638 r12=8.07780832 Vg=0.00000000 norm=1.00000000 rank=43/160 sv_max=8.35e+00 resid=4.33e-02
progress N=2 step 6600/241277 2.7% t=66.00000 eta_s=51304.5 E=-1.17823595 P=0.86205553 dP=-0.13760336 r12=8.07801539 Vg=0.00000000 norm=1.00000000 rank=43/160 sv_max=8.35e+00 resid=5.03e-02
progress N=2 step 6625/241277 2.7% t=66.25000 eta_s=51301.1 E=-1.17648675 P=0.86205768 dP=-0.13760121 r12=8.07820072 Vg=0.00000000 norm=1.00000000 rank=44/160 sv_max=8.34e+00 resid=4.88e-02
progress N=2 step 6650/241277 2.8% t=66.50000 eta_s=51297.5 E=-1.17474422 P=0.86208688 dP=-0.13757201 r12=8.07828249 Vg=0.00000000 norm=1.00000000 rank=43/160 sv_max=8.34e+00 resid=5.09e-02
progress N=2 step 6675/241277 2.8% t=66.75000 eta_s=51294.3 E=-1.17300961 P=0.86214474 dP=-0.13751415 r12=8.07814425 Vg=0.00000000 norm=1.00000000 rank=43/160 sv_max=8.34e+00 resid=5.05e-02
progress N=2 step 6700/241277 2.8% t=67.00000 eta_s=51291.3 E=-1.17128170 P=0.86221162 dP=-0.13744727 r12=8.07775161 Vg=0.00000000 norm=1.00000000 rank=44/160 sv_max=8.33e+00 resid=4.80e-02
progress N=2 step 6725/241277 2.8% t=67.25000 eta_s=51287.9 E=-1.16955991 P=0.86227821 dP=-0.13738068 r12=8.07720435 Vg=0.00000000 norm=1.00000000 rank=43/160 sv_max=8.32e+00 resid=4.33e-02
progress N=2 step 6750/241277 2.8% t=67.50000 eta_s=51276.4 E=-1.16784524 P=0.86230430 dP=-0.13735460 r12=8.07648201 Vg=0.00000000 norm=1.00000000 rank=43/160 sv_max=8.31e+00 resid=3.69e-02
progress N=2 step 6775/241277 2.8% t=67.75000 eta_s=51263.7 E=-1.16613657 P=0.86226256 dP=-0.13739633 r12=8.07571162 Vg=0.00000000 norm=1.00000000 rank=43/160 sv_max=8.31e+00 resid=4.07e-02
progress N=2 step 6800/241277 2.8% t=68.00000 eta_s=51251.9 E=-1.16443416 P=0.86213086 dP=-0.13752803 r12=8.07506233 Vg=0.00000000 norm=1.00000000 rank=43/160 sv_max=8.31e+00 resid=4.43e-02
progress N=2 step 6825/241277 2.8% t=68.25000 eta_s=51239.9 E=-1.16273991 P=0.86189438 dP=-0.13776451 r12=8.07472062 Vg=0.00000000 norm=1.00000000 rank=44/160 sv_max=8.31e+00 resid=4.23e-02
progress N=2 step 6850/241277 2.8% t=68.50000 eta_s=51235.1 E=-1.16105452 P=0.86158170 dP=-0.13807719 r12=8.07452749 Vg=0.00000000 norm=1.00000000 rank=43/160 sv_max=8.31e+00 resid=4.37e-02
progress N=2 step 6875/241277 2.8% t=68.75000 eta_s=51231.4 E=-1.15937740 P=0.86123719 dP=-0.13842170 r12=8.07433705 Vg=0.00000000 norm=1.00000000 rank=43/160 sv_max=8.31e+00 resid=4.45e-02
progress N=2 step 6900/241277 2.9% t=69.00000 eta_s=51227.8 E=-1.15770806 P=0.86088292 dP=-0.13877597 r12=8.07419273 Vg=0.00000000 norm=1.00000000 rank=44/160 sv_max=8.30e+00 resid=4.65e-02
progress N=2 step 6925/241277 2.9% t=69.25000 eta_s=51224.4 E=-1.15604713 P=0.86048932 dP=-0.13916958 r12=8.07429133 Vg=0.00000000 norm=1.00000000 rank=44/160 sv_max=8.31e+00 resid=5.01e-02
progress N=2 step 6950/241277 2.9% t=69.50000 eta_s=51217.1 E=-1.15439316 P=0.86005256 dP=-0.13960633 r12=8.07463833 Vg=0.00000000 norm=1.00000000 rank=43/160 sv_max=8.31e+00 resid=4.94e-02
progress N=2 step 6975/241277 2.9% t=69.75000 eta_s=51206.5 E=-1.15274649 P=0.85958935 dP=-0.14006954 r12=8.07507813 Vg=0.00000000 norm=1.00000000 rank=43/160 sv_max=8.30e+00 resid=4.96e-02
progress N=2 step 7000/241277 2.9% t=70.00000 eta_s=51201.1 E=-1.15110777 P=0.85912859 dP=-0.14053030 r12=8.07544914 Vg=0.00000000 norm=1.00000000 rank=43/160 sv_max=8.30e+00 resid=4.60e-02
progress N=2 step 7025/241277 2.9% t=70.25000 eta_s=51197.7 E=-1.14947782 P=0.85869083 dP=-0.14096806 r12=8.07584104 Vg=0.00000000 norm=1.00000000 rank=43/160 sv_max=8.30e+00 resid=4.20e-02
progress N=2 step 7050/241277 2.9% t=70.50000 eta_s=51194.3 E=-1.14785550 P=0.85831195 dP=-0.14134694 r12=8.07656523 Vg=0.00000000 norm=1.00000000 rank=43/160 sv_max=8.29e+00 resid=4.56e-02
progress N=2 step 7075/241277 2.9% t=70.75000 eta_s=51190.9 E=-1.14624057 P=0.85800708 dP=-0.14165181 r12=8.07769177 Vg=0.00000000 norm=1.00000000 rank=44/160 sv_max=8.30e+00 resid=4.54e-02
progress N=2 step 7100/241277 2.9% t=71.00000 eta_s=51187.5 E=-1.14463297 P=0.85772829 dP=-0.14193060 r12=8.07886101 Vg=0.00000000 norm=1.00000000 rank=44/160 sv_max=8.30e+00 resid=4.77e-02
progress N=2 step 7125/241277 3.0% t=71.25000 eta_s=51184.0 E=-1.14303361 P=0.85747502 dP=-0.14218387 r12=8.07995324 Vg=0.00000000 norm=1.00000000 rank=43/160 sv_max=8.29e+00 resid=4.96e-02
progress N=2 step 7150/241277 3.0% t=71.50000 eta_s=51180.6 E=-1.14144144 P=0.85724992 dP=-0.14240897 r12=8.08099443 Vg=0.00000000 norm=1.00000000 rank=43/160 sv_max=8.29e+00 resid=4.88e-02
progress N=2 step 7175/241277 3.0% t=71.75000 eta_s=51177.0 E=-1.13985634 P=0.85704783 dP=-0.14261106 r12=8.08205604 Vg=0.00000000 norm=1.00000000 rank=44/160 sv_max=8.28e+00 resid=5.10e-02
progress N=2 step 7200/241277 3.0% t=72.00000 eta_s=51173.8 E=-1.13827791 P=0.85682992 dP=-0.14282897 r12=8.08309287 Vg=0.00000000 norm=1.00000000 rank=43/160 sv_max=8.29e+00 resid=5.71e-02
progress N=2 step 7225/241277 3.0% t=72.25000 eta_s=51170.3 E=-1.13670606 P=0.85657678 dP=-0.14308211 r12=8.08395342 Vg=0.00000000 norm=1.00000000 rank=44/160 sv_max=8.29e+00 resid=5.75e-02
progress N=2 step 7250/241277 3.0% t=72.50000 eta_s=51166.7 E=-1.13514129 P=0.85627188 dP=-0.14338701 r12=8.08468459 Vg=0.00000000 norm=1.00000000 rank=44/160 sv_max=8.29e+00 resid=5.48e-02
progress N=2 step 7275/241277 3.0% t=72.75000 eta_s=51162.8 E=-1.13358309 P=0.85590549 dP=-0.14375340 r12=8.08505736 Vg=0.00000000 norm=1.00000000 rank=44/160 sv_max=8.29e+00 resid=5.24e-02
progress N=2 step 7300/241277 3.0% t=73.00000 eta_s=51159.0 E=-1.13203182 P=0.85546036 dP=-0.14419853 r12=8.08543053 Vg=0.00000000 norm=1.00000000 rank=44/160 sv_max=8.28e+00 resid=5.57e-02
progress N=2 step 7325/241277 3.0% t=73.25000 eta_s=51154.6 E=-1.13048789 P=0.85494659 dP=-0.14471231 r12=8.08557956 Vg=0.00000000 norm=1.00000000 rank=46/160 sv_max=8.28e+00 resid=4.49e-02
progress N=2 step 7350/241277 3.0% t=73.50000 eta_s=51146.4 E=-1.12895180 P=0.85443460 dP=-0.14522429 r12=8.08581422 Vg=0.00000000 norm=1.00000000 rank=46/160 sv_max=8.27e+00 resid=3.72e-02
progress N=2 step 7375/241277 3.1% t=73.75000 eta_s=51138.1 E=-1.12742398 P=0.85388504 dP=-0.14577385 r12=8.08636561 Vg=0.00000000 norm=1.00000000 rank=45/160 sv_max=8.27e+00 resid=3.86e-02
progress N=2 step 7400/241277 3.1% t=74.00000 eta_s=51129.7 E=-1.12590451 P=0.85327992 dP=-0.14637897 r12=8.08707360 Vg=0.00000000 norm=1.00000000 rank=45/160 sv_max=8.27e+00 resid=3.52e-02
progress N=2 step 7425/241277 3.1% t=74.25000 eta_s=51121.2 E=-1.12439169 P=0.85261203 dP=-0.14704686 r12=8.08785099 Vg=0.00000000 norm=1.00000000 rank=45/160 sv_max=8.27e+00 resid=3.67e-02
progress N=2 step 7450/241277 3.1% t=74.50000 eta_s=51112.6 E=-1.12288861 P=0.85189244 dP=-0.14776645 r12=8.08866599 Vg=0.00000000 norm=1.00000000 rank=44/160 sv_max=8.27e+00 resid=4.08e-02
progress N=2 step 7475/241277 3.1% t=74.75000 eta_s=51104.1 E=-1.12139384 P=0.85114636 dP=-0.14851253 r12=8.08941457 Vg=0.00000000 norm=1.00000000 rank=44/160 sv_max=8.27e+00 resid=4.75e-02
progress N=2 step 7500/241277 3.1% t=75.00000 eta_s=51095.6 E=-1.11990713 P=0.85038158 dP=-0.14927731 r12=8.09006890 Vg=0.00000000 norm=1.00000000 rank=44/160 sv_max=8.27e+00 resid=4.23e-02
progress N=2 step 7525/241277 3.1% t=75.25000 eta_s=51086.9 E=-1.11842930 P=0.84956896 dP=-0.15008993 r12=8.09082900 Vg=0.00000000 norm=1.00000000 rank=44/160 sv_max=8.26e+00 resid=3.81e-02
progress N=2 step 7550/241277 3.1% t=75.50000 eta_s=51078.2 E=-1.11696005 P=0.84866953 dP=-0.15098936 r12=8.09155412 Vg=0.00000000 norm=1.00000000 rank=46/160 sv_max=8.25e+00 resid=2.92e-02
progress N=2 step 7575/241277 3.1% t=75.75000 eta_s=51070.2 E=-1.11549984 P=0.84776636 dP=-0.15189253 r12=8.09242142 Vg=0.00000000 norm=1.00000000 rank=47/160 sv_max=8.25e+00 resid=2.17e-02
progress N=2 step 7600/241277 3.1% t=76.00000 eta_s=51063.1 E=-1.11404870 P=0.84684161 dP=-0.15281728 r12=8.09309617 Vg=0.00000000 norm=1.00000000 rank=47/160 sv_max=8.25e+00 resid=1.89e-02
progress N=2 step 7625/241277 3.2% t=76.25000 eta_s=51055.3 E=-1.11260544 P=0.84591115 dP=-0.15374774 r12=8.09318481 Vg=0.00000000 norm=1.00000000 rank=47/160 sv_max=8.25e+00 resid=2.15e-02
progress N=2 step 7650/241277 3.2% t=76.50000 eta_s=51047.0 E=-1.11117125 P=0.84500095 dP=-0.15465794 r12=8.09303513 Vg=0.00000000 norm=1.00000000 rank=46/160 sv_max=8.25e+00 resid=2.78e-02
progress N=2 step 7675/241277 3.2% t=76.75000 eta_s=51040.0 E=-1.10974528 P=0.84409831 dP=-0.15556058 r12=8.09292806 Vg=0.00000000 norm=1.00000000 rank=46/160 sv_max=8.25e+00 resid=2.92e-02
progress N=2 step 7700/241277 3.2% t=77.00000 eta_s=51032.1 E=-1.10832813 P=0.84314250 dP=-0.15651639 r12=8.09310866 Vg=0.00000000 norm=1.00000000 rank=46/160 sv_max=8.30e+00 resid=2.05e-02
progress N=2 step 7725/241277 3.2% t=77.25000 eta_s=51024.6 E=-1.10692057 P=0.84215599 dP=-0.15750290 r12=8.09393309 Vg=0.00000000 norm=1.00000000 rank=45/160 sv_max=8.33e+00 resid=1.63e-02
progress N=2 step 7750/241277 3.2% t=77.50000 eta_s=51016.3 E=-1.10552120 P=0.84120655 dP=-0.15845234 r12=8.09494611 Vg=0.00000000 norm=1.00000000 rank=45/160 sv_max=8.29e+00 resid=2.26e-02
progress N=2 step 7775/241277 3.2% t=77.75000 eta_s=51008.2 E=-1.10412966 P=0.84030971 dP=-0.15934918 r12=8.09593688 Vg=0.00000000 norm=1.00000000 rank=45/160 sv_max=8.31e+00 resid=2.57e-02
progress N=2 step 7800/241277 3.2% t=78.00000 eta_s=51000.5 E=-1.10274609 P=0.83954910 dP=-0.16010979 r12=8.09724705 Vg=0.00000000 norm=1.00000000 rank=46/160 sv_max=8.51e+00 resid=2.89e-02
progress N=2 step 7825/241277 3.2% t=78.25000 eta_s=50993.0 E=-1.10136994 P=0.83892858 dP=-0.16073031 r12=8.09895598 Vg=0.00000000 norm=1.00000000 rank=46/160 sv_max=8.53e+00 resid=2.48e-02
progress N=2 step 7850/241277 3.3% t=78.50000 eta_s=50984.7 E=-1.09999953 P=0.83831729 dP=-0.16134160 r12=8.10086437 Vg=0.00000000 norm=1.00000000 rank=46/160 sv_max=8.43e+00 resid=1.69e-02
progress N=2 step 7875/241277 3.3% t=78.75000 eta_s=50976.5 E=-1.09863517 P=0.83775177 dP=-0.16190712 r12=8.10277562 Vg=0.00000000 norm=1.00000000 rank=46/160 sv_max=8.35e+00 resid=2.05e-02
