job_id=605676
array_job_id=605676
array_task_id=3
job_name=vs3n2f20A
partition=epyc
node_list=cent
submit_dir=/home/gyqyan/zexuan/ecg1d_code/1D_thouless_pumping
workdir=/home/gyqyan/zexuan/ecg1d_code/1D_thouless_pumping
cpus_per_task=16
mem_per_node=16384
planning_estimate=K32 local-dt fine20 split A, 241279 steps; free about 23.5 h, gauss conservatively about 53.6 h per width
start_time=2026-07-09T14:57:00+08:00
case_index=3
mode=gauss
sigma=1.0
binary=./build/ecg1d_vs3_n2_dt001_fine20_full
config=legacy_prb_3_3_n2_pathpad_K32_dt0p01_fine20_gauss_sigma1p000 lambda_C=1.00e-08 rcond=1.00e-04 | TDVP param dimension=256
progress N=2 step 0/241277 0.0% t=0.00000 eta_s=nan E=-2.15315024 P=0.99965889 dP=0.00000000 r12=8.04559382 Vg=0.00000079 norm=1.00000000 rank=-1/256 sv_max=nan resid=nan
initial t=0.00000 tau=0.00000 E=-2.1531502357 <X>/a=0.9996588910 norm=1.0000000000 V_gauss=0.0000007907
progress N=2 step 25/241277 0.0% t=0.25000 eta_s=110480.4 E=-2.15304112 P=0.99964204 dP=-0.00001685 r12=8.04560166 Vg=0.00000083 norm=1.00000000 rank=36/256 sv_max=1.13e+02 resid=5.18e-02
progress N=2 step 50/241277 0.0% t=0.50000 eta_s=111549.2 E=-2.15268693 P=0.99952718 dP=-0.00013171 r12=8.04555426 Vg=0.00000088 norm=1.00000000 rank=37/256 sv_max=1.10e+02 resid=2.07e-02
progress N=2 step 75/241277 0.0% t=0.75000 eta_s=111839.9 E=-2.15209825 P=0.99921588 dP=-0.00044302 r12=8.04547938 Vg=0.00000091 norm=1.00000000 rank=36/256 sv_max=1.09e+02 resid=1.34e-02
progress N=2 step 100/241277 0.0% t=1.00000 eta_s=111943.5 E=-2.15129144 P=0.99862699 dP=-0.00103190 r12=8.04535681 Vg=0.00000101 norm=1.00000000 rank=36/256 sv_max=1.11e+02 resid=1.02e-02
progress N=2 step 125/241277 0.1% t=1.25000 eta_s=112050.2 E=-2.15028620 P=0.99771419 dP=-0.00194471 r12=8.04522508 Vg=0.00000111 norm=1.00000000 rank=35/256 sv_max=1.10e+02 resid=8.58e-03
progress N=2 step 150/241277 0.1% t=1.50000 eta_s=112069.2 E=-2.14910298 P=0.99646777 dP=-0.00319112 r12=8.04513187 Vg=0.00000116 norm=1.00000000 rank=35/256 sv_max=1.07e+02 resid=7.86e-03
progress N=2 step 175/241277 0.1% t=1.75000 eta_s=112113.7 E=-2.14776268 P=0.99491254 dP=-0.00474635 r12=8.04510581 Vg=0.00000116 norm=1.00000000 rank=37/256 sv_max=1.06e+02 resid=7.51e-03
progress N=2 step 200/241277 0.1% t=2.00000 eta_s=112119.7 E=-2.14628448 P=0.99310624 dP=-0.00655265 r12=8.04517900 Vg=0.00000104 norm=1.00000000 rank=35/256 sv_max=1.11e+02 resid=7.52e-03
progress N=2 step 225/241277 0.1% t=2.25000 eta_s=112135.9 E=-2.14468344 P=0.99113357 dP=-0.00852532 r12=8.04528374 Vg=0.00000092 norm=1.00000000 rank=35/256 sv_max=1.02e+02 resid=7.19e-03
progress N=2 step 250/241277 0.1% t=2.50000 eta_s=112149.3 E=-2.14296919 P=0.98909673 dP=-0.01056216 r12=8.04540240 Vg=0.00000090 norm=1.00000000 rank=35/256 sv_max=1.07e+02 resid=6.73e-03
progress N=2 step 275/241277 0.1% t=2.75000 eta_s=112170.8 E=-2.14114317 P=0.98712935 dP=-0.01252954 r12=8.04545024 Vg=0.00000090 norm=1.00000000 rank=35/256 sv_max=1.04e+02 resid=6.52e-03
progress N=2 step 300/241277 0.1% t=3.00000 eta_s=112010.5 E=-2.13919852 P=0.98533777 dP=-0.01432112 r12=8.04542945 Vg=0.00000087 norm=1.00000000 rank=35/256 sv_max=1.05e+02 resid=7.04e-03
progress N=2 step 325/241277 0.1% t=3.25000 eta_s=111839.8 E=-2.13712357 P=0.98379797 dP=-0.01586092 r12=8.04536388 Vg=0.00000091 norm=1.00000000 rank=36/256 sv_max=1.06e+02 resid=7.82e-03
progress N=2 step 350/241277 0.1% t=3.50000 eta_s=111587.5 E=-2.13490358 P=0.98257045 dP=-0.01708844 r12=8.04532814 Vg=0.00000093 norm=1.00000000 rank=36/256 sv_max=1.01e+02 resid=8.88e-03
progress N=2 step 375/241277 0.2% t=3.75000 eta_s=111263.3 E=-2.13252150 P=0.98167918 dP=-0.01797972 r12=8.04537261 Vg=0.00000090 norm=1.00000000 rank=35/256 sv_max=1.05e+02 resid=1.10e-02
progress N=2 step 400/241277 0.2% t=4.00000 eta_s=110981.6 E=-2.12996143 P=0.98110503 dP=-0.01855386 r12=8.04546444 Vg=0.00000091 norm=1.00000000 rank=36/256 sv_max=1.00e+02 resid=1.47e-02
progress N=2 step 425/241277 0.2% t=4.25000 eta_s=110753.2 E=-2.12721018 P=0.98079150 dP=-0.01886739 r12=8.04556226 Vg=0.00000090 norm=1.00000000 rank=37/256 sv_max=1.07e+02 resid=2.25e-02
progress N=2 step 450/241277 0.2% t=4.50000 eta_s=110555.4 E=-2.12425881 P=0.98065295 dP=-0.01900594 r12=8.04559020 Vg=0.00000089 norm=1.00000000 rank=37/256 sv_max=9.92e+01 resid=4.04e-02
progress N=2 step 475/241277 0.2% t=4.75000 eta_s=110453.2 E=-2.12110529 P=0.98058670 dP=-0.01907219 r12=8.04558887 Vg=0.00000093 norm=1.00000000 rank=38/256 sv_max=1.03e+02 resid=5.97e-02
progress N=2 step 500/241277 0.2% t=5.00000 eta_s=110422.9 E=-2.11775348 P=0.98050483 dP=-0.01915406 r12=8.04558447 Vg=0.00000092 norm=1.00000000 rank=37/256 sv_max=1.03e+02 resid=3.77e-02
progress N=2 step 525/241277 0.2% t=5.25000 eta_s=110381.3 E=-2.11421162 P=0.98031232 dP=-0.01934658 r12=8.04556877 Vg=0.00000091 norm=1.00000000 rank=36/256 sv_max=9.60e+01 resid=2.48e-02
progress N=2 step 550/241277 0.2% t=5.50000 eta_s=110337.3 E=-2.11049319 P=0.97991998 dP=-0.01973891 r12=8.04554971 Vg=0.00000094 norm=1.00000000 rank=35/256 sv_max=1.02e+02 resid=1.65e-02
progress N=2 step 575/241277 0.2% t=5.75000 eta_s=110315.5 E=-2.10661512 P=0.97927959 dP=-0.02037930 r12=8.04554911 Vg=0.00000090 norm=1.00000000 rank=35/256 sv_max=9.75e+01 resid=1.18e-02
progress N=2 step 600/241277 0.2% t=6.00000 eta_s=110284.5 E=-2.10259552 P=0.97836003 dP=-0.02129886 r12=8.04558007 Vg=0.00000085 norm=1.00000000 rank=35/256 sv_max=1.04e+02 resid=1.00e-02
progress N=2 step 625/241277 0.3% t=6.25000 eta_s=110260.6 E=-2.09845424 P=0.97715347 dP=-0.02250542 r12=8.04561208 Vg=0.00000093 norm=1.00000000 rank=35/256 sv_max=9.85e+01 resid=8.47e-03
progress N=2 step 650/241277 0.3% t=6.50000 eta_s=110222.1 E=-2.09421062 P=0.97568373 dP=-0.02397516 r12=8.04568087 Vg=0.00000099 norm=1.00000000 rank=35/256 sv_max=1.05e+02 resid=8.24e-03
progress N=2 step 675/241277 0.3% t=6.75000 eta_s=110014.4 E=-2.08988124 P=0.97400829 dP=-0.02565060 r12=8.04578374 Vg=0.00000097 norm=1.00000000 rank=35/256 sv_max=9.81e+01 resid=8.20e-03
progress N=2 step 700/241277 0.3% t=7.00000 eta_s=109945.5 E=-2.08548069 P=0.97220247 dP=-0.02745642 r12=8.04596080 Vg=0.00000093 norm=1.00000000 rank=35/256 sv_max=9.90e+01 resid=8.61e-03
progress N=2 step 725/241277 0.3% t=7.25000 eta_s=109887.1 E=-2.08101918 P=0.97035994 dP=-0.02929895 r12=8.04617701 Vg=0.00000090 norm=1.00000000 rank=35/256 sv_max=1.06e+02 resid=8.93e-03
progress N=2 step 750/241277 0.3% t=7.50000 eta_s=109436.7 E=-2.07650053 P=0.96857414 dP=-0.03108476 r12=8.04635497 Vg=0.00000091 norm=1.00000000 rank=35/256 sv_max=9.45e+01 resid=9.43e-03
progress N=2 step 775/241277 0.3% t=7.75000 eta_s=109047.8 E=-2.07192261 P=0.96693391 dP=-0.03272498 r12=8.04646290 Vg=0.00000094 norm=1.00000000 rank=35/256 sv_max=1.03e+02 resid=1.01e-02
progress N=2 step 800/241277 0.3% t=8.00000 eta_s=108969.0 E=-2.06727773 P=0.96553019 dP=-0.03412870 r12=8.04646445 Vg=0.00000086 norm=1.00000000 rank=35/256 sv_max=9.72e+01 resid=1.05e-02
progress N=2 step 825/241277 0.3% t=8.25000 eta_s=108935.7 E=-2.06255443 P=0.96440473 dP=-0.03525416 r12=8.04636357 Vg=0.00000080 norm=1.00000000 rank=35/256 sv_max=1.03e+02 resid=1.16e-02
progress N=2 step 850/241277 0.4% t=8.50000 eta_s=108754.0 E=-2.05774123 P=0.96356599 dP=-0.03609290 r12=8.04616202 Vg=0.00000086 norm=1.00000000 rank=35/256 sv_max=9.79e+01 resid=1.36e-02
progress N=2 step 875/241277 0.4% t=8.75000 eta_s=108691.5 E=-2.05282832 P=0.96300471 dP=-0.03665419 r12=8.04597224 Vg=0.00000088 norm=1.00000000 rank=35/256 sv_max=1.01e+02 resid=1.71e-02
progress N=2 step 900/241277 0.4% t=9.00000 eta_s=108720.1 E=-2.04780818 P=0.96269355 dP=-0.03696534 r12=8.04583895 Vg=0.00000084 norm=1.00000000 rank=34/256 sv_max=1.01e+02 resid=2.20e-02
progress N=2 step 925/241277 0.4% t=9.25000 eta_s=108737.7 E=-2.04267586 P=0.96257464 dP=-0.03708425 r12=8.04574046 Vg=0.00000083 norm=1.00000000 rank=35/256 sv_max=9.60e+01 resid=3.26e-02
progress N=2 step 950/241277 0.4% t=9.50000 eta_s=108745.2 E=-2.03742983 P=0.96257362 dP=-0.03708527 r12=8.04568060 Vg=0.00000086 norm=1.00000000 rank=34/256 sv_max=1.08e+02 resid=6.37e-02
progress N=2 step 975/241277 0.4% t=9.75000 eta_s=108734.6 E=-2.03207134 P=0.96260752 dP=-0.03705137 r12=8.04563825 Vg=0.00000093 norm=1.00000000 rank=34/256 sv_max=9.51e+01 resid=5.82e-02
progress N=2 step 1000/241277 0.4% t=10.00000 eta_s=108567.4 E=-2.02660527 P=0.96258178 dP=-0.03707711 r12=8.04567470 Vg=0.00000097 norm=1.00000000 rank=34/256 sv_max=1.03e+02 resid=3.53e-02
progress N=2 step 1025/241277 0.4% t=10.25000 eta_s=108529.2 E=-2.02104149 P=0.96242012 dP=-0.03723877 r12=8.04580140 Vg=0.00000093 norm=1.00000000 rank=35/256 sv_max=1.03e+02 resid=2.28e-02
progress N=2 step 1050/241277 0.4% t=10.50000 eta_s=108529.0 E=-2.01539210 P=0.96204816 dP=-0.03761073 r12=8.04600813 Vg=0.00000090 norm=1.00000000 rank=35/256 sv_max=9.81e+01 resid=1.77e-02
progress N=2 step 1075/241277 0.4% t=10.75000 eta_s=108406.8 E=-2.00967285 P=0.96140849 dP=-0.03825040 r12=8.04625544 Vg=0.00000091 norm=1.00000000 rank=34/256 sv_max=1.03e+02 resid=1.44e-02
progress N=2 step 1100/241277 0.5% t=11.00000 eta_s=108206.1 E=-2.00390077 P=0.96048163 dP=-0.03917726 r12=8.04654818 Vg=0.00000086 norm=1.00000000 rank=34/256 sv_max=1.00e+02 resid=1.21e-02
progress N=2 step 1125/241277 0.5% t=11.25000 eta_s=108212.3 E=-1.99809325 P=0.95927230 dP=-0.04038659 r12=8.04687688 Vg=0.00000081 norm=1.00000000 rank=34/256 sv_max=1.07e+02 resid=1.09e-02
progress N=2 step 1150/241277 0.5% t=11.50000 eta_s=108251.4 E=-1.99226572 P=0.95782083 dP=-0.04183806 r12=8.04715569 Vg=0.00000089 norm=1.00000000 rank=34/256 sv_max=9.77e+01 resid=1.00e-02
progress N=2 step 1175/241277 0.5% t=11.75000 eta_s=108222.1 E=-1.98643046 P=0.95619335 dP=-0.04346555 r12=8.04738447 Vg=0.00000097 norm=1.00000000 rank=34/256 sv_max=1.05e+02 resid=9.91e-03
progress N=2 step 1200/241277 0.5% t=12.00000 eta_s=108278.0 E=-1.98059579 P=0.95448554 dP=-0.04517335 r12=8.04757203 Vg=0.00000097 norm=1.00000000 rank=34/256 sv_max=1.03e+02 resid=9.75e-03
progress N=2 step 1225/241277 0.5% t=12.25000 eta_s=108348.3 E=-1.97476597 P=0.95279029 dP=-0.04686860 r12=8.04773533 Vg=0.00000091 norm=1.00000000 rank=34/256 sv_max=1.01e+02 resid=1.09e-02
progress N=2 step 1250/241277 0.5% t=12.50000 eta_s=108414.7 E=-1.96894277 P=0.95119142 dP=-0.04846747 r12=8.04787509 Vg=0.00000088 norm=1.00000000 rank=34/256 sv_max=1.12e+02 resid=1.18e-02
progress N=2 step 1275/241277 0.5% t=12.75000 eta_s=108470.0 E=-1.96312356 P=0.94977035 dP=-0.04988854 r12=8.04792644 Vg=0.00000090 norm=1.00000000 rank=34/256 sv_max=9.84e+01 resid=1.33e-02
progress N=2 step 1300/241277 0.5% t=13.00000 eta_s=108530.8 E=-1.95730188 P=0.94858259 dP=-0.05107630 r12=8.04785931 Vg=0.00000088 norm=1.00000000 rank=34/256 sv_max=1.09e+02 resid=1.44e-02
progress N=2 step 1325/241277 0.5% t=13.25000 eta_s=108589.4 E=-1.95146887 P=0.94767398 dP=-0.05198491 r12=8.04766727 Vg=0.00000084 norm=1.00000000 rank=34/256 sv_max=1.06e+02 resid=1.59e-02
progress N=2 step 1350/241277 0.6% t=13.50000 eta_s=108645.6 E=-1.94561507 P=0.94705088 dP=-0.05260801 r12=8.04736938 Vg=0.00000087 norm=1.00000000 rank=34/256 sv_max=1.02e+02 resid=1.97e-02
progress N=2 step 1375/241277 0.6% t=13.75000 eta_s=108695.1 E=-1.93973157 P=0.94669442 dP=-0.05296447 r12=8.04698876 Vg=0.00000103 norm=1.00000000 rank=34/256 sv_max=1.08e+02 resid=2.36e-02
progress N=2 step 1400/241277 0.6% t=14.00000 eta_s=108746.1 E=-1.93381216 P=0.94657405 dP=-0.05308484 r12=8.04659613 Vg=0.00000112 norm=1.00000000 rank=34/256 sv_max=9.95e+01 resid=2.92e-02
progress N=2 step 1425/241277 0.6% t=14.25000 eta_s=108793.1 E=-1.92785161 P=0.94664195 dP=-0.05301694 r12=8.04628574 Vg=0.00000104 norm=1.00000000 rank=34/256 sv_max=1.11e+02 resid=4.09e-02
progress N=2 step 1450/241277 0.6% t=14.50000 eta_s=108832.8 E=-1.92184779 P=0.94683452 dP=-0.05282437 r12=8.04606277 Vg=0.00000102 norm=1.00000000 rank=34/256 sv_max=1.02e+02 resid=5.53e-02
progress N=2 step 1475/241277 0.6% t=14.75000 eta_s=108873.3 E=-1.91580091 P=0.94705225 dP=-0.05260664 r12=8.04595247 Vg=0.00000107 norm=1.00000000 rank=34/256 sv_max=1.07e+02 resid=5.31e-02
progress N=2 step 1500/241277 0.6% t=15.00000 eta_s=108915.6 E=-1.90971527 P=0.94720646 dP=-0.05245243 r12=8.04598240 Vg=0.00000111 norm=1.00000000 rank=34/256 sv_max=1.07e+02 resid=3.75e-02
progress N=2 step 1525/241277 0.6% t=15.25000 eta_s=108956.4 E=-1.90359765 P=0.94721356 dP=-0.05244533 r12=8.04618890 Vg=0.00000108 norm=1.00000000 rank=34/256 sv_max=1.02e+02 resid=2.85e-02
progress N=2 step 1550/241277 0.6% t=15.50000 eta_s=108996.5 E=-1.89745875 P=0.94699755 dP=-0.05266134 r12=8.04659589 Vg=0.00000103 norm=1.00000000 rank=34/256 sv_max=1.16e+02 resid=2.15e-02
progress N=2 step 1575/241277 0.7% t=15.75000 eta_s=109033.2 E=-1.89131131 P=0.94651488 dP=-0.05314401 r12=8.04714735 Vg=0.00000111 norm=1.00000000 rank=34/256 sv_max=9.94e+01 resid=1.84e-02
progress N=2 step 1600/241277 0.7% t=16.00000 eta_s=109047.4 E=-1.88516751 P=0.94574484 dP=-0.05391405 r12=8.04779737 Vg=0.00000117 norm=1.00000000 rank=34/256 sv_max=1.08e+02 resid=1.59e-02
progress N=2 step 1625/241277 0.7% t=16.25000 eta_s=109019.8 E=-1.87903970 P=0.94470380 dP=-0.05495509 r12=8.04848589 Vg=0.00000115 norm=1.00000000 rank=34/256 sv_max=1.09e+02 resid=1.31e-02
progress N=2 step 1650/241277 0.7% t=16.50000 eta_s=108971.6 E=-1.87293797 P=0.94341708 dP=-0.05624181 r12=8.04913679 Vg=0.00000113 norm=1.00000000 rank=35/256 sv_max=1.03e+02 resid=1.29e-02
progress N=2 step 1675/241277 0.7% t=16.75000 eta_s=108940.2 E=-1.86687098 P=0.94194719 dP=-0.05771170 r12=8.04971411 Vg=0.00000129 norm=1.00000000 rank=35/256 sv_max=1.11e+02 resid=1.28e-02
progress N=2 step 1700/241277 0.7% t=17.00000 eta_s=108945.8 E=-1.86084302 P=0.94037876 dP=-0.05928013 r12=8.05016799 Vg=0.00000138 norm=1.00000000 rank=36/256 sv_max=9.07e+01 resid=1.30e-02
progress N=2 step 1725/241277 0.7% t=17.25000 eta_s=108937.2 E=-1.85485691 P=0.93878982 dP=-0.06086908 r12=8.05047146 Vg=0.00000130 norm=1.00000000 rank=37/256 sv_max=1.19e+02 resid=1.15e-02
progress N=2 step 1750/241277 0.7% t=17.50000 eta_s=108928.7 E=-1.84891323 P=0.93727109 dP=-0.06238781 r12=8.05063618 Vg=0.00000113 norm=1.00000000 rank=37/256 sv_max=1.31e+02 resid=1.16e-02
progress N=2 step 1775/241277 0.7% t=17.75000 eta_s=108962.9 E=-1.84301077 P=0.93588775 dP=-0.06377114 r12=8.05071639 Vg=0.00000123 norm=1.00000000 rank=37/256 sv_max=1.19e+02 resid=9.39e-03
progress N=2 step 1800/241277 0.7% t=18.00000 eta_s=108995.6 E=-1.83714571 P=0.93470285 dP=-0.06495604 r12=8.05070605 Vg=0.00000159 norm=1.00000000 rank=37/256 sv_max=1.38e+02 resid=1.14e-02
progress N=2 step 1825/241277 0.8% t=18.25000 eta_s=109032.4 E=-1.83131143 P=0.93378085 dP=-0.06587804 r12=8.05054396 Vg=0.00000152 norm=1.00000000 rank=37/256 sv_max=1.11e+02 resid=1.32e-02
progress N=2 step 1850/241277 0.8% t=18.50000 eta_s=109064.6 E=-1.82549999 P=0.93315354 dP=-0.06650535 r12=8.05022745 Vg=0.00000143 norm=1.00000000 rank=35/256 sv_max=1.28e+02 resid=1.61e-02
progress N=2 step 1875/241277 0.8% t=18.75000 eta_s=109096.2 E=-1.81970383 P=0.93279233 dP=-0.06686656 r12=8.04984563 Vg=0.00000171 norm=1.00000000 rank=35/256 sv_max=1.37e+02 resid=1.98e-02
progress N=2 step 1900/241277 0.8% t=19.00000 eta_s=109127.1 E=-1.81391576 P=0.93267195 dP=-0.06698694 r12=8.04947782 Vg=0.00000217 norm=1.00000000 rank=36/256 sv_max=1.14e+02 resid=2.27e-02
progress N=2 step 1925/241277 0.8% t=19.25000 eta_s=109154.0 E=-1.80813043 P=0.93275589 dP=-0.06690300 r12=8.04924617 Vg=0.00000211 norm=1.00000000 rank=35/256 sv_max=1.24e+02 resid=2.59e-02
progress N=2 step 1950/241277 0.8% t=19.50000 eta_s=109178.9 E=-1.80234396 P=0.93297300 dP=-0.06668589 r12=8.04904908 Vg=0.00000208 norm=1.00000000 rank=35/256 sv_max=1.28e+02 resid=3.02e-02
progress N=2 step 1975/241277 0.8% t=19.75000 eta_s=109205.6 E=-1.79655672 P=0.93323974 dP=-0.06641915 r12=8.04874987 Vg=0.00000215 norm=1.00000000 rank=35/256 sv_max=1.22e+02 resid=3.43e-02
progress N=2 step 2000/241277 0.8% t=20.00000 eta_s=109232.5 E=-1.79077055 P=0.93346983 dP=-0.06618906 r12=8.04833468 Vg=0.00000206 norm=1.00000000 rank=35/256 sv_max=1.25e+02 resid=3.53e-02
progress N=2 step 2025/241277 0.8% t=20.25000 eta_s=109194.6 E=-1.78498929 P=0.93359481 dP=-0.06606408 r12=8.04781212 Vg=0.00000196 norm=1.00000000 rank=35/256 sv_max=1.19e+02 resid=3.24e-02
progress N=2 step 2050/241277 0.8% t=20.50000 eta_s=109167.1 E=-1.77921813 P=0.93357109 dP=-0.06608780 r12=8.04728216 Vg=0.00000195 norm=1.00000000 rank=35/256 sv_max=1.10e+02 resid=2.81e-02
progress N=2 step 2075/241277 0.9% t=20.75000 eta_s=109158.2 E=-1.77346210 P=0.93337550 dP=-0.06628339 r12=8.04679872 Vg=0.00000213 norm=1.00000000 rank=35/256 sv_max=1.12e+02 resid=2.33e-02
progress N=2 step 2100/241277 0.9% t=21.00000 eta_s=109159.1 E=-1.76772658 P=0.93299288 dP=-0.06666601 r12=8.04639168 Vg=0.00000253 norm=1.00000000 rank=35/256 sv_max=1.16e+02 resid=1.94e-02
progress N=2 step 2125/241277 0.9% t=21.25000 eta_s=109168.0 E=-1.76201724 P=0.93241635 dP=-0.06724254 r12=8.04624575 Vg=0.00000281 norm=1.00000000 rank=35/256 sv_max=1.20e+02 resid=1.71e-02
progress N=2 step 2150/241277 0.9% t=21.50000 eta_s=109170.1 E=-1.75634005 P=0.93165490 dP=-0.06800399 r12=8.04650146 Vg=0.00000298 norm=1.00000000 rank=35/256 sv_max=1.17e+02 resid=1.68e-02
progress N=2 step 2175/241277 0.9% t=21.75000 eta_s=109187.1 E=-1.75070133 P=0.93072691 dP=-0.06893198 r12=8.04708640 Vg=0.00000320 norm=1.00000000 rank=35/256 sv_max=1.13e+02 resid=1.55e-02
progress N=2 step 2200/241277 0.9% t=22.00000 eta_s=109208.0 E=-1.74510576 P=0.92966826 dP=-0.06999063 r12=8.04786101 Vg=0.00000325 norm=1.00000000 rank=34/256 sv_max=1.16e+02 resid=1.39e-02
progress N=2 step 2225/241277 0.9% t=22.25000 eta_s=109227.2 E=-1.73955558 P=0.92852359 dP=-0.07113530 r12=8.04865721 Vg=0.00000308 norm=1.00000000 rank=34/256 sv_max=1.22e+02 resid=1.32e-02
progress N=2 step 2250/241277 0.9% t=22.50000 eta_s=109247.8 E=-1.73405288 P=0.92734988 dP=-0.07230901 r12=8.04939540 Vg=0.00000286 norm=1.00000000 rank=35/256 sv_max=1.21e+02 resid=1.35e-02
progress N=2 step 2275/241277 0.9% t=22.75000 eta_s=109265.5 E=-1.72859750 P=0.92619058 dP=-0.07346832 r12=8.05021995 Vg=0.00000281 norm=1.00000000 rank=34/256 sv_max=1.19e+02 resid=1.37e-02
progress N=2 step 2300/241277 1.0% t=23.00000 eta_s=109283.7 E=-1.72318930 P=0.92508864 dP=-0.07457025 r12=8.05123646 Vg=0.00000326 norm=1.00000000 rank=34/256 sv_max=1.24e+02 resid=1.54e-02
progress N=2 step 2325/241277 1.0% t=23.25000 eta_s=109299.3 E=-1.71782605 P=0.92409971 dP=-0.07555918 r12=8.05247649 Vg=0.00000380 norm=1.00000000 rank=34/256 sv_max=1.33e+02 resid=1.84e-02
progress N=2 step 2350/241277 1.0% t=23.50000 eta_s=109314.0 E=-1.71250496 P=0.92326152 dP=-0.07639737 r12=8.05388240 Vg=0.00000403 norm=1.00000000 rank=34/256 sv_max=1.33e+02 resid=2.22e-02
progress N=2 step 2375/241277 1.0% t=23.75000 eta_s=109327.0 E=-1.70722191 P=0.92258265 dP=-0.07707624 r12=8.05518656 Vg=0.00000408 norm=1.00000000 rank=34/256 sv_max=1.37e+02 resid=2.65e-02
progress N=2 step 2400/241277 1.0% t=24.00000 eta_s=109343.2 E=-1.70197277 P=0.92205315 dP=-0.07760574 r12=8.05611153 Vg=0.00000420 norm=1.00000000 rank=34/256 sv_max=1.34e+02 resid=2.82e-02
progress N=2 step 2425/241277 1.0% t=24.25000 eta_s=109336.8 E=-1.69675421 P=0.92165696 dP=-0.07800193 r12=8.05659200 Vg=0.00000435 norm=1.00000000 rank=35/256 sv_max=1.26e+02 resid=2.68e-02
progress N=2 step 2450/241277 1.0% t=24.50000 eta_s=109290.6 E=-1.69156432 P=0.92137406 dP=-0.07828483 r12=8.05652376 Vg=0.00000445 norm=1.00000000 rank=35/256 sv_max=1.22e+02 resid=2.80e-02
progress N=2 step 2475/241277 1.0% t=24.75000 eta_s=109245.6 E=-1.68640154 P=0.92119153 dP=-0.07846736 r12=8.05578620 Vg=0.00000453 norm=1.00000000 rank=34/256 sv_max=1.35e+02 resid=3.16e-02
progress N=2 step 2500/241277 1.0% t=25.00000 eta_s=109208.8 E=-1.68126491 P=0.92108500 dP=-0.07857389 r12=8.05431578 Vg=0.00000481 norm=1.00000000 rank=35/256 sv_max=1.39e+02 resid=4.01e-02
progress N=2 step 2525/241277 1.0% t=25.25000 eta_s=109204.5 E=-1.67615307 P=0.92104060 dP=-0.07861829 r12=8.05208605 Vg=0.00000523 norm=1.00000000 rank=35/256 sv_max=1.39e+02 resid=5.33e-02
progress N=2 step 2550/241277 1.1% t=25.50000 eta_s=109201.8 E=-1.67106495 P=0.92103733 dP=-0.07862156 r12=8.04930033 Vg=0.00000543 norm=1.00000000 rank=34/256 sv_max=1.37e+02 resid=5.68e-02
progress N=2 step 2575/241277 1.1% t=25.75000 eta_s=109177.3 E=-1.66600048 P=0.92103292 dP=-0.07862597 r12=8.04625594 Vg=0.00000563 norm=1.00000000 rank=35/256 sv_max=1.35e+02 resid=4.78e-02
progress N=2 step 2600/241277 1.1% t=26.00000 eta_s=109190.2 E=-1.66095968 P=0.92099564 dP=-0.07866325 r12=8.04318313 Vg=0.00000592 norm=1.00000000 rank=36/256 sv_max=1.29e+02 resid=3.97e-02
progress N=2 step 2625/241277 1.1% t=26.25000 eta_s=109202.7 E=-1.65594349 P=0.92090259 dP=-0.07875630 r12=8.04037078 Vg=0.00000616 norm=1.00000000 rank=35/256 sv_max=1.28e+02 resid=3.60e-02
progress N=2 step 2650/241277 1.1% t=26.50000 eta_s=109213.2 E=-1.65095329 P=0.92073395 dP=-0.07892494 r12=8.03812155 Vg=0.00000629 norm=1.00000000 rank=35/256 sv_max=1.31e+02 resid=3.38e-02
progress N=2 step 2675/241277 1.1% t=26.75000 eta_s=109226.7 E=-1.64599202 P=0.92046637 dP=-0.07919252 r12=8.03665711 Vg=0.00000669 norm=1.00000000 rank=34/256 sv_max=1.27e+02 resid=3.44e-02
progress N=2 step 2700/241277 1.1% t=27.00000 eta_s=109240.9 E=-1.64106282 P=0.92009889 dP=-0.07956000 r12=8.03618270 Vg=0.00000713 norm=1.00000000 rank=34/256 sv_max=1.23e+02 resid=3.31e-02
progress N=2 step 2725/241277 1.1% t=27.25000 eta_s=109251.0 E=-1.63616821 P=0.91963188 dP=-0.08002701 r12=8.03688056 Vg=0.00000745 norm=1.00000000 rank=34/256 sv_max=1.20e+02 resid=3.15e-02
progress N=2 step 2750/241277 1.1% t=27.50000 eta_s=109259.6 E=-1.63131081 P=0.91906904 dP=-0.08058985 r12=8.03875392 Vg=0.00000758 norm=1.00000000 rank=33/256 sv_max=1.17e+02 resid=2.94e-02
progress N=2 step 2775/241277 1.2% t=27.75000 eta_s=109267.8 E=-1.62649168 P=0.91841874 dP=-0.08124015 r12=8.04169583 Vg=0.00000752 norm=1.00000000 rank=34/256 sv_max=1.20e+02 resid=2.74e-02
progress N=2 step 2800/241277 1.2% t=28.00000 eta_s=109274.6 E=-1.62171068 P=0.91769923 dP=-0.08195966 r12=8.04556099 Vg=0.00000759 norm=1.00000000 rank=34/256 sv_max=1.23e+02 resid=2.62e-02
progress N=2 step 2825/241277 1.2% t=28.25000 eta_s=109284.6 E=-1.61696843 P=0.91693855 dP=-0.08272034 r12=8.05008162 Vg=0.00000793 norm=1.00000000 rank=34/256 sv_max=1.22e+02 resid=2.60e-02
progress N=2 step 2850/241277 1.2% t=28.50000 eta_s=109292.6 E=-1.61226444 P=0.91617192 dP=-0.08348697 r12=8.05495294 Vg=0.00000819 norm=1.00000000 rank=35/256 sv_max=1.24e+02 resid=2.78e-02
progress N=2 step 2875/241277 1.2% t=28.75000 eta_s=109300.0 E=-1.60759888 P=0.91542190 dP=-0.08423700 r12=8.05977531 Vg=0.00000850 norm=1.00000000 rank=34/256 sv_max=1.32e+02 resid=3.02e-02
progress N=2 step 2900/241277 1.2% t=29.00000 eta_s=109307.2 E=-1.60297180 P=0.91470469 dP=-0.08495420 r12=8.06406809 Vg=0.00000894 norm=1.00000000 rank=33/256 sv_max=1.33e+02 resid=2.94e-02
progress N=2 step 2925/241277 1.2% t=29.25000 eta_s=109313.0 E=-1.59838291 P=0.91403074 dP=-0.08562815 r12=8.06745984 Vg=0.00000936 norm=1.00000000 rank=33/256 sv_max=1.28e+02 resid=2.83e-02
progress N=2 step 2950/241277 1.2% t=29.50000 eta_s=109319.7 E=-1.59383220 P=0.91340065 dP=-0.08625824 r12=8.06970524 Vg=0.00000983 norm=1.00000000 rank=33/256 sv_max=1.30e+02 resid=2.78e-02
progress N=2 step 2975/241277 1.2% t=29.75000 eta_s=109325.5 E=-1.58931880 P=0.91281818 dP=-0.08684071 r12=8.07060521 Vg=0.00001020 norm=1.00000000 rank=33/256 sv_max=1.36e+02 resid=2.84e-02
progress N=2 step 3000/241277 1.2% t=30.00000 eta_s=109330.8 E=-1.58484146 P=0.91229035 dP=-0.08736854 r12=8.07002401 Vg=0.00001017 norm=1.00000000 rank=33/256 sv_max=1.36e+02 resid=2.93e-02
progress N=2 step 3025/241277 1.3% t=30.25000 eta_s=109336.5 E=-1.58039824 P=0.91182428 dP=-0.08783461 r12=8.06794165 Vg=0.00000968 norm=1.00000000 rank=33/256 sv_max=1.34e+02 resid=3.04e-02
progress N=2 step 3050/241277 1.3% t=30.50000 eta_s=109341.0 E=-1.57598758 P=0.91142186 dP=-0.08823703 r12=8.06446250 Vg=0.00000932 norm=1.00000000 rank=33/256 sv_max=1.35e+02 resid=3.27e-02
progress N=2 step 3075/241277 1.3% t=30.75000 eta_s=109343.6 E=-1.57160770 P=0.91107688 dP=-0.08858201 r12=8.05983793 Vg=0.00000953 norm=1.00000000 rank=33/256 sv_max=1.36e+02 resid=3.38e-02
progress N=2 step 3100/241277 1.3% t=31.00000 eta_s=109324.5 E=-1.56725695 P=0.91077784 dP=-0.08888106 r12=8.05440476 Vg=0.00001014 norm=1.00000000 rank=33/256 sv_max=1.38e+02 resid=3.36e-02
progress N=2 step 3125/241277 1.3% t=31.25000 eta_s=109265.8 E=-1.56293534 P=0.91050631 dP=-0.08915258 r12=8.04857717 Vg=0.00001088 norm=1.00000000 rank=34/256 sv_max=1.45e+02 resid=3.21e-02
progress N=2 step 3150/241277 1.3% t=31.50000 eta_s=109191.7 E=-1.55864261 P=0.91025389 dP=-0.08940500 r12=8.04280981 Vg=0.00001150 norm=1.00000000 rank=35/256 sv_max=1.49e+02 resid=3.13e-02
progress N=2 step 3175/241277 1.3% t=31.75000 eta_s=109070.7 E=-1.55437876 P=0.91002299 dP=-0.08963591 r12=8.03746716 Vg=0.00001179 norm=1.00000000 rank=33/256 sv_max=1.50e+02 resid=3.28e-02
progress N=2 step 3200/241277 1.3% t=32.00000 eta_s=108981.9 E=-1.55014372 P=0.90980631 dP=-0.08985259 r12=8.03288799 Vg=0.00001161 norm=1.00000000 rank=33/256 sv_max=1.45e+02 resid=3.34e-02
progress N=2 step 3225/241277 1.3% t=32.25000 eta_s=108943.4 E=-1.54593700 P=0.90959224 dP=-0.09006665 r12=8.02943947 Vg=0.00001114 norm=1.00000000 rank=33/256 sv_max=1.41e+02 resid=3.41e-02
progress N=2 step 3250/241277 1.3% t=32.50000 eta_s=108934.6 E=-1.54175928 P=0.90938032 dP=-0.09027857 r12=8.02740541 Vg=0.00001071 norm=1.00000000 rank=33/256 sv_max=1.39e+02 resid=3.75e-02
progress N=2 step 3275/241277 1.4% t=32.75000 eta_s=108870.7 E=-1.53761052 P=0.90916400 dP=-0.09049490 r12=8.02683687 Vg=0.00001073 norm=1.00000000 rank=33/256 sv_max=1.39e+02 resid=3.84e-02
progress N=2 step 3300/241277 1.4% t=33.00000 eta_s=108851.5 E=-1.53349008 P=0.90892681 dP=-0.09073208 r12=8.02771287 Vg=0.00001103 norm=1.00000000 rank=33/256 sv_max=1.41e+02 resid=3.77e-02
progress N=2 step 3325/241277 1.4% t=33.25000 eta_s=108857.6 E=-1.52939824 P=0.90865917 dP=-0.09099972 r12=8.02994659 Vg=0.00001138 norm=1.00000000 rank=33/256 sv_max=1.42e+02 resid=3.87e-02
progress N=2 step 3350/241277 1.4% t=33.50000 eta_s=108867.7 E=-1.52533366 P=0.90835881 dP=-0.09130008 r12=8.03337932 Vg=0.00001169 norm=1.00000000 rank=33/256 sv_max=1.40e+02 resid=3.95e-02
progress N=2 step 3375/241277 1.4% t=33.75000 eta_s=108877.9 E=-1.52129701 P=0.90803242 dP=-0.09162647 r12=8.03779648 Vg=0.00001184 norm=1.00000000 rank=34/256 sv_max=1.44e+02 resid=3.91e-02
progress N=2 step 3400/241277 1.4% t=34.00000 eta_s=108885.1 E=-1.51728828 P=0.90768934 dP=-0.09196955 r12=8.04285005 Vg=0.00001171 norm=1.00000000 rank=34/256 sv_max=1.46e+02 resid=3.82e-02
progress N=2 step 3425/241277 1.4% t=34.25000 eta_s=108874.3 E=-1.51330779 P=0.90734598 dP=-0.09231291 r12=8.04812875 Vg=0.00001139 norm=1.00000000 rank=32/256 sv_max=1.49e+02 resid=3.92e-02
progress N=2 step 3450/241277 1.4% t=34.50000 eta_s=108862.3 E=-1.50935693 P=0.90700305 dP=-0.09265585 r12=8.05335488 Vg=0.00001127 norm=1.00000000 rank=33/256 sv_max=1.43e+02 resid=3.87e-02
progress N=2 step 3475/241277 1.4% t=34.75000 eta_s=108852.6 E=-1.50543522 P=0.90665295 dP=-0.09300594 r12=8.05822358 Vg=0.00001167 norm=1.00000000 rank=33/256 sv_max=1.41e+02 resid=3.91e-02
progress N=2 step 3500/241277 1.5% t=35.00000 eta_s=108847.1 E=-1.50154325 P=0.90628334 dP=-0.09337555 r12=8.06242433 Vg=0.00001222 norm=1.00000000 rank=34/256 sv_max=1.43e+02 resid=4.11e-02
progress N=2 step 3525/241277 1.5% t=35.25000 eta_s=108839.3 E=-1.49768215 P=0.90587487 dP=-0.09378403 r12=8.06562798 Vg=0.00001238 norm=1.00000000 rank=34/256 sv_max=1.45e+02 resid=3.88e-02
progress N=2 step 3550/241277 1.5% t=35.50000 eta_s=108830.5 E=-1.49385159 P=0.90541203 dP=-0.09424686 r12=8.06771579 Vg=0.00001179 norm=1.00000000 rank=34/256 sv_max=1.48e+02 resid=3.76e-02
progress N=2 step 3575/241277 1.5% t=35.75000 eta_s=108822.1 E=-1.49005116 P=0.90490217 dP=-0.09475672 r12=8.06874743 Vg=0.00001094 norm=1.00000000 rank=34/256 sv_max=1.49e+02 resid=4.03e-02
progress N=2 step 3600/241277 1.5% t=36.00000 eta_s=108813.6 E=-1.48628043 P=0.90435750 dP=-0.09530139 r12=8.06886808 Vg=0.00001053 norm=1.00000000 rank=34/256 sv_max=1.49e+02 resid=4.32e-02
progress N=2 step 3625/241277 1.5% t=36.25000 eta_s=108804.6 E=-1.48253909 P=0.90379871 dP=-0.09586018 r12=8.06818516 Vg=0.00001053 norm=1.00000000 rank=35/256 sv_max=1.50e+02 resid=4.49e-02
progress N=2 step 3650/241277 1.5% t=36.50000 eta_s=108792.3 E=-1.47882684 P=0.90325094 dP=-0.09640795 r12=8.06684940 Vg=0.00001057 norm=1.00000000 rank=35/256 sv_max=1.52e+02 resid=4.55e-02
progress N=2 step 3675/241277 1.5% t=36.75000 eta_s=108780.6 E=-1.47514326 P=0.90273435 dP=-0.09692454 r12=8.06498704 Vg=0.00001116 norm=1.00000000 rank=34/256 sv_max=1.51e+02 resid=4.75e-02
progress N=2 step 3700/241277 1.5% t=37.00000 eta_s=108771.1 E=-1.47148761 P=0.90227185 dP=-0.09738704 r12=8.06267258 Vg=0.00001218 norm=1.00000000 rank=34/256 sv_max=1.51e+02 resid=4.74e-02
progress N=2 step 3725/241277 1.5% t=37.25000 eta_s=108760.9 E=-1.46785902 P=0.90187464 dP=-0.09778425 r12=8.06006287 Vg=0.00001237 norm=1.00000000 rank=34/256 sv_max=1.56e+02 resid=4.91e-02
progress N=2 step 3750/241277 1.6% t=37.50000 eta_s=108750.8 E=-1.46425687 P=0.90153803 dP=-0.09812087 r12=8.05733080 Vg=0.00001151 norm=1.00000000 rank=33/256 sv_max=1.57e+02 resid=5.09e-02
progress N=2 step 3775/241277 1.6% t=37.75000 eta_s=108743.0 E=-1.46068083 P=0.90126319 dP=-0.09839570 r12=8.05456718 Vg=0.00001015 norm=1.00000000 rank=33/256 sv_max=1.58e+02 resid=5.56e-02
progress N=2 step 3800/241277 1.6% t=38.00000 eta_s=108731.2 E=-1.45713020 P=0.90104928 dP=-0.09860961 r12=8.05188348 Vg=0.00000894 norm=1.00000000 rank=33/256 sv_max=1.56e+02 resid=6.07e-02
progress N=2 step 3825/241277 1.6% t=38.25000 eta_s=108706.3 E=-1.45360421 P=0.90088971 dP=-0.09876918 r12=8.04933607 Vg=0.00000848 norm=1.00000000 rank=33/256 sv_max=1.57e+02 resid=6.86e-02
progress N=2 step 3850/241277 1.6% t=38.50000 eta_s=108675.7 E=-1.45010178 P=0.90077586 dP=-0.09888303 r12=8.04700057 Vg=0.00000870 norm=1.00000000 rank=34/256 sv_max=1.57e+02 resid=7.52e-02
progress N=2 step 3875/241277 1.6% t=38.75000 eta_s=108649.0 E=-1.44662184 P=0.90068686 dP=-0.09897204 r12=8.04497281 Vg=0.00000921 norm=1.00000000 rank=34/256 sv_max=1.54e+02 resid=8.62e-02
progress N=2 step 3900/241277 1.6% t=39.00000 eta_s=108625.1 E=-1.44316339 P=0.90060994 dP=-0.09904895 r12=8.04329696 Vg=0.00000966 norm=1.00000000 rank=34/256 sv_max=1.58e+02 resid=8.82e-02
progress N=2 step 3925/241277 1.6% t=39.25000 eta_s=108609.9 E=-1.43972625 P=0.90052585 dP=-0.09913304 r12=8.04192619 Vg=0.00000989 norm=1.00000000 rank=33/256 sv_max=1.62e+02 resid=8.04e-02
progress N=2 step 3950/241277 1.6% t=39.50000 eta_s=108586.6 E=-1.43622170 P=0.90042519 dP=-0.09923370 r12=8.04080030 Vg=0.00000941 norm=1.00000000 rank=33/256 sv_max=1.60e+02 resid=7.31e-02
progress N=2 step 3975/241277 1.6% t=39.75000 eta_s=108574.1 E=-1.43279152 P=0.90029058 dP=-0.09936832 r12=8.04001546 Vg=0.00000852 norm=1.00000000 rank=32/256 sv_max=1.60e+02 resid=2.36e-01
progress N=2 step 4000/241277 1.7% t=40.00000 eta_s=108565.1 E=-1.42941743 P=0.90010981 dP=-0.09954908 r12=8.03964262 Vg=0.00000787 norm=1.00000000 rank=33/256 sv_max=1.62e+02 resid=2.08e-01
progress N=2 step 4025/241277 1.7% t=40.25000 eta_s=108552.9 E=-1.42606638 P=0.89986305 dP=-0.09979584 r12=8.03958253 Vg=0.00000777 norm=1.00000000 rank=32/256 sv_max=1.66e+02 resid=1.78e-01
progress N=2 step 4050/241277 1.7% t=40.50000 eta_s=108542.7 E=-1.42274099 P=0.89952454 dP=-0.10013435 r12=8.03971271 Vg=0.00000807 norm=1.00000000 rank=32/256 sv_max=1.74e+02 resid=1.59e-01
progress N=2 step 4075/241277 1.7% t=40.75000 eta_s=108532.8 E=-1.41944160 P=0.89908536 dP=-0.10057353 r12=8.03995584 Vg=0.00000823 norm=1.00000000 rank=32/256 sv_max=1.78e+02 resid=1.49e-01
progress N=2 step 4100/241277 1.7% t=41.00000 eta_s=108523.0 E=-1.41616830 P=0.89854241 dP=-0.10111648 r12=8.04033173 Vg=0.00000821 norm=1.00000000 rank=32/256 sv_max=1.74e+02 resid=1.39e-01
progress N=2 step 4125/241277 1.7% t=41.25000 eta_s=108512.0 E=-1.41292237 P=0.89790147 dP=-0.10175742 r12=8.04089853 Vg=0.00000813 norm=1.00000000 rank=32/256 sv_max=1.72e+02 resid=1.28e-01
progress N=2 step 4150/241277 1.7% t=41.50000 eta_s=108501.2 E=-1.40970211 P=0.89718396 dP=-0.10247493 r12=8.04168526 Vg=0.00000798 norm=1.00000000 rank=32/256 sv_max=1.72e+02 resid=1.19e-01
progress N=2 step 4175/241277 1.7% t=41.75000 eta_s=108488.2 E=-1.40650779 P=0.89642263 dP=-0.10323626 r12=8.04276915 Vg=0.00000769 norm=1.00000000 rank=32/256 sv_max=1.72e+02 resid=1.14e-01
progress N=2 step 4200/241277 1.7% t=42.00000 eta_s=108460.8 E=-1.40333931 P=0.89565199 dP=-0.10400690 r12=8.04424948 Vg=0.00000764 norm=1.00000000 rank=32/256 sv_max=1.74e+02 resid=1.15e-01
progress N=2 step 4225/241277 1.8% t=42.25000 eta_s=108433.0 E=-1.40019615 P=0.89490019 dP=-0.10475870 r12=8.04617185 Vg=0.00000816 norm=1.00000000 rank=32/256 sv_max=1.78e+02 resid=1.22e-01
progress N=2 step 4250/241277 1.8% t=42.50000 eta_s=108406.1 E=-1.39707915 P=0.89418851 dP=-0.10547038 r12=8.04851942 Vg=0.00000882 norm=1.00000000 rank=32/256 sv_max=1.79e+02 resid=1.31e-01
progress N=2 step 4275/241277 1.8% t=42.75000 eta_s=108380.9 E=-1.39398738 P=0.89354055 dP=-0.10611835 r12=8.05117000 Vg=0.00000909 norm=1.00000000 rank=32/256 sv_max=1.80e+02 resid=1.46e-01
progress N=2 step 4300/241277 1.8% t=43.00000 eta_s=108367.7 E=-1.39092099 P=0.89299271 dP=-0.10666618 r12=8.05392064 Vg=0.00000875 norm=1.00000000 rank=32/256 sv_max=1.83e+02 resid=1.65e-01
progress N=2 step 4325/241277 1.8% t=43.25000 eta_s=108354.7 E=-1.38787777 P=0.89258033 dP=-0.10707856 r12=8.05655908 Vg=0.00000813 norm=1.00000000 rank=32/256 sv_max=1.85e+02 resid=1.78e-01
progress N=2 step 4350/241277 1.8% t=43.50000 eta_s=108290.7 E=-1.38485584 P=0.89232386 dP=-0.10733503 r12=8.05893298 Vg=0.00000776 norm=1.00000000 rank=32/256 sv_max=1.87e+02 resid=1.83e-01
progress N=2 step 4375/241277 1.8% t=43.75000 eta_s=108243.6 E=-1.38185328 P=0.89222868 dP=-0.10743021 r12=8.06099134 Vg=0.00000769 norm=1.00000000 rank=32/256 sv_max=1.88e+02 resid=1.87e-01
progress N=2 step 4400/241277 1.8% t=44.00000 eta_s=108219.9 E=-1.37886745 P=0.89227544 dP=-0.10738345 r12=8.06272644 Vg=0.00000779 norm=1.00000000 rank=32/256 sv_max=1.83e+02 resid=1.94e-01
progress N=2 step 4425/241277 1.8% t=44.25000 eta_s=108195.8 E=-1.37589878 P=0.89242265 dP=-0.10723624 r12=8.06407451 Vg=0.00000818 norm=1.00000000 rank=32/256 sv_max=1.81e+02 resid=2.02e-01
progress N=2 step 4450/241277 1.8% t=44.50000 eta_s=108173.9 E=-1.37294536 P=0.89262762 dP=-0.10703127 r12=8.06492111 Vg=0.00000881 norm=1.00000000 rank=32/256 sv_max=1.84e+02 resid=2.08e-01
progress N=2 step 4475/241277 1.9% t=44.75000 eta_s=108171.5 E=-1.37000677 P=0.89285305 dP=-0.10680584 r12=8.06516962 Vg=0.00000925 norm=1.00000000 rank=32/256 sv_max=1.84e+02 resid=2.14e-01
progress N=2 step 4500/241277 1.9% t=45.00000 eta_s=108172.9 E=-1.36708401 P=0.89306708 dP=-0.10659181 r12=8.06480217 Vg=0.00000924 norm=1.00000000 rank=32/256 sv_max=1.82e+02 resid=2.20e-01
progress N=2 step 4525/241277 1.9% t=45.25000 eta_s=108166.3 E=-1.36417575 P=0.89325351 dP=-0.10640538 r12=8.06389430 Vg=0.00000886 norm=1.00000000 rank=32/256 sv_max=1.83e+02 resid=2.28e-01
progress N=2 step 4550/241277 1.9% t=45.50000 eta_s=108172.7 E=-1.36128228 P=0.89340037 dP=-0.10625852 r12=8.06251711 Vg=0.00000852 norm=1.00000000 rank=32/256 sv_max=1.82e+02 resid=2.42e-01
progress N=2 step 4575/241277 1.9% t=45.75000 eta_s=108179.5 E=-1.35840465 P=0.89349507 dP=-0.10616382 r12=8.06070554 Vg=0.00000838 norm=1.00000000 rank=32/256 sv_max=1.83e+02 resid=2.46e-01
progress N=2 step 4600/241277 1.9% t=46.00000 eta_s=108185.4 E=-1.35554300 P=0.89352774 dP=-0.10613115 r12=8.05848978 Vg=0.00000826 norm=1.00000000 rank=32/256 sv_max=1.87e+02 resid=2.26e-01
progress N=2 step 4625/241277 1.9% t=46.25000 eta_s=108191.1 E=-1.35269726 P=0.89348146 dP=-0.10617743 r12=8.05593626 Vg=0.00000813 norm=1.00000000 rank=32/256 sv_max=1.85e+02 resid=2.00e-01
progress N=2 step 4650/241277 1.9% t=46.50000 eta_s=108198.1 E=-1.34986798 P=0.89333366 dP=-0.10632523 r12=8.05315643 Vg=0.00000813 norm=1.00000000 rank=32/256 sv_max=1.82e+02 resid=1.82e-01
progress N=2 step 4675/241277 1.9% t=46.75000 eta_s=108205.6 E=-1.34705592 P=0.89307508 dP=-0.10658381 r12=8.05027159 Vg=0.00000827 norm=1.00000000 rank=32/256 sv_max=1.84e+02 resid=1.66e-01
progress N=2 step 4700/241277 1.9% t=47.00000 eta_s=108212.0 E=-1.34426264 P=0.89271383 dP=-0.10694506 r12=8.04741272 Vg=0.00000829 norm=1.00000000 rank=32/256 sv_max=1.83e+02 resid=1.57e-01
progress N=2 step 4725/241277 2.0% t=47.25000 eta_s=108219.5 E=-1.34148816 P=0.89226717 dP=-0.10739172 r12=8.04476875 Vg=0.00000814 norm=1.00000000 rank=32/256 sv_max=1.82e+02 resid=1.59e-01
progress N=2 step 4750/241277 2.0% t=47.50000 eta_s=108226.0 E=-1.33873324 P=0.89175681 dP=-0.10790208 r12=8.04258366 Vg=0.00000811 norm=1.00000000 rank=32/256 sv_max=1.84e+02 resid=1.70e-01
progress N=2 step 4775/241277 2.0% t=47.75000 eta_s=108232.0 E=-1.33599843 P=0.89120390 dP=-0.10845499 r12=8.04104833 Vg=0.00000819 norm=1.00000000 rank=32/256 sv_max=1.86e+02 resid=1.82e-01
progress N=2 step 4800/241277 2.0% t=48.00000 eta_s=108238.4 E=-1.33328424 P=0.89062173 dP=-0.10903716 r12=8.04018874 Vg=0.00000818 norm=1.00000000 rank=32/256 sv_max=1.87e+02 resid=1.94e-01
progress N=2 step 4825/241277 2.0% t=48.25000 eta_s=108242.4 E=-1.33059075 P=0.89002847 dP=-0.10963042 r12=8.03990250 Vg=0.00000789 norm=1.00000000 rank=32/256 sv_max=1.91e+02 resid=1.91e-01
progress N=2 step 4850/241277 2.0% t=48.50000 eta_s=108246.4 E=-1.32791741 P=0.88944346 dP=-0.11021543 r12=8.04005484 Vg=0.00000744 norm=1.00000000 rank=32/256 sv_max=1.94e+02 resid=1.73e-01
progress N=2 step 4875/241277 2.0% t=48.75000 eta_s=108253.0 E=-1.32526318 P=0.88887774 dP=-0.11078115 r12=8.04053749 Vg=0.00000712 norm=1.00000000 rank=32/256 sv_max=1.97e+02 resid=1.58e-01
progress N=2 step 4900/241277 2.0% t=49.00000 eta_s=108257.9 E=-1.32262710 P=0.88834139 dP=-0.11131750 r12=8.04130143 Vg=0.00000691 norm=1.00000000 rank=32/256 sv_max=2.00e+02 resid=1.54e-01
progress N=2 step 4925/241277 2.0% t=49.25000 eta_s=108263.8 E=-1.32000880 P=0.88784220 dP=-0.11181669 r12=8.04237105 Vg=0.00000667 norm=1.00000000 rank=32/256 sv_max=1.96e+02 resid=1.63e-01
progress N=2 step 4950/241277 2.1% t=49.50000 eta_s=108268.8 E=-1.31740838 P=0.88737989 dP=-0.11227900 r12=8.04378491 Vg=0.00000649 norm=1.00000000 rank=33/256 sv_max=1.93e+02 resid=1.85e-01
progress N=2 step 4975/241277 2.1% t=49.75000 eta_s=108273.4 E=-1.31482622 P=0.88694579 dP=-0.11271310 r12=8.04551692 Vg=0.00000661 norm=1.00000000 rank=32/256 sv_max=2.01e+02 resid=2.08e-01
progress N=2 step 5000/241277 2.1% t=50.00000 eta_s=108278.8 E=-1.31226254 P=0.88653674 dP=-0.11312215 r12=8.04745046 Vg=0.00000700 norm=1.00000000 rank=32/256 sv_max=2.12e+02 resid=2.10e-01
progress N=2 step 5025/241277 2.1% t=50.25000 eta_s=108283.9 E=-1.30971725 P=0.88614256 dP=-0.11351633 r12=8.04942564 Vg=0.00000731 norm=1.00000000 rank=32/256 sv_max=2.17e+02 resid=1.95e-01
progress N=2 step 5050/241277 2.1% t=50.50000 eta_s=108288.0 E=-1.30719003 P=0.88574202 dP=-0.11391688 r12=8.05133481 Vg=0.00000735 norm=1.00000000 rank=32/256 sv_max=2.18e+02 resid=1.78e-01
progress N=2 step 5075/241277 2.1% t=50.75000 eta_s=108290.7 E=-1.30468039 P=0.88530945 dP=-0.11434945 r12=8.05308460 Vg=0.00000717 norm=1.00000000 rank=32/256 sv_max=2.19e+02 resid=1.64e-01
progress N=2 step 5100/241277 2.1% t=51.00000 eta_s=108293.9 E=-1.30218801 P=0.88482401 dP=-0.11483488 r12=8.05453230 Vg=0.00000695 norm=1.00000000 rank=32/256 sv_max=2.19e+02 resid=1.55e-01
progress N=2 step 5125/241277 2.1% t=51.25000 eta_s=108297.0 E=-1.29971281 P=0.88428513 dP=-0.11537376 r12=8.05551523 Vg=0.00000657 norm=1.00000000 rank=32/256 sv_max=2.24e+02 resid=1.54e-01
progress N=2 step 5150/241277 2.1% t=51.50000 eta_s=108300.6 E=-1.29725473 P=0.88370992 dP=-0.11594897 r12=8.05592260 Vg=0.00000607 norm=1.00000000 rank=32/256 sv_max=2.26e+02 resid=1.62e-01
progress N=2 step 5175/241277 2.1% t=51.75000 eta_s=108304.3 E=-1.29481361 P=0.88311828 dP=-0.11654061 r12=8.05573706 Vg=0.00000580 norm=1.00000000 rank=32/256 sv_max=2.26e+02 resid=1.71e-01
progress N=2 step 5200/241277 2.2% t=52.00000 eta_s=108307.6 E=-1.29238892 P=0.88253426 dP=-0.11712463 r12=8.05498048 Vg=0.00000602 norm=1.00000000 rank=32/256 sv_max=2.28e+02 resid=1.74e-01
progress N=2 step 5225/241277 2.2% t=52.25000 eta_s=108309.8 E=-1.28998058 P=0.88199101 dP=-0.11766788 r12=8.05367175 Vg=0.00000664 norm=1.00000000 rank=32/256 sv_max=2.30e+02 resid=1.68e-01
progress N=2 step 5250/241277 2.2% t=52.50000 eta_s=108313.0 E=-1.28758790 P=0.88150782 dP=-0.11815107 r12=8.05185764 Vg=0.00000730 norm=1.00000000 rank=32/256 sv_max=2.28e+02 resid=1.61e-01
progress N=2 step 5275/241277 2.2% t=52.75000 eta_s=108315.5 E=-1.28521021 P=0.88110018 dP=-0.11855871 r12=8.04967835 Vg=0.00000778 norm=1.00000000 rank=32/256 sv_max=2.28e+02 resid=1.54e-01
progress N=2 step 5300/241277 2.2% t=53.00000 eta_s=108317.7 E=-1.28284751 P=0.88078983 dP=-0.11886906 r12=8.04735533 Vg=0.00000775 norm=1.00000000 rank=32/256 sv_max=2.29e+02 resid=1.47e-01
progress N=2 step 5325/241277 2.2% t=53.25000 eta_s=108320.8 E=-1.28049895 P=0.88057818 dP=-0.11908071 r12=8.04508405 Vg=0.00000743 norm=1.00000000 rank=32/256 sv_max=2.29e+02 resid=1.49e-01
progress N=2 step 5350/241277 2.2% t=53.50000 eta_s=108322.7 E=-1.27816411 P=0.88045783 dP=-0.11920106 r12=8.04301152 Vg=0.00000699 norm=1.00000000 rank=32/256 sv_max=2.31e+02 resid=1.61e-01
progress N=2 step 5375/241277 2.2% t=53.75000 eta_s=108325.7 E=-1.27584255 P=0.88042448 dP=-0.11923441 r12=8.04122988 Vg=0.00000649 norm=1.00000000 rank=32/256 sv_max=2.35e+02 resid=1.87e-01
progress N=2 step 5400/241277 2.2% t=54.00000 eta_s=108317.9 E=-1.27353333 P=0.88047213 dP=-0.11918676 r12=8.03973652 Vg=0.00000636 norm=1.00000000 rank=32/256 sv_max=2.37e+02 resid=2.30e-01
progress N=2 step 5425/241277 2.2% t=54.25000 eta_s=108305.5 E=-1.27123565 P=0.88059577 dP=-0.11906313 r12=8.03846288 Vg=0.00000688 norm=1.00000000 rank=32/256 sv_max=2.36e+02 resid=2.92e-01
progress N=2 step 5450/241277 2.3% t=54.50000 eta_s=108293.3 E=-1.26894776 P=0.88078866 dP=-0.11887023 r12=8.03737161 Vg=0.00000765 norm=1.00000000 rank=32/256 sv_max=2.30e+02 resid=3.50e-01
progress N=2 step 5475/241277 2.3% t=54.75000 eta_s=108281.4 E=-1.26666821 P=0.88103189 dP=-0.11862701 r12=8.03651591 Vg=0.00000807 norm=1.00000000 rank=33/256 sv_max=2.21e+02 resid=3.66e-01
progress N=2 step 5500/241277 2.3% t=55.00000 eta_s=108270.7 E=-1.26439672 P=0.88129729 dP=-0.11836160 r12=8.03597484 Vg=0.00000816 norm=1.00000000 rank=33/256 sv_max=2.20e+02 resid=3.48e-01
progress N=2 step 5525/241277 2.3% t=55.25000 eta_s=108259.3 E=-1.26213450 P=0.88156539 dP=-0.11809350 r12=8.03578292 Vg=0.00000808 norm=1.00000000 rank=32/256 sv_max=2.26e+02 resid=3.17e-01
progress N=2 step 5550/241277 2.3% t=55.50000 eta_s=108247.9 E=-1.25988201 P=0.88181486 dP=-0.11784403 r12=8.03591021 Vg=0.00000800 norm=1.00000000 rank=32/256 sv_max=2.32e+02 resid=2.78e-01
progress N=2 step 5575/241277 2.3% t=55.75000 eta_s=108230.4 E=-1.25763949 P=0.88201942 dP=-0.11763947 r12=8.03631064 Vg=0.00000784 norm=1.00000000 rank=32/256 sv_max=2.34e+02 resid=2.38e-01
progress N=2 step 5600/241277 2.3% t=56.00000 eta_s=108205.3 E=-1.25540783 P=0.88214402 dP=-0.11751487 r12=8.03693224 Vg=0.00000773 norm=1.00000000 rank=32/256 sv_max=2.33e+02 resid=2.08e-01
progress N=2 step 5625/241277 2.3% t=56.25000 eta_s=108188.9 E=-1.25318853 P=0.88215972 dP=-0.11749917 r12=8.03768943 Vg=0.00000791 norm=1.00000000 rank=32/256 sv_max=2.28e+02 resid=1.89e-01
progress N=2 step 5650/241277 2.3% t=56.50000 eta_s=108174.5 E=-1.25098049 P=0.88205472 dP=-0.11760417 r12=8.03846229 Vg=0.00000831 norm=1.00000000 rank=32/256 sv_max=2.24e+02 resid=1.80e-01
progress N=2 step 5675/241277 2.4% t=56.75000 eta_s=108154.2 E=-1.24878378 P=0.88183419 dP=-0.11782470 r12=8.03918732 Vg=0.00000845 norm=1.00000000 rank=32/256 sv_max=2.25e+02 resid=1.76e-01
progress N=2 step 5700/241277 2.4% t=57.00000 eta_s=108139.9 E=-1.24659966 P=0.88150655 dP=-0.11815235 r12=8.03992959 Vg=0.00000818 norm=1.00000000 rank=32/256 sv_max=2.26e+02 resid=1.78e-01
progress N=2 step 5725/241277 2.4% t=57.25000 eta_s=108127.8 E=-1.24442692 P=0.88108058 dP=-0.11857831 r12=8.04082438 Vg=0.00000794 norm=1.00000000 rank=32/256 sv_max=2.27e+02 resid=1.88e-01
progress N=2 step 5750/241277 2.4% t=57.50000 eta_s=108095.5 E=-1.24226651 P=0.88056952 dP=-0.11908937 r12=8.04193127 Vg=0.00000804 norm=1.00000000 rank=32/256 sv_max=2.30e+02 resid=1.91e-01
progress N=2 step 5775/241277 2.4% t=57.75000 eta_s=108060.1 E=-1.24012006 P=0.87998897 dP=-0.11966992 r12=8.04319196 Vg=0.00000826 norm=1.00000000 rank=32/256 sv_max=2.33e+02 resid=1.80e-01
progress N=2 step 5800/241277 2.4% t=58.00000 eta_s=108030.5 E=-1.23798694 P=0.87935282 dP=-0.12030607 r12=8.04447360 Vg=0.00000858 norm=1.00000000 rank=32/256 sv_max=2.33e+02 resid=1.67e-01
progress N=2 step 5825/241277 2.4% t=58.25000 eta_s=108019.9 E=-1.23586875 P=0.87869083 dP=-0.12096806 r12=8.04565323 Vg=0.00000892 norm=1.00000000 rank=32/256 sv_max=2.34e+02 resid=1.58e-01
progress N=2 step 5850/241277 2.4% t=58.50000 eta_s=108015.0 E=-1.23376508 P=0.87803114 dP=-0.12162775 r12=8.04664323 Vg=0.00000913 norm=1.00000000 rank=32/256 sv_max=2.37e+02 resid=1.53e-01
progress N=2 step 5875/241277 2.4% t=58.75000 eta_s=107989.9 E=-1.23167541 P=0.87738721 dP=-0.12227168 r12=8.04744317 Vg=0.00000909 norm=1.00000000 rank=32/256 sv_max=2.41e+02 resid=1.56e-01
progress N=2 step 5900/241277 2.4% t=59.00000 eta_s=107982.9 E=-1.22960078 P=0.87677850 dP=-0.12288040 r12=8.04816382 Vg=0.00000861 norm=1.00000000 rank=32/256 sv_max=2.43e+02 resid=1.65e-01
progress N=2 step 5925/241277 2.5% t=59.25000 eta_s=107982.3 E=-1.22753887 P=0.87622320 dP=-0.12343570 r12=8.04894319 Vg=0.00000807 norm=1.00000000 rank=32/256 sv_max=2.45e+02 resid=1.77e-01
progress N=2 step 5950/241277 2.5% t=59.50000 eta_s=107983.2 E=-1.22549079 P=0.87572682 dP=-0.12393207 r12=8.04987737 Vg=0.00000796 norm=1.00000000 rank=32/256 sv_max=2.49e+02 resid=1.88e-01
progress N=2 step 5975/241277 2.5% t=59.75000 eta_s=107984.3 E=-1.22345431 P=0.87528632 dP=-0.12437257 r12=8.05099633 Vg=0.00000828 norm=1.00000000 rank=32/256 sv_max=2.51e+02 resid=1.95e-01
progress N=2 step 6000/241277 2.5% t=60.00000 eta_s=107986.0 E=-1.22142907 P=0.87488973 dP=-0.12476917 r12=8.05228765 Vg=0.00000859 norm=1.00000000 rank=32/256 sv_max=2.48e+02 resid=2.03e-01
progress N=2 step 6025/241277 2.5% t=60.25000 eta_s=107987.3 E=-1.21941492 P=0.87452221 dP=-0.12513668 r12=8.05366392 Vg=0.00000870 norm=1.00000000 rank=33/256 sv_max=2.48e+02 resid=2.21e-01
progress N=2 step 6050/241277 2.5% t=60.50000 eta_s=107987.6 E=-1.21741239 P=0.87417456 dP=-0.12548433 r12=8.05505271 Vg=0.00000899 norm=1.00000000 rank=33/256 sv_max=2.54e+02 resid=2.35e-01
progress N=2 step 6075/241277 2.5% t=60.75000 eta_s=107968.0 E=-1.21542118 P=0.87384857 dP=-0.12581032 r12=8.05638245 Vg=0.00000923 norm=1.00000000 rank=33/256 sv_max=2.61e+02 resid=2.55e-01
progress N=2 step 6100/241277 2.5% t=61.00000 eta_s=107944.3 E=-1.21344098 P=0.87354292 dP=-0.12611598 r12=8.05753992 Vg=0.00000928 norm=1.00000000 rank=33/256 sv_max=2.66e+02 resid=2.77e-01
progress N=2 step 6125/241277 2.5% t=61.25000 eta_s=107910.9 E=-1.21147216 P=0.87326684 dP=-0.12639205 r12=8.05849387 Vg=0.00000897 norm=1.00000000 rank=33/256 sv_max=2.74e+02 resid=3.04e-01
progress N=2 step 6150/241277 2.5% t=61.50000 eta_s=107878.5 E=-1.20951410 P=0.87300405 dP=-0.12665484 r12=8.05909316 Vg=0.00000877 norm=1.00000000 rank=33/256 sv_max=2.76e+02 resid=3.06e-01
progress N=2 step 6175/241277 2.6% t=61.75000 eta_s=107841.5 E=-1.20756696 P=0.87272819 dP=-0.12693070 r12=8.05913518 Vg=0.00000892 norm=1.00000000 rank=33/256 sv_max=2.73e+02 resid=2.67e-01
progress N=2 step 6200/241277 2.6% t=62.00000 eta_s=107816.7 E=-1.20563021 P=0.87242947 dP=-0.12722942 r12=8.05842767 Vg=0.00000911 norm=1.00000000 rank=33/256 sv_max=2.76e+02 resid=2.21e-01
progress N=2 step 6225/241277 2.6% t=62.25000 eta_s=107756.9 E=-1.20370363 P=0.87210436 dP=-0.12755453 r12=8.05682952 Vg=0.00000909 norm=1.00000000 rank=33/256 sv_max=2.78e+02 resid=1.87e-01
progress N=2 step 6250/241277 2.6% t=62.50000 eta_s=107713.3 E=-1.20178731 P=0.87174386 dP=-0.12791503 r12=8.05433901 Vg=0.00000907 norm=1.00000000 rank=33/256 sv_max=2.72e+02 resid=1.66e-01
progress N=2 step 6275/241277 2.6% t=62.75000 eta_s=107670.3 E=-1.19988058 P=0.87134330 dP=-0.12831559 r12=8.05112497 Vg=0.00000902 norm=1.00000000 rank=33/256 sv_max=2.72e+02 resid=1.54e-01
progress N=2 step 6300/241277 2.6% t=63.00000 eta_s=107625.4 E=-1.19798476 P=0.87091439 dP=-0.12874450 r12=8.04738951 Vg=0.00000889 norm=1.00000000 rank=32/256 sv_max=2.77e+02 resid=1.51e-01
progress N=2 step 6325/241277 2.6% t=63.25000 eta_s=107580.0 E=-1.19609844 P=0.87046743 dP=-0.12919146 r12=8.04330167 Vg=0.00000894 norm=1.00000000 rank=32/256 sv_max=2.76e+02 resid=1.66e-01
progress N=2 step 6350/241277 2.6% t=63.50000 eta_s=107538.3 E=-1.19422384 P=0.87001462 dP=-0.12964427 r12=8.03906504 Vg=0.00000916 norm=1.00000000 rank=32/256 sv_max=2.78e+02 resid=1.79e-01
progress N=2 step 6375/241277 2.6% t=63.75000 eta_s=107507.8 E=-1.19235886 P=0.86959576 dP=-0.13006313 r12=8.03483570 Vg=0.00000925 norm=1.00000000 rank=32/256 sv_max=2.87e+02 resid=1.74e-01
progress N=2 step 6400/241277 2.7% t=64.00000 eta_s=107482.0 E=-1.19050409 P=0.86923478 dP=-0.13042411 r12=8.03063209 Vg=0.00000933 norm=1.00000000 rank=32/256 sv_max=2.88e+02 resid=1.71e-01
progress N=2 step 6425/241277 2.7% t=64.25000 eta_s=107444.7 E=-1.18865860 P=0.86893317 dP=-0.13072572 r12=8.02652693 Vg=0.00000912 norm=1.00000000 rank=32/256 sv_max=2.84e+02 resid=1.78e-01
progress N=2 step 6450/241277 2.7% t=64.50000 eta_s=107424.8 E=-1.18682101 P=0.86869398 dP=-0.13096491 r12=8.02265581 Vg=0.00000855 norm=1.00000000 rank=32/256 sv_max=2.83e+02 resid=1.97e-01
progress N=2 step 6475/241277 2.7% t=64.75000 eta_s=107404.6 E=-1.18499330 P=0.86851852 dP=-0.13114037 r12=8.01910081 Vg=0.00000801 norm=1.00000000 rank=32/256 sv_max=2.83e+02 resid=2.28e-01
progress N=2 step 6500/241277 2.7% t=65.00000 eta_s=107383.2 E=-1.18317333 P=0.86839358 dP=-0.13126531 r12=8.01590752 Vg=0.00000774 norm=1.00000000 rank=32/256 sv_max=2.82e+02 resid=2.57e-01
progress N=2 step 6525/241277 2.7% t=65.25000 eta_s=107362.7 E=-1.18136184 P=0.86831636 dP=-0.13134253 r12=8.01319407 Vg=0.00000769 norm=1.00000000 rank=32/256 sv_max=2.84e+02 resid=2.81e-01
progress N=2 step 6550/241277 2.7% t=65.50000 eta_s=107343.0 E=-1.17955864 P=0.86827718 dP=-0.13138172 r12=8.01107292 Vg=0.00000771 norm=1.00000000 rank=32/256 sv_max=2.84e+02 resid=2.99e-01
progress N=2 step 6575/241277 2.7% t=65.75000 eta_s=107323.3 E=-1.17776276 P=0.86824274 dP=-0.13141615 r12=8.00959470 Vg=0.00000778 norm=1.00000000 rank=32/256 sv_max=2.84e+02 resid=3.04e-01
progress N=2 step 6600/241277 2.7% t=66.00000 eta_s=107304.3 E=-1.17597545 P=0.86819074 dP=-0.13146816 r12=8.00878346 Vg=0.00000800 norm=1.00000000 rank=32/256 sv_max=2.90e+02 resid=2.94e-01
progress N=2 step 6625/241277 2.7% t=66.25000 eta_s=107284.9 E=-1.17419572 P=0.86812091 dP=-0.13153798 r12=8.00860788 Vg=0.00000798 norm=1.00000000 rank=32/256 sv_max=2.91e+02 resid=2.72e-01
progress N=2 step 6650/241277 2.8% t=66.50000 eta_s=107264.7 E=-1.17242313 P=0.86800971 dP=-0.13164918 r12=8.00899032 Vg=0.00000784 norm=1.00000000 rank=32/256 sv_max=2.88e+02 resid=2.64e-01
progress N=2 step 6675/241277 2.8% t=66.75000 eta_s=107245.0 E=-1.17065920 P=0.86784306 dP=-0.13181584 r12=8.00991337 Vg=0.00000734 norm=1.00000000 rank=32/256 sv_max=2.93e+02 resid=2.76e-01
progress N=2 step 6700/241277 2.8% t=67.00000 eta_s=107225.4 E=-1.16890294 P=0.86760765 dP=-0.13205124 r12=8.01128752 Vg=0.00000671 norm=1.00000000 rank=32/256 sv_max=2.92e+02 resid=2.91e-01
progress N=2 step 6725/241277 2.8% t=67.25000 eta_s=107206.3 E=-1.16715458 P=0.86729156 dP=-0.13236733 r12=8.01293744 Vg=0.00000633 norm=1.00000000 rank=32/256 sv_max=2.89e+02 resid=2.75e-01
progress N=2 step 6750/241277 2.8% t=67.50000 eta_s=107186.9 E=-1.16541582 P=0.86690708 dP=-0.13275181 r12=8.01464299 Vg=0.00000606 norm=1.00000000 rank=32/256 sv_max=2.97e+02 resid=2.31e-01
progress N=2 step 6775/241277 2.8% t=67.75000 eta_s=107166.9 E=-1.16368575 P=0.86647675 dP=-0.13318215 r12=8.01617963 Vg=0.00000586 norm=1.00000000 rank=32/256 sv_max=3.01e+02 resid=1.93e-01
progress N=2 step 6800/241277 2.8% t=68.00000 eta_s=107147.3 E=-1.16196390 P=0.86601740 dP=-0.13364150 r12=8.01743871 Vg=0.00000583 norm=1.00000000 rank=32/256 sv_max=2.95e+02 resid=1.72e-01
progress N=2 step 6825/241277 2.8% t=68.25000 eta_s=107128.0 E=-1.16025094 P=0.86554348 dP=-0.13411541 r12=8.01841068 Vg=0.00000590 norm=1.00000000 rank=32/256 sv_max=2.95e+02 resid=1.61e-01
progress N=2 step 6850/241277 2.8% t=68.50000 eta_s=107109.9 E=-1.15854694 P=0.86505180 dP=-0.13460709 r12=8.01915423 Vg=0.00000592 norm=1.00000000 rank=32/256 sv_max=2.99e+02 resid=1.55e-01
progress N=2 step 6875/241277 2.8% t=68.75000 eta_s=107091.2 E=-1.15685163 P=0.86452620 dP=-0.13513269 r12=8.01978528 Vg=0.00000582 norm=1.00000000 rank=32/256 sv_max=2.97e+02 resid=1.61e-01
progress N=2 step 6900/241277 2.9% t=69.00000 eta_s=107084.7 E=-1.15516554 P=0.86396945 dP=-0.13568944 r12=8.02043151 Vg=0.00000567 norm=1.00000000 rank=32/256 sv_max=3.03e+02 resid=1.77e-01
progress N=2 step 6925/241277 2.9% t=69.25000 eta_s=107077.8 E=-1.15349029 P=0.86339383 dP=-0.13626506 r12=8.02118025 Vg=0.00000548 norm=1.00000000 rank=32/256 sv_max=3.13e+02 resid=1.94e-01
progress N=2 step 6950/241277 2.9% t=69.50000 eta_s=107067.5 E=-1.15182459 P=0.86279985 dP=-0.13685904 r12=8.02204187 Vg=0.00000535 norm=1.00000000 rank=32/256 sv_max=3.14e+02 resid=2.10e-01
progress N=2 step 6975/241277 2.9% t=69.75000 eta_s=107067.3 E=-1.15016814 P=0.86220605 dP=-0.13745284 r12=8.02296740 Vg=0.00000522 norm=1.00000000 rank=32/256 sv_max=3.16e+02 resid=2.20e-01
progress N=2 step 7000/241277 2.9% t=70.00000 eta_s=107066.3 E=-1.14851992 P=0.86163335 dP=-0.13802554 r12=8.02385870 Vg=0.00000513 norm=1.00000000 rank=33/256 sv_max=3.16e+02 resid=2.08e-01
progress N=2 step 7025/241277 2.9% t=70.25000 eta_s=107065.9 E=-1.14688160 P=0.86111119 dP=-0.13854770 r12=8.02469032 Vg=0.00000522 norm=1.00000000 rank=33/256 sv_max=3.15e+02 resid=2.06e-01
progress N=2 step 7050/241277 2.9% t=70.50000 eta_s=107065.6 E=-1.14525032 P=0.86064758 dP=-0.13901131 r12=8.02554529 Vg=0.00000548 norm=1.00000000 rank=34/256 sv_max=3.16e+02 resid=1.98e-01
progress N=2 step 7075/241277 2.9% t=70.75000 eta_s=107064.5 E=-1.14362640 P=0.86023383 dP=-0.13942506 r12=8.02665152 Vg=0.00000513 norm=1.00000000 rank=34/256 sv_max=3.26e+02 resid=1.83e-01
progress N=2 step 7100/241277 2.9% t=71.00000 eta_s=107063.8 E=-1.14200926 P=0.85988266 dP=-0.13977623 r12=8.02798021 Vg=0.00000573 norm=1.00000000 rank=33/256 sv_max=3.35e+02 resid=2.06e-01
progress N=2 step 7125/241277 3.0% t=71.25000 eta_s=107039.1 E=-1.14039995 P=0.85960710 dP=-0.14005179 r12=8.02971242 Vg=0.00000540 norm=1.00000000 rank=33/256 sv_max=3.51e+02 resid=2.02e-01
progress N=2 step 7150/241277 3.0% t=71.50000 eta_s=106989.6 E=-1.13879768 P=0.85937470 dP=-0.14028419 r12=8.03175936 Vg=0.00000490 norm=1.00000000 rank=33/256 sv_max=3.49e+02 resid=2.02e-01
progress N=2 step 7175/241277 3.0% t=71.75000 eta_s=106941.5 E=-1.13720267 P=0.85918965 dP=-0.14046924 r12=8.03400079 Vg=0.00000530 norm=1.00000000 rank=32/256 sv_max=3.67e+02 resid=2.07e-01
progress N=2 step 7200/241277 3.0% t=72.00000 eta_s=106893.8 E=-1.13561476 P=0.85907163 dP=-0.14058726 r12=8.03633958 Vg=0.00000509 norm=1.00000000 rank=32/256 sv_max=3.75e+02 resid=2.28e-01
progress N=2 step 7225/241277 3.0% t=72.25000 eta_s=106855.8 E=-1.13403407 P=0.85895708 dP=-0.14070181 r12=8.03869253 Vg=0.00000549 norm=1.00000000 rank=33/256 sv_max=3.55e+02 resid=2.43e-01
progress N=2 step 7250/241277 3.0% t=72.50000 eta_s=106835.6 E=-1.13246077 P=0.85879355 dP=-0.14086534 r12=8.04108962 Vg=0.00000530 norm=1.00000000 rank=33/256 sv_max=3.39e+02 resid=2.38e-01
progress N=2 step 7275/241277 3.0% t=72.75000 eta_s=106808.1 E=-1.13089420 P=0.85856278 dP=-0.14109611 r12=8.04331524 Vg=0.00000512 norm=1.00000000 rank=33/256 sv_max=3.48e+02 resid=2.21e-01
progress N=2 step 7300/241277 3.0% t=73.00000 eta_s=106768.2 E=-1.12933425 P=0.85828456 dP=-0.14137433 r12=8.04512087 Vg=0.00000528 norm=1.00000000 rank=33/256 sv_max=3.61e+02 resid=2.20e-01
progress N=2 step 7325/241277 3.0% t=73.25000 eta_s=106766.6 E=-1.12778069 P=0.85795058 dP=-0.14170831 r12=8.04640795 Vg=0.00000552 norm=1.00000000 rank=33/256 sv_max=3.69e+02 resid=2.14e-01
progress N=2 step 7350/241277 3.0% t=73.50000 eta_s=106765.5 E=-1.12623334 P=0.85757952 dP=-0.14207937 r12=8.04734369 Vg=0.00000553 norm=1.00000000 rank=33/256 sv_max=3.59e+02 resid=2.07e-01
progress N=2 step 7375/241277 3.1% t=73.75000 eta_s=106765.2 E=-1.12469288 P=0.85714786 dP=-0.14251104 r12=8.04778181 Vg=0.00000578 norm=1.00000000 rank=32/256 sv_max=3.64e+02 resid=2.18e-01
progress N=2 step 7400/241277 3.1% t=74.00000 eta_s=106763.3 E=-1.12315896 P=0.85670580 dP=-0.14295309 r12=8.04768729 Vg=0.00000619 norm=1.00000000 rank=32/256 sv_max=3.72e+02 resid=2.37e-01
progress N=2 step 7425/241277 3.1% t=74.25000 eta_s=106761.7 E=-1.12163194 P=0.85623288 dP=-0.14342601 r12=8.04692679 Vg=0.00000612 norm=1.00000000 rank=32/256 sv_max=3.66e+02 resid=2.48e-01
progress N=2 step 7450/241277 3.1% t=74.50000 eta_s=106760.5 E=-1.12011219 P=0.85573293 dP=-0.14392596 r12=8.04545870 Vg=0.00000591 norm=1.00000000 rank=33/256 sv_max=3.54e+02 resid=2.46e-01
progress N=2 step 7475/241277 3.1% t=74.75000 eta_s=106759.7 E=-1.11859970 P=0.85527767 dP=-0.14438122 r12=8.04338530 Vg=0.00000606 norm=1.00000000 rank=33/256 sv_max=3.65e+02 resid=2.23e-01
progress N=2 step 7500/241277 3.1% t=75.00000 eta_s=106759.2 E=-1.11709411 P=0.85491520 dP=-0.14474369 r12=8.04097453 Vg=0.00000648 norm=1.00000000 rank=34/256 sv_max=3.91e+02 resid=1.78e-01
progress N=2 step 7525/241277 3.1% t=75.25000 eta_s=106759.8 E=-1.11559579 P=0.85456276 dP=-0.14509613 r12=8.03840423 Vg=0.00000691 norm=1.00000000 rank=33/256 sv_max=4.11e+02 resid=1.51e-01
progress N=2 step 7550/241277 3.1% t=75.50000 eta_s=106759.4 E=-1.11410397 P=0.85422822 dP=-0.14543067 r12=8.03592086 Vg=0.00000692 norm=1.00000000 rank=32/256 sv_max=4.13e+02 resid=1.49e-01
progress N=2 step 7575/241277 3.1% t=75.75000 eta_s=106758.6 E=-1.11261856 P=0.85392828 dP=-0.14573061 r12=8.03361343 Vg=0.00000675 norm=1.00000000 rank=32/256 sv_max=4.00e+02 resid=1.65e-01
progress N=2 step 7600/241277 3.1% t=76.00000 eta_s=106757.5 E=-1.11113943 P=0.85364105 dP=-0.14601784 r12=8.03153753 Vg=0.00000664 norm=1.00000000 rank=32/256 sv_max=3.92e+02 resid=1.73e-01
progress N=2 step 7625/241277 3.2% t=76.25000 eta_s=106755.7 E=-1.10966643 P=0.85332905 dP=-0.14632984 r12=8.02958537 Vg=0.00000652 norm=1.00000000 rank=32/256 sv_max=3.93e+02 resid=1.94e-01
progress N=2 step 7650/241277 3.2% t=76.50000 eta_s=106753.9 E=-1.10819912 P=0.85302548 dP=-0.14663341 r12=8.02777047 Vg=0.00000637 norm=1.00000000 rank=33/256 sv_max=3.92e+02 resid=2.34e-01
progress N=2 step 7675/241277 3.2% t=76.75000 eta_s=106752.5 E=-1.10673726 P=0.85274794 dP=-0.14691095 r12=8.02616779 Vg=0.00000634 norm=1.00000000 rank=33/256 sv_max=3.95e+02 resid=2.28e-01
progress N=2 step 7700/241277 3.2% t=77.00000 eta_s=106751.4 E=-1.10528101 P=0.85250330 dP=-0.14715559 r12=8.02481749 Vg=0.00000683 norm=1.00000000 rank=32/256 sv_max=4.11e+02 resid=2.19e-01
progress N=2 step 7725/241277 3.2% t=77.25000 eta_s=106751.4 E=-1.10383076 P=0.85226952 dP=-0.14738937 r12=8.02361339 Vg=0.00000763 norm=1.00000000 rank=32/256 sv_max=4.31e+02 resid=2.51e-01
progress N=2 step 7750/241277 3.2% t=77.50000 eta_s=106751.4 E=-1.10238589 P=0.85208661 dP=-0.14757228 r12=8.02254309 Vg=0.00000810 norm=1.00000000 rank=31/256 sv_max=4.51e+02 resid=3.05e-01
progress N=2 step 7775/241277 3.2% t=77.75000 eta_s=106735.9 E=-1.10094615 P=0.85193946 dP=-0.14771943 r12=8.02152083 Vg=0.00000791 norm=1.00000000 rank=31/256 sv_max=4.60e+02 resid=3.17e-01
progress N=2 step 7800/241277 3.2% t=78.00000 eta_s=106717.4 E=-1.09951145 P=0.85180566 dP=-0.14785323 r12=8.02029695 Vg=0.00000729 norm=1.00000000 rank=31/256 sv_max=4.54e+02 resid=3.14e-01
progress N=2 step 7825/241277 3.2% t=78.25000 eta_s=106698.8 E=-1.09808174 P=0.85168832 dP=-0.14797057 r12=8.01874004 Vg=0.00000664 norm=1.00000000 rank=31/256 sv_max=4.44e+02 resid=3.02e-01
progress N=2 step 7850/241277 3.3% t=78.50000 eta_s=106681.0 E=-1.09665732 P=0.85151090 dP=-0.14814799 r12=8.01654713 Vg=0.00000621 norm=1.00000000 rank=32/256 sv_max=4.21e+02 resid=3.03e-01
progress N=2 step 7875/241277 3.3% t=78.75000 eta_s=106656.6 E=-1.09523841 P=0.85130503 dP=-0.14835386 r12=8.01404463 Vg=0.00000629 norm=1.00000000 rank=32/256 sv_max=4.30e+02 resid=2.75e-01
progress N=2 step 7900/241277 3.3% t=79.00000 eta_s=106630.5 E=-1.09382502 P=0.85103443 dP=-0.14862446 r12=8.01146213 Vg=0.00000673 norm=1.00000000 rank=32/256 sv_max=4.42e+02 resid=2.49e-01
progress N=2 step 7925/241277 3.3% t=79.25000 eta_s=106581.6 E=-1.09241713 P=0.85070103 dP=-0.14895786 r12=8.00885721 Vg=0.00000724 norm=1.00000000 rank=32/256 sv_max=4.55e+02 resid=2.33e-01
progress N=2 step 7950/241277 3.3% t=79.50000 eta_s=106557.4 E=-1.09101424 P=0.85031104 dP=-0.14934785 r12=8.00646849 Vg=0.00000725 norm=1.00000000 rank=31/256 sv_max=4.57e+02 resid=2.42e-01
progress N=2 step 7975/241277 3.3% t=79.75000 eta_s=106537.9 E=-1.08961663 P=0.84984843 dP=-0.14981046 r12=8.00447600 Vg=0.00000668 norm=1.00000000 rank=31/256 sv_max=4.70e+02 resid=2.44e-01
progress N=2 step 8000/241277 3.3% t=80.00000 eta_s=106508.0 E=-1.08822617 P=0.84931356 dP=-0.15034533 r12=8.00274037 Vg=0.00000604 norm=1.00000000 rank=31/256 sv_max=5.06e+02 resid=2.26e-01
progress N=2 step 8025/241277 3.3% t=80.25000 eta_s=106484.2 E=-1.08684201 P=0.84869796 dP=-0.15096093 r12=8.00103430 Vg=0.00000570 norm=1.00000000 rank=31/256 sv_max=5.09e+02 resid=2.15e-01
progress N=2 step 8050/241277 3.3% t=80.50000 eta_s=106449.4 E=-1.08546469 P=0.84803304 dP=-0.15162585 r12=7.99918769 Vg=0.00000580 norm=1.00000000 rank=31/256 sv_max=4.85e+02 resid=2.18e-01
progress N=2 step 8075/241277 3.3% t=80.75000 eta_s=106412.6 E=-1.08409411 P=0.84735076 dP=-0.15230813 r12=7.99710996 Vg=0.00000601 norm=1.00000000 rank=31/256 sv_max=4.89e+02 resid=2.05e-01
progress N=2 step 8100/241277 3.4% t=81.00000 eta_s=106399.0 E=-1.08273017 P=0.84665329 dP=-0.15300560 r12=7.99468483 Vg=0.00000597 norm=1.00000000 rank=31/256 sv_max=5.05e+02 resid=1.75e-01
progress N=2 step 8125/241277 3.4% t=81.25000 eta_s=106394.5 E=-1.08137254 P=0.84595485 dP=-0.15370404 r12=7.99184314 Vg=0.00000570 norm=1.00000000 rank=31/256 sv_max=5.09e+02 resid=1.69e-01
progress N=2 step 8150/241277 3.4% t=81.50000 eta_s=106385.9 E=-1.08002129 P=0.84528082 dP=-0.15437808 r12=7.98892622 Vg=0.00000533 norm=1.00000000 rank=31/256 sv_max=5.06e+02 resid=1.92e-01
progress N=2 step 8175/241277 3.4% t=81.75000 eta_s=106378.2 E=-1.07867617 P=0.84463640 dP=-0.15502249 r12=7.98627907 Vg=0.00000486 norm=1.00000000 rank=31/256 sv_max=5.13e+02 resid=2.24e-01
progress N=2 step 8200/241277 3.4% t=82.00000 eta_s=106377.0 E=-1.07733744 P=0.84403282 dP=-0.15562607 r12=7.98404761 Vg=0.00000441 norm=1.00000000 rank=31/256 sv_max=5.11e+02 resid=2.51e-01
progress N=2 step 8225/241277 3.4% t=82.25000 eta_s=106376.0 E=-1.07600530 P=0.84347494 dP=-0.15618396 r12=7.98229985 Vg=0.00000432 norm=1.00000000 rank=31/256 sv_max=5.05e+02 resid=2.60e-01
progress N=2 step 8250/241277 3.4% t=82.50000 eta_s=106376.0 E=-1.07467980 P=0.84293636 dP=-0.15672254 r12=7.98103030 Vg=0.00000465 norm=1.00000000 rank=31/256 sv_max=5.30e+02 resid=2.53e-01
progress N=2 step 8275/241277 3.4% t=82.75000 eta_s=106375.3 E=-1.07336064 P=0.84238522 dP=-0.15727367 r12=7.98029666 Vg=0.00000494 norm=1.00000000 rank=30/256 sv_max=5.63e+02 resid=2.40e-01
progress N=2 step 8300/241277 3.4% t=83.00000 eta_s=106373.6 E=-1.07204723 P=0.84183225 dP=-0.15782664 r12=7.98011035 Vg=0.00000481 norm=1.00000000 rank=30/256 sv_max=5.54e+02 resid=2.38e-01
progress N=2 step 8325/241277 3.5% t=83.25000 eta_s=106371.4 E=-1.07073895 P=0.84130169 dP=-0.15835720 r12=7.98047667 Vg=0.00000441 norm=1.00000000 rank=31/256 sv_max=5.38e+02 resid=2.50e-01
progress N=2 step 8350/241277 3.5% t=83.50000 eta_s=106369.6 E=-1.06943557 P=0.84077141 dP=-0.15888748 r12=7.98141066 Vg=0.00000395 norm=1.00000000 rank=31/256 sv_max=5.32e+02 resid=2.75e-01
progress N=2 step 8375/241277 3.5% t=83.75000 eta_s=106367.4 E=-1.06813731 P=0.84023047 dP=-0.15942842 r12=7.98254355 Vg=0.00000346 norm=1.00000000 rank=31/256 sv_max=5.39e+02 resid=3.17e-01
progress N=2 step 8400/241277 3.5% t=84.00000 eta_s=106366.3 E=-1.06684462 P=0.83971361 dP=-0.15994528 r12=7.98356180 Vg=0.00000296 norm=1.00000000 rank=30/256 sv_max=5.47e+02 resid=3.35e-01
progress N=2 step 8425/241277 3.5% t=84.25000 eta_s=106364.8 E=-1.06555776 P=0.83924694 dP=-0.16041195 r12=7.98432630 Vg=0.00000272 norm=1.00000000 rank=30/256 sv_max=5.47e+02 resid=2.93e-01
progress N=2 step 8450/241277 3.5% t=84.50000 eta_s=106363.3 E=-1.06427657 P=0.83880359 dP=-0.16085530 r12=7.98480377 Vg=0.00000288 norm=1.00000000 rank=30/256 sv_max=5.54e+02 resid=2.42e-01
progress N=2 step 8475/241277 3.5% t=84.75000 eta_s=106361.4 E=-1.06300076 P=0.83833601 dP=-0.16132288 r12=7.98490987 Vg=0.00000321 norm=1.00000000 rank=30/256 sv_max=5.57e+02 resid=2.08e-01
progress N=2 step 8500/241277 3.5% t=85.00000 eta_s=106360.4 E=-1.06173031 P=0.83781255 dP=-0.16184634 r12=7.98450378 Vg=0.00000334 norm=1.00000000 rank=30/256 sv_max=5.52e+02 resid=1.95e-01
progress N=2 step 8525/241277 3.5% t=85.25000 eta_s=106356.3 E=-1.06046547 P=0.83721925 dP=-0.16243964 r12=7.98374281 Vg=0.00000316 norm=1.00000000 rank=30/256 sv_max=5.50e+02 resid=1.98e-01
progress N=2 step 8550/241277 3.5% t=85.50000 eta_s=106344.4 E=-1.05920652 P=0.83655950 dP=-0.16309939 r12=7.98285686 Vg=0.00000284 norm=1.00000000 rank=30/256 sv_max=5.59e+02 resid=2.04e-01
progress N=2 step 8575/241277 3.6% t=85.75000 eta_s=106332.6 E=-1.05795368 P=0.83586370 dP=-0.16379519 r12=7.98197451 Vg=0.00000248 norm=1.00000000 rank=30/256 sv_max=5.66e+02 resid=2.18e-01
progress N=2 step 8600/241277 3.6% t=86.00000 eta_s=106320.1 E=-1.05670696 P=0.83515745 dP=-0.16450144 r12=7.98119587 Vg=0.00000208 norm=1.00000000 rank=30/256 sv_max=5.70e+02 resid=2.30e-01
progress N=2 step 8625/241277 3.6% t=86.25000 eta_s=106308.1 E=-1.05546622 P=0.83441050 dP=-0.16524839 r12=7.98058575 Vg=0.00000172 norm=1.00000000 rank=30/256 sv_max=5.84e+02 resid=2.39e-01
progress N=2 step 8650/241277 3.6% t=86.50000 eta_s=106294.9 E=-1.05423118 P=0.83361727 dP=-0.16604162 r12=7.98006453 Vg=0.00000157 norm=1.00000000 rank=30/256 sv_max=5.96e+02 resid=2.39e-01
