job_id=605679
array_job_id=605676
array_task_id=2
job_name=vs3n2f20A
partition=epyc
node_list=cent
submit_dir=/home/gyqyan/zexuan/ecg1d_code/1D_thouless_pumping
workdir=/home/gyqyan/zexuan/ecg1d_code/1D_thouless_pumping
cpus_per_task=16
mem_per_node=16384
planning_estimate=K32 local-dt fine20 split A, 241279 steps; free about 23.5 h, gauss conservatively about 53.6 h per width
start_time=2026-07-09T14:57:00+08:00
case_index=2
mode=gauss
sigma=0.75
binary=./build/ecg1d_vs3_n2_dt001_fine20_full
config=legacy_prb_3_3_n2_pathpad_K32_dt0p01_fine20_gauss_sigma0p750 lambda_C=1.00e-08 rcond=1.00e-04 | TDVP param dimension=256
progress N=2 step 0/241277 0.0% t=0.00000 eta_s=nan E=-2.15315039 P=0.99965889 dP=0.00000000 r12=8.04559382 Vg=0.00000064 norm=1.00000000 rank=-1/256 sv_max=nan resid=nan
initial t=0.00000 tau=0.00000 E=-2.1531503908 <X>/a=0.9996588910 norm=1.0000000000 V_gauss=0.0000006355
progress N=2 step 25/241277 0.0% t=0.25000 eta_s=113779.5 E=-2.15304128 P=0.99964204 dP=-0.00001685 r12=8.04560166 Vg=0.00000067 norm=1.00000000 rank=36/256 sv_max=1.13e+02 resid=5.18e-02
progress N=2 step 50/241277 0.0% t=0.50000 eta_s=114809.4 E=-2.15268708 P=0.99952717 dP=-0.00013172 r12=8.04555424 Vg=0.00000070 norm=1.00000000 rank=37/256 sv_max=1.10e+02 resid=2.07e-02
progress N=2 step 75/241277 0.0% t=0.75000 eta_s=115094.2 E=-2.15209841 P=0.99921586 dP=-0.00044303 r12=8.04547933 Vg=0.00000074 norm=1.00000000 rank=36/256 sv_max=1.09e+02 resid=1.34e-02
progress N=2 step 100/241277 0.0% t=1.00000 eta_s=115194.8 E=-2.15129160 P=0.99862696 dP=-0.00103193 r12=8.04535671 Vg=0.00000084 norm=1.00000000 rank=36/256 sv_max=1.11e+02 resid=1.02e-02
progress N=2 step 125/241277 0.1% t=1.25000 eta_s=115204.6 E=-2.15028635 P=0.99771415 dP=-0.00194474 r12=8.04522496 Vg=0.00000092 norm=1.00000000 rank=35/256 sv_max=1.10e+02 resid=8.58e-03
progress N=2 step 150/241277 0.1% t=1.50000 eta_s=115196.5 E=-2.14910314 P=0.99646774 dP=-0.00319115 r12=8.04513174 Vg=0.00000096 norm=1.00000000 rank=35/256 sv_max=1.07e+02 resid=7.86e-03
progress N=2 step 175/241277 0.1% t=1.75000 eta_s=115191.2 E=-2.14776284 P=0.99491251 dP=-0.00474638 r12=8.04510570 Vg=0.00000096 norm=1.00000000 rank=37/256 sv_max=1.06e+02 resid=7.51e-03
progress N=2 step 200/241277 0.1% t=2.00000 eta_s=115186.2 E=-2.14628464 P=0.99310621 dP=-0.00655268 r12=8.04517893 Vg=0.00000087 norm=1.00000000 rank=35/256 sv_max=1.11e+02 resid=7.52e-03
progress N=2 step 225/241277 0.1% t=2.25000 eta_s=115216.7 E=-2.14468359 P=0.99113353 dP=-0.00852536 r12=8.04528368 Vg=0.00000076 norm=1.00000000 rank=35/256 sv_max=1.02e+02 resid=7.19e-03
progress N=2 step 250/241277 0.1% t=2.50000 eta_s=115230.5 E=-2.14296934 P=0.98909667 dP=-0.01056222 r12=8.04540224 Vg=0.00000073 norm=1.00000000 rank=35/256 sv_max=1.07e+02 resid=6.73e-03
progress N=2 step 275/241277 0.1% t=2.75000 eta_s=115235.6 E=-2.14114332 P=0.98712926 dP=-0.01252963 r12=8.04544986 Vg=0.00000072 norm=1.00000000 rank=35/256 sv_max=1.04e+02 resid=6.52e-03
progress N=2 step 300/241277 0.1% t=3.00000 eta_s=114985.8 E=-2.13919867 P=0.98533767 dP=-0.01432123 r12=8.04542885 Vg=0.00000072 norm=1.00000000 rank=35/256 sv_max=1.05e+02 resid=7.04e-03
progress N=2 step 325/241277 0.1% t=3.25000 eta_s=114755.4 E=-2.13712373 P=0.98379784 dP=-0.01586105 r12=8.04536310 Vg=0.00000076 norm=1.00000000 rank=36/256 sv_max=1.06e+02 resid=7.82e-03
progress N=2 step 350/241277 0.1% t=3.50000 eta_s=114402.2 E=-2.13490375 P=0.98257032 dP=-0.01708857 r12=8.04532719 Vg=0.00000076 norm=1.00000000 rank=36/256 sv_max=1.01e+02 resid=8.88e-03
progress N=2 step 375/241277 0.2% t=3.75000 eta_s=114064.7 E=-2.13252168 P=0.98167904 dP=-0.01797985 r12=8.04537161 Vg=0.00000073 norm=1.00000000 rank=35/256 sv_max=1.05e+02 resid=1.10e-02
progress N=2 step 400/241277 0.2% t=4.00000 eta_s=113780.2 E=-2.12996161 P=0.98110492 dP=-0.01855397 r12=8.04546367 Vg=0.00000074 norm=1.00000000 rank=36/256 sv_max=1.00e+02 resid=1.47e-02
progress N=2 step 425/241277 0.2% t=4.25000 eta_s=113542.3 E=-2.12721036 P=0.98079145 dP=-0.01886744 r12=8.04556206 Vg=0.00000074 norm=1.00000000 rank=37/256 sv_max=1.07e+02 resid=2.25e-02
progress N=2 step 450/241277 0.2% t=4.50000 eta_s=113319.8 E=-2.12425898 P=0.98065295 dP=-0.01900594 r12=8.04559071 Vg=0.00000073 norm=1.00000000 rank=37/256 sv_max=9.92e+01 resid=4.04e-02
progress N=2 step 475/241277 0.2% t=4.75000 eta_s=113257.6 E=-2.12110544 P=0.98058675 dP=-0.01907214 r12=8.04559000 Vg=0.00000077 norm=1.00000000 rank=38/256 sv_max=1.03e+02 resid=5.97e-02
progress N=2 step 500/241277 0.2% t=5.00000 eta_s=113213.8 E=-2.11775361 P=0.98050491 dP=-0.01915398 r12=8.04558603 Vg=0.00000078 norm=1.00000000 rank=37/256 sv_max=1.03e+02 resid=3.77e-02
progress N=2 step 525/241277 0.2% t=5.25000 eta_s=113153.5 E=-2.11421173 P=0.98031235 dP=-0.01934654 r12=8.04557037 Vg=0.00000078 norm=1.00000000 rank=36/256 sv_max=9.60e+01 resid=2.48e-02
progress N=2 step 550/241277 0.2% t=5.50000 eta_s=113092.1 E=-2.11049329 P=0.97991989 dP=-0.01973901 r12=8.04555066 Vg=0.00000079 norm=1.00000000 rank=35/256 sv_max=1.02e+02 resid=1.65e-02
progress N=2 step 575/241277 0.2% t=5.75000 eta_s=113052.2 E=-2.10661522 P=0.97927930 dP=-0.02037959 r12=8.04554854 Vg=0.00000074 norm=1.00000000 rank=35/256 sv_max=9.75e+01 resid=1.18e-02
progress N=2 step 600/241277 0.2% t=6.00000 eta_s=113005.2 E=-2.10259563 P=0.97835952 dP=-0.02129937 r12=8.04557749 Vg=0.00000070 norm=1.00000000 rank=35/256 sv_max=1.04e+02 resid=1.00e-02
progress N=2 step 625/241277 0.3% t=6.25000 eta_s=112951.9 E=-2.09845438 P=0.97715278 dP=-0.02250611 r12=8.04560768 Vg=0.00000078 norm=1.00000000 rank=35/256 sv_max=9.85e+01 resid=8.47e-03
progress N=2 step 650/241277 0.3% t=6.50000 eta_s=112755.9 E=-2.09421080 P=0.97568296 dP=-0.02397594 r12=8.04567536 Vg=0.00000084 norm=1.00000000 rank=35/256 sv_max=1.05e+02 resid=8.24e-03
progress N=2 step 675/241277 0.3% t=6.75000 eta_s=112599.4 E=-2.08988145 P=0.97400754 dP=-0.02565135 r12=8.04577809 Vg=0.00000082 norm=1.00000000 rank=35/256 sv_max=9.81e+01 resid=8.19e-03
progress N=2 step 700/241277 0.3% t=7.00000 eta_s=112541.5 E=-2.08548092 P=0.97220184 dP=-0.02745705 r12=8.04595609 Vg=0.00000078 norm=1.00000000 rank=35/256 sv_max=9.90e+01 resid=8.61e-03
progress N=2 step 725/241277 0.3% t=7.25000 eta_s=112207.3 E=-2.08101941 P=0.97035952 dP=-0.02929937 r12=8.04617422 Vg=0.00000075 norm=1.00000000 rank=35/256 sv_max=1.06e+02 resid=8.93e-03
progress N=2 step 750/241277 0.3% t=7.50000 eta_s=111675.8 E=-2.07650074 P=0.96857389 dP=-0.03108500 r12=8.04635451 Vg=0.00000076 norm=1.00000000 rank=35/256 sv_max=9.45e+01 resid=9.44e-03
progress N=2 step 775/241277 0.3% t=7.75000 eta_s=111530.1 E=-2.07192280 P=0.96693375 dP=-0.03272514 r12=8.04646441 Vg=0.00000077 norm=1.00000000 rank=35/256 sv_max=1.03e+02 resid=1.01e-02
progress N=2 step 800/241277 0.3% t=8.00000 eta_s=111480.2 E=-2.06727790 P=0.96553006 dP=-0.03412883 r12=8.04646682 Vg=0.00000072 norm=1.00000000 rank=35/256 sv_max=9.72e+01 resid=1.05e-02
progress N=2 step 825/241277 0.3% t=8.25000 eta_s=111345.8 E=-2.06255458 P=0.96440457 dP=-0.03525432 r12=8.04636610 Vg=0.00000068 norm=1.00000000 rank=35/256 sv_max=1.03e+02 resid=1.16e-02
progress N=2 step 850/241277 0.4% t=8.50000 eta_s=111237.4 E=-2.05774137 P=0.96356578 dP=-0.03609311 r12=8.04616405 Vg=0.00000074 norm=1.00000000 rank=35/256 sv_max=9.78e+01 resid=1.36e-02
progress N=2 step 875/241277 0.4% t=8.75000 eta_s=111263.2 E=-2.05282845 P=0.96300436 dP=-0.03665453 r12=8.04597286 Vg=0.00000076 norm=1.00000000 rank=35/256 sv_max=1.01e+02 resid=1.71e-02
progress N=2 step 900/241277 0.4% t=9.00000 eta_s=111288.1 E=-2.04780830 P=0.96269289 dP=-0.03696600 r12=8.04583732 Vg=0.00000071 norm=1.00000000 rank=34/256 sv_max=1.01e+02 resid=2.20e-02
progress N=2 step 925/241277 0.4% t=9.25000 eta_s=111302.6 E=-2.04267598 P=0.96257359 dP=-0.03708530 r12=8.04573633 Vg=0.00000071 norm=1.00000000 rank=35/256 sv_max=9.59e+01 resid=3.26e-02
progress N=2 step 950/241277 0.4% t=9.50000 eta_s=111302.8 E=-2.03742997 P=0.96257224 dP=-0.03708665 r12=8.04567407 Vg=0.00000074 norm=1.00000000 rank=34/256 sv_max=1.08e+02 resid=6.37e-02
progress N=2 step 975/241277 0.4% t=9.75000 eta_s=111130.6 E=-2.03207151 P=0.96260590 dP=-0.03705299 r12=8.04562941 Vg=0.00000080 norm=1.00000000 rank=34/256 sv_max=9.51e+01 resid=5.81e-02
progress N=2 step 1000/241277 0.4% t=10.00000 eta_s=111071.2 E=-2.02660546 P=0.96257992 dP=-0.03707897 r12=8.04566407 Vg=0.00000085 norm=1.00000000 rank=34/256 sv_max=1.03e+02 resid=3.53e-02
progress N=2 step 1025/241277 0.4% t=10.25000 eta_s=111094.4 E=-2.02104171 P=0.96241814 dP=-0.03724075 r12=8.04579010 Vg=0.00000084 norm=1.00000000 rank=35/256 sv_max=1.03e+02 resid=2.29e-02
progress N=2 step 1050/241277 0.4% t=10.50000 eta_s=110981.4 E=-2.01539234 P=0.96204626 dP=-0.03761264 r12=8.04599778 Vg=0.00000081 norm=1.00000000 rank=35/256 sv_max=9.81e+01 resid=1.77e-02
progress N=2 step 1075/241277 0.4% t=10.75000 eta_s=110800.6 E=-2.00967311 P=0.96140683 dP=-0.03825206 r12=8.04624724 Vg=0.00000080 norm=1.00000000 rank=34/256 sv_max=1.03e+02 resid=1.44e-02
progress N=2 step 1100/241277 0.5% t=11.00000 eta_s=110824.1 E=-2.00390106 P=0.96048021 dP=-0.03917868 r12=8.04654161 Vg=0.00000074 norm=1.00000000 rank=34/256 sv_max=1.00e+02 resid=1.21e-02
progress N=2 step 1125/241277 0.5% t=11.25000 eta_s=110876.4 E=-1.99809357 P=0.95927101 dP=-0.04038788 r12=8.04687150 Vg=0.00000071 norm=1.00000000 rank=34/256 sv_max=1.07e+02 resid=1.09e-02
progress N=2 step 1150/241277 0.5% t=11.50000 eta_s=110853.8 E=-1.99226605 P=0.95781966 dP=-0.04183923 r12=8.04715105 Vg=0.00000080 norm=1.00000000 rank=34/256 sv_max=9.77e+01 resid=1.00e-02
progress N=2 step 1175/241277 0.5% t=11.75000 eta_s=110931.6 E=-1.98643079 P=0.95619221 dP=-0.04346668 r12=8.04738017 Vg=0.00000088 norm=1.00000000 rank=34/256 sv_max=1.05e+02 resid=9.91e-03
progress N=2 step 1200/241277 0.5% t=12.00000 eta_s=111016.3 E=-1.98059613 P=0.95448422 dP=-0.04517467 r12=8.04756716 Vg=0.00000088 norm=1.00000000 rank=34/256 sv_max=1.03e+02 resid=9.74e-03
progress N=2 step 1225/241277 0.5% t=12.25000 eta_s=111097.5 E=-1.97476630 P=0.95278871 dP=-0.04687018 r12=8.04772969 Vg=0.00000082 norm=1.00000000 rank=34/256 sv_max=1.01e+02 resid=1.09e-02
progress N=2 step 1250/241277 0.5% t=12.50000 eta_s=111177.0 E=-1.96894307 P=0.95118977 dP=-0.04846912 r12=8.04787049 Vg=0.00000080 norm=1.00000000 rank=34/256 sv_max=1.12e+02 resid=1.18e-02
progress N=2 step 1275/241277 0.5% t=12.75000 eta_s=111245.5 E=-1.96312382 P=0.94976866 dP=-0.04989023 r12=8.04792407 Vg=0.00000081 norm=1.00000000 rank=34/256 sv_max=9.85e+01 resid=1.33e-02
progress N=2 step 1300/241277 0.5% t=13.00000 eta_s=111316.2 E=-1.95730211 P=0.94858063 dP=-0.05107826 r12=8.04785907 Vg=0.00000079 norm=1.00000000 rank=34/256 sv_max=1.09e+02 resid=1.44e-02
progress N=2 step 1325/241277 0.5% t=13.25000 eta_s=111384.2 E=-1.95146909 P=0.94767160 dP=-0.05198729 r12=8.04766760 Vg=0.00000077 norm=1.00000000 rank=34/256 sv_max=1.06e+02 resid=1.59e-02
progress N=2 step 1350/241277 0.6% t=13.50000 eta_s=111449.1 E=-1.94561530 P=0.94704809 dP=-0.05261080 r12=8.04736891 Vg=0.00000083 norm=1.00000000 rank=34/256 sv_max=1.02e+02 resid=1.97e-02
progress N=2 step 1375/241277 0.6% t=13.75000 eta_s=111510.6 E=-1.93973181 P=0.94669125 dP=-0.05296764 r12=8.04698654 Vg=0.00000099 norm=1.00000000 rank=34/256 sv_max=1.08e+02 resid=2.36e-02
progress N=2 step 1400/241277 0.6% t=14.00000 eta_s=111572.8 E=-1.93381246 P=0.94657020 dP=-0.05308869 r12=8.04659001 Vg=0.00000106 norm=1.00000000 rank=34/256 sv_max=9.94e+01 resid=2.92e-02
progress N=2 step 1425/241277 0.6% t=14.25000 eta_s=111632.6 E=-1.92785198 P=0.94663734 dP=-0.05302155 r12=8.04627389 Vg=0.00000099 norm=1.00000000 rank=34/256 sv_max=1.11e+02 resid=4.09e-02
progress N=2 step 1450/241277 0.6% t=14.50000 eta_s=111686.5 E=-1.92184826 P=0.94682955 dP=-0.05282934 r12=8.04604489 Vg=0.00000097 norm=1.00000000 rank=34/256 sv_max=1.02e+02 resid=5.53e-02
progress N=2 step 1475/241277 0.6% t=14.75000 eta_s=111739.1 E=-1.91580148 P=0.94704709 dP=-0.05261180 r12=8.04592942 Vg=0.00000101 norm=1.00000000 rank=34/256 sv_max=1.07e+02 resid=5.31e-02
progress N=2 step 1500/241277 0.6% t=15.00000 eta_s=111790.7 E=-1.90971592 P=0.94720111 dP=-0.05245779 r12=8.04595542 Vg=0.00000105 norm=1.00000000 rank=34/256 sv_max=1.07e+02 resid=3.75e-02
progress N=2 step 1525/241277 0.6% t=15.25000 eta_s=111841.1 E=-1.90359837 P=0.94720808 dP=-0.05245081 r12=8.04616004 Vg=0.00000104 norm=1.00000000 rank=34/256 sv_max=1.02e+02 resid=2.85e-02
progress N=2 step 1550/241277 0.6% t=15.50000 eta_s=111886.0 E=-1.89745950 P=0.94699247 dP=-0.05266642 r12=8.04656854 Vg=0.00000103 norm=1.00000000 rank=34/256 sv_max=1.16e+02 resid=2.14e-02
progress N=2 step 1575/241277 0.7% t=15.75000 eta_s=111888.0 E=-1.89131206 P=0.94651037 dP=-0.05314853 r12=8.04712542 Vg=0.00000110 norm=1.00000000 rank=34/256 sv_max=9.95e+01 resid=1.85e-02
progress N=2 step 1600/241277 0.7% t=16.00000 eta_s=111849.0 E=-1.88516826 P=0.94574067 dP=-0.05391822 r12=8.04778387 Vg=0.00000115 norm=1.00000000 rank=34/256 sv_max=1.08e+02 resid=1.59e-02
progress N=2 step 1625/241277 0.7% t=16.25000 eta_s=111824.3 E=-1.87904044 P=0.94469998 dP=-0.05495891 r12=8.04848195 Vg=0.00000112 norm=1.00000000 rank=34/256 sv_max=1.09e+02 resid=1.31e-02
progress N=2 step 1650/241277 0.7% t=16.50000 eta_s=111839.1 E=-1.87293872 P=0.94341345 dP=-0.05624544 r12=8.04914235 Vg=0.00000110 norm=1.00000000 rank=35/256 sv_max=1.03e+02 resid=1.29e-02
progress N=2 step 1675/241277 0.7% t=16.75000 eta_s=111862.5 E=-1.86687172 P=0.94194374 dP=-0.05771515 r12=8.04972666 Vg=0.00000126 norm=1.00000000 rank=35/256 sv_max=1.10e+02 resid=1.28e-02
progress N=2 step 1700/241277 0.7% t=17.00000 eta_s=111851.7 E=-1.86084374 P=0.94037522 dP=-0.05928367 r12=8.05017880 Vg=0.00000135 norm=1.00000000 rank=37/256 sv_max=9.03e+01 resid=1.24e-02
progress N=2 step 1725/241277 0.7% t=17.25000 eta_s=111899.7 E=-1.85485759 P=0.93878553 dP=-0.06087336 r12=8.05047581 Vg=0.00000127 norm=1.00000000 rank=37/256 sv_max=1.21e+02 resid=1.18e-02
progress N=2 step 1750/241277 0.7% t=17.50000 eta_s=111947.7 E=-1.84891393 P=0.93726387 dP=-0.06239502 r12=8.05063879 Vg=0.00000114 norm=1.00000000 rank=37/256 sv_max=1.31e+02 resid=1.13e-02
progress N=2 step 1775/241277 0.7% t=17.75000 eta_s=111991.9 E=-1.84301151 P=0.93587699 dP=-0.06378190 r12=8.05072343 Vg=0.00000126 norm=1.00000000 rank=36/256 sv_max=1.18e+02 resid=9.90e-03
progress N=2 step 1800/241277 0.7% t=18.00000 eta_s=112038.7 E=-1.83714659 P=0.93468820 dP=-0.06497069 r12=8.05072120 Vg=0.00000154 norm=1.00000000 rank=37/256 sv_max=1.35e+02 resid=1.11e-02
progress N=2 step 1825/241277 0.8% t=18.25000 eta_s=112086.8 E=-1.83131257 P=0.93376475 dP=-0.06589414 r12=8.05056608 Vg=0.00000148 norm=1.00000000 rank=37/256 sv_max=1.10e+02 resid=1.27e-02
progress N=2 step 1850/241277 0.8% t=18.50000 eta_s=112131.3 E=-1.82550156 P=0.93313709 dP=-0.06652180 r12=8.05025021 Vg=0.00000142 norm=1.00000000 rank=35/256 sv_max=1.28e+02 resid=1.61e-02
progress N=2 step 1875/241277 0.8% t=18.75000 eta_s=112174.0 E=-1.81970587 P=0.93277418 dP=-0.06688471 r12=8.04985394 Vg=0.00000169 norm=1.00000000 rank=35/256 sv_max=1.32e+02 resid=2.08e-02
progress N=2 step 1900/241277 0.8% t=19.00000 eta_s=112216.0 E=-1.81391815 P=0.93266286 dP=-0.06699603 r12=8.04948638 Vg=0.00000188 norm=1.00000000 rank=36/256 sv_max=1.21e+02 resid=2.29e-02
progress N=2 step 1925/241277 0.8% t=19.25000 eta_s=112257.1 E=-1.80813298 P=0.93274697 dP=-0.06691192 r12=8.04921732 Vg=0.00000200 norm=1.00000000 rank=36/256 sv_max=1.19e+02 resid=2.43e-02
progress N=2 step 1950/241277 0.8% t=19.50000 eta_s=112290.4 E=-1.80234654 P=0.93296241 dP=-0.06669648 r12=8.04899750 Vg=0.00000200 norm=1.00000000 rank=35/256 sv_max=1.24e+02 resid=2.79e-02
progress N=2 step 1975/241277 0.8% t=19.75000 eta_s=112258.8 E=-1.79655955 P=0.93322093 dP=-0.06643796 r12=8.04870473 Vg=0.00000201 norm=1.00000000 rank=35/256 sv_max=1.24e+02 resid=2.94e-02
progress N=2 step 2000/241277 0.8% t=20.00000 eta_s=112246.6 E=-1.79077402 P=0.93344175 dP=-0.06621714 r12=8.04832256 Vg=0.00000193 norm=1.00000000 rank=35/256 sv_max=1.28e+02 resid=3.38e-02
progress N=2 step 2025/241277 0.8% t=20.25000 eta_s=112248.4 E=-1.78499361 P=0.93356015 dP=-0.06609874 r12=8.04786617 Vg=0.00000182 norm=1.00000000 rank=35/256 sv_max=1.16e+02 resid=3.49e-02
progress N=2 step 2050/241277 0.8% t=20.50000 eta_s=112266.4 E=-1.77922320 P=0.93353309 dP=-0.06612580 r12=8.04740452 Vg=0.00000184 norm=1.00000000 rank=35/256 sv_max=1.10e+02 resid=3.02e-02
progress N=2 step 2075/241277 0.9% t=20.75000 eta_s=112289.0 E=-1.77346778 P=0.93333625 dP=-0.06632264 r12=8.04697522 Vg=0.00000210 norm=1.00000000 rank=34/256 sv_max=1.15e+02 resid=2.37e-02
progress N=2 step 2100/241277 0.9% t=21.00000 eta_s=112300.2 E=-1.76773275 P=0.93295473 dP=-0.06670416 r12=8.04662499 Vg=0.00000245 norm=1.00000000 rank=34/256 sv_max=1.16e+02 resid=1.90e-02
progress N=2 step 2125/241277 0.9% t=21.25000 eta_s=112329.9 E=-1.76202405 P=0.93237796 dP=-0.06728094 r12=8.04652834 Vg=0.00000268 norm=1.00000000 rank=33/256 sv_max=1.22e+02 resid=1.72e-02
progress N=2 step 2150/241277 0.9% t=21.50000 eta_s=112357.9 E=-1.75634766 P=0.93161737 dP=-0.06804152 r12=8.04679069 Vg=0.00000288 norm=1.00000000 rank=34/256 sv_max=1.13e+02 resid=1.60e-02
progress N=2 step 2175/241277 0.9% t=21.75000 eta_s=112385.6 E=-1.75070959 P=0.93069942 dP=-0.06895947 r12=8.04733691 Vg=0.00000303 norm=1.00000000 rank=34/256 sv_max=1.08e+02 resid=1.65e-02
progress N=2 step 2200/241277 0.9% t=22.00000 eta_s=112413.4 E=-1.74511420 P=0.92965440 dP=-0.07000449 r12=8.04801899 Vg=0.00000297 norm=1.00000000 rank=34/256 sv_max=1.19e+02 resid=1.54e-02
progress N=2 step 2225/241277 0.9% t=22.25000 eta_s=112438.7 E=-1.73956367 P=0.92852143 dP=-0.07113746 r12=8.04868303 Vg=0.00000273 norm=1.00000000 rank=34/256 sv_max=1.23e+02 resid=1.50e-02
progress N=2 step 2250/241277 0.9% t=22.50000 eta_s=112463.4 E=-1.73406028 P=0.92735462 dP=-0.07230427 r12=8.04930562 Vg=0.00000251 norm=1.00000000 rank=35/256 sv_max=1.21e+02 resid=1.47e-02
progress N=2 step 2275/241277 0.9% t=22.75000 eta_s=112487.6 E=-1.72860411 P=0.92619880 dP=-0.07346009 r12=8.05004719 Vg=0.00000257 norm=1.00000000 rank=35/256 sv_max=1.16e+02 resid=1.59e-02
progress N=2 step 2300/241277 1.0% t=23.00000 eta_s=112511.7 E=-1.72319528 P=0.92509504 dP=-0.07456385 r12=8.05100501 Vg=0.00000308 norm=1.00000000 rank=36/256 sv_max=1.16e+02 resid=1.87e-02
progress N=2 step 2325/241277 1.0% t=23.25000 eta_s=112536.9 E=-1.71783184 P=0.92409371 dP=-0.07556518 r12=8.05218985 Vg=0.00000351 norm=1.00000000 rank=36/256 sv_max=1.19e+02 resid=1.96e-02
progress N=2 step 2350/241277 1.0% t=23.50000 eta_s=112546.4 E=-1.71251120 P=0.92323809 dP=-0.07642081 r12=8.05356563 Vg=0.00000350 norm=1.00000000 rank=35/256 sv_max=1.30e+02 resid=2.34e-02
progress N=2 step 2375/241277 1.0% t=23.75000 eta_s=112503.8 E=-1.70722890 P=0.92253828 dP=-0.07712061 r12=8.05490814 Vg=0.00000347 norm=1.00000000 rank=35/256 sv_max=1.39e+02 resid=2.66e-02
progress N=2 step 2400/241277 1.0% t=24.00000 eta_s=112457.9 E=-1.70198066 P=0.92199007 dP=-0.07766883 r12=8.05594205 Vg=0.00000356 norm=1.00000000 rank=35/256 sv_max=1.42e+02 resid=2.72e-02
progress N=2 step 2425/241277 1.0% t=24.25000 eta_s=112417.5 E=-1.69676290 P=0.92158437 dP=-0.07807452 r12=8.05654376 Vg=0.00000372 norm=1.00000000 rank=36/256 sv_max=1.33e+02 resid=2.85e-02
progress N=2 step 2450/241277 1.0% t=24.50000 eta_s=112405.1 E=-1.69157285 P=0.92131110 dP=-0.07834779 r12=8.05660710 Vg=0.00000386 norm=1.00000000 rank=36/256 sv_max=1.24e+02 resid=3.13e-02
progress N=2 step 2475/241277 1.0% t=24.75000 eta_s=112412.3 E=-1.68640937 P=0.92114490 dP=-0.07851399 r12=8.05603797 Vg=0.00000392 norm=1.00000000 rank=36/256 sv_max=1.32e+02 resid=3.73e-02
progress N=2 step 2500/241277 1.0% t=25.00000 eta_s=112387.5 E=-1.68127216 P=0.92105296 dP=-0.07860593 r12=8.05476219 Vg=0.00000432 norm=1.00000000 rank=36/256 sv_max=1.33e+02 resid=4.74e-02
progress N=2 step 2525/241277 1.0% t=25.25000 eta_s=112407.6 E=-1.67616043 P=0.92101460 dP=-0.07864429 r12=8.05276147 Vg=0.00000487 norm=1.00000000 rank=35/256 sv_max=1.33e+02 resid=5.63e-02
progress N=2 step 2550/241277 1.1% t=25.50000 eta_s=112425.0 E=-1.67107330 P=0.92099883 dP=-0.07866007 r12=8.05022603 Vg=0.00000534 norm=1.00000000 rank=35/256 sv_max=1.30e+02 resid=5.95e-02
progress N=2 step 2575/241277 1.1% t=25.75000 eta_s=112442.3 E=-1.66601023 P=0.92097640 dP=-0.07868249 r12=8.04740184 Vg=0.00000559 norm=1.00000000 rank=35/256 sv_max=1.30e+02 resid=5.52e-02
progress N=2 step 2600/241277 1.1% t=26.00000 eta_s=112458.5 E=-1.66097079 P=0.92092248 dP=-0.07873641 r12=8.04449114 Vg=0.00000571 norm=1.00000000 rank=35/256 sv_max=1.33e+02 resid=4.65e-02
progress N=2 step 2625/241277 1.1% t=26.25000 eta_s=112475.9 E=-1.65595561 P=0.92081578 dP=-0.07884312 r12=8.04170826 Vg=0.00000569 norm=1.00000000 rank=35/256 sv_max=1.29e+02 resid=4.05e-02
progress N=2 step 2650/241277 1.1% t=26.50000 eta_s=112489.7 E=-1.65096585 P=0.92064169 dP=-0.07901720 r12=8.03931120 Vg=0.00000567 norm=1.00000000 rank=35/256 sv_max=1.23e+02 resid=3.90e-02
progress N=2 step 2675/241277 1.1% t=26.75000 eta_s=112506.9 E=-1.64600480 P=0.92038600 dP=-0.07927289 r12=8.03754618 Vg=0.00000614 norm=1.00000000 rank=35/256 sv_max=1.24e+02 resid=4.00e-02
progress N=2 step 2700/241277 1.1% t=27.00000 eta_s=112526.0 E=-1.64107554 P=0.92004680 dP=-0.07961209 r12=8.03669470 Vg=0.00000703 norm=1.00000000 rank=35/256 sv_max=1.24e+02 resid=3.84e-02
progress N=2 step 2725/241277 1.1% t=27.25000 eta_s=112540.4 E=-1.63618000 P=0.91962587 dP=-0.08003302 r12=8.03696359 Vg=0.00000782 norm=1.00000000 rank=35/256 sv_max=1.22e+02 resid=3.34e-02
progress N=2 step 2750/241277 1.1% t=27.50000 eta_s=112555.8 E=-1.63132005 P=0.91912000 dP=-0.08053889 r12=8.03839356 Vg=0.00000820 norm=1.00000000 rank=35/256 sv_max=1.23e+02 resid=2.80e-02
progress N=2 step 2775/241277 1.2% t=27.75000 eta_s=112568.9 E=-1.62649662 P=0.91853405 dP=-0.08112484 r12=8.04094190 Vg=0.00000806 norm=1.00000000 rank=35/256 sv_max=1.23e+02 resid=2.58e-02
progress N=2 step 2800/241277 1.2% t=28.00000 eta_s=112581.2 E=-1.62171032 P=0.91787969 dP=-0.08177920 r12=8.04448083 Vg=0.00000781 norm=1.00000000 rank=35/256 sv_max=1.25e+02 resid=2.81e-02
progress N=2 step 2825/241277 1.2% t=28.25000 eta_s=112593.3 E=-1.61696309 P=0.91716961 dP=-0.08248928 r12=8.04875404 Vg=0.00000768 norm=1.00000000 rank=35/256 sv_max=1.29e+02 resid=2.81e-02
progress N=2 step 2850/241277 1.2% t=28.50000 eta_s=112605.3 E=-1.61225526 P=0.91642135 dP=-0.08323754 r12=8.05342818 Vg=0.00000760 norm=1.00000000 rank=34/256 sv_max=1.31e+02 resid=2.74e-02
progress N=2 step 2875/241277 1.2% t=28.75000 eta_s=112615.6 E=-1.60758686 P=0.91566068 dP=-0.08399821 r12=8.05813397 Vg=0.00000789 norm=1.00000000 rank=35/256 sv_max=1.30e+02 resid=2.88e-02
progress N=2 step 2900/241277 1.2% t=29.00000 eta_s=112621.9 E=-1.60295740 P=0.91490465 dP=-0.08475424 r12=8.06241643 Vg=0.00000876 norm=1.00000000 rank=35/256 sv_max=1.30e+02 resid=2.98e-02
progress N=2 step 2925/241277 1.2% t=29.25000 eta_s=112629.4 E=-1.59836640 P=0.91416194 dP=-0.08549695 r12=8.06587334 Vg=0.00000997 norm=1.00000000 rank=34/256 sv_max=1.30e+02 resid=2.93e-02
progress N=2 step 2950/241277 1.2% t=29.50000 eta_s=112639.6 E=-1.59381354 P=0.91345209 dP=-0.08620680 r12=8.06825669 Vg=0.00001079 norm=1.00000000 rank=35/256 sv_max=1.29e+02 resid=2.98e-02
progress N=2 step 2975/241277 1.2% t=29.75000 eta_s=112649.6 E=-1.58929765 P=0.91279630 dP=-0.08686259 r12=8.06945776 Vg=0.00001058 norm=1.00000000 rank=36/256 sv_max=1.25e+02 resid=2.92e-02
progress N=2 step 3000/241277 1.2% t=30.00000 eta_s=112645.6 E=-1.58481776 P=0.91221223 dP=-0.08744666 r12=8.06944696 Vg=0.00000976 norm=1.00000000 rank=35/256 sv_max=1.25e+02 resid=3.13e-02
progress N=2 step 3025/241277 1.3% t=30.25000 eta_s=112594.7 E=-1.58037260 P=0.91170927 dP=-0.08794962 r12=8.06818753 Vg=0.00000888 norm=1.00000000 rank=35/256 sv_max=1.33e+02 resid=3.26e-02
progress N=2 step 3050/241277 1.3% t=30.50000 eta_s=112523.4 E=-1.57596115 P=0.91128436 dP=-0.08837453 r12=8.06562610 Vg=0.00000843 norm=1.00000000 rank=35/256 sv_max=1.36e+02 resid=3.46e-02
progress N=2 step 3075/241277 1.3% t=30.75000 eta_s=112401.1 E=-1.57158197 P=0.91093160 dP=-0.08872729 r12=8.06180552 Vg=0.00000865 norm=1.00000000 rank=35/256 sv_max=1.35e+02 resid=3.48e-02
progress N=2 step 3100/241277 1.3% t=31.00000 eta_s=112280.7 E=-1.56723346 P=0.91063790 dP=-0.08902099 r12=8.05693879 Vg=0.00000963 norm=1.00000000 rank=35/256 sv_max=1.34e+02 resid=3.40e-02
progress N=2 step 3125/241277 1.3% t=31.25000 eta_s=112220.4 E=-1.56291417 P=0.91038813 dP=-0.08927077 r12=8.05136076 Vg=0.00001091 norm=1.00000000 rank=35/256 sv_max=1.37e+02 resid=3.39e-02
progress N=2 step 3150/241277 1.3% t=31.50000 eta_s=112205.3 E=-1.55862305 P=0.91016901 dP=-0.08948988 r12=8.04551708 Vg=0.00001146 norm=1.00000000 rank=34/256 sv_max=1.39e+02 resid=3.34e-02
progress N=2 step 3175/241277 1.3% t=31.75000 eta_s=112141.3 E=-1.55436011 P=0.90996441 dP=-0.08969448 r12=8.03991764 Vg=0.00001097 norm=1.00000000 rank=34/256 sv_max=1.41e+02 resid=3.33e-02
progress N=2 step 3200/241277 1.3% t=32.00000 eta_s=112107.3 E=-1.55012565 P=0.90976355 dP=-0.08989534 r12=8.03505977 Vg=0.00001007 norm=1.00000000 rank=34/256 sv_max=1.39e+02 resid=3.48e-02
progress N=2 step 3225/241277 1.3% t=32.25000 eta_s=112103.7 E=-1.54591929 P=0.90956166 dP=-0.09009723 r12=8.03133541 Vg=0.00000947 norm=1.00000000 rank=34/256 sv_max=1.36e+02 resid=3.73e-02
progress N=2 step 3250/241277 1.3% t=32.50000 eta_s=112113.1 E=-1.54174171 P=0.90934895 dP=-0.09030994 r12=8.02898744 Vg=0.00000935 norm=1.00000000 rank=34/256 sv_max=1.36e+02 resid=3.94e-02
progress N=2 step 3275/241277 1.4% t=32.75000 eta_s=112124.1 E=-1.53759271 P=0.90911800 dP=-0.09054089 r12=8.02809529 Vg=0.00000951 norm=1.00000000 rank=34/256 sv_max=1.37e+02 resid=3.91e-02
progress N=2 step 3300/241277 1.4% t=33.00000 eta_s=112133.5 E=-1.53347148 P=0.90886465 dP=-0.09079424 r12=8.02863547 Vg=0.00000974 norm=1.00000000 rank=34/256 sv_max=1.37e+02 resid=3.83e-02
progress N=2 step 3325/241277 1.4% t=33.25000 eta_s=112119.8 E=-1.52937857 P=0.90858383 dP=-0.09107507 r12=8.03050132 Vg=0.00001011 norm=1.00000000 rank=34/256 sv_max=1.40e+02 resid=3.98e-02
progress N=2 step 3350/241277 1.4% t=33.50000 eta_s=112105.7 E=-1.52531324 P=0.90828063 dP=-0.09137826 r12=8.03349448 Vg=0.00001035 norm=1.00000000 rank=34/256 sv_max=1.43e+02 resid=4.11e-02
progress N=2 step 3375/241277 1.4% t=33.75000 eta_s=112092.6 E=-1.52127653 P=0.90796277 dP=-0.09169612 r12=8.03737779 Vg=0.00001017 norm=1.00000000 rank=34/256 sv_max=1.43e+02 resid=4.06e-02
progress N=2 step 3400/241277 1.4% t=34.00000 eta_s=112081.8 E=-1.51726825 P=0.90763888 dP=-0.09202001 r12=8.04191916 Vg=0.00000992 norm=1.00000000 rank=34/256 sv_max=1.43e+02 resid=4.18e-02
progress N=2 step 3425/241277 1.4% t=34.25000 eta_s=112069.6 E=-1.51328822 P=0.90732084 dP=-0.09233805 r12=8.04685458 Vg=0.00001002 norm=1.00000000 rank=34/256 sv_max=1.44e+02 resid=4.47e-02
progress N=2 step 3450/241277 1.4% t=34.50000 eta_s=112056.9 E=-1.50933751 P=0.90700531 dP=-0.09265358 r12=8.05184916 Vg=0.00001042 norm=1.00000000 rank=34/256 sv_max=1.45e+02 resid=4.65e-02
progress N=2 step 3475/241277 1.4% t=34.75000 eta_s=112044.2 E=-1.50541555 P=0.90667365 dP=-0.09298524 r12=8.05654336 Vg=0.00001071 norm=1.00000000 rank=34/256 sv_max=1.46e+02 resid=4.66e-02
progress N=2 step 3500/241277 1.5% t=35.00000 eta_s=112031.4 E=-1.50152297 P=0.90630975 dP=-0.09334914 r12=8.06063669 Vg=0.00001066 norm=1.00000000 rank=34/256 sv_max=1.46e+02 resid=4.69e-02
progress N=2 step 3525/241277 1.5% t=35.25000 eta_s=112019.6 E=-1.49766074 P=0.90590526 dP=-0.09375363 r12=8.06389806 Vg=0.00001047 norm=1.00000000 rank=34/256 sv_max=1.45e+02 resid=4.85e-02
progress N=2 step 3550/241277 1.5% t=35.50000 eta_s=112006.2 E=-1.49382839 P=0.90545947 dP=-0.09419942 r12=8.06617002 Vg=0.00001008 norm=1.00000000 rank=34/256 sv_max=1.48e+02 resid=4.91e-02
progress N=2 step 3575/241277 1.5% t=35.75000 eta_s=111992.9 E=-1.49002570 P=0.90497651 dP=-0.09468238 r12=8.06739343 Vg=0.00000948 norm=1.00000000 rank=34/256 sv_max=1.52e+02 resid=4.89e-02
progress N=2 step 3600/241277 1.5% t=36.00000 eta_s=111978.7 E=-1.48625245 P=0.90446971 dP=-0.09518918 r12=8.06766080 Vg=0.00000903 norm=1.00000000 rank=34/256 sv_max=1.51e+02 resid=4.96e-02
progress N=2 step 3625/241277 1.5% t=36.25000 eta_s=111965.5 E=-1.48250719 P=0.90395326 dP=-0.09570563 r12=8.06718579 Vg=0.00000929 norm=1.00000000 rank=34/256 sv_max=1.44e+02 resid=4.93e-02
progress N=2 step 3650/241277 1.5% t=36.50000 eta_s=111951.9 E=-1.47879018 P=0.90345260 dP=-0.09620629 r12=8.06614753 Vg=0.00001020 norm=1.00000000 rank=34/256 sv_max=1.42e+02 resid=4.74e-02
progress N=2 step 3675/241277 1.5% t=36.75000 eta_s=111937.1 E=-1.47510192 P=0.90296836 dP=-0.09669053 r12=8.06466477 Vg=0.00001098 norm=1.00000000 rank=35/256 sv_max=1.42e+02 resid=4.26e-02
progress N=2 step 3700/241277 1.5% t=37.00000 eta_s=111921.6 E=-1.47144180 P=0.90250543 dP=-0.09715346 r12=8.06289354 Vg=0.00001115 norm=1.00000000 rank=35/256 sv_max=1.42e+02 resid=4.24e-02
progress N=2 step 3725/241277 1.5% t=37.25000 eta_s=111894.5 E=-1.46780972 P=0.90207069 dP=-0.09758820 r12=8.06094971 Vg=0.00001082 norm=1.00000000 rank=34/256 sv_max=1.47e+02 resid=4.73e-02
progress N=2 step 3750/241277 1.6% t=37.50000 eta_s=111866.8 E=-1.46420553 P=0.90167635 dP=-0.09798254 r12=8.05891549 Vg=0.00001019 norm=1.00000000 rank=34/256 sv_max=1.50e+02 resid=5.36e-02
progress N=2 step 3775/241277 1.6% t=37.75000 eta_s=111838.9 E=-1.46062893 P=0.90132276 dP=-0.09833613 r12=8.05678101 Vg=0.00000944 norm=1.00000000 rank=34/256 sv_max=1.51e+02 resid=5.83e-02
progress N=2 step 3800/241277 1.6% t=38.00000 eta_s=111817.3 E=-1.45707908 P=0.90100705 dP=-0.09865184 r12=8.05459261 Vg=0.00000881 norm=1.00000000 rank=34/256 sv_max=1.55e+02 resid=6.74e-02
progress N=2 step 3825/241277 1.6% t=38.25000 eta_s=111800.2 E=-1.45355472 P=0.90074199 dP=-0.09891690 r12=8.05243463 Vg=0.00000877 norm=1.00000000 rank=34/256 sv_max=1.54e+02 resid=7.65e-02
progress N=2 step 3850/241277 1.6% t=38.50000 eta_s=111776.5 E=-1.45005434 P=0.90052947 dP=-0.09912943 r12=8.05031970 Vg=0.00000943 norm=1.00000000 rank=33/256 sv_max=1.53e+02 resid=8.36e-02
progress N=2 step 3875/241277 1.6% t=38.75000 eta_s=111763.0 E=-1.44657646 P=0.90035773 dP=-0.09930116 r12=8.04828909 Vg=0.00001030 norm=1.00000000 rank=33/256 sv_max=1.53e+02 resid=8.72e-02
progress N=2 step 3900/241277 1.6% t=39.00000 eta_s=111748.6 E=-1.44312006 P=0.90021798 dP=-0.09944091 r12=8.04644351 Vg=0.00001058 norm=1.00000000 rank=34/256 sv_max=1.53e+02 resid=8.94e-02
progress N=2 step 3925/241277 1.6% t=39.25000 eta_s=111733.4 E=-1.43968450 P=0.90009464 dP=-0.09956425 r12=8.04484281 Vg=0.00001002 norm=1.00000000 rank=33/256 sv_max=1.53e+02 resid=9.14e-02
progress N=2 step 3950/241277 1.6% t=39.50000 eta_s=111718.0 E=-1.43627088 P=0.89997505 dP=-0.09968384 r12=8.04341413 Vg=0.00000918 norm=1.00000000 rank=32/256 sv_max=1.56e+02 resid=8.80e-02
progress N=2 step 3975/241277 1.6% t=39.75000 eta_s=111703.2 E=-1.43287939 P=0.89985024 dP=-0.09980865 r12=8.04212245 Vg=0.00000853 norm=1.00000000 rank=32/256 sv_max=1.60e+02 resid=8.32e-02
progress N=2 step 4000/241277 1.7% t=40.00000 eta_s=111690.0 E=-1.42951003 P=0.89970880 dP=-0.09995009 r12=8.04093589 Vg=0.00000803 norm=1.00000000 rank=32/256 sv_max=1.63e+02 resid=7.90e-02
progress N=2 step 4025/241277 1.7% t=40.25000 eta_s=111676.1 E=-1.42616339 P=0.89953017 dP=-0.10012872 r12=8.03985720 Vg=0.00000774 norm=1.00000000 rank=32/256 sv_max=1.65e+02 resid=6.90e-02
progress N=2 step 4050/241277 1.7% t=40.50000 eta_s=111662.4 E=-1.42284104 P=0.89928769 dP=-0.10037121 r12=8.03891265 Vg=0.00000787 norm=1.00000000 rank=32/256 sv_max=1.65e+02 resid=5.79e-02
progress N=2 step 4075/241277 1.7% t=40.75000 eta_s=111638.1 E=-1.41954271 P=0.89896009 dP=-0.10069880 r12=8.03812665 Vg=0.00000821 norm=1.00000000 rank=32/256 sv_max=1.66e+02 resid=5.21e-02
progress N=2 step 4100/241277 1.7% t=41.00000 eta_s=111611.6 E=-1.41626847 P=0.89853526 dP=-0.10112363 r12=8.03750489 Vg=0.00000831 norm=1.00000000 rank=32/256 sv_max=1.69e+02 resid=4.82e-02
progress N=2 step 4125/241277 1.7% t=41.25000 eta_s=111585.8 E=-1.41301994 P=0.89801613 dP=-0.10164276 r12=8.03712792 Vg=0.00000785 norm=1.00000000 rank=32/256 sv_max=1.71e+02 resid=4.56e-02
progress N=2 step 4150/241277 1.7% t=41.50000 eta_s=111560.5 E=-1.40979591 P=0.89741574 dP=-0.10224315 r12=8.03713876 Vg=0.00000724 norm=1.00000000 rank=32/256 sv_max=1.70e+02 resid=4.57e-02
progress N=2 step 4175/241277 1.7% t=41.75000 eta_s=111545.0 E=-1.40659720 P=0.89675127 dP=-0.10290762 r12=8.03766160 Vg=0.00000707 norm=1.00000000 rank=32/256 sv_max=1.68e+02 resid=4.70e-02
progress N=2 step 4200/241277 1.7% t=42.00000 eta_s=111529.9 E=-1.40342424 P=0.89604411 dP=-0.10361478 r12=8.03877126 Vg=0.00000719 norm=1.00000000 rank=32/256 sv_max=1.69e+02 resid=4.78e-02
progress N=2 step 4225/241277 1.8% t=42.25000 eta_s=111474.9 E=-1.40027692 P=0.89532234 dP=-0.10433655 r12=8.04045090 Vg=0.00000710 norm=1.00000000 rank=32/256 sv_max=1.73e+02 resid=4.89e-02
progress N=2 step 4250/241277 1.8% t=42.50000 eta_s=111416.9 E=-1.39715601 P=0.89461579 dP=-0.10504310 r12=8.04256787 Vg=0.00000708 norm=1.00000000 rank=32/256 sv_max=1.76e+02 resid=5.07e-02
progress N=2 step 4275/241277 1.8% t=42.75000 eta_s=111389.5 E=-1.39406008 P=0.89396131 dP=-0.10569759 r12=8.04498515 Vg=0.00000721 norm=1.00000000 rank=32/256 sv_max=1.76e+02 resid=5.53e-02
progress N=2 step 4300/241277 1.8% t=43.00000 eta_s=111364.8 E=-1.39098902 P=0.89339363 dP=-0.10626526 r12=8.04758889 Vg=0.00000708 norm=1.00000000 rank=32/256 sv_max=1.77e+02 resid=6.27e-02
progress N=2 step 4325/241277 1.8% t=43.25000 eta_s=111342.5 E=-1.38794089 P=0.89293640 dP=-0.10672249 r12=8.05024735 Vg=0.00000661 norm=1.00000000 rank=32/256 sv_max=1.78e+02 resid=6.98e-02
progress N=2 step 4350/241277 1.8% t=43.50000 eta_s=111340.5 E=-1.38491446 P=0.89260687 dP=-0.10705202 r12=8.05286182 Vg=0.00000612 norm=1.00000000 rank=32/256 sv_max=1.77e+02 resid=7.39e-02
progress N=2 step 4375/241277 1.8% t=43.75000 eta_s=111341.7 E=-1.38190838 P=0.89241042 dP=-0.10724847 r12=8.05534344 Vg=0.00000613 norm=1.00000000 rank=32/256 sv_max=1.76e+02 resid=7.65e-02
progress N=2 step 4400/241277 1.8% t=44.00000 eta_s=111332.7 E=-1.37892021 P=0.89233876 dP=-0.10732013 r12=8.05757184 Vg=0.00000673 norm=1.00000000 rank=32/256 sv_max=1.79e+02 resid=8.00e-02
progress N=2 step 4425/241277 1.8% t=44.25000 eta_s=111341.7 E=-1.37595029 P=0.89237264 dP=-0.10728625 r12=8.05943851 Vg=0.00000729 norm=1.00000000 rank=32/256 sv_max=1.80e+02 resid=8.60e-02
progress N=2 step 4450/241277 1.8% t=44.50000 eta_s=111351.0 E=-1.37299659 P=0.89248213 dP=-0.10717676 r12=8.06082867 Vg=0.00000746 norm=1.00000000 rank=32/256 sv_max=1.79e+02 resid=9.28e-02
progress N=2 step 4475/241277 1.9% t=44.75000 eta_s=111358.6 E=-1.37005885 P=0.89263477 dP=-0.10702413 r12=8.06162704 Vg=0.00000754 norm=1.00000000 rank=32/256 sv_max=1.78e+02 resid=1.02e-01
progress N=2 step 4500/241277 1.9% t=45.00000 eta_s=111365.2 E=-1.36713788 P=0.89280825 dP=-0.10685064 r12=8.06176852 Vg=0.00000750 norm=1.00000000 rank=32/256 sv_max=1.79e+02 resid=1.12e-01
progress N=2 step 4525/241277 1.9% t=45.25000 eta_s=111372.9 E=-1.36423197 P=0.89298067 dP=-0.10667823 r12=8.06125161 Vg=0.00000719 norm=1.00000000 rank=32/256 sv_max=1.82e+02 resid=1.15e-01
progress N=2 step 4550/241277 1.9% t=45.50000 eta_s=111381.8 E=-1.36134089 P=0.89313021 dP=-0.10652868 r12=8.06014214 Vg=0.00000682 norm=1.00000000 rank=32/256 sv_max=1.82e+02 resid=1.13e-01
progress N=2 step 4575/241277 1.9% t=45.75000 eta_s=111390.6 E=-1.35846528 P=0.89323281 dP=-0.10642608 r12=8.05857299 Vg=0.00000675 norm=1.00000000 rank=32/256 sv_max=1.78e+02 resid=1.10e-01
progress N=2 step 4600/241277 1.9% t=46.00000 eta_s=111399.3 E=-1.35560525 P=0.89326365 dP=-0.10639524 r12=8.05667024 Vg=0.00000706 norm=1.00000000 rank=32/256 sv_max=1.76e+02 resid=1.03e-01
progress N=2 step 4625/241277 1.9% t=46.25000 eta_s=111408.8 E=-1.35276107 P=0.89320476 dP=-0.10645414 r12=8.05448962 Vg=0.00000741 norm=1.00000000 rank=32/256 sv_max=1.78e+02 resid=8.87e-02
progress N=2 step 4650/241277 1.9% t=46.50000 eta_s=111417.7 E=-1.34993354 P=0.89304987 dP=-0.10660902 r12=8.05208220 Vg=0.00000753 norm=1.00000000 rank=32/256 sv_max=1.80e+02 resid=7.79e-02
progress N=2 step 4675/241277 1.9% t=46.75000 eta_s=111425.7 E=-1.34712340 P=0.89280169 dP=-0.10685720 r12=8.04954981 Vg=0.00000753 norm=1.00000000 rank=32/256 sv_max=1.80e+02 resid=7.27e-02
progress N=2 step 4700/241277 1.9% t=47.00000 eta_s=111433.1 E=-1.34433201 P=0.89246803 dP=-0.10719086 r12=8.04704760 Vg=0.00000771 norm=1.00000000 rank=32/256 sv_max=1.81e+02 resid=7.01e-02
progress N=2 step 4725/241277 2.0% t=47.25000 eta_s=111442.2 E=-1.34155915 P=0.89206270 dP=-0.10759619 r12=8.04478584 Vg=0.00000798 norm=1.00000000 rank=32/256 sv_max=1.81e+02 resid=7.01e-02
progress N=2 step 4750/241277 2.0% t=47.50000 eta_s=111449.3 E=-1.33880546 P=0.89160324 dP=-0.10805565 r12=8.04294949 Vg=0.00000807 norm=1.00000000 rank=32/256 sv_max=1.80e+02 resid=7.38e-02
progress N=2 step 4775/241277 2.0% t=47.75000 eta_s=111457.3 E=-1.33607134 P=0.89110408 dP=-0.10855481 r12=8.04159592 Vg=0.00000804 norm=1.00000000 rank=32/256 sv_max=1.80e+02 resid=7.60e-02
progress N=2 step 4800/241277 2.0% t=48.00000 eta_s=111465.0 E=-1.33335696 P=0.89057545 dP=-0.10908344 r12=8.04068296 Vg=0.00000804 norm=1.00000000 rank=32/256 sv_max=1.83e+02 resid=7.52e-02
progress N=2 step 4825/241277 2.0% t=48.25000 eta_s=111471.1 E=-1.33066226 P=0.89003143 dP=-0.10962746 r12=8.04013957 Vg=0.00000793 norm=1.00000000 rank=32/256 sv_max=1.87e+02 resid=7.47e-02
progress N=2 step 4850/241277 2.0% t=48.50000 eta_s=111476.9 E=-1.32798695 P=0.88948403 dP=-0.11017486 r12=8.03987690 Vg=0.00000773 norm=1.00000000 rank=32/256 sv_max=1.91e+02 resid=7.32e-02
progress N=2 step 4875/241277 2.0% t=48.75000 eta_s=111484.1 E=-1.32533062 P=0.88894858 dP=-0.11071031 r12=8.03984696 Vg=0.00000754 norm=1.00000000 rank=32/256 sv_max=1.91e+02 resid=6.97e-02
progress N=2 step 4900/241277 2.0% t=49.00000 eta_s=111490.8 E=-1.32269281 P=0.88844199 dP=-0.11121690 r12=8.04005198 Vg=0.00000756 norm=1.00000000 rank=32/256 sv_max=1.90e+02 resid=6.69e-02
progress N=2 step 4925/241277 2.0% t=49.25000 eta_s=111499.4 E=-1.32007317 P=0.88797646 dP=-0.11168243 r12=8.04051370 Vg=0.00000795 norm=1.00000000 rank=32/256 sv_max=1.90e+02 resid=6.57e-02
progress N=2 step 4950/241277 2.1% t=49.50000 eta_s=111506.0 E=-1.31747125 P=0.88755626 dP=-0.11210264 r12=8.04128041 Vg=0.00000847 norm=1.00000000 rank=32/256 sv_max=1.92e+02 resid=6.87e-02
progress N=2 step 4975/241277 2.1% t=49.75000 eta_s=111513.3 E=-1.31488683 P=0.88717203 dP=-0.11248686 r12=8.04238031 Vg=0.00000882 norm=1.00000000 rank=32/256 sv_max=1.96e+02 resid=7.74e-02
progress N=2 step 5000/241277 2.1% t=50.00000 eta_s=111519.8 E=-1.31232003 P=0.88680125 dP=-0.11285764 r12=8.04374848 Vg=0.00000900 norm=1.00000000 rank=32/256 sv_max=2.01e+02 resid=8.70e-02
progress N=2 step 5025/241277 2.1% t=50.25000 eta_s=111525.7 E=-1.30977098 P=0.88642317 dP=-0.11323572 r12=8.04526194 Vg=0.00000907 norm=1.00000000 rank=32/256 sv_max=2.05e+02 resid=8.98e-02
progress N=2 step 5050/241277 2.1% t=50.50000 eta_s=111532.2 E=-1.30723984 P=0.88602349 dP=-0.11363540 r12=8.04676916 Vg=0.00000891 norm=1.00000000 rank=32/256 sv_max=2.09e+02 resid=8.64e-02
progress N=2 step 5075/241277 2.1% t=50.75000 eta_s=111537.6 E=-1.30472642 P=0.88558965 dP=-0.11406924 r12=8.04808897 Vg=0.00000860 norm=1.00000000 rank=32/256 sv_max=2.12e+02 resid=8.21e-02
progress N=2 step 5100/241277 2.1% t=51.00000 eta_s=111543.6 E=-1.30223035 P=0.88511322 dP=-0.11454567 r12=8.04908652 Vg=0.00000835 norm=1.00000000 rank=32/256 sv_max=2.13e+02 resid=7.97e-02
progress N=2 step 5125/241277 2.1% t=51.25000 eta_s=111548.9 E=-1.29975139 P=0.88459119 dP=-0.11506770 r12=8.04969696 Vg=0.00000844 norm=1.00000000 rank=32/256 sv_max=2.13e+02 resid=8.03e-02
progress N=2 step 5150/241277 2.1% t=51.50000 eta_s=111554.4 E=-1.29728945 P=0.88403024 dP=-0.11562865 r12=8.04988808 Vg=0.00000893 norm=1.00000000 rank=32/256 sv_max=2.14e+02 resid=8.22e-02
progress N=2 step 5175/241277 2.1% t=51.75000 eta_s=111559.3 E=-1.29484439 P=0.88344679 dP=-0.11621210 r12=8.04963626 Vg=0.00000960 norm=1.00000000 rank=32/256 sv_max=2.17e+02 resid=8.24e-02
progress N=2 step 5200/241277 2.2% t=52.00000 eta_s=111562.8 E=-1.29241593 P=0.88286517 dP=-0.11679373 r12=8.04892511 Vg=0.00001014 norm=1.00000000 rank=32/256 sv_max=2.20e+02 resid=7.99e-02
progress N=2 step 5225/241277 2.2% t=52.25000 eta_s=111566.2 E=-1.29000365 P=0.88230978 dP=-0.11734911 r12=8.04775273 Vg=0.00001057 norm=1.00000000 rank=32/256 sv_max=2.22e+02 resid=7.57e-02
progress N=2 step 5250/241277 2.2% t=52.50000 eta_s=111558.1 E=-1.28760718 P=0.88179809 dP=-0.11786080 r12=8.04613195 Vg=0.00001025 norm=1.00000000 rank=34/256 sv_max=2.24e+02 resid=5.77e-02
progress N=2 step 5275/241277 2.2% t=52.75000 eta_s=111547.0 E=-1.28522625 P=0.88133862 dP=-0.11832027 r12=8.04419074 Vg=0.00000997 norm=1.00000000 rank=34/256 sv_max=2.20e+02 resid=5.38e-02
progress N=2 step 5300/241277 2.2% t=53.00000 eta_s=111534.5 E=-1.28286118 P=0.88094084 dP=-0.11871806 r12=8.04206452 Vg=0.00000988 norm=1.00000000 rank=34/256 sv_max=2.13e+02 resid=5.31e-02
progress N=2 step 5325/241277 2.2% t=53.25000 eta_s=111522.3 E=-1.28051148 P=0.88061785 dP=-0.11904104 r12=8.03993881 Vg=0.00000944 norm=1.00000000 rank=33/256 sv_max=2.16e+02 resid=6.49e-02
progress N=2 step 5350/241277 2.2% t=53.50000 eta_s=111511.9 E=-1.27817619 P=0.88037822 dP=-0.11928067 r12=8.03795059 Vg=0.00000935 norm=1.00000000 rank=33/256 sv_max=2.18e+02 resid=7.06e-02
progress N=2 step 5375/241277 2.2% t=53.75000 eta_s=111503.1 E=-1.27585457 P=0.88022748 dP=-0.11943141 r12=8.03600144 Vg=0.00000951 norm=1.00000000 rank=33/256 sv_max=2.20e+02 resid=8.34e-02
progress N=2 step 5400/241277 2.2% t=54.00000 eta_s=111494.9 E=-1.27354533 P=0.88016854 dP=-0.11949035 r12=8.03417950 Vg=0.00000998 norm=1.00000000 rank=33/256 sv_max=2.25e+02 resid=9.94e-02
progress N=2 step 5425/241277 2.2% t=54.25000 eta_s=111475.0 E=-1.27124772 P=0.88019852 dP=-0.11946037 r12=8.03253276 Vg=0.00001056 norm=1.00000000 rank=33/256 sv_max=2.30e+02 resid=1.05e-01
progress N=2 step 5450/241277 2.3% t=54.50000 eta_s=111455.0 E=-1.26896045 P=0.88029440 dP=-0.11936449 r12=8.03127128 Vg=0.00001098 norm=1.00000000 rank=33/256 sv_max=2.32e+02 resid=1.11e-01
progress N=2 step 5475/241277 2.3% t=54.75000 eta_s=111444.7 E=-1.26653449 P=0.88042563 dP=-0.11923326 r12=8.03074769 Vg=0.00001102 norm=1.00000000 rank=34/256 sv_max=2.38e+02 resid=9.46e-02
progress N=2 step 5500/241277 2.3% t=55.00000 eta_s=111432.5 E=-1.26423589 P=0.88058672 dP=-0.11907217 r12=8.03075183 Vg=0.00001105 norm=1.00000000 rank=32/256 sv_max=2.45e+02 resid=4.00e-01
progress N=2 step 5525/241277 2.3% t=55.25000 eta_s=111410.7 E=-1.26197955 P=0.88076473 dP=-0.11889416 r12=8.03141934 Vg=0.00001099 norm=1.00000000 rank=32/256 sv_max=2.52e+02 resid=3.74e-01
progress N=2 step 5550/241277 2.3% t=55.50000 eta_s=111403.2 E=-1.25973448 P=0.88092073 dP=-0.11873816 r12=8.03266059 Vg=0.00001101 norm=1.00000000 rank=32/256 sv_max=2.59e+02 resid=3.54e-01
progress N=2 step 5575/241277 2.3% t=55.75000 eta_s=111377.5 E=-1.25750040 P=0.88102753 dP=-0.11863136 r12=8.03437624 Vg=0.00001130 norm=1.00000000 rank=32/256 sv_max=2.57e+02 resid=3.40e-01
progress N=2 step 5600/241277 2.3% t=56.00000 eta_s=111336.5 E=-1.25527766 P=0.88104985 dP=-0.11860904 r12=8.03631440 Vg=0.00001172 norm=1.00000000 rank=32/256 sv_max=2.57e+02 resid=3.05e-01
progress N=2 step 5625/241277 2.3% t=56.25000 eta_s=111297.6 E=-1.25306739 P=0.88096770 dP=-0.11869119 r12=8.03828749 Vg=0.00001208 norm=1.00000000 rank=32/256 sv_max=2.56e+02 resid=2.89e-01
progress N=2 step 5650/241277 2.3% t=56.50000 eta_s=111276.8 E=-1.25086815 P=0.88077859 dP=-0.11888030 r12=8.04014117 Vg=0.00001235 norm=1.00000000 rank=32/256 sv_max=2.47e+02 resid=3.19e-01
progress N=2 step 5675/241277 2.4% t=56.75000 eta_s=111270.7 E=-1.24867984 P=0.88049334 dP=-0.11916555 r12=8.04178955 Vg=0.00001236 norm=1.00000000 rank=32/256 sv_max=2.44e+02 resid=3.33e-01
progress N=2 step 5700/241277 2.4% t=57.00000 eta_s=111251.5 E=-1.24650407 P=0.88012011 dP=-0.11953878 r12=8.04325939 Vg=0.00001215 norm=1.00000000 rank=32/256 sv_max=2.53e+02 resid=3.08e-01
progress N=2 step 5725/241277 2.4% t=57.25000 eta_s=111234.3 E=-1.24433981 P=0.87966533 dP=-0.11999356 r12=8.04453095 Vg=0.00001213 norm=1.00000000 rank=32/256 sv_max=2.55e+02 resid=3.08e-01
progress N=2 step 5750/241277 2.4% t=57.50000 eta_s=111236.2 E=-1.24218833 P=0.87914980 dP=-0.12050909 r12=8.04558356 Vg=0.00001235 norm=1.00000000 rank=32/256 sv_max=2.51e+02 resid=3.13e-01
progress N=2 step 5775/241277 2.4% t=57.75000 eta_s=111238.3 E=-1.24005100 P=0.87859761 dP=-0.12106128 r12=8.04642003 Vg=0.00001266 norm=1.00000000 rank=32/256 sv_max=2.57e+02 resid=2.82e-01
progress N=2 step 5800/241277 2.4% t=58.00000 eta_s=111240.9 E=-1.23792692 P=0.87802465 dP=-0.12163424 r12=8.04696186 Vg=0.00001305 norm=1.00000000 rank=32/256 sv_max=2.62e+02 resid=2.59e-01
progress N=2 step 5825/241277 2.4% t=58.25000 eta_s=111243.7 E=-1.23581737 P=0.87745307 dP=-0.12220582 r12=8.04714127 Vg=0.00001334 norm=1.00000000 rank=32/256 sv_max=2.61e+02 resid=2.70e-01
progress N=2 step 5850/241277 2.4% t=58.50000 eta_s=111245.2 E=-1.23372162 P=0.87691441 dP=-0.12274448 r12=8.04708985 Vg=0.00001321 norm=1.00000000 rank=32/256 sv_max=2.61e+02 resid=2.82e-01
progress N=2 step 5875/241277 2.4% t=58.75000 eta_s=111247.2 E=-1.23163892 P=0.87642343 dP=-0.12323546 r12=8.04694485 Vg=0.00001270 norm=1.00000000 rank=32/256 sv_max=2.63e+02 resid=2.90e-01
progress N=2 step 5900/241277 2.4% t=59.00000 eta_s=111226.7 E=-1.22957010 P=0.87598062 dP=-0.12367828 r12=8.04674924 Vg=0.00001210 norm=1.00000000 rank=32/256 sv_max=2.66e+02 resid=3.02e-01
progress N=2 step 5925/241277 2.5% t=59.25000 eta_s=111202.4 E=-1.22751270 P=0.87559000 dP=-0.12406889 r12=8.04656041 Vg=0.00001168 norm=1.00000000 rank=32/256 sv_max=2.70e+02 resid=3.10e-01
progress N=2 step 5950/241277 2.5% t=59.50000 eta_s=111165.8 E=-1.22546771 P=0.87525447 dP=-0.12440442 r12=8.04648937 Vg=0.00001161 norm=1.00000000 rank=32/256 sv_max=2.73e+02 resid=3.17e-01
progress N=2 step 5975/241277 2.5% t=59.75000 eta_s=111130.3 E=-1.22343315 P=0.87495971 dP=-0.12469919 r12=8.04656954 Vg=0.00001188 norm=1.00000000 rank=32/256 sv_max=2.72e+02 resid=3.31e-01
progress N=2 step 6000/241277 2.5% t=60.00000 eta_s=111090.6 E=-1.22140964 P=0.87469070 dP=-0.12496820 r12=8.04679434 Vg=0.00001228 norm=1.00000000 rank=32/256 sv_max=2.72e+02 resid=3.46e-01
progress N=2 step 6025/241277 2.5% t=60.25000 eta_s=111056.6 E=-1.21939663 P=0.87444463 dP=-0.12521427 r12=8.04719099 Vg=0.00001256 norm=1.00000000 rank=32/256 sv_max=2.71e+02 resid=3.69e-01
progress N=2 step 6050/241277 2.5% t=60.50000 eta_s=110990.0 E=-1.21739434 P=0.87421617 dP=-0.12544272 r12=8.04774299 Vg=0.00001248 norm=1.00000000 rank=32/256 sv_max=2.69e+02 resid=4.15e-01
progress N=2 step 6075/241277 2.5% t=60.75000 eta_s=110944.0 E=-1.21540308 P=0.87399798 dP=-0.12566091 r12=8.04840838 Vg=0.00001190 norm=1.00000000 rank=32/256 sv_max=2.76e+02 resid=4.76e-01
progress N=2 step 6100/241277 2.5% t=61.00000 eta_s=110898.3 E=-1.21342249 P=0.87378724 dP=-0.12587165 r12=8.04914932 Vg=0.00001104 norm=1.00000000 rank=32/256 sv_max=2.85e+02 resid=4.94e-01
progress N=2 step 6125/241277 2.5% t=61.25000 eta_s=110852.2 E=-1.21145279 P=0.87357771 dP=-0.12608118 r12=8.04984553 Vg=0.00001031 norm=1.00000000 rank=32/256 sv_max=2.86e+02 resid=4.54e-01
progress N=2 step 6150/241277 2.5% t=61.50000 eta_s=110806.6 E=-1.20949318 P=0.87335976 dP=-0.12629913 r12=8.05034147 Vg=0.00000985 norm=1.00000000 rank=32/256 sv_max=2.84e+02 resid=3.93e-01
progress N=2 step 6175/241277 2.6% t=61.75000 eta_s=110763.8 E=-1.20754363 P=0.87312252 dP=-0.12653637 r12=8.05050522 Vg=0.00000960 norm=1.00000000 rank=32/256 sv_max=2.83e+02 resid=3.36e-01
progress N=2 step 6200/241277 2.6% t=62.00000 eta_s=110735.5 E=-1.20560352 P=0.87285445 dP=-0.12680444 r12=8.05018029 Vg=0.00000948 norm=1.00000000 rank=32/256 sv_max=2.82e+02 resid=3.06e-01
progress N=2 step 6225/241277 2.6% t=62.25000 eta_s=110703.7 E=-1.20367290 P=0.87255162 dP=-0.12710727 r12=8.04927173 Vg=0.00000941 norm=1.00000000 rank=32/256 sv_max=2.83e+02 resid=2.94e-01
progress N=2 step 6250/241277 2.6% t=62.50000 eta_s=110672.7 E=-1.20175230 P=0.87221875 dP=-0.12744014 r12=8.04783172 Vg=0.00000915 norm=1.00000000 rank=32/256 sv_max=2.86e+02 resid=2.88e-01
progress N=2 step 6275/241277 2.6% t=62.75000 eta_s=110652.1 E=-1.19984147 P=0.87186118 dP=-0.12779772 r12=8.04593076 Vg=0.00000859 norm=1.00000000 rank=32/256 sv_max=2.89e+02 resid=2.84e-01
progress N=2 step 6300/241277 2.6% t=63.00000 eta_s=110632.0 E=-1.19794194 P=0.87148444 dP=-0.12817445 r12=8.04358461 Vg=0.00000784 norm=1.00000000 rank=32/256 sv_max=2.92e+02 resid=2.75e-01
progress N=2 step 6325/241277 2.6% t=63.25000 eta_s=110611.2 E=-1.19605232 P=0.87109826 dP=-0.12856063 r12=8.04080617 Vg=0.00000721 norm=1.00000000 rank=32/256 sv_max=2.96e+02 resid=2.54e-01
progress N=2 step 6350/241277 2.6% t=63.50000 eta_s=110590.5 E=-1.19417460 P=0.87070806 dP=-0.12895083 r12=8.03757976 Vg=0.00000685 norm=1.00000000 rank=32/256 sv_max=2.96e+02 resid=2.35e-01
progress N=2 step 6375/241277 2.6% t=63.75000 eta_s=110570.1 E=-1.19230650 P=0.87031561 dP=-0.12934328 r12=8.03388080 Vg=0.00000659 norm=1.00000000 rank=32/256 sv_max=2.97e+02 resid=2.25e-01
progress N=2 step 6400/241277 2.7% t=64.00000 eta_s=110550.3 E=-1.19044876 P=0.86992871 dP=-0.12973019 r12=8.02979392 Vg=0.00000622 norm=1.00000000 rank=32/256 sv_max=2.99e+02 resid=2.21e-01
progress N=2 step 6425/241277 2.7% t=64.25000 eta_s=110529.6 E=-1.18860068 P=0.86955384 dP=-0.13010505 r12=8.02549773 Vg=0.00000577 norm=1.00000000 rank=32/256 sv_max=2.97e+02 resid=2.27e-01
progress N=2 step 6450/241277 2.7% t=64.50000 eta_s=110508.8 E=-1.18676143 P=0.86919562 dP=-0.13046327 r12=8.02123732 Vg=0.00000526 norm=1.00000000 rank=32/256 sv_max=2.96e+02 resid=2.41e-01
progress N=2 step 6475/241277 2.7% t=64.75000 eta_s=110489.1 E=-1.18493234 P=0.86886239 dP=-0.13079650 r12=8.01732106 Vg=0.00000460 norm=1.00000000 rank=32/256 sv_max=3.00e+02 resid=2.56e-01
progress N=2 step 6500/241277 2.7% t=65.00000 eta_s=110468.6 E=-1.18311158 P=0.86856299 dP=-0.13109590 r12=8.01404028 Vg=0.00000396 norm=1.00000000 rank=32/256 sv_max=3.03e+02 resid=2.76e-01
progress N=2 step 6525/241277 2.7% t=65.25000 eta_s=110449.2 E=-1.18130004 P=0.86829872 dP=-0.13136018 r12=8.01159858 Vg=0.00000363 norm=1.00000000 rank=32/256 sv_max=3.03e+02 resid=3.04e-01
progress N=2 step 6550/241277 2.7% t=65.50000 eta_s=110430.0 E=-1.17949772 P=0.86806409 dP=-0.13159480 r12=8.01011213 Vg=0.00000363 norm=1.00000000 rank=32/256 sv_max=3.03e+02 resid=3.33e-01
progress N=2 step 6575/241277 2.7% t=65.75000 eta_s=110410.6 E=-1.17770365 P=0.86784754 dP=-0.13181135 r12=8.00958023 Vg=0.00000367 norm=1.00000000 rank=32/256 sv_max=3.05e+02 resid=3.55e-01
progress N=2 step 6600/241277 2.7% t=66.00000 eta_s=110390.6 E=-1.17591911 P=0.86763388 dP=-0.13202501 r12=8.00989478 Vg=0.00000350 norm=1.00000000 rank=32/256 sv_max=3.06e+02 resid=3.69e-01
progress N=2 step 6625/241277 2.7% t=66.25000 eta_s=110370.8 E=-1.17414316 P=0.86740856 dP=-0.13225033 r12=8.01092444 Vg=0.00000312 norm=1.00000000 rank=32/256 sv_max=3.07e+02 resid=3.77e-01
progress N=2 step 6650/241277 2.8% t=66.50000 eta_s=110352.9 E=-1.17237540 P=0.86715741 dP=-0.13250148 r12=8.01251401 Vg=0.00000262 norm=1.00000000 rank=32/256 sv_max=3.10e+02 resid=3.83e-01
progress N=2 step 6675/241277 2.8% t=66.75000 eta_s=110333.9 E=-1.17061727 P=0.86686801 dP=-0.13279088 r12=8.01444654 Vg=0.00000209 norm=1.00000000 rank=32/256 sv_max=3.15e+02 resid=3.83e-01
progress N=2 step 6700/241277 2.8% t=67.00000 eta_s=110327.2 E=-1.16886759 P=0.86653473 dP=-0.13312416 r12=8.01650295 Vg=0.00000163 norm=1.00000000 rank=32/256 sv_max=3.17e+02 resid=3.66e-01
progress N=2 step 6725/241277 2.8% t=67.25000 eta_s=110323.6 E=-1.16712617 P=0.86615787 dP=-0.13350102 r12=8.01849484 Vg=0.00000144 norm=1.00000000 rank=32/256 sv_max=3.16e+02 resid=3.38e-01
progress N=2 step 6750/241277 2.8% t=67.50000 eta_s=110313.1 E=-1.16539432 P=0.86574003 dP=-0.13391886 r12=8.02022791 Vg=0.00000160 norm=1.00000000 rank=32/256 sv_max=3.15e+02 resid=3.06e-01
progress N=2 step 6775/241277 2.8% t=67.75000 eta_s=110315.1 E=-1.16367097 P=0.86529002 dP=-0.13436887 r12=8.02152961 Vg=0.00000192 norm=1.00000000 rank=32/256 sv_max=3.16e+02 resid=2.77e-01
progress N=2 step 6800/241277 2.8% t=68.00000 eta_s=110316.5 E=-1.16195572 P=0.86482339 dP=-0.13483551 r12=8.02233373 Vg=0.00000216 norm=1.00000000 rank=32/256 sv_max=3.17e+02 resid=2.62e-01
progress N=2 step 6825/241277 2.8% t=68.25000 eta_s=110318.7 E=-1.16024940 P=0.86435345 dP=-0.13530545 r12=8.02268872 Vg=0.00000228 norm=1.00000000 rank=32/256 sv_max=3.17e+02 resid=2.58e-01
progress N=2 step 6850/241277 2.8% t=68.50000 eta_s=110321.5 E=-1.15855213 P=0.86388414 dP=-0.13577475 r12=8.02269326 Vg=0.00000228 norm=1.00000000 rank=32/256 sv_max=3.21e+02 resid=2.57e-01
progress N=2 step 6875/241277 2.8% t=68.75000 eta_s=110323.1 E=-1.15686350 P=0.86341268 dP=-0.13624621 r12=8.02242889 Vg=0.00000221 norm=1.00000000 rank=32/256 sv_max=3.26e+02 resid=2.58e-01
progress N=2 step 6900/241277 2.9% t=69.00000 eta_s=110322.6 E=-1.15518372 P=0.86293791 dP=-0.13672099 r12=8.02195346 Vg=0.00000213 norm=1.00000000 rank=32/256 sv_max=3.28e+02 resid=2.67e-01
progress N=2 step 6925/241277 2.9% t=69.25000 eta_s=110289.7 E=-1.15351407 P=0.86246453 dP=-0.13719436 r12=8.02133326 Vg=0.00000213 norm=1.00000000 rank=32/256 sv_max=3.28e+02 resid=2.80e-01
progress N=2 step 6950/241277 2.9% t=69.50000 eta_s=110240.9 E=-1.15185304 P=0.86199845 dP=-0.13766044 r12=8.02062264 Vg=0.00000229 norm=1.00000000 rank=32/256 sv_max=3.32e+02 resid=2.86e-01
progress N=2 step 6975/241277 2.9% t=69.75000 eta_s=110192.0 E=-1.15020022 P=0.86154581 dP=-0.13811308 r12=8.01983576 Vg=0.00000265 norm=1.00000000 rank=32/256 sv_max=3.35e+02 resid=2.85e-01
progress N=2 step 7000/241277 2.9% t=70.00000 eta_s=110144.3 E=-1.14855541 P=0.86112037 dP=-0.13853852 r12=8.01903080 Vg=0.00000317 norm=1.00000000 rank=32/256 sv_max=3.34e+02 resid=2.85e-01
progress N=2 step 7025/241277 2.9% t=70.25000 eta_s=110115.6 E=-1.14691889 P=0.86074102 dP=-0.13891787 r12=8.01837826 Vg=0.00000374 norm=1.00000000 rank=32/256 sv_max=3.33e+02 resid=2.88e-01
progress N=2 step 7050/241277 2.9% t=70.50000 eta_s=110091.7 E=-1.14528947 P=0.86041438 dP=-0.13924451 r12=8.01805209 Vg=0.00000437 norm=1.00000000 rank=32/256 sv_max=3.36e+02 resid=2.94e-01
progress N=2 step 7075/241277 2.9% t=70.75000 eta_s=110057.3 E=-1.14366716 P=0.86013128 dP=-0.13952762 r12=8.01811633 Vg=0.00000505 norm=1.00000000 rank=32/256 sv_max=3.42e+02 resid=3.11e-01
progress N=2 step 7100/241277 2.9% t=71.00000 eta_s=110036.9 E=-1.14205202 P=0.85987951 dP=-0.13977938 r12=8.01857280 Vg=0.00000563 norm=1.00000000 rank=32/256 sv_max=3.44e+02 resid=3.45e-01
progress N=2 step 7125/241277 3.0% t=71.25000 eta_s=110037.1 E=-1.14044494 P=0.85964708 dP=-0.14001181 r12=8.01938566 Vg=0.00000601 norm=1.00000000 rank=32/256 sv_max=3.43e+02 resid=4.01e-01
progress N=2 step 7150/241277 3.0% t=71.50000 eta_s=110036.1 E=-1.13884489 P=0.85942277 dP=-0.14023612 r12=8.02045323 Vg=0.00000626 norm=1.00000000 rank=32/256 sv_max=3.40e+02 resid=4.75e-01
progress N=2 step 7175/241277 3.0% t=71.75000 eta_s=110035.4 E=-1.13725166 P=0.85920278 dP=-0.14045611 r12=8.02164583 Vg=0.00000658 norm=1.00000000 rank=32/256 sv_max=3.41e+02 resid=5.35e-01
progress N=2 step 7200/241277 3.0% t=72.00000 eta_s=110035.3 E=-1.13566485 P=0.85899368 dP=-0.14066521 r12=8.02287019 Vg=0.00000707 norm=1.00000000 rank=32/256 sv_max=3.41e+02 resid=5.56e-01
progress N=2 step 7225/241277 3.0% t=72.25000 eta_s=110034.7 E=-1.13408433 P=0.85880720 dP=-0.14085169 r12=8.02409378 Vg=0.00000767 norm=1.00000000 rank=32/256 sv_max=3.41e+02 resid=5.59e-01
progress N=2 step 7250/241277 3.0% t=72.50000 eta_s=110034.5 E=-1.13250984 P=0.85865033 dP=-0.14100856 r12=8.02530895 Vg=0.00000831 norm=1.00000000 rank=32/256 sv_max=3.44e+02 resid=5.54e-01
progress N=2 step 7275/241277 3.0% t=72.75000 eta_s=110033.7 E=-1.13094062 P=0.85852187 dP=-0.14113702 r12=8.02646449 Vg=0.00000904 norm=1.00000000 rank=32/256 sv_max=3.47e+02 resid=5.29e-01
progress N=2 step 7300/241277 3.0% t=73.00000 eta_s=110032.5 E=-1.12937670 P=0.85841585 dP=-0.14124305 r12=8.02743886 Vg=0.00000980 norm=1.00000000 rank=32/256 sv_max=3.46e+02 resid=4.81e-01
progress N=2 step 7325/241277 3.0% t=73.25000 eta_s=110031.3 E=-1.12781825 P=0.85832495 dP=-0.14133394 r12=8.02806633 Vg=0.00001042 norm=1.00000000 rank=32/256 sv_max=3.45e+02 resid=4.11e-01
progress N=2 step 7350/241277 3.0% t=73.50000 eta_s=110030.7 E=-1.12626565 P=0.85823893 dP=-0.14141996 r12=8.02814813 Vg=0.00001085 norm=1.00000000 rank=32/256 sv_max=3.48e+02 resid=3.47e-01
progress N=2 step 7375/241277 3.1% t=73.75000 eta_s=110030.6 E=-1.12471966 P=0.85814520 dP=-0.14151369 r12=8.02749265 Vg=0.00001131 norm=1.00000000 rank=32/256 sv_max=3.49e+02 resid=3.11e-01
progress N=2 step 7400/241277 3.1% t=74.00000 eta_s=110030.5 E=-1.12317969 P=0.85803455 dP=-0.14162434 r12=8.02604112 Vg=0.00001186 norm=1.00000000 rank=32/256 sv_max=3.48e+02 resid=2.99e-01
progress N=2 step 7425/241277 3.1% t=74.25000 eta_s=110030.3 E=-1.12164585 P=0.85789868 dP=-0.14176022 r12=8.02387759 Vg=0.00001228 norm=1.00000000 rank=32/256 sv_max=3.48e+02 resid=2.95e-01
progress N=2 step 7450/241277 3.1% t=74.50000 eta_s=110029.9 E=-1.12011812 P=0.85772617 dP=-0.14193272 r12=8.02113029 Vg=0.00001247 norm=1.00000000 rank=32/256 sv_max=3.49e+02 resid=2.99e-01
progress N=2 step 7475/241277 3.1% t=74.75000 eta_s=110029.3 E=-1.11859639 P=0.85750804 dP=-0.14215085 r12=8.01793425 Vg=0.00001264 norm=1.00000000 rank=32/256 sv_max=3.52e+02 resid=3.12e-01
progress N=2 step 7500/241277 3.1% t=75.00000 eta_s=110029.2 E=-1.11708055 P=0.85724486 dP=-0.14241403 r12=8.01446519 Vg=0.00001303 norm=1.00000000 rank=32/256 sv_max=3.54e+02 resid=3.28e-01
progress N=2 step 7525/241277 3.1% t=75.25000 eta_s=110029.0 E=-1.11557110 P=0.85694327 dP=-0.14271562 r12=8.01091679 Vg=0.00001358 norm=1.00000000 rank=32/256 sv_max=3.53e+02 resid=3.36e-01
progress N=2 step 7550/241277 3.1% t=75.50000 eta_s=110012.1 E=-1.11406719 P=0.85661156 dP=-0.14304733 r12=8.00747287 Vg=0.00001408 norm=1.00000000 rank=32/256 sv_max=3.55e+02 resid=3.34e-01
progress N=2 step 7575/241277 3.1% t=75.75000 eta_s=109990.8 E=-1.11256873 P=0.85625949 dP=-0.14339940 r12=8.00431961 Vg=0.00001455 norm=1.00000000 rank=32/256 sv_max=3.57e+02 resid=3.32e-01
progress N=2 step 7600/241277 3.1% t=76.00000 eta_s=109969.5 E=-1.11107584 P=0.85589820 dP=-0.14376069 r12=8.00164137 Vg=0.00001503 norm=1.00000000 rank=32/256 sv_max=3.56e+02 resid=3.44e-01
progress N=2 step 7625/241277 3.2% t=76.25000 eta_s=109949.2 E=-1.10958887 P=0.85553709 dP=-0.14412180 r12=7.99957403 Vg=0.00001528 norm=1.00000000 rank=32/256 sv_max=3.55e+02 resid=3.70e-01
progress N=2 step 7650/241277 3.2% t=76.50000 eta_s=109920.4 E=-1.10810826 P=0.85518102 dP=-0.14447787 r12=7.99817072 Vg=0.00001512 norm=1.00000000 rank=32/256 sv_max=3.58e+02 resid=4.10e-01
progress N=2 step 7675/241277 3.2% t=76.75000 eta_s=109889.8 E=-1.10663435 P=0.85483059 dP=-0.14482830 r12=7.99741949 Vg=0.00001477 norm=1.00000000 rank=32/256 sv_max=3.59e+02 resid=4.58e-01
progress N=2 step 7700/241277 3.2% t=77.00000 eta_s=109834.4 E=-1.10516742 P=0.85448450 dP=-0.14517439 r12=7.99726447 Vg=0.00001461 norm=1.00000000 rank=32/256 sv_max=3.59e+02 resid=4.68e-01
progress N=2 step 7725/241277 3.2% t=77.25000 eta_s=109809.9 E=-1.10370759 P=0.85413772 dP=-0.14552117 r12=7.99758268 Vg=0.00001468 norm=1.00000000 rank=32/256 sv_max=3.60e+02 resid=4.21e-01
progress N=2 step 7750/241277 3.2% t=77.50000 eta_s=109784.2 E=-1.10225412 P=0.85378362 dP=-0.14587527 r12=7.99820128 Vg=0.00001478 norm=1.00000000 rank=32/256 sv_max=3.61e+02 resid=3.74e-01
progress N=2 step 7775/241277 3.2% t=77.75000 eta_s=109752.1 E=-1.10080661 P=0.85341781 dP=-0.14624108 r12=7.99897333 Vg=0.00001485 norm=1.00000000 rank=32/256 sv_max=3.63e+02 resid=3.53e-01
progress N=2 step 7800/241277 3.2% t=78.00000 eta_s=109726.3 E=-1.09936476 P=0.85303780 dP=-0.14662109 r12=7.99980886 Vg=0.00001484 norm=1.00000000 rank=32/256 sv_max=3.67e+02 resid=3.47e-01
progress N=2 step 7825/241277 3.2% t=78.25000 eta_s=109680.5 E=-1.09792840 P=0.85263846 dP=-0.14702043 r12=8.00062599 Vg=0.00001461 norm=1.00000000 rank=32/256 sv_max=3.72e+02 resid=3.39e-01
progress N=2 step 7850/241277 3.3% t=78.50000 eta_s=109647.7 E=-1.09649769 P=0.85221411 dP=-0.14744478 r12=8.00132832 Vg=0.00001405 norm=1.00000000 rank=32/256 sv_max=3.76e+02 resid=3.20e-01
progress N=2 step 7875/241277 3.3% t=78.75000 eta_s=109633.6 E=-1.09507300 P=0.85176906 dP=-0.14788983 r12=8.00181411 Vg=0.00001341 norm=1.00000000 rank=32/256 sv_max=3.76e+02 resid=2.89e-01
progress N=2 step 7900/241277 3.3% t=79.00000 eta_s=109628.6 E=-1.09365470 P=0.85131193 dP=-0.14834696 r12=8.00195579 Vg=0.00001306 norm=1.00000000 rank=32/256 sv_max=3.74e+02 resid=2.52e-01
progress N=2 step 7925/241277 3.3% t=79.25000 eta_s=109615.9 E=-1.09224300 P=0.85084075 dP=-0.14881814 r12=8.00162661 Vg=0.00001312 norm=1.00000000 rank=32/256 sv_max=3.75e+02 resid=2.18e-01
progress N=2 step 7950/241277 3.3% t=79.50000 eta_s=109613.0 E=-1.09083789 P=0.85034522 dP=-0.14931367 r12=8.00074469 Vg=0.00001328 norm=1.00000000 rank=32/256 sv_max=3.79e+02 resid=1.98e-01
progress N=2 step 7975/241277 3.3% t=79.75000 eta_s=109611.5 E=-1.08943923 P=0.84981978 dP=-0.14983911 r12=7.99932079 Vg=0.00001306 norm=1.00000000 rank=32/256 sv_max=3.81e+02 resid=1.91e-01
progress N=2 step 8000/241277 3.3% t=80.00000 eta_s=109610.4 E=-1.08804722 P=0.84926173 dP=-0.15039716 r12=7.99748636 Vg=0.00001231 norm=1.00000000 rank=32/256 sv_max=3.83e+02 resid=1.94e-01
progress N=2 step 8025/241277 3.3% t=80.25000 eta_s=109609.3 E=-1.08666159 P=0.84866921 dP=-0.15098968 r12=7.99540889 Vg=0.00001122 norm=1.00000000 rank=32/256 sv_max=3.87e+02 resid=1.99e-01
progress N=2 step 8050/241277 3.3% t=80.50000 eta_s=109608.0 E=-1.08528244 P=0.84804187 dP=-0.15161702 r12=7.99320641 Vg=0.00001009 norm=1.00000000 rank=32/256 sv_max=3.95e+02 resid=2.07e-01
progress N=2 step 8075/241277 3.3% t=80.75000 eta_s=109606.7 E=-1.08390988 P=0.84738556 dP=-0.15227333 r12=7.99100325 Vg=0.00000926 norm=1.00000000 rank=32/256 sv_max=4.00e+02 resid=2.16e-01
progress N=2 step 8100/241277 3.4% t=81.00000 eta_s=109605.8 E=-1.08254407 P=0.84671161 dP=-0.15294728 r12=7.98893563 Vg=0.00000894 norm=1.00000000 rank=32/256 sv_max=4.03e+02 resid=2.23e-01
progress N=2 step 8125/241277 3.4% t=81.25000 eta_s=109604.8 E=-1.08118516 P=0.84602303 dP=-0.15363586 r12=7.98708130 Vg=0.00000913 norm=1.00000000 rank=32/256 sv_max=4.05e+02 resid=2.24e-01
progress N=2 step 8150/241277 3.4% t=81.50000 eta_s=109603.5 E=-1.07983327 P=0.84531606 dP=-0.15434283 r12=7.98544320 Vg=0.00000948 norm=1.00000000 rank=32/256 sv_max=4.06e+02 resid=2.24e-01
progress N=2 step 8175/241277 3.4% t=81.75000 eta_s=109601.8 E=-1.07848841 P=0.84459853 dP=-0.15506037 r12=7.98399570 Vg=0.00000939 norm=1.00000000 rank=32/256 sv_max=4.07e+02 resid=2.27e-01
progress N=2 step 8200/241277 3.4% t=82.00000 eta_s=109599.5 E=-1.07715045 P=0.84388614 dP=-0.15577276 r12=7.98278136 Vg=0.00000858 norm=1.00000000 rank=32/256 sv_max=4.09e+02 resid=2.30e-01
progress N=2 step 8225/241277 3.4% t=82.25000 eta_s=109598.7 E=-1.07581910 P=0.84318797 dP=-0.15647092 r12=7.98181505 Vg=0.00000725 norm=1.00000000 rank=32/256 sv_max=4.14e+02 resid=2.36e-01
progress N=2 step 8250/241277 3.4% t=82.50000 eta_s=109597.7 E=-1.07449409 P=0.84250407 dP=-0.15715482 r12=7.98104759 Vg=0.00000590 norm=1.00000000 rank=32/256 sv_max=4.17e+02 resid=2.51e-01
progress N=2 step 8275/241277 3.4% t=82.75000 eta_s=109594.3 E=-1.07317520 P=0.84183755 dP=-0.15782134 r12=7.98045778 Vg=0.00000490 norm=1.00000000 rank=32/256 sv_max=4.16e+02 resid=2.77e-01
progress N=2 step 8300/241277 3.4% t=83.00000 eta_s=109585.1 E=-1.07186221 P=0.84120045 dP=-0.15845844 r12=7.98004126 Vg=0.00000439 norm=1.00000000 rank=32/256 sv_max=4.15e+02 resid=3.10e-01
progress N=2 step 8325/241277 3.5% t=83.25000 eta_s=109573.6 E=-1.07055489 P=0.84060459 dP=-0.15905430 r12=7.97981106 Vg=0.00000421 norm=1.00000000 rank=32/256 sv_max=4.19e+02 resid=3.37e-01
progress N=2 step 8350/241277 3.5% t=83.50000 eta_s=109563.0 E=-1.06925297 P=0.84005189 dP=-0.15960700 r12=7.97963208 Vg=0.00000434 norm=1.00000000 rank=32/256 sv_max=4.26e+02 resid=3.52e-01
progress N=2 step 8375/241277 3.5% t=83.75000 eta_s=109551.9 E=-1.06795614 P=0.83955787 dP=-0.16010102 r12=7.97941754 Vg=0.00000449 norm=1.00000000 rank=32/256 sv_max=4.31e+02 resid=3.60e-01
progress N=2 step 8400/241277 3.5% t=84.00000 eta_s=109540.4 E=-1.06666411 P=0.83914289 dP=-0.16051600 r12=7.97915994 Vg=0.00000427 norm=1.00000000 rank=32/256 sv_max=4.33e+02 resid=3.62e-01
