job_id=606447
array_job_id=606446
array_task_id=0
job_name=vs3n2rc5
partition=epyc
node_list=gyro
excluded_nodes=bar
workdir=/home/gyqyan/zexuan/ecg1d_code/1D_thouless_pumping
cpus_per_task=32
mem_per_node=16384
binary=./build/ecg1d_vs3_n2_dt001_fine20_rcond
rcond_case=rcond1em5
rcond=1e-5
case_label=free
mode=free
sigma=
planning_estimate=fine20 local dt, rcond=1e-5, free+sigma1 only, estimated 241279 steps; requested walltime 96 h
start_time=2026-07-09T23:54:42+08:00
config=legacy_prb_3_3_n2_pathpad_K32_dt0p01_fine20_rcond1em5_free lambda_C=1.00e-08 rcond=1.00e-05 | TDVP param dimension=160
progress N=2 step 0/241277 0.0% t=0.00000 eta_s=nan E=-2.15315103 P=0.99965889 dP=0.00000000 r12=8.04559382 Vg=0.00000000 norm=1.00000000 rank=-1/160 sv_max=nan resid=nan
initial t=0.00000 tau=0.00000 E=-2.1531510263 <X>/a=0.9996588910 norm=1.0000000000 V_gauss=0.0000000000
progress N=2 step 250/241277 0.1% t=2.50000 eta_s=96248.1 E=-2.14296635 P=0.98899433 dP=-0.01066456 r12=8.04539356 Vg=0.00000000 norm=1.00000000 rank=47/160 sv_max=8.72e+00 resid=1.96e-03
progress N=2 step 500/241277 0.2% t=5.00000 eta_s=95338.4 E=-2.11780300 P=0.98046359 dP=-0.01919530 r12=8.04580021 Vg=0.00000000 norm=1.00000000 rank=48/160 sv_max=8.65e+00 resid=5.40e-03
progress N=2 step 750/241277 0.3% t=7.50000 eta_s=95001.1 E=-2.07655961 P=0.96838148 dP=-0.03127741 r12=8.04633987 Vg=0.00000000 norm=1.00000000 rank=45/160 sv_max=8.61e+00 resid=1.67e-03
progress N=2 step 1000/241277 0.4% t=10.00000 eta_s=94794.7 E=-2.02673073 P=0.96238455 dP=-0.03727434 r12=8.04632428 Vg=0.00000000 norm=1.00000000 rank=41/160 sv_max=8.56e+00 resid=4.61e-03
progress N=2 step 1250/241277 0.5% t=12.50000 eta_s=94557.1 E=-1.96911712 P=0.95114042 dP=-0.04851847 r12=8.04798356 Vg=0.00000000 norm=1.00000000 rank=43/160 sv_max=8.55e+00 resid=2.62e-03
progress N=2 step 1500/241277 0.6% t=15.00000 eta_s=94461.5 E=-1.90996223 P=0.94669537 dP=-0.05296352 r12=8.04750042 Vg=0.00000000 norm=1.00000000 rank=42/160 sv_max=8.52e+00 resid=4.76e-03
progress N=2 step 1750/241277 0.7% t=17.50000 eta_s=94362.2 E=-1.84919811 P=0.93761073 dP=-0.06204817 r12=8.05038712 Vg=0.00000000 norm=1.00000000 rank=44/160 sv_max=8.53e+00 resid=2.79e-03
progress N=2 step 2000/241277 0.8% t=20.00000 eta_s=94282.3 E=-1.79109586 P=0.93262106 dP=-0.06703783 r12=8.04964351 Vg=0.00000000 norm=1.00000000 rank=47/160 sv_max=8.57e+00 resid=5.29e-03
progress N=2 step 2250/241277 0.9% t=22.50000 eta_s=94191.8 E=-1.73451211 P=0.92763126 dP=-0.07202763 r12=8.05099567 Vg=0.00000000 norm=1.00000000 rank=43/160 sv_max=8.56e+00 resid=2.81e-03
progress N=2 step 2500/241277 1.0% t=25.00000 eta_s=94086.8 E=-1.68166526 P=0.92025058 dP=-0.07940831 r12=8.05434597 Vg=0.00000000 norm=1.00000000 rank=49/160 sv_max=8.49e+00 resid=4.00e-03
progress N=2 step 2750/241277 1.1% t=27.50000 eta_s=93994.0 E=-1.63206530 P=0.91782967 dP=-0.08182922 r12=8.04917744 Vg=0.00000000 norm=1.00000000 rank=47/160 sv_max=8.40e+00 resid=4.66e-03
