job_id=606185
array_job_id=606184
array_task_id=0
job_name=vs3n2fu1
partition=epyc
node_list=gyro
excluded_nodes=bar
workdir=/home/gyqyan/zexuan/ecg1d_code/1D_thouless_pumping
cpus_per_task=32
mem_per_node=16384
binary=./build/ecg1d_vs3_n2_dt0005_full
case_label=free
mode=free
sigma=
planning_estimate=full-cycle dt/20 fixed dt=0.0005, estimated 1005310 steps; 32-core estimate free ~27.9 h, gauss ~64.2 h; requested walltime 96 h
start_time=2026-07-09T20:54:39+08:00
config=legacy_prb_3_3_n2_pathpad_K32_dt0p0005_free lambda_C=1.00e-08 rcond=1.00e-04 | TDVP param dimension=160
progress N=2 step 0/1005310 0.0% t=0.00000 eta_s=nan E=-2.15315103 P=0.99965889 dP=0.00000000 r12=8.04559382 Vg=0.00000000 norm=1.00000000 rank=-1/160 sv_max=nan resid=nan
initial t=0.00000 tau=0.00000 E=-2.1531510263 <X>/a=0.9996588910 norm=1.0000000000 V_gauss=0.0000000000
progress N=2 step 250/1005310 0.0% t=0.12500 eta_s=398763.4 E=-2.15312751 P=0.99965764 dP=-0.00000126 r12=8.04559340 Vg=0.00000000 norm=1.00000000 rank=37/160 sv_max=8.73e+00 resid=4.33e-02
progress N=2 step 500/1005310 0.0% t=0.25000 eta_s=399961.8 E=-2.15304188 P=0.99964626 dP=-0.00001264 r12=8.04558506 Vg=0.00000000 norm=1.00000000 rank=39/160 sv_max=8.73e+00 resid=4.49e-02
progress N=2 step 750/1005310 0.1% t=0.37500 eta_s=400211.1 E=-2.15289481 P=0.99961374 dP=-0.00004515 r12=8.04556077 Vg=0.00000000 norm=1.00000000 rank=38/160 sv_max=8.73e+00 resid=4.38e-02
progress N=2 step 1000/1005310 0.1% t=0.50000 eta_s=399107.8 E=-2.15268738 P=0.99954374 dP=-0.00011516 r12=8.04553710 Vg=0.00000000 norm=1.00000000 rank=36/160 sv_max=8.73e+00 resid=3.85e-02
progress N=2 step 1250/1005310 0.1% t=0.62500 eta_s=397263.7 E=-2.15242101 P=0.99942369 dP=-0.00023520 r12=8.04550015 Vg=0.00000000 norm=1.00000000 rank=35/160 sv_max=8.73e+00 resid=3.14e-02
progress N=2 step 1500/1005310 0.1% t=0.75000 eta_s=395801.2 E=-2.15209754 P=0.99923914 dP=-0.00041975 r12=8.04543999 Vg=0.00000000 norm=1.00000000 rank=36/160 sv_max=8.73e+00 resid=2.65e-02
progress N=2 step 1750/1005310 0.2% t=0.87500 eta_s=394450.1 E=-2.15171935 P=0.99898546 dP=-0.00067344 r12=8.04541167 Vg=0.00000000 norm=1.00000000 rank=36/160 sv_max=8.73e+00 resid=2.37e-02
progress N=2 step 2000/1005310 0.2% t=1.00000 eta_s=393330.6 E=-2.15128880 P=0.99865690 dP=-0.00100199 r12=8.04540005 Vg=0.00000000 norm=1.00000000 rank=36/160 sv_max=8.73e+00 resid=2.33e-02
progress N=2 step 2250/1005310 0.2% t=1.12500 eta_s=392685.9 E=-2.15080827 P=0.99824571 dP=-0.00141319 r12=8.04536511 Vg=0.00000000 norm=1.00000000 rank=36/160 sv_max=8.73e+00 resid=2.09e-02
progress N=2 step 2500/1005310 0.2% t=1.25000 eta_s=392706.7 E=-2.15028046 P=0.99774600 dP=-0.00191289 r12=8.04532004 Vg=0.00000000 norm=1.00000000 rank=36/160 sv_max=8.73e+00 resid=1.84e-02
progress N=2 step 2750/1005310 0.3% t=1.37500 eta_s=392660.8 E=-2.14970830 P=0.99716343 dP=-0.00249546 r12=8.04527562 Vg=0.00000000 norm=1.00000000 rank=35/160 sv_max=8.73e+00 resid=1.67e-02
progress N=2 step 3000/1005310 0.3% t=1.50000 eta_s=392528.3 E=-2.14909457 P=0.99649929 dP=-0.00315960 r12=8.04524248 Vg=0.00000000 norm=1.00000000 rank=35/160 sv_max=8.73e+00 resid=1.73e-02
progress N=2 step 3250/1005310 0.3% t=1.62500 eta_s=392362.0 E=-2.14844192 P=0.99575384 dP=-0.00390505 r12=8.04526426 Vg=0.00000000 norm=1.00000000 rank=35/160 sv_max=8.73e+00 resid=1.80e-02
progress N=2 step 3500/1005310 0.3% t=1.75000 eta_s=391744.4 E=-2.14775285 P=0.99493108 dP=-0.00472781 r12=8.04529625 Vg=0.00000000 norm=1.00000000 rank=35/160 sv_max=8.73e+00 resid=1.78e-02
progress N=2 step 3750/1005310 0.4% t=1.87500 eta_s=391118.9 E=-2.14702973 P=0.99404876 dP=-0.00561013 r12=8.04530789 Vg=0.00000000 norm=1.00000000 rank=35/160 sv_max=8.73e+00 resid=1.64e-02
progress N=2 step 4000/1005310 0.4% t=2.00000 eta_s=390491.3 E=-2.14627450 P=0.99312059 dP=-0.00653830 r12=8.04531919 Vg=0.00000000 norm=1.00000000 rank=35/160 sv_max=8.73e+00 resid=1.57e-02
progress N=2 step 4250/1005310 0.4% t=2.12500 eta_s=389936.4 E=-2.14548863 P=0.99215170 dP=-0.00750719 r12=8.04536003 Vg=0.00000000 norm=1.00000000 rank=35/160 sv_max=8.73e+00 resid=1.58e-02
progress N=2 step 4500/1005310 0.4% t=2.25000 eta_s=389369.9 E=-2.14467348 P=0.99114570 dP=-0.00851319 r12=8.04543951 Vg=0.00000000 norm=1.00000000 rank=35/160 sv_max=8.73e+00 resid=1.64e-02
progress N=2 step 4750/1005310 0.5% t=2.37500 eta_s=388911.0 E=-2.14383023 P=0.99012393 dP=-0.00953496 r12=8.04554913 Vg=0.00000000 norm=1.00000000 rank=35/160 sv_max=8.73e+00 resid=1.53e-02
progress N=2 step 5000/1005310 0.5% t=2.50000 eta_s=388500.2 E=-2.14295907 P=0.98911231 dP=-0.01054658 r12=8.04562355 Vg=0.00000000 norm=1.00000000 rank=35/160 sv_max=8.73e+00 resid=1.57e-02
progress N=2 step 5250/1005310 0.5% t=2.62500 eta_s=388212.7 E=-2.14205955 P=0.98812008 dP=-0.01153881 r12=8.04562717 Vg=0.00000000 norm=1.00000000 rank=35/160 sv_max=8.73e+00 resid=1.63e-02
progress N=2 step 5500/1005310 0.5% t=2.75000 eta_s=388066.3 E=-2.14113106 P=0.98715250 dP=-0.01250639 r12=8.04559885 Vg=0.00000000 norm=1.00000000 rank=36/160 sv_max=8.73e+00 resid=1.65e-02
progress N=2 step 5750/1005310 0.6% t=2.87500 eta_s=387875.5 E=-2.14017303 P=0.98621840 dP=-0.01344049 r12=8.04563674 Vg=0.00000000 norm=1.00000000 rank=35/160 sv_max=8.73e+00 resid=1.84e-02
progress N=2 step 6000/1005310 0.6% t=3.00000 eta_s=387641.7 E=-2.13918450 P=0.98534477 dP=-0.01431412 r12=8.04566957 Vg=0.00000000 norm=1.00000000 rank=35/160 sv_max=8.73e+00 resid=1.96e-02
progress N=2 step 6250/1005310 0.6% t=3.12500 eta_s=387392.6 E=-2.13816357 P=0.98453876 dP=-0.01512013 r12=8.04566589 Vg=0.00000000 norm=1.00000000 rank=36/160 sv_max=8.73e+00 resid=1.28e-02
progress N=2 step 6500/1005310 0.6% t=3.25000 eta_s=387016.4 E=-2.13710835 P=0.98379489 dP=-0.01586400 r12=8.04560709 Vg=0.00000000 norm=1.00000000 rank=36/160 sv_max=8.73e+00 resid=1.09e-02
progress N=2 step 6750/1005310 0.7% t=3.37500 eta_s=386652.7 E=-2.13601723 P=0.98312702 dP=-0.01653187 r12=8.04560566 Vg=0.00000000 norm=1.00000000 rank=37/160 sv_max=8.73e+00 resid=1.35e-02
progress N=2 step 7000/1005310 0.7% t=3.50000 eta_s=386330.0 E=-2.13488839 P=0.98254229 dP=-0.01711660 r12=8.04557967 Vg=0.00000000 norm=1.00000000 rank=38/160 sv_max=8.73e+00 resid=1.10e-02
progress N=2 step 7250/1005310 0.7% t=3.62500 eta_s=386165.5 E=-2.13371964 P=0.98204516 dP=-0.01761373 r12=8.04559423 Vg=0.00000000 norm=1.00000000 rank=38/160 sv_max=8.73e+00 resid=1.37e-02
progress N=2 step 7500/1005310 0.7% t=3.75000 eta_s=386019.0 E=-2.13250859 P=0.98163531 dP=-0.01802358 r12=8.04560887 Vg=0.00000000 norm=1.00000000 rank=38/160 sv_max=8.73e+00 resid=1.56e-02
progress N=2 step 7750/1005310 0.8% t=3.87500 eta_s=385919.2 E=-2.13125319 P=0.98130325 dP=-0.01835564 r12=8.04568795 Vg=0.00000000 norm=1.00000000 rank=37/160 sv_max=8.73e+00 resid=3.46e-02
progress N=2 step 8000/1005310 0.8% t=4.00000 eta_s=385811.2 E=-2.12995162 P=0.98105135 dP=-0.01860755 r12=8.04574760 Vg=0.00000000 norm=1.00000000 rank=37/160 sv_max=8.73e+00 resid=3.17e-02
progress N=2 step 8250/1005310 0.8% t=4.12500 eta_s=385667.4 E=-2.12860183 P=0.98086812 dP=-0.01879077 r12=8.04579513 Vg=0.00000000 norm=1.00000000 rank=37/160 sv_max=8.73e+00 resid=2.64e-02
progress N=2 step 8500/1005310 0.8% t=4.25000 eta_s=385441.1 E=-2.12720254 P=0.98073961 dP=-0.01891929 r12=8.04586086 Vg=0.00000000 norm=1.00000000 rank=37/160 sv_max=8.73e+00 resid=2.32e-02
progress N=2 step 8750/1005310 0.9% t=4.37500 eta_s=385186.1 E=-2.12575287 P=0.98065490 dP=-0.01900399 r12=8.04593177 Vg=0.00000000 norm=1.00000000 rank=37/160 sv_max=8.73e+00 resid=2.36e-02
progress N=2 step 9000/1005310 0.9% t=4.50000 eta_s=384823.6 E=-2.12425234 P=0.98060644 dP=-0.01905245 r12=8.04596162 Vg=0.00000000 norm=1.00000000 rank=37/160 sv_max=8.73e+00 resid=2.52e-02
progress N=2 step 9250/1005310 0.9% t=4.62500 eta_s=384444.2 E=-2.12270058 P=0.98058231 dP=-0.01907658 r12=8.04593176 Vg=0.00000000 norm=1.00000000 rank=37/160 sv_max=8.73e+00 resid=2.84e-02
progress N=2 step 9500/1005310 0.9% t=4.75000 eta_s=384158.5 E=-2.12109782 P=0.98055303 dP=-0.01910586 r12=8.04589071 Vg=0.00000000 norm=1.00000000 rank=39/160 sv_max=8.73e+00 resid=1.76e-02
progress N=2 step 9750/1005310 1.0% t=4.87500 eta_s=383873.3 E=-2.11944552 P=0.98050841 dP=-0.01915048 r12=8.04592135 Vg=0.00000000 norm=1.00000000 rank=39/160 sv_max=8.72e+00 resid=1.41e-02
progress N=2 step 10000/1005310 1.0% t=5.00000 eta_s=383639.1 E=-2.11774503 P=0.98043982 dP=-0.01921907 r12=8.04594874 Vg=0.00000000 norm=1.00000000 rank=37/160 sv_max=8.72e+00 resid=1.75e-02
progress N=2 step 10250/1005310 1.0% t=5.12500 eta_s=383443.6 E=-2.11599783 P=0.98033718 dP=-0.01932171 r12=8.04594765 Vg=0.00000000 norm=1.00000000 rank=36/160 sv_max=8.72e+00 resid=9.76e-03
progress N=2 step 10500/1005310 1.0% t=5.25000 eta_s=383213.0 E=-2.11420580 P=0.98019575 dP=-0.01946314 r12=8.04589744 Vg=0.00000000 norm=1.00000000 rank=36/160 sv_max=8.72e+00 resid=1.09e-02
progress N=2 step 10750/1005310 1.1% t=5.37500 eta_s=382953.9 E=-2.11237080 P=0.98000838 dP=-0.01965051 r12=8.04581599 Vg=0.00000000 norm=1.00000000 rank=37/160 sv_max=8.72e+00 resid=1.58e-02
progress N=2 step 11000/1005310 1.1% t=5.50000 eta_s=382691.2 E=-2.11049483 P=0.97976576 dP=-0.01989313 r12=8.04572399 Vg=0.00000000 norm=1.00000000 rank=37/160 sv_max=8.72e+00 resid=1.48e-02
progress N=2 step 11250/1005310 1.1% t=5.62500 eta_s=382429.3 E=-2.10858023 P=0.97946036 dP=-0.02019853 r12=8.04565860 Vg=0.00000000 norm=1.00000000 rank=36/160 sv_max=8.72e+00 resid=1.39e-02
progress N=2 step 11500/1005310 1.1% t=5.75000 eta_s=382173.3 E=-2.10662888 P=0.97909487 dP=-0.02056402 r12=8.04558624 Vg=0.00000000 norm=1.00000000 rank=35/160 sv_max=8.72e+00 resid=1.40e-02
progress N=2 step 11750/1005310 1.2% t=5.87500 eta_s=381993.8 E=-2.10464237 P=0.97866701 dP=-0.02099189 r12=8.04558094 Vg=0.00000000 norm=1.00000000 rank=35/160 sv_max=8.72e+00 resid=6.91e-03
progress N=2 step 12000/1005310 1.2% t=6.00000 eta_s=381794.5 E=-2.10262254 P=0.97817874 dP=-0.02148016 r12=8.04554727 Vg=0.00000000 norm=1.00000000 rank=35/160 sv_max=8.72e+00 resid=9.55e-03
progress N=2 step 12250/1005310 1.2% t=6.12500 eta_s=381559.6 E=-2.10057110 P=0.97762989 dP=-0.02202900 r12=8.04553067 Vg=0.00000000 norm=1.00000000 rank=34/160 sv_max=8.72e+00 resid=1.01e-02
progress N=2 step 12500/1005310 1.2% t=6.25000 eta_s=381318.3 E=-2.09849007 P=0.97701514 dP=-0.02264375 r12=8.04557316 Vg=0.00000000 norm=1.00000000 rank=35/160 sv_max=8.72e+00 resid=5.38e-03
progress N=2 step 12750/1005310 1.3% t=6.37500 eta_s=381174.7 E=-2.09638212 P=0.97633914 dP=-0.02331975 r12=8.04559190 Vg=0.00000000 norm=1.00000000 rank=34/160 sv_max=8.72e+00 resid=5.79e-03
progress N=2 step 13000/1005310 1.3% t=6.50000 eta_s=381051.0 E=-2.09424956 P=0.97560562 dP=-0.02405327 r12=8.04558488 Vg=0.00000000 norm=1.00000000 rank=34/160 sv_max=8.72e+00 resid=4.89e-03
progress N=2 step 13250/1005310 1.3% t=6.62500 eta_s=380921.7 E=-2.09209446 P=0.97481994 dP=-0.02483895 r12=8.04558591 Vg=0.00000000 norm=1.00000000 rank=34/160 sv_max=8.72e+00 resid=8.72e-03
progress N=2 step 13500/1005310 1.3% t=6.75000 eta_s=380711.0 E=-2.08991911 P=0.97398252 dP=-0.02567637 r12=8.04564800 Vg=0.00000000 norm=1.00000000 rank=34/160 sv_max=8.72e+00 resid=8.62e-03
progress N=2 step 13750/1005310 1.4% t=6.87500 eta_s=380479.3 E=-2.08772583 P=0.97310375 dP=-0.02655514 r12=8.04575086 Vg=0.00000000 norm=1.00000000 rank=34/160 sv_max=8.72e+00 resid=1.04e-02
progress N=2 step 14000/1005310 1.4% t=7.00000 eta_s=380257.6 E=-2.08551632 P=0.97219862 dP=-0.02746027 r12=8.04585616 Vg=0.00000000 norm=1.00000000 rank=35/160 sv_max=8.72e+00 resid=7.29e-03
progress N=2 step 14250/1005310 1.4% t=7.12500 eta_s=380045.7 E=-2.08329207 P=0.97127739 dP=-0.02838151 r12=8.04594988 Vg=0.00000000 norm=1.00000000 rank=35/160 sv_max=8.72e+00 resid=6.47e-03
progress N=2 step 14500/1005310 1.4% t=7.25000 eta_s=379840.3 E=-2.08105396 P=0.97035705 dP=-0.02930184 r12=8.04606003 Vg=0.00000000 norm=1.00000000 rank=36/160 sv_max=8.72e+00 resid=5.85e-03
progress N=2 step 14750/1005310 1.5% t=7.37500 eta_s=379631.9 E=-2.07880191 P=0.96945276 dP=-0.03020614 r12=8.04616265 Vg=0.00000000 norm=1.00000000 rank=35/160 sv_max=8.72e+00 resid=8.52e-03
progress N=2 step 15000/1005310 1.5% t=7.50000 eta_s=379469.5 E=-2.07653554 P=0.96857438 dP=-0.03108451 r12=8.04626800 Vg=0.00000000 norm=1.00000000 rank=35/160 sv_max=8.72e+00 resid=1.04e-02
progress N=2 step 15250/1005310 1.5% t=7.62500 eta_s=379338.9 E=-2.07425438 P=0.96773696 dP=-0.03192193 r12=8.04635783 Vg=0.00000000 norm=1.00000000 rank=35/160 sv_max=8.72e+00 resid=1.00e-02
progress N=2 step 15500/1005310 1.5% t=7.75000 eta_s=379204.5 E=-2.07195746 P=0.96694732 dP=-0.03271157 r12=8.04647065 Vg=0.00000000 norm=1.00000000 rank=35/160 sv_max=8.72e+00 resid=7.54e-03
progress N=2 step 15750/1005310 1.6% t=7.87500 eta_s=379104.6 E=-2.06964379 P=0.96621292 dP=-0.03344597 r12=8.04662610 Vg=0.00000000 norm=1.00000000 rank=35/160 sv_max=8.72e+00 resid=6.22e-03
progress N=2 step 16000/1005310 1.6% t=8.00000 eta_s=378997.4 E=-2.06731223 P=0.96554232 dP=-0.03411657 r12=8.04678936 Vg=0.00000000 norm=1.00000000 rank=35/160 sv_max=8.72e+00 resid=5.54e-03
progress N=2 step 16250/1005310 1.6% t=8.12500 eta_s=378910.3 E=-2.06496110 P=0.96494383 dP=-0.03471506 r12=8.04688095 Vg=0.00000000 norm=1.00000000 rank=35/160 sv_max=8.72e+00 resid=6.63e-03
progress N=2 step 16500/1005310 1.6% t=8.25000 eta_s=378841.6 E=-2.06258853 P=0.96442282 dP=-0.03523607 r12=8.04687319 Vg=0.00000000 norm=1.00000000 rank=35/160 sv_max=8.72e+00 resid=8.28e-03
progress N=2 step 16750/1005310 1.7% t=8.37500 eta_s=378732.6 E=-2.06019300 P=0.96397950 dP=-0.03567939 r12=8.04682840 Vg=0.00000000 norm=1.00000000 rank=35/160 sv_max=8.72e+00 resid=9.69e-03
progress N=2 step 17000/1005310 1.7% t=8.50000 eta_s=378614.9 E=-2.05777300 P=0.96360828 dP=-0.03605061 r12=8.04682238 Vg=0.00000000 norm=1.00000000 rank=35/160 sv_max=8.72e+00 resid=1.05e-02
progress N=2 step 17250/1005310 1.7% t=8.62500 eta_s=378444.4 E=-2.05532733 P=0.96330136 dP=-0.03635753 r12=8.04690069 Vg=0.00000000 norm=1.00000000 rank=35/160 sv_max=8.72e+00 resid=9.72e-03
progress N=2 step 17500/1005310 1.7% t=8.75000 eta_s=378271.8 E=-2.05285526 P=0.96305759 dP=-0.03660130 r12=8.04698129 Vg=0.00000000 norm=1.00000000 rank=35/160 sv_max=8.72e+00 resid=9.78e-03
progress N=2 step 17750/1005310 1.8% t=8.87500 eta_s=378115.1 E=-2.05035611 P=0.96287196 dP=-0.03678693 r12=8.04700003 Vg=0.00000000 norm=1.00000000 rank=35/160 sv_max=8.72e+00 resid=9.20e-03
progress N=2 step 18000/1005310 1.8% t=9.00000 eta_s=377970.0 E=-2.04782937 P=0.96273411 dP=-0.03692478 r12=8.04696635 Vg=0.00000000 norm=1.00000000 rank=35/160 sv_max=8.72e+00 resid=1.09e-02
progress N=2 step 18250/1005310 1.8% t=9.12500 eta_s=377825.3 E=-2.04527486 P=0.96263725 dP=-0.03702164 r12=8.04687499 Vg=0.00000000 norm=1.00000000 rank=35/160 sv_max=8.72e+00 resid=1.28e-02
progress N=2 step 18500/1005310 1.8% t=9.25000 eta_s=377709.1 E=-2.04269271 P=0.96257057 dP=-0.03708832 r12=8.04676322 Vg=0.00000000 norm=1.00000000 rank=35/160 sv_max=8.72e+00 resid=1.42e-02
progress N=2 step 18750/1005310 1.9% t=9.37500 eta_s=377597.4 E=-2.04008292 P=0.96252573 dP=-0.03713316 r12=8.04665997 Vg=0.00000000 norm=1.00000000 rank=35/160 sv_max=8.72e+00 resid=1.52e-02
progress N=2 step 19000/1005310 1.9% t=9.50000 eta_s=377481.3 E=-2.03744553 P=0.96249686 dP=-0.03716203 r12=8.04657323 Vg=0.00000000 norm=1.00000000 rank=35/160 sv_max=8.72e+00 resid=1.39e-02
progress N=2 step 19250/1005310 1.9% t=9.62500 eta_s=377371.8 E=-2.03478110 P=0.96247777 dP=-0.03718112 r12=8.04651087 Vg=0.00000000 norm=1.00000000 rank=35/160 sv_max=8.72e+00 resid=1.31e-02
progress N=2 step 19500/1005310 1.9% t=9.75000 eta_s=377260.7 E=-2.03209009 P=0.96245901 dP=-0.03719988 r12=8.04647569 Vg=0.00000000 norm=1.00000000 rank=35/160 sv_max=8.72e+00 resid=1.20e-02
progress N=2 step 19750/1005310 2.0% t=9.87500 eta_s=377148.1 E=-2.02937322 P=0.96243078 dP=-0.03722811 r12=8.04647578 Vg=0.00000000 norm=1.00000000 rank=35/160 sv_max=8.72e+00 resid=1.24e-02
progress N=2 step 20000/1005310 2.0% t=10.00000 eta_s=377035.4 E=-2.02663152 P=0.96238479 dP=-0.03727410 r12=8.04650685 Vg=0.00000000 norm=1.00000000 rank=35/160 sv_max=8.72e+00 resid=1.35e-02
progress N=2 step 20250/1005310 2.0% t=10.12500 eta_s=376920.2 E=-2.02386628 P=0.96231256 dP=-0.03734633 r12=8.04654847 Vg=0.00000000 norm=1.00000000 rank=35/160 sv_max=8.72e+00 resid=1.20e-02
progress N=2 step 20500/1005310 2.0% t=10.25000 eta_s=376803.9 E=-2.02107865 P=0.96220493 dP=-0.03745396 r12=8.04658468 Vg=0.00000000 norm=1.00000000 rank=35/160 sv_max=8.72e+00 resid=9.61e-03
progress N=2 step 20750/1005310 2.1% t=10.37500 eta_s=376691.6 E=-2.01826958 P=0.96205452 dP=-0.03760437 r12=8.04660802 Vg=0.00000000 norm=1.00000000 rank=35/160 sv_max=8.72e+00 resid=9.81e-03
progress N=2 step 21000/1005310 2.1% t=10.50000 eta_s=376580.4 E=-2.01544053 P=0.96185047 dP=-0.03780843 r12=8.04663247 Vg=0.00000000 norm=1.00000000 rank=36/160 sv_max=8.72e+00 resid=9.19e-03
progress N=2 step 21250/1005310 2.1% t=10.62500 eta_s=376471.0 E=-2.01259326 P=0.96158607 dP=-0.03807282 r12=8.04666726 Vg=0.00000000 norm=1.00000000 rank=36/160 sv_max=8.72e+00 resid=9.53e-03
progress N=2 step 21500/1005310 2.1% t=10.75000 eta_s=376362.3 E=-2.00972939 P=0.96125501 dP=-0.03840389 r12=8.04671249 Vg=0.00000000 norm=1.00000000 rank=36/160 sv_max=8.72e+00 resid=9.57e-03
progress N=2 step 21750/1005310 2.2% t=10.87500 eta_s=376253.9 E=-2.00685094 P=0.96085213 dP=-0.03880676 r12=8.04675363 Vg=0.00000000 norm=1.00000000 rank=36/160 sv_max=8.72e+00 resid=8.34e-03
progress N=2 step 22000/1005310 2.2% t=11.00000 eta_s=376118.4 E=-2.00396048 P=0.96037724 dP=-0.03928165 r12=8.04679999 Vg=0.00000000 norm=1.00000000 rank=35/160 sv_max=8.72e+00 resid=7.56e-03
progress N=2 step 22250/1005310 2.2% t=11.12500 eta_s=375935.0 E=-2.00105985 P=0.95982768 dP=-0.03983122 r12=8.04683711 Vg=0.00000000 norm=1.00000000 rank=35/160 sv_max=8.72e+00 resid=7.96e-03
progress N=2 step 22500/1005310 2.2% t=11.25000 eta_s=375745.6 E=-1.99815140 P=0.95920523 dP=-0.04045366 r12=8.04684217 Vg=0.00000000 norm=1.00000000 rank=35/160 sv_max=8.72e+00 resid=9.69e-03
progress N=2 step 22750/1005310 2.3% t=11.37500 eta_s=375565.0 E=-1.99523749 P=0.95851544 dP=-0.04114345 r12=8.04687361 Vg=0.00000000 norm=1.00000000 rank=36/160 sv_max=8.72e+00 resid=9.68e-03
progress N=2 step 23000/1005310 2.3% t=11.50000 eta_s=375381.4 E=-1.99232041 P=0.95776464 dP=-0.04189425 r12=8.04694444 Vg=0.00000000 norm=1.00000000 rank=36/160 sv_max=8.72e+00 resid=8.68e-03
progress N=2 step 23250/1005310 2.3% t=11.62500 eta_s=375208.5 E=-1.98940186 P=0.95696484 dP=-0.04269405 r12=8.04705754 Vg=0.00000000 norm=1.00000000 rank=36/160 sv_max=8.72e+00 resid=9.05e-03
progress N=2 step 23500/1005310 2.3% t=11.75000 eta_s=375034.2 E=-1.98648316 P=0.95613093 dP=-0.04352796 r12=8.04719644 Vg=0.00000000 norm=1.00000000 rank=36/160 sv_max=8.72e+00 resid=8.45e-03
progress N=2 step 23750/1005310 2.4% t=11.87500 eta_s=374858.1 E=-1.98356540 P=0.95527823 dP=-0.04438066 r12=8.04734228 Vg=0.00000000 norm=1.00000000 rank=36/160 sv_max=8.72e+00 resid=7.57e-03
progress N=2 step 24000/1005310 2.4% t=12.00000 eta_s=374681.7 E=-1.98064937 P=0.95441826 dP=-0.04524063 r12=8.04753164 Vg=0.00000000 norm=1.00000000 rank=36/160 sv_max=8.72e+00 resid=6.76e-03
progress N=2 step 24250/1005310 2.4% t=12.12500 eta_s=374507.2 E=-1.97773524 P=0.95356381 dP=-0.04609508 r12=8.04776275 Vg=0.00000000 norm=1.00000000 rank=36/160 sv_max=8.72e+00 resid=5.73e-03
progress N=2 step 24500/1005310 2.4% t=12.25000 eta_s=374340.7 E=-1.97482336 P=0.95272268 dP=-0.04693621 r12=8.04803087 Vg=0.00000000 norm=1.00000000 rank=37/160 sv_max=8.72e+00 resid=5.19e-03
progress N=2 step 24750/1005310 2.5% t=12.37500 eta_s=374178.2 E=-1.97191338 P=0.95191043 dP=-0.04774846 r12=8.04826146 Vg=0.00000000 norm=1.00000000 rank=37/160 sv_max=8.72e+00 resid=7.02e-03
progress N=2 step 25000/1005310 2.5% t=12.50000 eta_s=374013.8 E=-1.96900444 P=0.95113707 dP=-0.04852182 r12=8.04845402 Vg=0.00000000 norm=1.00000000 rank=37/160 sv_max=8.72e+00 resid=8.43e-03
progress N=2 step 25250/1005310 2.5% t=12.62500 eta_s=373848.7 E=-1.96609576 P=0.95040935 dP=-0.04924954 r12=8.04864585 Vg=0.00000000 norm=1.00000000 rank=37/160 sv_max=8.72e+00 resid=8.56e-03
progress N=2 step 25500/1005310 2.5% t=12.75000 eta_s=373685.6 E=-1.96318622 P=0.94973309 dP=-0.04992580 r12=8.04885243 Vg=0.00000000 norm=1.00000000 rank=37/160 sv_max=8.72e+00 resid=7.86e-03
progress N=2 step 25750/1005310 2.6% t=12.87500 eta_s=373526.8 E=-1.96027505 P=0.94911322 dP=-0.05054567 r12=8.04906640 Vg=0.00000000 norm=1.00000000 rank=37/160 sv_max=8.72e+00 resid=6.98e-03
progress N=2 step 26000/1005310 2.6% t=13.00000 eta_s=373371.4 E=-1.95736130 P=0.94855286 dP=-0.05110603 r12=8.04928259 Vg=0.00000000 norm=1.00000000 rank=37/160 sv_max=8.72e+00 resid=6.67e-03
progress N=2 step 26250/1005310 2.6% t=13.12500 eta_s=373264.9 E=-1.95444411 P=0.94805225 dP=-0.05160664 r12=8.04946622 Vg=0.00000000 norm=1.00000000 rank=37/160 sv_max=8.72e+00 resid=6.93e-03
progress N=2 step 26500/1005310 2.6% t=13.25000 eta_s=373155.0 E=-1.95152258 P=0.94761160 dP=-0.05204729 r12=8.04956520 Vg=0.00000000 norm=1.00000000 rank=37/160 sv_max=8.72e+00 resid=7.84e-03
progress N=2 step 26750/1005310 2.7% t=13.37500 eta_s=373040.1 E=-1.94859617 P=0.94723158 dP=-0.05242731 r12=8.04954704 Vg=0.00000000 norm=1.00000000 rank=37/160 sv_max=8.72e+00 resid=7.84e-03
