job_id=606191
array_job_id=606188
array_task_id=0
job_name=vs3n2fu2
partition=epyc
node_list=fov
excluded_nodes=bar
workdir=/home/gyqyan/zexuan/ecg1d_code/1D_thouless_pumping
cpus_per_task=32
mem_per_node=16384
binary=./build/ecg1d_vs3_n2_dt0005_full
case_label=gauss_sigma0p750
mode=gauss
sigma=0.75
planning_estimate=full-cycle dt/20 fixed dt=0.0005, estimated 1005310 steps; 32-core estimate gauss ~64.2 h; requested walltime 96 h
start_time=2026-07-09T20:56:41+08:00
config=legacy_prb_3_3_n2_pathpad_K32_dt0p0005_gauss_sigma0p750 lambda_C=1.00e-08 rcond=1.00e-04 | TDVP param dimension=256
progress N=2 step 0/1005310 0.0% t=0.00000 eta_s=nan E=-2.15315039 P=0.99965889 dP=0.00000000 r12=8.04559382 Vg=0.00000064 norm=1.00000000 rank=-1/256 sv_max=nan resid=nan
initial t=0.00000 tau=0.00000 E=-2.1531503908 <X>/a=0.9996588910 norm=1.0000000000 V_gauss=0.0000006355
progress N=2 step 250/1005310 0.0% t=0.12500 eta_s=381906.8 E=-2.15312688 P=0.99965667 dP=-0.00000222 r12=8.04559880 Vg=0.00000064 norm=1.00000000 rank=35/256 sv_max=1.10e+02 resid=8.62e-02
progress N=2 step 500/1005310 0.0% t=0.25000 eta_s=384056.8 E=-2.15304128 P=0.99964204 dP=-0.00001685 r12=8.04560160 Vg=0.00000067 norm=1.00000000 rank=36/256 sv_max=1.13e+02 resid=4.95e-02
progress N=2 step 750/1005310 0.1% t=0.37500 eta_s=382191.5 E=-2.15289429 P=0.99960297 dP=-0.00005592 r12=8.04558509 Vg=0.00000069 norm=1.00000000 rank=36/256 sv_max=1.13e+02 resid=2.94e-02
progress N=2 step 1000/1005310 0.1% t=0.50000 eta_s=382441.5 E=-2.15268709 P=0.99952716 dP=-0.00013174 r12=8.04555412 Vg=0.00000070 norm=1.00000000 rank=37/256 sv_max=1.10e+02 resid=2.02e-02
progress N=2 step 1250/1005310 0.1% t=0.62500 eta_s=383091.1 E=-2.15242117 P=0.99940206 dP=-0.00025683 r12=8.04551912 Vg=0.00000071 norm=1.00000000 rank=36/256 sv_max=1.08e+02 resid=1.59e-02
progress N=2 step 1500/1005310 0.1% t=0.75000 eta_s=383612.7 E=-2.15209841 P=0.99921584 dP=-0.00044305 r12=8.04547921 Vg=0.00000074 norm=1.00000000 rank=36/256 sv_max=1.09e+02 resid=1.32e-02
progress N=2 step 1750/1005310 0.2% t=0.87500 eta_s=381497.6 E=-2.15172108 P=0.99895975 dP=-0.00069914 r12=8.04542546 Vg=0.00000078 norm=1.00000000 rank=36/256 sv_max=1.11e+02 resid=1.15e-02
progress N=2 step 2000/1005310 0.2% t=1.00000 eta_s=377337.0 E=-2.15129160 P=0.99862693 dP=-0.00103196 r12=8.04535664 Vg=0.00000084 norm=1.00000000 rank=36/256 sv_max=1.11e+02 resid=1.01e-02
progress N=2 step 2250/1005310 0.2% t=1.12500 eta_s=375963.6 E=-2.15081250 P=0.99821259 dP=-0.00144630 r12=8.04528588 Vg=0.00000088 norm=1.00000000 rank=37/256 sv_max=1.10e+02 resid=9.02e-03
progress N=2 step 2500/1005310 0.2% t=1.25000 eta_s=376593.5 E=-2.15028636 P=0.99771412 dP=-0.00194477 r12=8.04522494 Vg=0.00000092 norm=1.00000000 rank=35/256 sv_max=1.10e+02 resid=8.56e-03
progress N=2 step 2750/1005310 0.3% t=1.37500 eta_s=377002.5 E=-2.14971570 P=0.99713172 dP=-0.00252717 r12=8.04517438 Vg=0.00000094 norm=1.00000000 rank=35/256 sv_max=1.09e+02 resid=8.26e-03
progress N=2 step 3000/1005310 0.3% t=1.50000 eta_s=377376.6 E=-2.14910315 P=0.99646770 dP=-0.00319119 r12=8.04513178 Vg=0.00000096 norm=1.00000000 rank=35/256 sv_max=1.07e+02 resid=7.83e-03
progress N=2 step 3250/1005310 0.3% t=1.62500 eta_s=377704.3 E=-2.14845136 P=0.99572612 dP=-0.00393278 r12=8.04510469 Vg=0.00000097 norm=1.00000000 rank=35/256 sv_max=1.04e+02 resid=7.63e-03
progress N=2 step 3500/1005310 0.3% t=1.75000 eta_s=376922.9 E=-2.14776285 P=0.99491247 dP=-0.00474642 r12=8.04510578 Vg=0.00000096 norm=1.00000000 rank=37/256 sv_max=1.06e+02 resid=7.50e-03
progress N=2 step 3750/1005310 0.4% t=1.87500 eta_s=376667.3 E=-2.14703992 P=0.99403536 dP=-0.00562353 r12=8.04513458 Vg=0.00000093 norm=1.00000000 rank=35/256 sv_max=1.10e+02 resid=7.51e-03
progress N=2 step 4000/1005310 0.4% t=2.00000 eta_s=376898.5 E=-2.14628465 P=0.99310617 dP=-0.00655272 r12=8.04517907 Vg=0.00000087 norm=1.00000000 rank=35/256 sv_max=1.11e+02 resid=7.52e-03
progress N=2 step 4250/1005310 0.4% t=2.12500 eta_s=377173.8 E=-2.14549873 P=0.99213518 dP=-0.00752371 r12=8.04522837 Vg=0.00000081 norm=1.00000000 rank=36/256 sv_max=1.07e+02 resid=7.40e-03
progress N=2 step 4500/1005310 0.4% t=2.25000 eta_s=377373.2 E=-2.14468361 P=0.99113351 dP=-0.00852539 r12=8.04528380 Vg=0.00000076 norm=1.00000000 rank=35/256 sv_max=1.02e+02 resid=7.17e-03
progress N=2 step 4750/1005310 0.5% t=2.37500 eta_s=377534.0 E=-2.14384034 P=0.99011488 dP=-0.00954401 r12=8.04534515 Vg=0.00000073 norm=1.00000000 rank=35/256 sv_max=1.03e+02 resid=6.96e-03
progress N=2 step 5000/1005310 0.5% t=2.50000 eta_s=377638.6 E=-2.14296936 P=0.98909667 dP=-0.01056223 r12=8.04540225 Vg=0.00000073 norm=1.00000000 rank=35/256 sv_max=1.08e+02 resid=6.71e-03
progress N=2 step 5250/1005310 0.5% t=2.62500 eta_s=377769.2 E=-2.14207057 P=0.98809641 dP=-0.01156248 r12=8.04543814 Vg=0.00000073 norm=1.00000000 rank=35/256 sv_max=1.08e+02 resid=6.47e-03
progress N=2 step 5500/1005310 0.5% t=2.75000 eta_s=377930.3 E=-2.14114334 P=0.98712928 dP=-0.01252961 r12=8.04544972 Vg=0.00000072 norm=1.00000000 rank=35/256 sv_max=1.04e+02 resid=6.53e-03
progress N=2 step 5750/1005310 0.6% t=2.87500 eta_s=377547.9 E=-2.14018649 P=0.98620668 dP=-0.01345221 r12=8.04544501 Vg=0.00000071 norm=1.00000000 rank=35/256 sv_max=1.02e+02 resid=6.73e-03
progress N=2 step 6000/1005310 0.6% t=3.00000 eta_s=377240.5 E=-2.13919869 P=0.98533770 dP=-0.01432119 r12=8.04542857 Vg=0.00000072 norm=1.00000000 rank=35/256 sv_max=1.05e+02 resid=7.07e-03
progress N=2 step 6250/1005310 0.6% t=3.12500 eta_s=376757.8 E=-2.13817838 P=0.98453183 dP=-0.01512706 r12=8.04539974 Vg=0.00000073 norm=1.00000000 rank=35/256 sv_max=1.08e+02 resid=7.48e-03
progress N=2 step 6500/1005310 0.6% t=3.25000 eta_s=375377.7 E=-2.13712375 P=0.98379789 dP=-0.01586100 r12=8.04536271 Vg=0.00000076 norm=1.00000000 rank=36/256 sv_max=1.06e+02 resid=7.85e-03
progress N=2 step 6750/1005310 0.7% t=3.37500 eta_s=375129.7 E=-2.13603291 P=0.98314273 dP=-0.01651616 r12=8.04533433 Vg=0.00000077 norm=1.00000000 rank=37/256 sv_max=1.01e+02 resid=8.17e-03
progress N=2 step 7000/1005310 0.7% t=3.50000 eta_s=375207.0 E=-2.13490376 P=0.98257039 dP=-0.01708851 r12=8.04532668 Vg=0.00000076 norm=1.00000000 rank=36/256 sv_max=1.01e+02 resid=8.96e-03
progress N=2 step 7250/1005310 0.7% t=3.62500 eta_s=375391.4 E=-2.13373402 P=0.98208282 dP=-0.01757607 r12=8.04534057 Vg=0.00000075 norm=1.00000000 rank=36/256 sv_max=1.04e+02 resid=1.00e-02
progress N=2 step 7500/1005310 0.7% t=3.75000 eta_s=375247.1 E=-2.13252169 P=0.98167913 dP=-0.01797976 r12=8.04537104 Vg=0.00000073 norm=1.00000000 rank=35/256 sv_max=1.05e+02 resid=1.11e-02
progress N=2 step 7750/1005310 0.8% t=3.87500 eta_s=375257.0 E=-2.13126483 P=0.98135529 dP=-0.01830360 r12=8.04541162 Vg=0.00000073 norm=1.00000000 rank=35/256 sv_max=1.02e+02 resid=1.25e-02
progress N=2 step 8000/1005310 0.8% t=4.00000 eta_s=375199.1 E=-2.12996161 P=0.98110501 dP=-0.01855388 r12=8.04546304 Vg=0.00000074 norm=1.00000000 rank=36/256 sv_max=1.00e+02 resid=1.50e-02
progress N=2 step 8250/1005310 0.8% t=4.12500 eta_s=375282.6 E=-2.12861056 P=0.98092009 dP=-0.01873880 r12=8.04551647 Vg=0.00000074 norm=1.00000000 rank=36/256 sv_max=1.04e+02 resid=1.85e-02
progress N=2 step 8500/1005310 0.8% t=4.25000 eta_s=374997.6 E=-2.12721035 P=0.98079155 dP=-0.01886734 r12=8.04556145 Vg=0.00000074 norm=1.00000000 rank=37/256 sv_max=1.07e+02 resid=2.29e-02
progress N=2 step 8750/1005310 0.9% t=4.37500 eta_s=374634.1 E=-2.12575994 P=0.98070702 dP=-0.01895187 r12=8.04558603 Vg=0.00000073 norm=1.00000000 rank=37/256 sv_max=1.04e+02 resid=2.97e-02
progress N=2 step 9000/1005310 0.9% t=4.50000 eta_s=374539.8 E=-2.12425897 P=0.98065306 dP=-0.01900583 r12=8.04559018 Vg=0.00000073 norm=1.00000000 rank=37/256 sv_max=9.89e+01 resid=4.15e-02
progress N=2 step 9250/1005310 0.9% t=4.62500 eta_s=374654.3 E=-2.12270739 P=0.98061685 dP=-0.01904204 r12=8.04558709 Vg=0.00000075 norm=1.00000000 rank=37/256 sv_max=9.83e+01 resid=5.77e-02
progress N=2 step 9500/1005310 0.9% t=4.75000 eta_s=374764.8 E=-2.12110543 P=0.98058686 dP=-0.01907203 r12=8.04558961 Vg=0.00000077 norm=1.00000000 rank=38/256 sv_max=1.04e+02 resid=5.94e-02
progress N=2 step 9750/1005310 1.0% t=4.87500 eta_s=374803.0 E=-2.11945390 P=0.98055319 dP=-0.01910570 r12=8.04559050 Vg=0.00000078 norm=1.00000000 rank=37/256 sv_max=1.06e+02 resid=4.79e-02
progress N=2 step 10000/1005310 1.0% t=5.00000 eta_s=374894.1 E=-2.11775359 P=0.98050499 dP=-0.01915390 r12=8.04558605 Vg=0.00000078 norm=1.00000000 rank=37/256 sv_max=1.02e+02 resid=3.71e-02
progress N=2 step 10250/1005310 1.0% t=5.12500 eta_s=374695.7 E=-2.11600564 P=0.98042917 dP=-0.01922972 r12=8.04558095 Vg=0.00000078 norm=1.00000000 rank=37/256 sv_max=9.64e+01 resid=3.05e-02
progress N=2 step 10500/1005310 1.0% t=5.25000 eta_s=374601.3 E=-2.11421170 P=0.98031241 dP=-0.01934648 r12=8.04557078 Vg=0.00000078 norm=1.00000000 rank=36/256 sv_max=9.62e+01 resid=2.44e-02
progress N=2 step 10750/1005310 1.1% t=5.37500 eta_s=374949.2 E=-2.11237359 P=0.98014496 dP=-0.01951393 r12=8.04555840 Vg=0.00000079 norm=1.00000000 rank=35/256 sv_max=1.00e+02 resid=2.01e-02
progress N=2 step 11000/1005310 1.1% t=5.50000 eta_s=375093.3 E=-2.11049326 P=0.97991995 dP=-0.01973894 r12=8.04555117 Vg=0.00000079 norm=1.00000000 rank=35/256 sv_max=1.02e+02 resid=1.63e-02
progress N=2 step 11250/1005310 1.1% t=5.62500 eta_s=375305.6 E=-2.10857307 P=0.97963276 dP=-0.02002613 r12=8.04554585 Vg=0.00000077 norm=1.00000000 rank=35/256 sv_max=9.92e+01 resid=1.36e-02
progress N=2 step 11500/1005310 1.1% t=5.75000 eta_s=375638.9 E=-2.10661519 P=0.97927939 dP=-0.02037951 r12=8.04554922 Vg=0.00000074 norm=1.00000000 rank=35/256 sv_max=9.77e+01 resid=1.17e-02
progress N=2 step 11750/1005310 1.2% t=5.87500 eta_s=375949.1 E=-2.10462186 P=0.97885567 dP=-0.02080322 r12=8.04556205 Vg=0.00000070 norm=1.00000000 rank=35/256 sv_max=1.01e+02 resid=1.08e-02
progress N=2 step 12000/1005310 1.2% t=6.00000 eta_s=376231.6 E=-2.10259560 P=0.97835961 dP=-0.02129928 r12=8.04557819 Vg=0.00000070 norm=1.00000000 rank=35/256 sv_max=1.04e+02 resid=9.97e-03
progress N=2 step 12250/1005310 1.2% t=6.12500 eta_s=376494.3 E=-2.10053899 P=0.97779145 dP=-0.02186744 r12=8.04559205 Vg=0.00000073 norm=1.00000000 rank=35/256 sv_max=1.02e+02 resid=8.95e-03
progress N=2 step 12500/1005310 1.2% t=6.25000 eta_s=376339.4 E=-2.09845435 P=0.97715288 dP=-0.02250601 r12=8.04560841 Vg=0.00000078 norm=1.00000000 rank=35/256 sv_max=9.83e+01 resid=8.45e-03
progress N=2 step 12750/1005310 1.3% t=6.37500 eta_s=376526.8 E=-2.09634421 P=0.97644786 dP=-0.02321103 r12=8.04563672 Vg=0.00000082 norm=1.00000000 rank=35/256 sv_max=1.00e+02 resid=8.29e-03
progress N=2 step 13000/1005310 1.3% t=6.50000 eta_s=376781.1 E=-2.09421075 P=0.97568306 dP=-0.02397583 r12=8.04567609 Vg=0.00000084 norm=1.00000000 rank=35/256 sv_max=1.06e+02 resid=8.24e-03
progress N=2 step 13250/1005310 1.3% t=6.62500 eta_s=377025.5 E=-2.09205579 P=0.97486664 dP=-0.02479226 r12=8.04572222 Vg=0.00000083 norm=1.00000000 rank=35/256 sv_max=1.05e+02 resid=8.19e-03
progress N=2 step 13500/1005310 1.3% t=6.75000 eta_s=376745.7 E=-2.08988140 P=0.97400765 dP=-0.02565124 r12=8.04577880 Vg=0.00000082 norm=1.00000000 rank=35/256 sv_max=9.75e+01 resid=8.20e-03
progress N=2 step 13750/1005310 1.4% t=6.87500 eta_s=376840.5 E=-2.08768932 P=0.97311586 dP=-0.02654303 r12=8.04585570 Vg=0.00000080 norm=1.00000000 rank=36/256 sv_max=9.34e+01 resid=8.14e-03
progress N=2 step 14000/1005310 1.4% t=7.00000 eta_s=376576.0 E=-2.08548089 P=0.97220194 dP=-0.02745695 r12=8.04595685 Vg=0.00000078 norm=1.00000000 rank=35/256 sv_max=9.97e+01 resid=8.65e-03
progress N=2 step 14250/1005310 1.4% t=7.12500 eta_s=376755.6 E=-2.08325730 P=0.97127902 dP=-0.02837987 r12=8.04606794 Vg=0.00000077 norm=1.00000000 rank=35/256 sv_max=1.07e+02 resid=8.83e-03
progress N=2 step 14500/1005310 1.4% t=7.25000 eta_s=376950.3 E=-2.08101938 P=0.97035963 dP=-0.02929927 r12=8.04617454 Vg=0.00000075 norm=1.00000000 rank=35/256 sv_max=1.05e+02 resid=8.96e-03
progress N=2 step 14750/1005310 1.5% t=7.37500 eta_s=376905.9 E=-2.07876721 P=0.96945462 dP=-0.03020428 r12=8.04627152 Vg=0.00000075 norm=1.00000000 rank=35/256 sv_max=9.76e+01 resid=9.32e-03
progress N=2 step 15000/1005310 1.5% t=7.50000 eta_s=377101.4 E=-2.07650070 P=0.96857401 dP=-0.03108488 r12=8.04635445 Vg=0.00000076 norm=1.00000000 rank=35/256 sv_max=9.46e+01 resid=9.46e-03
progress N=2 step 15250/1005310 1.5% t=7.62500 eta_s=377303.3 E=-2.07421952 P=0.96772952 dP=-0.03192937 r12=8.04642081 Vg=0.00000077 norm=1.00000000 rank=35/256 sv_max=9.99e+01 resid=9.86e-03
progress N=2 step 15500/1005310 1.5% t=7.75000 eta_s=377319.4 E=-2.07192275 P=0.96693389 dP=-0.03272500 r12=8.04646407 Vg=0.00000077 norm=1.00000000 rank=35/256 sv_max=1.03e+02 resid=1.01e-02
progress N=2 step 15750/1005310 1.6% t=7.87500 eta_s=376773.6 E=-2.06960926 P=0.96619872 dP=-0.03346017 r12=8.04647945 Vg=0.00000075 norm=1.00000000 rank=36/256 sv_max=1.01e+02 resid=9.94e-03
progress N=2 step 16000/1005310 1.6% t=8.00000 eta_s=376611.0 E=-2.06727782 P=0.96553009 dP=-0.03412880 r12=8.04646707 Vg=0.00000072 norm=1.00000000 rank=35/256 sv_max=9.71e+01 resid=1.06e-02
progress N=2 step 16250/1005310 1.6% t=8.12500 eta_s=376750.1 E=-2.06492677 P=0.96493168 dP=-0.03472721 r12=8.04643069 Vg=0.00000069 norm=1.00000000 rank=35/256 sv_max=9.96e+01 resid=1.11e-02
progress N=2 step 16500/1005310 1.6% t=8.25000 eta_s=376942.3 E=-2.06255449 P=0.96440458 dP=-0.03525431 r12=8.04636640 Vg=0.00000068 norm=1.00000000 rank=35/256 sv_max=1.04e+02 resid=1.17e-02
progress N=2 step 16750/1005310 1.7% t=8.37500 eta_s=377126.6 E=-2.06015976 P=0.96394943 dP=-0.03570946 r12=8.04627377 Vg=0.00000071 norm=1.00000000 rank=35/256 sv_max=1.03e+02 resid=1.26e-02
progress N=2 step 17000/1005310 1.7% t=8.50000 eta_s=377293.7 E=-2.05774128 P=0.96356581 dP=-0.03609308 r12=8.04616426 Vg=0.00000075 norm=1.00000000 rank=35/256 sv_max=9.74e+01 resid=1.37e-02
progress N=2 step 17250/1005310 1.7% t=8.62500 eta_s=377426.2 E=-2.05529780 P=0.96325180 dP=-0.03640709 r12=8.04606002 Vg=0.00000077 norm=1.00000000 rank=35/256 sv_max=9.57e+01 resid=1.52e-02
progress N=2 step 17500/1005310 1.7% t=8.75000 eta_s=377588.2 E=-2.05282836 P=0.96300439 dP=-0.03665451 r12=8.04597309 Vg=0.00000076 norm=1.00000000 rank=35/256 sv_max=1.01e+02 resid=1.73e-02
progress N=2 step 17750/1005310 1.8% t=8.87500 eta_s=377463.2 E=-2.05033211 P=0.96282024 dP=-0.03683865 r12=8.04590051 Vg=0.00000073 norm=1.00000000 rank=34/256 sv_max=1.04e+02 resid=1.98e-02
progress N=2 step 18000/1005310 1.8% t=9.00000 eta_s=377606.6 E=-2.04780821 P=0.96269287 dP=-0.03696602 r12=8.04583768 Vg=0.00000071 norm=1.00000000 rank=34/256 sv_max=1.00e+02 resid=2.22e-02
progress N=2 step 18250/1005310 1.8% t=9.12500 eta_s=377507.4 E=-2.04525617 P=0.96261383 dP=-0.03704506 r12=8.04578232 Vg=0.00000070 norm=1.00000000 rank=35/256 sv_max=9.46e+01 resid=2.58e-02
progress N=2 step 18500/1005310 1.8% t=9.25000 eta_s=377562.2 E=-2.04267590 P=0.96257349 dP=-0.03708540 r12=8.04573707 Vg=0.00000071 norm=1.00000000 rank=35/256 sv_max=9.64e+01 resid=3.34e-02
progress N=2 step 18750/1005310 1.9% t=9.37500 eta_s=377409.2 E=-2.04006716 P=0.96256261 dP=-0.03709628 r12=8.04570353 Vg=0.00000072 norm=1.00000000 rank=34/256 sv_max=1.05e+02 resid=4.74e-02
progress N=2 step 19000/1005310 1.9% t=9.50000 eta_s=377544.0 E=-2.03742988 P=0.96257208 dP=-0.03708681 r12=8.04567511 Vg=0.00000075 norm=1.00000000 rank=34/256 sv_max=1.08e+02 resid=6.49e-02
progress N=2 step 19250/1005310 1.9% t=9.62500 eta_s=377678.7 E=-2.03476449 P=0.96259049 dP=-0.03706840 r12=8.04564783 Vg=0.00000077 norm=1.00000000 rank=34/256 sv_max=1.02e+02 resid=7.16e-02
progress N=2 step 19500/1005310 1.9% t=9.75000 eta_s=377708.5 E=-2.03207143 P=0.96260570 dP=-0.03705319 r12=8.04563017 Vg=0.00000081 norm=1.00000000 rank=34/256 sv_max=9.48e+01 resid=5.67e-02
progress N=2 step 19750/1005310 2.0% t=9.87500 eta_s=377801.9 E=-2.02935136 P=0.96260540 dP=-0.03705349 r12=8.04563381 Vg=0.00000083 norm=1.00000000 rank=34/256 sv_max=9.66e+01 resid=4.31e-02
progress N=2 step 20000/1005310 2.0% t=10.00000 eta_s=377914.0 E=-2.02660539 P=0.96257964 dP=-0.03707925 r12=8.04566392 Vg=0.00000085 norm=1.00000000 rank=34/256 sv_max=1.04e+02 resid=3.47e-02
progress N=2 step 20250/1005310 2.0% t=10.12500 eta_s=377841.5 E=-2.02383500 P=0.96252026 dP=-0.03713864 r12=8.04571586 Vg=0.00000085 norm=1.00000000 rank=35/256 sv_max=1.07e+02 resid=2.70e-02
progress N=2 step 20500/1005310 2.0% t=10.25000 eta_s=377875.6 E=-2.02104166 P=0.96241784 dP=-0.03724105 r12=8.04578862 Vg=0.00000084 norm=1.00000000 rank=35/256 sv_max=1.03e+02 resid=2.26e-02
progress N=2 step 20750/1005310 2.1% t=10.37500 eta_s=377646.9 E=-2.01822677 P=0.96226285 dP=-0.03739604 r12=8.04588341 Vg=0.00000082 norm=1.00000000 rank=35/256 sv_max=9.72e+01 resid=1.98e-02
progress N=2 step 21000/1005310 2.1% t=10.50000 eta_s=377628.4 E=-2.01539231 P=0.96204600 dP=-0.03761289 r12=8.04599488 Vg=0.00000081 norm=1.00000000 rank=35/256 sv_max=9.84e+01 resid=1.76e-02
progress N=2 step 21250/1005310 2.1% t=10.62500 eta_s=377748.6 E=-2.01254044 P=0.96176147 dP=-0.03789742 r12=8.04611583 Vg=0.00000081 norm=1.00000000 rank=35/256 sv_max=1.03e+02 resid=1.58e-02
progress N=2 step 21500/1005310 2.1% t=10.75000 eta_s=377857.5 E=-2.00967308 P=0.96140670 dP=-0.03825219 r12=8.04624315 Vg=0.00000080 norm=1.00000000 rank=34/256 sv_max=1.03e+02 resid=1.43e-02
progress N=2 step 21750/1005310 2.2% t=10.87500 eta_s=377850.1 E=-2.00679240 P=0.96097990 dP=-0.03867899 r12=8.04638233 Vg=0.00000078 norm=1.00000000 rank=35/256 sv_max=1.00e+02 resid=1.27e-02
progress N=2 step 22000/1005310 2.2% t=11.00000 eta_s=377949.9 E=-2.00390104 P=0.96048010 dP=-0.03917879 r12=8.04653627 Vg=0.00000074 norm=1.00000000 rank=34/256 sv_max=1.00e+02 resid=1.21e-02
progress N=2 step 22250/1005310 2.2% t=11.12500 eta_s=377844.7 E=-2.00100074 P=0.95990905 dP=-0.03974985 r12=8.04670187 Vg=0.00000071 norm=1.00000000 rank=34/256 sv_max=1.05e+02 resid=1.15e-02
progress N=2 step 22500/1005310 2.2% t=11.25000 eta_s=377695.3 E=-1.99809355 P=0.95927085 dP=-0.04038805 r12=8.04686528 Vg=0.00000071 norm=1.00000000 rank=34/256 sv_max=1.07e+02 resid=1.08e-02
progress N=2 step 22750/1005310 2.3% t=11.37500 eta_s=377753.4 E=-1.99518140 P=0.95857181 dP=-0.04108708 r12=8.04701395 Vg=0.00000075 norm=1.00000000 rank=34/256 sv_max=1.03e+02 resid=1.03e-02
progress N=2 step 23000/1005310 2.3% t=11.50000 eta_s=377828.5 E=-1.99226605 P=0.95781952 dP=-0.04183937 r12=8.04714457 Vg=0.00000080 norm=1.00000000 rank=34/256 sv_max=9.73e+01 resid=9.99e-03
progress N=2 step 23250/1005310 2.3% t=11.62500 eta_s=377753.7 E=-1.98934882 P=0.95702250 dP=-0.04263639 r12=8.04726411 Vg=0.00000085 norm=1.00000000 rank=34/256 sv_max=9.87e+01 resid=9.84e-03
progress N=2 step 23500/1005310 2.3% t=11.75000 eta_s=377591.1 E=-1.98643080 P=0.95619219 dP=-0.04346670 r12=8.04737458 Vg=0.00000088 norm=1.00000000 rank=34/256 sv_max=1.06e+02 resid=9.90e-03
progress N=2 step 23750/1005310 2.4% t=11.87500 eta_s=377648.1 E=-1.98351299 P=0.95534208 dP=-0.04431681 r12=8.04747347 Vg=0.00000089 norm=1.00000000 rank=34/256 sv_max=1.08e+02 resid=9.66e-03
progress N=2 step 24000/1005310 2.4% t=12.00000 eta_s=377707.9 E=-1.98059614 P=0.95448436 dP=-0.04517454 r12=8.04756310 Vg=0.00000088 norm=1.00000000 rank=34/256 sv_max=1.02e+02 resid=9.77e-03
progress N=2 step 24250/1005310 2.4% t=12.12500 eta_s=377771.3 E=-1.97768039 P=0.95363016 dP=-0.04602873 r12=8.04764477 Vg=0.00000085 norm=1.00000000 rank=35/256 sv_max=9.78e+01 resid=1.01e-02
progress N=2 step 24500/1005310 2.4% t=12.25000 eta_s=377816.8 E=-1.97476629 P=0.95278889 dP=-0.04687000 r12=8.04772774 Vg=0.00000083 norm=1.00000000 rank=34/256 sv_max=1.02e+02 resid=1.09e-02
progress N=2 step 24750/1005310 2.5% t=12.37500 eta_s=377863.8 E=-1.97185394 P=0.95197161 dP=-0.04768729 r12=8.04780695 Vg=0.00000080 norm=1.00000000 rank=34/256 sv_max=1.10e+02 resid=1.16e-02
progress N=2 step 25000/1005310 2.5% t=12.50000 eta_s=377916.1 E=-1.96894305 P=0.95119002 dP=-0.04846887 r12=8.04787141 Vg=0.00000080 norm=1.00000000 rank=34/256 sv_max=1.11e+02 resid=1.19e-02
progress N=2 step 25250/1005310 2.5% t=12.62500 eta_s=377964.3 E=-1.96603330 P=0.95045341 dP=-0.04920548 r12=8.04791298 Vg=0.00000080 norm=1.00000000 rank=34/256 sv_max=1.04e+02 resid=1.26e-02
progress N=2 step 25500/1005310 2.5% t=12.75000 eta_s=377927.0 E=-1.96312378 P=0.94976897 dP=-0.04988992 r12=8.04792821 Vg=0.00000081 norm=1.00000000 rank=34/256 sv_max=9.83e+01 resid=1.34e-02
progress N=2 step 25750/1005310 2.6% t=12.87500 eta_s=377974.9 E=-1.96021373 P=0.94914249 dP=-0.05051641 r12=8.04791258 Vg=0.00000081 norm=1.00000000 rank=34/256 sv_max=1.03e+02 resid=1.40e-02
progress N=2 step 26000/1005310 2.6% t=13.00000 eta_s=378021.9 E=-1.95730205 P=0.94858089 dP=-0.05107801 r12=8.04786633 Vg=0.00000079 norm=1.00000000 rank=34/256 sv_max=1.10e+02 resid=1.45e-02
