job_id=604195
job_name=n1vs3_100_64
partition=epyc
node_list=gyro
submit_dir=/home/gyqyan/zexuan/ecg1d_code/1D_thouless_pumping
workdir=/home/gyqyan/zexuan/ecg1d_code/1D_thouless_pumping
cpus_per_task=64
mem_per_node=8192
time_limit=unset
config=legacy_prb_3_3 N=1 K=16 dt=0.002 total_time=0.2 steps=100
output_root=tmp/n1_vs3_100step_20260708/out
start_time=2026-07-08T23:05:48+08:00
lambda_C=1.00e-08 rcond=1.00e-04 | TDVP param dimension=48
progress N=1 step 0/100 0.0% t=0.00000 eta_s=nan E=-1.07658598 P=-0.00016571 dP=0.00000000 norm=1.00000000 rank=-1/48 raw_cond=nan resid=nan
progress N=1 step 25/100 25.0% t=0.05000 eta_s=3.8 E=-1.07658502 P=-0.00016574 dP=-0.00000003 norm=1.00000000 rank=16/48 raw_cond=5.03e+17 resid=5.18e-02
progress N=1 step 50/100 50.0% t=0.10000 eta_s=2.6 E=-1.07657907 P=-0.00016612 dP=-0.00000040 norm=1.00000000 rank=16/48 raw_cond=3.57e+17 resid=5.36e-02
progress N=1 step 75/100 75.0% t=0.15000 eta_s=1.3 E=-1.07656814 P=-0.00016720 dP=-0.00000149 norm=1.00000000 rank=16/48 raw_cond=4.81e+16 resid=5.53e-02
progress N=1 step 100/100 100.0% t=0.20000 eta_s=nan E=-1.07655226 P=-0.00016926 dP=-0.00000355 norm=1.00000000 rank=16/48 raw_cond=4.04e+16 resid=5.65e-02
[write] /home/gyqyan/zexuan/ecg1d_code/1D_thouless_pumping/tmp/n1_vs3_100step_20260708/out/a8p000_K16_tmax0p200_VsER3p000_VlER3p000/trace.csv (5 samples)
[write] /home/gyqyan/zexuan/ecg1d_code/1D_thouless_pumping/tmp/n1_vs3_100step_20260708/out/a8p000_K16_tmax0p200_VsER3p000_VlER3p000/snapshots.csv (5 events, 80 rows)
[write] /home/gyqyan/zexuan/ecg1d_code/1D_thouless_pumping/tmp/n1_vs3_100step_20260708/out/a8p000_K16_tmax0p200_VsER3p000_VlER3p000/basis_initial.csv
[write] /home/gyqyan/zexuan/ecg1d_code/1D_thouless_pumping/tmp/n1_vs3_100step_20260708/out/a8p000_K16_tmax0p200_VsER3p000_VlER3p000/basis_final.csv
[write] /home/gyqyan/zexuan/ecg1d_code/1D_thouless_pumping/tmp/n1_vs3_100step_20260708/out/a8p000_K16_tmax0p200_VsER3p000_VlER3p000/summary.txt
=== summary ===
param_dim               = 48
polarization_cell start = -0.00017
polarization_cell end   = -0.00017
delta polarization      = -3.6e-06
max raw cond            = 1.647e+19
max actual-solve cond   = 4.206e+03
min actual-solve rank   = 16 / 48
final sv_min(3)         = (1.000e-08, 1.000e-08, 1.000e-08)
max raw residual        = 5.650e-02
max discarded rhs frac  = 5.650e-02
min Re(B)   over run    = 5.649e-01
min Re(A+B) over run    = 5.649e-01
norm drift (rel)        = 0.000e+00
energy drift (rel)      = 3.132e-05
x2 growth ratio         = 9.999e-01
end_time=2026-07-08T23:05:53+08:00
