job_id=606009
job_name=vs3n2htmlfs
partition=epyc
node_list=fov
submit_dir=/home/gyqyan/zexuan/ecg1d_code/1D_thouless_pumping
workdir=/home/gyqyan/zexuan/ecg1d_code/1D_thouless_pumping
cpus_per_task=1
mem_per_node=2048
reports=fine20,staged
refresh_interval_seconds=600
start_time=2026-07-09T18:46:52+08:00
[2026-07-09 18:46:52] cycle=1 start
[2026-07-09 18:46:52] refresh rice_mele_reference/make_vs3_n2_k32_sweep_fine20_live_report.py
2026-07-09 18:47:08 /home/gyqyan/zexuan/ecg1d_code/1D_thouless_pumping/vs3_n2_k32_sweep_fine20_live_report.html
[2026-07-09 18:47:08] return_code=0
[2026-07-09 18:47:08] refresh rice_mele_reference/make_vs3_n2_k32_sweep_staged_live_report.py
2026-07-09 18:47:14 /home/gyqyan/zexuan/ecg1d_code/1D_thouless_pumping/vs3_n2_k32_sweep_staged_live_report.html
[2026-07-09 18:47:14] return_code=0
[2026-07-09 18:47:14] cycle=1 done last_rc=0
[2026-07-09 18:57:14] cycle=2 start
[2026-07-09 18:57:14] refresh rice_mele_reference/make_vs3_n2_k32_sweep_fine20_live_report.py
2026-07-09 18:57:29 /home/gyqyan/zexuan/ecg1d_code/1D_thouless_pumping/vs3_n2_k32_sweep_fine20_live_report.html
[2026-07-09 18:57:30] return_code=0
[2026-07-09 18:57:30] refresh rice_mele_reference/make_vs3_n2_k32_sweep_staged_live_report.py
2026-07-09 18:57:36 /home/gyqyan/zexuan/ecg1d_code/1D_thouless_pumping/vs3_n2_k32_sweep_staged_live_report.html
[2026-07-09 18:57:36] return_code=0
[2026-07-09 18:57:36] cycle=2 done last_rc=0
[2026-07-09 19:07:36] cycle=3 start
[2026-07-09 19:07:36] refresh rice_mele_reference/make_vs3_n2_k32_sweep_fine20_live_report.py
2026-07-09 19:07:52 /home/gyqyan/zexuan/ecg1d_code/1D_thouless_pumping/vs3_n2_k32_sweep_fine20_live_report.html
[2026-07-09 19:07:52] return_code=0
[2026-07-09 19:07:52] refresh rice_mele_reference/make_vs3_n2_k32_sweep_staged_live_report.py
2026-07-09 19:07:59 /home/gyqyan/zexuan/ecg1d_code/1D_thouless_pumping/vs3_n2_k32_sweep_staged_live_report.html
[2026-07-09 19:07:59] return_code=0
[2026-07-09 19:07:59] cycle=3 done last_rc=0
[2026-07-09 19:17:59] cycle=4 start
[2026-07-09 19:17:59] refresh rice_mele_reference/make_vs3_n2_k32_sweep_fine20_live_report.py
2026-07-09 19:18:16 /home/gyqyan/zexuan/ecg1d_code/1D_thouless_pumping/vs3_n2_k32_sweep_fine20_live_report.html
[2026-07-09 19:18:16] return_code=0
[2026-07-09 19:18:16] refresh rice_mele_reference/make_vs3_n2_k32_sweep_staged_live_report.py
2026-07-09 19:18:22 /home/gyqyan/zexuan/ecg1d_code/1D_thouless_pumping/vs3_n2_k32_sweep_staged_live_report.html
[2026-07-09 19:18:22] return_code=0
[2026-07-09 19:18:22] cycle=4 done last_rc=0
[2026-07-09 19:28:22] cycle=5 start
[2026-07-09 19:28:22] refresh rice_mele_reference/make_vs3_n2_k32_sweep_fine20_live_report.py
2026-07-09 19:28:38 /home/gyqyan/zexuan/ecg1d_code/1D_thouless_pumping/vs3_n2_k32_sweep_fine20_live_report.html
[2026-07-09 19:28:38] return_code=0
[2026-07-09 19:28:38] refresh rice_mele_reference/make_vs3_n2_k32_sweep_staged_live_report.py
2026-07-09 19:28:44 /home/gyqyan/zexuan/ecg1d_code/1D_thouless_pumping/vs3_n2_k32_sweep_staged_live_report.html
[2026-07-09 19:28:44] return_code=0
[2026-07-09 19:28:44] cycle=5 done last_rc=0
[2026-07-09 19:38:44] cycle=6 start
[2026-07-09 19:38:44] refresh rice_mele_reference/make_vs3_n2_k32_sweep_fine20_live_report.py
2026-07-09 19:39:01 /home/gyqyan/zexuan/ecg1d_code/1D_thouless_pumping/vs3_n2_k32_sweep_fine20_live_report.html
[2026-07-09 19:39:01] return_code=0
[2026-07-09 19:39:01] refresh rice_mele_reference/make_vs3_n2_k32_sweep_staged_live_report.py
2026-07-09 19:39:08 /home/gyqyan/zexuan/ecg1d_code/1D_thouless_pumping/vs3_n2_k32_sweep_staged_live_report.html
[2026-07-09 19:39:08] return_code=0
[2026-07-09 19:39:08] cycle=6 done last_rc=0
[2026-07-09 19:49:08] cycle=7 start
[2026-07-09 19:49:08] refresh rice_mele_reference/make_vs3_n2_k32_sweep_fine20_live_report.py
2026-07-09 19:49:26 /home/gyqyan/zexuan/ecg1d_code/1D_thouless_pumping/vs3_n2_k32_sweep_fine20_live_report.html
[2026-07-09 19:49:26] return_code=0
[2026-07-09 19:49:26] refresh rice_mele_reference/make_vs3_n2_k32_sweep_staged_live_report.py
2026-07-09 19:49:33 /home/gyqyan/zexuan/ecg1d_code/1D_thouless_pumping/vs3_n2_k32_sweep_staged_live_report.html
[2026-07-09 19:49:33] return_code=0
[2026-07-09 19:49:33] cycle=7 done last_rc=0
[2026-07-09 19:59:33] cycle=8 start
[2026-07-09 19:59:33] refresh rice_mele_reference/make_vs3_n2_k32_sweep_fine20_live_report.py
2026-07-09 19:59:52 /home/gyqyan/zexuan/ecg1d_code/1D_thouless_pumping/vs3_n2_k32_sweep_fine20_live_report.html
[2026-07-09 19:59:52] return_code=0
[2026-07-09 19:59:52] refresh rice_mele_reference/make_vs3_n2_k32_sweep_staged_live_report.py
2026-07-09 19:59:59 /home/gyqyan/zexuan/ecg1d_code/1D_thouless_pumping/vs3_n2_k32_sweep_staged_live_report.html
[2026-07-09 19:59:59] return_code=0
[2026-07-09 19:59:59] cycle=8 done last_rc=0
[2026-07-09 20:09:59] cycle=9 start
[2026-07-09 20:09:59] refresh rice_mele_reference/make_vs3_n2_k32_sweep_fine20_live_report.py
2026-07-09 20:10:18 /home/gyqyan/zexuan/ecg1d_code/1D_thouless_pumping/vs3_n2_k32_sweep_fine20_live_report.html
[2026-07-09 20:10:18] return_code=0
[2026-07-09 20:10:18] refresh rice_mele_reference/make_vs3_n2_k32_sweep_staged_live_report.py
2026-07-09 20:10:25 /home/gyqyan/zexuan/ecg1d_code/1D_thouless_pumping/vs3_n2_k32_sweep_staged_live_report.html
[2026-07-09 20:10:25] return_code=0
[2026-07-09 20:10:25] cycle=9 done last_rc=0
[2026-07-09 20:20:25] cycle=10 start
[2026-07-09 20:20:25] refresh rice_mele_reference/make_vs3_n2_k32_sweep_fine20_live_report.py
2026-07-09 20:20:45 /home/gyqyan/zexuan/ecg1d_code/1D_thouless_pumping/vs3_n2_k32_sweep_fine20_live_report.html
[2026-07-09 20:20:45] return_code=0
[2026-07-09 20:20:45] refresh rice_mele_reference/make_vs3_n2_k32_sweep_staged_live_report.py
2026-07-09 20:20:52 /home/gyqyan/zexuan/ecg1d_code/1D_thouless_pumping/vs3_n2_k32_sweep_staged_live_report.html
[2026-07-09 20:20:52] return_code=0
[2026-07-09 20:20:52] cycle=10 done last_rc=0
[2026-07-09 20:30:52] cycle=11 start
[2026-07-09 20:30:52] refresh rice_mele_reference/make_vs3_n2_k32_sweep_fine20_live_report.py
2026-07-09 20:31:12 /home/gyqyan/zexuan/ecg1d_code/1D_thouless_pumping/vs3_n2_k32_sweep_fine20_live_report.html
[2026-07-09 20:31:12] return_code=0
[2026-07-09 20:31:12] refresh rice_mele_reference/make_vs3_n2_k32_sweep_staged_live_report.py
2026-07-09 20:31:20 /home/gyqyan/zexuan/ecg1d_code/1D_thouless_pumping/vs3_n2_k32_sweep_staged_live_report.html
[2026-07-09 20:31:20] return_code=0
[2026-07-09 20:31:20] cycle=11 done last_rc=0
[2026-07-09 20:41:20] cycle=12 start
[2026-07-09 20:41:20] refresh rice_mele_reference/make_vs3_n2_k32_sweep_fine20_live_report.py
2026-07-09 20:41:40 /home/gyqyan/zexuan/ecg1d_code/1D_thouless_pumping/vs3_n2_k32_sweep_fine20_live_report.html
[2026-07-09 20:41:40] return_code=0
[2026-07-09 20:41:40] refresh rice_mele_reference/make_vs3_n2_k32_sweep_staged_live_report.py
2026-07-09 20:41:47 /home/gyqyan/zexuan/ecg1d_code/1D_thouless_pumping/vs3_n2_k32_sweep_staged_live_report.html
[2026-07-09 20:41:47] return_code=0
[2026-07-09 20:41:47] cycle=12 done last_rc=0
[2026-07-09 20:51:47] cycle=13 start
[2026-07-09 20:51:47] refresh rice_mele_reference/make_vs3_n2_k32_sweep_fine20_live_report.py
2026-07-09 20:52:08 /home/gyqyan/zexuan/ecg1d_code/1D_thouless_pumping/vs3_n2_k32_sweep_fine20_live_report.html
[2026-07-09 20:52:08] return_code=0
[2026-07-09 20:52:08] refresh rice_mele_reference/make_vs3_n2_k32_sweep_staged_live_report.py
2026-07-09 20:52:16 /home/gyqyan/zexuan/ecg1d_code/1D_thouless_pumping/vs3_n2_k32_sweep_staged_live_report.html
[2026-07-09 20:52:16] return_code=0
[2026-07-09 20:52:16] cycle=13 done last_rc=0
