job_id=605502
job_name=vs3n2html
partition=epyc
node_list=cent
submit_dir=/home/gyqyan/zexuan/ecg1d_code/1D_thouless_pumping
workdir=/home/gyqyan/zexuan/ecg1d_code/1D_thouless_pumping
cpus_per_task=1
mem_per_node=2048
start_time=2026-07-09T12:57:50+08:00
[2026-07-09 12:57:50] cycle=1 start
[2026-07-09 12:57:50] refresh rice_mele_reference/make_vs3_n2_k32_sweep_live_report.py
2026-07-09 12:57:55 /home/gyqyan/zexuan/ecg1d_code/1D_thouless_pumping/vs3_n2_k32_sweep_live_report.html
[2026-07-09 12:57:55] return_code=0
[2026-07-09 12:57:55] refresh rice_mele_reference/make_vs3_n2_k32_sweep_fine5_live_report.py
2026-07-09 12:57:59 /home/gyqyan/zexuan/ecg1d_code/1D_thouless_pumping/vs3_n2_k32_sweep_fine5_live_report.html
[2026-07-09 12:57:59] return_code=0
[2026-07-09 12:57:59] cycle=1 done last_rc=0
[2026-07-09 13:07:59] cycle=2 start
[2026-07-09 13:07:59] refresh rice_mele_reference/make_vs3_n2_k32_sweep_live_report.py
2026-07-09 13:08:04 /home/gyqyan/zexuan/ecg1d_code/1D_thouless_pumping/vs3_n2_k32_sweep_live_report.html
[2026-07-09 13:08:04] return_code=0
[2026-07-09 13:08:04] refresh rice_mele_reference/make_vs3_n2_k32_sweep_fine5_live_report.py
2026-07-09 13:08:08 /home/gyqyan/zexuan/ecg1d_code/1D_thouless_pumping/vs3_n2_k32_sweep_fine5_live_report.html
[2026-07-09 13:08:08] return_code=0
[2026-07-09 13:08:08] cycle=2 done last_rc=0
[2026-07-09 13:18:08] cycle=3 start
[2026-07-09 13:18:08] refresh rice_mele_reference/make_vs3_n2_k32_sweep_live_report.py
2026-07-09 13:18:12 /home/gyqyan/zexuan/ecg1d_code/1D_thouless_pumping/vs3_n2_k32_sweep_live_report.html
[2026-07-09 13:18:13] return_code=0
[2026-07-09 13:18:13] refresh rice_mele_reference/make_vs3_n2_k32_sweep_fine5_live_report.py
2026-07-09 13:18:17 /home/gyqyan/zexuan/ecg1d_code/1D_thouless_pumping/vs3_n2_k32_sweep_fine5_live_report.html
[2026-07-09 13:18:17] return_code=0
[2026-07-09 13:18:17] cycle=3 done last_rc=0
[2026-07-09 13:28:17] cycle=4 start
[2026-07-09 13:28:17] refresh rice_mele_reference/make_vs3_n2_k32_sweep_live_report.py
2026-07-09 13:28:21 /home/gyqyan/zexuan/ecg1d_code/1D_thouless_pumping/vs3_n2_k32_sweep_live_report.html
[2026-07-09 13:28:21] return_code=0
[2026-07-09 13:28:21] refresh rice_mele_reference/make_vs3_n2_k32_sweep_fine5_live_report.py
2026-07-09 13:28:25 /home/gyqyan/zexuan/ecg1d_code/1D_thouless_pumping/vs3_n2_k32_sweep_fine5_live_report.html
[2026-07-09 13:28:25] return_code=0
[2026-07-09 13:28:25] cycle=4 done last_rc=0
[2026-07-09 13:38:25] cycle=5 start
[2026-07-09 13:38:25] refresh rice_mele_reference/make_vs3_n2_k32_sweep_live_report.py
2026-07-09 13:38:30 /home/gyqyan/zexuan/ecg1d_code/1D_thouless_pumping/vs3_n2_k32_sweep_live_report.html
[2026-07-09 13:38:30] return_code=0
[2026-07-09 13:38:30] refresh rice_mele_reference/make_vs3_n2_k32_sweep_fine5_live_report.py
2026-07-09 13:38:34 /home/gyqyan/zexuan/ecg1d_code/1D_thouless_pumping/vs3_n2_k32_sweep_fine5_live_report.html
[2026-07-09 13:38:34] return_code=0
[2026-07-09 13:38:34] cycle=5 done last_rc=0
[2026-07-09 13:48:34] cycle=6 start
[2026-07-09 13:48:34] refresh rice_mele_reference/make_vs3_n2_k32_sweep_live_report.py
2026-07-09 13:48:39 /home/gyqyan/zexuan/ecg1d_code/1D_thouless_pumping/vs3_n2_k32_sweep_live_report.html
[2026-07-09 13:48:39] return_code=0
[2026-07-09 13:48:39] refresh rice_mele_reference/make_vs3_n2_k32_sweep_fine5_live_report.py
2026-07-09 13:48:43 /home/gyqyan/zexuan/ecg1d_code/1D_thouless_pumping/vs3_n2_k32_sweep_fine5_live_report.html
[2026-07-09 13:48:43] return_code=0
[2026-07-09 13:48:43] cycle=6 done last_rc=0
[2026-07-09 13:58:43] cycle=7 start
[2026-07-09 13:58:43] refresh rice_mele_reference/make_vs3_n2_k32_sweep_live_report.py
2026-07-09 13:58:47 /home/gyqyan/zexuan/ecg1d_code/1D_thouless_pumping/vs3_n2_k32_sweep_live_report.html
[2026-07-09 13:58:48] return_code=0
[2026-07-09 13:58:48] refresh rice_mele_reference/make_vs3_n2_k32_sweep_fine5_live_report.py
2026-07-09 13:58:52 /home/gyqyan/zexuan/ecg1d_code/1D_thouless_pumping/vs3_n2_k32_sweep_fine5_live_report.html
[2026-07-09 13:58:52] return_code=0
[2026-07-09 13:58:52] cycle=7 done last_rc=0
[2026-07-09 14:08:52] cycle=8 start
[2026-07-09 14:08:52] refresh rice_mele_reference/make_vs3_n2_k32_sweep_live_report.py
2026-07-09 14:08:57 /home/gyqyan/zexuan/ecg1d_code/1D_thouless_pumping/vs3_n2_k32_sweep_live_report.html
[2026-07-09 14:08:57] return_code=0
[2026-07-09 14:08:57] refresh rice_mele_reference/make_vs3_n2_k32_sweep_fine5_live_report.py
2026-07-09 14:09:01 /home/gyqyan/zexuan/ecg1d_code/1D_thouless_pumping/vs3_n2_k32_sweep_fine5_live_report.html
[2026-07-09 14:09:01] return_code=0
[2026-07-09 14:09:01] cycle=8 done last_rc=0
[2026-07-09 14:19:01] cycle=9 start
[2026-07-09 14:19:01] refresh rice_mele_reference/make_vs3_n2_k32_sweep_live_report.py
2026-07-09 14:19:06 /home/gyqyan/zexuan/ecg1d_code/1D_thouless_pumping/vs3_n2_k32_sweep_live_report.html
[2026-07-09 14:19:06] return_code=0
[2026-07-09 14:19:06] refresh rice_mele_reference/make_vs3_n2_k32_sweep_fine5_live_report.py
2026-07-09 14:19:10 /home/gyqyan/zexuan/ecg1d_code/1D_thouless_pumping/vs3_n2_k32_sweep_fine5_live_report.html
[2026-07-09 14:19:10] return_code=0
[2026-07-09 14:19:10] cycle=9 done last_rc=0
[2026-07-09 14:29:10] cycle=10 start
[2026-07-09 14:29:10] refresh rice_mele_reference/make_vs3_n2_k32_sweep_live_report.py
2026-07-09 14:29:15 /home/gyqyan/zexuan/ecg1d_code/1D_thouless_pumping/vs3_n2_k32_sweep_live_report.html
[2026-07-09 14:29:15] return_code=0
[2026-07-09 14:29:15] refresh rice_mele_reference/make_vs3_n2_k32_sweep_fine5_live_report.py
2026-07-09 14:29:20 /home/gyqyan/zexuan/ecg1d_code/1D_thouless_pumping/vs3_n2_k32_sweep_fine5_live_report.html
[2026-07-09 14:29:20] return_code=0
[2026-07-09 14:29:20] cycle=10 done last_rc=0
[2026-07-09 14:39:20] cycle=11 start
[2026-07-09 14:39:20] refresh rice_mele_reference/make_vs3_n2_k32_sweep_live_report.py
2026-07-09 14:39:24 /home/gyqyan/zexuan/ecg1d_code/1D_thouless_pumping/vs3_n2_k32_sweep_live_report.html
[2026-07-09 14:39:24] return_code=0
[2026-07-09 14:39:24] refresh rice_mele_reference/make_vs3_n2_k32_sweep_fine5_live_report.py
2026-07-09 14:39:29 /home/gyqyan/zexuan/ecg1d_code/1D_thouless_pumping/vs3_n2_k32_sweep_fine5_live_report.html
[2026-07-09 14:39:29] return_code=0
[2026-07-09 14:39:29] cycle=11 done last_rc=0
[2026-07-09 14:49:29] cycle=12 start
[2026-07-09 14:49:29] refresh rice_mele_reference/make_vs3_n2_k32_sweep_live_report.py
2026-07-09 14:49:37 /home/gyqyan/zexuan/ecg1d_code/1D_thouless_pumping/vs3_n2_k32_sweep_live_report.html
[2026-07-09 14:49:37] return_code=0
[2026-07-09 14:49:37] refresh rice_mele_reference/make_vs3_n2_k32_sweep_fine5_live_report.py
2026-07-09 14:49:45 /home/gyqyan/zexuan/ecg1d_code/1D_thouless_pumping/vs3_n2_k32_sweep_fine5_live_report.html
[2026-07-09 14:49:46] return_code=0
[2026-07-09 14:49:46] cycle=12 done last_rc=0
