job_id=605685
array_job_id=605681
array_task_id=1
job_name=vs3n2f20B
partition=epyc
node_list=gyro
submit_dir=/home/gyqyan/zexuan/ecg1d_code/1D_thouless_pumping
workdir=/home/gyqyan/zexuan/ecg1d_code/1D_thouless_pumping
cpus_per_task=16
mem_per_node=16384
planning_estimate=K32 local-dt fine20 split B, 241279 steps; gauss conservatively about 53.6 h per width
start_time=2026-07-09T14:57:39+08:00
case_index=1
mode=gauss
sigma=1.5
binary=./build/ecg1d_vs3_n2_dt001_fine20_full
config=legacy_prb_3_3_n2_pathpad_K32_dt0p01_fine20_gauss_sigma1p500 lambda_C=1.00e-08 rcond=1.00e-04 | TDVP param dimension=256
progress N=2 step 0/241277 0.0% t=0.00000 eta_s=nan E=-2.15314997 P=0.99965889 dP=0.00000000 r12=8.04559382 Vg=0.00000106 norm=1.00000000 rank=-1/256 sv_max=nan resid=nan
initial t=0.00000 tau=0.00000 E=-2.1531499678 <X>/a=0.9996588910 norm=1.0000000000 V_gauss=0.0000010585
progress N=2 step 25/241277 0.0% t=0.25000 eta_s=158308.5 E=-2.15304085 P=0.99964205 dP=-0.00001684 r12=8.04560166 Vg=0.00000113 norm=1.00000000 rank=36/256 sv_max=1.13e+02 resid=5.18e-02
progress N=2 step 50/241277 0.0% t=0.50000 eta_s=159731.2 E=-2.15268666 P=0.99952719 dP=-0.00013170 r12=8.04555429 Vg=0.00000119 norm=1.00000000 rank=37/256 sv_max=1.10e+02 resid=2.07e-02
progress N=2 step 75/241277 0.0% t=0.75000 eta_s=159989.5 E=-2.15209799 P=0.99921590 dP=-0.00044299 r12=8.04547947 Vg=0.00000120 norm=1.00000000 rank=36/256 sv_max=1.09e+02 resid=1.34e-02
progress N=2 step 100/241277 0.0% t=1.00000 eta_s=159527.9 E=-2.15129118 P=0.99862702 dP=-0.00103187 r12=8.04535694 Vg=0.00000127 norm=1.00000000 rank=36/256 sv_max=1.11e+02 resid=1.02e-02
progress N=2 step 125/241277 0.1% t=1.25000 eta_s=159629.4 E=-2.15028593 P=0.99771422 dP=-0.00194467 r12=8.04522525 Vg=0.00000136 norm=1.00000000 rank=35/256 sv_max=1.10e+02 resid=8.58e-03
progress N=2 step 150/241277 0.1% t=1.50000 eta_s=159738.4 E=-2.14910271 P=0.99646782 dP=-0.00319107 r12=8.04513207 Vg=0.00000143 norm=1.00000000 rank=35/256 sv_max=1.07e+02 resid=7.86e-03
progress N=2 step 175/241277 0.1% t=1.75000 eta_s=159887.0 E=-2.14776242 P=0.99491260 dP=-0.00474629 r12=8.04510602 Vg=0.00000142 norm=1.00000000 rank=37/256 sv_max=1.06e+02 resid=7.51e-03
progress N=2 step 200/241277 0.1% t=2.00000 eta_s=159847.6 E=-2.14628422 P=0.99310630 dP=-0.00655259 r12=8.04517921 Vg=0.00000127 norm=1.00000000 rank=35/256 sv_max=1.11e+02 resid=7.52e-03
progress N=2 step 225/241277 0.1% t=2.25000 eta_s=159998.8 E=-2.14468318 P=0.99113366 dP=-0.00852523 r12=8.04528400 Vg=0.00000114 norm=1.00000000 rank=35/256 sv_max=1.02e+02 resid=7.19e-03
progress N=2 step 250/241277 0.1% t=2.50000 eta_s=159927.3 E=-2.14296894 P=0.98909688 dP=-0.01056201 r12=8.04540292 Vg=0.00000117 norm=1.00000000 rank=35/256 sv_max=1.07e+02 resid=6.73e-03
progress N=2 step 275/241277 0.1% t=2.75000 eta_s=159968.8 E=-2.14114291 P=0.98712955 dP=-0.01252934 r12=8.04545123 Vg=0.00000116 norm=1.00000000 rank=35/256 sv_max=1.04e+02 resid=6.52e-03
progress N=2 step 300/241277 0.1% t=3.00000 eta_s=160027.7 E=-2.13919825 P=0.98533802 dP=-0.01432087 r12=8.04543094 Vg=0.00000110 norm=1.00000000 rank=35/256 sv_max=1.05e+02 resid=7.04e-03
progress N=2 step 325/241277 0.1% t=3.25000 eta_s=160021.2 E=-2.13712329 P=0.98379822 dP=-0.01586067 r12=8.04536570 Vg=0.00000115 norm=1.00000000 rank=36/256 sv_max=1.06e+02 resid=7.83e-03
progress N=2 step 350/241277 0.1% t=3.50000 eta_s=160047.5 E=-2.13490328 P=0.98257069 dP=-0.01708820 r12=8.04533010 Vg=0.00000121 norm=1.00000000 rank=36/256 sv_max=1.01e+02 resid=8.88e-03
progress N=2 step 375/241277 0.2% t=3.75000 eta_s=159994.9 E=-2.13252118 P=0.98167937 dP=-0.01797952 r12=8.04537438 Vg=0.00000120 norm=1.00000000 rank=35/256 sv_max=1.05e+02 resid=1.10e-02
progress N=2 step 400/241277 0.2% t=4.00000 eta_s=159856.1 E=-2.12996110 P=0.98110511 dP=-0.01855378 r12=8.04546533 Vg=0.00000120 norm=1.00000000 rank=36/256 sv_max=1.00e+02 resid=1.47e-02
progress N=2 step 425/241277 0.2% t=4.25000 eta_s=159890.6 E=-2.12720985 P=0.98079139 dP=-0.01886750 r12=8.04556148 Vg=0.00000117 norm=1.00000000 rank=37/256 sv_max=1.07e+02 resid=2.25e-02
progress N=2 step 450/241277 0.2% t=4.50000 eta_s=159977.9 E=-2.12425851 P=0.98065268 dP=-0.01900622 r12=8.04558750 Vg=0.00000115 norm=1.00000000 rank=37/256 sv_max=9.92e+01 resid=4.04e-02
progress N=2 step 475/241277 0.2% t=4.75000 eta_s=159940.9 E=-2.12110504 P=0.98058633 dP=-0.01907256 r12=8.04558464 Vg=0.00000120 norm=1.00000000 rank=38/256 sv_max=1.03e+02 resid=5.97e-02
progress N=2 step 500/241277 0.2% t=5.00000 eta_s=159965.7 E=-2.11775329 P=0.98050444 dP=-0.01915445 r12=8.04557943 Vg=0.00000114 norm=1.00000000 rank=37/256 sv_max=1.03e+02 resid=3.77e-02
progress N=2 step 525/241277 0.2% t=5.25000 eta_s=160083.6 E=-2.11421149 P=0.98031204 dP=-0.01934685 r12=8.04556404 Vg=0.00000109 norm=1.00000000 rank=36/256 sv_max=9.60e+01 resid=2.48e-02
progress N=2 step 550/241277 0.2% t=5.50000 eta_s=160104.0 E=-2.11049310 P=0.97992004 dP=-0.01973885 r12=8.04554705 Vg=0.00000115 norm=1.00000000 rank=35/256 sv_max=1.02e+02 resid=1.65e-02
progress N=2 step 575/241277 0.2% t=5.75000 eta_s=160170.6 E=-2.10661504 P=0.97928019 dP=-0.02037870 r12=8.04555060 Vg=0.00000114 norm=1.00000000 rank=35/256 sv_max=9.75e+01 resid=1.19e-02
progress N=2 step 600/241277 0.2% t=6.00000 eta_s=160251.1 E=-2.10259539 P=0.97836123 dP=-0.02129766 r12=8.04558686 Vg=0.00000108 norm=1.00000000 rank=35/256 sv_max=1.04e+02 resid=1.01e-02
progress N=2 step 625/241277 0.3% t=6.25000 eta_s=160264.5 E=-2.09845402 P=0.97715513 dP=-0.02250376 r12=8.04562364 Vg=0.00000113 norm=1.00000000 rank=35/256 sv_max=9.85e+01 resid=8.48e-03
progress N=2 step 650/241277 0.3% t=6.50000 eta_s=160235.0 E=-2.09421029 P=0.97568559 dP=-0.02397330 r12=8.04569541 Vg=0.00000119 norm=1.00000000 rank=35/256 sv_max=1.05e+02 resid=8.24e-03
progress N=2 step 675/241277 0.3% t=6.75000 eta_s=160234.1 E=-2.08988081 P=0.97401013 dP=-0.02564876 r12=8.04579891 Vg=0.00000118 norm=1.00000000 rank=35/256 sv_max=9.81e+01 resid=8.20e-03
progress N=2 step 700/241277 0.3% t=7.00000 eta_s=160283.8 E=-2.08548020 P=0.97220397 dP=-0.02745492 r12=8.04597382 Vg=0.00000115 norm=1.00000000 rank=35/256 sv_max=9.91e+01 resid=8.62e-03
progress N=2 step 725/241277 0.3% t=7.25000 eta_s=160335.9 E=-2.08101867 P=0.97036082 dP=-0.02929807 r12=8.04618485 Vg=0.00000111 norm=1.00000000 rank=35/256 sv_max=1.06e+02 resid=8.94e-03
progress N=2 step 750/241277 0.3% t=7.50000 eta_s=160390.5 E=-2.07650003 P=0.96857434 dP=-0.03108455 r12=8.04635594 Vg=0.00000116 norm=1.00000000 rank=35/256 sv_max=9.44e+01 resid=9.43e-03
progress N=2 step 775/241277 0.3% t=7.75000 eta_s=160400.2 E=-2.07192217 P=0.96693361 dP=-0.03272528 r12=8.04645734 Vg=0.00000124 norm=1.00000000 rank=35/256 sv_max=1.03e+02 resid=1.01e-02
progress N=2 step 800/241277 0.3% t=8.00000 eta_s=160420.6 E=-2.06727735 P=0.96552957 dP=-0.03412932 r12=8.04645393 Vg=0.00000113 norm=1.00000000 rank=35/256 sv_max=9.71e+01 resid=1.05e-02
progress N=2 step 825/241277 0.3% t=8.25000 eta_s=160445.4 E=-2.06255413 P=0.96440385 dP=-0.03525504 r12=8.04635023 Vg=0.00000100 norm=1.00000000 rank=35/256 sv_max=1.03e+02 resid=1.16e-02
progress N=2 step 850/241277 0.4% t=8.50000 eta_s=160497.1 E=-2.05774102 P=0.96356496 dP=-0.03609393 r12=8.04614802 Vg=0.00000106 norm=1.00000000 rank=35/256 sv_max=9.79e+01 resid=1.36e-02
progress N=2 step 875/241277 0.4% t=8.75000 eta_s=160495.2 E=-2.05282818 P=0.96300389 dP=-0.03665500 r12=8.04596092 Vg=0.00000111 norm=1.00000000 rank=35/256 sv_max=1.01e+02 resid=1.71e-02
progress N=2 step 900/241277 0.4% t=9.00000 eta_s=160478.3 E=-2.04780810 P=0.96269351 dP=-0.03696538 r12=8.04583376 Vg=0.00000107 norm=1.00000000 rank=34/256 sv_max=1.01e+02 resid=2.20e-02
progress N=2 step 925/241277 0.4% t=9.25000 eta_s=160462.4 E=-2.04267582 P=0.96257567 dP=-0.03708322 r12=8.04574336 Vg=0.00000104 norm=1.00000000 rank=35/256 sv_max=9.60e+01 resid=3.25e-02
progress N=2 step 950/241277 0.4% t=9.50000 eta_s=160443.1 E=-2.03742979 P=0.96257562 dP=-0.03708328 r12=8.04569264 Vg=0.00000105 norm=1.00000000 rank=34/256 sv_max=1.08e+02 resid=6.34e-02
progress N=2 step 975/241277 0.4% t=9.75000 eta_s=160429.9 E=-2.03207125 P=0.96261053 dP=-0.03704836 r12=8.04566007 Vg=0.00000111 norm=1.00000000 rank=34/256 sv_max=9.51e+01 resid=5.82e-02
progress N=2 step 1000/241277 0.4% t=10.00000 eta_s=160404.5 E=-2.02660507 P=0.96258586 dP=-0.03707303 r12=8.04570521 Vg=0.00000114 norm=1.00000000 rank=34/256 sv_max=1.03e+02 resid=3.53e-02
progress N=2 step 1025/241277 0.4% t=10.25000 eta_s=160396.8 E=-2.02104118 P=0.96242490 dP=-0.03723399 r12=8.04583752 Vg=0.00000104 norm=1.00000000 rank=35/256 sv_max=1.03e+02 resid=2.28e-02
progress N=2 step 1050/241277 0.4% t=10.50000 eta_s=160364.6 E=-2.01539165 P=0.96205307 dP=-0.03760582 r12=8.04604494 Vg=0.00000097 norm=1.00000000 rank=35/256 sv_max=9.81e+01 resid=1.76e-02
progress N=2 step 1075/241277 0.4% t=10.75000 eta_s=160319.5 E=-2.00967225 P=0.96141309 dP=-0.03824580 r12=8.04628813 Vg=0.00000102 norm=1.00000000 rank=34/256 sv_max=1.03e+02 resid=1.44e-02
progress N=2 step 1100/241277 0.5% t=11.00000 eta_s=160284.9 E=-2.00390003 P=0.96048564 dP=-0.03917325 r12=8.04657553 Vg=0.00000100 norm=1.00000000 rank=34/256 sv_max=1.00e+02 resid=1.22e-02
progress N=2 step 1125/241277 0.5% t=11.25000 eta_s=160241.9 E=-1.99809239 P=0.95927563 dP=-0.04038326 r12=8.04689747 Vg=0.00000094 norm=1.00000000 rank=34/256 sv_max=1.07e+02 resid=1.09e-02
progress N=2 step 1150/241277 0.5% t=11.50000 eta_s=160200.8 E=-1.99226477 P=0.95782321 dP=-0.04183568 r12=8.04716845 Vg=0.00000101 norm=1.00000000 rank=34/256 sv_max=9.78e+01 resid=9.99e-03
progress N=2 step 1175/241277 0.5% t=11.75000 eta_s=160178.6 E=-1.98642946 P=0.95619475 dP=-0.04346414 r12=8.04738918 Vg=0.00000110 norm=1.00000000 rank=34/256 sv_max=1.05e+02 resid=9.90e-03
progress N=2 step 1200/241277 0.5% t=12.00000 eta_s=160147.0 E=-1.98059480 P=0.95448638 dP=-0.04517251 r12=8.04757046 Vg=0.00000112 norm=1.00000000 rank=34/256 sv_max=1.03e+02 resid=9.76e-03
progress N=2 step 1225/241277 0.5% t=12.25000 eta_s=160117.3 E=-1.97476506 P=0.95279065 dP=-0.04686825 r12=8.04772854 Vg=0.00000105 norm=1.00000000 rank=34/256 sv_max=1.01e+02 resid=1.09e-02
progress N=2 step 1250/241277 0.5% t=12.50000 eta_s=160102.3 E=-1.96894200 P=0.95119112 dP=-0.04846777 r12=8.04786066 Vg=0.00000101 norm=1.00000000 rank=34/256 sv_max=1.12e+02 resid=1.18e-02
progress N=2 step 1275/241277 0.5% t=12.75000 eta_s=160080.1 E=-1.96312297 P=0.94976972 dP=-0.04988917 r12=8.04790499 Vg=0.00000106 norm=1.00000000 rank=34/256 sv_max=9.84e+01 resid=1.33e-02
progress N=2 step 1300/241277 0.5% t=13.00000 eta_s=160059.5 E=-1.95730145 P=0.94858250 dP=-0.05107639 r12=8.04783453 Vg=0.00000107 norm=1.00000000 rank=34/256 sv_max=1.09e+02 resid=1.45e-02
progress N=2 step 1325/241277 0.5% t=13.25000 eta_s=160048.7 E=-1.95146858 P=0.94767491 dP=-0.05198398 r12=8.04764452 Vg=0.00000098 norm=1.00000000 rank=34/256 sv_max=1.06e+02 resid=1.59e-02
progress N=2 step 1350/241277 0.6% t=13.50000 eta_s=160004.8 E=-1.94561489 P=0.94705298 dP=-0.05260591 r12=8.04735363 Vg=0.00000094 norm=1.00000000 rank=34/256 sv_max=1.02e+02 resid=1.97e-02
progress N=2 step 1375/241277 0.6% t=13.75000 eta_s=159968.5 E=-1.93973140 P=0.94669819 dP=-0.05296070 r12=8.04698404 Vg=0.00000109 norm=1.00000000 rank=34/256 sv_max=1.08e+02 resid=2.36e-02
progress N=2 step 1400/241277 0.6% t=14.00000 eta_s=159943.5 E=-1.93381190 P=0.94658036 dP=-0.05307853 r12=8.04660777 Vg=0.00000119 norm=1.00000000 rank=34/256 sv_max=9.97e+01 resid=2.91e-02
progress N=2 step 1425/241277 0.6% t=14.25000 eta_s=159904.6 E=-1.92785114 P=0.94665096 dP=-0.05300793 r12=8.04631728 Vg=0.00000111 norm=1.00000000 rank=34/256 sv_max=1.11e+02 resid=4.10e-02
progress N=2 step 1450/241277 0.6% t=14.50000 eta_s=159884.4 E=-1.92184705 P=0.94684537 dP=-0.05281352 r12=8.04611397 Vg=0.00000109 norm=1.00000000 rank=34/256 sv_max=1.03e+02 resid=5.53e-02
progress N=2 step 1475/241277 0.6% t=14.75000 eta_s=159853.9 E=-1.91579986 P=0.94706430 dP=-0.05259460 r12=8.04601969 Vg=0.00000113 norm=1.00000000 rank=34/256 sv_max=1.07e+02 resid=5.29e-02
progress N=2 step 1500/241277 0.6% t=15.00000 eta_s=159824.1 E=-1.90971387 P=0.94721943 dP=-0.05243946 r12=8.04606035 Vg=0.00000117 norm=1.00000000 rank=34/256 sv_max=1.07e+02 resid=3.76e-02
progress N=2 step 1525/241277 0.6% t=15.25000 eta_s=159787.1 E=-1.90359593 P=0.94722680 dP=-0.05243209 r12=8.04627070 Vg=0.00000110 norm=1.00000000 rank=34/256 sv_max=1.03e+02 resid=2.85e-02
progress N=2 step 1550/241277 0.6% t=15.50000 eta_s=159748.7 E=-1.89745679 P=0.94700943 dP=-0.05264946 r12=8.04667159 Vg=0.00000099 norm=1.00000000 rank=34/256 sv_max=1.16e+02 resid=2.15e-02
progress N=2 step 1575/241277 0.7% t=15.75000 eta_s=159728.9 E=-1.89130921 P=0.94652445 dP=-0.05313445 r12=8.04720632 Vg=0.00000105 norm=1.00000000 rank=34/256 sv_max=9.94e+01 resid=1.83e-02
progress N=2 step 1600/241277 0.7% t=16.00000 eta_s=159704.8 E=-1.88516533 P=0.94575226 dP=-0.05390663 r12=8.04783204 Vg=0.00000114 norm=1.00000000 rank=34/256 sv_max=1.09e+02 resid=1.58e-02
progress N=2 step 1625/241277 0.7% t=16.25000 eta_s=159665.7 E=-1.87903749 P=0.94470879 dP=-0.05495010 r12=8.04849228 Vg=0.00000115 norm=1.00000000 rank=34/256 sv_max=1.09e+02 resid=1.31e-02
progress N=2 step 1650/241277 0.7% t=16.50000 eta_s=159629.0 E=-1.87293578 P=0.94341977 dP=-0.05623913 r12=8.04911501 Vg=0.00000114 norm=1.00000000 rank=35/256 sv_max=1.02e+02 resid=1.28e-02
progress N=2 step 1675/241277 0.7% t=16.75000 eta_s=159609.4 E=-1.86686887 P=0.94194800 dP=-0.05771089 r12=8.04966666 Vg=0.00000131 norm=1.00000000 rank=35/256 sv_max=1.12e+02 resid=1.28e-02
progress N=2 step 1700/241277 0.7% t=17.00000 eta_s=159573.6 E=-1.86084107 P=0.94037858 dP=-0.05928031 r12=8.05011297 Vg=0.00000140 norm=1.00000000 rank=35/256 sv_max=9.19e+01 resid=1.30e-02
progress N=2 step 1725/241277 0.7% t=17.25000 eta_s=159564.4 E=-1.85485524 P=0.93878832 dP=-0.06087057 r12=8.05041235 Vg=0.00000122 norm=1.00000000 rank=36/256 sv_max=1.14e+02 resid=1.31e-02
progress N=2 step 1750/241277 0.7% t=17.50000 eta_s=159552.4 E=-1.84891169 P=0.93727265 dP=-0.06238624 r12=8.05059166 Vg=0.00000125 norm=1.00000000 rank=37/256 sv_max=1.15e+02 resid=1.26e-02
progress N=2 step 1775/241277 0.7% t=17.75000 eta_s=159529.6 E=-1.84300897 P=0.93588650 dP=-0.06377239 r12=8.05067536 Vg=0.00000149 norm=1.00000000 rank=37/256 sv_max=1.05e+02 resid=1.38e-02
progress N=2 step 1800/241277 0.7% t=18.00000 eta_s=159505.3 E=-1.83714432 P=0.93470783 dP=-0.06495107 r12=8.05060199 Vg=0.00000175 norm=1.00000000 rank=37/256 sv_max=1.32e+02 resid=1.40e-02
progress N=2 step 1825/241277 0.8% t=18.25000 eta_s=159436.1 E=-1.83131078 P=0.93379726 dP=-0.06586163 r12=8.05030113 Vg=0.00000173 norm=1.00000000 rank=37/256 sv_max=1.16e+02 resid=1.62e-02
progress N=2 step 1850/241277 0.8% t=18.50000 eta_s=159362.6 E=-1.82549956 P=0.93318349 dP=-0.06647540 r12=8.04986726 Vg=0.00000178 norm=1.00000000 rank=36/256 sv_max=1.39e+02 resid=1.67e-02
progress N=2 step 1875/241277 0.8% t=18.75000 eta_s=159301.3 E=-1.81970230 P=0.93284221 dP=-0.06681668 r12=8.04942593 Vg=0.00000198 norm=1.00000000 rank=36/256 sv_max=1.41e+02 resid=2.04e-02
progress N=2 step 1900/241277 0.8% t=19.00000 eta_s=159241.5 E=-1.81391178 P=0.93275305 dP=-0.06690584 r12=8.04908887 Vg=0.00000216 norm=1.00000000 rank=37/256 sv_max=1.20e+02 resid=2.34e-02
progress N=2 step 1925/241277 0.8% t=19.25000 eta_s=159179.9 E=-1.80812335 P=0.93286017 dP=-0.06679872 r12=8.04890639 Vg=0.00000207 norm=1.00000000 rank=36/256 sv_max=1.23e+02 resid=2.94e-02
progress N=2 step 1950/241277 0.8% t=19.50000 eta_s=159113.6 E=-1.80233442 P=0.93307173 dP=-0.06658716 r12=8.04873142 Vg=0.00000212 norm=1.00000000 rank=37/256 sv_max=1.19e+02 resid=3.60e-02
progress N=2 step 1975/241277 0.8% t=19.75000 eta_s=159057.5 E=-1.79654638 P=0.93331452 dP=-0.06634437 r12=8.04850709 Vg=0.00000211 norm=1.00000000 rank=36/256 sv_max=1.26e+02 resid=3.82e-02
progress N=2 step 2000/241277 0.8% t=20.00000 eta_s=158995.4 E=-1.79076045 P=0.93352868 dP=-0.06613021 r12=8.04823984 Vg=0.00000212 norm=1.00000000 rank=36/256 sv_max=1.28e+02 resid=4.45e-02
progress N=2 step 2025/241277 0.8% t=20.25000 eta_s=158935.2 E=-1.78497900 P=0.93364322 dP=-0.06601567 r12=8.04792392 Vg=0.00000230 norm=1.00000000 rank=37/256 sv_max=1.07e+02 resid=3.46e-02
progress N=2 step 2050/241277 0.8% t=20.50000 eta_s=158878.7 E=-1.77920654 P=0.93361327 dP=-0.06604562 r12=8.04771704 Vg=0.00000232 norm=1.00000000 rank=36/256 sv_max=1.12e+02 resid=3.57e-02
progress N=2 step 2075/241277 0.9% t=20.75000 eta_s=158820.8 E=-1.77344881 P=0.93339660 dP=-0.06626229 r12=8.04767894 Vg=0.00000243 norm=1.00000000 rank=37/256 sv_max=1.03e+02 resid=2.36e-02
progress N=2 step 2100/241277 0.9% t=21.00000 eta_s=158765.6 E=-1.76771286 P=0.93298528 dP=-0.06667361 r12=8.04780676 Vg=0.00000260 norm=1.00000000 rank=36/256 sv_max=1.10e+02 resid=2.21e-02
progress N=2 step 2125/241277 0.9% t=21.25000 eta_s=158705.9 E=-1.76200515 P=0.93237219 dP=-0.06728670 r12=8.04818851 Vg=0.00000276 norm=1.00000000 rank=36/256 sv_max=1.17e+02 resid=1.75e-02
progress N=2 step 2150/241277 0.9% t=21.50000 eta_s=158645.9 E=-1.75633101 P=0.93158118 dP=-0.06807771 r12=8.04872225 Vg=0.00000283 norm=1.00000000 rank=37/256 sv_max=9.22e+01 resid=1.67e-02
progress N=2 step 2175/241277 0.9% t=21.75000 eta_s=158581.7 E=-1.75069578 P=0.93062717 dP=-0.06903173 r12=8.04941398 Vg=0.00000294 norm=1.00000000 rank=35/256 sv_max=1.10e+02 resid=2.09e-02
progress N=2 step 2200/241277 0.9% t=22.00000 eta_s=158521.9 E=-1.74510407 P=0.92953853 dP=-0.07012036 r12=8.05016228 Vg=0.00000329 norm=1.00000000 rank=35/256 sv_max=1.16e+02 resid=1.77e-02
progress N=2 step 2225/241277 0.9% t=22.25000 eta_s=158462.6 E=-1.73955818 P=0.92837230 dP=-0.07128659 r12=8.05079806 Vg=0.00000349 norm=1.00000000 rank=36/256 sv_max=1.02e+02 resid=1.68e-02
progress N=2 step 2250/241277 0.9% t=22.50000 eta_s=158403.4 E=-1.73406004 P=0.92719192 dP=-0.07246697 r12=8.05137283 Vg=0.00000344 norm=1.00000000 rank=36/256 sv_max=1.05e+02 resid=1.93e-02
progress N=2 step 2275/241277 0.9% t=22.75000 eta_s=158348.2 E=-1.72860928 P=0.92604774 dP=-0.07361115 r12=8.05198947 Vg=0.00000369 norm=1.00000000 rank=35/256 sv_max=1.19e+02 resid=2.03e-02
progress N=2 step 2300/241277 1.0% t=23.00000 eta_s=158303.0 E=-1.72320421 P=0.92499869 dP=-0.07466020 r12=8.05265819 Vg=0.00000426 norm=1.00000000 rank=36/256 sv_max=1.20e+02 resid=1.90e-02
progress N=2 step 2325/241277 1.0% t=23.25000 eta_s=158282.4 E=-1.71784105 P=0.92406828 dP=-0.07559062 r12=8.05336965 Vg=0.00000482 norm=1.00000000 rank=37/256 sv_max=1.22e+02 resid=2.48e-02
progress N=2 step 2350/241277 1.0% t=23.50000 eta_s=158265.2 E=-1.71251832 P=0.92328032 dP=-0.07637858 r12=8.05406516 Vg=0.00000506 norm=1.00000000 rank=36/256 sv_max=1.27e+02 resid=3.08e-02
progress N=2 step 2375/241277 1.0% t=23.75000 eta_s=158243.0 E=-1.70723244 P=0.92263323 dP=-0.07702566 r12=8.05464049 Vg=0.00000532 norm=1.00000000 rank=36/256 sv_max=1.30e+02 resid=3.47e-02
progress N=2 step 2400/241277 1.0% t=24.00000 eta_s=158255.9 E=-1.70198041 P=0.92212276 dP=-0.07753613 r12=8.05501755 Vg=0.00000559 norm=1.00000000 rank=36/256 sv_max=1.31e+02 resid=3.70e-02
progress N=2 step 2425/241277 1.0% t=24.25000 eta_s=158268.6 E=-1.69675897 P=0.92173921 dP=-0.07791968 r12=8.05511533 Vg=0.00000608 norm=1.00000000 rank=37/256 sv_max=1.32e+02 resid=3.12e-02
progress N=2 step 2450/241277 1.0% t=24.50000 eta_s=158269.0 E=-1.69156499 P=0.92146800 dP=-0.07819089 r12=8.05492024 Vg=0.00000589 norm=1.00000000 rank=36/256 sv_max=1.24e+02 resid=3.12e-02
progress N=2 step 2475/241277 1.0% t=24.75000 eta_s=158252.9 E=-1.68640022 P=0.92126802 dP=-0.07839087 r12=8.05432664 Vg=0.00000581 norm=1.00000000 rank=35/256 sv_max=1.24e+02 resid=4.18e-02
progress N=2 step 2500/241277 1.0% t=25.00000 eta_s=158244.5 E=-1.68126333 P=0.92111084 dP=-0.07854805 r12=8.05325683 Vg=0.00000614 norm=1.00000000 rank=34/256 sv_max=1.31e+02 resid=4.91e-02
progress N=2 step 2525/241277 1.0% t=25.25000 eta_s=158229.9 E=-1.67615389 P=0.92096486 dP=-0.07869403 r12=8.05178348 Vg=0.00000651 norm=1.00000000 rank=34/256 sv_max=1.24e+02 resid=6.74e-02
progress N=2 step 2550/241277 1.1% t=25.50000 eta_s=158216.8 E=-1.67107110 P=0.92081845 dP=-0.07884044 r12=8.05008715 Vg=0.00000705 norm=1.00000000 rank=34/256 sv_max=1.21e+02 resid=8.14e-02
progress N=2 step 2575/241277 1.1% t=25.75000 eta_s=158205.7 E=-1.66601429 P=0.92065756 dP=-0.07900133 r12=8.04828368 Vg=0.00000740 norm=1.00000000 rank=34/256 sv_max=1.24e+02 resid=7.30e-02
progress N=2 step 2600/241277 1.1% t=26.00000 eta_s=158221.1 E=-1.66098333 P=0.92047350 dP=-0.07918539 r12=8.04646436 Vg=0.00000748 norm=1.00000000 rank=34/256 sv_max=1.24e+02 resid=6.41e-02
progress N=2 step 2625/241277 1.1% t=26.25000 eta_s=158224.9 E=-1.65597890 P=0.92025704 dP=-0.07940185 r12=8.04471112 Vg=0.00000784 norm=1.00000000 rank=34/256 sv_max=1.20e+02 resid=6.10e-02
progress N=2 step 2650/241277 1.1% t=26.50000 eta_s=158203.8 E=-1.65100196 P=0.92000547 dP=-0.07965342 r12=8.04317277 Vg=0.00000833 norm=1.00000000 rank=34/256 sv_max=1.17e+02 resid=6.26e-02
progress N=2 step 2675/241277 1.1% t=26.75000 eta_s=158198.2 E=-1.64605534 P=0.91972960 dP=-0.07992929 r12=8.04204181 Vg=0.00000857 norm=1.00000000 rank=34/256 sv_max=1.23e+02 resid=6.34e-02
progress N=2 step 2700/241277 1.1% t=27.00000 eta_s=158206.0 E=-1.64114032 P=0.91942369 dP=-0.08023520 r12=8.04141367 Vg=0.00000881 norm=1.00000000 rank=34/256 sv_max=1.27e+02 resid=5.85e-02
progress N=2 step 2725/241277 1.1% t=27.25000 eta_s=158217.3 E=-1.63625750 P=0.91907761 dP=-0.08058128 r12=8.04132029 Vg=0.00000935 norm=1.00000000 rank=34/256 sv_max=1.20e+02 resid=5.12e-02
progress N=2 step 2750/241277 1.1% t=27.50000 eta_s=158214.9 E=-1.63140800 P=0.91870194 dP=-0.08095695 r12=8.04184851 Vg=0.00000943 norm=1.00000000 rank=34/256 sv_max=1.18e+02 resid=4.47e-02
progress N=2 step 2775/241277 1.2% t=27.75000 eta_s=158208.2 E=-1.62659210 P=0.91829226 dP=-0.08136663 r12=8.04298340 Vg=0.00000942 norm=1.00000000 rank=34/256 sv_max=1.19e+02 resid=4.15e-02
progress N=2 step 2800/241277 1.2% t=28.00000 eta_s=158194.2 E=-1.62180957 P=0.91783848 dP=-0.08182041 r12=8.04474438 Vg=0.00000992 norm=1.00000000 rank=34/256 sv_max=1.18e+02 resid=3.84e-02
progress N=2 step 2825/241277 1.2% t=28.25000 eta_s=158204.6 E=-1.61706179 P=0.91732841 dP=-0.08233048 r12=8.04723714 Vg=0.00001049 norm=1.00000000 rank=35/256 sv_max=1.20e+02 resid=3.41e-02
progress N=2 step 2850/241277 1.2% t=28.50000 eta_s=158189.6 E=-1.61234940 P=0.91677141 dP=-0.08288748 r12=8.05040298 Vg=0.00001061 norm=1.00000000 rank=34/256 sv_max=1.25e+02 resid=3.94e-02
progress N=2 step 2875/241277 1.2% t=28.75000 eta_s=158189.7 E=-1.60767343 P=0.91616474 dP=-0.08349416 r12=8.05399691 Vg=0.00001054 norm=1.00000000 rank=34/256 sv_max=1.31e+02 resid=3.96e-02
progress N=2 step 2900/241277 1.2% t=29.00000 eta_s=158192.7 E=-1.60303481 P=0.91550018 dP=-0.08415871 r12=8.05770759 Vg=0.00001072 norm=1.00000000 rank=34/256 sv_max=1.32e+02 resid=3.69e-02
progress N=2 step 2925/241277 1.2% t=29.25000 eta_s=158190.3 E=-1.59843413 P=0.91478701 dP=-0.08487188 r12=8.06119339 Vg=0.00001117 norm=1.00000000 rank=35/256 sv_max=1.28e+02 resid=3.46e-02
progress N=2 step 2950/241277 1.2% t=29.50000 eta_s=158180.9 E=-1.59387213 P=0.91404842 dP=-0.08561047 r12=8.06418489 Vg=0.00001133 norm=1.00000000 rank=35/256 sv_max=1.27e+02 resid=3.30e-02
progress N=2 step 2975/241277 1.2% t=29.75000 eta_s=158163.2 E=-1.58934859 P=0.91329831 dP=-0.08636058 r12=8.06646339 Vg=0.00001105 norm=1.00000000 rank=35/256 sv_max=1.34e+02 resid=3.32e-02
progress N=2 step 3000/241277 1.2% t=30.00000 eta_s=158131.1 E=-1.58486352 P=0.91254162 dP=-0.08711727 r12=8.06777766 Vg=0.00001085 norm=1.00000000 rank=35/256 sv_max=1.36e+02 resid=3.21e-02
progress N=2 step 3025/241277 1.3% t=30.25000 eta_s=158102.3 E=-1.58041689 P=0.91180014 dP=-0.08785875 r12=8.06796342 Vg=0.00001083 norm=1.00000000 rank=35/256 sv_max=1.35e+02 resid=3.28e-02
progress N=2 step 3050/241277 1.3% t=30.50000 eta_s=158074.5 E=-1.57600865 P=0.91110120 dP=-0.08855769 r12=8.06696549 Vg=0.00001082 norm=1.00000000 rank=35/256 sv_max=1.39e+02 resid=3.53e-02
progress N=2 step 3075/241277 1.3% t=30.75000 eta_s=158044.8 E=-1.57163761 P=0.91046029 dP=-0.08919860 r12=8.06476435 Vg=0.00001090 norm=1.00000000 rank=34/256 sv_max=1.44e+02 resid=3.65e-02
progress N=2 step 3100/241277 1.3% t=31.00000 eta_s=158015.7 E=-1.56730173 P=0.90988770 dP=-0.08977119 r12=8.06146923 Vg=0.00001106 norm=1.00000000 rank=34/256 sv_max=1.46e+02 resid=3.47e-02
progress N=2 step 3125/241277 1.3% t=31.25000 eta_s=157987.3 E=-1.56299862 P=0.90940030 dP=-0.09025859 r12=8.05732303 Vg=0.00001140 norm=1.00000000 rank=34/256 sv_max=1.45e+02 resid=3.39e-02
progress N=2 step 3150/241277 1.3% t=31.50000 eta_s=157955.1 E=-1.55872620 P=0.90900838 dP=-0.09065052 r12=8.05267165 Vg=0.00001189 norm=1.00000000 rank=34/256 sv_max=1.44e+02 resid=3.40e-02
progress N=2 step 3175/241277 1.3% t=31.75000 eta_s=157923.7 E=-1.55448348 P=0.90871713 dP=-0.09094176 r12=8.04787534 Vg=0.00001213 norm=1.00000000 rank=34/256 sv_max=1.46e+02 resid=3.70e-02
progress N=2 step 3200/241277 1.3% t=32.00000 eta_s=157897.8 E=-1.55026965 P=0.90852656 dP=-0.09113233 r12=8.04318493 Vg=0.00001224 norm=1.00000000 rank=34/256 sv_max=1.49e+02 resid=4.18e-02
progress N=2 step 3225/241277 1.3% t=32.25000 eta_s=157876.4 E=-1.54608284 P=0.90843587 dP=-0.09122302 r12=8.03884453 Vg=0.00001229 norm=1.00000000 rank=34/256 sv_max=1.48e+02 resid=4.81e-02
progress N=2 step 3250/241277 1.3% t=32.50000 eta_s=157848.9 E=-1.54192190 P=0.90843193 dP=-0.09122696 r12=8.03512231 Vg=0.00001223 norm=1.00000000 rank=34/256 sv_max=1.48e+02 resid=5.30e-02
progress N=2 step 3275/241277 1.4% t=32.75000 eta_s=157821.7 E=-1.53778528 P=0.90848647 dP=-0.09117242 r12=8.03225941 Vg=0.00001217 norm=1.00000000 rank=34/256 sv_max=1.47e+02 resid=5.55e-02
progress N=2 step 3300/241277 1.4% t=33.00000 eta_s=157797.8 E=-1.53367166 P=0.90855998 dP=-0.09109891 r12=8.03044572 Vg=0.00001244 norm=1.00000000 rank=34/256 sv_max=1.44e+02 resid=5.43e-02
progress N=2 step 3325/241277 1.4% t=33.25000 eta_s=157775.4 E=-1.52958173 P=0.90861759 dP=-0.09104130 r12=8.02985539 Vg=0.00001303 norm=1.00000000 rank=34/256 sv_max=1.43e+02 resid=5.38e-02
progress N=2 step 3350/241277 1.4% t=33.50000 eta_s=157748.5 E=-1.52551515 P=0.90863896 dP=-0.09101993 r12=8.03061926 Vg=0.00001333 norm=1.00000000 rank=34/256 sv_max=1.44e+02 resid=5.49e-02
progress N=2 step 3375/241277 1.4% t=33.75000 eta_s=157723.1 E=-1.52147354 P=0.90860442 dP=-0.09105447 r12=8.03273405 Vg=0.00001327 norm=1.00000000 rank=34/256 sv_max=1.47e+02 resid=5.45e-02
progress N=2 step 3400/241277 1.4% t=34.00000 eta_s=157698.2 E=-1.51745758 P=0.90848921 dP=-0.09116968 r12=8.03603848 Vg=0.00001349 norm=1.00000000 rank=34/256 sv_max=1.48e+02 resid=5.16e-02
progress N=2 step 3425/241277 1.4% t=34.25000 eta_s=157673.5 E=-1.51346814 P=0.90827852 dP=-0.09138037 r12=8.04029698 Vg=0.00001382 norm=1.00000000 rank=35/256 sv_max=1.47e+02 resid=4.85e-02
progress N=2 step 3450/241277 1.4% t=34.50000 eta_s=157648.1 E=-1.50950740 P=0.90796322 dP=-0.09169567 r12=8.04519906 Vg=0.00001395 norm=1.00000000 rank=34/256 sv_max=1.47e+02 resid=4.55e-02
progress N=2 step 3475/241277 1.4% t=34.75000 eta_s=157623.4 E=-1.50557550 P=0.90754335 dP=-0.09211554 r12=8.05035025 Vg=0.00001386 norm=1.00000000 rank=34/256 sv_max=1.48e+02 resid=4.24e-02
progress N=2 step 3500/241277 1.5% t=35.00000 eta_s=157598.5 E=-1.50167333 P=0.90702726 dP=-0.09263163 r12=8.05534443 Vg=0.00001402 norm=1.00000000 rank=34/256 sv_max=1.47e+02 resid=4.01e-02
progress N=2 step 3525/241277 1.5% t=35.25000 eta_s=157579.2 E=-1.49780223 P=0.90643084 dP=-0.09322805 r12=8.05988383 Vg=0.00001435 norm=1.00000000 rank=34/256 sv_max=1.47e+02 resid=4.04e-02
progress N=2 step 3550/241277 1.5% t=35.50000 eta_s=157560.3 E=-1.49396252 P=0.90577314 dP=-0.09388576 r12=8.06373393 Vg=0.00001436 norm=1.00000000 rank=34/256 sv_max=1.49e+02 resid=4.18e-02
progress N=2 step 3575/241277 1.5% t=35.75000 eta_s=157537.9 E=-1.49015506 P=0.90507203 dP=-0.09458686 r12=8.06666550 Vg=0.00001423 norm=1.00000000 rank=34/256 sv_max=1.53e+02 resid=4.29e-02
progress N=2 step 3600/241277 1.5% t=36.00000 eta_s=157507.6 E=-1.48638051 P=0.90435356 dP=-0.09530533 r12=8.06853590 Vg=0.00001447 norm=1.00000000 rank=34/256 sv_max=1.54e+02 resid=4.32e-02
progress N=2 step 3625/241277 1.5% t=36.25000 eta_s=157467.4 E=-1.48263869 P=0.90365131 dP=-0.09600758 r12=8.06936031 Vg=0.00001505 norm=1.00000000 rank=34/256 sv_max=1.55e+02 resid=4.35e-02
progress N=2 step 3650/241277 1.5% t=36.50000 eta_s=157439.9 E=-1.47892874 P=0.90299248 dP=-0.09666641 r12=8.06925030 Vg=0.00001544 norm=1.00000000 rank=34/256 sv_max=1.58e+02 resid=4.36e-02
progress N=2 step 3675/241277 1.5% t=36.75000 eta_s=157414.5 E=-1.47524952 P=0.90238925 dP=-0.09726964 r12=8.06833612 Vg=0.00001550 norm=1.00000000 rank=34/256 sv_max=1.60e+02 resid=4.36e-02
progress N=2 step 3700/241277 1.5% t=37.00000 eta_s=157382.0 E=-1.47159990 P=0.90184726 dP=-0.09781163 r12=8.06676769 Vg=0.00001555 norm=1.00000000 rank=34/256 sv_max=1.60e+02 resid=4.49e-02
progress N=2 step 3725/241277 1.5% t=37.25000 eta_s=157350.1 E=-1.46797878 P=0.90137338 dP=-0.09828551 r12=8.06473807 Vg=0.00001552 norm=1.00000000 rank=34/256 sv_max=1.61e+02 resid=4.90e-02
progress N=2 step 3750/241277 1.6% t=37.50000 eta_s=157312.8 E=-1.46438520 P=0.90096965 dP=-0.09868924 r12=8.06242564 Vg=0.00001522 norm=1.00000000 rank=34/256 sv_max=1.65e+02 resid=5.55e-02
progress N=2 step 3775/241277 1.6% t=37.75000 eta_s=157273.6 E=-1.46081835 P=0.90063375 dP=-0.09902514 r12=8.05995842 Vg=0.00001487 norm=1.00000000 rank=34/256 sv_max=1.69e+02 resid=6.22e-02
progress N=2 step 3800/241277 1.6% t=38.00000 eta_s=157237.2 E=-1.45727691 P=0.90036427 dP=-0.09929462 r12=8.05747705 Vg=0.00001477 norm=1.00000000 rank=34/256 sv_max=1.69e+02 resid=6.99e-02
progress N=2 step 3825/241277 1.6% t=38.25000 eta_s=157192.4 E=-1.45375960 P=0.90015462 dP=-0.09950428 r12=8.05514808 Vg=0.00001490 norm=1.00000000 rank=34/256 sv_max=1.69e+02 resid=8.03e-02
progress N=2 step 3850/241277 1.6% t=38.50000 eta_s=157159.4 E=-1.45026547 P=0.89999035 dP=-0.09966854 r12=8.05308235 Vg=0.00001503 norm=1.00000000 rank=34/256 sv_max=1.69e+02 resid=8.98e-02
progress N=2 step 3875/241277 1.6% t=38.75000 eta_s=157130.3 E=-1.44679392 P=0.89985486 dP=-0.09980403 r12=8.05129745 Vg=0.00001519 norm=1.00000000 rank=34/256 sv_max=1.69e+02 resid=9.57e-02
progress N=2 step 3900/241277 1.6% t=39.00000 eta_s=157091.8 E=-1.44334456 P=0.89973328 dP=-0.09992561 r12=8.04978972 Vg=0.00001543 norm=1.00000000 rank=34/256 sv_max=1.69e+02 resid=1.04e-01
progress N=2 step 3925/241277 1.6% t=39.25000 eta_s=157057.6 E=-1.43991720 P=0.89961456 dP=-0.10004433 r12=8.04856561 Vg=0.00001534 norm=1.00000000 rank=34/256 sv_max=1.72e+02 resid=1.21e-01
progress N=2 step 3950/241277 1.6% t=39.50000 eta_s=157023.5 E=-1.43651232 P=0.89948330 dP=-0.10017559 r12=8.04755296 Vg=0.00001469 norm=1.00000000 rank=34/256 sv_max=1.77e+02 resid=1.32e-01
progress N=2 step 3975/241277 1.6% t=39.75000 eta_s=156987.5 E=-1.43313016 P=0.89931956 dP=-0.10033933 r12=8.04660152 Vg=0.00001389 norm=1.00000000 rank=34/256 sv_max=1.78e+02 resid=1.21e-01
progress N=2 step 4000/241277 1.7% t=40.00000 eta_s=156951.6 E=-1.42977044 P=0.89911070 dP=-0.10054820 r12=8.04560669 Vg=0.00001341 norm=1.00000000 rank=34/256 sv_max=1.75e+02 resid=1.07e-01
progress N=2 step 4025/241277 1.7% t=40.25000 eta_s=156922.2 E=-1.42643324 P=0.89885318 dP=-0.10080571 r12=8.04453728 Vg=0.00001310 norm=1.00000000 rank=34/256 sv_max=1.75e+02 resid=9.63e-02
progress N=2 step 4050/241277 1.7% t=40.50000 eta_s=156904.1 E=-1.42311975 P=0.89854549 dP=-0.10111340 r12=8.04335361 Vg=0.00001285 norm=1.00000000 rank=33/256 sv_max=1.77e+02 resid=8.41e-02
progress N=2 step 4075/241277 1.7% t=40.75000 eta_s=156876.3 E=-1.41982926 P=0.89819208 dP=-0.10146681 r12=8.04201328 Vg=0.00001278 norm=1.00000000 rank=33/256 sv_max=1.79e+02 resid=7.50e-02
progress N=2 step 4100/241277 1.7% t=41.00000 eta_s=156845.5 E=-1.41656144 P=0.89780778 dP=-0.10185111 r12=8.04056298 Vg=0.00001276 norm=1.00000000 rank=33/256 sv_max=1.80e+02 resid=7.00e-02
progress N=2 step 4125/241277 1.7% t=41.25000 eta_s=156821.6 E=-1.41331773 P=0.89740324 dP=-0.10225565 r12=8.03911805 Vg=0.00001263 norm=1.00000000 rank=33/256 sv_max=1.83e+02 resid=6.65e-02
progress N=2 step 4150/241277 1.7% t=41.50000 eta_s=156788.5 E=-1.41009696 P=0.89698532 dP=-0.10267357 r12=8.03780106 Vg=0.00001234 norm=1.00000000 rank=33/256 sv_max=1.84e+02 resid=6.36e-02
progress N=2 step 4175/241277 1.7% t=41.75000 eta_s=156761.6 E=-1.40689996 P=0.89656163 dP=-0.10309726 r12=8.03670609 Vg=0.00001205 norm=1.00000000 rank=33/256 sv_max=1.84e+02 resid=6.14e-02
progress N=2 step 4200/241277 1.7% t=42.00000 eta_s=156731.0 E=-1.40372690 P=0.89613441 dP=-0.10352449 r12=8.03595861 Vg=0.00001204 norm=1.00000000 rank=33/256 sv_max=1.84e+02 resid=6.01e-02
progress N=2 step 4225/241277 1.8% t=42.25000 eta_s=156708.4 E=-1.40057729 P=0.89570602 dP=-0.10395287 r12=8.03575466 Vg=0.00001195 norm=1.00000000 rank=33/256 sv_max=1.86e+02 resid=6.02e-02
progress N=2 step 4250/241277 1.8% t=42.50000 eta_s=156691.5 E=-1.39745179 P=0.89527266 dP=-0.10438623 r12=8.03627228 Vg=0.00001174 norm=1.00000000 rank=33/256 sv_max=1.90e+02 resid=6.08e-02
progress N=2 step 4275/241277 1.8% t=42.75000 eta_s=156676.8 E=-1.39434940 P=0.89483280 dP=-0.10482609 r12=8.03762366 Vg=0.00001157 norm=1.00000000 rank=33/256 sv_max=1.90e+02 resid=6.34e-02
progress N=2 step 4300/241277 1.8% t=43.00000 eta_s=156662.4 E=-1.39127071 P=0.89439074 dP=-0.10526815 r12=8.03986728 Vg=0.00001154 norm=1.00000000 rank=33/256 sv_max=1.89e+02 resid=6.75e-02
progress N=2 step 4325/241277 1.8% t=43.25000 eta_s=156646.0 E=-1.38821452 P=0.89395796 dP=-0.10570093 r12=8.04299672 Vg=0.00001148 norm=1.00000000 rank=33/256 sv_max=1.90e+02 resid=7.33e-02
progress N=2 step 4350/241277 1.8% t=43.50000 eta_s=156630.6 E=-1.38518030 P=0.89354710 dP=-0.10611179 r12=8.04687526 Vg=0.00001142 norm=1.00000000 rank=33/256 sv_max=1.92e+02 resid=7.86e-02
progress N=2 step 4375/241277 1.8% t=43.75000 eta_s=156619.4 E=-1.38216737 P=0.89315976 dP=-0.10649913 r12=8.05125633 Vg=0.00001195 norm=1.00000000 rank=34/256 sv_max=1.91e+02 resid=7.99e-02
progress N=2 step 4400/241277 1.8% t=44.00000 eta_s=156611.9 E=-1.37917378 P=0.89281656 dP=-0.10684233 r12=8.05598259 Vg=0.00001225 norm=1.00000000 rank=34/256 sv_max=1.91e+02 resid=8.31e-02
progress N=2 step 4425/241277 1.8% t=44.25000 eta_s=156598.7 E=-1.37620117 P=0.89251068 dP=-0.10714821 r12=8.06080803 Vg=0.00001240 norm=1.00000000 rank=34/256 sv_max=1.94e+02 resid=8.92e-02
progress N=2 step 4450/241277 1.8% t=44.50000 eta_s=156589.5 E=-1.37324807 P=0.89223057 dP=-0.10742832 r12=8.06546517 Vg=0.00001257 norm=1.00000000 rank=34/256 sv_max=1.96e+02 resid=8.93e-02
progress N=2 step 4475/241277 1.9% t=44.75000 eta_s=156574.4 E=-1.37031450 P=0.89197890 dP=-0.10767999 r12=8.06960465 Vg=0.00001276 norm=1.00000000 rank=34/256 sv_max=1.97e+02 resid=8.58e-02
progress N=2 step 4500/241277 1.9% t=45.00000 eta_s=156556.5 E=-1.36740151 P=0.89176212 dP=-0.10789677 r12=8.07294201 Vg=0.00001299 norm=1.00000000 rank=34/256 sv_max=1.98e+02 resid=8.40e-02
progress N=2 step 4525/241277 1.9% t=45.25000 eta_s=156537.4 E=-1.36450737 P=0.89157927 dP=-0.10807962 r12=8.07524393 Vg=0.00001303 norm=1.00000000 rank=34/256 sv_max=1.99e+02 resid=8.31e-02
progress N=2 step 4550/241277 1.9% t=45.50000 eta_s=156517.7 E=-1.36163156 P=0.89141891 dP=-0.10823998 r12=8.07635611 Vg=0.00001298 norm=1.00000000 rank=34/256 sv_max=2.00e+02 resid=8.21e-02
progress N=2 step 4575/241277 1.9% t=45.75000 eta_s=156499.7 E=-1.35877411 P=0.89127125 dP=-0.10838764 r12=8.07624019 Vg=0.00001312 norm=1.00000000 rank=34/256 sv_max=1.99e+02 resid=8.27e-02
progress N=2 step 4600/241277 1.9% t=46.00000 eta_s=156482.2 E=-1.35593416 P=0.89113104 dP=-0.10852785 r12=8.07497882 Vg=0.00001333 norm=1.00000000 rank=34/256 sv_max=1.98e+02 resid=8.50e-02
progress N=2 step 4625/241277 1.9% t=46.25000 eta_s=156462.6 E=-1.35311091 P=0.89098966 dP=-0.10866923 r12=8.07269670 Vg=0.00001342 norm=1.00000000 rank=34/256 sv_max=2.00e+02 resid=8.61e-02
progress N=2 step 4650/241277 1.9% t=46.50000 eta_s=156440.0 E=-1.35030426 P=0.89083933 dP=-0.10881956 r12=8.06951986 Vg=0.00001357 norm=1.00000000 rank=34/256 sv_max=2.02e+02 resid=8.44e-02
progress N=2 step 4675/241277 1.9% t=46.75000 eta_s=156417.0 E=-1.34751416 P=0.89068279 dP=-0.10897610 r12=8.06561308 Vg=0.00001386 norm=1.00000000 rank=34/256 sv_max=2.02e+02 resid=8.18e-02
progress N=2 step 4700/241277 1.9% t=47.00000 eta_s=156394.5 E=-1.34474132 P=0.89052775 dP=-0.10913114 r12=8.06121394 Vg=0.00001402 norm=1.00000000 rank=34/256 sv_max=2.02e+02 resid=8.02e-02
progress N=2 step 4725/241277 2.0% t=47.25000 eta_s=156362.8 E=-1.34198501 P=0.89037318 dP=-0.10928571 r12=8.05658769 Vg=0.00001393 norm=1.00000000 rank=34/256 sv_max=2.04e+02 resid=7.84e-02
progress N=2 step 4750/241277 2.0% t=47.50000 eta_s=156324.9 E=-1.33924541 P=0.89021301 dP=-0.10944588 r12=8.05198840 Vg=0.00001381 norm=1.00000000 rank=34/256 sv_max=2.04e+02 resid=7.79e-02
progress N=2 step 4775/241277 2.0% t=47.75000 eta_s=156289.1 E=-1.33652261 P=0.89004315 dP=-0.10961574 r12=8.04765556 Vg=0.00001381 norm=1.00000000 rank=34/256 sv_max=2.05e+02 resid=8.22e-02
progress N=2 step 4800/241277 2.0% t=48.00000 eta_s=156254.0 E=-1.33381674 P=0.88985933 dP=-0.10979956 r12=8.04381299 Vg=0.00001366 norm=1.00000000 rank=33/256 sv_max=2.06e+02 resid=9.11e-02
progress N=2 step 4825/241277 2.0% t=48.25000 eta_s=156209.0 E=-1.33112790 P=0.88965190 dP=-0.11000699 r12=8.04063204 Vg=0.00001329 norm=1.00000000 rank=33/256 sv_max=2.08e+02 resid=9.86e-02
progress N=2 step 4850/241277 2.0% t=48.50000 eta_s=156169.5 E=-1.32845603 P=0.88941225 dP=-0.11024664 r12=8.03822165 Vg=0.00001309 norm=1.00000000 rank=33/256 sv_max=2.09e+02 resid=9.88e-02
progress N=2 step 4875/241277 2.0% t=48.75000 eta_s=156133.3 E=-1.32580093 P=0.88913966 dP=-0.11051923 r12=8.03665839 Vg=0.00001314 norm=1.00000000 rank=34/256 sv_max=2.07e+02 resid=9.79e-02
progress N=2 step 4900/241277 2.0% t=49.00000 eta_s=156094.6 E=-1.32316246 P=0.88883420 dP=-0.11082469 r12=8.03597335 Vg=0.00001312 norm=1.00000000 rank=34/256 sv_max=2.07e+02 resid=1.00e-01
progress N=2 step 4925/241277 2.0% t=49.25000 eta_s=156045.9 E=-1.32054086 P=0.88849048 dP=-0.11116841 r12=8.03611134 Vg=0.00001308 norm=1.00000000 rank=33/256 sv_max=2.09e+02 resid=1.03e-01
progress N=2 step 4950/241277 2.1% t=49.50000 eta_s=156006.8 E=-1.31793628 P=0.88810920 dP=-0.11154969 r12=8.03692167 Vg=0.00001322 norm=1.00000000 rank=33/256 sv_max=2.13e+02 resid=1.03e-01
progress N=2 step 4975/241277 2.1% t=49.75000 eta_s=155966.6 E=-1.31534883 P=0.88770064 dP=-0.11195825 r12=8.03823188 Vg=0.00001345 norm=1.00000000 rank=33/256 sv_max=2.15e+02 resid=9.80e-02
progress N=2 step 5000/241277 2.1% t=50.00000 eta_s=155929.6 E=-1.31277871 P=0.88727049 dP=-0.11238840 r12=8.03983843 Vg=0.00001340 norm=1.00000000 rank=33/256 sv_max=2.17e+02 resid=8.89e-02
progress N=2 step 5025/241277 2.1% t=50.25000 eta_s=155891.8 E=-1.31022603 P=0.88681591 dP=-0.11284298 r12=8.04152347 Vg=0.00001324 norm=1.00000000 rank=33/256 sv_max=2.20e+02 resid=7.76e-02
progress N=2 step 5050/241277 2.1% t=50.50000 eta_s=155852.0 E=-1.30769094 P=0.88633912 dP=-0.11331977 r12=8.04306233 Vg=0.00001312 norm=1.00000000 rank=33/256 sv_max=2.23e+02 resid=6.99e-02
progress N=2 step 5075/241277 2.1% t=50.75000 eta_s=155804.7 E=-1.30517340 P=0.88584935 dP=-0.11380955 r12=8.04428246 Vg=0.00001301 norm=1.00000000 rank=33/256 sv_max=2.24e+02 resid=6.61e-02
progress N=2 step 5100/241277 2.1% t=51.00000 eta_s=155758.8 E=-1.30267346 P=0.88534476 dP=-0.11431413 r12=8.04509054 Vg=0.00001301 norm=1.00000000 rank=33/256 sv_max=2.27e+02 resid=6.44e-02
progress N=2 step 5125/241277 2.1% t=51.25000 eta_s=155712.9 E=-1.30019117 P=0.88482024 dP=-0.11483865 r12=8.04546652 Vg=0.00001300 norm=1.00000000 rank=34/256 sv_max=2.30e+02 resid=6.22e-02
progress N=2 step 5150/241277 2.1% t=51.50000 eta_s=155667.6 E=-1.29772661 P=0.88427398 dP=-0.11538491 r12=8.04547997 Vg=0.00001297 norm=1.00000000 rank=34/256 sv_max=2.32e+02 resid=6.05e-02
progress N=2 step 5175/241277 2.1% t=51.75000 eta_s=155631.9 E=-1.29527970 P=0.88370451 dP=-0.11595438 r12=8.04523064 Vg=0.00001327 norm=1.00000000 rank=34/256 sv_max=2.34e+02 resid=5.92e-02
progress N=2 step 5200/241277 2.2% t=52.00000 eta_s=155591.5 E=-1.29285022 P=0.88311469 dP=-0.11654420 r12=8.04486894 Vg=0.00001353 norm=1.00000000 rank=34/256 sv_max=2.38e+02 resid=5.90e-02
progress N=2 step 5225/241277 2.2% t=52.25000 eta_s=155555.9 E=-1.29043806 P=0.88250500 dP=-0.11715389 r12=8.04450839 Vg=0.00001389 norm=1.00000000 rank=34/256 sv_max=2.43e+02 resid=5.90e-02
progress N=2 step 5250/241277 2.2% t=52.50000 eta_s=155521.2 E=-1.28804301 P=0.88188537 dP=-0.11777352 r12=8.04426020 Vg=0.00001429 norm=1.00000000 rank=34/256 sv_max=2.45e+02 resid=6.03e-02
progress N=2 step 5275/241277 2.2% t=52.75000 eta_s=155486.3 E=-1.28566480 P=0.88127227 dP=-0.11838662 r12=8.04426543 Vg=0.00001472 norm=1.00000000 rank=34/256 sv_max=2.46e+02 resid=6.39e-02
progress N=2 step 5300/241277 2.2% t=53.00000 eta_s=155452.1 E=-1.28330370 P=0.88068179 dP=-0.11897710 r12=8.04465371 Vg=0.00001484 norm=1.00000000 rank=34/256 sv_max=2.49e+02 resid=6.89e-02
progress N=2 step 5325/241277 2.2% t=53.25000 eta_s=155419.8 E=-1.28095894 P=0.88012425 dP=-0.11953464 r12=8.04545904 Vg=0.00001472 norm=1.00000000 rank=34/256 sv_max=2.52e+02 resid=7.36e-02
progress N=2 step 5350/241277 2.2% t=53.50000 eta_s=155385.7 E=-1.27862903 P=0.87961083 dP=-0.12004806 r12=8.04664224 Vg=0.00001469 norm=1.00000000 rank=34/256 sv_max=2.54e+02 resid=7.76e-02
progress N=2 step 5375/241277 2.2% t=53.75000 eta_s=155354.1 E=-1.27631446 P=0.87916438 dP=-0.12049451 r12=8.04821002 Vg=0.00001498 norm=1.00000000 rank=34/256 sv_max=2.55e+02 resid=8.55e-02
progress N=2 step 5400/241277 2.2% t=54.00000 eta_s=155320.3 E=-1.27401431 P=0.87879948 dP=-0.12085941 r12=8.05013082 Vg=0.00001533 norm=1.00000000 rank=34/256 sv_max=2.57e+02 resid=9.68e-02
progress N=2 step 5425/241277 2.2% t=54.25000 eta_s=155289.0 E=-1.27172850 P=0.87852106 dP=-0.12113783 r12=8.05232712 Vg=0.00001566 norm=1.00000000 rank=34/256 sv_max=2.60e+02 resid=1.07e-01
progress N=2 step 5450/241277 2.3% t=54.50000 eta_s=155263.4 E=-1.26945566 P=0.87832502 dP=-0.12133387 r12=8.05467481 Vg=0.00001624 norm=1.00000000 rank=34/256 sv_max=2.59e+02 resid=1.12e-01
progress N=2 step 5475/241277 2.3% t=54.75000 eta_s=155235.1 E=-1.26719482 P=0.87821050 dP=-0.12144839 r12=8.05710040 Vg=0.00001678 norm=1.00000000 rank=34/256 sv_max=2.57e+02 resid=1.20e-01
progress N=2 step 5500/241277 2.3% t=55.00000 eta_s=155201.8 E=-1.26494558 P=0.87816526 dP=-0.12149363 r12=8.05944340 Vg=0.00001704 norm=1.00000000 rank=34/256 sv_max=2.60e+02 resid=1.31e-01
progress N=2 step 5525/241277 2.3% t=55.25000 eta_s=155171.9 E=-1.26270847 P=0.87816966 dP=-0.12148923 r12=8.06151568 Vg=0.00001710 norm=1.00000000 rank=34/256 sv_max=2.63e+02 resid=1.42e-01
progress N=2 step 5550/241277 2.3% t=55.50000 eta_s=155140.5 E=-1.26048287 P=0.87821328 dP=-0.12144561 r12=8.06316236 Vg=0.00001719 norm=1.00000000 rank=34/256 sv_max=2.62e+02 resid=1.55e-01
progress N=2 step 5575/241277 2.3% t=55.75000 eta_s=155109.5 E=-1.25826778 P=0.87829142 dP=-0.12136747 r12=8.06428222 Vg=0.00001724 norm=1.00000000 rank=34/256 sv_max=2.61e+02 resid=1.70e-01
progress N=2 step 5600/241277 2.3% t=56.00000 eta_s=155078.7 E=-1.25606283 P=0.87838985 dP=-0.12126904 r12=8.06477867 Vg=0.00001715 norm=1.00000000 rank=34/256 sv_max=2.61e+02 resid=1.78e-01
progress N=2 step 5625/241277 2.3% t=56.25000 eta_s=155047.3 E=-1.25386853 P=0.87848832 dP=-0.12117057 r12=8.06455633 Vg=0.00001717 norm=1.00000000 rank=34/256 sv_max=2.60e+02 resid=1.85e-01
progress N=2 step 5650/241277 2.3% t=56.50000 eta_s=155017.0 E=-1.25168318 P=0.87857826 dP=-0.12108063 r12=8.06359070 Vg=0.00001743 norm=1.00000000 rank=34/256 sv_max=2.57e+02 resid=1.90e-01
progress N=2 step 5675/241277 2.4% t=56.75000 eta_s=154985.8 E=-1.24950670 P=0.87865757 dP=-0.12100132 r12=8.06193808 Vg=0.00001769 norm=1.00000000 rank=34/256 sv_max=2.57e+02 resid=1.83e-01
progress N=2 step 5700/241277 2.4% t=57.00000 eta_s=154956.1 E=-1.24734069 P=0.87871792 dP=-0.12094097 r12=8.05971690 Vg=0.00001767 norm=1.00000000 rank=34/256 sv_max=2.59e+02 resid=1.64e-01
progress N=2 step 5725/241277 2.4% t=57.25000 eta_s=154926.2 E=-1.24518402 P=0.87874710 dP=-0.12091179 r12=8.05707495 Vg=0.00001745 norm=1.00000000 rank=34/256 sv_max=2.60e+02 resid=1.46e-01
progress N=2 step 5750/241277 2.4% t=57.50000 eta_s=154896.4 E=-1.24303748 P=0.87873675 dP=-0.12092214 r12=8.05417929 Vg=0.00001730 norm=1.00000000 rank=34/256 sv_max=2.60e+02 resid=1.35e-01
progress N=2 step 5775/241277 2.4% t=57.75000 eta_s=154866.1 E=-1.24090234 P=0.87867988 dP=-0.12097901 r12=8.05120819 Vg=0.00001710 norm=1.00000000 rank=34/256 sv_max=2.59e+02 resid=1.31e-01
progress N=2 step 5800/241277 2.4% t=58.00000 eta_s=154834.6 E=-1.23877759 P=0.87856727 dP=-0.12109163 r12=8.04830675 Vg=0.00001678 norm=1.00000000 rank=33/256 sv_max=2.60e+02 resid=1.31e-01
progress N=2 step 5825/241277 2.4% t=58.25000 eta_s=154811.1 E=-1.23666467 P=0.87839388 dP=-0.12126501 r12=8.04561587 Vg=0.00001653 norm=1.00000000 rank=33/256 sv_max=2.61e+02 resid=1.33e-01
progress N=2 step 5850/241277 2.4% t=58.50000 eta_s=154782.6 E=-1.23456317 P=0.87816514 dP=-0.12149375 r12=8.04329013 Vg=0.00001640 norm=1.00000000 rank=33/256 sv_max=2.61e+02 resid=1.37e-01
progress N=2 step 5875/241277 2.4% t=58.75000 eta_s=154757.8 E=-1.23247260 P=0.87788920 dP=-0.12176969 r12=8.04148611 Vg=0.00001612 norm=1.00000000 rank=33/256 sv_max=2.61e+02 resid=1.41e-01
progress N=2 step 5900/241277 2.4% t=59.00000 eta_s=154727.9 E=-1.23039412 P=0.87757317 dP=-0.12208572 r12=8.04031935 Vg=0.00001564 norm=1.00000000 rank=33/256 sv_max=2.62e+02 resid=1.41e-01
progress N=2 step 5925/241277 2.5% t=59.25000 eta_s=154697.5 E=-1.22832575 P=0.87722661 dP=-0.12243228 r12=8.03984075 Vg=0.00001527 norm=1.00000000 rank=33/256 sv_max=2.61e+02 resid=1.43e-01
progress N=2 step 5950/241277 2.5% t=59.50000 eta_s=154676.1 E=-1.22626922 P=0.87686279 dP=-0.12279610 r12=8.04001830 Vg=0.00001524 norm=1.00000000 rank=34/256 sv_max=2.58e+02 resid=1.48e-01
