job_id=605681
array_job_id=605681
array_task_id=3
job_name=vs3n2f20B
partition=epyc
node_list=gyro
submit_dir=/home/gyqyan/zexuan/ecg1d_code/1D_thouless_pumping
workdir=/home/gyqyan/zexuan/ecg1d_code/1D_thouless_pumping
cpus_per_task=16
mem_per_node=16384
planning_estimate=K32 local-dt fine20 split B, 241279 steps; gauss conservatively about 53.6 h per width
start_time=2026-07-09T14:57:39+08:00
case_index=3
mode=gauss
sigma=3.0
binary=./build/ecg1d_vs3_n2_dt001_fine20_full
config=legacy_prb_3_3_n2_pathpad_K32_dt0p01_fine20_gauss_sigma3p000 lambda_C=1.00e-08 rcond=1.00e-04 | TDVP param dimension=256
progress N=2 step 0/241277 0.0% t=0.00000 eta_s=nan E=-2.15295803 P=0.99965889 dP=0.00000000 r12=8.04559382 Vg=0.00019300 norm=1.00000000 rank=-1/256 sv_max=nan resid=nan
initial t=0.00000 tau=0.00000 E=-2.1529580287 <X>/a=0.9996588910 norm=1.0000000000 V_gauss=0.0001929977
progress N=2 step 25/241277 0.0% t=0.25000 eta_s=115553.6 E=-2.15284891 P=0.99964203 dP=-0.00001686 r12=8.04561747 Vg=0.00019300 norm=1.00000000 rank=36/256 sv_max=1.13e+02 resid=5.10e-02
progress N=2 step 50/241277 0.0% t=0.50000 eta_s=115947.5 E=-2.15249472 P=0.99952718 dP=-0.00013171 r12=8.04561671 Vg=0.00019279 norm=1.00000000 rank=37/256 sv_max=1.10e+02 resid=2.07e-02
progress N=2 step 75/241277 0.0% t=0.75000 eta_s=116035.8 E=-2.15190604 P=0.99921598 dP=-0.00044291 r12=8.04561625 Vg=0.00019223 norm=1.00000000 rank=36/256 sv_max=1.09e+02 resid=1.34e-02
progress N=2 step 100/241277 0.0% t=1.00000 eta_s=116037.3 E=-2.15109920 P=0.99862732 dP=-0.00103157 r12=8.04558973 Vg=0.00019177 norm=1.00000000 rank=36/256 sv_max=1.11e+02 resid=1.02e-02
progress N=2 step 125/241277 0.1% t=1.25000 eta_s=116221.5 E=-2.15009389 P=0.99771484 dP=-0.00194405 r12=8.04556576 Vg=0.00019158 norm=1.00000000 rank=35/256 sv_max=1.10e+02 resid=8.60e-03
progress N=2 step 150/241277 0.1% t=1.50000 eta_s=116328.0 E=-2.14891059 P=0.99646885 dP=-0.00319004 r12=8.04557921 Vg=0.00019153 norm=1.00000000 rank=35/256 sv_max=1.07e+02 resid=7.87e-03
progress N=2 step 175/241277 0.1% t=1.75000 eta_s=116464.6 E=-2.14757019 P=0.99491396 dP=-0.00474494 r12=8.04564505 Vg=0.00019153 norm=1.00000000 rank=37/256 sv_max=1.06e+02 resid=7.53e-03
progress N=2 step 200/241277 0.1% t=2.00000 eta_s=116601.1 E=-2.14609189 P=0.99310784 dP=-0.00655105 r12=8.04578282 Vg=0.00019153 norm=1.00000000 rank=35/256 sv_max=1.11e+02 resid=7.53e-03
progress N=2 step 225/241277 0.1% t=2.25000 eta_s=116689.0 E=-2.14449075 P=0.99113529 dP=-0.00852360 r12=8.04591708 Vg=0.00019190 norm=1.00000000 rank=35/256 sv_max=1.02e+02 resid=7.20e-03
progress N=2 step 250/241277 0.1% t=2.50000 eta_s=116783.0 E=-2.14277639 P=0.98909875 dP=-0.01056015 r12=8.04602763 Vg=0.00019260 norm=1.00000000 rank=35/256 sv_max=1.07e+02 resid=6.73e-03
progress N=2 step 275/241277 0.1% t=2.75000 eta_s=116934.9 E=-2.14095024 P=0.98713178 dP=-0.01252711 r12=8.04603139 Vg=0.00019318 norm=1.00000000 rank=35/256 sv_max=1.04e+02 resid=6.53e-03
progress N=2 step 300/241277 0.1% t=3.00000 eta_s=117026.5 E=-2.13900541 P=0.98534043 dP=-0.01431846 r12=8.04593503 Vg=0.00019346 norm=1.00000000 rank=35/256 sv_max=1.05e+02 resid=7.05e-03
progress N=2 step 325/241277 0.1% t=3.25000 eta_s=117079.4 E=-2.13693024 P=0.98380048 dP=-0.01585841 r12=8.04577085 Vg=0.00019381 norm=1.00000000 rank=36/256 sv_max=1.06e+02 resid=7.84e-03
progress N=2 step 350/241277 0.1% t=3.50000 eta_s=117154.9 E=-2.13471000 P=0.98257247 dP=-0.01708642 r12=8.04562489 Vg=0.00019415 norm=1.00000000 rank=36/256 sv_max=1.01e+02 resid=8.88e-03
progress N=2 step 375/241277 0.2% t=3.75000 eta_s=117215.4 E=-2.13232770 P=0.98168032 dP=-0.01797857 r12=8.04555861 Vg=0.00019447 norm=1.00000000 rank=35/256 sv_max=1.05e+02 resid=1.10e-02
progress N=2 step 400/241277 0.2% t=4.00000 eta_s=117253.2 E=-2.12976751 P=0.98110479 dP=-0.01855410 r12=8.04555012 Vg=0.00019489 norm=1.00000000 rank=36/256 sv_max=1.00e+02 resid=1.48e-02
progress N=2 step 425/241277 0.2% t=4.25000 eta_s=117296.5 E=-2.12701629 P=0.98078961 dP=-0.01886928 r12=8.04557092 Vg=0.00019519 norm=1.00000000 rank=37/256 sv_max=1.07e+02 resid=2.26e-02
progress N=2 step 450/241277 0.2% t=4.50000 eta_s=117313.7 E=-2.12406511 P=0.98065001 dP=-0.01900888 r12=8.04555754 Vg=0.00019525 norm=1.00000000 rank=37/256 sv_max=9.92e+01 resid=4.06e-02
progress N=2 step 475/241277 0.2% t=4.75000 eta_s=117404.0 E=-2.12091190 P=0.98058402 dP=-0.01907487 r12=8.04555854 Vg=0.00019506 norm=1.00000000 rank=38/256 sv_max=1.03e+02 resid=6.01e-02
progress N=2 step 500/241277 0.2% t=5.00000 eta_s=117460.7 E=-2.11756040 P=0.98050383 dP=-0.01915506 r12=8.04559992 Vg=0.00019456 norm=1.00000000 rank=37/256 sv_max=1.03e+02 resid=3.76e-02
progress N=2 step 525/241277 0.2% t=5.25000 eta_s=117445.1 E=-2.11401873 P=0.98031409 dP=-0.01934480 r12=8.04566936 Vg=0.00019394 norm=1.00000000 rank=36/256 sv_max=9.59e+01 resid=2.46e-02
progress N=2 step 550/241277 0.2% t=5.50000 eta_s=117490.9 E=-2.11030025 P=0.97992563 dP=-0.01973326 r12=8.04576746 Vg=0.00019349 norm=1.00000000 rank=35/256 sv_max=1.02e+02 resid=1.65e-02
progress N=2 step 575/241277 0.2% t=5.75000 eta_s=117531.9 E=-2.10642179 P=0.97928976 dP=-0.02036913 r12=8.04590276 Vg=0.00019303 norm=1.00000000 rank=35/256 sv_max=9.73e+01 resid=1.18e-02
progress N=2 step 600/241277 0.2% t=6.00000 eta_s=117558.2 E=-2.10240146 P=0.97837406 dP=-0.02128484 r12=8.04606946 Vg=0.00019261 norm=1.00000000 rank=35/256 sv_max=1.04e+02 resid=1.01e-02
progress N=2 step 625/241277 0.3% t=6.25000 eta_s=117543.6 E=-2.09825919 P=0.97716960 dP=-0.02248929 r12=8.04621712 Vg=0.00019267 norm=1.00000000 rank=35/256 sv_max=9.89e+01 resid=8.51e-03
progress N=2 step 650/241277 0.3% t=6.50000 eta_s=117550.3 E=-2.09401447 P=0.97570002 dP=-0.02395887 r12=8.04636630 Vg=0.00019304 norm=1.00000000 rank=35/256 sv_max=1.05e+02 resid=8.27e-03
progress N=2 step 675/241277 0.3% t=6.75000 eta_s=117649.4 E=-2.08968407 P=0.97402303 dP=-0.02563586 r12=8.04650416 Vg=0.00019371 norm=1.00000000 rank=35/256 sv_max=9.82e+01 resid=8.24e-03
progress N=2 step 700/241277 0.3% t=7.00000 eta_s=117760.4 E=-2.08528273 P=0.97221369 dP=-0.02744521 r12=8.04666319 Vg=0.00019468 norm=1.00000000 rank=35/256 sv_max=9.93e+01 resid=8.66e-03
progress N=2 step 725/241277 0.3% t=7.25000 eta_s=117854.3 E=-2.08082078 P=0.97036548 dP=-0.02929341 r12=8.04680639 Vg=0.00019597 norm=1.00000000 rank=35/256 sv_max=1.06e+02 resid=8.97e-03
progress N=2 step 750/241277 0.3% t=7.50000 eta_s=117930.3 E=-2.07630206 P=0.96857322 dP=-0.03108567 r12=8.04686734 Vg=0.00019753 norm=1.00000000 rank=35/256 sv_max=9.44e+01 resid=9.44e-03
progress N=2 step 775/241277 0.3% t=7.75000 eta_s=117996.4 E=-2.07172446 P=0.96692728 dP=-0.03273161 r12=8.04683541 Vg=0.00019885 norm=1.00000000 rank=35/256 sv_max=1.03e+02 resid=1.01e-02
progress N=2 step 800/241277 0.3% t=8.00000 eta_s=118058.6 E=-2.06708017 P=0.96551944 dP=-0.03413946 r12=8.04669534 Vg=0.00019942 norm=1.00000000 rank=35/256 sv_max=9.71e+01 resid=1.05e-02
progress N=2 step 825/241277 0.3% t=8.25000 eta_s=118120.8 E=-2.06235767 P=0.96439078 dP=-0.03526811 r12=8.04646589 Vg=0.00019926 norm=1.00000000 rank=35/256 sv_max=1.04e+02 resid=1.15e-02
progress N=2 step 850/241277 0.4% t=8.50000 eta_s=118208.4 E=-2.05754539 P=0.96355071 dP=-0.03610818 r12=8.04616807 Vg=0.00019908 norm=1.00000000 rank=35/256 sv_max=9.86e+01 resid=1.36e-02
progress N=2 step 875/241277 0.4% t=8.75000 eta_s=118276.0 E=-2.05263336 P=0.96299221 dP=-0.03666668 r12=8.04593417 Vg=0.00019887 norm=1.00000000 rank=35/256 sv_max=1.01e+02 resid=1.71e-02
progress N=2 step 900/241277 0.4% t=9.00000 eta_s=118351.4 E=-2.04761389 P=0.96268849 dP=-0.03697041 r12=8.04581403 Vg=0.00019853 norm=1.00000000 rank=34/256 sv_max=1.00e+02 resid=2.19e-02
progress N=2 step 925/241277 0.4% t=9.25000 eta_s=118423.6 E=-2.04248187 P=0.96257992 dP=-0.03707897 r12=8.04577936 Vg=0.00019810 norm=1.00000000 rank=35/256 sv_max=9.65e+01 resid=3.22e-02
progress N=2 step 950/241277 0.4% t=9.50000 eta_s=118451.8 E=-2.03723556 P=0.96259046 dP=-0.03706844 r12=8.04582765 Vg=0.00019759 norm=1.00000000 rank=34/256 sv_max=1.08e+02 resid=6.19e-02
progress N=2 step 975/241277 0.4% t=9.75000 eta_s=118485.9 E=-2.03187612 P=0.96263689 dP=-0.03702200 r12=8.04592869 Vg=0.00019723 norm=1.00000000 rank=34/256 sv_max=9.51e+01 resid=5.77e-02
progress N=2 step 1000/241277 0.4% t=10.00000 eta_s=118503.6 E=-2.02640846 P=0.96262347 dP=-0.03703542 r12=8.04612397 Vg=0.00019692 norm=1.00000000 rank=34/256 sv_max=1.04e+02 resid=3.50e-02
progress N=2 step 1025/241277 0.4% t=10.25000 eta_s=118551.5 E=-2.02084265 P=0.96247076 dP=-0.03718813 r12=8.04640263 Vg=0.00019666 norm=1.00000000 rank=35/256 sv_max=1.04e+02 resid=2.26e-02
progress N=2 step 1050/241277 0.4% t=10.50000 eta_s=118562.5 E=-2.01519091 P=0.96210232 dP=-0.03755657 r12=8.04672819 Vg=0.00019663 norm=1.00000000 rank=35/256 sv_max=9.84e+01 resid=1.75e-02
progress N=2 step 1075/241277 0.4% t=10.75000 eta_s=118574.1 E=-2.00946922 P=0.96146051 dP=-0.03819838 r12=8.04704524 Vg=0.00019698 norm=1.00000000 rank=34/256 sv_max=1.04e+02 resid=1.44e-02
progress N=2 step 1100/241277 0.5% t=11.00000 eta_s=118582.1 E=-2.00369491 P=0.96052646 dP=-0.03913243 r12=8.04735680 Vg=0.00019741 norm=1.00000000 rank=35/256 sv_max=1.01e+02 resid=1.19e-02
progress N=2 step 1125/241277 0.5% t=11.25000 eta_s=118590.7 E=-1.99788564 P=0.95930477 dP=-0.04035413 r12=8.04764407 Vg=0.00019778 norm=1.00000000 rank=34/256 sv_max=1.07e+02 resid=1.08e-02
progress N=2 step 1150/241277 0.5% t=11.50000 eta_s=118603.4 E=-1.99205699 P=0.95783635 dP=-0.04182254 r12=8.04782386 Vg=0.00019856 norm=1.00000000 rank=34/256 sv_max=9.80e+01 resid=9.87e-03
progress N=2 step 1175/241277 0.5% t=11.75000 eta_s=118617.1 E=-1.98622138 P=0.95619097 dP=-0.04346792 r12=8.04791854 Vg=0.00019964 norm=1.00000000 rank=34/256 sv_max=1.06e+02 resid=9.86e-03
progress N=2 step 1200/241277 0.5% t=12.00000 eta_s=118629.0 E=-1.98038719 P=0.95446682 dP=-0.04519207 r12=8.04795791 Vg=0.00020081 norm=1.00000000 rank=34/256 sv_max=1.03e+02 resid=9.84e-03
progress N=2 step 1225/241277 0.5% t=12.25000 eta_s=118637.0 E=-1.97455873 P=0.95275659 dP=-0.04690230 r12=8.04796831 Vg=0.00020179 norm=1.00000000 rank=35/256 sv_max=1.02e+02 resid=1.09e-02
progress N=2 step 1250/241277 0.5% t=12.50000 eta_s=118643.6 E=-1.96873765 P=0.95114607 dP=-0.04851282 r12=8.04795898 Vg=0.00020269 norm=1.00000000 rank=34/256 sv_max=1.11e+02 resid=1.17e-02
progress N=2 step 1275/241277 0.5% t=12.75000 eta_s=118644.2 E=-1.96292090 P=0.94972103 dP=-0.04993786 r12=8.04789512 Vg=0.00020373 norm=1.00000000 rank=34/256 sv_max=9.87e+01 resid=1.32e-02
progress N=2 step 1300/241277 0.5% t=13.00000 eta_s=118649.9 E=-1.95710159 P=0.94853924 dP=-0.05111965 r12=8.04777103 Vg=0.00020454 norm=1.00000000 rank=34/256 sv_max=1.10e+02 resid=1.45e-02
progress N=2 step 1325/241277 0.5% t=13.25000 eta_s=118654.9 E=-1.95127059 P=0.94764415 dP=-0.05201474 r12=8.04759201 Vg=0.00020502 norm=1.00000000 rank=34/256 sv_max=1.07e+02 resid=1.60e-02
progress N=2 step 1350/241277 0.6% t=13.50000 eta_s=118658.8 E=-1.94541817 P=0.94704059 dP=-0.05261830 r12=8.04737270 Vg=0.00020516 norm=1.00000000 rank=34/256 sv_max=1.03e+02 resid=1.96e-02
progress N=2 step 1375/241277 0.6% t=13.75000 eta_s=118661.1 E=-1.93953497 P=0.94671054 dP=-0.05294835 r12=8.04712633 Vg=0.00020515 norm=1.00000000 rank=34/256 sv_max=1.07e+02 resid=2.34e-02
progress N=2 step 1400/241277 0.6% t=14.00000 eta_s=118666.7 E=-1.93361453 P=0.94662277 dP=-0.05303612 r12=8.04692262 Vg=0.00020478 norm=1.00000000 rank=34/256 sv_max=1.01e+02 resid=2.93e-02
progress N=2 step 1425/241277 0.6% t=14.25000 eta_s=118670.0 E=-1.92765157 P=0.94672331 dP=-0.05293558 r12=8.04683404 Vg=0.00020398 norm=1.00000000 rank=34/256 sv_max=1.12e+02 resid=4.17e-02
progress N=2 step 1450/241277 0.6% t=14.50000 eta_s=118667.3 E=-1.92164423 P=0.94694149 dP=-0.05271741 r12=8.04682913 Vg=0.00020346 norm=1.00000000 rank=34/256 sv_max=1.03e+02 resid=5.46e-02
progress N=2 step 1475/241277 0.6% t=14.75000 eta_s=118660.6 E=-1.91559304 P=0.94717698 dP=-0.05248191 r12=8.04690370 Vg=0.00020313 norm=1.00000000 rank=34/256 sv_max=1.07e+02 resid=5.07e-02
progress N=2 step 1500/241277 0.6% t=15.00000 eta_s=118654.6 E=-1.90950267 P=0.94733988 dP=-0.05231902 r12=8.04706123 Vg=0.00020288 norm=1.00000000 rank=34/256 sv_max=1.08e+02 resid=3.65e-02
progress N=2 step 1525/241277 0.6% t=15.25000 eta_s=118647.3 E=-1.90338045 P=0.94734303 dP=-0.05231586 r12=8.04731614 Vg=0.00020257 norm=1.00000000 rank=34/256 sv_max=1.04e+02 resid=2.77e-02
progress N=2 step 1550/241277 0.6% t=15.50000 eta_s=118639.4 E=-1.89723761 P=0.94710841 dP=-0.05255048 r12=8.04767597 Vg=0.00020233 norm=1.00000000 rank=34/256 sv_max=1.15e+02 resid=2.11e-02
progress N=2 step 1575/241277 0.7% t=15.75000 eta_s=118629.9 E=-1.89108721 P=0.94659666 dP=-0.05306223 r12=8.04808463 Vg=0.00020264 norm=1.00000000 rank=34/256 sv_max=9.94e+01 resid=1.77e-02
progress N=2 step 1600/241277 0.7% t=16.00000 eta_s=118620.0 E=-1.88494155 P=0.94579185 dP=-0.05386704 r12=8.04851576 Vg=0.00020321 norm=1.00000000 rank=34/256 sv_max=1.11e+02 resid=1.54e-02
progress N=2 step 1625/241277 0.7% t=16.25000 eta_s=118614.1 E=-1.87881310 P=0.94471122 dP=-0.05494767 r12=8.04893693 Vg=0.00020380 norm=1.00000000 rank=34/256 sv_max=1.11e+02 resid=1.31e-02
progress N=2 step 1650/241277 0.7% t=16.50000 eta_s=118612.1 E=-1.87271201 P=0.94338657 dP=-0.05627233 r12=8.04931240 Vg=0.00020443 norm=1.00000000 rank=34/256 sv_max=1.03e+02 resid=1.41e-02
progress N=2 step 1675/241277 0.7% t=16.75000 eta_s=118612.0 E=-1.86664668 P=0.94188957 dP=-0.05776933 r12=8.04963283 Vg=0.00020538 norm=1.00000000 rank=34/256 sv_max=1.13e+02 resid=1.29e-02
progress N=2 step 1700/241277 0.7% t=17.00000 eta_s=118607.6 E=-1.86062131 P=0.94030154 dP=-0.05935735 r12=8.04989776 Vg=0.00020641 norm=1.00000000 rank=35/256 sv_max=9.78e+01 resid=1.15e-02
progress N=2 step 1725/241277 0.7% t=17.25000 eta_s=118606.6 E=-1.85463872 P=0.93869918 dP=-0.06095971 r12=8.05009566 Vg=0.00020699 norm=1.00000000 rank=36/256 sv_max=1.16e+02 resid=1.13e-02
progress N=2 step 1750/241277 0.7% t=17.50000 eta_s=118610.8 E=-1.84869867 P=0.93718067 dP=-0.06247822 r12=8.05026560 Vg=0.00020800 norm=1.00000000 rank=36/256 sv_max=1.13e+02 resid=1.18e-02
progress N=2 step 1775/241277 0.7% t=17.75000 eta_s=118609.8 E=-1.84279906 P=0.93581111 dP=-0.06384778 r12=8.05037751 Vg=0.00020884 norm=1.00000000 rank=37/256 sv_max=1.02e+02 resid=1.17e-02
progress N=2 step 1800/241277 0.7% t=18.00000 eta_s=118608.3 E=-1.83693614 P=0.93465833 dP=-0.06500056 r12=8.05033383 Vg=0.00020944 norm=1.00000000 rank=36/256 sv_max=1.27e+02 resid=1.18e-02
progress N=2 step 1825/241277 0.8% t=18.25000 eta_s=118610.8 E=-1.83110349 P=0.93377285 dP=-0.06588604 r12=8.05014307 Vg=0.00020956 norm=1.00000000 rank=37/256 sv_max=1.27e+02 resid=1.42e-02
progress N=2 step 1850/241277 0.8% t=18.50000 eta_s=118605.5 E=-1.82529291 P=0.93318932 dP=-0.06646957 r12=8.04996153 Vg=0.00021038 norm=1.00000000 rank=36/256 sv_max=1.30e+02 resid=1.77e-02
progress N=2 step 1875/241277 0.8% t=18.75000 eta_s=118607.8 E=-1.81949515 P=0.93288980 dP=-0.06676909 r12=8.04988263 Vg=0.00021170 norm=1.00000000 rank=35/256 sv_max=1.21e+02 resid=1.91e-02
progress N=2 step 1900/241277 0.8% t=19.00000 eta_s=118617.5 E=-1.81370310 P=0.93282330 dP=-0.06683559 r12=8.04994886 Vg=0.00021318 norm=1.00000000 rank=35/256 sv_max=1.19e+02 resid=2.09e-02
progress N=2 step 1925/241277 0.8% t=19.25000 eta_s=118634.7 E=-1.80791273 P=0.93293335 dP=-0.06672554 r12=8.05013375 Vg=0.00021460 norm=1.00000000 rank=36/256 sv_max=1.13e+02 resid=2.52e-02
progress N=2 step 1950/241277 0.8% t=19.50000 eta_s=118644.6 E=-1.80212195 P=0.93314869 dP=-0.06651020 r12=8.05031383 Vg=0.00021498 norm=1.00000000 rank=36/256 sv_max=1.08e+02 resid=4.03e-02
progress N=2 step 1975/241277 0.8% t=19.75000 eta_s=118655.2 E=-1.79633217 P=0.93338595 dP=-0.06627294 r12=8.05034277 Vg=0.00021423 norm=1.00000000 rank=36/256 sv_max=1.12e+02 resid=4.32e-02
progress N=2 step 2000/241277 0.8% t=20.00000 eta_s=118676.2 E=-1.79054480 P=0.93358136 dP=-0.06607753 r12=8.05017542 Vg=0.00021316 norm=1.00000000 rank=35/256 sv_max=1.16e+02 resid=3.81e-02
progress N=2 step 2025/241277 0.8% t=20.25000 eta_s=118696.1 E=-1.78476203 P=0.93367933 dP=-0.06597956 r12=8.04983196 Vg=0.00021182 norm=1.00000000 rank=35/256 sv_max=1.09e+02 resid=3.21e-02
progress N=2 step 2050/241277 0.8% t=20.50000 eta_s=118696.8 E=-1.77898840 P=0.93361963 dP=-0.06603926 r12=8.04944443 Vg=0.00021032 norm=1.00000000 rank=35/256 sv_max=1.00e+02 resid=2.39e-02
progress N=2 step 2075/241277 0.9% t=20.75000 eta_s=118684.8 E=-1.77323025 P=0.93336523 dP=-0.06629366 r12=8.04915438 Vg=0.00020913 norm=1.00000000 rank=35/256 sv_max=1.09e+02 resid=2.37e-02
progress N=2 step 2100/241277 0.9% t=21.00000 eta_s=118670.6 E=-1.76749468 P=0.93291038 dP=-0.06674851 r12=8.04902472 Vg=0.00020887 norm=1.00000000 rank=34/256 sv_max=1.16e+02 resid=2.26e-02
progress N=2 step 2125/241277 0.9% t=21.25000 eta_s=118660.8 E=-1.76178880 P=0.93225177 dP=-0.06740712 r12=8.04907138 Vg=0.00020960 norm=1.00000000 rank=34/256 sv_max=1.10e+02 resid=2.01e-02
progress N=2 step 2150/241277 0.9% t=21.50000 eta_s=118651.3 E=-1.75611879 P=0.93140255 dP=-0.06825634 r12=8.04925862 Vg=0.00021069 norm=1.00000000 rank=33/256 sv_max=1.12e+02 resid=1.67e-02
progress N=2 step 2175/241277 0.9% t=21.75000 eta_s=118638.9 E=-1.75048994 P=0.93040171 dP=-0.06925718 r12=8.04951833 Vg=0.00021200 norm=1.00000000 rank=33/256 sv_max=1.14e+02 resid=1.46e-02
progress N=2 step 2200/241277 0.9% t=22.00000 eta_s=118635.3 E=-1.74490510 P=0.92929365 dP=-0.07036524 r12=8.04971957 Vg=0.00021293 norm=1.00000000 rank=34/256 sv_max=1.13e+02 resid=1.42e-02
progress N=2 step 2225/241277 0.9% t=22.25000 eta_s=118632.2 E=-1.73936581 P=0.92811929 dP=-0.07153960 r12=8.04979554 Vg=0.00021336 norm=1.00000000 rank=34/256 sv_max=1.13e+02 resid=1.40e-02
progress N=2 step 2250/241277 0.9% t=22.50000 eta_s=118627.4 E=-1.73387401 P=0.92694198 dP=-0.07271691 r12=8.04989077 Vg=0.00021385 norm=1.00000000 rank=34/256 sv_max=1.11e+02 resid=1.32e-02
progress N=2 step 2275/241277 0.9% t=22.75000 eta_s=118619.7 E=-1.72842825 P=0.92582795 dP=-0.07383094 r12=8.05014615 Vg=0.00021493 norm=1.00000000 rank=35/256 sv_max=1.11e+02 resid=1.52e-02
progress N=2 step 2300/241277 1.0% t=23.00000 eta_s=118609.2 E=-1.72302672 P=0.92481741 dP=-0.07484148 r12=8.05061776 Vg=0.00021678 norm=1.00000000 rank=34/256 sv_max=1.20e+02 resid=1.74e-02
progress N=2 step 2325/241277 1.0% t=23.25000 eta_s=118595.8 E=-1.71766691 P=0.92394609 dP=-0.07571280 r12=8.05121794 Vg=0.00021817 norm=1.00000000 rank=34/256 sv_max=1.28e+02 resid=2.01e-02
progress N=2 step 2350/241277 1.0% t=23.50000 eta_s=118583.9 E=-1.71234625 P=0.92322994 dP=-0.07642895 r12=8.05192911 Vg=0.00022015 norm=1.00000000 rank=34/256 sv_max=1.30e+02 resid=2.45e-02
progress N=2 step 2375/241277 1.0% t=23.75000 eta_s=118569.3 E=-1.70706079 P=0.92266586 dP=-0.07699303 r12=8.05279366 Vg=0.00022330 norm=1.00000000 rank=34/256 sv_max=1.26e+02 resid=2.59e-02
progress N=2 step 2400/241277 1.0% t=24.00000 eta_s=118553.2 E=-1.70180720 P=0.92224099 dP=-0.07741790 r12=8.05374020 Vg=0.00022670 norm=1.00000000 rank=34/256 sv_max=1.25e+02 resid=2.61e-02
progress N=2 step 2425/241277 1.0% t=24.25000 eta_s=118520.8 E=-1.69658362 P=0.92192322 dP=-0.07773567 r12=8.05458263 Vg=0.00022932 norm=1.00000000 rank=34/256 sv_max=1.26e+02 resid=2.95e-02
progress N=2 step 2450/241277 1.0% t=24.50000 eta_s=118480.7 E=-1.69138907 P=0.92167764 dP=-0.07798125 r12=8.05514673 Vg=0.00023091 norm=1.00000000 rank=34/256 sv_max=1.30e+02 resid=3.78e-02
progress N=2 step 2475/241277 1.0% t=24.75000 eta_s=118447.4 E=-1.68622327 P=0.92147529 dP=-0.07818360 r12=8.05526574 Vg=0.00023181 norm=1.00000000 rank=34/256 sv_max=1.31e+02 resid=4.89e-02
progress N=2 step 2500/241277 1.0% t=25.00000 eta_s=118418.4 E=-1.68108534 P=0.92129412 dP=-0.07836478 r12=8.05482934 Vg=0.00023216 norm=1.00000000 rank=34/256 sv_max=1.30e+02 resid=5.70e-02
progress N=2 step 2525/241277 1.0% t=25.25000 eta_s=118385.5 E=-1.67597383 P=0.92111398 dP=-0.07854491 r12=8.05381622 Vg=0.00023229 norm=1.00000000 rank=34/256 sv_max=1.29e+02 resid=5.57e-02
progress N=2 step 2550/241277 1.1% t=25.50000 eta_s=118353.7 E=-1.67088720 P=0.92092338 dP=-0.07873551 r12=8.05232934 Vg=0.00023189 norm=1.00000000 rank=34/256 sv_max=1.31e+02 resid=5.35e-02
progress N=2 step 2575/241277 1.1% t=25.75000 eta_s=118315.1 E=-1.66582590 P=0.92072150 dP=-0.07893739 r12=8.05052513 Vg=0.00023105 norm=1.00000000 rank=34/256 sv_max=1.33e+02 resid=5.41e-02
progress N=2 step 2600/241277 1.1% t=26.00000 eta_s=118282.0 E=-1.66079061 P=0.92050741 dP=-0.07915148 r12=8.04858611 Vg=0.00023030 norm=1.00000000 rank=34/256 sv_max=1.31e+02 resid=5.64e-02
progress N=2 step 2625/241277 1.1% t=26.25000 eta_s=118251.0 E=-1.65578311 P=0.92027709 dP=-0.07938180 r12=8.04667134 Vg=0.00023087 norm=1.00000000 rank=34/256 sv_max=1.29e+02 resid=5.91e-02
progress N=2 step 2650/241277 1.1% t=26.50000 eta_s=118220.7 E=-1.65080474 P=0.92003037 dP=-0.07962852 r12=8.04494254 Vg=0.00023219 norm=1.00000000 rank=34/256 sv_max=1.32e+02 resid=6.12e-02
progress N=2 step 2675/241277 1.1% t=26.75000 eta_s=118187.3 E=-1.64585756 P=0.91975901 dP=-0.07989988 r12=8.04351398 Vg=0.00023314 norm=1.00000000 rank=34/256 sv_max=1.35e+02 resid=5.93e-02
progress N=2 step 2700/241277 1.1% t=27.00000 eta_s=118158.2 E=-1.64094288 P=0.91944629 dP=-0.08021261 r12=8.04247406 Vg=0.00023393 norm=1.00000000 rank=34/256 sv_max=1.32e+02 resid=5.28e-02
progress N=2 step 2725/241277 1.1% t=27.25000 eta_s=118128.0 E=-1.63606114 P=0.91908584 dP=-0.08057305 r12=8.04191694 Vg=0.00023481 norm=1.00000000 rank=34/256 sv_max=1.27e+02 resid=4.37e-02
progress N=2 step 2750/241277 1.1% t=27.50000 eta_s=118098.1 E=-1.63121318 P=0.91867646 dP=-0.08098243 r12=8.04199031 Vg=0.00023493 norm=1.00000000 rank=34/256 sv_max=1.27e+02 resid=3.70e-02
progress N=2 step 2775/241277 1.2% t=27.75000 eta_s=118063.5 E=-1.62639911 P=0.91821881 dP=-0.08144008 r12=8.04284508 Vg=0.00023411 norm=1.00000000 rank=34/256 sv_max=1.31e+02 resid=3.40e-02
progress N=2 step 2800/241277 1.2% t=28.00000 eta_s=118029.9 E=-1.62161873 P=0.91771160 dP=-0.08194730 r12=8.04461982 Vg=0.00023321 norm=1.00000000 rank=34/256 sv_max=1.36e+02 resid=3.63e-02
progress N=2 step 2825/241277 1.2% t=28.25000 eta_s=118000.1 E=-1.61687353 P=0.91714721 dP=-0.08251168 r12=8.04733157 Vg=0.00023338 norm=1.00000000 rank=34/256 sv_max=1.37e+02 resid=3.66e-02
progress N=2 step 2850/241277 1.2% t=28.50000 eta_s=117968.7 E=-1.61216424 P=0.91652544 dP=-0.08313345 r12=8.05075930 Vg=0.00023446 norm=1.00000000 rank=34/256 sv_max=1.38e+02 resid=3.37e-02
progress N=2 step 2875/241277 1.2% t=28.75000 eta_s=117936.8 E=-1.60749223 P=0.91584942 dP=-0.08380947 r12=8.05452319 Vg=0.00023588 norm=1.00000000 rank=34/256 sv_max=1.37e+02 resid=3.00e-02
progress N=2 step 2900/241277 1.2% t=29.00000 eta_s=117902.1 E=-1.60285822 P=0.91514492 dP=-0.08451397 r12=8.05831579 Vg=0.00023712 norm=1.00000000 rank=34/256 sv_max=1.41e+02 resid=2.98e-02
progress N=2 step 2925/241277 1.2% t=29.25000 eta_s=117871.2 E=-1.59826220 P=0.91443114 dP=-0.08522775 r12=8.06189017 Vg=0.00023855 norm=1.00000000 rank=34/256 sv_max=1.47e+02 resid=3.21e-02
progress N=2 step 2950/241277 1.2% t=29.50000 eta_s=117839.7 E=-1.59370455 P=0.91371815 dP=-0.08594074 r12=8.06495778 Vg=0.00024058 norm=1.00000000 rank=34/256 sv_max=1.47e+02 resid=3.30e-02
progress N=2 step 2975/241277 1.2% t=29.75000 eta_s=117809.0 E=-1.58918518 P=0.91302227 dP=-0.08663662 r12=8.06719874 Vg=0.00024246 norm=1.00000000 rank=34/256 sv_max=1.43e+02 resid=3.29e-02
progress N=2 step 3000/241277 1.2% t=30.00000 eta_s=117781.7 E=-1.58470407 P=0.91235230 dP=-0.08730659 r12=8.06831422 Vg=0.00024440 norm=1.00000000 rank=34/256 sv_max=1.44e+02 resid=3.26e-02
progress N=2 step 3025/241277 1.3% t=30.25000 eta_s=117754.2 E=-1.58026035 P=0.91172589 dP=-0.08793300 r12=8.06814575 Vg=0.00024628 norm=1.00000000 rank=34/256 sv_max=1.54e+02 resid=3.15e-02
progress N=2 step 3050/241277 1.3% t=30.50000 eta_s=117728.9 E=-1.57585260 P=0.91114736 dP=-0.08851153 r12=8.06665757 Vg=0.00024814 norm=1.00000000 rank=34/256 sv_max=1.61e+02 resid=2.96e-02
progress N=2 step 3075/241277 1.3% t=30.75000 eta_s=117707.3 E=-1.57147875 P=0.91062294 dP=-0.08903595 r12=8.06390403 Vg=0.00025013 norm=1.00000000 rank=34/256 sv_max=1.59e+02 resid=2.95e-02
progress N=2 step 3100/241277 1.3% t=31.00000 eta_s=117703.6 E=-1.56713687 P=0.91016142 dP=-0.08949747 r12=8.06009863 Vg=0.00025256 norm=1.00000000 rank=34/256 sv_max=1.55e+02 resid=3.10e-02
progress N=2 step 3125/241277 1.3% t=31.25000 eta_s=117701.2 E=-1.56282548 P=0.90976968 dP=-0.08988922 r12=8.05560117 Vg=0.00025542 norm=1.00000000 rank=34/256 sv_max=1.57e+02 resid=3.37e-02
progress N=2 step 3150/241277 1.3% t=31.50000 eta_s=117698.1 E=-1.55854444 P=0.90945404 dP=-0.09020485 r12=8.05067807 Vg=0.00025856 norm=1.00000000 rank=34/256 sv_max=1.59e+02 resid=3.70e-02
progress N=2 step 3175/241277 1.3% t=31.75000 eta_s=117698.9 E=-1.55429320 P=0.90921757 dP=-0.09044132 r12=8.04558982 Vg=0.00026143 norm=1.00000000 rank=34/256 sv_max=1.57e+02 resid=4.04e-02
progress N=2 step 3200/241277 1.3% t=32.00000 eta_s=117693.0 E=-1.55007061 P=0.90906079 dP=-0.09059810 r12=8.04068213 Vg=0.00026419 norm=1.00000000 rank=34/256 sv_max=1.59e+02 resid=4.07e-02
progress N=2 step 3225/241277 1.3% t=32.25000 eta_s=117691.0 E=-1.54587428 P=0.90897261 dP=-0.09068628 r12=8.03636012 Vg=0.00026693 norm=1.00000000 rank=34/256 sv_max=1.63e+02 resid=3.82e-02
progress N=2 step 3250/241277 1.3% t=32.50000 eta_s=117692.9 E=-1.54170335 P=0.90892350 dP=-0.09073539 r12=8.03297146 Vg=0.00026896 norm=1.00000000 rank=34/256 sv_max=1.61e+02 resid=3.63e-02
progress N=2 step 3275/241277 1.4% t=32.75000 eta_s=117692.2 E=-1.53755757 P=0.90887814 dP=-0.09078075 r12=8.03077969 Vg=0.00026973 norm=1.00000000 rank=34/256 sv_max=1.58e+02 resid=3.74e-02
progress N=2 step 3300/241277 1.4% t=33.00000 eta_s=117697.0 E=-1.53343705 P=0.90881541 dP=-0.09084348 r12=8.02999629 Vg=0.00026969 norm=1.00000000 rank=34/256 sv_max=1.57e+02 resid=4.08e-02
progress N=2 step 3325/241277 1.4% t=33.25000 eta_s=117698.9 E=-1.52934309 P=0.90872561 dP=-0.09093328 r12=8.03075547 Vg=0.00026930 norm=1.00000000 rank=34/256 sv_max=1.58e+02 resid=4.23e-02
progress N=2 step 3350/241277 1.4% t=33.50000 eta_s=117699.6 E=-1.52527530 P=0.90858861 dP=-0.09107028 r12=8.03300671 Vg=0.00026865 norm=1.00000000 rank=34/256 sv_max=1.59e+02 resid=4.06e-02
progress N=2 step 3375/241277 1.4% t=33.75000 eta_s=117697.5 E=-1.52123513 P=0.90838036 dP=-0.09127853 r12=8.03651363 Vg=0.00026809 norm=1.00000000 rank=34/256 sv_max=1.60e+02 resid=3.90e-02
progress N=2 step 3400/241277 1.4% t=34.00000 eta_s=117695.9 E=-1.51722302 P=0.90809193 dP=-0.09156696 r12=8.04096698 Vg=0.00026743 norm=1.00000000 rank=34/256 sv_max=1.62e+02 resid=3.85e-02
progress N=2 step 3425/241277 1.4% t=34.25000 eta_s=117694.1 E=-1.51323933 P=0.90772911 dP=-0.09192978 r12=8.04600961 Vg=0.00026644 norm=1.00000000 rank=34/256 sv_max=1.62e+02 resid=3.75e-02
progress N=2 step 3450/241277 1.4% t=34.50000 eta_s=117690.8 E=-1.50928530 P=0.90730379 dP=-0.09235510 r12=8.05121225 Vg=0.00026502 norm=1.00000000 rank=34/256 sv_max=1.61e+02 resid=3.61e-02
progress N=2 step 3475/241277 1.4% t=34.75000 eta_s=117684.6 E=-1.50536021 P=0.90682280 dP=-0.09283609 r12=8.05614198 Vg=0.00026363 norm=1.00000000 rank=34/256 sv_max=1.59e+02 resid=3.59e-02
progress N=2 step 3500/241277 1.5% t=35.00000 eta_s=117680.6 E=-1.50146470 P=0.90629333 dP=-0.09336556 r12=8.06048789 Vg=0.00026258 norm=1.00000000 rank=34/256 sv_max=1.61e+02 resid=3.68e-02
progress N=2 step 3525/241277 1.5% t=35.25000 eta_s=117677.2 E=-1.49760043 P=0.90572661 dP=-0.09393228 r12=8.06406547 Vg=0.00026169 norm=1.00000000 rank=34/256 sv_max=1.65e+02 resid=3.81e-02
progress N=2 step 3550/241277 1.5% t=35.50000 eta_s=117675.7 E=-1.49376792 P=0.90513671 dP=-0.09452219 r12=8.06672070 Vg=0.00026116 norm=1.00000000 rank=34/256 sv_max=1.69e+02 resid=3.82e-02
progress N=2 step 3575/241277 1.5% t=35.75000 eta_s=117675.5 E=-1.48996740 P=0.90454265 dP=-0.09511624 r12=8.06830679 Vg=0.00026131 norm=1.00000000 rank=34/256 sv_max=1.69e+02 resid=3.62e-02
progress N=2 step 3600/241277 1.5% t=36.00000 eta_s=117675.5 E=-1.48619838 P=0.90396694 dP=-0.09569195 r12=8.06882407 Vg=0.00026165 norm=1.00000000 rank=34/256 sv_max=1.68e+02 resid=3.43e-02
progress N=2 step 3625/241277 1.5% t=36.25000 eta_s=117671.5 E=-1.48245985 P=0.90342185 dP=-0.09623704 r12=8.06843337 Vg=0.00026170 norm=1.00000000 rank=34/256 sv_max=1.71e+02 resid=3.54e-02
progress N=2 step 3650/241277 1.5% t=36.50000 eta_s=117666.3 E=-1.47875094 P=0.90290591 dP=-0.09675298 r12=8.06730820 Vg=0.00026214 norm=1.00000000 rank=34/256 sv_max=1.73e+02 resid=3.85e-02
progress N=2 step 3675/241277 1.5% t=36.75000 eta_s=117660.1 E=-1.47507112 P=0.90241655 dP=-0.09724234 r12=8.06557047 Vg=0.00026344 norm=1.00000000 rank=34/256 sv_max=1.74e+02 resid=4.08e-02
progress N=2 step 3700/241277 1.5% t=37.00000 eta_s=117655.6 E=-1.47142000 P=0.90195896 dP=-0.09769993 r12=8.06336430 Vg=0.00026496 norm=1.00000000 rank=34/256 sv_max=1.77e+02 resid=4.36e-02
progress N=2 step 3725/241277 1.5% t=37.25000 eta_s=117651.7 E=-1.46779681 P=0.90154442 dP=-0.09811448 r12=8.06089037 Vg=0.00026620 norm=1.00000000 rank=34/256 sv_max=1.82e+02 resid=4.82e-02
progress N=2 step 3750/241277 1.6% t=37.50000 eta_s=117645.9 E=-1.46420037 P=0.90118273 dP=-0.09847616 r12=8.05834136 Vg=0.00026758 norm=1.00000000 rank=34/256 sv_max=1.85e+02 resid=5.26e-02
progress N=2 step 3775/241277 1.6% t=37.75000 eta_s=117639.7 E=-1.46062960 P=0.90086983 dP=-0.09878906 r12=8.05589032 Vg=0.00026974 norm=1.00000000 rank=34/256 sv_max=1.85e+02 resid=5.75e-02
progress N=2 step 3800/241277 1.6% t=38.00000 eta_s=117634.0 E=-1.45708351 P=0.90060112 dP=-0.09905777 r12=8.05365203 Vg=0.00027231 norm=1.00000000 rank=34/256 sv_max=1.83e+02 resid=6.41e-02
progress N=2 step 3825/241277 1.6% t=38.25000 eta_s=117628.1 E=-1.45356150 P=0.90037797 dP=-0.09928092 r12=8.05164549 Vg=0.00027445 norm=1.00000000 rank=34/256 sv_max=1.80e+02 resid=6.68e-02
progress N=2 step 3850/241277 1.6% t=38.50000 eta_s=117619.0 E=-1.45006303 P=0.90019728 dP=-0.09946161 r12=8.04995215 Vg=0.00027634 norm=1.00000000 rank=34/256 sv_max=1.81e+02 resid=7.40e-02
progress N=2 step 3875/241277 1.6% t=38.75000 eta_s=117611.1 E=-1.44658753 P=0.90005566 dP=-0.09960324 r12=8.04867369 Vg=0.00027795 norm=1.00000000 rank=34/256 sv_max=1.86e+02 resid=8.22e-02
progress N=2 step 3900/241277 1.6% t=39.00000 eta_s=117603.3 E=-1.44313465 P=0.89993685 dP=-0.09972204 r12=8.04778449 Vg=0.00027925 norm=1.00000000 rank=34/256 sv_max=1.88e+02 resid=9.40e-02
progress N=2 step 3925/241277 1.6% t=39.25000 eta_s=117596.5 E=-1.43970424 P=0.89981776 dP=-0.09984113 r12=8.04716908 Vg=0.00028032 norm=1.00000000 rank=34/256 sv_max=1.88e+02 resid=1.01e-01
progress N=2 step 3950/241277 1.6% t=39.50000 eta_s=117587.5 E=-1.43629663 P=0.89968646 dP=-0.09997243 r12=8.04672454 Vg=0.00028151 norm=1.00000000 rank=34/256 sv_max=1.89e+02 resid=1.00e-01
progress N=2 step 3975/241277 1.6% t=39.75000 eta_s=117580.4 E=-1.43291163 P=0.89953958 dP=-0.10011931 r12=8.04636152 Vg=0.00028231 norm=1.00000000 rank=34/256 sv_max=1.91e+02 resid=9.12e-02
progress N=2 step 4000/241277 1.7% t=40.00000 eta_s=117570.0 E=-1.42954861 P=0.89935848 dP=-0.10030041 r12=8.04594619 Vg=0.00028284 norm=1.00000000 rank=34/256 sv_max=1.92e+02 resid=7.90e-02
progress N=2 step 4025/241277 1.7% t=40.25000 eta_s=117562.2 E=-1.42620767 P=0.89912655 dP=-0.10053234 r12=8.04534246 Vg=0.00028337 norm=1.00000000 rank=34/256 sv_max=1.94e+02 resid=6.64e-02
progress N=2 step 4050/241277 1.7% t=40.50000 eta_s=117556.8 E=-1.42289002 P=0.89884839 dP=-0.10081050 r12=8.04452627 Vg=0.00028413 norm=1.00000000 rank=34/256 sv_max=1.95e+02 resid=5.96e-02
progress N=2 step 4075/241277 1.7% t=40.75000 eta_s=117555.2 E=-1.41959510 P=0.89852923 dP=-0.10112966 r12=8.04357434 Vg=0.00028514 norm=1.00000000 rank=34/256 sv_max=1.99e+02 resid=5.36e-02
progress N=2 step 4100/241277 1.7% t=41.00000 eta_s=117553.2 E=-1.41632304 P=0.89816375 dP=-0.10149514 r12=8.04256268 Vg=0.00028622 norm=1.00000000 rank=33/256 sv_max=2.01e+02 resid=4.87e-02
progress N=2 step 4125/241277 1.7% t=41.25000 eta_s=117551.3 E=-1.41307582 P=0.89775106 dP=-0.10190783 r12=8.04155098 Vg=0.00028654 norm=1.00000000 rank=34/256 sv_max=2.01e+02 resid=4.57e-02
progress N=2 step 4150/241277 1.7% t=41.50000 eta_s=117548.5 E=-1.40985255 P=0.89729441 dP=-0.10236448 r12=8.04070775 Vg=0.00028638 norm=1.00000000 rank=34/256 sv_max=2.03e+02 resid=4.29e-02
progress N=2 step 4175/241277 1.7% t=41.75000 eta_s=117547.3 E=-1.40665424 P=0.89680144 dP=-0.10285745 r12=8.04032269 Vg=0.00028579 norm=1.00000000 rank=34/256 sv_max=2.08e+02 resid=4.22e-02
progress N=2 step 4200/241277 1.7% t=42.00000 eta_s=117546.2 E=-1.40348142 P=0.89627454 dP=-0.10338435 r12=8.04058624 Vg=0.00028487 norm=1.00000000 rank=33/256 sv_max=2.14e+02 resid=4.29e-02
progress N=2 step 4225/241277 1.8% t=42.25000 eta_s=117544.8 E=-1.40033357 P=0.89571290 dP=-0.10394600 r12=8.04154195 Vg=0.00028408 norm=1.00000000 rank=32/256 sv_max=2.17e+02 resid=6.04e-02
progress N=2 step 4250/241277 1.8% t=42.50000 eta_s=117537.7 E=-1.39721046 P=0.89513702 dP=-0.10452187 r12=8.04327672 Vg=0.00028275 norm=1.00000000 rank=32/256 sv_max=2.16e+02 resid=6.49e-02
progress N=2 step 4275/241277 1.8% t=42.75000 eta_s=117527.0 E=-1.39411133 P=0.89457466 dP=-0.10508423 r12=8.04586150 Vg=0.00028081 norm=1.00000000 rank=32/256 sv_max=2.16e+02 resid=7.06e-02
progress N=2 step 4300/241277 1.8% t=43.00000 eta_s=117516.8 E=-1.39103606 P=0.89404827 dP=-0.10561062 r12=8.04922273 Vg=0.00027868 norm=1.00000000 rank=32/256 sv_max=2.19e+02 resid=7.42e-02
progress N=2 step 4325/241277 1.8% t=43.25000 eta_s=117506.5 E=-1.38798293 P=0.89357680 dP=-0.10608209 r12=8.05310889 Vg=0.00027655 norm=1.00000000 rank=32/256 sv_max=2.17e+02 resid=7.74e-02
progress N=2 step 4350/241277 1.8% t=43.50000 eta_s=117494.7 E=-1.38494962 P=0.89316929 dP=-0.10648960 r12=8.05723654 Vg=0.00027463 norm=1.00000000 rank=34/256 sv_max=2.13e+02 resid=6.32e-02
progress N=2 step 4375/241277 1.8% t=43.75000 eta_s=117482.9 E=-1.38192282 P=0.89282916 dP=-0.10682973 r12=8.06138829 Vg=0.00027309 norm=1.00000000 rank=34/256 sv_max=2.19e+02 resid=6.98e-02
progress N=2 step 4400/241277 1.8% t=44.00000 eta_s=117472.9 E=-1.37889278 P=0.89256125 dP=-0.10709764 r12=8.06533676 Vg=0.00027195 norm=1.00000000 rank=34/256 sv_max=2.31e+02 resid=7.38e-02
progress N=2 step 4425/241277 1.8% t=44.25000 eta_s=117462.0 E=-1.37585535 P=0.89236047 dP=-0.10729842 r12=8.06881585 Vg=0.00027168 norm=1.00000000 rank=34/256 sv_max=2.35e+02 resid=7.63e-02
progress N=2 step 4450/241277 1.8% t=44.50000 eta_s=117452.4 E=-1.37287827 P=0.89222857 dP=-0.10743032 r12=8.07157135 Vg=0.00027149 norm=1.00000000 rank=32/256 sv_max=2.37e+02 resid=2.20e-01
progress N=2 step 4475/241277 1.9% t=44.75000 eta_s=117444.1 E=-1.36994591 P=0.89216628 dP=-0.10749262 r12=8.07351715 Vg=0.00027100 norm=1.00000000 rank=32/256 sv_max=2.41e+02 resid=2.22e-01
progress N=2 step 4500/241277 1.9% t=45.00000 eta_s=117433.8 E=-1.36703217 P=0.89215469 dP=-0.10750420 r12=8.07460124 Vg=0.00027057 norm=1.00000000 rank=32/256 sv_max=2.45e+02 resid=2.21e-01
progress N=2 step 4525/241277 1.9% t=45.25000 eta_s=117424.5 E=-1.36413497 P=0.89217120 dP=-0.10748769 r12=8.07480668 Vg=0.00027023 norm=1.00000000 rank=32/256 sv_max=2.44e+02 resid=2.25e-01
progress N=2 step 4550/241277 1.9% t=45.50000 eta_s=117413.2 E=-1.36125379 P=0.89219231 dP=-0.10746658 r12=8.07410195 Vg=0.00026999 norm=1.00000000 rank=32/256 sv_max=2.43e+02 resid=2.24e-01
progress N=2 step 4575/241277 1.9% t=45.75000 eta_s=117403.6 E=-1.35838906 P=0.89219612 dP=-0.10746277 r12=8.07250368 Vg=0.00026994 norm=1.00000000 rank=32/256 sv_max=2.44e+02 resid=2.09e-01
progress N=2 step 4600/241277 1.9% t=46.00000 eta_s=117393.6 E=-1.35554049 P=0.89216848 dP=-0.10749041 r12=8.07012493 Vg=0.00027056 norm=1.00000000 rank=32/256 sv_max=2.46e+02 resid=1.91e-01
progress N=2 step 4625/241277 1.9% t=46.25000 eta_s=117385.1 E=-1.35270783 P=0.89210058 dP=-0.10755831 r12=8.06709970 Vg=0.00027243 norm=1.00000000 rank=32/256 sv_max=2.46e+02 resid=1.83e-01
progress N=2 step 4650/241277 1.9% t=46.50000 eta_s=117375.5 E=-1.34989152 P=0.89198549 dP=-0.10767340 r12=8.06356333 Vg=0.00027492 norm=1.00000000 rank=32/256 sv_max=2.45e+02 resid=1.80e-01
progress N=2 step 4675/241277 1.9% t=46.75000 eta_s=117365.6 E=-1.34709212 P=0.89182038 dP=-0.10783851 r12=8.05970534 Vg=0.00027733 norm=1.00000000 rank=32/256 sv_max=2.47e+02 resid=1.71e-01
progress N=2 step 4700/241277 1.9% t=47.00000 eta_s=117354.7 E=-1.34431095 P=0.89160627 dP=-0.10805262 r12=8.05577889 Vg=0.00027957 norm=1.00000000 rank=32/256 sv_max=2.49e+02 resid=1.68e-01
progress N=2 step 4725/241277 2.0% t=47.25000 eta_s=117343.3 E=-1.34154774 P=0.89133906 dP=-0.10831983 r12=8.05206219 Vg=0.00028179 norm=1.00000000 rank=32/256 sv_max=2.54e+02 resid=1.71e-01
progress N=2 step 4750/241277 2.0% t=47.50000 eta_s=117331.3 E=-1.33880297 P=0.89100995 dP=-0.10864894 r12=8.04876270 Vg=0.00028450 norm=1.00000000 rank=32/256 sv_max=2.58e+02 resid=1.76e-01
progress N=2 step 4775/241277 2.0% t=47.75000 eta_s=117319.9 E=-1.33607682 P=0.89062000 dP=-0.10903889 r12=8.04599234 Vg=0.00028729 norm=1.00000000 rank=32/256 sv_max=2.56e+02 resid=1.88e-01
progress N=2 step 4800/241277 2.0% t=48.00000 eta_s=117310.5 E=-1.33336923 P=0.89018071 dP=-0.10947818 r12=8.04386935 Vg=0.00028974 norm=1.00000000 rank=32/256 sv_max=2.52e+02 resid=1.97e-01
progress N=2 step 4825/241277 2.0% t=48.25000 eta_s=117303.9 E=-1.33068001 P=0.88970670 dP=-0.10995219 r12=8.04252951 Vg=0.00029250 norm=1.00000000 rank=32/256 sv_max=2.51e+02 resid=2.04e-01
progress N=2 step 4850/241277 2.0% t=48.50000 eta_s=117298.9 E=-1.32800897 P=0.88921887 dP=-0.11044002 r12=8.04201431 Vg=0.00029537 norm=1.00000000 rank=32/256 sv_max=2.53e+02 resid=2.22e-01
progress N=2 step 4875/241277 2.0% t=48.75000 eta_s=117289.6 E=-1.32535596 P=0.88873472 dP=-0.11092417 r12=8.04224093 Vg=0.00029793 norm=1.00000000 rank=32/256 sv_max=2.54e+02 resid=2.44e-01
progress N=2 step 4900/241277 2.0% t=49.00000 eta_s=117279.2 E=-1.32272091 P=0.88826759 dP=-0.11139130 r12=8.04308992 Vg=0.00030056 norm=1.00000000 rank=32/256 sv_max=2.54e+02 resid=2.53e-01
progress N=2 step 4925/241277 2.0% t=49.25000 eta_s=117272.3 E=-1.32010388 P=0.88782957 dP=-0.11182932 r12=8.04442057 Vg=0.00030370 norm=1.00000000 rank=32/256 sv_max=2.58e+02 resid=2.52e-01
progress N=2 step 4950/241277 2.1% t=49.50000 eta_s=117265.7 E=-1.31750461 P=0.88742576 dP=-0.11223313 r12=8.04604138 Vg=0.00030730 norm=1.00000000 rank=32/256 sv_max=2.63e+02 resid=2.38e-01
progress N=2 step 4975/241277 2.1% t=49.75000 eta_s=117243.5 E=-1.31492275 P=0.88705090 dP=-0.11260799 r12=8.04770321 Vg=0.00031104 norm=1.00000000 rank=32/256 sv_max=2.62e+02 resid=2.18e-01
progress N=2 step 5000/241277 2.1% t=50.00000 eta_s=117227.9 E=-1.31235808 P=0.88669838 dP=-0.11296051 r12=8.04918874 Vg=0.00031435 norm=1.00000000 rank=32/256 sv_max=2.61e+02 resid=1.99e-01
progress N=2 step 5025/241277 2.1% t=50.25000 eta_s=117211.2 E=-1.30981046 P=0.88635582 dP=-0.11330307 r12=8.05039145 Vg=0.00031763 norm=1.00000000 rank=32/256 sv_max=2.67e+02 resid=1.75e-01
progress N=2 step 5050/241277 2.1% t=50.50000 eta_s=117197.4 E=-1.30727989 P=0.88600983 dP=-0.11364906 r12=8.05127937 Vg=0.00032122 norm=1.00000000 rank=32/256 sv_max=2.73e+02 resid=1.56e-01
progress N=2 step 5075/241277 2.1% t=50.75000 eta_s=117181.3 E=-1.30476623 P=0.88564192 dP=-0.11401697 r12=8.05184237 Vg=0.00032484 norm=1.00000000 rank=32/256 sv_max=2.73e+02 resid=1.53e-01
progress N=2 step 5100/241277 2.1% t=51.00000 eta_s=117153.9 E=-1.30226942 P=0.88523127 dP=-0.11442762 r12=8.05210839 Vg=0.00032847 norm=1.00000000 rank=32/256 sv_max=2.72e+02 resid=1.53e-01
progress N=2 step 5125/241277 2.1% t=51.25000 eta_s=117130.4 E=-1.29978951 P=0.88476828 dP=-0.11489061 r12=8.05216171 Vg=0.00033241 norm=1.00000000 rank=33/256 sv_max=2.74e+02 resid=1.50e-01
progress N=2 step 5150/241277 2.1% t=51.50000 eta_s=117108.9 E=-1.29732651 P=0.88426022 dP=-0.11539867 r12=8.05210140 Vg=0.00033573 norm=1.00000000 rank=33/256 sv_max=2.79e+02 resid=1.40e-01
progress N=2 step 5175/241277 2.1% t=51.75000 eta_s=117085.5 E=-1.29488030 P=0.88371301 dP=-0.11594588 r12=8.05198920 Vg=0.00033868 norm=1.00000000 rank=33/256 sv_max=2.82e+02 resid=1.34e-01
progress N=2 step 5200/241277 2.2% t=52.00000 eta_s=117062.6 E=-1.29245063 P=0.88312919 dP=-0.11652970 r12=8.05187531 Vg=0.00034118 norm=1.00000000 rank=33/256 sv_max=2.82e+02 resid=1.34e-01
progress N=2 step 5225/241277 2.2% t=52.25000 eta_s=117045.6 E=-1.29003749 P=0.88252337 dP=-0.11713552 r12=8.05186447 Vg=0.00034305 norm=1.00000000 rank=33/256 sv_max=2.85e+02 resid=1.37e-01
progress N=2 step 5250/241277 2.2% t=52.50000 eta_s=117026.1 E=-1.28764099 P=0.88191890 dP=-0.11773999 r12=8.05203931 Vg=0.00034438 norm=1.00000000 rank=33/256 sv_max=2.88e+02 resid=1.39e-01
progress N=2 step 5275/241277 2.2% t=52.75000 eta_s=117006.0 E=-1.28526117 P=0.88133333 dP=-0.11832556 r12=8.05236487 Vg=0.00034543 norm=1.00000000 rank=32/256 sv_max=2.91e+02 resid=1.45e-01
progress N=2 step 5300/241277 2.2% t=53.00000 eta_s=116983.8 E=-1.28289841 P=0.88078060 dP=-0.11887829 r12=8.05277109 Vg=0.00034673 norm=1.00000000 rank=32/256 sv_max=2.97e+02 resid=1.57e-01
progress N=2 step 5325/241277 2.2% t=53.25000 eta_s=116964.0 E=-1.28055168 P=0.88028840 dP=-0.11937049 r12=8.05326144 Vg=0.00034831 norm=1.00000000 rank=33/256 sv_max=2.97e+02 resid=1.64e-01
progress N=2 step 5350/241277 2.2% t=53.50000 eta_s=116945.6 E=-1.27821987 P=0.87987666 dP=-0.11978223 r12=8.05387106 Vg=0.00034963 norm=1.00000000 rank=33/256 sv_max=2.90e+02 resid=1.69e-01
progress N=2 step 5375/241277 2.2% t=53.75000 eta_s=116928.0 E=-1.27590210 P=0.87955050 dP=-0.12010839 r12=8.05459900 Vg=0.00035071 norm=1.00000000 rank=33/256 sv_max=2.90e+02 resid=1.73e-01
progress N=2 step 5400/241277 2.2% t=54.00000 eta_s=116908.8 E=-1.27359755 P=0.87931211 dP=-0.12034678 r12=8.05539753 Vg=0.00035222 norm=1.00000000 rank=33/256 sv_max=2.94e+02 resid=1.74e-01
progress N=2 step 5425/241277 2.2% t=54.25000 eta_s=116889.2 E=-1.27130602 P=0.87917055 dP=-0.12048834 r12=8.05622123 Vg=0.00035357 norm=1.00000000 rank=33/256 sv_max=2.92e+02 resid=1.83e-01
progress N=2 step 5450/241277 2.3% t=54.50000 eta_s=116870.1 E=-1.26902654 P=0.87911761 dP=-0.12054128 r12=8.05702575 Vg=0.00035493 norm=1.00000000 rank=33/256 sv_max=2.89e+02 resid=2.04e-01
progress N=2 step 5475/241277 2.3% t=54.75000 eta_s=116851.1 E=-1.26675823 P=0.87914137 dP=-0.12051752 r12=8.05770780 Vg=0.00035642 norm=1.00000000 rank=33/256 sv_max=2.94e+02 resid=2.42e-01
progress N=2 step 5500/241277 2.3% t=55.00000 eta_s=116830.4 E=-1.26450054 P=0.87923290 dP=-0.12042600 r12=8.05814600 Vg=0.00035791 norm=1.00000000 rank=32/256 sv_max=2.99e+02 resid=2.89e-01
progress N=2 step 5525/241277 2.3% t=55.25000 eta_s=116810.5 E=-1.26225359 P=0.87938622 dP=-0.12027267 r12=8.05826337 Vg=0.00035938 norm=1.00000000 rank=33/256 sv_max=2.97e+02 resid=3.11e-01
progress N=2 step 5550/241277 2.3% t=55.50000 eta_s=116792.2 E=-1.26001648 P=0.87958446 dP=-0.12007443 r12=8.05798590 Vg=0.00036071 norm=1.00000000 rank=33/256 sv_max=2.92e+02 resid=3.22e-01
progress N=2 step 5575/241277 2.3% t=55.75000 eta_s=116773.4 E=-1.25778829 P=0.87980768 dP=-0.11985121 r12=8.05725941 Vg=0.00036144 norm=1.00000000 rank=33/256 sv_max=2.93e+02 resid=3.35e-01
progress N=2 step 5600/241277 2.3% t=56.00000 eta_s=116755.1 E=-1.25556916 P=0.88002789 dP=-0.11963100 r12=8.05612448 Vg=0.00036211 norm=1.00000000 rank=33/256 sv_max=2.95e+02 resid=3.23e-01
progress N=2 step 5625/241277 2.3% t=56.25000 eta_s=116742.2 E=-1.25336029 P=0.88022177 dP=-0.11943712 r12=8.05468291 Vg=0.00036291 norm=1.00000000 rank=33/256 sv_max=2.91e+02 resid=2.94e-01
progress N=2 step 5650/241277 2.3% t=56.50000 eta_s=116733.8 E=-1.25116070 P=0.88036049 dP=-0.11929840 r12=8.05302915 Vg=0.00036387 norm=1.00000000 rank=33/256 sv_max=2.94e+02 resid=2.54e-01
progress N=2 step 5675/241277 2.4% t=56.75000 eta_s=116726.2 E=-1.24897097 P=0.88041553 dP=-0.11924336 r12=8.05126015 Vg=0.00036517 norm=1.00000000 rank=33/256 sv_max=3.00e+02 resid=2.18e-01
progress N=2 step 5700/241277 2.4% t=57.00000 eta_s=116718.1 E=-1.24679306 P=0.88037143 dP=-0.11928746 r12=8.04947318 Vg=0.00036668 norm=1.00000000 rank=33/256 sv_max=2.98e+02 resid=2.01e-01
progress N=2 step 5725/241277 2.4% t=57.25000 eta_s=116711.1 E=-1.24462588 P=0.88022027 dP=-0.11943862 r12=8.04777828 Vg=0.00036784 norm=1.00000000 rank=33/256 sv_max=2.95e+02 resid=1.98e-01
progress N=2 step 5750/241277 2.4% t=57.50000 eta_s=116704.4 E=-1.24247034 P=0.87995335 dP=-0.11970554 r12=8.04625733 Vg=0.00036828 norm=1.00000000 rank=32/256 sv_max=2.98e+02 resid=1.89e-01
progress N=2 step 5775/241277 2.4% t=57.75000 eta_s=116699.0 E=-1.24032782 P=0.87957741 dP=-0.12008148 r12=8.04497455 Vg=0.00036842 norm=1.00000000 rank=32/256 sv_max=3.00e+02 resid=1.79e-01
progress N=2 step 5800/241277 2.4% t=58.00000 eta_s=116692.9 E=-1.23819726 P=0.87911502 dP=-0.12054387 r12=8.04400008 Vg=0.00036842 norm=1.00000000 rank=32/256 sv_max=2.96e+02 resid=1.76e-01
progress N=2 step 5825/241277 2.4% t=58.25000 eta_s=116686.2 E=-1.23608002 P=0.87858906 dP=-0.12106983 r12=8.04335980 Vg=0.00036838 norm=1.00000000 rank=32/256 sv_max=3.00e+02 resid=1.80e-01
progress N=2 step 5850/241277 2.4% t=58.50000 eta_s=116678.8 E=-1.23397565 P=0.87802356 dP=-0.12163533 r12=8.04305552 Vg=0.00036840 norm=1.00000000 rank=32/256 sv_max=3.09e+02 resid=1.78e-01
progress N=2 step 5875/241277 2.4% t=58.75000 eta_s=116670.9 E=-1.23188368 P=0.87744748 dP=-0.12221141 r12=8.04312544 Vg=0.00036866 norm=1.00000000 rank=32/256 sv_max=3.05e+02 resid=1.78e-01
progress N=2 step 5900/241277 2.4% t=59.00000 eta_s=116662.1 E=-1.22980528 P=0.87688602 dP=-0.12277287 r12=8.04356982 Vg=0.00036956 norm=1.00000000 rank=33/256 sv_max=2.96e+02 resid=1.93e-01
progress N=2 step 5925/241277 2.5% t=59.25000 eta_s=116652.6 E=-1.22773860 P=0.87636300 dP=-0.12329589 r12=8.04432592 Vg=0.00037039 norm=1.00000000 rank=33/256 sv_max=3.03e+02 resid=2.08e-01
progress N=2 step 5950/241277 2.5% t=59.50000 eta_s=116642.9 E=-1.22568544 P=0.87588681 dP=-0.12377208 r12=8.04534548 Vg=0.00037151 norm=1.00000000 rank=32/256 sv_max=3.15e+02 resid=2.06e-01
progress N=2 step 5975/241277 2.5% t=59.75000 eta_s=116632.9 E=-1.22364423 P=0.87546440 dP=-0.12419449 r12=8.04661643 Vg=0.00037363 norm=1.00000000 rank=33/256 sv_max=3.12e+02 resid=2.08e-01
progress N=2 step 6000/241277 2.5% t=60.00000 eta_s=116624.1 E=-1.22161566 P=0.87509269 dP=-0.12456620 r12=8.04806093 Vg=0.00037640 norm=1.00000000 rank=33/256 sv_max=3.07e+02 resid=2.36e-01
progress N=2 step 6025/241277 2.5% t=60.25000 eta_s=116616.3 E=-1.21959905 P=0.87476183 dP=-0.12489706 r12=8.04957696 Vg=0.00037859 norm=1.00000000 rank=33/256 sv_max=3.18e+02 resid=2.47e-01
progress N=2 step 6050/241277 2.5% t=60.50000 eta_s=116608.8 E=-1.21759434 P=0.87444630 dP=-0.12521259 r12=8.05111062 Vg=0.00038108 norm=1.00000000 rank=33/256 sv_max=3.24e+02 resid=2.24e-01
progress N=2 step 6075/241277 2.5% t=60.75000 eta_s=116602.4 E=-1.21560131 P=0.87414173 dP=-0.12551716 r12=8.05262592 Vg=0.00038353 norm=1.00000000 rank=33/256 sv_max=3.19e+02 resid=2.11e-01
progress N=2 step 6100/241277 2.5% t=61.00000 eta_s=116595.5 E=-1.21361926 P=0.87383044 dP=-0.12582846 r12=8.05401645 Vg=0.00038586 norm=1.00000000 rank=33/256 sv_max=3.25e+02 resid=1.97e-01
progress N=2 step 6125/241277 2.5% t=61.25000 eta_s=116587.5 E=-1.21164845 P=0.87349113 dP=-0.12616776 r12=8.05516581 Vg=0.00038805 norm=1.00000000 rank=33/256 sv_max=3.39e+02 resid=1.67e-01
progress N=2 step 6150/241277 2.5% t=61.50000 eta_s=116579.7 E=-1.20968833 P=0.87310797 dP=-0.12655092 r12=8.05604323 Vg=0.00039119 norm=1.00000000 rank=33/256 sv_max=3.33e+02 resid=1.57e-01
progress N=2 step 6175/241277 2.6% t=61.75000 eta_s=116572.1 E=-1.20773922 P=0.87268800 dP=-0.12697089 r12=8.05667926 Vg=0.00039426 norm=1.00000000 rank=33/256 sv_max=3.26e+02 resid=1.62e-01
progress N=2 step 6200/241277 2.6% t=62.00000 eta_s=116563.9 E=-1.20580112 P=0.87222214 dP=-0.12743675 r12=8.05707194 Vg=0.00039710 norm=1.00000000 rank=33/256 sv_max=3.40e+02 resid=1.57e-01
progress N=2 step 6225/241277 2.6% t=62.25000 eta_s=116555.3 E=-1.20387452 P=0.87170516 dP=-0.12795373 r12=8.05719936 Vg=0.00039984 norm=1.00000000 rank=33/256 sv_max=3.48e+02 resid=1.44e-01
progress N=2 step 6250/241277 2.6% t=62.50000 eta_s=116546.1 E=-1.20195996 P=0.87115186 dP=-0.12850703 r12=8.05706940 Vg=0.00040236 norm=1.00000000 rank=33/256 sv_max=3.40e+02 resid=1.42e-01
progress N=2 step 6275/241277 2.6% t=62.75000 eta_s=116537.6 E=-1.20005679 P=0.87056627 dP=-0.12909263 r12=8.05671527 Vg=0.00040387 norm=1.00000000 rank=33/256 sv_max=3.49e+02 resid=1.37e-01
progress N=2 step 6300/241277 2.6% t=63.00000 eta_s=116521.9 E=-1.19816616 P=0.86993681 dP=-0.12972208 r12=8.05625737 Vg=0.00040561 norm=1.00000000 rank=33/256 sv_max=3.59e+02 resid=1.26e-01
progress N=2 step 6325/241277 2.6% t=63.25000 eta_s=116502.2 E=-1.19628640 P=0.86929079 dP=-0.13036810 r12=8.05576474 Vg=0.00040661 norm=1.00000000 rank=33/256 sv_max=3.46e+02 resid=1.29e-01
progress N=2 step 6350/241277 2.6% t=63.50000 eta_s=116483.0 E=-1.19441943 P=0.86865522 dP=-0.13100367 r12=8.05520922 Vg=0.00040603 norm=1.00000000 rank=33/256 sv_max=3.52e+02 resid=1.35e-01
progress N=2 step 6375/241277 2.6% t=63.75000 eta_s=116464.2 E=-1.19256322 P=0.86801299 dP=-0.13164590 r12=8.05459511 Vg=0.00040702 norm=1.00000000 rank=33/256 sv_max=3.68e+02 resid=1.25e-01
progress N=2 step 6400/241277 2.7% t=64.00000 eta_s=116446.0 E=-1.19071856 P=0.86741113 dP=-0.13224777 r12=8.05402122 Vg=0.00040798 norm=1.00000000 rank=33/256 sv_max=3.64e+02 resid=1.27e-01
progress N=2 step 6425/241277 2.7% t=64.25000 eta_s=116419.2 E=-1.18888444 P=0.86689028 dP=-0.13276861 r12=8.05349902 Vg=0.00040860 norm=1.00000000 rank=33/256 sv_max=3.61e+02 resid=1.44e-01
progress N=2 step 6450/241277 2.7% t=64.50000 eta_s=116394.9 E=-1.18705982 P=0.86643463 dP=-0.13322426 r12=8.05297312 Vg=0.00041046 norm=1.00000000 rank=33/256 sv_max=3.63e+02 resid=1.53e-01
progress N=2 step 6475/241277 2.7% t=64.75000 eta_s=116376.9 E=-1.18524580 P=0.86604532 dP=-0.13361358 r12=8.05252011 Vg=0.00041363 norm=1.00000000 rank=34/256 sv_max=3.52e+02 resid=1.46e-01
progress N=2 step 6500/241277 2.7% t=65.00000 eta_s=116356.8 E=-1.18344001 P=0.86579351 dP=-0.13386538 r12=8.05202697 Vg=0.00041556 norm=1.00000000 rank=34/256 sv_max=3.56e+02 resid=1.70e-01
progress N=2 step 6525/241277 2.7% t=65.25000 eta_s=116335.2 E=-1.18164299 P=0.86564088 dP=-0.13401801 r12=8.05140121 Vg=0.00041860 norm=1.00000000 rank=33/256 sv_max=3.64e+02 resid=1.84e-01
progress N=2 step 6550/241277 2.7% t=65.50000 eta_s=116314.3 E=-1.17985402 P=0.86557203 dP=-0.13408687 r12=8.05060526 Vg=0.00042183 norm=1.00000000 rank=33/256 sv_max=3.61e+02 resid=2.04e-01
progress N=2 step 6575/241277 2.7% t=65.75000 eta_s=116292.9 E=-1.17807172 P=0.86560123 dP=-0.13405766 r12=8.04980197 Vg=0.00042499 norm=1.00000000 rank=33/256 sv_max=3.54e+02 resid=2.10e-01
progress N=2 step 6600/241277 2.7% t=66.00000 eta_s=116276.4 E=-1.17629714 P=0.86571973 dP=-0.13393916 r12=8.04896331 Vg=0.00042795 norm=1.00000000 rank=33/256 sv_max=3.47e+02 resid=2.38e-01
progress N=2 step 6625/241277 2.7% t=66.25000 eta_s=116255.0 E=-1.17452942 P=0.86585813 dP=-0.13380076 r12=8.04805698 Vg=0.00042981 norm=1.00000000 rank=33/256 sv_max=3.63e+02 resid=2.97e-01
progress N=2 step 6650/241277 2.8% t=66.50000 eta_s=116233.3 E=-1.17276813 P=0.86599415 dP=-0.13366474 r12=8.04715994 Vg=0.00043271 norm=1.00000000 rank=33/256 sv_max=3.65e+02 resid=3.37e-01
progress N=2 step 6675/241277 2.8% t=66.75000 eta_s=116214.7 E=-1.17101449 P=0.86611823 dP=-0.13354066 r12=8.04617420 Vg=0.00043462 norm=1.00000000 rank=34/256 sv_max=3.44e+02 resid=3.09e-01
progress N=2 step 6700/241277 2.8% t=67.00000 eta_s=116193.9 E=-1.16926677 P=0.86622764 dP=-0.13343125 r12=8.04526050 Vg=0.00043492 norm=1.00000000 rank=33/256 sv_max=3.61e+02 resid=3.01e-01
progress N=2 step 6725/241277 2.8% t=67.25000 eta_s=116168.6 E=-1.16752578 P=0.86626905 dP=-0.13338984 r12=8.04453723 Vg=0.00043617 norm=1.00000000 rank=33/256 sv_max=3.74e+02 resid=2.76e-01
progress N=2 step 6750/241277 2.8% t=67.50000 eta_s=116142.0 E=-1.16579250 P=0.86619841 dP=-0.13346048 r12=8.04378884 Vg=0.00043725 norm=1.00000000 rank=33/256 sv_max=3.48e+02 resid=2.63e-01
progress N=2 step 6775/241277 2.8% t=67.75000 eta_s=116115.6 E=-1.16406627 P=0.86605231 dP=-0.13360658 r12=8.04304839 Vg=0.00043811 norm=1.00000000 rank=33/256 sv_max=3.51e+02 resid=2.47e-01
progress N=2 step 6800/241277 2.8% t=68.00000 eta_s=116090.5 E=-1.16234695 P=0.86584679 dP=-0.13381210 r12=8.04236088 Vg=0.00043854 norm=1.00000000 rank=33/256 sv_max=3.66e+02 resid=2.27e-01
progress N=2 step 6825/241277 2.8% t=68.25000 eta_s=116064.1 E=-1.16063551 P=0.86554335 dP=-0.13411554 r12=8.04153683 Vg=0.00043789 norm=1.00000000 rank=33/256 sv_max=3.51e+02 resid=2.23e-01
progress N=2 step 6850/241277 2.8% t=68.50000 eta_s=116042.7 E=-1.15893199 P=0.86517874 dP=-0.13448015 r12=8.04071081 Vg=0.00043717 norm=1.00000000 rank=33/256 sv_max=3.54e+02 resid=2.12e-01
progress N=2 step 6875/241277 2.8% t=68.75000 eta_s=116021.3 E=-1.15723596 P=0.86479605 dP=-0.13486284 r12=8.04002254 Vg=0.00043665 norm=1.00000000 rank=33/256 sv_max=3.66e+02 resid=1.92e-01
progress N=2 step 6900/241277 2.9% t=69.00000 eta_s=115999.4 E=-1.15554765 P=0.86438916 dP=-0.13526974 r12=8.03933653 Vg=0.00043582 norm=1.00000000 rank=33/256 sv_max=3.55e+02 resid=1.94e-01
progress N=2 step 6925/241277 2.9% t=69.25000 eta_s=115979.8 E=-1.15386835 P=0.86396101 dP=-0.13569788 r12=8.03868539 Vg=0.00043634 norm=1.00000000 rank=33/256 sv_max=3.51e+02 resid=2.07e-01
progress N=2 step 6950/241277 2.9% t=69.50000 eta_s=115960.0 E=-1.15219672 P=0.86357548 dP=-0.13608341 r12=8.03821462 Vg=0.00043666 norm=1.00000000 rank=33/256 sv_max=3.66e+02 resid=2.05e-01
progress N=2 step 6975/241277 2.9% t=69.75000 eta_s=115940.5 E=-1.15053264 P=0.86326678 dP=-0.13639211 r12=8.03791785 Vg=0.00043539 norm=1.00000000 rank=33/256 sv_max=3.63e+02 resid=2.33e-01
progress N=2 step 7000/241277 2.9% t=70.00000 eta_s=115922.7 E=-1.14887612 P=0.86300003 dP=-0.13665886 r12=8.03794714 Vg=0.00043436 norm=1.00000000 rank=33/256 sv_max=3.59e+02 resid=2.48e-01
progress N=2 step 7025/241277 2.9% t=70.25000 eta_s=115906.0 E=-1.14722785 P=0.86275766 dP=-0.13690123 r12=8.03823463 Vg=0.00043560 norm=1.00000000 rank=33/256 sv_max=3.65e+02 resid=2.46e-01
progress N=2 step 7050/241277 2.9% t=70.50000 eta_s=115887.0 E=-1.14558675 P=0.86257194 dP=-0.13708695 r12=8.03863566 Vg=0.00043820 norm=1.00000000 rank=33/256 sv_max=3.74e+02 resid=2.80e-01
progress N=2 step 7075/241277 2.9% t=70.75000 eta_s=115868.0 E=-1.14395272 P=0.86243903 dP=-0.13721986 r12=8.03931520 Vg=0.00043978 norm=1.00000000 rank=33/256 sv_max=3.66e+02 resid=2.96e-01
progress N=2 step 7100/241277 2.9% t=71.00000 eta_s=115849.6 E=-1.14232554 P=0.86229587 dP=-0.13736302 r12=8.04004127 Vg=0.00044008 norm=1.00000000 rank=32/256 sv_max=3.77e+02 resid=2.59e-01
progress N=2 step 7125/241277 3.0% t=71.25000 eta_s=115832.5 E=-1.14070580 P=0.86216974 dP=-0.13748915 r12=8.04089351 Vg=0.00044056 norm=1.00000000 rank=32/256 sv_max=4.08e+02 resid=2.27e-01
progress N=2 step 7150/241277 3.0% t=71.50000 eta_s=115815.6 E=-1.13909226 P=0.86200809 dP=-0.13765080 r12=8.04175593 Vg=0.00044199 norm=1.00000000 rank=33/256 sv_max=3.81e+02 resid=2.00e-01
progress N=2 step 7175/241277 3.0% t=71.75000 eta_s=115796.9 E=-1.13748441 P=0.86180319 dP=-0.13785570 r12=8.04239000 Vg=0.00044557 norm=1.00000000 rank=32/256 sv_max=3.90e+02 resid=1.89e-01
progress N=2 step 7200/241277 3.0% t=72.00000 eta_s=115779.5 E=-1.13588122 P=0.86157989 dP=-0.13807900 r12=8.04306117 Vg=0.00044821 norm=1.00000000 rank=32/256 sv_max=4.21e+02 resid=1.60e-01
progress N=2 step 7225/241277 3.0% t=72.25000 eta_s=115764.1 E=-1.13428763 P=0.86128908 dP=-0.13836982 r12=8.04358177 Vg=0.00044992 norm=1.00000000 rank=32/256 sv_max=4.49e+02 resid=1.40e-01
progress N=2 step 7250/241277 3.0% t=72.50000 eta_s=115750.8 E=-1.13270124 P=0.86092271 dP=-0.13873618 r12=8.04445847 Vg=0.00045163 norm=1.00000000 rank=33/256 sv_max=4.44e+02 resid=1.25e-01
progress N=2 step 7275/241277 3.0% t=72.75000 eta_s=115737.4 E=-1.13112203 P=0.86051111 dP=-0.13914778 r12=8.04566934 Vg=0.00045569 norm=1.00000000 rank=33/256 sv_max=4.75e+02 resid=1.13e-01
progress N=2 step 7300/241277 3.0% t=73.00000 eta_s=115723.5 E=-1.12954978 P=0.85999042 dP=-0.13966847 r12=8.04718400 Vg=0.00045742 norm=1.00000000 rank=33/256 sv_max=4.72e+02 resid=1.04e-01
progress N=2 step 7325/241277 3.0% t=73.25000 eta_s=115707.1 E=-1.12798630 P=0.85936056 dP=-0.14029833 r12=8.04888290 Vg=0.00045748 norm=1.00000000 rank=32/256 sv_max=4.85e+02 resid=9.46e-02
progress N=2 step 7350/241277 3.0% t=73.50000 eta_s=115692.9 E=-1.12643131 P=0.85867480 dP=-0.14098410 r12=8.05077454 Vg=0.00045852 norm=1.00000000 rank=33/256 sv_max=5.19e+02 resid=8.68e-02
progress N=2 step 7375/241277 3.1% t=73.75000 eta_s=115682.0 E=-1.12488602 P=0.85789722 dP=-0.14176167 r12=8.05273391 Vg=0.00045928 norm=1.00000000 rank=33/256 sv_max=5.00e+02 resid=8.79e-02
progress N=2 step 7400/241277 3.1% t=74.00000 eta_s=115667.7 E=-1.12335048 P=0.85707276 dP=-0.14258613 r12=8.05479844 Vg=0.00046075 norm=1.00000000 rank=33/256 sv_max=5.35e+02 resid=8.13e-02
progress N=2 step 7425/241277 3.1% t=74.25000 eta_s=115650.1 E=-1.12182497 P=0.85620321 dP=-0.14345568 r12=8.05705758 Vg=0.00046256 norm=1.00000000 rank=33/256 sv_max=5.21e+02 resid=7.86e-02
progress N=2 step 7450/241277 3.1% t=74.50000 eta_s=115636.0 E=-1.12030922 P=0.85525719 dP=-0.14440170 r12=8.05927353 Vg=0.00046515 norm=1.00000000 rank=33/256 sv_max=4.95e+02 resid=7.43e-02
progress N=2 step 7475/241277 3.1% t=74.75000 eta_s=115622.7 E=-1.11880296 P=0.85427228 dP=-0.14538661 r12=8.06150721 Vg=0.00046702 norm=1.00000000 rank=33/256 sv_max=5.42e+02 resid=6.81e-02
progress N=2 step 7500/241277 3.1% t=75.00000 eta_s=115606.7 E=-1.11730574 P=0.85325610 dP=-0.14640279 r12=8.06379136 Vg=0.00046872 norm=1.00000000 rank=34/256 sv_max=5.41e+02 resid=6.47e-02
progress N=2 step 7525/241277 3.1% t=75.25000 eta_s=115589.9 E=-1.11581589 P=0.85224521 dP=-0.14741369 r12=8.06606504 Vg=0.00047159 norm=1.00000000 rank=33/256 sv_max=5.34e+02 resid=7.45e-02
progress N=2 step 7550/241277 3.1% t=75.50000 eta_s=115575.5 E=-1.11433414 P=0.85126495 dP=-0.14839394 r12=8.06838424 Vg=0.00047658 norm=1.00000000 rank=33/256 sv_max=5.79e+02 resid=7.88e-02
progress N=2 step 7575/241277 3.1% t=75.75000 eta_s=115561.2 E=-1.11286107 P=0.85028616 dP=-0.14937273 r12=8.07112695 Vg=0.00048232 norm=1.00000000 rank=33/256 sv_max=5.93e+02 resid=8.75e-02
progress N=2 step 7600/241277 3.1% t=76.00000 eta_s=115545.4 E=-1.11139988 P=0.84930670 dP=-0.15035219 r12=8.07388776 Vg=0.00048772 norm=1.00000000 rank=32/256 sv_max=5.78e+02 resid=9.43e-02
progress N=2 step 7625/241277 3.2% t=76.25000 eta_s=115530.5 E=-1.10994761 P=0.84838975 dP=-0.15126914 r12=8.07650142 Vg=0.00049377 norm=1.00000000 rank=32/256 sv_max=5.55e+02 resid=9.98e-02
progress N=2 step 7650/241277 3.2% t=76.50000 eta_s=115514.6 E=-1.10850384 P=0.84753438 dP=-0.15212451 r12=8.07881499 Vg=0.00050017 norm=1.00000000 rank=33/256 sv_max=5.45e+02 resid=9.56e-02
progress N=2 step 7675/241277 3.2% t=76.75000 eta_s=115502.6 E=-1.10706796 P=0.84679377 dP=-0.15286513 r12=8.08074347 Vg=0.00050431 norm=1.00000000 rank=33/256 sv_max=5.61e+02 resid=9.93e-02
progress N=2 step 7700/241277 3.2% t=77.00000 eta_s=115491.9 E=-1.10563877 P=0.84616018 dP=-0.15349871 r12=8.08250190 Vg=0.00050592 norm=1.00000000 rank=33/256 sv_max=5.89e+02 resid=1.02e-01
progress N=2 step 7725/241277 3.2% t=77.25000 eta_s=115477.2 E=-1.10421330 P=0.84557798 dP=-0.15408091 r12=8.08413232 Vg=0.00050749 norm=1.00000000 rank=33/256 sv_max=6.27e+02 resid=9.87e-02
progress N=2 step 7750/241277 3.2% t=77.50000 eta_s=115463.0 E=-1.10279974 P=0.84504621 dP=-0.15461268 r12=8.08573478 Vg=0.00051317 norm=1.00000000 rank=33/256 sv_max=6.42e+02 resid=9.00e-02
progress N=2 step 7775/241277 3.2% t=77.75000 eta_s=115449.0 E=-1.10139348 P=0.84457646 dP=-0.15508243 r12=8.08731090 Vg=0.00052064 norm=1.00000000 rank=32/256 sv_max=6.41e+02 resid=9.21e-02
progress N=2 step 7800/241277 3.2% t=78.00000 eta_s=115435.7 E=-1.09999448 P=0.84411969 dP=-0.15553920 r12=8.08859423 Vg=0.00052638 norm=1.00000000 rank=32/256 sv_max=6.58e+02 resid=8.26e-02
progress N=2 step 7825/241277 3.2% t=78.25000 eta_s=115422.4 E=-1.09860234 P=0.84363797 dP=-0.15602092 r12=8.08971535 Vg=0.00053030 norm=1.00000000 rank=33/256 sv_max=6.83e+02 resid=7.58e-02
progress N=2 step 7850/241277 3.3% t=78.50000 eta_s=115408.6 E=-1.09721694 P=0.84310940 dP=-0.15654949 r12=8.09074092 Vg=0.00053343 norm=1.00000000 rank=33/256 sv_max=6.97e+02 resid=7.53e-02
progress N=2 step 7875/241277 3.3% t=78.75000 eta_s=115394.1 E=-1.09583850 P=0.84252043 dP=-0.15713846 r12=8.09171229 Vg=0.00053703 norm=1.00000000 rank=33/256 sv_max=6.73e+02 resid=8.08e-02
progress N=2 step 7900/241277 3.3% t=79.00000 eta_s=115382.2 E=-1.09446720 P=0.84186920 dP=-0.15778969 r12=8.09274845 Vg=0.00054229 norm=1.00000000 rank=33/256 sv_max=6.83e+02 resid=8.71e-02
progress N=2 step 7925/241277 3.3% t=79.25000 eta_s=115370.0 E=-1.09310283 P=0.84115122 dP=-0.15850767 r12=8.09361834 Vg=0.00054940 norm=1.00000000 rank=32/256 sv_max=7.14e+02 resid=9.42e-02
