job_id=605821
array_job_id=605821
array_task_id=1
job_name=vs3n2st1
partition=epyc
node_list=cent
excluded_nodes=bar
workdir=/home/gyqyan/zexuan/ecg1d_code/1D_thouless_pumping
cpus_per_task=32
mem_per_node=16384
binary=./build/ecg1d_vs3_n2_dt001_staged_full
case_label=gauss_sigma0p500
mode=gauss
sigma=0.5
planning_estimate=staged local dt: shoulders dt/10, core dt/20, 277470 steps; 32-core benchmark free ~0.10 s/step, gauss ~0.23 s/step near s=0.25
start_time=2026-07-09T16:31:01+08:00
config=legacy_prb_3_3_n2_pathpad_K32_dt0p01_staged_gauss_sigma0p500 lambda_C=1.00e-08 rcond=1.00e-04 | TDVP param dimension=256
progress N=2 step 0/277470 0.0% t=0.00000 eta_s=nan E=-2.15315057 P=0.99965889 dP=0.00000000 r12=8.04559382 Vg=0.00000045 norm=1.00000000 rank=-1/256 sv_max=nan resid=nan
initial t=0.00000 tau=0.00000 E=-2.1531505736 <X>/a=0.9996588910 norm=1.0000000000 V_gauss=0.0000004527
progress N=2 step 250/277470 0.1% t=2.50000 eta_s=60001.1 E=-2.14296952 P=0.98909661 dP=-0.01056228 r12=8.04540204 Vg=0.00000052 norm=1.00000000 rank=35/256 sv_max=1.07e+02 resid=6.73e-03
progress N=2 step 500/277470 0.2% t=5.00000 eta_s=59556.3 E=-2.11775377 P=0.98050492 dP=-0.01915397 r12=8.04558719 Vg=0.00000058 norm=1.00000000 rank=37/256 sv_max=1.03e+02 resid=3.77e-02
progress N=2 step 750/277470 0.3% t=7.50000 eta_s=58976.2 E=-2.07650097 P=0.96857356 dP=-0.03108533 r12=8.04635405 Vg=0.00000056 norm=1.00000000 rank=35/256 sv_max=9.45e+01 resid=9.44e-03
progress N=2 step 1000/277470 0.4% t=10.00000 eta_s=58571.4 E=-2.02660570 P=0.96257775 dP=-0.03708114 r12=8.04565195 Vg=0.00000067 norm=1.00000000 rank=34/256 sv_max=1.04e+02 resid=3.53e-02
progress N=2 step 1250/277470 0.5% t=12.50000 eta_s=58035.5 E=-1.96894342 P=0.95118724 dP=-0.04847165 r12=8.04786234 Vg=0.00000065 norm=1.00000000 rank=34/256 sv_max=1.11e+02 resid=1.18e-02
progress N=2 step 1500/277470 0.5% t=15.00000 eta_s=57832.8 E=-1.90971658 P=0.94719498 dP=-0.05246391 r12=8.04593033 Vg=0.00000090 norm=1.00000000 rank=34/256 sv_max=1.07e+02 resid=3.74e-02
progress N=2 step 1750/277470 0.6% t=17.50000 eta_s=57897.7 E=-1.84891446 P=0.93725898 dP=-0.06239991 r12=8.05062316 Vg=0.00000105 norm=1.00000000 rank=37/256 sv_max=1.31e+02 resid=1.15e-02
progress N=2 step 2000/277470 0.7% t=20.00000 eta_s=57980.2 E=-1.79077505 P=0.93342832 dP=-0.06623057 r12=8.04823794 Vg=0.00000186 norm=1.00000000 rank=35/256 sv_max=1.27e+02 resid=3.39e-02
progress N=2 step 2250/277470 0.8% t=22.50000 eta_s=58192.8 E=-1.73406110 P=0.92734339 dP=-0.07231551 r12=8.04940347 Vg=0.00000239 norm=1.00000000 rank=36/256 sv_max=1.17e+02 resid=1.27e-02
progress N=2 step 2500/277470 0.9% t=25.00000 eta_s=58148.0 E=-1.68127091 P=0.92104802 dP=-0.07861088 r12=8.05400049 Vg=0.00000436 norm=1.00000000 rank=34/256 sv_max=1.29e+02 resid=4.09e-02
progress N=2 step 2750/277470 1.0% t=27.50000 eta_s=58191.3 E=-1.63132151 P=0.91902513 dP=-0.08063376 r12=8.03908545 Vg=0.00000732 norm=1.00000000 rank=34/256 sv_max=1.20e+02 resid=2.62e-02
progress N=2 step 3000/277470 1.1% t=30.00000 eta_s=58296.8 E=-1.58483013 P=0.91215915 dP=-0.08749974 r12=8.06886536 Vg=0.00000918 norm=1.00000000 rank=33/256 sv_max=1.34e+02 resid=3.05e-02
progress N=2 step 3250/277470 1.2% t=32.50000 eta_s=58388.6 E=-1.54174737 P=0.90938112 dP=-0.09027777 r12=8.02766735 Vg=0.00000852 norm=1.00000000 rank=33/256 sv_max=1.29e+02 resid=3.86e-02
progress N=2 step 3500/277470 1.3% t=35.00000 eta_s=58456.1 E=-1.50151760 P=0.90612395 dP=-0.09353494 r12=8.06255050 Vg=0.00000998 norm=1.00000000 rank=33/256 sv_max=1.37e+02 resid=3.73e-02
progress N=2 step 3750/277470 1.4% t=37.50000 eta_s=58448.0 E=-1.46425438 P=0.90140331 dP=-0.09825558 r12=8.05715566 Vg=0.00000930 norm=1.00000000 rank=33/256 sv_max=1.48e+02 resid=5.12e-02
progress N=2 step 4000/277470 1.4% t=40.00000 eta_s=58407.2 E=-1.42954865 P=0.90004025 dP=-0.09961864 r12=8.03816212 Vg=0.00000468 norm=1.00000000 rank=32/256 sv_max=1.60e+02 resid=5.91e-02
progress N=2 step 4250/277470 1.5% t=42.50000 eta_s=58437.2 E=-1.39721252 P=0.89419202 dP=-0.10546688 r12=8.04606323 Vg=0.00000410 norm=1.00000000 rank=32/256 sv_max=1.74e+02 resid=4.41e-02
progress N=2 step 4500/277470 1.6% t=45.00000 eta_s=58367.2 E=-1.36721760 P=0.89304220 dP=-0.10661669 r12=8.06429780 Vg=0.00000290 norm=1.00000000 rank=32/256 sv_max=1.82e+02 resid=7.46e-02
progress N=2 step 4750/277470 1.7% t=47.50000 eta_s=58333.8 E=-1.33887178 P=0.89173646 dP=-0.10792243 r12=8.03991564 Vg=0.00000231 norm=1.00000000 rank=32/256 sv_max=1.76e+02 resid=4.61e-02
progress N=2 step 5000/277470 1.8% t=50.00000 eta_s=58354.7 E=-1.31240527 P=0.88646937 dP=-0.11318952 r12=8.04616154 Vg=0.00000273 norm=1.00000000 rank=32/256 sv_max=2.03e+02 resid=7.35e-02
progress N=2 step 5250/277470 1.9% t=52.50000 eta_s=58372.4 E=-1.28773190 P=0.88153852 dP=-0.11812037 r12=8.04786023 Vg=0.00000514 norm=1.00000000 rank=32/256 sv_max=2.23e+02 resid=6.56e-02
progress N=2 step 5500/277470 2.0% t=55.00000 eta_s=58380.4 E=-1.26452607 P=0.88149657 dP=-0.11816232 r12=8.03118799 Vg=0.00000770 norm=1.00000000 rank=32/256 sv_max=2.14e+02 resid=1.19e-01
progress N=2 step 5750/277470 2.1% t=57.50000 eta_s=58233.7 E=-1.24239183 P=0.88019297 dP=-0.11946593 r12=8.03920041 Vg=0.00000774 norm=1.00000000 rank=32/256 sv_max=2.29e+02 resid=6.62e-02
progress N=2 step 6000/277470 2.2% t=60.00000 eta_s=58078.4 E=-1.22157235 P=0.87451997 dP=-0.12513892 r12=8.04974101 Vg=0.00001053 norm=1.00000000 rank=32/256 sv_max=2.45e+02 resid=9.88e-02
progress N=2 step 6250/277470 2.3% t=62.50000 eta_s=57971.5 E=-1.20192363 P=0.87192209 dP=-0.12773680 r12=8.04828541 Vg=0.00000834 norm=1.00000000 rank=32/256 sv_max=2.71e+02 resid=9.14e-02
progress N=2 step 6500/277470 2.3% t=65.00000 eta_s=57845.1 E=-1.18327750 P=0.86893158 dP=-0.13072731 r12=8.00797643 Vg=0.00000420 norm=1.00000000 rank=32/256 sv_max=2.79e+02 resid=1.02e-01
progress N=2 step 6750/277470 2.4% t=67.50000 eta_s=57708.3 E=-1.16550322 P=0.86677160 dP=-0.13288729 r12=8.01300158 Vg=0.00000199 norm=1.00000000 rank=32/256 sv_max=2.96e+02 resid=1.21e-01
progress N=2 step 7000/277470 2.5% t=70.00000 eta_s=57621.1 E=-1.14862343 P=0.86138937 dP=-0.13826953 r12=8.02343968 Vg=0.00000086 norm=1.00000000 rank=32/256 sv_max=3.18e+02 resid=1.17e-01
progress N=2 step 7250/277470 2.6% t=72.50000 eta_s=57532.6 E=-1.13255034 P=0.85967010 dP=-0.13998879 r12=8.03448882 Vg=0.00000201 norm=1.00000000 rank=33/256 sv_max=3.28e+02 resid=2.33e-01
progress N=2 step 7500/277470 2.7% t=75.00000 eta_s=57445.9 E=-1.11707231 P=0.85813538 dP=-0.14152352 r12=8.01402103 Vg=0.00000389 norm=1.00000000 rank=31/256 sv_max=3.33e+02 resid=1.48e-01
progress N=2 step 7750/277470 2.8% t=77.50000 eta_s=57359.8 E=-1.10217471 P=0.85569540 dP=-0.14396349 r12=7.99043133 Vg=0.00000721 norm=1.00000000 rank=31/256 sv_max=3.48e+02 resid=1.46e-01
progress N=2 step 8000/277470 2.9% t=80.00000 eta_s=57312.0 E=-1.08789598 P=0.84999980 dP=-0.14965909 r12=7.99156307 Vg=0.00000694 norm=1.00000000 rank=31/256 sv_max=3.82e+02 resid=8.48e-02
progress N=2 step 8250/277470 3.0% t=82.50000 eta_s=57317.5 E=-1.07433076 P=0.84236125 dP=-0.15729764 r12=7.97581406 Vg=0.00000485 norm=1.00000000 rank=32/256 sv_max=4.12e+02 resid=1.12e-01
progress N=2 step 8500/277470 3.1% t=85.00000 eta_s=57327.9 E=-1.06136977 P=0.83754719 dP=-0.16211170 r12=7.97140023 Vg=0.00000347 norm=1.00000000 rank=33/256 sv_max=5.04e+02 resid=6.98e-02
progress N=2 step 8750/277470 3.2% t=87.50000 eta_s=57337.3 E=-1.04837184 P=0.83124667 dP=-0.16841222 r12=7.97011899 Vg=0.00000424 norm=1.00000000 rank=31/256 sv_max=5.75e+02 resid=2.63e-01
progress N=2 step 9000/277470 3.2% t=90.00000 eta_s=57330.7 E=-1.03644300 P=0.82695813 dP=-0.17270076 r12=7.98990893 Vg=0.00000365 norm=1.00000000 rank=29/256 sv_max=7.01e+02 resid=2.29e-01
progress N=2 step 9250/277470 3.3% t=90.67987 eta_s=57257.7 E=-1.03327452 P=0.82528057 dP=-0.17437832 r12=7.99695665 Vg=0.00000505 norm=1.00000000 rank=30/256 sv_max=6.79e+02 resid=1.76e-01
progress N=2 step 9500/277470 3.4% t=90.92987 eta_s=57235.1 E=-1.03211813 P=0.82468121 dP=-0.17497768 r12=7.99889161 Vg=0.00000585 norm=1.00000000 rank=29/256 sv_max=7.34e+02 resid=1.36e-01
progress N=2 step 9750/277470 3.5% t=91.17987 eta_s=57245.0 E=-1.03096642 P=0.82412426 dP=-0.17553463 r12=7.99987060 Vg=0.00000612 norm=1.00000000 rank=29/256 sv_max=7.68e+02 resid=1.19e-01
progress N=2 step 10000/277470 3.6% t=91.42987 eta_s=57246.7 E=-1.02981871 P=0.82360077 dP=-0.17605812 r12=7.99970323 Vg=0.00000576 norm=1.00000000 rank=29/256 sv_max=8.01e+02 resid=1.20e-01
progress N=2 step 10250/277470 3.7% t=91.67987 eta_s=57251.5 E=-1.02867440 P=0.82308579 dP=-0.17657310 r12=7.99879519 Vg=0.00000559 norm=1.00000000 rank=30/256 sv_max=8.01e+02 resid=1.30e-01
progress N=2 step 10500/277470 3.8% t=91.92987 eta_s=57254.1 E=-1.02753371 P=0.82257225 dP=-0.17708664 r12=7.99771701 Vg=0.00000607 norm=1.00000000 rank=30/256 sv_max=7.04e+02 resid=1.24e-01
progress N=2 step 10750/277470 3.9% t=92.17987 eta_s=57251.7 E=-1.02639757 P=0.82201553 dP=-0.17764336 r12=7.99633490 Vg=0.00000691 norm=1.00000000 rank=29/256 sv_max=7.15e+02 resid=1.01e-01
progress N=2 step 11000/277470 4.0% t=92.42987 eta_s=57245.3 E=-1.02526653 P=0.82144505 dP=-0.17821384 r12=7.99465024 Vg=0.00000817 norm=1.00000000 rank=29/256 sv_max=8.36e+02 resid=8.93e-02
progress N=2 step 11250/277470 4.1% t=92.67987 eta_s=57237.7 E=-1.02414027 P=0.82084868 dP=-0.17881021 r12=7.99303698 Vg=0.00000975 norm=1.00000000 rank=29/256 sv_max=8.75e+02 resid=9.70e-02
progress N=2 step 11500/277470 4.1% t=92.92987 eta_s=57206.5 E=-1.02301835 P=0.82025656 dP=-0.17940234 r12=7.99145448 Vg=0.00001063 norm=1.00000000 rank=29/256 sv_max=9.23e+02 resid=1.13e-01
progress N=2 step 11750/277470 4.2% t=93.17987 eta_s=57129.7 E=-1.02189980 P=0.81968247 dP=-0.17997642 r12=7.99017757 Vg=0.00000995 norm=1.00000000 rank=28/256 sv_max=1.19e+03 resid=1.50e-01
progress N=2 step 12000/277470 4.3% t=93.42987 eta_s=57038.2 E=-1.02078445 P=0.81913961 dP=-0.18051928 r12=7.98998704 Vg=0.00000884 norm=1.00000000 rank=28/256 sv_max=1.34e+03 resid=1.92e-01
progress N=2 step 12250/277470 4.4% t=93.67987 eta_s=56958.9 E=-1.01967227 P=0.81866167 dP=-0.18099722 r12=7.99088429 Vg=0.00000897 norm=1.00000000 rank=27/256 sv_max=1.59e+03 resid=1.90e-01
progress N=2 step 12500/277470 4.5% t=93.92987 eta_s=56886.3 E=-1.01856333 P=0.81832125 dP=-0.18133764 r12=7.99202261 Vg=0.00000956 norm=1.00000000 rank=25/256 sv_max=2.01e+03 resid=1.65e-01
progress N=2 step 12750/277470 4.6% t=94.17987 eta_s=56808.5 E=-1.01745711 P=0.81804034 dP=-0.18161855 r12=7.99314400 Vg=0.00000973 norm=1.00000000 rank=25/256 sv_max=2.21e+03 resid=1.54e-01
progress N=2 step 13000/277470 4.7% t=94.42987 eta_s=56731.1 E=-1.01635322 P=0.81783635 dP=-0.18182254 r12=7.99425443 Vg=0.00000988 norm=1.00000000 rank=25/256 sv_max=2.62e+03 resid=1.47e-01
progress N=2 step 13250/277470 4.8% t=94.67987 eta_s=56630.4 E=-1.01525184 P=0.81775386 dP=-0.18190503 r12=7.99519134 Vg=0.00001010 norm=1.00000000 rank=23/256 sv_max=4.09e+03 resid=1.27e-01
progress N=2 step 13500/277470 4.9% t=94.92987 eta_s=56602.1 E=-1.01415429 P=0.81758393 dP=-0.18207497 r12=7.99517487 Vg=0.00001038 norm=1.00000000 rank=20/256 sv_max=5.59e+03 resid=1.48e-01
progress N=2 step 13750/277470 5.0% t=95.17987 eta_s=56582.8 E=-1.01306140 P=0.81728231 dP=-0.18237659 r12=7.99435248 Vg=0.00001072 norm=1.00000000 rank=20/256 sv_max=6.36e+03 resid=1.21e-01
progress N=2 step 14000/277470 5.0% t=95.42987 eta_s=56562.0 E=-1.01197283 P=0.81697435 dP=-0.18268454 r12=7.99341220 Vg=0.00001098 norm=1.00000000 rank=20/256 sv_max=6.06e+03 resid=9.59e-02
progress N=2 step 14250/277470 5.1% t=95.67987 eta_s=56534.8 E=-1.01088741 P=0.81671728 dP=-0.18294161 r12=7.99269306 Vg=0.00001101 norm=1.00000000 rank=20/256 sv_max=5.69e+03 resid=8.26e-02
progress N=2 step 14500/277470 5.2% t=95.92987 eta_s=56479.9 E=-1.00980392 P=0.81646153 dP=-0.18319736 r12=7.99231797 Vg=0.00001087 norm=1.00000000 rank=20/256 sv_max=6.75e+03 resid=7.28e-02
progress N=2 step 14750/277470 5.3% t=96.17987 eta_s=56453.3 E=-1.00872196 P=0.81598309 dP=-0.18367580 r12=7.99254976 Vg=0.00001092 norm=1.00000000 rank=19/256 sv_max=7.71e+03 resid=7.68e-02
progress N=2 step 15000/277470 5.4% t=96.42987 eta_s=56430.7 E=-1.00764214 P=0.81536523 dP=-0.18429366 r12=7.99367121 Vg=0.00001100 norm=1.00000000 rank=19/256 sv_max=7.47e+03 resid=9.50e-02
progress N=2 step 15250/277470 5.5% t=96.67987 eta_s=56408.4 E=-1.00656546 P=0.81465136 dP=-0.18500753 r12=7.99506026 Vg=0.00001097 norm=1.00000000 rank=19/256 sv_max=6.49e+03 resid=1.51e-01
progress N=2 step 15500/277470 5.6% t=96.92987 eta_s=56352.1 E=-1.00549261 P=0.81393209 dP=-0.18572680 r12=7.99591601 Vg=0.00001068 norm=1.00000000 rank=20/256 sv_max=5.69e+03 resid=1.70e-01
progress N=2 step 15750/277470 5.7% t=97.17987 eta_s=56316.1 E=-1.00442358 P=0.81332707 dP=-0.18633182 r12=7.99599634 Vg=0.00001017 norm=1.00000000 rank=20/256 sv_max=5.45e+03 resid=1.37e-01
progress N=2 step 16000/277470 5.8% t=97.42987 eta_s=56287.6 E=-1.00335737 P=0.81293401 dP=-0.18672488 r12=7.99515900 Vg=0.00000966 norm=1.00000000 rank=20/256 sv_max=5.73e+03 resid=1.16e-01
progress N=2 step 16250/277470 5.9% t=97.67987 eta_s=56260.7 E=-1.00229390 P=0.81266850 dP=-0.18699039 r12=7.99295195 Vg=0.00000935 norm=1.00000000 rank=20/256 sv_max=5.93e+03 resid=1.06e-01
progress N=2 step 16500/277470 5.9% t=97.92987 eta_s=56222.0 E=-1.00123362 P=0.81240991 dP=-0.18724899 r12=7.98885895 Vg=0.00000920 norm=1.00000000 rank=20/256 sv_max=6.26e+03 resid=1.02e-01
progress N=2 step 16750/277470 6.0% t=98.17987 eta_s=56149.5 E=-1.00017693 P=0.81208395 dP=-0.18757494 r12=7.98287117 Vg=0.00000907 norm=1.00000000 rank=19/256 sv_max=6.86e+03 resid=1.08e-01
progress N=2 step 17000/277470 6.1% t=98.42987 eta_s=56078.5 E=-0.99912367 P=0.81184089 dP=-0.18781800 r12=7.97610584 Vg=0.00000870 norm=1.00000000 rank=19/256 sv_max=8.96e+03 resid=1.01e-01
progress N=2 step 17250/277470 6.2% t=98.67987 eta_s=56004.9 E=-0.99807317 P=0.81161992 dP=-0.18803897 r12=7.96940530 Vg=0.00000809 norm=1.00000000 rank=18/256 sv_max=1.16e+04 resid=1.08e-01
progress N=2 step 17500/277470 6.3% t=98.92987 eta_s=55931.9 E=-0.99702553 P=0.81130733 dP=-0.18835156 r12=7.96333222 Vg=0.00000743 norm=1.00000000 rank=17/256 sv_max=1.27e+04 resid=1.36e-01
progress N=2 step 17750/277470 6.4% t=99.17987 eta_s=55873.3 E=-0.99598107 P=0.81092177 dP=-0.18873712 r12=7.95819317 Vg=0.00000690 norm=1.00000000 rank=18/256 sv_max=1.16e+04 resid=2.21e-01
progress N=2 step 18000/277470 6.5% t=99.42987 eta_s=55825.0 E=-0.99493966 P=0.81056139 dP=-0.18909750 r12=7.95392497 Vg=0.00000648 norm=1.00000000 rank=19/256 sv_max=9.34e+03 resid=2.33e-01
progress N=2 step 18250/277470 6.6% t=99.67987 eta_s=55756.8 E=-0.99390083 P=0.81035243 dP=-0.18930646 r12=7.95036786 Vg=0.00000606 norm=1.00000000 rank=19/256 sv_max=8.60e+03 resid=1.66e-01
progress N=2 step 18500/277470 6.7% t=99.92987 eta_s=55681.0 E=-0.99286396 P=0.81019242 dP=-0.18946647 r12=7.94678875 Vg=0.00000556 norm=1.00000000 rank=19/256 sv_max=8.74e+03 resid=1.52e-01
progress N=2 step 18750/277470 6.8% t=100.17987 eta_s=55608.3 E=-0.99182937 P=0.80987502 dP=-0.18978387 r12=7.94259885 Vg=0.00000501 norm=1.00000000 rank=19/256 sv_max=8.53e+03 resid=1.62e-01
progress N=2 step 19000/277470 6.8% t=100.42987 eta_s=55536.0 E=-0.99079787 P=0.80934494 dP=-0.19031395 r12=7.93795201 Vg=0.00000456 norm=1.00000000 rank=19/256 sv_max=8.10e+03 resid=1.59e-01
progress N=2 step 19250/277470 6.9% t=100.60496 eta_s=55466.5 E=-0.99007774 P=0.80889892 dP=-0.19075997 r12=7.93469040 Vg=0.00000433 norm=1.00000000 rank=19/256 sv_max=7.89e+03 resid=1.50e-01
progress N=2 step 19500/277470 7.0% t=100.72996 eta_s=55396.0 E=-0.98956429 P=0.80858878 dP=-0.19107011 r12=7.93248169 Vg=0.00000419 norm=1.00000000 rank=19/256 sv_max=8.10e+03 resid=1.40e-01
progress N=2 step 19750/277470 7.1% t=100.85496 eta_s=55328.0 E=-0.98905178 P=0.80830773 dP=-0.19135116 r12=7.93043925 Vg=0.00000404 norm=1.00000000 rank=19/256 sv_max=8.78e+03 resid=1.31e-01
progress N=2 step 20000/277470 7.2% t=100.97996 eta_s=55260.3 E=-0.98853935 P=0.80805280 dP=-0.19160609 r12=7.92856629 Vg=0.00000389 norm=1.00000000 rank=18/256 sv_max=9.84e+03 resid=1.34e-01
progress N=2 step 20250/277470 7.3% t=101.10496 eta_s=55192.6 E=-0.98802795 P=0.80777165 dP=-0.19188724 r12=7.92672116 Vg=0.00000369 norm=1.00000000 rank=18/256 sv_max=1.11e+04 resid=1.35e-01
progress N=2 step 20500/277470 7.4% t=101.22996 eta_s=55140.9 E=-0.98751682 P=0.80749913 dP=-0.19215976 r12=7.92502698 Vg=0.00000346 norm=1.00000000 rank=18/256 sv_max=1.25e+04 resid=1.43e-01
progress N=2 step 20750/277470 7.5% t=101.35496 eta_s=55108.4 E=-0.98700648 P=0.80722080 dP=-0.19243809 r12=7.92356701 Vg=0.00000320 norm=1.00000000 rank=17/256 sv_max=1.36e+04 resid=1.71e-01
progress N=2 step 21000/277470 7.6% t=101.47996 eta_s=55074.0 E=-0.98649693 P=0.80692639 dP=-0.19273250 r12=7.92230615 Vg=0.00000292 norm=1.00000000 rank=17/256 sv_max=1.44e+04 resid=2.20e-01
progress N=2 step 21250/277470 7.7% t=101.60496 eta_s=55039.8 E=-0.98598797 P=0.80661855 dP=-0.19304034 r12=7.92112450 Vg=0.00000266 norm=1.00000000 rank=17/256 sv_max=1.47e+04 resid=2.70e-01
progress N=2 step 21500/277470 7.7% t=101.72996 eta_s=55002.3 E=-0.98548030 P=0.80630335 dP=-0.19335554 r12=7.91996939 Vg=0.00000242 norm=1.00000000 rank=17/256 sv_max=1.45e+04 resid=2.18e-01
progress N=2 step 21750/277470 7.8% t=101.85496 eta_s=54963.4 E=-0.98497305 P=0.80598580 dP=-0.19367309 r12=7.91877220 Vg=0.00000223 norm=1.00000000 rank=17/256 sv_max=1.38e+04 resid=1.52e-01
progress N=2 step 22000/277470 7.9% t=101.97996 eta_s=54910.2 E=-0.98446703 P=0.80566768 dP=-0.19399121 r12=7.91747221 Vg=0.00000208 norm=1.00000000 rank=17/256 sv_max=1.27e+04 resid=1.20e-01
progress N=2 step 22250/277470 8.0% t=102.10496 eta_s=54860.8 E=-0.98396151 P=0.80537108 dP=-0.19428782 r12=7.91597693 Vg=0.00000197 norm=1.00000000 rank=18/256 sv_max=1.18e+04 resid=1.01e-01
progress N=2 step 22500/277470 8.1% t=102.22996 eta_s=54807.8 E=-0.98345669 P=0.80509813 dP=-0.19456076 r12=7.91436719 Vg=0.00000188 norm=1.00000000 rank=18/256 sv_max=1.14e+04 resid=9.63e-02
progress N=2 step 22750/277470 8.2% t=102.35496 eta_s=54762.6 E=-0.98295265 P=0.80483555 dP=-0.19482334 r12=7.91271522 Vg=0.00000179 norm=1.00000000 rank=18/256 sv_max=1.12e+04 resid=9.51e-02
progress N=2 step 23000/277470 8.3% t=102.47996 eta_s=54726.4 E=-0.98244893 P=0.80457954 dP=-0.19507935 r12=7.91103720 Vg=0.00000169 norm=1.00000000 rank=18/256 sv_max=1.11e+04 resid=9.51e-02
progress N=2 step 23250/277470 8.4% t=102.60496 eta_s=54676.3 E=-0.98194650 P=0.80432924 dP=-0.19532965 r12=7.90935355 Vg=0.00000158 norm=1.00000000 rank=18/256 sv_max=1.10e+04 resid=9.45e-02
progress N=2 step 23500/277470 8.5% t=102.72996 eta_s=54630.0 E=-0.98144448 P=0.80408640 dP=-0.19557249 r12=7.90768469 Vg=0.00000147 norm=1.00000000 rank=18/256 sv_max=1.10e+04 resid=9.17e-02
progress N=2 step 23750/277470 8.6% t=102.85496 eta_s=54593.2 E=-0.98094363 P=0.80385268 dP=-0.19580621 r12=7.90604116 Vg=0.00000136 norm=1.00000000 rank=18/256 sv_max=1.11e+04 resid=8.55e-02
progress N=2 step 24000/277470 8.6% t=102.97996 eta_s=54527.7 E=-0.98044359 P=0.80362682 dP=-0.19603207 r12=7.90442138 Vg=0.00000124 norm=1.00000000 rank=18/256 sv_max=1.14e+04 resid=7.67e-02
progress N=2 step 24250/277470 8.7% t=103.10496 eta_s=54460.5 E=-0.97994432 P=0.80340603 dP=-0.19625286 r12=7.90282171 Vg=0.00000115 norm=1.00000000 rank=18/256 sv_max=1.18e+04 resid=6.83e-02
progress N=2 step 24500/277470 8.8% t=103.22996 eta_s=54393.8 E=-0.97944620 P=0.80319110 dP=-0.19646779 r12=7.90123368 Vg=0.00000107 norm=1.00000000 rank=18/256 sv_max=1.24e+04 resid=6.17e-02
progress N=2 step 24750/277470 8.9% t=103.35496 eta_s=54326.3 E=-0.97894842 P=0.80297469 dP=-0.19668420 r12=7.89958877 Vg=0.00000104 norm=1.00000000 rank=18/256 sv_max=1.31e+04 resid=5.83e-02
progress N=2 step 25000/277470 9.0% t=103.47996 eta_s=54259.4 E=-0.97845186 P=0.80274602 dP=-0.19691287 r12=7.89780938 Vg=0.00000104 norm=1.00000000 rank=18/256 sv_max=1.36e+04 resid=5.77e-02
progress N=2 step 25250/277470 9.1% t=103.60496 eta_s=54195.0 E=-0.97795565 P=0.80250220 dP=-0.19715669 r12=7.89587285 Vg=0.00000105 norm=1.00000000 rank=18/256 sv_max=1.40e+04 resid=5.85e-02
progress N=2 step 25500/277470 9.2% t=103.72996 eta_s=54124.6 E=-0.97746022 P=0.80224263 dP=-0.19741626 r12=7.89378988 Vg=0.00000106 norm=1.00000000 rank=18/256 sv_max=1.45e+04 resid=6.03e-02
progress N=2 step 25750/277470 9.3% t=103.85496 eta_s=54068.3 E=-0.97696555 P=0.80198948 dP=-0.19766941 r12=7.89162045 Vg=0.00000107 norm=1.00000000 rank=17/256 sv_max=1.49e+04 resid=6.42e-02
progress N=2 step 26000/277470 9.4% t=103.97996 eta_s=54026.7 E=-0.97647128 P=0.80171530 dP=-0.19794360 r12=7.88938741 Vg=0.00000107 norm=1.00000000 rank=17/256 sv_max=1.50e+04 resid=6.88e-02
progress N=2 step 26250/277470 9.5% t=104.10496 eta_s=53945.1 E=-0.97597829 P=0.80140354 dP=-0.19825535 r12=7.88708476 Vg=0.00000106 norm=1.00000000 rank=17/256 sv_max=1.46e+04 resid=7.52e-02
progress N=2 step 26500/277470 9.6% t=104.22996 eta_s=53875.9 E=-0.97548575 P=0.80105637 dP=-0.19860252 r12=7.88471624 Vg=0.00000105 norm=1.00000000 rank=17/256 sv_max=1.37e+04 resid=8.21e-02
progress N=2 step 26750/277470 9.6% t=104.35496 eta_s=53812.3 E=-0.97499442 P=0.80068152 dP=-0.19897737 r12=7.88228616 Vg=0.00000106 norm=1.00000000 rank=17/256 sv_max=1.28e+04 resid=8.71e-02
progress N=2 step 27000/277470 9.7% t=104.47996 eta_s=53749.4 E=-0.97450390 P=0.80028939 dP=-0.19936950 r12=7.87978790 Vg=0.00000108 norm=1.00000000 rank=18/256 sv_max=1.21e+04 resid=8.84e-02
progress N=2 step 27250/277470 9.8% t=104.60496 eta_s=53671.2 E=-0.97401413 P=0.79989668 dP=-0.19976221 r12=7.87724083 Vg=0.00000114 norm=1.00000000 rank=18/256 sv_max=1.18e+04 resid=8.81e-02
progress N=2 step 27500/277470 9.9% t=104.72996 eta_s=53623.2 E=-0.97352545 P=0.79951467 dP=-0.20014422 r12=7.87473289 Vg=0.00000125 norm=1.00000000 rank=18/256 sv_max=1.20e+04 resid=8.63e-02
progress N=2 step 27750/277470 10.0% t=104.85496 eta_s=53583.8 E=-0.97303717 P=0.79913822 dP=-0.20052067 r12=7.87229179 Vg=0.00000138 norm=1.00000000 rank=18/256 sv_max=1.26e+04 resid=8.45e-02
progress N=2 step 28000/277470 10.1% t=104.97996 eta_s=53542.2 E=-0.97255002 P=0.79875725 dP=-0.20090165 r12=7.86994130 Vg=0.00000152 norm=1.00000000 rank=18/256 sv_max=1.33e+04 resid=8.39e-02
progress N=2 step 28250/277470 10.2% t=105.10496 eta_s=53501.4 E=-0.97206343 P=0.79836235 dP=-0.20129654 r12=7.86770518 Vg=0.00000167 norm=1.00000000 rank=18/256 sv_max=1.39e+04 resid=8.52e-02
progress N=2 step 28500/277470 10.3% t=105.22996 eta_s=53457.5 E=-0.97157772 P=0.79794856 dP=-0.20171033 r12=7.86561353 Vg=0.00000179 norm=1.00000000 rank=18/256 sv_max=1.43e+04 resid=8.90e-02
progress N=2 step 28750/277470 10.4% t=105.35496 eta_s=53391.4 E=-0.97109299 P=0.79755261 dP=-0.20210628 r12=7.86384129 Vg=0.00000190 norm=1.00000000 rank=17/256 sv_max=1.44e+04 resid=9.95e-02
progress N=2 step 29000/277470 10.5% t=105.47996 eta_s=53326.1 E=-0.97060887 P=0.79712770 dP=-0.20253119 r12=7.86229494 Vg=0.00000199 norm=1.00000000 rank=17/256 sv_max=1.42e+04 resid=1.10e-01
progress N=2 step 29250/277470 10.5% t=105.60496 eta_s=53260.8 E=-0.97012616 P=0.79667941 dP=-0.20297948 r12=7.86098146 Vg=0.00000206 norm=1.00000000 rank=17/256 sv_max=1.37e+04 resid=1.22e-01
progress N=2 step 29500/277470 10.6% t=105.72996 eta_s=53195.3 E=-0.96964410 P=0.79621656 dP=-0.20344233 r12=7.85990705 Vg=0.00000212 norm=1.00000000 rank=17/256 sv_max=1.32e+04 resid=1.29e-01
progress N=2 step 29750/277470 10.7% t=105.85496 eta_s=53129.4 E=-0.96916314 P=0.79574228 dP=-0.20391662 r12=7.85907130 Vg=0.00000217 norm=1.00000000 rank=17/256 sv_max=1.30e+04 resid=1.31e-01
progress N=2 step 30000/277470 10.8% t=105.97996 eta_s=53051.1 E=-0.96868310 P=0.79527569 dP=-0.20438320 r12=7.85852554 Vg=0.00000225 norm=1.00000000 rank=17/256 sv_max=1.31e+04 resid=1.27e-01
progress N=2 step 30250/277470 10.9% t=106.10496 eta_s=52994.6 E=-0.96820372 P=0.79481688 dP=-0.20484201 r12=7.85821661 Vg=0.00000235 norm=1.00000000 rank=17/256 sv_max=1.36e+04 resid=1.21e-01
progress N=2 step 30500/277470 11.0% t=106.22996 eta_s=52952.6 E=-0.96772552 P=0.79435994 dP=-0.20529895 r12=7.85807016 Vg=0.00000248 norm=1.00000000 rank=17/256 sv_max=1.43e+04 resid=1.15e-01
progress N=2 step 30750/277470 11.1% t=106.35496 eta_s=52900.6 E=-0.96724783 P=0.79389792 dP=-0.20576097 r12=7.85801425 Vg=0.00000264 norm=1.00000000 rank=17/256 sv_max=1.48e+04 resid=1.09e-01
progress N=2 step 31000/277470 11.2% t=106.47996 eta_s=52849.2 E=-0.96677126 P=0.79342535 dP=-0.20623354 r12=7.85798489 Vg=0.00000281 norm=1.00000000 rank=17/256 sv_max=1.50e+04 resid=1.03e-01
progress N=2 step 31250/277470 11.3% t=106.60496 eta_s=52793.7 E=-0.96629549 P=0.79294024 dP=-0.20671865 r12=7.85792896 Vg=0.00000298 norm=1.00000000 rank=17/256 sv_max=1.47e+04 resid=9.71e-02
progress N=2 step 31500/277470 11.4% t=106.72996 eta_s=52742.6 E=-0.96582060 P=0.79244401 dP=-0.20721488 r12=7.85780148 Vg=0.00000315 norm=1.00000000 rank=17/256 sv_max=1.41e+04 resid=9.09e-02
progress N=2 step 31750/277470 11.4% t=106.85496 eta_s=52694.2 E=-0.96534695 P=0.79194034 dP=-0.20771855 r12=7.85756251 Vg=0.00000330 norm=1.00000000 rank=17/256 sv_max=1.33e+04 resid=8.55e-02
progress N=2 step 32000/277470 11.5% t=106.97996 eta_s=52641.9 E=-0.96487401 P=0.79143430 dP=-0.20822459 r12=7.85717981 Vg=0.00000345 norm=1.00000000 rank=17/256 sv_max=1.25e+04 resid=8.17e-02
progress N=2 step 32250/277470 11.6% t=107.10496 eta_s=52598.7 E=-0.96440245 P=0.79093584 dP=-0.20872305 r12=7.85657422 Vg=0.00000357 norm=1.00000000 rank=18/256 sv_max=1.22e+04 resid=7.86e-02
progress N=2 step 32500/277470 11.7% t=107.22996 eta_s=52541.0 E=-0.96393170 P=0.79045294 dP=-0.20920595 r12=7.85585047 Vg=0.00000369 norm=1.00000000 rank=18/256 sv_max=1.23e+04 resid=7.66e-02
progress N=2 step 32750/277470 11.8% t=107.35496 eta_s=52482.6 E=-0.96346193 P=0.78998810 dP=-0.20967079 r12=7.85501029 Vg=0.00000382 norm=1.00000000 rank=18/256 sv_max=1.28e+04 resid=7.44e-02
progress N=2 step 33000/277470 11.9% t=107.47996 eta_s=52426.7 E=-0.96299328 P=0.78953977 dP=-0.21011912 r12=7.85404615 Vg=0.00000397 norm=1.00000000 rank=18/256 sv_max=1.35e+04 resid=7.20e-02
progress N=2 step 33250/277470 12.0% t=107.60496 eta_s=52383.5 E=-0.96252528 P=0.78910357 dP=-0.21055533 r12=7.85294846 Vg=0.00000412 norm=1.00000000 rank=18/256 sv_max=1.43e+04 resid=6.94e-02
progress N=2 step 33500/277470 12.1% t=107.72996 eta_s=52343.8 E=-0.96205863 P=0.78869101 dP=-0.21096788 r12=7.85175037 Vg=0.00000427 norm=1.00000000 rank=17/256 sv_max=1.51e+04 resid=6.72e-02
progress N=2 step 33750/277470 12.2% t=107.85496 eta_s=52304.5 E=-0.96159261 P=0.78829457 dP=-0.21136433 r12=7.85046898 Vg=0.00000442 norm=1.00000000 rank=17/256 sv_max=1.57e+04 resid=6.44e-02
progress N=2 step 34000/277470 12.3% t=107.97996 eta_s=52264.3 E=-0.96112754 P=0.78789392 dP=-0.21176497 r12=7.84907592 Vg=0.00000457 norm=1.00000000 rank=17/256 sv_max=1.59e+04 resid=6.22e-02
progress N=2 step 34250/277470 12.3% t=108.10496 eta_s=52224.5 E=-0.96066342 P=0.78748899 dP=-0.21216991 r12=7.84758046 Vg=0.00000470 norm=1.00000000 rank=17/256 sv_max=1.58e+04 resid=6.08e-02
progress N=2 step 34500/277470 12.4% t=108.22996 eta_s=52185.4 E=-0.96019985 P=0.78708215 dP=-0.21257674 r12=7.84599935 Vg=0.00000482 norm=1.00000000 rank=17/256 sv_max=1.54e+04 resid=6.06e-02
progress N=2 step 34750/277470 12.5% t=108.35496 eta_s=52146.4 E=-0.95973755 P=0.78667658 dP=-0.21298231 r12=7.84435621 Vg=0.00000493 norm=1.00000000 rank=17/256 sv_max=1.50e+04 resid=6.16e-02
progress N=2 step 35000/277470 12.6% t=108.47996 eta_s=52107.3 E=-0.95927574 P=0.78627515 dP=-0.21338374 r12=7.84267748 Vg=0.00000503 norm=1.00000000 rank=17/256 sv_max=1.47e+04 resid=6.34e-02
progress N=2 step 35250/277470 12.7% t=108.60496 eta_s=52062.3 E=-0.95881483 P=0.78587989 dP=-0.21377900 r12=7.84098735 Vg=0.00000513 norm=1.00000000 rank=17/256 sv_max=1.47e+04 resid=6.54e-02
progress N=2 step 35500/277470 12.8% t=108.72996 eta_s=52016.6 E=-0.95835475 P=0.78549163 dP=-0.21416726 r12=7.83930517 Vg=0.00000523 norm=1.00000000 rank=17/256 sv_max=1.48e+04 resid=6.76e-02
progress N=2 step 35750/277470 12.9% t=108.85496 eta_s=51976.6 E=-0.95789524 P=0.78511002 dP=-0.21454887 r12=7.83764457 Vg=0.00000533 norm=1.00000000 rank=17/256 sv_max=1.51e+04 resid=6.97e-02
progress N=2 step 36000/277470 13.0% t=108.97996 eta_s=51936.9 E=-0.95743696 P=0.78473385 dP=-0.21492504 r12=7.83601317 Vg=0.00000543 norm=1.00000000 rank=17/256 sv_max=1.55e+04 resid=7.18e-02
progress N=2 step 36250/277470 13.1% t=109.10496 eta_s=51883.8 E=-0.95697924 P=0.78436185 dP=-0.21529705 r12=7.83441271 Vg=0.00000554 norm=1.00000000 rank=17/256 sv_max=1.57e+04 resid=7.35e-02
progress N=2 step 36500/277470 13.2% t=109.22996 eta_s=51833.5 E=-0.95652257 P=0.78399335 dP=-0.21566555 r12=7.83283970 Vg=0.00000565 norm=1.00000000 rank=17/256 sv_max=1.59e+04 resid=7.45e-02
progress N=2 step 36750/277470 13.2% t=109.35496 eta_s=51775.3 E=-0.95606676 P=0.78362841 dP=-0.21603048 r12=7.83128646 Vg=0.00000576 norm=1.00000000 rank=17/256 sv_max=1.60e+04 resid=7.45e-02
progress N=2 step 37000/277470 13.3% t=109.47996 eta_s=51717.5 E=-0.95561162 P=0.78326725 dP=-0.21639164 r12=7.82974353 Vg=0.00000586 norm=1.00000000 rank=17/256 sv_max=1.60e+04 resid=7.38e-02
progress N=2 step 37250/277470 13.4% t=109.60496 eta_s=51669.0 E=-0.95515765 P=0.78290923 dP=-0.21674966 r12=7.82820212 Vg=0.00000595 norm=1.00000000 rank=17/256 sv_max=1.59e+04 resid=7.27e-02
progress N=2 step 37500/277470 13.5% t=109.72996 eta_s=51628.9 E=-0.95470416 P=0.78255175 dP=-0.21710715 r12=7.82665235 Vg=0.00000604 norm=1.00000000 rank=17/256 sv_max=1.59e+04 resid=7.18e-02
progress N=2 step 37750/277470 13.6% t=109.85496 eta_s=51588.9 E=-0.95425155 P=0.78219030 dP=-0.21746859 r12=7.82508113 Vg=0.00000613 norm=1.00000000 rank=17/256 sv_max=1.58e+04 resid=7.13e-02
progress N=2 step 38000/277470 13.7% t=109.97996 eta_s=51535.8 E=-0.95379962 P=0.78181976 dP=-0.21783914 r12=7.82347524 Vg=0.00000622 norm=1.00000000 rank=17/256 sv_max=1.57e+04 resid=7.13e-02
progress N=2 step 38250/277470 13.8% t=110.10496 eta_s=51472.6 E=-0.95334824 P=0.78143544 dP=-0.21822345 r12=7.82182550 Vg=0.00000630 norm=1.00000000 rank=17/256 sv_max=1.56e+04 resid=7.22e-02
progress N=2 step 38500/277470 13.9% t=110.22996 eta_s=51413.9 E=-0.95289780 P=0.78103418 dP=-0.21862471 r12=7.82012888 Vg=0.00000637 norm=1.00000000 rank=17/256 sv_max=1.53e+04 resid=7.41e-02
progress N=2 step 38750/277470 14.0% t=110.35496 eta_s=51355.0 E=-0.95244790 P=0.78061506 dP=-0.21904383 r12=7.81838957 Vg=0.00000643 norm=1.00000000 rank=17/256 sv_max=1.51e+04 resid=7.70e-02
progress N=2 step 39000/277470 14.1% t=110.47996 eta_s=51296.1 E=-0.95199895 P=0.78017961 dP=-0.21947928 r12=7.81661846 Vg=0.00000647 norm=1.00000000 rank=17/256 sv_max=1.48e+04 resid=8.07e-02
progress N=2 step 39250/277470 14.1% t=110.60496 eta_s=51235.3 E=-0.95155076 P=0.77973112 dP=-0.21992777 r12=7.81483065 Vg=0.00000648 norm=1.00000000 rank=17/256 sv_max=1.47e+04 resid=8.49e-02
progress N=2 step 39500/277470 14.2% t=110.72996 eta_s=51176.0 E=-0.95110330 P=0.77927340 dP=-0.22038549 r12=7.81304198 Vg=0.00000648 norm=1.00000000 rank=17/256 sv_max=1.47e+04 resid=8.94e-02
progress N=2 step 39750/277470 14.3% t=110.85496 eta_s=51115.6 E=-0.95065687 P=0.77880970 dP=-0.22084919 r12=7.81126701 Vg=0.00000645 norm=1.00000000 rank=17/256 sv_max=1.48e+04 resid=9.40e-02
progress N=2 step 40000/277470 14.4% t=110.97996 eta_s=51055.1 E=-0.95021106 P=0.77834214 dP=-0.22131675 r12=7.80951837 Vg=0.00000640 norm=1.00000000 rank=17/256 sv_max=1.51e+04 resid=9.89e-02
progress N=2 step 40250/277470 14.5% t=111.10496 eta_s=50995.7 E=-0.94976621 P=0.77787178 dP=-0.22178711 r12=7.80780674 Vg=0.00000633 norm=1.00000000 rank=17/256 sv_max=1.54e+04 resid=1.05e-01
progress N=2 step 40500/277470 14.6% t=111.22996 eta_s=50932.8 E=-0.94932212 P=0.77739915 dP=-0.22225974 r12=7.80614164 Vg=0.00000626 norm=1.00000000 rank=17/256 sv_max=1.57e+04 resid=1.11e-01
progress N=2 step 40750/277470 14.7% t=111.35496 eta_s=50865.8 E=-0.94887872 P=0.77692482 dP=-0.22273407 r12=7.80453235 Vg=0.00000618 norm=1.00000000 rank=17/256 sv_max=1.60e+04 resid=1.20e-01
progress N=2 step 41000/277470 14.8% t=111.47996 eta_s=50805.8 E=-0.94843633 P=0.77644994 dP=-0.22320896 r12=7.80298796 Vg=0.00000611 norm=1.00000000 rank=17/256 sv_max=1.60e+04 resid=1.29e-01
progress N=2 step 41250/277470 14.9% t=111.60496 eta_s=50746.3 E=-0.94799452 P=0.77597649 dP=-0.22368240 r12=7.80151669 Vg=0.00000604 norm=1.00000000 rank=17/256 sv_max=1.59e+04 resid=1.39e-01
progress N=2 step 41500/277470 15.0% t=111.72996 eta_s=50696.0 E=-0.94755366 P=0.77550750 dP=-0.22415140 r12=7.80012491 Vg=0.00000597 norm=1.00000000 rank=17/256 sv_max=1.58e+04 resid=1.45e-01
progress N=2 step 41750/277470 15.0% t=111.85496 eta_s=50643.8 E=-0.94711352 P=0.77504673 dP=-0.22461216 r12=7.79881558 Vg=0.00000591 norm=1.00000000 rank=17/256 sv_max=1.56e+04 resid=1.46e-01
progress N=2 step 42000/277470 15.1% t=111.97996 eta_s=50593.1 E=-0.94667402 P=0.77459812 dP=-0.22506077 r12=7.79758550 Vg=0.00000586 norm=1.00000000 rank=17/256 sv_max=1.54e+04 resid=1.42e-01
progress N=2 step 42250/277470 15.2% t=112.10496 eta_s=50548.7 E=-0.94623548 P=0.77416475 dP=-0.22549414 r12=7.79642194 Vg=0.00000581 norm=1.00000000 rank=17/256 sv_max=1.54e+04 resid=1.34e-01
progress N=2 step 42500/277470 15.3% t=112.22996 eta_s=50494.9 E=-0.94579744 P=0.77374812 dP=-0.22591077 r12=7.79530087 Vg=0.00000577 norm=1.00000000 rank=17/256 sv_max=1.55e+04 resid=1.25e-01
progress N=2 step 42750/277470 15.4% t=112.35496 eta_s=50448.3 E=-0.94536026 P=0.77334799 dP=-0.22631090 r12=7.79418909 Vg=0.00000574 norm=1.00000000 rank=17/256 sv_max=1.57e+04 resid=1.17e-01
progress N=2 step 43000/277470 15.5% t=112.47996 eta_s=50403.8 E=-0.94492373 P=0.77296300 dP=-0.22669589 r12=7.79304962 Vg=0.00000571 norm=1.00000000 rank=17/256 sv_max=1.59e+04 resid=1.09e-01
progress N=2 step 43250/277470 15.6% t=112.60496 eta_s=50359.4 E=-0.94448780 P=0.77259162 dP=-0.22706727 r12=7.79184777 Vg=0.00000568 norm=1.00000000 rank=17/256 sv_max=1.62e+04 resid=1.02e-01
progress N=2 step 43500/277470 15.7% t=112.72996 eta_s=50315.0 E=-0.94405278 P=0.77223276 dP=-0.22742613 r12=7.79055529 Vg=0.00000564 norm=1.00000000 rank=17/256 sv_max=1.64e+04 resid=9.69e-02
progress N=2 step 43750/277470 15.8% t=112.85496 eta_s=50270.8 E=-0.94361826 P=0.77188602 dP=-0.22777287 r12=7.78915217 Vg=0.00000559 norm=1.00000000 rank=17/256 sv_max=1.65e+04 resid=9.26e-02
progress N=2 step 44000/277470 15.9% t=112.97996 eta_s=50227.0 E=-0.94318458 P=0.77156374 dP=-0.22809515 r12=7.78768100 Vg=0.00000551 norm=1.00000000 rank=16/256 sv_max=1.67e+04 resid=8.96e-02
progress N=2 step 44250/277470 15.9% t=113.10496 eta_s=50183.1 E=-0.94275151 P=0.77125545 dP=-0.22840344 r12=7.78610115 Vg=0.00000541 norm=1.00000000 rank=16/256 sv_max=1.70e+04 resid=8.73e-02
progress N=2 step 44500/277470 16.0% t=113.22996 eta_s=50137.6 E=-0.94231896 P=0.77095982 dP=-0.22869907 r12=7.78440937 Vg=0.00000529 norm=1.00000000 rank=16/256 sv_max=1.72e+04 resid=8.54e-02
progress N=2 step 44750/277470 16.1% t=113.35496 eta_s=50092.7 E=-0.94188726 P=0.77067625 dP=-0.22898264 r12=7.78260934 Vg=0.00000514 norm=1.00000000 rank=16/256 sv_max=1.73e+04 resid=8.38e-02
progress N=2 step 45000/277470 16.2% t=113.47996 eta_s=50048.3 E=-0.94145594 P=0.77040361 dP=-0.22925528 r12=7.78070442 Vg=0.00000498 norm=1.00000000 rank=16/256 sv_max=1.74e+04 resid=8.25e-02
progress N=2 step 45250/277470 16.3% t=113.60496 eta_s=50003.2 E=-0.94102532 P=0.77014018 dP=-0.22951871 r12=7.77869594 Vg=0.00000480 norm=1.00000000 rank=16/256 sv_max=1.75e+04 resid=8.13e-02
progress N=2 step 45500/277470 16.4% t=113.72996 eta_s=49958.1 E=-0.94059523 P=0.76988379 dP=-0.22977510 r12=7.77658277 Vg=0.00000463 norm=1.00000000 rank=16/256 sv_max=1.75e+04 resid=8.03e-02
progress N=2 step 45750/277470 16.5% t=113.85496 eta_s=49912.9 E=-0.94016552 P=0.76963206 dP=-0.23002683 r12=7.77436211 Vg=0.00000446 norm=1.00000000 rank=16/256 sv_max=1.74e+04 resid=7.96e-02
progress N=2 step 46000/277470 16.6% t=113.97996 eta_s=49865.6 E=-0.93973657 P=0.76938272 dP=-0.23027617 r12=7.77203102 Vg=0.00000430 norm=1.00000000 rank=16/256 sv_max=1.74e+04 resid=7.92e-02
progress N=2 step 46250/277470 16.7% t=114.10496 eta_s=49807.0 E=-0.93930793 P=0.76913386 dP=-0.23052503 r12=7.76958823 Vg=0.00000415 norm=1.00000000 rank=16/256 sv_max=1.73e+04 resid=7.94e-02
progress N=2 step 46500/277470 16.8% t=114.22996 eta_s=49761.4 E=-0.93887988 P=0.76888420 dP=-0.23077469 r12=7.76703567 Vg=0.00000402 norm=1.00000000 rank=16/256 sv_max=1.72e+04 resid=8.00e-02
progress N=2 step 46750/277470 16.8% t=114.35496 eta_s=49708.1 E=-0.93845235 P=0.76863314 dP=-0.23102575 r12=7.76437940 Vg=0.00000391 norm=1.00000000 rank=16/256 sv_max=1.71e+04 resid=8.12e-02
progress N=2 step 47000/277470 16.9% t=114.47996 eta_s=49650.0 E=-0.93802517 P=0.76838065 dP=-0.23127824 r12=7.76162983 Vg=0.00000381 norm=1.00000000 rank=16/256 sv_max=1.72e+04 resid=8.29e-02
progress N=2 step 47250/277470 17.0% t=114.60496 eta_s=49588.2 E=-0.93759878 P=0.76812708 dP=-0.23153181 r12=7.75880135 Vg=0.00000373 norm=1.00000000 rank=16/256 sv_max=1.73e+04 resid=8.50e-02
progress N=2 step 47500/277470 17.1% t=114.72996 eta_s=49530.8 E=-0.93717272 P=0.76787277 dP=-0.23178612 r12=7.75591162 Vg=0.00000365 norm=1.00000000 rank=16/256 sv_max=1.75e+04 resid=8.76e-02
progress N=2 step 47750/277470 17.2% t=114.85496 eta_s=49473.7 E=-0.93674725 P=0.76761783 dP=-0.23204106 r12=7.75298062 Vg=0.00000357 norm=1.00000000 rank=16/256 sv_max=1.77e+04 resid=9.07e-02
progress N=2 step 48000/277470 17.3% t=114.97996 eta_s=49416.0 E=-0.93632234 P=0.76736186 dP=-0.23229703 r12=7.75002971 Vg=0.00000349 norm=1.00000000 rank=16/256 sv_max=1.80e+04 resid=9.44e-02
progress N=2 step 48250/277470 17.4% t=115.10496 eta_s=49358.1 E=-0.93589777 P=0.76710389 dP=-0.23255500 r12=7.74708076 Vg=0.00000340 norm=1.00000000 rank=16/256 sv_max=1.83e+04 resid=9.88e-02
progress N=2 step 48500/277470 17.5% t=115.22996 eta_s=49300.1 E=-0.93547390 P=0.76684243 dP=-0.23281646 r12=7.74415546 Vg=0.00000330 norm=1.00000000 rank=16/256 sv_max=1.85e+04 resid=1.04e-01
progress N=2 step 48750/277470 17.6% t=115.35496 eta_s=49241.4 E=-0.93505036 P=0.76657568 dP=-0.23308322 r12=7.74127482 Vg=0.00000320 norm=1.00000000 rank=16/256 sv_max=1.86e+04 resid=1.10e-01
progress N=2 step 49000/277470 17.7% t=115.47996 eta_s=49182.5 E=-0.93462728 P=0.76630172 dP=-0.23335717 r12=7.73845843 Vg=0.00000308 norm=1.00000000 rank=16/256 sv_max=1.86e+04 resid=1.18e-01
progress N=2 step 49250/277470 17.7% t=115.60496 eta_s=49132.3 E=-0.93420469 P=0.76601883 dP=-0.23364006 r12=7.73572351 Vg=0.00000296 norm=1.00000000 rank=16/256 sv_max=1.85e+04 resid=1.27e-01
progress N=2 step 49500/277470 17.8% t=115.72996 eta_s=49087.7 E=-0.93378242 P=0.76572566 dP=-0.23393323 r12=7.73308364 Vg=0.00000284 norm=1.00000000 rank=16/256 sv_max=1.82e+04 resid=1.36e-01
progress N=2 step 49750/277470 17.9% t=115.85496 eta_s=49043.1 E=-0.93336077 P=0.76542139 dP=-0.23423750 r12=7.73054769 Vg=0.00000271 norm=1.00000000 rank=16/256 sv_max=1.79e+04 resid=1.47e-01
progress N=2 step 50000/277470 18.0% t=115.97996 eta_s=48998.5 E=-0.93293947 P=0.76510585 dP=-0.23455304 r12=7.72811921 Vg=0.00000260 norm=1.00000000 rank=16/256 sv_max=1.76e+04 resid=1.59e-01
progress N=2 step 50250/277470 18.1% t=116.10496 eta_s=48948.3 E=-0.93251865 P=0.76477949 dP=-0.23487940 r12=7.72579644 Vg=0.00000249 norm=1.00000000 rank=16/256 sv_max=1.73e+04 resid=1.70e-01
progress N=2 step 50500/277470 18.2% t=116.22996 eta_s=48891.0 E=-0.93209839 P=0.76443743 dP=-0.23522146 r12=7.72355230 Vg=0.00000240 norm=1.00000000 rank=16/256 sv_max=1.70e+04 resid=1.82e-01
progress N=2 step 50750/277470 18.3% t=116.35496 eta_s=48841.2 E=-0.93167854 P=0.76408336 dP=-0.23557553 r12=7.72138578 Vg=0.00000232 norm=1.00000000 rank=16/256 sv_max=1.68e+04 resid=1.94e-01
progress N=2 step 51000/277470 18.4% t=116.47996 eta_s=48793.8 E=-0.93125939 P=0.76372660 dP=-0.23593229 r12=7.71931109 Vg=0.00000225 norm=1.00000000 rank=16/256 sv_max=1.67e+04 resid=2.02e-01
progress N=2 step 51250/277470 18.5% t=116.60496 eta_s=48748.9 E=-0.93084071 P=0.76336972 dP=-0.23628917 r12=7.71731451 Vg=0.00000219 norm=1.00000000 rank=16/256 sv_max=1.67e+04 resid=2.06e-01
progress N=2 step 51500/277470 18.6% t=116.72996 eta_s=48703.8 E=-0.93042257 P=0.76301035 dP=-0.23664855 r12=7.71536170 Vg=0.00000215 norm=1.00000000 rank=16/256 sv_max=1.68e+04 resid=2.05e-01
progress N=2 step 51750/277470 18.7% t=116.85496 eta_s=48658.9 E=-0.93000508 P=0.76265073 dP=-0.23700816 r12=7.71343621 Vg=0.00000211 norm=1.00000000 rank=16/256 sv_max=1.70e+04 resid=2.00e-01
progress N=2 step 52000/277470 18.7% t=116.97996 eta_s=48613.8 E=-0.92958803 P=0.76229293 dP=-0.23736596 r12=7.71152345 Vg=0.00000207 norm=1.00000000 rank=16/256 sv_max=1.72e+04 resid=1.92e-01
progress N=2 step 52250/277470 18.8% t=117.10496 eta_s=48560.5 E=-0.92917165 P=0.76193855 dP=-0.23772034 r12=7.70961099 Vg=0.00000204 norm=1.00000000 rank=16/256 sv_max=1.74e+04 resid=1.81e-01
progress N=2 step 52500/277470 18.9% t=117.22996 eta_s=48501.3 E=-0.92875575 P=0.76158860 dP=-0.23807029 r12=7.70768913 Vg=0.00000201 norm=1.00000000 rank=16/256 sv_max=1.77e+04 resid=1.70e-01
progress N=2 step 52750/277470 19.0% t=117.35496 eta_s=48443.0 E=-0.92834032 P=0.76124356 dP=-0.23841534 r12=7.70575152 Vg=0.00000197 norm=1.00000000 rank=16/256 sv_max=1.79e+04 resid=1.60e-01
progress N=2 step 53000/277470 19.1% t=117.47996 eta_s=48385.0 E=-0.92792552 P=0.76090343 dP=-0.23875546 r12=7.70379547 Vg=0.00000194 norm=1.00000000 rank=16/256 sv_max=1.80e+04 resid=1.50e-01
progress N=2 step 53250/277470 19.2% t=117.60496 eta_s=48326.0 E=-0.92751109 P=0.76056793 dP=-0.23909096 r12=7.70182185 Vg=0.00000190 norm=1.00000000 rank=16/256 sv_max=1.81e+04 resid=1.41e-01
progress N=2 step 53500/277470 19.3% t=117.72996 eta_s=48267.1 E=-0.92709723 P=0.76023664 dP=-0.23942225 r12=7.69983465 Vg=0.00000187 norm=1.00000000 rank=16/256 sv_max=1.81e+04 resid=1.34e-01
progress N=2 step 53750/277470 19.4% t=117.85496 eta_s=48214.3 E=-0.92668382 P=0.75990921 dP=-0.23974968 r12=7.69784011 Vg=0.00000184 norm=1.00000000 rank=16/256 sv_max=1.81e+04 resid=1.28e-01
progress N=2 step 54000/277470 19.5% t=117.97996 eta_s=48167.7 E=-0.92627081 P=0.75958554 dP=-0.24007335 r12=7.69584553 Vg=0.00000182 norm=1.00000000 rank=16/256 sv_max=1.81e+04 resid=1.22e-01
progress N=2 step 54250/277470 19.6% t=118.10496 eta_s=48120.7 E=-0.92585842 P=0.75926587 dP=-0.24039302 r12=7.69385796 Vg=0.00000181 norm=1.00000000 rank=16/256 sv_max=1.81e+04 resid=1.18e-01
progress N=2 step 54500/277470 19.6% t=118.22996 eta_s=48073.3 E=-0.92544640 P=0.75895077 dP=-0.24070812 r12=7.69188283 Vg=0.00000180 norm=1.00000000 rank=16/256 sv_max=1.80e+04 resid=1.14e-01
progress N=2 step 54750/277470 19.7% t=118.35496 eta_s=48022.9 E=-0.92503490 P=0.75864112 dP=-0.24101777 r12=7.68992284 Vg=0.00000182 norm=1.00000000 rank=16/256 sv_max=1.80e+04 resid=1.11e-01
progress N=2 step 55000/277470 19.8% t=118.47996 eta_s=47973.9 E=-0.92462391 P=0.75833792 dP=-0.24132097 r12=7.68797725 Vg=0.00000184 norm=1.00000000 rank=16/256 sv_max=1.81e+04 resid=1.08e-01
progress N=2 step 55250/277470 19.9% t=118.60496 eta_s=47926.7 E=-0.92421329 P=0.75804213 dP=-0.24161676 r12=7.68604174 Vg=0.00000188 norm=1.00000000 rank=16/256 sv_max=1.82e+04 resid=1.05e-01
progress N=2 step 55500/277470 20.0% t=118.72996 eta_s=47875.1 E=-0.92380335 P=0.75775450 dP=-0.24190439 r12=7.68410875 Vg=0.00000193 norm=1.00000000 rank=16/256 sv_max=1.83e+04 resid=1.02e-01
progress N=2 step 55750/277470 20.1% t=118.85496 eta_s=47821.3 E=-0.92339378 P=0.75747533 dP=-0.24218356 r12=7.68216816 Vg=0.00000199 norm=1.00000000 rank=16/256 sv_max=1.85e+04 resid=1.00e-01
progress N=2 step 56000/277470 20.2% t=118.97996 eta_s=47771.9 E=-0.92298472 P=0.75720446 dP=-0.24245443 r12=7.68020818 Vg=0.00000206 norm=1.00000000 rank=16/256 sv_max=1.87e+04 resid=9.78e-02
progress N=2 step 56250/277470 20.3% t=119.10496 eta_s=47724.7 E=-0.92257619 P=0.75694112 dP=-0.24271777 r12=7.67821621 Vg=0.00000214 norm=1.00000000 rank=16/256 sv_max=1.89e+04 resid=9.56e-02
progress N=2 step 56500/277470 20.4% t=119.22996 eta_s=47677.1 E=-0.92216801 P=0.75668399 dP=-0.24297490 r12=7.67617963 Vg=0.00000222 norm=1.00000000 rank=16/256 sv_max=1.91e+04 resid=9.36e-02
progress N=2 step 56750/277470 20.5% t=119.35496 eta_s=47629.5 E=-0.92176046 P=0.75643121 dP=-0.24322768 r12=7.67408663 Vg=0.00000229 norm=1.00000000 rank=16/256 sv_max=1.93e+04 resid=9.18e-02
progress N=2 step 57000/277470 20.5% t=119.47996 eta_s=47581.9 E=-0.92135328 P=0.75618050 dP=-0.24347839 r12=7.67192694 Vg=0.00000236 norm=1.00000000 rank=16/256 sv_max=1.94e+04 resid=9.02e-02
progress N=2 step 57250/277470 20.6% t=119.60496 eta_s=47534.1 E=-0.92094654 P=0.75592922 dP=-0.24372967 r12=7.66969274 Vg=0.00000243 norm=1.00000000 rank=16/256 sv_max=1.95e+04 resid=8.90e-02
progress N=2 step 57500/277470 20.7% t=119.72996 eta_s=47482.7 E=-0.92054033 P=0.75567452 dP=-0.24398437 r12=7.66737961 Vg=0.00000249 norm=1.00000000 rank=16/256 sv_max=1.95e+04 resid=8.82e-02
progress N=2 step 57750/277470 20.8% t=119.85496 eta_s=47432.0 E=-0.92013446 P=0.75541342 dP=-0.24424547 r12=7.66498744 Vg=0.00000255 norm=1.00000000 rank=16/256 sv_max=1.94e+04 resid=8.80e-02
progress N=2 step 58000/277470 20.9% t=119.97996 eta_s=47384.6 E=-0.91972917 P=0.75514294 dP=-0.24451595 r12=7.66252103 Vg=0.00000259 norm=1.00000000 rank=16/256 sv_max=1.94e+04 resid=8.84e-02
progress N=2 step 58250/277470 21.0% t=120.10496 eta_s=47337.0 E=-0.91932431 P=0.75486019 dP=-0.24479870 r12=7.65999025 Vg=0.00000264 norm=1.00000000 rank=16/256 sv_max=1.93e+04 resid=8.95e-02
progress N=2 step 58500/277470 21.1% t=120.22996 eta_s=47289.0 E=-0.91891989 P=0.75456258 dP=-0.24509631 r12=7.65740967 Vg=0.00000268 norm=1.00000000 rank=16/256 sv_max=1.92e+04 resid=9.13e-02
progress N=2 step 58750/277470 21.2% t=120.35496 eta_s=47241.5 E=-0.91851605 P=0.75424797 dP=-0.24541092 r12=7.65479756 Vg=0.00000272 norm=1.00000000 rank=16/256 sv_max=1.91e+04 resid=9.38e-02
progress N=2 step 59000/277470 21.3% t=120.47996 eta_s=47194.0 E=-0.91811265 P=0.75391480 dP=-0.24574409 r12=7.65217442 Vg=0.00000277 norm=1.00000000 rank=16/256 sv_max=1.90e+04 resid=9.71e-02
progress N=2 step 59250/277470 21.4% t=120.60496 eta_s=47146.1 E=-0.91770980 P=0.75356227 dP=-0.24609662 r12=7.64956125 Vg=0.00000283 norm=1.00000000 rank=16/256 sv_max=1.89e+04 resid=1.01e-01
progress N=2 step 59500/277470 21.4% t=120.72996 eta_s=47097.3 E=-0.91730748 P=0.75319029 dP=-0.24646860 r12=7.64697780 Vg=0.00000289 norm=1.00000000 rank=16/256 sv_max=1.89e+04 resid=1.06e-01
progress N=2 step 59750/277470 21.5% t=120.85496 eta_s=47039.0 E=-0.91690566 P=0.75279948 dP=-0.24685941 r12=7.64444119 Vg=0.00000296 norm=1.00000000 rank=16/256 sv_max=1.89e+04 resid=1.11e-01
progress N=2 step 60000/277470 21.6% t=120.97996 eta_s=46980.8 E=-0.91650445 P=0.75239108 dP=-0.24726781 r12=7.64196527 Vg=0.00000305 norm=1.00000000 rank=16/256 sv_max=1.89e+04 resid=1.17e-01
progress N=2 step 60250/277470 21.7% t=121.10496 eta_s=46922.6 E=-0.91610377 P=0.75196675 dP=-0.24769214 r12=7.63956057 Vg=0.00000314 norm=1.00000000 rank=16/256 sv_max=1.89e+04 resid=1.23e-01
progress N=2 step 60500/277470 21.8% t=121.22996 eta_s=46864.3 E=-0.91570368 P=0.75152848 dP=-0.24813041 r12=7.63723499 Vg=0.00000324 norm=1.00000000 rank=16/256 sv_max=1.89e+04 resid=1.30e-01
progress N=2 step 60750/277470 21.9% t=121.35496 eta_s=46806.0 E=-0.91530419 P=0.75107841 dP=-0.24858048 r12=7.63499452 Vg=0.00000335 norm=1.00000000 rank=16/256 sv_max=1.90e+04 resid=1.37e-01
progress N=2 step 61000/277470 22.0% t=121.47996 eta_s=46746.4 E=-0.91490525 P=0.75061871 dP=-0.24904018 r12=7.63284413 Vg=0.00000346 norm=1.00000000 rank=16/256 sv_max=1.90e+04 resid=1.43e-01
progress N=2 step 61250/277470 22.1% t=121.60496 eta_s=46683.3 E=-0.91450698 P=0.75015143 dP=-0.24950746 r12=7.63078830 Vg=0.00000357 norm=1.00000000 rank=16/256 sv_max=1.91e+04 resid=1.47e-01
progress N=2 step 61500/277470 22.2% t=121.72996 eta_s=46621.9 E=-0.91410928 P=0.74967848 dP=-0.24998041 r12=7.62883123 Vg=0.00000368 norm=1.00000000 rank=16/256 sv_max=1.92e+04 resid=1.50e-01
progress N=2 step 61750/277470 22.3% t=121.85496 eta_s=46559.9 E=-0.91371218 P=0.74920149 dP=-0.25045740 r12=7.62697669 Vg=0.00000377 norm=1.00000000 rank=16/256 sv_max=1.93e+04 resid=1.50e-01
progress N=2 step 62000/277470 22.3% t=121.97996 eta_s=46500.6 E=-0.91331573 P=0.74872184 dP=-0.25093705 r12=7.62522759 Vg=0.00000386 norm=1.00000000 rank=16/256 sv_max=1.94e+04 resid=1.47e-01
progress N=2 step 62250/277470 22.4% t=122.10496 eta_s=46447.1 E=-0.91291984 P=0.74824060 dP=-0.25141829 r12=7.62358561 Vg=0.00000394 norm=1.00000000 rank=16/256 sv_max=1.94e+04 resid=1.42e-01
progress N=2 step 62500/277470 22.5% t=122.22996 eta_s=46398.0 E=-0.91252462 P=0.74775853 dP=-0.25190036 r12=7.62205082 Vg=0.00000400 norm=1.00000000 rank=16/256 sv_max=1.95e+04 resid=1.36e-01
progress N=2 step 62750/277470 22.6% t=122.35496 eta_s=46348.0 E=-0.91213001 P=0.74727621 dP=-0.25238268 r12=7.62062163 Vg=0.00000405 norm=1.00000000 rank=16/256 sv_max=1.95e+04 resid=1.30e-01
progress N=2 step 63000/277470 22.7% t=122.47996 eta_s=46297.8 E=-0.91173601 P=0.74679403 dP=-0.25286486 r12=7.61929474 Vg=0.00000409 norm=1.00000000 rank=16/256 sv_max=1.95e+04 resid=1.23e-01
progress N=2 step 63250/277470 22.8% t=122.60496 eta_s=46243.1 E=-0.91134269 P=0.74631242 dP=-0.25334647 r12=7.61806522 Vg=0.00000412 norm=1.00000000 rank=16/256 sv_max=1.94e+04 resid=1.17e-01
progress N=2 step 63500/277470 22.9% t=122.72996 eta_s=46190.5 E=-0.91094999 P=0.74583185 dP=-0.25382704 r12=7.61692641 Vg=0.00000414 norm=1.00000000 rank=16/256 sv_max=1.94e+04 resid=1.12e-01
progress N=2 step 63750/277470 23.0% t=122.85496 eta_s=46136.9 E=-0.91055797 P=0.74535304 dP=-0.25430585 r12=7.61586960 Vg=0.00000416 norm=1.00000000 rank=16/256 sv_max=1.94e+04 resid=1.07e-01
progress N=2 step 64000/277470 23.1% t=122.97996 eta_s=46085.5 E=-0.91016663 P=0.74487687 dP=-0.25478202 r12=7.61488358 Vg=0.00000418 norm=1.00000000 rank=16/256 sv_max=1.94e+04 resid=1.02e-01
progress N=2 step 64250/277470 23.2% t=123.10496 eta_s=46035.1 E=-0.90977593 P=0.74440443 dP=-0.25525446 r12=7.61395403 Vg=0.00000421 norm=1.00000000 rank=16/256 sv_max=1.95e+04 resid=9.81e-02
progress N=2 step 64500/277470 23.2% t=123.22996 eta_s=45978.5 E=-0.90938596 P=0.74393686 dP=-0.25572203 r12=7.61306317 Vg=0.00000424 norm=1.00000000 rank=16/256 sv_max=1.95e+04 resid=9.43e-02
progress N=2 step 64750/277470 23.3% t=123.35496 eta_s=45926.2 E=-0.90899662 P=0.74347522 dP=-0.25618367 r12=7.61218981 Vg=0.00000427 norm=1.00000000 rank=16/256 sv_max=1.96e+04 resid=9.09e-02
progress N=2 step 65000/277470 23.4% t=123.47996 eta_s=45869.2 E=-0.90860798 P=0.74302036 dP=-0.25663853 r12=7.61131007 Vg=0.00000431 norm=1.00000000 rank=16/256 sv_max=1.97e+04 resid=8.79e-02
progress N=2 step 65250/277470 23.5% t=123.60496 eta_s=45817.5 E=-0.90822000 P=0.74257277 dP=-0.25708612 r12=7.61039865 Vg=0.00000436 norm=1.00000000 rank=16/256 sv_max=1.99e+04 resid=8.52e-02
progress N=2 step 65500/277470 23.6% t=123.72996 eta_s=45758.3 E=-0.90783264 P=0.74213252 dP=-0.25752637 r12=7.60943068 Vg=0.00000441 norm=1.00000000 rank=16/256 sv_max=2.00e+04 resid=8.30e-02
progress N=2 step 65750/277470 23.7% t=123.85496 eta_s=45697.5 E=-0.90744599 P=0.74169920 dP=-0.25795969 r12=7.60838357 Vg=0.00000446 norm=1.00000000 rank=16/256 sv_max=2.02e+04 resid=8.11e-02
progress N=2 step 66000/277470 23.8% t=123.97996 eta_s=45635.5 E=-0.90705993 P=0.74127201 dP=-0.25838688 r12=7.60723868 Vg=0.00000451 norm=1.00000000 rank=16/256 sv_max=2.04e+04 resid=7.96e-02
progress N=2 step 66250/277470 23.9% t=124.10496 eta_s=45571.7 E=-0.90667451 P=0.74084986 dP=-0.25880903 r12=7.60598257 Vg=0.00000455 norm=1.00000000 rank=16/256 sv_max=2.06e+04 resid=7.84e-02
progress N=2 step 66500/277470 24.0% t=124.22996 eta_s=45510.8 E=-0.90628972 P=0.74043148 dP=-0.25922741 r12=7.60460752 Vg=0.00000459 norm=1.00000000 rank=16/256 sv_max=2.07e+04 resid=7.76e-02
progress N=2 step 66750/277470 24.1% t=124.35496 eta_s=45450.4 E=-0.90590551 P=0.74001554 dP=-0.25964336 r12=7.60311139 Vg=0.00000461 norm=1.00000000 rank=16/256 sv_max=2.08e+04 resid=7.71e-02
progress N=2 step 67000/277470 24.1% t=124.47996 eta_s=45396.4 E=-0.90552194 P=0.73960077 dP=-0.26005812 r12=7.60149703 Vg=0.00000461 norm=1.00000000 rank=16/256 sv_max=2.09e+04 resid=7.69e-02
progress N=2 step 67250/277470 24.2% t=124.60496 eta_s=45345.0 E=-0.90513896 P=0.73918605 dP=-0.26047284 r12=7.59977139 Vg=0.00000461 norm=1.00000000 rank=16/256 sv_max=2.10e+04 resid=7.70e-02
progress N=2 step 67500/277470 24.3% t=124.72996 eta_s=45293.5 E=-0.90475656 P=0.73877033 dP=-0.26088856 r12=7.59794457 Vg=0.00000459 norm=1.00000000 rank=16/256 sv_max=2.10e+04 resid=7.74e-02
progress N=2 step 67750/277470 24.4% t=124.85496 eta_s=45242.0 E=-0.90437479 P=0.73835274 dP=-0.26130616 r12=7.59602905 Vg=0.00000456 norm=1.00000000 rank=16/256 sv_max=2.11e+04 resid=7.81e-02
progress N=2 step 68000/277470 24.5% t=124.97996 eta_s=45190.3 E=-0.90399361 P=0.73793244 dP=-0.26172646 r12=7.59403896 Vg=0.00000452 norm=1.00000000 rank=16/256 sv_max=2.11e+04 resid=7.92e-02
progress N=2 step 68250/277470 24.6% t=125.10496 eta_s=45138.6 E=-0.90361306 P=0.73750870 dP=-0.26215019 r12=7.59198950 Vg=0.00000447 norm=1.00000000 rank=16/256 sv_max=2.11e+04 resid=8.05e-02
progress N=2 step 68500/277470 24.7% t=125.22996 eta_s=45087.2 E=-0.90323315 P=0.73708088 dP=-0.26257802 r12=7.58989626 Vg=0.00000443 norm=1.00000000 rank=16/256 sv_max=2.12e+04 resid=8.22e-02
progress N=2 step 68750/277470 24.8% t=125.35496 eta_s=45034.1 E=-0.90285385 P=0.73664843 dP=-0.26301046 r12=7.58777462 Vg=0.00000438 norm=1.00000000 rank=16/256 sv_max=2.12e+04 resid=8.41e-02
progress N=2 step 69000/277470 24.9% t=125.47996 eta_s=44977.4 E=-0.90247526 P=0.73621096 dP=-0.26344793 r12=7.58563891 Vg=0.00000434 norm=1.00000000 rank=16/256 sv_max=2.12e+04 resid=8.62e-02
progress N=2 step 69250/277470 25.0% t=125.60496 eta_s=44923.6 E=-0.90209730 P=0.73576823 dP=-0.26389066 r12=7.58350171 Vg=0.00000430 norm=1.00000000 rank=16/256 sv_max=2.13e+04 resid=8.85e-02
progress N=2 step 69500/277470 25.0% t=125.72996 eta_s=44872.5 E=-0.90171999 P=0.73532013 dP=-0.26433876 r12=7.58137320 Vg=0.00000427 norm=1.00000000 rank=16/256 sv_max=2.13e+04 resid=9.09e-02
progress N=2 step 69750/277470 25.1% t=125.85496 eta_s=44821.2 E=-0.90134332 P=0.73486661 dP=-0.26479228 r12=7.57926092 Vg=0.00000424 norm=1.00000000 rank=16/256 sv_max=2.14e+04 resid=9.34e-02
progress N=2 step 70000/277470 25.2% t=125.97996 eta_s=44770.1 E=-0.90096731 P=0.73440760 dP=-0.26525130 r12=7.57717003 Vg=0.00000422 norm=1.00000000 rank=16/256 sv_max=2.14e+04 resid=9.59e-02
progress N=2 step 70250/277470 25.3% t=126.10496 eta_s=44718.8 E=-0.90059187 P=0.73394293 dP=-0.26571596 r12=7.57510388 Vg=0.00000419 norm=1.00000000 rank=16/256 sv_max=2.14e+04 resid=9.86e-02
progress N=2 step 70500/277470 25.4% t=126.22996 eta_s=44663.2 E=-0.90021709 P=0.73347228 dP=-0.26618661 r12=7.57306493 Vg=0.00000417 norm=1.00000000 rank=16/256 sv_max=2.15e+04 resid=1.01e-01
progress N=2 step 70750/277470 25.5% t=126.35496 eta_s=44611.7 E=-0.89984295 P=0.73299517 dP=-0.26666372 r12=7.57105558 Vg=0.00000414 norm=1.00000000 rank=16/256 sv_max=2.15e+04 resid=1.04e-01
progress N=2 step 71000/277470 25.6% t=126.47996 eta_s=44560.5 E=-0.89946942 P=0.73251101 dP=-0.26714788 r12=7.56907885 Vg=0.00000410 norm=1.00000000 rank=16/256 sv_max=2.15e+04 resid=1.07e-01
progress N=2 step 71250/277470 25.7% t=126.60496 eta_s=44509.2 E=-0.89909658 P=0.73201917 dP=-0.26763973 r12=7.56713862 Vg=0.00000405 norm=1.00000000 rank=16/256 sv_max=2.15e+04 resid=1.09e-01
progress N=2 step 71500/277470 25.8% t=126.72996 eta_s=44452.8 E=-0.89872434 P=0.73151910 dP=-0.26813979 r12=7.56523950 Vg=0.00000400 norm=1.00000000 rank=16/256 sv_max=2.15e+04 resid=1.11e-01
progress N=2 step 71750/277470 25.9% t=126.85496 eta_s=44395.2 E=-0.89835276 P=0.73101044 dP=-0.26864845 r12=7.56338622 Vg=0.00000394 norm=1.00000000 rank=16/256 sv_max=2.15e+04 resid=1.14e-01
progress N=2 step 72000/277470 25.9% t=126.97996 eta_s=44344.5 E=-0.89798185 P=0.73049309 dP=-0.26916580 r12=7.56158296 Vg=0.00000387 norm=1.00000000 rank=16/256 sv_max=2.15e+04 resid=1.16e-01
progress N=2 step 72250/277470 26.0% t=127.10496 eta_s=44293.8 E=-0.89761156 P=0.72996723 dP=-0.26969166 r12=7.55983256 Vg=0.00000379 norm=1.00000000 rank=16/256 sv_max=2.15e+04 resid=1.17e-01
progress N=2 step 72500/277470 26.1% t=127.22996 eta_s=44240.5 E=-0.89724195 P=0.72943338 dP=-0.27022551 r12=7.55813611 Vg=0.00000371 norm=1.00000000 rank=16/256 sv_max=2.14e+04 resid=1.19e-01
progress N=2 step 72750/277470 26.2% t=127.35496 eta_s=44185.6 E=-0.89687297 P=0.72889240 dP=-0.27076649 r12=7.55649272 Vg=0.00000363 norm=1.00000000 rank=16/256 sv_max=2.14e+04 resid=1.20e-01
progress N=2 step 73000/277470 26.3% t=127.47996 eta_s=44128.5 E=-0.89650467 P=0.72834549 dP=-0.27131340 r12=7.55489955 Vg=0.00000355 norm=1.00000000 rank=16/256 sv_max=2.14e+04 resid=1.22e-01
progress N=2 step 73250/277470 26.4% t=127.60496 eta_s=44066.1 E=-0.89613706 P=0.72779421 dP=-0.27186468 r12=7.55335204 Vg=0.00000347 norm=1.00000000 rank=16/256 sv_max=2.14e+04 resid=1.23e-01
progress N=2 step 73500/277470 26.5% t=127.72996 eta_s=44006.9 E=-0.89577007 P=0.72724046 dP=-0.27241843 r12=7.55184411 Vg=0.00000340 norm=1.00000000 rank=16/256 sv_max=2.14e+04 resid=1.24e-01
progress N=2 step 73750/277470 26.6% t=127.85496 eta_s=43948.0 E=-0.89540379 P=0.72668647 dP=-0.27297242 r12=7.55036829 Vg=0.00000334 norm=1.00000000 rank=16/256 sv_max=2.14e+04 resid=1.25e-01
progress N=2 step 74000/277470 26.7% t=127.97996 eta_s=43889.2 E=-0.89503818 P=0.72613474 dP=-0.27352415 r12=7.54891578 Vg=0.00000328 norm=1.00000000 rank=16/256 sv_max=2.15e+04 resid=1.25e-01
progress N=2 step 74250/277470 26.8% t=128.10496 eta_s=43830.1 E=-0.89467322 P=0.72558795 dP=-0.27407095 r12=7.54747641 Vg=0.00000323 norm=1.00000000 rank=16/256 sv_max=2.16e+04 resid=1.24e-01
progress N=2 step 74500/277470 26.8% t=128.22996 eta_s=43770.7 E=-0.89430895 P=0.72504879 dP=-0.27461010 r12=7.54603872 Vg=0.00000319 norm=1.00000000 rank=16/256 sv_max=2.17e+04 resid=1.22e-01
progress N=2 step 74750/277470 26.9% t=128.35496 eta_s=43710.3 E=-0.89394527 P=0.72451988 dP=-0.27513901 r12=7.54459030 Vg=0.00000315 norm=1.00000000 rank=16/256 sv_max=2.18e+04 resid=1.20e-01
progress N=2 step 75000/277470 27.0% t=128.47996 eta_s=43649.8 E=-0.89358226 P=0.72400354 dP=-0.27565535 r12=7.54311824 Vg=0.00000311 norm=1.00000000 rank=16/256 sv_max=2.19e+04 resid=1.17e-01
progress N=2 step 75250/277470 27.1% t=128.60496 eta_s=43587.7 E=-0.89321987 P=0.72350161 dP=-0.27615728 r12=7.54160985 Vg=0.00000308 norm=1.00000000 rank=16/256 sv_max=2.20e+04 resid=1.14e-01
progress N=2 step 75500/277470 27.2% t=128.72996 eta_s=43529.2 E=-0.89285806 P=0.72301534 dP=-0.27664355 r12=7.54005320 Vg=0.00000304 norm=1.00000000 rank=16/256 sv_max=2.22e+04 resid=1.11e-01
progress N=2 step 75750/277470 27.3% t=128.85496 eta_s=43476.8 E=-0.89249687 P=0.72254533 dP=-0.27711356 r12=7.53843761 Vg=0.00000300 norm=1.00000000 rank=16/256 sv_max=2.23e+04 resid=1.08e-01
progress N=2 step 76000/277470 27.4% t=128.97996 eta_s=43423.7 E=-0.89213623 P=0.72209150 dP=-0.27756740 r12=7.53675387 Vg=0.00000297 norm=1.00000000 rank=16/256 sv_max=2.25e+04 resid=1.05e-01
progress N=2 step 76250/277470 27.5% t=129.10496 eta_s=43369.1 E=-0.89177617 P=0.72165317 dP=-0.27800572 r12=7.53499421 Vg=0.00000293 norm=1.00000000 rank=16/256 sv_max=2.26e+04 resid=1.02e-01
progress N=2 step 76500/277470 27.6% t=129.22996 eta_s=43317.9 E=-0.89141668 P=0.72122925 dP=-0.27842964 r12=7.53315208 Vg=0.00000289 norm=1.00000000 rank=16/256 sv_max=2.28e+04 resid=9.90e-02
progress N=2 step 76750/277470 27.7% t=129.35496 eta_s=43266.7 E=-0.89105771 P=0.72081835 dP=-0.27884055 r12=7.53122172 Vg=0.00000286 norm=1.00000000 rank=16/256 sv_max=2.29e+04 resid=9.65e-02
progress N=2 step 77000/277470 27.8% t=129.47996 eta_s=43215.6 E=-0.89069932 P=0.72041886 dP=-0.27924003 r12=7.52919783 Vg=0.00000282 norm=1.00000000 rank=16/256 sv_max=2.30e+04 resid=9.44e-02
progress N=2 step 77250/277470 27.8% t=129.60496 eta_s=43164.6 E=-0.89034144 P=0.72002912 dP=-0.27962977 r12=7.52707532 Vg=0.00000279 norm=1.00000000 rank=16/256 sv_max=2.30e+04 resid=9.27e-02
progress N=2 step 77500/277470 27.9% t=129.72996 eta_s=43113.6 E=-0.88998410 P=0.71964736 dP=-0.28001153 r12=7.52484935 Vg=0.00000276 norm=1.00000000 rank=16/256 sv_max=2.31e+04 resid=9.14e-02
progress N=2 step 77750/277470 28.0% t=129.85496 eta_s=43061.0 E=-0.88962732 P=0.71927180 dP=-0.28038709 r12=7.52251558 Vg=0.00000274 norm=1.00000000 rank=16/256 sv_max=2.31e+04 resid=9.05e-02
progress N=2 step 78000/277470 28.1% t=129.97996 eta_s=43006.1 E=-0.88927102 P=0.71890059 dP=-0.28075830 r12=7.52007058 Vg=0.00000273 norm=1.00000000 rank=16/256 sv_max=2.32e+04 resid=9.01e-02
progress N=2 step 78250/277470 28.2% t=130.10496 eta_s=42949.1 E=-0.88891530 P=0.71853196 dP=-0.28112693 r12=7.51751227 Vg=0.00000272 norm=1.00000000 rank=16/256 sv_max=2.32e+04 resid=9.01e-02
progress N=2 step 78500/277470 28.3% t=130.22996 eta_s=42898.0 E=-0.88856010 P=0.71816426 dP=-0.28149463 r12=7.51484024 Vg=0.00000272 norm=1.00000000 rank=16/256 sv_max=2.33e+04 resid=9.04e-02
progress N=2 step 78750/277470 28.4% t=130.35496 eta_s=42843.6 E=-0.88820542 P=0.71779603 dP=-0.28186286 r12=7.51205599 Vg=0.00000272 norm=1.00000000 rank=16/256 sv_max=2.34e+04 resid=9.11e-02
progress N=2 step 79000/277470 28.5% t=130.47996 eta_s=42789.5 E=-0.88785131 P=0.71742608 dP=-0.28223281 r12=7.50916291 Vg=0.00000273 norm=1.00000000 rank=16/256 sv_max=2.34e+04 resid=9.20e-02
progress N=2 step 79250/277470 28.6% t=130.60496 eta_s=42737.7 E=-0.88749768 P=0.71705351 dP=-0.28260538 r12=7.50616621 Vg=0.00000274 norm=1.00000000 rank=16/256 sv_max=2.35e+04 resid=9.32e-02
progress N=2 step 79500/277470 28.7% t=130.72996 eta_s=42685.9 E=-0.88714459 P=0.71667755 dP=-0.28298134 r12=7.50307280 Vg=0.00000276 norm=1.00000000 rank=16/256 sv_max=2.36e+04 resid=9.48e-02
progress N=2 step 79750/277470 28.7% t=130.85496 eta_s=42632.8 E=-0.88679199 P=0.71629755 dP=-0.28336134 r12=7.49989133 Vg=0.00000277 norm=1.00000000 rank=16/256 sv_max=2.36e+04 resid=9.66e-02
progress N=2 step 80000/277470 28.8% t=130.97996 eta_s=42580.3 E=-0.88643986 P=0.71591277 dP=-0.28374612 r12=7.49663224 Vg=0.00000279 norm=1.00000000 rank=16/256 sv_max=2.37e+04 resid=9.87e-02
progress N=2 step 80250/277470 28.9% t=131.10496 eta_s=42528.9 E=-0.88608827 P=0.71552232 dP=-0.28413657 r12=7.49330790 Vg=0.00000281 norm=1.00000000 rank=16/256 sv_max=2.37e+04 resid=1.01e-01
progress N=2 step 80500/277470 29.0% t=131.22996 eta_s=42477.6 E=-0.88573703 P=0.71512519 dP=-0.28453370 r12=7.48993263 Vg=0.00000283 norm=1.00000000 rank=16/256 sv_max=2.38e+04 resid=1.04e-01
progress N=2 step 80750/277470 29.1% t=131.35496 eta_s=42422.6 E=-0.88538630 P=0.71472026 dP=-0.28493863 r12=7.48652252 Vg=0.00000286 norm=1.00000000 rank=16/256 sv_max=2.39e+04 resid=1.08e-01
progress N=2 step 81000/277470 29.2% t=131.47996 eta_s=42369.2 E=-0.88503603 P=0.71430653 dP=-0.28535236 r12=7.48309497 Vg=0.00000288 norm=1.00000000 rank=16/256 sv_max=2.39e+04 resid=1.12e-01
progress N=2 step 81250/277470 29.3% t=131.60496 eta_s=42317.7 E=-0.88468610 P=0.71388322 dP=-0.28577567 r12=7.47966802 Vg=0.00000290 norm=1.00000000 rank=16/256 sv_max=2.40e+04 resid=1.17e-01
progress N=2 step 81500/277470 29.4% t=131.72996 eta_s=42266.2 E=-0.88433672 P=0.71345000 dP=-0.28620889 r12=7.47625932 Vg=0.00000293 norm=1.00000000 rank=16/256 sv_max=2.40e+04 resid=1.22e-01
progress N=2 step 81750/277470 29.5% t=131.85496 eta_s=42214.5 E=-0.88398771 P=0.71300699 dP=-0.28665190 r12=7.47288513 Vg=0.00000296 norm=1.00000000 rank=16/256 sv_max=2.40e+04 resid=1.28e-01
progress N=2 step 82000/277470 29.6% t=131.97996 eta_s=42162.7 E=-0.88363918 P=0.71255482 dP=-0.28710407 r12=7.46955937 Vg=0.00000299 norm=1.00000000 rank=16/256 sv_max=2.40e+04 resid=1.34e-01
progress N=2 step 82250/277470 29.6% t=132.10496 eta_s=42105.3 E=-0.88329117 P=0.71209454 dP=-0.28756435 r12=7.46629298 Vg=0.00000302 norm=1.00000000 rank=16/256 sv_max=2.40e+04 resid=1.41e-01
progress N=2 step 82500/277470 29.7% t=132.22996 eta_s=42047.0 E=-0.88294352 P=0.71162749 dP=-0.28803140 r12=7.46309363 Vg=0.00000306 norm=1.00000000 rank=16/256 sv_max=2.40e+04 resid=1.48e-01
progress N=2 step 82750/277470 29.8% t=132.35496 eta_s=41988.9 E=-0.88259644 P=0.71115517 dP=-0.28850372 r12=7.45996570 Vg=0.00000310 norm=1.00000000 rank=16/256 sv_max=2.39e+04 resid=1.56e-01
progress N=2 step 83000/277470 29.9% t=132.47996 eta_s=41930.8 E=-0.88224980 P=0.71067915 dP=-0.28897974 r12=7.45691041 Vg=0.00000315 norm=1.00000000 rank=16/256 sv_max=2.39e+04 resid=1.63e-01
progress N=2 step 83250/277470 30.0% t=132.60496 eta_s=41870.5 E=-0.88190364 P=0.71020097 dP=-0.28945792 r12=7.45392605 Vg=0.00000320 norm=1.00000000 rank=16/256 sv_max=2.39e+04 resid=1.69e-01
progress N=2 step 83500/277470 30.1% t=132.72996 eta_s=41810.9 E=-0.88155806 P=0.70972213 dP=-0.28993676 r12=7.45100812 Vg=0.00000326 norm=1.00000000 rank=16/256 sv_max=2.39e+04 resid=1.73e-01
progress N=2 step 83750/277470 30.2% t=132.85496 eta_s=41752.9 E=-0.88121284 P=0.70924414 dP=-0.29041475 r12=7.44814943 Vg=0.00000332 norm=1.00000000 rank=16/256 sv_max=2.39e+04 resid=1.75e-01
progress N=2 step 84000/277470 30.3% t=132.97996 eta_s=41695.2 E=-0.88086819 P=0.70876849 dP=-0.29089040 r12=7.44534014 Vg=0.00000338 norm=1.00000000 rank=16/256 sv_max=2.39e+04 resid=1.73e-01
progress N=2 step 84250/277470 30.4% t=133.10496 eta_s=41635.7 E=-0.88052401 P=0.70829663 dP=-0.29136226 r12=7.44256789 Vg=0.00000344 norm=1.00000000 rank=16/256 sv_max=2.39e+04 resid=1.70e-01
progress N=2 step 84500/277470 30.5% t=133.22996 eta_s=41576.4 E=-0.88018028 P=0.70782995 dP=-0.29182894 r12=7.43981804 Vg=0.00000350 norm=1.00000000 rank=16/256 sv_max=2.39e+04 resid=1.64e-01
progress N=2 step 84750/277470 30.5% t=133.35496 eta_s=41518.8 E=-0.87983712 P=0.70736961 dP=-0.29228928 r12=7.43707420 Vg=0.00000356 norm=1.00000000 rank=16/256 sv_max=2.39e+04 resid=1.58e-01
progress N=2 step 85000/277470 30.6% t=133.47996 eta_s=41465.1 E=-0.87949429 P=0.70691646 dP=-0.29274243 r12=7.43431889 Vg=0.00000362 norm=1.00000000 rank=16/256 sv_max=2.40e+04 resid=1.51e-01
progress N=2 step 85250/277470 30.7% t=133.60496 eta_s=41414.1 E=-0.87915201 P=0.70647089 dP=-0.29318800 r12=7.43153436 Vg=0.00000368 norm=1.00000000 rank=16/256 sv_max=2.40e+04 resid=1.45e-01
progress N=2 step 85500/277470 30.8% t=133.72996 eta_s=41363.2 E=-0.87881019 P=0.70603283 dP=-0.29362606 r12=7.42870341 Vg=0.00000373 norm=1.00000000 rank=16/256 sv_max=2.41e+04 resid=1.39e-01
progress N=2 step 85750/277470 30.9% t=133.85496 eta_s=41310.6 E=-0.87846879 P=0.70560184 dP=-0.29405705 r12=7.42581014 Vg=0.00000378 norm=1.00000000 rank=16/256 sv_max=2.42e+04 resid=1.34e-01
progress N=2 step 86000/277470 31.0% t=133.97996 eta_s=41258.0 E=-0.87812795 P=0.70517726 dP=-0.29448164 r12=7.42284047 Vg=0.00000383 norm=1.00000000 rank=16/256 sv_max=2.43e+04 resid=1.29e-01
progress N=2 step 86250/277470 31.1% t=134.10496 eta_s=41206.8 E=-0.87778747 P=0.70475841 dP=-0.29490048 r12=7.41978254 Vg=0.00000387 norm=1.00000000 rank=16/256 sv_max=2.44e+04 resid=1.24e-01
progress N=2 step 86500/277470 31.2% t=134.22996 eta_s=41155.5 E=-0.87744752 P=0.70434486 dP=-0.29531403 r12=7.41662674 Vg=0.00000391 norm=1.00000000 rank=16/256 sv_max=2.45e+04 resid=1.21e-01
progress N=2 step 86750/277470 31.3% t=134.35496 eta_s=41100.1 E=-0.87710805 P=0.70393643 dP=-0.29572246 r12=7.41336569 Vg=0.00000395 norm=1.00000000 rank=16/256 sv_max=2.46e+04 resid=1.18e-01
progress N=2 step 87000/277470 31.4% t=134.47996 eta_s=41039.7 E=-0.87676897 P=0.70353322 dP=-0.29612567 r12=7.40999407 Vg=0.00000398 norm=1.00000000 rank=16/256 sv_max=2.47e+04 resid=1.15e-01
progress N=2 step 87250/277470 31.4% t=134.60496 eta_s=40984.9 E=-0.87643044 P=0.70313547 dP=-0.29652342 r12=7.40650864 Vg=0.00000402 norm=1.00000000 rank=16/256 sv_max=2.48e+04 resid=1.13e-01
progress N=2 step 87500/277470 31.5% t=134.72996 eta_s=40933.7 E=-0.87609229 P=0.70274338 dP=-0.29691552 r12=7.40290834 Vg=0.00000405 norm=1.00000000 rank=16/256 sv_max=2.49e+04 resid=1.11e-01
progress N=2 step 87750/277470 31.6% t=134.85496 eta_s=40882.8 E=-0.87575462 P=0.70235693 dP=-0.29730196 r12=7.39919448 Vg=0.00000409 norm=1.00000000 rank=16/256 sv_max=2.50e+04 resid=1.10e-01
progress N=2 step 88000/277470 31.7% t=134.97996 eta_s=40831.7 E=-0.87541744 P=0.70197585 dP=-0.29768304 r12=7.39537097 Vg=0.00000413 norm=1.00000000 rank=16/256 sv_max=2.51e+04 resid=1.09e-01
progress N=2 step 88250/277470 31.8% t=135.10496 eta_s=40780.2 E=-0.87508061 P=0.70159960 dP=-0.29805929 r12=7.39144446 Vg=0.00000417 norm=1.00000000 rank=16/256 sv_max=2.53e+04 resid=1.09e-01
progress N=2 step 88500/277470 31.9% t=135.22996 eta_s=40726.2 E=-0.87474432 P=0.70122749 dP=-0.29843140 r12=7.38742426 Vg=0.00000421 norm=1.00000000 rank=16/256 sv_max=2.54e+04 resid=1.08e-01
progress N=2 step 88750/277470 32.0% t=135.35496 eta_s=40668.7 E=-0.87440839 P=0.70085879 dP=-0.29880010 r12=7.38332195 Vg=0.00000425 norm=1.00000000 rank=16/256 sv_max=2.56e+04 resid=1.08e-01
progress N=2 step 89000/277470 32.1% t=135.47996 eta_s=40611.3 E=-0.87407290 P=0.70049279 dP=-0.29916611 r12=7.37915070 Vg=0.00000429 norm=1.00000000 rank=16/256 sv_max=2.57e+04 resid=1.08e-01
progress N=2 step 89250/277470 32.2% t=135.60496 eta_s=40552.7 E=-0.87373789 P=0.70012874 dP=-0.29953015 r12=7.37492444 Vg=0.00000433 norm=1.00000000 rank=16/256 sv_max=2.58e+04 resid=1.08e-01
progress N=2 step 89500/277470 32.3% t=135.72996 eta_s=40495.5 E=-0.87340319 P=0.69976582 dP=-0.29989307 r12=7.37065698 Vg=0.00000436 norm=1.00000000 rank=16/256 sv_max=2.59e+04 resid=1.09e-01
progress N=2 step 89750/277470 32.3% t=135.85496 eta_s=40438.4 E=-0.87306900 P=0.69940299 dP=-0.30025590 r12=7.36636138 Vg=0.00000439 norm=1.00000000 rank=16/256 sv_max=2.61e+04 resid=1.09e-01
progress N=2 step 90000/277470 32.4% t=135.97996 eta_s=40381.3 E=-0.87273518 P=0.69903886 dP=-0.30062003 r12=7.36204958 Vg=0.00000441 norm=1.00000000 rank=16/256 sv_max=2.62e+04 resid=1.10e-01
progress N=2 step 90250/277470 32.5% t=136.10496 eta_s=40325.6 E=-0.87240178 P=0.69867173 dP=-0.30098716 r12=7.35773235 Vg=0.00000443 norm=1.00000000 rank=16/256 sv_max=2.63e+04 resid=1.11e-01
progress N=2 step 90500/277470 32.6% t=136.22996 eta_s=40271.5 E=-0.87206890 P=0.69829961 dP=-0.30135928 r12=7.35341940 Vg=0.00000444 norm=1.00000000 rank=16/256 sv_max=2.64e+04 resid=1.12e-01
progress N=2 step 90750/277470 32.7% t=136.35496 eta_s=40219.3 E=-0.87173628 P=0.69792045 dP=-0.30173844 r12=7.34911959 Vg=0.00000444 norm=1.00000000 rank=16/256 sv_max=2.66e+04 resid=1.13e-01
progress N=2 step 91000/277470 32.8% t=136.47996 eta_s=40167.4 E=-0.87140422 P=0.69753229 dP=-0.30212660 r12=7.34484099 Vg=0.00000443 norm=1.00000000 rank=16/256 sv_max=2.67e+04 resid=1.15e-01
progress N=2 step 91250/277470 32.9% t=136.60496 eta_s=40115.4 E=-0.87107252 P=0.69713352 dP=-0.30252537 r12=7.34059079 Vg=0.00000442 norm=1.00000000 rank=16/256 sv_max=2.67e+04 resid=1.16e-01
progress N=2 step 91500/277470 33.0% t=136.72996 eta_s=40061.0 E=-0.87074122 P=0.69672293 dP=-0.30293597 r12=7.33637501 Vg=0.00000440 norm=1.00000000 rank=16/256 sv_max=2.67e+04 resid=1.18e-01
progress N=2 step 91750/277470 33.1% t=136.85496 eta_s=40006.4 E=-0.87041049 P=0.69629975 dP=-0.30335914 r12=7.33219812 Vg=0.00000438 norm=1.00000000 rank=16/256 sv_max=2.67e+04 resid=1.21e-01
progress N=2 step 92000/277470 33.2% t=136.97996 eta_s=39951.1 E=-0.87007997 P=0.69586359 dP=-0.30379530 r12=7.32806285 Vg=0.00000435 norm=1.00000000 rank=16/256 sv_max=2.67e+04 resid=1.23e-01
progress N=2 step 92250/277470 33.2% t=137.10496 eta_s=39898.3 E=-0.86975004 P=0.69541427 dP=-0.30424462 r12=7.32397016 Vg=0.00000433 norm=1.00000000 rank=16/256 sv_max=2.66e+04 resid=1.25e-01
