job_id=605757
job_name=vs3n2html2
partition=epyc
node_list=cent
submit_dir=/home/gyqyan/zexuan/ecg1d_code/1D_thouless_pumping
workdir=/home/gyqyan/zexuan/ecg1d_code/1D_thouless_pumping
cpus_per_task=1
mem_per_node=2048
reports=dt10,fine20
refresh_interval_seconds=600
start_time=2026-07-09T15:47:08+08:00
[2026-07-09 15:47:08] cycle=1 start
[2026-07-09 15:47:08] refresh rice_mele_reference/make_vs3_n2_k32_sweep_live_report.py
2026-07-09 15:47:20 /home/gyqyan/zexuan/ecg1d_code/1D_thouless_pumping/vs3_n2_k32_sweep_live_report.html
[2026-07-09 15:47:20] return_code=0
[2026-07-09 15:47:20] refresh rice_mele_reference/make_vs3_n2_k32_sweep_fine20_live_report.py
2026-07-09 15:47:26 /home/gyqyan/zexuan/ecg1d_code/1D_thouless_pumping/vs3_n2_k32_sweep_fine20_live_report.html
[2026-07-09 15:47:26] return_code=0
[2026-07-09 15:47:26] cycle=1 done last_rc=0
[2026-07-09 15:57:26] cycle=2 start
[2026-07-09 15:57:26] refresh rice_mele_reference/make_vs3_n2_k32_sweep_live_report.py
2026-07-09 15:57:38 /home/gyqyan/zexuan/ecg1d_code/1D_thouless_pumping/vs3_n2_k32_sweep_live_report.html
[2026-07-09 15:57:38] return_code=0
[2026-07-09 15:57:38] refresh rice_mele_reference/make_vs3_n2_k32_sweep_fine20_live_report.py
2026-07-09 15:57:45 /home/gyqyan/zexuan/ecg1d_code/1D_thouless_pumping/vs3_n2_k32_sweep_fine20_live_report.html
[2026-07-09 15:57:45] return_code=0
[2026-07-09 15:57:45] cycle=2 done last_rc=0
[2026-07-09 16:07:45] cycle=3 start
[2026-07-09 16:07:45] refresh rice_mele_reference/make_vs3_n2_k32_sweep_live_report.py
2026-07-09 16:07:58 /home/gyqyan/zexuan/ecg1d_code/1D_thouless_pumping/vs3_n2_k32_sweep_live_report.html
[2026-07-09 16:07:58] return_code=0
[2026-07-09 16:07:58] refresh rice_mele_reference/make_vs3_n2_k32_sweep_fine20_live_report.py
2026-07-09 16:08:06 /home/gyqyan/zexuan/ecg1d_code/1D_thouless_pumping/vs3_n2_k32_sweep_fine20_live_report.html
[2026-07-09 16:08:06] return_code=0
[2026-07-09 16:08:06] cycle=3 done last_rc=0
[2026-07-09 16:18:06] cycle=4 start
[2026-07-09 16:18:06] refresh rice_mele_reference/make_vs3_n2_k32_sweep_live_report.py
2026-07-09 16:18:20 /home/gyqyan/zexuan/ecg1d_code/1D_thouless_pumping/vs3_n2_k32_sweep_live_report.html
[2026-07-09 16:18:20] return_code=0
[2026-07-09 16:18:20] refresh rice_mele_reference/make_vs3_n2_k32_sweep_fine20_live_report.py
2026-07-09 16:18:28 /home/gyqyan/zexuan/ecg1d_code/1D_thouless_pumping/vs3_n2_k32_sweep_fine20_live_report.html
[2026-07-09 16:18:28] return_code=0
[2026-07-09 16:18:28] cycle=4 done last_rc=0
[2026-07-09 16:28:28] cycle=5 start
[2026-07-09 16:28:28] refresh rice_mele_reference/make_vs3_n2_k32_sweep_live_report.py
2026-07-09 16:28:43 /home/gyqyan/zexuan/ecg1d_code/1D_thouless_pumping/vs3_n2_k32_sweep_live_report.html
[2026-07-09 16:28:43] return_code=0
[2026-07-09 16:28:43] refresh rice_mele_reference/make_vs3_n2_k32_sweep_fine20_live_report.py
2026-07-09 16:28:52 /home/gyqyan/zexuan/ecg1d_code/1D_thouless_pumping/vs3_n2_k32_sweep_fine20_live_report.html
[2026-07-09 16:28:52] return_code=0
[2026-07-09 16:28:52] cycle=5 done last_rc=0
