job_id=605827
array_job_id=605823
array_task_id=0
job_name=vs3n2st3
partition=epyc
node_list=doom
excluded_nodes=bar
workdir=/home/gyqyan/zexuan/ecg1d_code/1D_thouless_pumping
cpus_per_task=32
mem_per_node=16384
binary=./build/ecg1d_vs3_n2_dt001_staged_full
case_label=gauss_sigma1p250
mode=gauss
sigma=1.25
planning_estimate=staged local dt: shoulders dt/10, core dt/20, 277470 steps; 32-core benchmark gauss ~0.23 s/step near s=0.25
start_time=2026-07-09T16:31:01+08:00
config=legacy_prb_3_3_n2_pathpad_K32_dt0p01_staged_gauss_sigma1p250 lambda_C=1.00e-08 rcond=1.00e-04 | TDVP param dimension=256
progress N=2 step 0/277470 0.0% t=0.00000 eta_s=nan E=-2.15315010 P=0.99965889 dP=0.00000000 r12=8.04559382 Vg=0.00000093 norm=1.00000000 rank=-1/256 sv_max=nan resid=nan
initial t=0.00000 tau=0.00000 E=-2.1531500998 <X>/a=0.9996588910 norm=1.0000000000 V_gauss=0.0000009265
progress N=2 step 250/277470 0.1% t=2.50000 eta_s=56978.2 E=-2.14296906 P=0.98909680 dP=-0.01056209 r12=8.04540258 Vg=0.00000105 norm=1.00000000 rank=35/256 sv_max=1.07e+02 resid=6.73e-03
progress N=2 step 500/277470 0.2% t=5.00000 eta_s=56856.0 E=-2.11775337 P=0.98050468 dP=-0.01915421 r12=8.04558234 Vg=0.00000104 norm=1.00000000 rank=37/256 sv_max=1.03e+02 resid=3.77e-02
progress N=2 step 750/277470 0.3% t=7.50000 eta_s=57018.7 E=-2.07650031 P=0.96857429 dP=-0.03108460 r12=8.04635554 Vg=0.00000103 norm=1.00000000 rank=35/256 sv_max=9.45e+01 resid=9.43e-03
progress N=2 step 1000/277470 0.4% t=10.00000 eta_s=56933.7 E=-2.02660514 P=0.96258367 dP=-0.03707522 r12=8.04568864 Vg=0.00000106 norm=1.00000000 rank=34/256 sv_max=1.03e+02 resid=3.53e-02
progress N=2 step 1250/277470 0.5% t=12.50000 eta_s=56773.1 E=-1.96894240 P=0.95119200 dP=-0.04846689 r12=8.04787213 Vg=0.00000093 norm=1.00000000 rank=34/256 sv_max=1.12e+02 resid=1.18e-02
progress N=2 step 1500/277470 0.5% t=15.00000 eta_s=56854.9 E=-1.90971453 P=0.94721240 dP=-0.05244649 r12=8.04601519 Vg=0.00000114 norm=1.00000000 rank=34/256 sv_max=1.07e+02 resid=3.76e-02
progress N=2 step 1750/277470 0.6% t=17.50000 eta_s=56548.2 E=-1.84891231 P=0.93727539 dP=-0.06238350 r12=8.05061669 Vg=0.00000121 norm=1.00000000 rank=37/256 sv_max=1.16e+02 resid=1.23e-02
progress N=2 step 2000/277470 0.7% t=20.00000 eta_s=56526.8 E=-1.79075975 P=0.93353783 dP=-0.06612107 r12=8.04791777 Vg=0.00000204 norm=1.00000000 rank=36/256 sv_max=1.35e+02 resid=4.26e-02
progress N=2 step 2250/277470 0.8% t=22.50000 eta_s=56615.0 E=-1.73403628 P=0.92730796 dP=-0.07235093 r12=8.05109104 Vg=0.00000329 norm=1.00000000 rank=36/256 sv_max=1.11e+02 resid=1.89e-02
progress N=2 step 2500/277470 0.9% t=25.00000 eta_s=56706.0 E=-1.68121705 P=0.92123618 dP=-0.07842271 r12=8.05225310 Vg=0.00000637 norm=1.00000000 rank=35/256 sv_max=1.39e+02 resid=6.87e-02
progress N=2 step 2750/277470 1.0% t=27.50000 eta_s=56792.9 E=-1.63129688 P=0.91896214 dP=-0.08069675 r12=8.04298713 Vg=0.00000996 norm=1.00000000 rank=35/256 sv_max=1.23e+02 resid=3.90e-02
progress N=2 step 3000/277470 1.1% t=30.00000 eta_s=56796.9 E=-1.58474849 P=0.91245735 dP=-0.08720154 r12=8.06539656 Vg=0.00001131 norm=1.00000000 rank=35/256 sv_max=1.39e+02 resid=4.40e-02
progress N=2 step 3250/277470 1.2% t=32.50000 eta_s=56847.7 E=-1.54173299 P=0.90890573 dP=-0.09075316 r12=8.03302872 Vg=0.00001665 norm=1.00000000 rank=35/256 sv_max=1.48e+02 resid=5.81e-02
progress N=2 step 3500/277470 1.3% t=35.00000 eta_s=56797.8 E=-1.50148925 P=0.90638232 dP=-0.09327658 r12=8.05704457 Vg=0.00002323 norm=1.00000000 rank=35/256 sv_max=1.46e+02 resid=4.80e-02
progress N=2 step 3750/277470 1.4% t=37.50000 eta_s=56614.9 E=-1.46419951 P=0.90124607 dP=-0.09841282 r12=8.05808276 Vg=0.00002569 norm=1.00000000 rank=35/256 sv_max=1.69e+02 resid=6.00e-02
progress N=2 step 4000/277470 1.4% t=40.00000 eta_s=56497.4 E=-1.42955925 P=0.89872163 dP=-0.10093726 r12=8.04178134 Vg=0.00002705 norm=1.00000000 rank=35/256 sv_max=1.79e+02 resid=8.35e-02
progress N=2 step 4250/277470 1.5% t=42.50000 eta_s=56451.2 E=-1.39738831 P=0.89502619 dP=-0.10463270 r12=8.03885718 Vg=0.00002666 norm=1.00000000 rank=35/256 sv_max=1.97e+02 resid=5.74e-02
progress N=2 step 4500/277470 1.6% t=45.00000 eta_s=56473.3 E=-1.36733408 P=0.89182736 dP=-0.10783153 r12=8.06966943 Vg=0.00002085 norm=1.00000000 rank=34/256 sv_max=2.15e+02 resid=1.02e-01
progress N=2 step 4750/277470 1.7% t=47.50000 eta_s=56453.8 E=-1.33917386 P=0.88985968 dP=-0.10979922 r12=8.05465026 Vg=0.00001468 norm=1.00000000 rank=33/256 sv_max=2.33e+02 resid=7.67e-02
progress N=2 step 5000/277470 1.8% t=50.00000 eta_s=56456.2 E=-1.31277244 P=0.88643999 dP=-0.11321890 r12=8.04377253 Vg=0.00000895 norm=1.00000000 rank=32/256 sv_max=2.48e+02 resid=1.09e-01
progress N=2 step 5250/277470 1.9% t=52.50000 eta_s=56450.0 E=-1.28806760 P=0.88222619 dP=-0.11743270 r12=8.04583769 Vg=0.00000512 norm=1.00000000 rank=33/256 sv_max=2.69e+02 resid=6.15e-02
progress N=2 step 5500/277470 2.0% t=55.00000 eta_s=56421.2 E=-1.26495040 P=0.87836478 dP=-0.12129411 r12=8.06313082 Vg=0.00000737 norm=1.00000000 rank=33/256 sv_max=3.04e+02 resid=1.24e-01
progress N=2 step 5750/277470 2.1% t=57.50000 eta_s=56413.9 E=-1.24309617 P=0.87734751 dP=-0.12231138 r12=8.06638834 Vg=0.00001244 norm=1.00000000 rank=33/256 sv_max=3.48e+02 resid=1.11e-01
progress N=2 step 6000/277470 2.2% t=60.00000 eta_s=56372.5 E=-1.22235394 P=0.87453748 dP=-0.12512141 r12=8.05436530 Vg=0.00002040 norm=1.00000000 rank=32/256 sv_max=4.51e+02 resid=1.79e-01
progress N=2 step 6250/277470 2.3% t=62.50000 eta_s=56352.2 E=-1.20270997 P=0.87145000 dP=-0.12820889 r12=8.05819811 Vg=0.00001665 norm=1.00000000 rank=32/256 sv_max=5.93e+02 resid=7.11e-02
progress N=2 step 6500/277470 2.3% t=65.00000 eta_s=56339.7 E=-1.18419123 P=0.86497456 dP=-0.13468433 r12=8.06008723 Vg=0.00001022 norm=1.00000000 rank=32/256 sv_max=7.66e+02 resid=6.41e-02
progress N=2 step 6750/277470 2.4% t=67.50000 eta_s=56284.2 E=-1.16674426 P=0.86086082 dP=-0.13879807 r12=8.07367455 Vg=0.00000498 norm=1.00000000 rank=31/256 sv_max=1.02e+03 resid=1.05e-01
progress N=2 step 7000/277470 2.5% t=70.00000 eta_s=56267.4 E=-1.15009693 P=0.85871013 dP=-0.14094876 r12=8.05952137 Vg=0.00000189 norm=1.00000000 rank=30/256 sv_max=1.21e+03 resid=1.33e-01
progress N=2 step 7250/277470 2.6% t=72.50000 eta_s=56226.4 E=-1.13412686 P=0.85787353 dP=-0.14178536 r12=8.05558166 Vg=0.00000327 norm=1.00000000 rank=30/256 sv_max=1.32e+03 resid=1.91e-01
progress N=2 step 7500/277470 2.7% t=75.00000 eta_s=56205.2 E=-1.11874010 P=0.85593951 dP=-0.14371939 r12=8.04572659 Vg=0.00000681 norm=1.00000000 rank=30/256 sv_max=1.33e+03 resid=1.18e-01
progress N=2 step 7750/277470 2.8% t=77.50000 eta_s=56179.2 E=-1.10404106 P=0.84977097 dP=-0.14988792 r12=8.05981872 Vg=0.00000981 norm=1.00000000 rank=30/256 sv_max=1.37e+03 resid=1.18e-01
progress N=2 step 8000/277470 2.9% t=80.00000 eta_s=56135.3 E=-1.09005132 P=0.84395039 dP=-0.15570850 r12=8.06852055 Vg=0.00001060 norm=1.00000000 rank=30/256 sv_max=1.49e+03 resid=8.94e-02
progress N=2 step 8250/277470 3.0% t=82.50000 eta_s=56107.3 E=-1.07673166 P=0.83730173 dP=-0.16235716 r12=8.07016071 Vg=0.00000809 norm=1.00000000 rank=31/256 sv_max=1.51e+03 resid=1.69e-01
progress N=2 step 8500/277470 3.1% t=85.00000 eta_s=56008.4 E=-1.06395274 P=0.83481129 dP=-0.16484760 r12=8.05582442 Vg=0.00000539 norm=1.00000000 rank=30/256 sv_max=1.65e+03 resid=1.72e-01
progress N=2 step 8750/277470 3.2% t=87.50000 eta_s=55950.8 E=-1.05158777 P=0.83163664 dP=-0.16802226 r12=8.03464825 Vg=0.00000562 norm=1.00000000 rank=30/256 sv_max=1.64e+03 resid=2.21e-01
progress N=2 step 9000/277470 3.2% t=90.00000 eta_s=55916.4 E=-1.03959987 P=0.82923441 dP=-0.17042448 r12=8.02237997 Vg=0.00000951 norm=1.00000000 rank=30/256 sv_max=1.67e+03 resid=1.66e-01
progress N=2 step 9250/277470 3.3% t=90.67987 eta_s=55808.1 E=-1.03640112 P=0.82850672 dP=-0.17115217 r12=8.01738342 Vg=0.00001086 norm=1.00000000 rank=30/256 sv_max=1.66e+03 resid=1.46e-01
progress N=2 step 9500/277470 3.4% t=90.92987 eta_s=55741.8 E=-1.03523168 P=0.82814594 dP=-0.17151295 r12=8.01586525 Vg=0.00001135 norm=1.00000000 rank=30/256 sv_max=1.66e+03 resid=1.41e-01
progress N=2 step 9750/277470 3.5% t=91.17987 eta_s=55670.5 E=-1.03406601 P=0.82771588 dP=-0.17194301 r12=8.01471077 Vg=0.00001179 norm=1.00000000 rank=30/256 sv_max=1.66e+03 resid=1.39e-01
progress N=2 step 10000/277470 3.6% t=91.42987 eta_s=55620.1 E=-1.03290428 P=0.82720901 dP=-0.17244988 r12=8.01397038 Vg=0.00001215 norm=1.00000000 rank=30/256 sv_max=1.65e+03 resid=1.39e-01
progress N=2 step 10250/277470 3.7% t=91.67987 eta_s=55558.9 E=-1.03174663 P=0.82662723 dP=-0.17303166 r12=8.01366751 Vg=0.00001247 norm=1.00000000 rank=30/256 sv_max=1.64e+03 resid=1.36e-01
progress N=2 step 10500/277470 3.8% t=91.92987 eta_s=55489.5 E=-1.03059317 P=0.82598322 dP=-0.17367568 r12=8.01378143 Vg=0.00001280 norm=1.00000000 rank=30/256 sv_max=1.64e+03 resid=1.34e-01
progress N=2 step 10750/277470 3.9% t=92.17987 eta_s=55455.4 E=-1.02944410 P=0.82529622 dP=-0.17436267 r12=8.01422436 Vg=0.00001317 norm=1.00000000 rank=30/256 sv_max=1.65e+03 resid=1.34e-01
progress N=2 step 11000/277470 4.0% t=92.42987 eta_s=55410.0 E=-1.02829958 P=0.82458478 dP=-0.17507411 r12=8.01486724 Vg=0.00001354 norm=1.00000000 rank=30/256 sv_max=1.66e+03 resid=1.37e-01
progress N=2 step 11250/277470 4.1% t=92.67987 eta_s=55379.4 E=-1.02715954 P=0.82386220 dP=-0.17579669 r12=8.01559684 Vg=0.00001387 norm=1.00000000 rank=30/256 sv_max=1.67e+03 resid=1.42e-01
progress N=2 step 11500/277470 4.1% t=92.92987 eta_s=55342.3 E=-1.02602405 P=0.82313635 dP=-0.17652255 r12=8.01634744 Vg=0.00001412 norm=1.00000000 rank=30/256 sv_max=1.68e+03 resid=1.46e-01
progress N=2 step 11750/277470 4.2% t=93.17987 eta_s=55306.8 E=-1.02489320 P=0.82241262 dP=-0.17724627 r12=8.01708266 Vg=0.00001430 norm=1.00000000 rank=30/256 sv_max=1.68e+03 resid=1.50e-01
progress N=2 step 12000/277470 4.3% t=93.42987 eta_s=55271.5 E=-1.02376702 P=0.82169692 dP=-0.17796197 r12=8.01775947 Vg=0.00001444 norm=1.00000000 rank=30/256 sv_max=1.67e+03 resid=1.52e-01
progress N=2 step 12250/277470 4.4% t=93.67987 eta_s=55225.0 E=-1.02264555 P=0.82099577 dP=-0.17866312 r12=8.01834085 Vg=0.00001455 norm=1.00000000 rank=30/256 sv_max=1.65e+03 resid=1.53e-01
progress N=2 step 12500/277470 4.5% t=93.92987 eta_s=55189.9 E=-1.02152882 P=0.82031320 dP=-0.17934569 r12=8.01884296 Vg=0.00001466 norm=1.00000000 rank=30/256 sv_max=1.64e+03 resid=1.51e-01
progress N=2 step 12750/277470 4.6% t=94.17987 eta_s=55058.4 E=-1.02041684 P=0.81964789 dP=-0.18001100 r12=8.01934989 Vg=0.00001478 norm=1.00000000 rank=30/256 sv_max=1.65e+03 resid=1.46e-01
progress N=2 step 13000/277470 4.7% t=94.42987 eta_s=55001.7 E=-1.01930955 P=0.81899277 dP=-0.18066612 r12=8.01996771 Vg=0.00001490 norm=1.00000000 rank=30/256 sv_max=1.65e+03 resid=1.41e-01
progress N=2 step 13250/277470 4.8% t=94.67987 eta_s=54929.9 E=-1.01820688 P=0.81833707 dP=-0.18132182 r12=8.02076630 Vg=0.00001500 norm=1.00000000 rank=30/256 sv_max=1.66e+03 resid=1.36e-01
progress N=2 step 13500/277470 4.9% t=94.92987 eta_s=54874.6 E=-1.01710900 P=0.81767109 dP=-0.18198780 r12=8.02175561 Vg=0.00001501 norm=1.00000000 rank=30/256 sv_max=1.67e+03 resid=1.31e-01
progress N=2 step 13750/277470 5.0% t=95.17987 eta_s=54844.2 E=-1.01601544 P=0.81699043 dP=-0.18266846 r12=8.02290219 Vg=0.00001491 norm=1.00000000 rank=30/256 sv_max=1.69e+03 resid=1.25e-01
progress N=2 step 14000/277470 5.0% t=95.42987 eta_s=54775.1 E=-1.01492592 P=0.81629545 dP=-0.18336345 r12=8.02414492 Vg=0.00001472 norm=1.00000000 rank=30/256 sv_max=1.73e+03 resid=1.19e-01
progress N=2 step 14250/277470 5.1% t=95.67987 eta_s=54689.2 E=-1.01384037 P=0.81559098 dP=-0.18406791 r12=8.02538964 Vg=0.00001450 norm=1.00000000 rank=29/256 sv_max=1.77e+03 resid=1.15e-01
progress N=2 step 14500/277470 5.2% t=95.92987 eta_s=54610.4 E=-1.01275886 P=0.81488074 dP=-0.18477815 r12=8.02650907 Vg=0.00001432 norm=1.00000000 rank=29/256 sv_max=1.81e+03 resid=1.12e-01
progress N=2 step 14750/277470 5.3% t=96.17987 eta_s=54553.6 E=-1.01168155 P=0.81416498 dP=-0.18549392 r12=8.02738851 Vg=0.00001420 norm=1.00000000 rank=29/256 sv_max=1.83e+03 resid=1.11e-01
progress N=2 step 15000/277470 5.4% t=96.42987 eta_s=54546.8 E=-1.01060861 P=0.81344248 dP=-0.18621641 r12=8.02797715 Vg=0.00001413 norm=1.00000000 rank=29/256 sv_max=1.84e+03 resid=1.08e-01
progress N=2 step 15250/277470 5.5% t=96.67987 eta_s=54499.9 E=-1.00954017 P=0.81271024 dP=-0.18694865 r12=8.02831336 Vg=0.00001407 norm=1.00000000 rank=29/256 sv_max=1.84e+03 resid=1.05e-01
progress N=2 step 15500/277470 5.6% t=96.92987 eta_s=54459.4 E=-1.00847630 P=0.81196263 dP=-0.18769626 r12=8.02850255 Vg=0.00001396 norm=1.00000000 rank=29/256 sv_max=1.84e+03 resid=1.02e-01
progress N=2 step 15750/277470 5.7% t=97.17987 eta_s=54417.5 E=-1.00741728 P=0.81119097 dP=-0.18846792 r12=8.02867769 Vg=0.00001375 norm=1.00000000 rank=29/256 sv_max=1.83e+03 resid=1.01e-01
progress N=2 step 16000/277470 5.8% t=97.42987 eta_s=54367.0 E=-1.00636281 P=0.81038403 dP=-0.18927486 r12=8.02896569 Vg=0.00001341 norm=1.00000000 rank=29/256 sv_max=1.82e+03 resid=1.02e-01
progress N=2 step 16250/277470 5.9% t=97.67987 eta_s=54310.3 E=-1.00531292 P=0.80953369 dP=-0.19012520 r12=8.02946563 Vg=0.00001299 norm=1.00000000 rank=29/256 sv_max=1.81e+03 resid=1.06e-01
progress N=2 step 16500/277470 5.9% t=97.92987 eta_s=54258.0 E=-1.00426769 P=0.80864150 dP=-0.19101739 r12=8.03022555 Vg=0.00001256 norm=1.00000000 rank=29/256 sv_max=1.81e+03 resid=1.12e-01
progress N=2 step 16750/277470 6.0% t=98.17987 eta_s=54211.8 E=-1.00322715 P=0.80771773 dP=-0.19194116 r12=8.03121523 Vg=0.00001220 norm=1.00000000 rank=29/256 sv_max=1.81e+03 resid=1.19e-01
progress N=2 step 17000/277470 6.1% t=98.42987 eta_s=54144.5 E=-1.00219127 P=0.80677586 dP=-0.19288303 r12=8.03232486 Vg=0.00001199 norm=1.00000000 rank=29/256 sv_max=1.82e+03 resid=1.29e-01
progress N=2 step 17250/277470 6.2% t=98.67987 eta_s=54078.9 E=-1.00115997 P=0.80582997 dP=-0.19382892 r12=8.03340952 Vg=0.00001191 norm=1.00000000 rank=29/256 sv_max=1.84e+03 resid=1.39e-01
progress N=2 step 17500/277470 6.3% t=98.92987 eta_s=54035.6 E=-1.00013329 P=0.80489609 dP=-0.19476280 r12=8.03435002 Vg=0.00001192 norm=1.00000000 rank=29/256 sv_max=1.86e+03 resid=1.48e-01
progress N=2 step 17750/277470 6.4% t=99.17987 eta_s=53977.8 E=-0.99911115 P=0.80399349 dP=-0.19566540 r12=8.03507851 Vg=0.00001191 norm=1.00000000 rank=29/256 sv_max=1.88e+03 resid=1.54e-01
progress N=2 step 18000/277470 6.5% t=99.42987 eta_s=53899.5 E=-0.99809317 P=0.80314078 dP=-0.19651811 r12=8.03555737 Vg=0.00001183 norm=1.00000000 rank=29/256 sv_max=1.90e+03 resid=1.59e-01
progress N=2 step 18250/277470 6.6% t=99.67987 eta_s=53835.3 E=-0.99707920 P=0.80235128 dP=-0.19730761 r12=8.03575393 Vg=0.00001166 norm=1.00000000 rank=29/256 sv_max=1.90e+03 resid=1.62e-01
progress N=2 step 18500/277470 6.7% t=99.92987 eta_s=53786.0 E=-0.99606909 P=0.80163207 dP=-0.19802682 r12=8.03565334 Vg=0.00001147 norm=1.00000000 rank=29/256 sv_max=1.89e+03 resid=1.63e-01
progress N=2 step 18750/277470 6.8% t=100.17987 eta_s=53748.5 E=-0.99506271 P=0.80098246 dP=-0.19867643 r12=8.03528152 Vg=0.00001132 norm=1.00000000 rank=29/256 sv_max=1.89e+03 resid=1.61e-01
progress N=2 step 19000/277470 6.8% t=100.42987 eta_s=53702.4 E=-0.99405993 P=0.80039446 dP=-0.19926443 r12=8.03470163 Vg=0.00001131 norm=1.00000000 rank=29/256 sv_max=1.89e+03 resid=1.57e-01
progress N=2 step 19250/277470 6.9% t=100.60496 eta_s=53643.5 E=-0.99336001 P=0.80001188 dP=-0.19964701 r12=8.03421199 Vg=0.00001138 norm=1.00000000 rank=29/256 sv_max=1.91e+03 resid=1.56e-01
progress N=2 step 19500/277470 7.0% t=100.72996 eta_s=53594.0 E=-0.99286114 P=0.79974914 dP=-0.19990975 r12=8.03383473 Vg=0.00001147 norm=1.00000000 rank=29/256 sv_max=1.91e+03 resid=1.54e-01
progress N=2 step 19750/277470 7.1% t=100.85496 eta_s=53547.8 E=-0.99236346 P=0.79949166 dP=-0.20016723 r12=8.03344115 Vg=0.00001159 norm=1.00000000 rank=29/256 sv_max=1.92e+03 resid=1.53e-01
progress N=2 step 20000/277470 7.2% t=100.97996 eta_s=53505.7 E=-0.99186621 P=0.79923636 dP=-0.20042253 r12=8.03303560 Vg=0.00001171 norm=1.00000000 rank=29/256 sv_max=1.93e+03 resid=1.53e-01
progress N=2 step 20250/277470 7.3% t=101.10496 eta_s=53456.6 E=-0.99137028 P=0.79898040 dP=-0.20067849 r12=8.03262163 Vg=0.00001185 norm=1.00000000 rank=29/256 sv_max=1.94e+03 resid=1.52e-01
progress N=2 step 20500/277470 7.4% t=101.22996 eta_s=53414.9 E=-0.99087483 P=0.79872138 dP=-0.20093751 r12=8.03220235 Vg=0.00001198 norm=1.00000000 rank=29/256 sv_max=1.94e+03 resid=1.51e-01
progress N=2 step 20750/277470 7.5% t=101.35496 eta_s=53370.9 E=-0.99038030 P=0.79845745 dP=-0.20120145 r12=8.03178046 Vg=0.00001210 norm=1.00000000 rank=29/256 sv_max=1.95e+03 resid=1.50e-01
progress N=2 step 21000/277470 7.6% t=101.47996 eta_s=53298.0 E=-0.98988657 P=0.79818733 dP=-0.20147156 r12=8.03135780 Vg=0.00001221 norm=1.00000000 rank=29/256 sv_max=1.95e+03 resid=1.50e-01
progress N=2 step 21250/277470 7.7% t=101.60496 eta_s=53240.4 E=-0.98939336 P=0.79791028 dP=-0.20174861 r12=8.03093463 Vg=0.00001231 norm=1.00000000 rank=29/256 sv_max=1.96e+03 resid=1.49e-01
progress N=2 step 21500/277470 7.7% t=101.72996 eta_s=53195.0 E=-0.98890129 P=0.79762607 dP=-0.20203282 r12=8.03050892 Vg=0.00001239 norm=1.00000000 rank=29/256 sv_max=1.96e+03 resid=1.49e-01
progress N=2 step 21750/277470 7.8% t=101.85496 eta_s=53142.2 E=-0.98840953 P=0.79733488 dP=-0.20232401 r12=8.03007597 Vg=0.00001246 norm=1.00000000 rank=29/256 sv_max=1.97e+03 resid=1.49e-01
progress N=2 step 22000/277470 7.9% t=101.97996 eta_s=53085.3 E=-0.98791889 P=0.79703726 dP=-0.20262163 r12=8.02962864 Vg=0.00001254 norm=1.00000000 rank=29/256 sv_max=1.97e+03 resid=1.49e-01
progress N=2 step 22250/277470 8.0% t=102.10496 eta_s=53043.3 E=-0.98742875 P=0.79673394 dP=-0.20292495 r12=8.02915798 Vg=0.00001261 norm=1.00000000 rank=29/256 sv_max=1.97e+03 resid=1.50e-01
progress N=2 step 22500/277470 8.1% t=102.22996 eta_s=53004.0 E=-0.98693936 P=0.79642571 dP=-0.20323318 r12=8.02865434 Vg=0.00001270 norm=1.00000000 rank=29/256 sv_max=1.97e+03 resid=1.51e-01
progress N=2 step 22750/277470 8.2% t=102.35496 eta_s=52958.4 E=-0.98645084 P=0.79611329 dP=-0.20354560 r12=8.02810847 Vg=0.00001282 norm=1.00000000 rank=29/256 sv_max=1.98e+03 resid=1.52e-01
progress N=2 step 23000/277470 8.3% t=102.47996 eta_s=52918.2 E=-0.98596273 P=0.79579727 dP=-0.20386162 r12=8.02751243 Vg=0.00001295 norm=1.00000000 rank=29/256 sv_max=1.98e+03 resid=1.53e-01
progress N=2 step 23250/277470 8.4% t=102.60496 eta_s=52870.2 E=-0.98547589 P=0.79547818 dP=-0.20418071 r12=8.02686025 Vg=0.00001310 norm=1.00000000 rank=29/256 sv_max=1.99e+03 resid=1.55e-01
progress N=2 step 23500/277470 8.5% t=102.72996 eta_s=52829.2 E=-0.98498941 P=0.79515659 dP=-0.20450230 r12=8.02614815 Vg=0.00001327 norm=1.00000000 rank=29/256 sv_max=2.00e+03 resid=1.57e-01
progress N=2 step 23750/277470 8.6% t=102.85496 eta_s=52788.5 E=-0.98450399 P=0.79483316 dP=-0.20482573 r12=8.02537479 Vg=0.00001345 norm=1.00000000 rank=29/256 sv_max=2.00e+03 resid=1.59e-01
progress N=2 step 24000/277470 8.6% t=102.97996 eta_s=52741.1 E=-0.98401926 P=0.79450868 dP=-0.20515021 r12=8.02454142 Vg=0.00001365 norm=1.00000000 rank=29/256 sv_max=2.01e+03 resid=1.61e-01
progress N=2 step 24250/277470 8.7% t=103.10496 eta_s=52699.2 E=-0.98353521 P=0.79418404 dP=-0.20547485 r12=8.02365201 Vg=0.00001384 norm=1.00000000 rank=29/256 sv_max=2.02e+03 resid=1.64e-01
progress N=2 step 24500/277470 8.8% t=103.22996 eta_s=52652.3 E=-0.98305227 P=0.79386016 dP=-0.20579873 r12=8.02271314 Vg=0.00001403 norm=1.00000000 rank=29/256 sv_max=2.02e+03 resid=1.66e-01
progress N=2 step 24750/277470 8.9% t=103.35496 eta_s=52601.7 E=-0.98256972 P=0.79353792 dP=-0.20612097 r12=8.02173372 Vg=0.00001422 norm=1.00000000 rank=29/256 sv_max=2.03e+03 resid=1.68e-01
progress N=2 step 25000/277470 9.0% t=103.47996 eta_s=52542.5 E=-0.98208848 P=0.79321813 dP=-0.20644076 r12=8.02072421 Vg=0.00001440 norm=1.00000000 rank=29/256 sv_max=2.03e+03 resid=1.70e-01
progress N=2 step 25250/277470 9.1% t=103.60496 eta_s=52495.5 E=-0.98160773 P=0.79290146 dP=-0.20675743 r12=8.01969566 Vg=0.00001457 norm=1.00000000 rank=29/256 sv_max=2.03e+03 resid=1.72e-01
progress N=2 step 25500/277470 9.2% t=103.72996 eta_s=52453.2 E=-0.98112789 P=0.79258845 dP=-0.20707044 r12=8.01865846 Vg=0.00001474 norm=1.00000000 rank=29/256 sv_max=2.03e+03 resid=1.74e-01
progress N=2 step 25750/277470 9.3% t=103.85496 eta_s=52391.4 E=-0.98064893 P=0.79227939 dP=-0.20737950 r12=8.01762125 Vg=0.00001490 norm=1.00000000 rank=29/256 sv_max=2.03e+03 resid=1.76e-01
progress N=2 step 26000/277470 9.4% t=103.97996 eta_s=52314.1 E=-0.98017046 P=0.79197442 dP=-0.20768447 r12=8.01658995 Vg=0.00001506 norm=1.00000000 rank=29/256 sv_max=2.02e+03 resid=1.78e-01
progress N=2 step 26250/277470 9.5% t=104.10496 eta_s=52243.9 E=-0.97969327 P=0.79167348 dP=-0.20798541 r12=8.01556748 Vg=0.00001522 norm=1.00000000 rank=29/256 sv_max=2.02e+03 resid=1.80e-01
progress N=2 step 26500/277470 9.6% t=104.22996 eta_s=52189.7 E=-0.97921645 P=0.79137646 dP=-0.20828243 r12=8.01455401 Vg=0.00001539 norm=1.00000000 rank=29/256 sv_max=2.01e+03 resid=1.83e-01
progress N=2 step 26750/277470 9.6% t=104.35496 eta_s=52148.5 E=-0.97874070 P=0.79108318 dP=-0.20857571 r12=8.01354766 Vg=0.00001558 norm=1.00000000 rank=29/256 sv_max=2.00e+03 resid=1.87e-01
progress N=2 step 27000/277470 9.7% t=104.47996 eta_s=52095.9 E=-0.97826561 P=0.79079341 dP=-0.20886548 r12=8.01254545 Vg=0.00001579 norm=1.00000000 rank=29/256 sv_max=1.99e+03 resid=1.91e-01
progress N=2 step 27250/277470 9.8% t=104.60496 eta_s=52051.6 E=-0.97779114 P=0.79050672 dP=-0.20915217 r12=8.01154407 Vg=0.00001601 norm=1.00000000 rank=29/256 sv_max=1.98e+03 resid=1.96e-01
progress N=2 step 27500/277470 9.9% t=104.72996 eta_s=52005.7 E=-0.97731767 P=0.79022251 dP=-0.20943638 r12=8.01054042 Vg=0.00001625 norm=1.00000000 rank=29/256 sv_max=1.98e+03 resid=2.03e-01
progress N=2 step 27750/277470 10.0% t=104.85496 eta_s=51953.9 E=-0.97684453 P=0.78994006 dP=-0.20971883 r12=8.00953158 Vg=0.00001650 norm=1.00000000 rank=29/256 sv_max=1.98e+03 resid=2.10e-01
progress N=2 step 28000/277470 10.1% t=104.97996 eta_s=51908.3 E=-0.97637242 P=0.78965866 dP=-0.21000023 r12=8.00851441 Vg=0.00001675 norm=1.00000000 rank=29/256 sv_max=1.98e+03 resid=2.19e-01
progress N=2 step 28250/277470 10.2% t=105.10496 eta_s=51838.5 E=-0.97590072 P=0.78937785 dP=-0.21028104 r12=8.00748485 Vg=0.00001701 norm=1.00000000 rank=29/256 sv_max=1.98e+03 resid=2.30e-01
progress N=2 step 28500/277470 10.3% t=105.22996 eta_s=51790.2 E=-0.97542967 P=0.78909760 dP=-0.21056130 r12=8.00643732 Vg=0.00001726 norm=1.00000000 rank=29/256 sv_max=1.99e+03 resid=2.43e-01
progress N=2 step 28750/277470 10.4% t=105.35496 eta_s=51744.1 E=-0.97495932 P=0.78881838 dP=-0.21084051 r12=8.00536470 Vg=0.00001750 norm=1.00000000 rank=29/256 sv_max=1.99e+03 resid=2.58e-01
progress N=2 step 29000/277470 10.5% t=105.47996 eta_s=51697.8 E=-0.97448924 P=0.78854121 dP=-0.21111768 r12=8.00425899 Vg=0.00001772 norm=1.00000000 rank=29/256 sv_max=2.00e+03 resid=2.75e-01
progress N=2 step 29250/277470 10.5% t=105.60496 eta_s=51653.8 E=-0.97402017 P=0.78826753 dP=-0.21139136 r12=8.00311243 Vg=0.00001794 norm=1.00000000 rank=29/256 sv_max=2.00e+03 resid=2.91e-01
progress N=2 step 29500/277470 10.6% t=105.72996 eta_s=51587.0 E=-0.97355134 P=0.78799903 dP=-0.21165986 r12=8.00191848 Vg=0.00001814 norm=1.00000000 rank=29/256 sv_max=2.01e+03 resid=3.05e-01
progress N=2 step 29750/277470 10.7% t=105.85496 eta_s=51536.0 E=-0.97308319 P=0.78773752 dP=-0.21192137 r12=8.00067258 Vg=0.00001834 norm=1.00000000 rank=29/256 sv_max=2.01e+03 resid=3.13e-01
progress N=2 step 30000/277470 10.8% t=105.97996 eta_s=51487.6 E=-0.97261558 P=0.78748468 dP=-0.21217422 r12=7.99937246 Vg=0.00001853 norm=1.00000000 rank=29/256 sv_max=2.01e+03 resid=3.11e-01
progress N=2 step 30250/277470 10.9% t=106.10496 eta_s=51441.7 E=-0.97214830 P=0.78724194 dP=-0.21241696 r12=7.99801805 Vg=0.00001871 norm=1.00000000 rank=29/256 sv_max=2.01e+03 resid=3.01e-01
progress N=2 step 30500/277470 11.0% t=106.22996 eta_s=51397.1 E=-0.97168188 P=0.78701039 dP=-0.21264851 r12=7.99661115 Vg=0.00001889 norm=1.00000000 rank=29/256 sv_max=2.02e+03 resid=2.85e-01
progress N=2 step 30750/277470 11.1% t=106.35496 eta_s=51340.5 E=-0.97121566 P=0.78679066 dP=-0.21286823 r12=7.99515502 Vg=0.00001907 norm=1.00000000 rank=29/256 sv_max=2.02e+03 resid=2.67e-01
progress N=2 step 31000/277470 11.2% t=106.47996 eta_s=51287.5 E=-0.97075020 P=0.78658286 dP=-0.21307603 r12=7.99365398 Vg=0.00001924 norm=1.00000000 rank=29/256 sv_max=2.03e+03 resid=2.49e-01
progress N=2 step 31250/277470 11.3% t=106.60496 eta_s=51226.0 E=-0.97028516 P=0.78638649 dP=-0.21327240 r12=7.99211333 Vg=0.00001942 norm=1.00000000 rank=29/256 sv_max=2.04e+03 resid=2.33e-01
progress N=2 step 31500/277470 11.4% t=106.72996 eta_s=51160.0 E=-0.96982056 P=0.78620042 dP=-0.21345847 r12=7.99053944 Vg=0.00001959 norm=1.00000000 rank=29/256 sv_max=2.05e+03 resid=2.19e-01
progress N=2 step 31750/277470 11.4% t=106.85496 eta_s=51109.7 E=-0.96935672 P=0.78602288 dP=-0.21363601 r12=7.98893998 Vg=0.00001975 norm=1.00000000 rank=29/256 sv_max=2.05e+03 resid=2.08e-01
progress N=2 step 32000/277470 11.5% t=106.97996 eta_s=51058.8 E=-0.96889311 P=0.78585148 dP=-0.21380742 r12=7.98732414 Vg=0.00001990 norm=1.00000000 rank=29/256 sv_max=2.06e+03 resid=2.00e-01
progress N=2 step 32250/277470 11.6% t=107.10496 eta_s=51016.5 E=-0.96843039 P=0.78568337 dP=-0.21397552 r12=7.98570243 Vg=0.00002003 norm=1.00000000 rank=29/256 sv_max=2.07e+03 resid=1.93e-01
progress N=2 step 32500/277470 11.7% t=107.22996 eta_s=50969.4 E=-0.96796804 P=0.78551540 dP=-0.21414349 r12=7.98408599 Vg=0.00002013 norm=1.00000000 rank=29/256 sv_max=2.08e+03 resid=1.88e-01
progress N=2 step 32750/277470 11.8% t=107.35496 eta_s=50927.1 E=-0.96750626 P=0.78534436 dP=-0.21431453 r12=7.98248548 Vg=0.00002021 norm=1.00000000 rank=29/256 sv_max=2.08e+03 resid=1.84e-01
progress N=2 step 33000/277470 11.9% t=107.47996 eta_s=50876.8 E=-0.96704521 P=0.78516722 dP=-0.21449167 r12=7.98090964 Vg=0.00002027 norm=1.00000000 rank=29/256 sv_max=2.09e+03 resid=1.81e-01
progress N=2 step 33250/277470 12.0% t=107.60496 eta_s=50820.9 E=-0.96658444 P=0.78498136 dP=-0.21467753 r12=7.97936420 Vg=0.00002030 norm=1.00000000 rank=29/256 sv_max=2.09e+03 resid=1.78e-01
progress N=2 step 33500/277470 12.1% t=107.72996 eta_s=50776.4 E=-0.96612467 P=0.78478459 dP=-0.21487430 r12=7.97785122 Vg=0.00002030 norm=1.00000000 rank=29/256 sv_max=2.09e+03 resid=1.77e-01
progress N=2 step 33750/277470 12.2% t=107.85496 eta_s=50725.1 E=-0.96566524 P=0.78457519 dP=-0.21508370 r12=7.97636909 Vg=0.00002029 norm=1.00000000 rank=29/256 sv_max=2.09e+03 resid=1.77e-01
progress N=2 step 34000/277470 12.3% t=107.97996 eta_s=50680.0 E=-0.96520646 P=0.78435184 dP=-0.21530705 r12=7.97491306 Vg=0.00002027 norm=1.00000000 rank=29/256 sv_max=2.08e+03 resid=1.77e-01
progress N=2 step 34250/277470 12.3% t=108.10496 eta_s=50636.5 E=-0.96474838 P=0.78411351 dP=-0.21554538 r12=7.97347601 Vg=0.00002025 norm=1.00000000 rank=29/256 sv_max=2.08e+03 resid=1.78e-01
progress N=2 step 34500/277470 12.4% t=108.22996 eta_s=50590.7 E=-0.96429062 P=0.78385944 dP=-0.21579945 r12=7.97204945 Vg=0.00002023 norm=1.00000000 rank=29/256 sv_max=2.07e+03 resid=1.78e-01
progress N=2 step 34750/277470 12.5% t=108.35496 eta_s=50548.3 E=-0.96383391 P=0.78358911 dP=-0.21606978 r12=7.97062445 Vg=0.00002021 norm=1.00000000 rank=29/256 sv_max=2.06e+03 resid=1.80e-01
progress N=2 step 35000/277470 12.6% t=108.47996 eta_s=50501.8 E=-0.96337753 P=0.78330230 dP=-0.21635659 r12=7.96919248 Vg=0.00002020 norm=1.00000000 rank=29/256 sv_max=2.05e+03 resid=1.81e-01
progress N=2 step 35250/277470 12.7% t=108.60496 eta_s=50459.2 E=-0.96292189 P=0.78299914 dP=-0.21665975 r12=7.96774597 Vg=0.00002020 norm=1.00000000 rank=29/256 sv_max=2.05e+03 resid=1.82e-01
progress N=2 step 35500/277470 12.8% t=108.72996 eta_s=50415.1 E=-0.96246693 P=0.78268015 dP=-0.21697874 r12=7.96627867 Vg=0.00002021 norm=1.00000000 rank=29/256 sv_max=2.05e+03 resid=1.83e-01
progress N=2 step 35750/277470 12.9% t=108.85496 eta_s=50369.7 E=-0.96201238 P=0.78234622 dP=-0.21731267 r12=7.96478583 Vg=0.00002022 norm=1.00000000 rank=29/256 sv_max=2.04e+03 resid=1.83e-01
progress N=2 step 36000/277470 13.0% t=108.97996 eta_s=50317.6 E=-0.96155887 P=0.78199856 dP=-0.21766033 r12=7.96326437 Vg=0.00002023 norm=1.00000000 rank=29/256 sv_max=2.05e+03 resid=1.84e-01
progress N=2 step 36250/277470 13.1% t=109.10496 eta_s=50268.7 E=-0.96110573 P=0.78163867 dP=-0.21802022 r12=7.96171308 Vg=0.00002024 norm=1.00000000 rank=29/256 sv_max=2.05e+03 resid=1.85e-01
progress N=2 step 36500/277470 13.2% t=109.22996 eta_s=50224.4 E=-0.96065342 P=0.78126827 dP=-0.21839062 r12=7.96013290 Vg=0.00002024 norm=1.00000000 rank=29/256 sv_max=2.05e+03 resid=1.86e-01
progress N=2 step 36750/277470 13.2% t=109.35496 eta_s=50178.0 E=-0.96020178 P=0.78088925 dP=-0.21876964 r12=7.95852721 Vg=0.00002023 norm=1.00000000 rank=29/256 sv_max=2.06e+03 resid=1.88e-01
progress N=2 step 37000/277470 13.3% t=109.47996 eta_s=50129.9 E=-0.95975064 P=0.78050363 dP=-0.21915526 r12=7.95690179 Vg=0.00002020 norm=1.00000000 rank=29/256 sv_max=2.06e+03 resid=1.89e-01
progress N=2 step 37250/277470 13.4% t=109.60496 eta_s=50080.2 E=-0.95930054 P=0.78011359 dP=-0.21954530 r12=7.95526439 Vg=0.00002015 norm=1.00000000 rank=29/256 sv_max=2.07e+03 resid=1.91e-01
progress N=2 step 37500/277470 13.5% t=109.72996 eta_s=50030.7 E=-0.95885085 P=0.77972142 dP=-0.21993747 r12=7.95362390 Vg=0.00002009 norm=1.00000000 rank=29/256 sv_max=2.08e+03 resid=1.93e-01
progress N=2 step 37750/277470 13.6% t=109.85496 eta_s=49978.6 E=-0.95840200 P=0.77932959 dP=-0.22032930 r12=7.95198921 Vg=0.00002001 norm=1.00000000 rank=29/256 sv_max=2.09e+03 resid=1.94e-01
progress N=2 step 38000/277470 13.7% t=109.97996 eta_s=49912.1 E=-0.95795381 P=0.77894061 dP=-0.22071828 r12=7.95036830 Vg=0.00001992 norm=1.00000000 rank=29/256 sv_max=2.10e+03 resid=1.96e-01
progress N=2 step 38250/277470 13.8% t=110.10496 eta_s=49858.5 E=-0.95750615 P=0.77855690 dP=-0.22110199 r12=7.94876751 Vg=0.00001983 norm=1.00000000 rank=29/256 sv_max=2.11e+03 resid=1.98e-01
progress N=2 step 38500/277470 13.9% t=110.22996 eta_s=49813.1 E=-0.95705938 P=0.77818055 dP=-0.22147834 r12=7.94719141 Vg=0.00001973 norm=1.00000000 rank=29/256 sv_max=2.11e+03 resid=1.99e-01
progress N=2 step 38750/277470 14.0% t=110.35496 eta_s=49771.7 E=-0.95661307 P=0.77781312 dP=-0.22184578 r12=7.94564290 Vg=0.00001964 norm=1.00000000 rank=29/256 sv_max=2.11e+03 resid=2.00e-01
progress N=2 step 39000/277470 14.1% t=110.47996 eta_s=49731.8 E=-0.95616759 P=0.77745545 dP=-0.22220344 r12=7.94412366 Vg=0.00001955 norm=1.00000000 rank=29/256 sv_max=2.12e+03 resid=2.00e-01
progress N=2 step 39250/277470 14.1% t=110.60496 eta_s=49691.9 E=-0.95572275 P=0.77710770 dP=-0.22255119 r12=7.94263470 Vg=0.00001947 norm=1.00000000 rank=29/256 sv_max=2.12e+03 resid=2.00e-01
progress N=2 step 39500/277470 14.2% t=110.72996 eta_s=49644.9 E=-0.95527849 P=0.77676937 dP=-0.22288952 r12=7.94117675 Vg=0.00001940 norm=1.00000000 rank=29/256 sv_max=2.11e+03 resid=2.00e-01
progress N=2 step 39750/277470 14.3% t=110.85496 eta_s=49600.5 E=-0.95483514 P=0.77643945 dP=-0.22321944 r12=7.93975061 Vg=0.00001934 norm=1.00000000 rank=29/256 sv_max=2.11e+03 resid=1.99e-01
progress N=2 step 40000/277470 14.4% t=110.97996 eta_s=49556.2 E=-0.95439226 P=0.77611655 dP=-0.22354234 r12=7.93835708 Vg=0.00001929 norm=1.00000000 rank=29/256 sv_max=2.11e+03 resid=1.97e-01
progress N=2 step 40250/277470 14.5% t=111.10496 eta_s=49511.1 E=-0.95395023 P=0.77579903 dP=-0.22385986 r12=7.93699674 Vg=0.00001924 norm=1.00000000 rank=29/256 sv_max=2.11e+03 resid=1.95e-01
progress N=2 step 40500/277470 14.6% t=111.22996 eta_s=49463.5 E=-0.95350883 P=0.77548508 dP=-0.22417381 r12=7.93566947 Vg=0.00001920 norm=1.00000000 rank=29/256 sv_max=2.11e+03 resid=1.93e-01
progress N=2 step 40750/277470 14.7% t=111.35496 eta_s=49418.7 E=-0.95306799 P=0.77517281 dP=-0.22448608 r12=7.93437385 Vg=0.00001916 norm=1.00000000 rank=29/256 sv_max=2.10e+03 resid=1.91e-01
progress N=2 step 41000/277470 14.8% t=111.47996 eta_s=49375.4 E=-0.95262803 P=0.77486024 dP=-0.22479865 r12=7.93310673 Vg=0.00001911 norm=1.00000000 rank=29/256 sv_max=2.10e+03 resid=1.88e-01
progress N=2 step 41250/277470 14.9% t=111.60496 eta_s=49332.9 E=-0.95218852 P=0.77454544 dP=-0.22511345 r12=7.93186300 Vg=0.00001906 norm=1.00000000 rank=29/256 sv_max=2.09e+03 resid=1.85e-01
progress N=2 step 41500/277470 15.0% t=111.72996 eta_s=49287.5 E=-0.95174983 P=0.77422651 dP=-0.22543238 r12=7.93063576 Vg=0.00001899 norm=1.00000000 rank=29/256 sv_max=2.08e+03 resid=1.81e-01
progress N=2 step 41750/277470 15.0% t=111.85496 eta_s=49228.0 E=-0.95131174 P=0.77390172 dP=-0.22575717 r12=7.92941657 Vg=0.00001892 norm=1.00000000 rank=29/256 sv_max=2.07e+03 resid=1.77e-01
progress N=2 step 42000/277470 15.1% t=111.97996 eta_s=49178.8 E=-0.95087420 P=0.77356956 dP=-0.22608933 r12=7.92819597 Vg=0.00001884 norm=1.00000000 rank=29/256 sv_max=2.07e+03 resid=1.73e-01
progress N=2 step 42250/277470 15.2% t=112.10496 eta_s=49134.5 E=-0.95043754 P=0.77322882 dP=-0.22643007 r12=7.92696388 Vg=0.00001875 norm=1.00000000 rank=29/256 sv_max=2.06e+03 resid=1.68e-01
progress N=2 step 42500/277470 15.3% t=112.22996 eta_s=49091.4 E=-0.95000133 P=0.77287867 dP=-0.22678023 r12=7.92571015 Vg=0.00001867 norm=1.00000000 rank=29/256 sv_max=2.05e+03 resid=1.63e-01
progress N=2 step 42750/277470 15.4% t=112.35496 eta_s=49041.0 E=-0.94956595 P=0.77251865 dP=-0.22714024 r12=7.92442503 Vg=0.00001860 norm=1.00000000 rank=29/256 sv_max=2.05e+03 resid=1.58e-01
progress N=2 step 43000/277470 15.5% t=112.47996 eta_s=48986.6 E=-0.94913121 P=0.77214864 dP=-0.22751025 r12=7.92309989 Vg=0.00001856 norm=1.00000000 rank=29/256 sv_max=2.05e+03 resid=1.53e-01
progress N=2 step 43250/277470 15.6% t=112.60496 eta_s=48941.2 E=-0.94869705 P=0.77176867 dP=-0.22789022 r12=7.92172803 Vg=0.00001853 norm=1.00000000 rank=29/256 sv_max=2.05e+03 resid=1.49e-01
progress N=2 step 43500/277470 15.7% t=112.72996 eta_s=48891.1 E=-0.94826381 P=0.77137884 dP=-0.22828005 r12=7.92030562 Vg=0.00001854 norm=1.00000000 rank=29/256 sv_max=2.06e+03 resid=1.46e-01
progress N=2 step 43750/277470 15.8% t=112.85496 eta_s=48847.0 E=-0.94783109 P=0.77097919 dP=-0.22867970 r12=7.91883252 Vg=0.00001857 norm=1.00000000 rank=29/256 sv_max=2.07e+03 resid=1.43e-01
progress N=2 step 44000/277470 15.9% t=112.97996 eta_s=48804.7 E=-0.94739924 P=0.77056973 dP=-0.22908916 r12=7.91731280 Vg=0.00001863 norm=1.00000000 rank=29/256 sv_max=2.08e+03 resid=1.40e-01
progress N=2 step 44250/277470 15.9% t=113.10496 eta_s=48761.3 E=-0.94696811 P=0.77015051 dP=-0.22950838 r12=7.91575480 Vg=0.00001872 norm=1.00000000 rank=29/256 sv_max=2.10e+03 resid=1.38e-01
progress N=2 step 44500/277470 16.0% t=113.22996 eta_s=48718.9 E=-0.94653761 P=0.76972170 dP=-0.22993719 r12=7.91417060 Vg=0.00001884 norm=1.00000000 rank=29/256 sv_max=2.12e+03 resid=1.36e-01
progress N=2 step 44750/277470 16.1% t=113.35496 eta_s=48672.7 E=-0.94610811 P=0.76928368 dP=-0.23037521 r12=7.91257502 Vg=0.00001896 norm=1.00000000 rank=29/256 sv_max=2.14e+03 resid=1.34e-01
progress N=2 step 45000/277470 16.2% t=113.47996 eta_s=48624.6 E=-0.94567919 P=0.76883706 dP=-0.23082184 r12=7.91098435 Vg=0.00001910 norm=1.00000000 rank=29/256 sv_max=2.16e+03 resid=1.33e-01
progress N=2 step 45250/277470 16.3% t=113.60496 eta_s=48578.5 E=-0.94525118 P=0.76838259 dP=-0.23127630 r12=7.90941497 Vg=0.00001923 norm=1.00000000 rank=29/256 sv_max=2.18e+03 resid=1.31e-01
progress N=2 step 45500/277470 16.4% t=113.72996 eta_s=48532.9 E=-0.94482394 P=0.76792115 dP=-0.23173774 r12=7.90788200 Vg=0.00001936 norm=1.00000000 rank=29/256 sv_max=2.20e+03 resid=1.30e-01
progress N=2 step 45750/277470 16.5% t=113.85496 eta_s=48488.8 E=-0.94439736 P=0.76745364 dP=-0.23220525 r12=7.90639828 Vg=0.00001948 norm=1.00000000 rank=29/256 sv_max=2.21e+03 resid=1.29e-01
progress N=2 step 46000/277470 16.6% t=113.97996 eta_s=48444.1 E=-0.94397185 P=0.76698089 dP=-0.23267800 r12=7.90497369 Vg=0.00001959 norm=1.00000000 rank=29/256 sv_max=2.22e+03 resid=1.28e-01
progress N=2 step 46250/277470 16.7% t=114.10496 eta_s=48400.9 E=-0.94354696 P=0.76650368 dP=-0.23315521 r12=7.90361493 Vg=0.00001968 norm=1.00000000 rank=29/256 sv_max=2.23e+03 resid=1.27e-01
progress N=2 step 46500/277470 16.8% t=114.22996 eta_s=48356.8 E=-0.94312302 P=0.76602257 dP=-0.23363632 r12=7.90232554 Vg=0.00001976 norm=1.00000000 rank=29/256 sv_max=2.23e+03 resid=1.26e-01
progress N=2 step 46750/277470 16.8% t=114.35496 eta_s=48312.9 E=-0.94269994 P=0.76553789 dP=-0.23412100 r12=7.90110604 Vg=0.00001983 norm=1.00000000 rank=29/256 sv_max=2.23e+03 resid=1.25e-01
progress N=2 step 47000/277470 16.9% t=114.47996 eta_s=48269.0 E=-0.94227757 P=0.76504968 dP=-0.23460921 r12=7.89995421 Vg=0.00001990 norm=1.00000000 rank=29/256 sv_max=2.22e+03 resid=1.25e-01
progress N=2 step 47250/277470 17.0% t=114.60496 eta_s=48223.7 E=-0.94185638 P=0.76455762 dP=-0.23510128 r12=7.89886521 Vg=0.00001996 norm=1.00000000 rank=29/256 sv_max=2.22e+03 resid=1.25e-01
progress N=2 step 47500/277470 17.1% t=114.72996 eta_s=48179.6 E=-0.94143590 P=0.76406102 dP=-0.23559787 r12=7.89783189 Vg=0.00002002 norm=1.00000000 rank=29/256 sv_max=2.21e+03 resid=1.25e-01
progress N=2 step 47750/277470 17.2% t=114.85496 eta_s=48134.5 E=-0.94101642 P=0.76355890 dP=-0.23609999 r12=7.89684515 Vg=0.00002009 norm=1.00000000 rank=29/256 sv_max=2.21e+03 resid=1.26e-01
progress N=2 step 48000/277470 17.3% t=114.97996 eta_s=48090.0 E=-0.94059790 P=0.76305002 dP=-0.23660887 r12=7.89589452 Vg=0.00002017 norm=1.00000000 rank=29/256 sv_max=2.20e+03 resid=1.27e-01
progress N=2 step 48250/277470 17.4% t=115.10496 eta_s=48045.5 E=-0.94018015 P=0.76253302 dP=-0.23712587 r12=7.89496897 Vg=0.00002026 norm=1.00000000 rank=29/256 sv_max=2.19e+03 resid=1.28e-01
progress N=2 step 48500/277470 17.5% t=115.22996 eta_s=47997.0 E=-0.93976355 P=0.76200658 dP=-0.23765231 r12=7.89405789 Vg=0.00002036 norm=1.00000000 rank=29/256 sv_max=2.18e+03 resid=1.30e-01
progress N=2 step 48750/277470 17.6% t=115.35496 eta_s=47947.6 E=-0.93934773 P=0.76146966 dP=-0.23818923 r12=7.89315190 Vg=0.00002048 norm=1.00000000 rank=29/256 sv_max=2.17e+03 resid=1.31e-01
progress N=2 step 49000/277470 17.7% t=115.47996 eta_s=47889.2 E=-0.93893283 P=0.76092165 dP=-0.23873724 r12=7.89224345 Vg=0.00002062 norm=1.00000000 rank=29/256 sv_max=2.17e+03 resid=1.33e-01
progress N=2 step 49250/277470 17.7% t=115.60496 eta_s=47837.2 E=-0.93851887 P=0.76036248 dP=-0.23929641 r12=7.89132699 Vg=0.00002078 norm=1.00000000 rank=29/256 sv_max=2.16e+03 resid=1.35e-01
progress N=2 step 49500/277470 17.8% t=115.72996 eta_s=47791.4 E=-0.93810569 P=0.75979269 dP=-0.23986621 r12=7.89039883 Vg=0.00002097 norm=1.00000000 rank=29/256 sv_max=2.16e+03 resid=1.37e-01
progress N=2 step 49750/277470 17.9% t=115.85496 eta_s=47744.0 E=-0.93769356 P=0.75921334 dP=-0.24044555 r12=7.88945661 Vg=0.00002119 norm=1.00000000 rank=29/256 sv_max=2.16e+03 resid=1.39e-01
progress N=2 step 50000/277470 18.0% t=115.97996 eta_s=47697.2 E=-0.93728220 P=0.75862593 dP=-0.24103296 r12=7.88849867 Vg=0.00002143 norm=1.00000000 rank=29/256 sv_max=2.15e+03 resid=1.40e-01
progress N=2 step 50250/277470 18.1% t=116.10496 eta_s=47651.1 E=-0.93687172 P=0.75803223 dP=-0.24162666 r12=7.88752325 Vg=0.00002168 norm=1.00000000 rank=29/256 sv_max=2.15e+03 resid=1.41e-01
progress N=2 step 50500/277470 18.2% t=116.22996 eta_s=47605.3 E=-0.93646217 P=0.75743415 dP=-0.24222474 r12=7.88652811 Vg=0.00002196 norm=1.00000000 rank=29/256 sv_max=2.16e+03 resid=1.42e-01
progress N=2 step 50750/277470 18.3% t=116.35496 eta_s=47553.2 E=-0.93605337 P=0.75683524 dP=-0.24282365 r12=7.88550537 Vg=0.00002226 norm=1.00000000 rank=30/256 sv_max=2.16e+03 resid=1.42e-01
progress N=2 step 51000/277470 18.4% t=116.47996 eta_s=47505.2 E=-0.93564558 P=0.75623633 dP=-0.24342256 r12=7.88442772 Vg=0.00002258 norm=1.00000000 rank=29/256 sv_max=2.17e+03 resid=1.42e-01
progress N=2 step 51250/277470 18.5% t=116.60496 eta_s=47459.8 E=-0.93523858 P=0.75563846 dP=-0.24402044 r12=7.88333136 Vg=0.00002294 norm=1.00000000 rank=29/256 sv_max=2.18e+03 resid=1.41e-01
progress N=2 step 51500/277470 18.6% t=116.72996 eta_s=47414.0 E=-0.93483242 P=0.75504312 dP=-0.24461577 r12=7.88220770 Vg=0.00002332 norm=1.00000000 rank=29/256 sv_max=2.19e+03 resid=1.40e-01
progress N=2 step 51750/277470 18.7% t=116.85496 eta_s=47365.4 E=-0.93442724 P=0.75445198 dP=-0.24520691 r12=7.88105014 Vg=0.00002372 norm=1.00000000 rank=29/256 sv_max=2.20e+03 resid=1.40e-01
progress N=2 step 52000/277470 18.7% t=116.97996 eta_s=47317.9 E=-0.93402282 P=0.75386655 dP=-0.24579234 r12=7.87986392 Vg=0.00002414 norm=1.00000000 rank=29/256 sv_max=2.22e+03 resid=1.40e-01
progress N=2 step 52250/277470 18.8% t=117.10496 eta_s=47269.2 E=-0.93361941 P=0.75328715 dP=-0.24637174 r12=7.87865871 Vg=0.00002455 norm=1.00000000 rank=29/256 sv_max=2.24e+03 resid=1.41e-01
progress N=2 step 52500/277470 18.9% t=117.22996 eta_s=47223.1 E=-0.93321686 P=0.75271355 dP=-0.24694534 r12=7.87744392 Vg=0.00002497 norm=1.00000000 rank=29/256 sv_max=2.26e+03 resid=1.41e-01
progress N=2 step 52750/277470 19.0% t=117.35496 eta_s=47170.3 E=-0.93281517 P=0.75214608 dP=-0.24751281 r12=7.87622961 Vg=0.00002537 norm=1.00000000 rank=29/256 sv_max=2.27e+03 resid=1.42e-01
progress N=2 step 53000/277470 19.1% t=117.47996 eta_s=47115.9 E=-0.93241450 P=0.75158555 dP=-0.24807334 r12=7.87502858 Vg=0.00002576 norm=1.00000000 rank=29/256 sv_max=2.29e+03 resid=1.43e-01
progress N=2 step 53250/277470 19.2% t=117.60496 eta_s=47063.6 E=-0.93201463 P=0.75103242 dP=-0.24862647 r12=7.87385532 Vg=0.00002613 norm=1.00000000 rank=29/256 sv_max=2.30e+03 resid=1.44e-01
progress N=2 step 53500/277470 19.3% t=117.72996 eta_s=47016.1 E=-0.93161574 P=0.75048631 dP=-0.24917258 r12=7.87272262 Vg=0.00002647 norm=1.00000000 rank=29/256 sv_max=2.31e+03 resid=1.45e-01
progress N=2 step 53750/277470 19.4% t=117.85496 eta_s=46968.8 E=-0.93121773 P=0.74994651 dP=-0.24971238 r12=7.87164013 Vg=0.00002677 norm=1.00000000 rank=29/256 sv_max=2.31e+03 resid=1.45e-01
progress N=2 step 54000/277470 19.5% t=117.97996 eta_s=46921.0 E=-0.93082054 P=0.74941260 dP=-0.25024629 r12=7.87061556 Vg=0.00002704 norm=1.00000000 rank=29/256 sv_max=2.32e+03 resid=1.44e-01
progress N=2 step 54250/277470 19.6% t=118.10496 eta_s=46873.7 E=-0.93042437 P=0.74888444 dP=-0.25077445 r12=7.86965572 Vg=0.00002727 norm=1.00000000 rank=29/256 sv_max=2.32e+03 resid=1.43e-01
progress N=2 step 54500/277470 19.6% t=118.22996 eta_s=46825.7 E=-0.93002897 P=0.74836162 dP=-0.25129728 r12=7.86876500 Vg=0.00002748 norm=1.00000000 rank=29/256 sv_max=2.31e+03 resid=1.41e-01
progress N=2 step 54750/277470 19.7% t=118.35496 eta_s=46778.3 E=-0.92963449 P=0.74784308 dP=-0.25181581 r12=7.86794279 Vg=0.00002766 norm=1.00000000 rank=29/256 sv_max=2.30e+03 resid=1.39e-01
progress N=2 step 55000/277470 19.8% t=118.47996 eta_s=46730.6 E=-0.92924090 P=0.74732724 dP=-0.25233165 r12=7.86718239 Vg=0.00002781 norm=1.00000000 rank=29/256 sv_max=2.29e+03 resid=1.36e-01
progress N=2 step 55250/277470 19.9% t=118.60496 eta_s=46682.3 E=-0.92884809 P=0.74681238 dP=-0.25284651 r12=7.86647263 Vg=0.00002795 norm=1.00000000 rank=29/256 sv_max=2.28e+03 resid=1.33e-01
progress N=2 step 55500/277470 20.0% t=118.72996 eta_s=46627.4 E=-0.92845633 P=0.74629663 dP=-0.25336226 r12=7.86579987 Vg=0.00002808 norm=1.00000000 rank=29/256 sv_max=2.27e+03 resid=1.29e-01
progress N=2 step 55750/277470 20.1% t=118.85496 eta_s=46576.6 E=-0.92806537 P=0.74577782 dP=-0.25388107 r12=7.86514883 Vg=0.00002821 norm=1.00000000 rank=29/256 sv_max=2.25e+03 resid=1.26e-01
progress N=2 step 56000/277470 20.2% t=118.97996 eta_s=46529.4 E=-0.92767536 P=0.74525325 dP=-0.25440564 r12=7.86450268 Vg=0.00002834 norm=1.00000000 rank=29/256 sv_max=2.25e+03 resid=1.23e-01
progress N=2 step 56250/277470 20.3% t=119.10496 eta_s=46481.5 E=-0.92728632 P=0.74471997 dP=-0.25493892 r12=7.86384374 Vg=0.00002848 norm=1.00000000 rank=29/256 sv_max=2.24e+03 resid=1.21e-01
progress N=2 step 56500/277470 20.4% t=119.22996 eta_s=46430.5 E=-0.92689812 P=0.74417528 dP=-0.25548361 r12=7.86315509 Vg=0.00002862 norm=1.00000000 rank=29/256 sv_max=2.24e+03 resid=1.19e-01
progress N=2 step 56750/277470 20.5% t=119.35496 eta_s=46381.4 E=-0.92651102 P=0.74361720 dP=-0.25604169 r12=7.86242293 Vg=0.00002879 norm=1.00000000 rank=29/256 sv_max=2.25e+03 resid=1.18e-01
progress N=2 step 57000/277470 20.5% t=119.47996 eta_s=46332.6 E=-0.92612479 P=0.74304464 dP=-0.25661425 r12=7.86163803 Vg=0.00002897 norm=1.00000000 rank=29/256 sv_max=2.27e+03 resid=1.17e-01
progress N=2 step 57250/277470 20.6% t=119.60496 eta_s=46282.7 E=-0.92573951 P=0.74245710 dP=-0.25720179 r12=7.86079543 Vg=0.00002917 norm=1.00000000 rank=29/256 sv_max=2.29e+03 resid=1.16e-01
progress N=2 step 57500/277470 20.7% t=119.72996 eta_s=46229.7 E=-0.92535528 P=0.74185443 dP=-0.25780446 r12=7.85989303 Vg=0.00002938 norm=1.00000000 rank=29/256 sv_max=2.31e+03 resid=1.16e-01
progress N=2 step 57750/277470 20.8% t=119.85496 eta_s=46180.1 E=-0.92497190 P=0.74123679 dP=-0.25842210 r12=7.85893066 Vg=0.00002962 norm=1.00000000 rank=29/256 sv_max=2.32e+03 resid=1.16e-01
progress N=2 step 58000/277470 20.9% t=119.97996 eta_s=46131.8 E=-0.92458959 P=0.74060490 dP=-0.25905399 r12=7.85791019 Vg=0.00002987 norm=1.00000000 rank=29/256 sv_max=2.34e+03 resid=1.17e-01
progress N=2 step 58250/277470 21.0% t=120.10496 eta_s=46083.8 E=-0.92420818 P=0.73996016 dP=-0.25969873 r12=7.85683632 Vg=0.00003012 norm=1.00000000 rank=29/256 sv_max=2.36e+03 resid=1.19e-01
progress N=2 step 58500/277470 21.1% t=120.22996 eta_s=46036.7 E=-0.92382766 P=0.73930475 dP=-0.26035414 r12=7.85571675 Vg=0.00003037 norm=1.00000000 rank=29/256 sv_max=2.37e+03 resid=1.21e-01
progress N=2 step 58750/277470 21.2% t=120.35496 eta_s=45988.2 E=-0.92344813 P=0.73864136 dP=-0.26101753 r12=7.85456114 Vg=0.00003061 norm=1.00000000 rank=29/256 sv_max=2.39e+03 resid=1.22e-01
progress N=2 step 59000/277470 21.3% t=120.47996 eta_s=45940.1 E=-0.92306942 P=0.73797303 dP=-0.26168586 r12=7.85337968 Vg=0.00003082 norm=1.00000000 rank=29/256 sv_max=2.41e+03 resid=1.24e-01
progress N=2 step 59250/277470 21.4% t=120.60496 eta_s=45891.4 E=-0.92269161 P=0.73730300 dP=-0.26235589 r12=7.85218242 Vg=0.00003100 norm=1.00000000 rank=29/256 sv_max=2.42e+03 resid=1.26e-01
progress N=2 step 59500/277470 21.4% t=120.72996 eta_s=45843.0 E=-0.92231467 P=0.73663464 dP=-0.26302425 r12=7.85097954 Vg=0.00003116 norm=1.00000000 rank=29/256 sv_max=2.43e+03 resid=1.28e-01
progress N=2 step 59750/277470 21.5% t=120.85496 eta_s=45795.3 E=-0.92193856 P=0.73597126 dP=-0.26368763 r12=7.84978216 Vg=0.00003129 norm=1.00000000 rank=29/256 sv_max=2.43e+03 resid=1.31e-01
progress N=2 step 60000/277470 21.6% t=120.97996 eta_s=45746.9 E=-0.92156337 P=0.73531580 dP=-0.26434309 r12=7.84860216 Vg=0.00003140 norm=1.00000000 rank=29/256 sv_max=2.44e+03 resid=1.34e-01
progress N=2 step 60250/277470 21.7% t=121.10496 eta_s=45698.9 E=-0.92118900 P=0.73467149 dP=-0.26498740 r12=7.84744382 Vg=0.00003149 norm=1.00000000 rank=29/256 sv_max=2.44e+03 resid=1.36e-01
progress N=2 step 60500/277470 21.8% t=121.22996 eta_s=45646.7 E=-0.92081551 P=0.73403903 dP=-0.26561986 r12=7.84631767 Vg=0.00003159 norm=1.00000000 rank=29/256 sv_max=2.44e+03 resid=1.39e-01
progress N=2 step 60750/277470 21.9% t=121.35496 eta_s=45597.0 E=-0.92044292 P=0.73341852 dP=-0.26624037 r12=7.84523790 Vg=0.00003168 norm=1.00000000 rank=29/256 sv_max=2.45e+03 resid=1.42e-01
progress N=2 step 61000/277470 22.0% t=121.47996 eta_s=45540.9 E=-0.92007117 P=0.73281020 dP=-0.26684869 r12=7.84421051 Vg=0.00003178 norm=1.00000000 rank=29/256 sv_max=2.45e+03 resid=1.45e-01
progress N=2 step 61250/277470 22.1% t=121.60496 eta_s=45482.9 E=-0.91970036 P=0.73221425 dP=-0.26744464 r12=7.84324096 Vg=0.00003186 norm=1.00000000 rank=29/256 sv_max=2.45e+03 resid=1.48e-01
progress N=2 step 61500/277470 22.2% t=121.72996 eta_s=45432.1 E=-0.91933040 P=0.73163035 dP=-0.26802854 r12=7.84233741 Vg=0.00003193 norm=1.00000000 rank=29/256 sv_max=2.45e+03 resid=1.52e-01
progress N=2 step 61750/277470 22.3% t=121.85496 eta_s=45381.3 E=-0.91896132 P=0.73105747 dP=-0.26860143 r12=7.84150625 Vg=0.00003195 norm=1.00000000 rank=29/256 sv_max=2.44e+03 resid=1.55e-01
progress N=2 step 62000/277470 22.3% t=121.97996 eta_s=45330.6 E=-0.91859315 P=0.73049415 dP=-0.26916474 r12=7.84074823 Vg=0.00003193 norm=1.00000000 rank=29/256 sv_max=2.43e+03 resid=1.59e-01
progress N=2 step 62250/277470 22.4% t=122.10496 eta_s=45280.0 E=-0.91822581 P=0.72993902 dP=-0.26971987 r12=7.84005783 Vg=0.00003185 norm=1.00000000 rank=29/256 sv_max=2.42e+03 resid=1.62e-01
progress N=2 step 62500/277470 22.5% t=122.22996 eta_s=45229.7 E=-0.91785939 P=0.72939103 dP=-0.27026786 r12=7.83942385 Vg=0.00003172 norm=1.00000000 rank=29/256 sv_max=2.40e+03 resid=1.64e-01
progress N=2 step 62750/277470 22.6% t=122.35496 eta_s=45178.9 E=-0.91749380 P=0.72884946 dP=-0.27080943 r12=7.83883067 Vg=0.00003153 norm=1.00000000 rank=29/256 sv_max=2.38e+03 resid=1.66e-01
progress N=2 step 63000/277470 22.7% t=122.47996 eta_s=45128.0 E=-0.91712905 P=0.72831398 dP=-0.27134491 r12=7.83826060 Vg=0.00003132 norm=1.00000000 rank=29/256 sv_max=2.37e+03 resid=1.67e-01
progress N=2 step 63250/277470 22.8% t=122.60496 eta_s=45077.7 E=-0.91676517 P=0.72778451 dP=-0.27187438 r12=7.83769706 Vg=0.00003108 norm=1.00000000 rank=29/256 sv_max=2.35e+03 resid=1.66e-01
progress N=2 step 63500/277470 22.9% t=122.72996 eta_s=45026.6 E=-0.91640207 P=0.72726058 dP=-0.27239831 r12=7.83712585 Vg=0.00003083 norm=1.00000000 rank=29/256 sv_max=2.34e+03 resid=1.64e-01
progress N=2 step 63750/277470 23.0% t=122.85496 eta_s=44975.1 E=-0.91603983 P=0.72674067 dP=-0.27291822 r12=7.83653362 Vg=0.00003059 norm=1.00000000 rank=29/256 sv_max=2.33e+03 resid=1.62e-01
progress N=2 step 64000/277470 23.1% t=122.97996 eta_s=44923.0 E=-0.91567839 P=0.72622213 dP=-0.27343676 r12=7.83590567 Vg=0.00003037 norm=1.00000000 rank=29/256 sv_max=2.33e+03 resid=1.61e-01
progress N=2 step 64250/277470 23.2% t=123.10496 eta_s=44868.0 E=-0.91531774 P=0.72570229 dP=-0.27395660 r12=7.83522614 Vg=0.00003019 norm=1.00000000 rank=29/256 sv_max=2.32e+03 resid=1.59e-01
progress N=2 step 64500/277470 23.2% t=123.22996 eta_s=44816.4 E=-0.91495794 P=0.72518050 dP=-0.27447839 r12=7.83447761 Vg=0.00003004 norm=1.00000000 rank=29/256 sv_max=2.33e+03 resid=1.57e-01
progress N=2 step 64750/277470 23.3% t=123.35496 eta_s=44765.1 E=-0.91459892 P=0.72466171 dP=-0.27499718 r12=7.83373545 Vg=0.00002984 norm=1.00000000 rank=30/256 sv_max=2.36e+03 resid=1.50e-01
progress N=2 step 65000/277470 23.4% t=123.47996 eta_s=44709.8 E=-0.91424079 P=0.72412873 dP=-0.27553016 r12=7.83297261 Vg=0.00002962 norm=1.00000000 rank=29/256 sv_max=2.39e+03 resid=1.51e-01
progress N=2 step 65250/277470 23.5% t=123.60496 eta_s=44656.4 E=-0.91388347 P=0.72357675 dP=-0.27608214 r12=7.83198365 Vg=0.00002958 norm=1.00000000 rank=29/256 sv_max=2.40e+03 resid=1.52e-01
progress N=2 step 65500/277470 23.6% t=123.72996 eta_s=44602.3 E=-0.91352691 P=0.72300588 dP=-0.27665301 r12=7.83090289 Vg=0.00002961 norm=1.00000000 rank=29/256 sv_max=2.44e+03 resid=1.52e-01
progress N=2 step 65750/277470 23.7% t=123.85496 eta_s=44550.1 E=-0.91317119 P=0.72242441 dP=-0.27723448 r12=7.82974250 Vg=0.00002969 norm=1.00000000 rank=29/256 sv_max=2.48e+03 resid=1.53e-01
progress N=2 step 66000/277470 23.8% t=123.97996 eta_s=44498.4 E=-0.91281620 P=0.72184094 dP=-0.27781795 r12=7.82854265 Vg=0.00002979 norm=1.00000000 rank=29/256 sv_max=2.51e+03 resid=1.53e-01
progress N=2 step 66250/277470 23.9% t=124.10496 eta_s=44447.1 E=-0.91246198 P=0.72125744 dP=-0.27840145 r12=7.82731065 Vg=0.00002992 norm=1.00000000 rank=29/256 sv_max=2.53e+03 resid=1.54e-01
progress N=2 step 66500/277470 24.0% t=124.22996 eta_s=44395.8 E=-0.91210854 P=0.72067396 dP=-0.27898493 r12=7.82603116 Vg=0.00003008 norm=1.00000000 rank=29/256 sv_max=2.54e+03 resid=1.56e-01
progress N=2 step 66750/277470 24.1% t=124.35496 eta_s=44336.4 E=-0.91175583 P=0.72009371 dP=-0.27956518 r12=7.82470920 Vg=0.00003026 norm=1.00000000 rank=29/256 sv_max=2.55e+03 resid=1.58e-01
progress N=2 step 67000/277470 24.1% t=124.47996 eta_s=44283.6 E=-0.91140388 P=0.71952169 dP=-0.28013720 r12=7.82340927 Vg=0.00003037 norm=1.00000000 rank=29/256 sv_max=2.56e+03 resid=1.60e-01
progress N=2 step 67250/277470 24.2% t=124.60496 eta_s=44231.8 E=-0.91105264 P=0.71895958 dP=-0.28069931 r12=7.82214110 Vg=0.00003041 norm=1.00000000 rank=29/256 sv_max=2.57e+03 resid=1.61e-01
progress N=2 step 67500/277470 24.3% t=124.72996 eta_s=44180.1 E=-0.91070211 P=0.71840732 dP=-0.28125157 r12=7.82088048 Vg=0.00003042 norm=1.00000000 rank=29/256 sv_max=2.57e+03 resid=1.63e-01
progress N=2 step 67750/277470 24.4% t=124.85496 eta_s=44125.2 E=-0.91035233 P=0.71786445 dP=-0.28179444 r12=7.81963900 Vg=0.00003041 norm=1.00000000 rank=29/256 sv_max=2.58e+03 resid=1.64e-01
progress N=2 step 68000/277470 24.5% t=124.97996 eta_s=44070.5 E=-0.91000322 P=0.71733275 dP=-0.28232614 r12=7.81844457 Vg=0.00003036 norm=1.00000000 rank=29/256 sv_max=2.59e+03 resid=1.65e-01
progress N=2 step 68250/277470 24.6% t=125.10496 eta_s=44019.4 E=-0.90965485 P=0.71681569 dP=-0.28284320 r12=7.81731345 Vg=0.00003026 norm=1.00000000 rank=29/256 sv_max=2.60e+03 resid=1.65e-01
progress N=2 step 68500/277470 24.7% t=125.22996 eta_s=43967.5 E=-0.90930720 P=0.71631484 dP=-0.28334405 r12=7.81625175 Vg=0.00003012 norm=1.00000000 rank=29/256 sv_max=2.60e+03 resid=1.66e-01
progress N=2 step 68750/277470 24.8% t=125.35496 eta_s=43916.4 E=-0.90896026 P=0.71582979 dP=-0.28382910 r12=7.81525674 Vg=0.00002994 norm=1.00000000 rank=29/256 sv_max=2.59e+03 resid=1.68e-01
progress N=2 step 69000/277470 24.9% t=125.47996 eta_s=43865.6 E=-0.90861411 P=0.71535937 dP=-0.28429952 r12=7.81432707 Vg=0.00002974 norm=1.00000000 rank=29/256 sv_max=2.57e+03 resid=1.69e-01
progress N=2 step 69250/277470 25.0% t=125.60496 eta_s=43814.3 E=-0.90826868 P=0.71490216 dP=-0.28475673 r12=7.81350218 Vg=0.00002948 norm=1.00000000 rank=29/256 sv_max=2.55e+03 resid=1.71e-01
progress N=2 step 69500/277470 25.0% t=125.72996 eta_s=43757.7 E=-0.90792395 P=0.71445401 dP=-0.28520488 r12=7.81276472 Vg=0.00002916 norm=1.00000000 rank=30/256 sv_max=2.53e+03 resid=1.70e-01
progress N=2 step 69750/277470 25.1% t=125.85496 eta_s=43703.4 E=-0.90757993 P=0.71401015 dP=-0.28564874 r12=7.81207879 Vg=0.00002883 norm=1.00000000 rank=29/256 sv_max=2.51e+03 resid=1.73e-01
progress N=2 step 70000/277470 25.2% t=125.97996 eta_s=43651.7 E=-0.90723659 P=0.71356757 dP=-0.28609132 r12=7.81142100 Vg=0.00002852 norm=1.00000000 rank=29/256 sv_max=2.50e+03 resid=1.73e-01
progress N=2 step 70250/277470 25.3% t=126.10496 eta_s=43600.1 E=-0.90689383 P=0.71312648 dP=-0.28653241 r12=7.81077494 Vg=0.00002826 norm=1.00000000 rank=29/256 sv_max=2.50e+03 resid=1.72e-01
progress N=2 step 70500/277470 25.4% t=126.22996 eta_s=43546.8 E=-0.90655168 P=0.71268879 dP=-0.28697010 r12=7.81013139 Vg=0.00002803 norm=1.00000000 rank=29/256 sv_max=2.50e+03 resid=1.72e-01
progress N=2 step 70750/277470 25.5% t=126.35496 eta_s=43494.7 E=-0.90621012 P=0.71225532 dP=-0.28740357 r12=7.80947500 Vg=0.00002786 norm=1.00000000 rank=29/256 sv_max=2.50e+03 resid=1.72e-01
progress N=2 step 71000/277470 25.6% t=126.47996 eta_s=43442.8 E=-0.90586912 P=0.71182476 dP=-0.28783413 r12=7.80878490 Vg=0.00002773 norm=1.00000000 rank=29/256 sv_max=2.49e+03 resid=1.73e-01
progress N=2 step 71250/277470 25.7% t=126.60496 eta_s=43391.0 E=-0.90552875 P=0.71139447 dP=-0.28826442 r12=7.80804430 Vg=0.00002765 norm=1.00000000 rank=29/256 sv_max=2.48e+03 resid=1.76e-01
progress N=2 step 71500/277470 25.8% t=126.72996 eta_s=43338.4 E=-0.90518893 P=0.71096165 dP=-0.28869725 r12=7.80723942 Vg=0.00002758 norm=1.00000000 rank=29/256 sv_max=2.47e+03 resid=1.80e-01
progress N=2 step 71750/277470 25.9% t=126.85496 eta_s=43286.0 E=-0.90484973 P=0.71052417 dP=-0.28913472 r12=7.80635151 Vg=0.00002754 norm=1.00000000 rank=29/256 sv_max=2.46e+03 resid=1.83e-01
progress N=2 step 72000/277470 25.9% t=126.97996 eta_s=43235.4 E=-0.90451113 P=0.71008060 dP=-0.28957829 r12=7.80535822 Vg=0.00002753 norm=1.00000000 rank=29/256 sv_max=2.47e+03 resid=1.86e-01
progress N=2 step 72250/277470 26.0% t=127.10496 eta_s=43183.6 E=-0.90417307 P=0.70962963 dP=-0.29002926 r12=7.80424386 Vg=0.00002759 norm=1.00000000 rank=29/256 sv_max=2.48e+03 resid=1.87e-01
progress N=2 step 72500/277470 26.1% t=127.22996 eta_s=43131.5 E=-0.90383562 P=0.70917134 dP=-0.29048755 r12=7.80299668 Vg=0.00002773 norm=1.00000000 rank=29/256 sv_max=2.49e+03 resid=1.89e-01
progress N=2 step 72750/277470 26.2% t=127.35496 eta_s=43081.3 E=-0.90349870 P=0.70870675 dP=-0.29095214 r12=7.80161015 Vg=0.00002794 norm=1.00000000 rank=29/256 sv_max=2.49e+03 resid=1.91e-01
progress N=2 step 73000/277470 26.3% t=127.47996 eta_s=43031.0 E=-0.90316232 P=0.70823711 dP=-0.29142178 r12=7.80008639 Vg=0.00002823 norm=1.00000000 rank=29/256 sv_max=2.50e+03 resid=1.97e-01
progress N=2 step 73250/277470 26.4% t=127.60496 eta_s=42977.0 E=-0.90282647 P=0.70776126 dP=-0.29189763 r12=7.79845543 Vg=0.00002854 norm=1.00000000 rank=29/256 sv_max=2.50e+03 resid=2.05e-01
progress N=2 step 73500/277470 26.5% t=127.72996 eta_s=42920.4 E=-0.90249109 P=0.70728248 dP=-0.29237641 r12=7.79672985 Vg=0.00002887 norm=1.00000000 rank=29/256 sv_max=2.51e+03 resid=2.15e-01
progress N=2 step 73750/277470 26.6% t=127.85496 eta_s=42869.7 E=-0.90215624 P=0.70680394 dP=-0.29285495 r12=7.79493436 Vg=0.00002923 norm=1.00000000 rank=29/256 sv_max=2.53e+03 resid=2.27e-01
progress N=2 step 74000/277470 26.7% t=127.97996 eta_s=42818.5 E=-0.90182188 P=0.70633033 dP=-0.29332856 r12=7.79309697 Vg=0.00002961 norm=1.00000000 rank=29/256 sv_max=2.55e+03 resid=2.39e-01
progress N=2 step 74250/277470 26.8% t=128.10496 eta_s=42763.3 E=-0.90148800 P=0.70586540 dP=-0.29379349 r12=7.79124875 Vg=0.00002999 norm=1.00000000 rank=29/256 sv_max=2.58e+03 resid=2.50e-01
progress N=2 step 74500/277470 26.8% t=128.22996 eta_s=42712.0 E=-0.90115463 P=0.70541254 dP=-0.29424636 r12=7.78941897 Vg=0.00003036 norm=1.00000000 rank=29/256 sv_max=2.60e+03 resid=2.61e-01
progress N=2 step 74750/277470 26.9% t=128.35496 eta_s=42661.1 E=-0.90082168 P=0.70497413 dP=-0.29468476 r12=7.78763358 Vg=0.00003069 norm=1.00000000 rank=29/256 sv_max=2.61e+03 resid=2.71e-01
progress N=2 step 75000/277470 27.0% t=128.47996 eta_s=42610.8 E=-0.90048921 P=0.70455157 dP=-0.29510732 r12=7.78591794 Vg=0.00003096 norm=1.00000000 rank=29/256 sv_max=2.61e+03 resid=2.78e-01
progress N=2 step 75250/277470 27.1% t=128.60496 eta_s=42553.2 E=-0.90015719 P=0.70414543 dP=-0.29551346 r12=7.78429523 Vg=0.00003115 norm=1.00000000 rank=29/256 sv_max=2.60e+03 resid=2.82e-01
progress N=2 step 75500/277470 27.2% t=128.72996 eta_s=42496.5 E=-0.89982560 P=0.70375505 dP=-0.29590384 r12=7.78277937 Vg=0.00003126 norm=1.00000000 rank=29/256 sv_max=2.59e+03 resid=2.81e-01
progress N=2 step 75750/277470 27.3% t=128.85496 eta_s=42438.9 E=-0.89949449 P=0.70337523 dP=-0.29628366 r12=7.78136630 Vg=0.00003131 norm=1.00000000 rank=29/256 sv_max=2.56e+03 resid=2.77e-01
progress N=2 step 76000/277470 27.4% t=128.97996 eta_s=42381.5 E=-0.89916380 P=0.70300385 dP=-0.29665504 r12=7.78005192 Vg=0.00003132 norm=1.00000000 rank=30/256 sv_max=2.54e+03 resid=2.61e-01
progress N=2 step 76250/277470 27.5% t=129.10496 eta_s=42324.3 E=-0.89883361 P=0.70264203 dP=-0.29701686 r12=7.77882904 Vg=0.00003132 norm=1.00000000 rank=29/256 sv_max=2.52e+03 resid=2.57e-01
progress N=2 step 76500/277470 27.6% t=129.22996 eta_s=42267.2 E=-0.89850393 P=0.70229109 dP=-0.29736780 r12=7.77768303 Vg=0.00003133 norm=1.00000000 rank=29/256 sv_max=2.51e+03 resid=2.44e-01
progress N=2 step 76750/277470 27.7% t=129.35496 eta_s=42210.1 E=-0.89817473 P=0.70195279 dP=-0.29770610 r12=7.77660031 Vg=0.00003137 norm=1.00000000 rank=29/256 sv_max=2.51e+03 resid=2.31e-01
progress N=2 step 77000/277470 27.8% t=129.47996 eta_s=42152.1 E=-0.89784608 P=0.70162699 dP=-0.29803191 r12=7.77557251 Vg=0.00003145 norm=1.00000000 rank=29/256 sv_max=2.52e+03 resid=2.20e-01
progress N=2 step 77250/277470 27.8% t=129.60496 eta_s=42090.4 E=-0.89751791 P=0.70131224 dP=-0.29834665 r12=7.77459878 Vg=0.00003157 norm=1.00000000 rank=29/256 sv_max=2.52e+03 resid=2.10e-01
progress N=2 step 77500/277470 27.9% t=129.72996 eta_s=42030.9 E=-0.89719028 P=0.70100509 dP=-0.29865380 r12=7.77367586 Vg=0.00003171 norm=1.00000000 rank=29/256 sv_max=2.52e+03 resid=2.03e-01
progress N=2 step 77750/277470 28.0% t=129.85496 eta_s=41969.5 E=-0.89686318 P=0.70070003 dP=-0.29895886 r12=7.77278999 Vg=0.00003184 norm=1.00000000 rank=29/256 sv_max=2.52e+03 resid=1.98e-01
progress N=2 step 78000/277470 28.1% t=129.97996 eta_s=41908.5 E=-0.89653654 P=0.70038999 dP=-0.29926890 r12=7.77191427 Vg=0.00003196 norm=1.00000000 rank=29/256 sv_max=2.51e+03 resid=1.94e-01
progress N=2 step 78250/277470 28.2% t=130.10496 eta_s=41842.0 E=-0.89621044 P=0.70006794 dP=-0.29959095 r12=7.77101586 Vg=0.00003207 norm=1.00000000 rank=29/256 sv_max=2.51e+03 resid=1.92e-01
progress N=2 step 78500/277470 28.3% t=130.22996 eta_s=41781.7 E=-0.89588479 P=0.69972779 dP=-0.29993110 r12=7.77006038 Vg=0.00003220 norm=1.00000000 rank=29/256 sv_max=2.51e+03 resid=1.89e-01
progress N=2 step 78750/277470 28.4% t=130.35496 eta_s=41724.6 E=-0.89555959 P=0.69936804 dP=-0.30029085 r12=7.76902358 Vg=0.00003234 norm=1.00000000 rank=29/256 sv_max=2.52e+03 resid=1.87e-01
progress N=2 step 79000/277470 28.5% t=130.47996 eta_s=41667.5 E=-0.89523487 P=0.69898838 dP=-0.30067051 r12=7.76787317 Vg=0.00003251 norm=1.00000000 rank=29/256 sv_max=2.53e+03 resid=1.85e-01
progress N=2 step 79250/277470 28.6% t=130.60496 eta_s=41610.3 E=-0.89491055 P=0.69859036 dP=-0.30106853 r12=7.76658332 Vg=0.00003270 norm=1.00000000 rank=29/256 sv_max=2.54e+03 resid=1.84e-01
progress N=2 step 79500/277470 28.7% t=130.72996 eta_s=41553.3 E=-0.89458671 P=0.69817638 dP=-0.30148251 r12=7.76513670 Vg=0.00003292 norm=1.00000000 rank=29/256 sv_max=2.55e+03 resid=1.84e-01
progress N=2 step 79750/277470 28.7% t=130.85496 eta_s=41496.2 E=-0.89426333 P=0.69774963 dP=-0.30190926 r12=7.76352880 Vg=0.00003313 norm=1.00000000 rank=29/256 sv_max=2.56e+03 resid=1.85e-01
progress N=2 step 80000/277470 28.8% t=130.97996 eta_s=41439.1 E=-0.89394038 P=0.69731334 dP=-0.30234555 r12=7.76176543 Vg=0.00003333 norm=1.00000000 rank=29/256 sv_max=2.56e+03 resid=1.87e-01
progress N=2 step 80250/277470 28.9% t=131.10496 eta_s=41381.9 E=-0.89361795 P=0.69686997 dP=-0.30278892 r12=7.75985610 Vg=0.00003354 norm=1.00000000 rank=29/256 sv_max=2.57e+03 resid=1.89e-01
progress N=2 step 80500/277470 29.0% t=131.22996 eta_s=41324.6 E=-0.89329589 P=0.69642052 dP=-0.30323837 r12=7.75780832 Vg=0.00003377 norm=1.00000000 rank=29/256 sv_max=2.58e+03 resid=1.92e-01
progress N=2 step 80750/277470 29.1% t=131.35496 eta_s=41267.6 E=-0.89297432 P=0.69596455 dP=-0.30369434 r12=7.75562999 Vg=0.00003406 norm=1.00000000 rank=29/256 sv_max=2.59e+03 resid=1.95e-01
progress N=2 step 81000/277470 29.2% t=131.47996 eta_s=41210.8 E=-0.89265319 P=0.69550211 dP=-0.30415678 r12=7.75333494 Vg=0.00003442 norm=1.00000000 rank=29/256 sv_max=2.60e+03 resid=1.98e-01
progress N=2 step 81250/277470 29.3% t=131.60496 eta_s=41153.9 E=-0.89233238 P=0.69503424 dP=-0.30462466 r12=7.75094264 Vg=0.00003487 norm=1.00000000 rank=29/256 sv_max=2.62e+03 resid=2.04e-01
progress N=2 step 81500/277470 29.4% t=131.72996 eta_s=41096.9 E=-0.89201206 P=0.69456315 dP=-0.30509574 r12=7.74847913 Vg=0.00003540 norm=1.00000000 rank=29/256 sv_max=2.64e+03 resid=2.11e-01
progress N=2 step 81750/277470 29.5% t=131.85496 eta_s=41037.5 E=-0.89169207 P=0.69409195 dP=-0.30556694 r12=7.74597699 Vg=0.00003600 norm=1.00000000 rank=29/256 sv_max=2.66e+03 resid=2.21e-01
progress N=2 step 82000/277470 29.6% t=131.97996 eta_s=40977.7 E=-0.89137249 P=0.69362407 dP=-0.30603482 r12=7.74347505 Vg=0.00003664 norm=1.00000000 rank=29/256 sv_max=2.67e+03 resid=2.33e-01
progress N=2 step 82250/277470 29.6% t=132.10496 eta_s=40920.3 E=-0.89105340 P=0.69316296 dP=-0.30649593 r12=7.74101571 Vg=0.00003726 norm=1.00000000 rank=29/256 sv_max=2.68e+03 resid=2.48e-01
progress N=2 step 82500/277470 29.7% t=132.22996 eta_s=40863.6 E=-0.89073461 P=0.69270920 dP=-0.30694969 r12=7.73862232 Vg=0.00003781 norm=1.00000000 rank=29/256 sv_max=2.68e+03 resid=2.65e-01
progress N=2 step 82750/277470 29.8% t=132.35496 eta_s=40802.9 E=-0.89041634 P=0.69226328 dP=-0.30739561 r12=7.73631100 Vg=0.00003826 norm=1.00000000 rank=29/256 sv_max=2.66e+03 resid=2.84e-01
progress N=2 step 83000/277470 29.9% t=132.47996 eta_s=40745.9 E=-0.89009842 P=0.69183087 dP=-0.30782802 r12=7.73395317 Vg=0.00003887 norm=1.00000000 rank=30/256 sv_max=2.65e+03 resid=2.93e-01
progress N=2 step 83250/277470 30.0% t=132.60496 eta_s=40689.2 E=-0.88978095 P=0.69143884 dP=-0.30822005 r12=7.73173086 Vg=0.00003964 norm=1.00000000 rank=30/256 sv_max=2.67e+03 resid=2.89e-01
progress N=2 step 83500/277470 30.1% t=132.72996 eta_s=40628.5 E=-0.88946406 P=0.69106812 dP=-0.30859078 r12=7.72972415 Vg=0.00004016 norm=1.00000000 rank=30/256 sv_max=2.69e+03 resid=2.75e-01
progress N=2 step 83750/277470 30.2% t=132.85496 eta_s=40572.0 E=-0.88914749 P=0.69070287 dP=-0.30895603 r12=7.72791639 Vg=0.00004025 norm=1.00000000 rank=30/256 sv_max=2.66e+03 resid=2.67e-01
progress N=2 step 84000/277470 30.3% t=132.97996 eta_s=40515.4 E=-0.88883145 P=0.69033170 dP=-0.30932719 r12=7.72627626 Vg=0.00003996 norm=1.00000000 rank=30/256 sv_max=2.60e+03 resid=2.70e-01
progress N=2 step 84250/277470 30.4% t=133.10496 eta_s=40459.1 E=-0.88851577 P=0.68994860 dP=-0.30971029 r12=7.72472260 Vg=0.00003950 norm=1.00000000 rank=30/256 sv_max=2.55e+03 resid=2.75e-01
progress N=2 step 84500/277470 30.5% t=133.22996 eta_s=40402.9 E=-0.88820041 P=0.68956110 dP=-0.31009779 r12=7.72324657 Vg=0.00003904 norm=1.00000000 rank=30/256 sv_max=2.54e+03 resid=2.74e-01
progress N=2 step 84750/277470 30.5% t=133.35496 eta_s=40346.9 E=-0.88788549 P=0.68918500 dP=-0.31047389 r12=7.72189219 Vg=0.00003867 norm=1.00000000 rank=30/256 sv_max=2.55e+03 resid=2.61e-01
progress N=2 step 85000/277470 30.6% t=133.47996 eta_s=40287.1 E=-0.88757085 P=0.68883108 dP=-0.31082781 r12=7.72066539 Vg=0.00003847 norm=1.00000000 rank=30/256 sv_max=2.58e+03 resid=2.42e-01
progress N=2 step 85250/277470 30.7% t=133.60496 eta_s=40225.0 E=-0.88725683 P=0.68849334 dP=-0.31116555 r12=7.71950716 Vg=0.00003847 norm=1.00000000 rank=30/256 sv_max=2.61e+03 resid=2.26e-01
progress N=2 step 85500/277470 30.8% t=133.72996 eta_s=40168.7 E=-0.88694345 P=0.68815716 dP=-0.31150173 r12=7.71834338 Vg=0.00003854 norm=1.00000000 rank=30/256 sv_max=2.60e+03 resid=2.17e-01
progress N=2 step 85750/277470 30.9% t=133.85496 eta_s=40112.6 E=-0.88663066 P=0.68781092 dP=-0.31184798 r12=7.71713227 Vg=0.00003852 norm=1.00000000 rank=30/256 sv_max=2.57e+03 resid=2.14e-01
progress N=2 step 86000/277470 31.0% t=133.97996 eta_s=40056.7 E=-0.88631857 P=0.68744549 dP=-0.31221340 r12=7.71585993 Vg=0.00003833 norm=1.00000000 rank=30/256 sv_max=2.53e+03 resid=2.13e-01
progress N=2 step 86250/277470 31.1% t=134.10496 eta_s=40001.0 E=-0.88600690 P=0.68705434 dP=-0.31260455 r12=7.71450821 Vg=0.00003802 norm=1.00000000 rank=30/256 sv_max=2.50e+03 resid=2.10e-01
progress N=2 step 86500/277470 31.2% t=134.22996 eta_s=39945.5 E=-0.88569570 P=0.68663743 dP=-0.31302146 r12=7.71304016 Vg=0.00003781 norm=1.00000000 rank=30/256 sv_max=2.49e+03 resid=2.02e-01
progress N=2 step 86750/277470 31.3% t=134.35496 eta_s=39890.2 E=-0.88538490 P=0.68620367 dP=-0.31345522 r12=7.71143826 Vg=0.00003791 norm=1.00000000 rank=30/256 sv_max=2.52e+03 resid=1.91e-01
progress N=2 step 87000/277470 31.4% t=134.47996 eta_s=39834.8 E=-0.88507444 P=0.68576144 dP=-0.31389745 r12=7.70970590 Vg=0.00003835 norm=1.00000000 rank=30/256 sv_max=2.57e+03 resid=1.82e-01
progress N=2 step 87250/277470 31.4% t=134.60496 eta_s=39779.3 E=-0.88476454 P=0.68531434 dP=-0.31434455 r12=7.70782862 Vg=0.00003896 norm=1.00000000 rank=30/256 sv_max=2.61e+03 resid=1.79e-01
progress N=2 step 87500/277470 31.5% t=134.72996 eta_s=39723.7 E=-0.88445509 P=0.68486039 dP=-0.31479850 r12=7.70576888 Vg=0.00003961 norm=1.00000000 rank=30/256 sv_max=2.61e+03 resid=1.84e-01
progress N=2 step 87750/277470 31.6% t=134.85496 eta_s=39668.0 E=-0.88414622 P=0.68439234 dP=-0.31526655 r12=7.70350142 Vg=0.00004016 norm=1.00000000 rank=30/256 sv_max=2.59e+03 resid=1.92e-01
progress N=2 step 88000/277470 31.7% t=134.97996 eta_s=39607.4 E=-0.88383791 P=0.68390745 dP=-0.31575144 r12=7.70107263 Vg=0.00004045 norm=1.00000000 rank=30/256 sv_max=2.57e+03 resid=2.00e-01
progress N=2 step 88250/277470 31.8% t=135.10496 eta_s=39547.3 E=-0.88353001 P=0.68340802 dP=-0.31625087 r12=7.69853949 Vg=0.00004046 norm=1.00000000 rank=30/256 sv_max=2.56e+03 resid=2.04e-01
progress N=2 step 88500/277470 31.9% t=135.22996 eta_s=39487.8 E=-0.88322267 P=0.68289933 dP=-0.31675956 r12=7.69589560 Vg=0.00004041 norm=1.00000000 rank=30/256 sv_max=2.58e+03 resid=2.01e-01
progress N=2 step 88750/277470 32.0% t=135.35496 eta_s=39430.6 E=-0.88291578 P=0.68239282 dP=-0.31726608 r12=7.69317832 Vg=0.00004054 norm=1.00000000 rank=30/256 sv_max=2.62e+03 resid=1.92e-01
progress N=2 step 89000/277470 32.1% t=135.47996 eta_s=39374.3 E=-0.88260948 P=0.68188940 dP=-0.31776949 r12=7.69042590 Vg=0.00004082 norm=1.00000000 rank=30/256 sv_max=2.67e+03 resid=1.83e-01
progress N=2 step 89250/277470 32.2% t=135.60496 eta_s=39318.9 E=-0.88230384 P=0.68138221 dP=-0.31827668 r12=7.68761024 Vg=0.00004111 norm=1.00000000 rank=30/256 sv_max=2.70e+03 resid=1.79e-01
progress N=2 step 89500/277470 32.3% t=135.72996 eta_s=39263.5 E=-0.88199868 P=0.68086347 dP=-0.31879542 r12=7.68470717 Vg=0.00004128 norm=1.00000000 rank=30/256 sv_max=2.70e+03 resid=1.81e-01
progress N=2 step 89750/277470 32.3% t=135.85496 eta_s=39208.4 E=-0.88169415 P=0.68033113 dP=-0.31932776 r12=7.68175132 Vg=0.00004123 norm=1.00000000 rank=30/256 sv_max=2.68e+03 resid=1.88e-01
progress N=2 step 90000/277470 32.4% t=135.97996 eta_s=39153.1 E=-0.88139006 P=0.67979039 dP=-0.31986850 r12=7.67879449 Vg=0.00004096 norm=1.00000000 rank=30/256 sv_max=2.66e+03 resid=1.98e-01
progress N=2 step 90250/277470 32.5% t=136.10496 eta_s=39097.9 E=-0.88108643 P=0.67924563 dP=-0.32041326 r12=7.67581785 Vg=0.00004075 norm=1.00000000 rank=30/256 sv_max=2.64e+03 resid=2.07e-01
progress N=2 step 90500/277470 32.6% t=136.22996 eta_s=39042.7 E=-0.88078336 P=0.67872224 dP=-0.32093665 r12=7.67289028 Vg=0.00004094 norm=1.00000000 rank=30/256 sv_max=2.66e+03 resid=2.10e-01
progress N=2 step 90750/277470 32.7% t=136.35496 eta_s=38986.3 E=-0.88048071 P=0.67824294 dP=-0.32141595 r12=7.67020421 Vg=0.00004144 norm=1.00000000 rank=31/256 sv_max=2.71e+03 resid=2.04e-01
progress N=2 step 91000/277470 32.8% t=136.47996 eta_s=38927.0 E=-0.88017884 P=0.67779335 dP=-0.32186554 r12=7.66773918 Vg=0.00004204 norm=1.00000000 rank=31/256 sv_max=2.77e+03 resid=1.95e-01
progress N=2 step 91250/277470 32.9% t=136.60496 eta_s=38871.6 E=-0.87987759 P=0.67735794 dP=-0.32230095 r12=7.66543651 Vg=0.00004260 norm=1.00000000 rank=31/256 sv_max=2.78e+03 resid=1.88e-01
progress N=2 step 91500/277470 33.0% t=136.72996 eta_s=38816.1 E=-0.87957697 P=0.67691988 dP=-0.32273901 r12=7.66328125 Vg=0.00004291 norm=1.00000000 rank=31/256 sv_max=2.75e+03 resid=1.84e-01
progress N=2 step 91750/277470 33.1% t=136.85496 eta_s=38757.5 E=-0.87927708 P=0.67646719 dP=-0.32319170 r12=7.66127907 Vg=0.00004281 norm=1.00000000 rank=31/256 sv_max=2.69e+03 resid=1.81e-01
progress N=2 step 92000/277470 33.2% t=136.97996 eta_s=38701.0 E=-0.87897748 P=0.67600401 dP=-0.32365488 r12=7.65946840 Vg=0.00004216 norm=1.00000000 rank=31/256 sv_max=2.63e+03 resid=1.77e-01
progress N=2 step 92250/277470 33.2% t=137.10496 eta_s=38641.7 E=-0.87867842 P=0.67553245 dP=-0.32412645 r12=7.65781691 Vg=0.00004109 norm=1.00000000 rank=31/256 sv_max=2.57e+03 resid=1.75e-01
progress N=2 step 92500/277470 33.3% t=137.22996 eta_s=38584.4 E=-0.87837969 P=0.67504661 dP=-0.32461228 r12=7.65621990 Vg=0.00004011 norm=1.00000000 rank=31/256 sv_max=2.50e+03 resid=1.71e-01
progress N=2 step 92750/277470 33.4% t=137.35496 eta_s=38529.2 E=-0.87808135 P=0.67456603 dP=-0.32509286 r12=7.65465375 Vg=0.00003952 norm=1.00000000 rank=31/256 sv_max=2.46e+03 resid=1.68e-01
progress N=2 step 93000/277470 33.5% t=137.47996 eta_s=38474.3 E=-0.87778369 P=0.67410231 dP=-0.32555658 r12=7.65313385 Vg=0.00003935 norm=1.00000000 rank=31/256 sv_max=2.51e+03 resid=1.59e-01
progress N=2 step 93250/277470 33.6% t=137.60496 eta_s=38418.9 E=-0.87748650 P=0.67366095 dP=-0.32599794 r12=7.65163913 Vg=0.00003940 norm=1.00000000 rank=30/256 sv_max=2.58e+03 resid=1.51e-01
progress N=2 step 93500/277470 33.7% t=137.72996 eta_s=38361.8 E=-0.87719015 P=0.67323041 dP=-0.32642849 r12=7.65007011 Vg=0.00003952 norm=1.00000000 rank=30/256 sv_max=2.60e+03 resid=1.47e-01
progress N=2 step 93750/277470 33.8% t=137.85496 eta_s=38306.3 E=-0.87689453 P=0.67279060 dP=-0.32686829 r12=7.64836757 Vg=0.00003959 norm=1.00000000 rank=30/256 sv_max=2.58e+03 resid=1.49e-01
progress N=2 step 94000/277470 33.9% t=137.97996 eta_s=38251.2 E=-0.87659956 P=0.67232920 dP=-0.32732969 r12=7.64654086 Vg=0.00003956 norm=1.00000000 rank=30/256 sv_max=2.54e+03 resid=1.54e-01
progress N=2 step 94250/277470 34.0% t=138.10496 eta_s=38193.9 E=-0.87630543 P=0.67184841 dP=-0.32781048 r12=7.64465838 Vg=0.00003935 norm=1.00000000 rank=30/256 sv_max=2.51e+03 resid=1.58e-01
progress N=2 step 94500/277470 34.1% t=138.22996 eta_s=38136.4 E=-0.87601172 P=0.67134792 dP=-0.32831097 r12=7.64274691 Vg=0.00003902 norm=1.00000000 rank=30/256 sv_max=2.51e+03 resid=1.61e-01
progress N=2 step 94750/277470 34.1% t=138.35496 eta_s=38081.4 E=-0.87571870 P=0.67081559 dP=-0.32884330 r12=7.64072473 Vg=0.00003892 norm=1.00000000 rank=30/256 sv_max=2.50e+03 resid=1.62e-01
progress N=2 step 95000/277470 34.2% t=138.47996 eta_s=38026.4 E=-0.87542630 P=0.67026048 dP=-0.32939841 r12=7.63859958 Vg=0.00003911 norm=1.00000000 rank=30/256 sv_max=2.51e+03 resid=1.63e-01
progress N=2 step 95250/277470 34.3% t=138.60496 eta_s=37971.7 E=-0.87513451 P=0.66968144 dP=-0.32997745 r12=7.63636443 Vg=0.00003953 norm=1.00000000 rank=30/256 sv_max=2.56e+03 resid=1.62e-01
