job_id=605823
array_job_id=605823
array_task_id=1
job_name=vs3n2st3
partition=epyc
node_list=doom
excluded_nodes=bar
workdir=/home/gyqyan/zexuan/ecg1d_code/1D_thouless_pumping
cpus_per_task=32
mem_per_node=16384
binary=./build/ecg1d_vs3_n2_dt001_staged_full
case_label=gauss_sigma1p500
mode=gauss
sigma=1.5
planning_estimate=staged local dt: shoulders dt/10, core dt/20, 277470 steps; 32-core benchmark gauss ~0.23 s/step near s=0.25
start_time=2026-07-09T16:31:01+08:00
config=legacy_prb_3_3_n2_pathpad_K32_dt0p01_staged_gauss_sigma1p500 lambda_C=1.00e-08 rcond=1.00e-04 | TDVP param dimension=256
progress N=2 step 0/277470 0.0% t=0.00000 eta_s=nan E=-2.15314997 P=0.99965889 dP=0.00000000 r12=8.04559382 Vg=0.00000106 norm=1.00000000 rank=-1/256 sv_max=nan resid=nan
initial t=0.00000 tau=0.00000 E=-2.1531499678 <X>/a=0.9996588910 norm=1.0000000000 V_gauss=0.0000010585
progress N=2 step 250/277470 0.1% t=2.50000 eta_s=59859.3 E=-2.14296894 P=0.98909688 dP=-0.01056201 r12=8.04540292 Vg=0.00000117 norm=1.00000000 rank=35/256 sv_max=1.07e+02 resid=6.73e-03
progress N=2 step 500/277470 0.2% t=5.00000 eta_s=59559.3 E=-2.11775329 P=0.98050444 dP=-0.01915445 r12=8.04557943 Vg=0.00000114 norm=1.00000000 rank=37/256 sv_max=1.03e+02 resid=3.77e-02
progress N=2 step 750/277470 0.3% t=7.50000 eta_s=59706.3 E=-2.07650003 P=0.96857434 dP=-0.03108455 r12=8.04635594 Vg=0.00000116 norm=1.00000000 rank=35/256 sv_max=9.44e+01 resid=9.43e-03
progress N=2 step 1000/277470 0.4% t=10.00000 eta_s=59550.6 E=-2.02660507 P=0.96258586 dP=-0.03707303 r12=8.04570521 Vg=0.00000114 norm=1.00000000 rank=34/256 sv_max=1.03e+02 resid=3.53e-02
progress N=2 step 1250/277470 0.5% t=12.50000 eta_s=59466.7 E=-1.96894200 P=0.95119112 dP=-0.04846777 r12=8.04786066 Vg=0.00000101 norm=1.00000000 rank=34/256 sv_max=1.12e+02 resid=1.18e-02
progress N=2 step 1500/277470 0.5% t=15.00000 eta_s=59544.3 E=-1.90971387 P=0.94721943 dP=-0.05243946 r12=8.04606035 Vg=0.00000117 norm=1.00000000 rank=34/256 sv_max=1.07e+02 resid=3.76e-02
progress N=2 step 1750/277470 0.6% t=17.50000 eta_s=59033.7 E=-1.84891169 P=0.93727265 dP=-0.06238624 r12=8.05059166 Vg=0.00000125 norm=1.00000000 rank=37/256 sv_max=1.15e+02 resid=1.26e-02
progress N=2 step 2000/277470 0.7% t=20.00000 eta_s=58966.9 E=-1.79076045 P=0.93352868 dP=-0.06613021 r12=8.04823984 Vg=0.00000212 norm=1.00000000 rank=36/256 sv_max=1.28e+02 resid=4.45e-02
progress N=2 step 2250/277470 0.8% t=22.50000 eta_s=58965.9 E=-1.73406004 P=0.92719192 dP=-0.07246697 r12=8.05137283 Vg=0.00000344 norm=1.00000000 rank=36/256 sv_max=1.05e+02 resid=1.93e-02
progress N=2 step 2500/277470 0.9% t=25.00000 eta_s=59085.1 E=-1.68126333 P=0.92111084 dP=-0.07854805 r12=8.05325683 Vg=0.00000614 norm=1.00000000 rank=34/256 sv_max=1.31e+02 resid=4.91e-02
progress N=2 step 2750/277470 1.0% t=27.50000 eta_s=59118.1 E=-1.63140800 P=0.91870194 dP=-0.08095695 r12=8.04184851 Vg=0.00000943 norm=1.00000000 rank=34/256 sv_max=1.18e+02 resid=4.47e-02
progress N=2 step 3000/277470 1.1% t=30.00000 eta_s=59153.9 E=-1.58486352 P=0.91254162 dP=-0.08711727 r12=8.06777766 Vg=0.00001085 norm=1.00000000 rank=35/256 sv_max=1.36e+02 resid=3.21e-02
progress N=2 step 3250/277470 1.2% t=32.50000 eta_s=59189.9 E=-1.54192190 P=0.90843193 dP=-0.09122696 r12=8.03512231 Vg=0.00001223 norm=1.00000000 rank=34/256 sv_max=1.48e+02 resid=5.30e-02
progress N=2 step 3500/277470 1.3% t=35.00000 eta_s=59034.9 E=-1.50167333 P=0.90702726 dP=-0.09263163 r12=8.05534443 Vg=0.00001402 norm=1.00000000 rank=34/256 sv_max=1.47e+02 resid=4.01e-02
progress N=2 step 3750/277470 1.4% t=37.50000 eta_s=58967.3 E=-1.46438520 P=0.90096965 dP=-0.09868924 r12=8.06242564 Vg=0.00001522 norm=1.00000000 rank=34/256 sv_max=1.65e+02 resid=5.55e-02
progress N=2 step 4000/277470 1.4% t=40.00000 eta_s=58918.2 E=-1.42977044 P=0.89911070 dP=-0.10054820 r12=8.04560669 Vg=0.00001341 norm=1.00000000 rank=34/256 sv_max=1.75e+02 resid=1.07e-01
progress N=2 step 4250/277470 1.5% t=42.50000 eta_s=58951.9 E=-1.39745179 P=0.89527266 dP=-0.10438623 r12=8.03627228 Vg=0.00001174 norm=1.00000000 rank=33/256 sv_max=1.90e+02 resid=6.08e-02
progress N=2 step 4500/277470 1.6% t=45.00000 eta_s=58961.5 E=-1.36740151 P=0.89176212 dP=-0.10789677 r12=8.07294201 Vg=0.00001299 norm=1.00000000 rank=34/256 sv_max=1.98e+02 resid=8.40e-02
progress N=2 step 4750/277470 1.7% t=47.50000 eta_s=58948.1 E=-1.33924541 P=0.89021301 dP=-0.10944588 r12=8.05198840 Vg=0.00001381 norm=1.00000000 rank=34/256 sv_max=2.04e+02 resid=7.79e-02
progress N=2 step 5000/277470 1.8% t=50.00000 eta_s=58942.9 E=-1.31277871 P=0.88727049 dP=-0.11238840 r12=8.03983843 Vg=0.00001340 norm=1.00000000 rank=33/256 sv_max=2.17e+02 resid=8.89e-02
progress N=2 step 5250/277470 1.9% t=52.50000 eta_s=58890.1 E=-1.28804301 P=0.88188537 dP=-0.11777352 r12=8.04426020 Vg=0.00001429 norm=1.00000000 rank=34/256 sv_max=2.45e+02 resid=6.03e-02
progress N=2 step 5500/277470 2.0% t=55.00000 eta_s=58880.3 E=-1.26494558 P=0.87816526 dP=-0.12149363 r12=8.05944340 Vg=0.00001704 norm=1.00000000 rank=34/256 sv_max=2.60e+02 resid=1.31e-01
progress N=2 step 5750/277470 2.1% t=57.50000 eta_s=58833.4 E=-1.24303748 P=0.87873675 dP=-0.12092214 r12=8.05417929 Vg=0.00001730 norm=1.00000000 rank=34/256 sv_max=2.60e+02 resid=1.35e-01
progress N=2 step 6000/277470 2.2% t=60.00000 eta_s=58830.2 E=-1.22218903 P=0.87613194 dP=-0.12352695 r12=8.04193533 Vg=0.00001463 norm=1.00000000 rank=34/256 sv_max=2.65e+02 resid=1.33e-01
progress N=2 step 6250/277470 2.3% t=62.50000 eta_s=58815.5 E=-1.20248133 P=0.87181038 dP=-0.12784851 r12=8.05022703 Vg=0.00001272 norm=1.00000000 rank=34/256 sv_max=3.11e+02 resid=7.02e-02
progress N=2 step 6500/277470 2.3% t=65.00000 eta_s=58769.8 E=-1.18399401 P=0.86355794 dP=-0.13610095 r12=8.05039478 Vg=0.00001340 norm=1.00000000 rank=33/256 sv_max=5.17e+02 resid=6.01e-02
progress N=2 step 6750/277470 2.4% t=67.50000 eta_s=58750.3 E=-1.16661644 P=0.85963244 dP=-0.14002645 r12=8.07137794 Vg=0.00001197 norm=1.00000000 rank=30/256 sv_max=7.90e+02 resid=1.08e-01
progress N=2 step 7000/277470 2.5% t=70.00000 eta_s=58697.7 E=-1.15003586 P=0.85716422 dP=-0.14249467 r12=8.06744121 Vg=0.00000753 norm=1.00000000 rank=30/256 sv_max=9.79e+02 resid=1.12e-01
progress N=2 step 7250/277470 2.6% t=72.50000 eta_s=58674.9 E=-1.13412877 P=0.85730261 dP=-0.14235628 r12=8.06617291 Vg=0.00000492 norm=1.00000000 rank=29/256 sv_max=1.03e+03 resid=1.54e-01
progress N=2 step 7500/277470 2.7% t=75.00000 eta_s=58620.2 E=-1.11875569 P=0.85560399 dP=-0.14405490 r12=8.05400946 Vg=0.00000650 norm=1.00000000 rank=30/256 sv_max=1.09e+03 resid=1.10e-01
progress N=2 step 7750/277470 2.8% t=77.50000 eta_s=58591.5 E=-1.10409248 P=0.84908360 dP=-0.15057529 r12=8.06013912 Vg=0.00001244 norm=1.00000000 rank=28/256 sv_max=1.19e+03 resid=1.10e-01
progress N=2 step 8000/277470 2.9% t=80.00000 eta_s=58565.6 E=-1.09013775 P=0.84276226 dP=-0.15689663 r12=8.06280766 Vg=0.00001854 norm=1.00000000 rank=29/256 sv_max=1.28e+03 resid=7.25e-02
progress N=2 step 8250/277470 3.0% t=82.50000 eta_s=58485.8 E=-1.07691274 P=0.83439212 dP=-0.16526677 r12=8.06064080 Vg=0.00001847 norm=1.00000000 rank=29/256 sv_max=1.31e+03 resid=1.17e-01
progress N=2 step 8500/277470 3.1% t=85.00000 eta_s=58449.8 E=-1.06426900 P=0.83148956 dP=-0.16816933 r12=8.05062775 Vg=0.00001667 norm=1.00000000 rank=28/256 sv_max=1.50e+03 resid=1.28e-01
progress N=2 step 8750/277470 3.2% t=87.50000 eta_s=58401.6 E=-1.05206081 P=0.82740239 dP=-0.17225650 r12=8.03805666 Vg=0.00001102 norm=1.00000000 rank=28/256 sv_max=1.45e+03 resid=1.36e-01
progress N=2 step 9000/277470 3.2% t=90.00000 eta_s=58337.8 E=-1.04022687 P=0.82632523 dP=-0.17333366 r12=8.03007930 Vg=0.00000949 norm=1.00000000 rank=28/256 sv_max=1.52e+03 resid=1.73e-01
progress N=2 step 9250/277470 3.3% t=90.67987 eta_s=58281.4 E=-1.03705844 P=0.82605747 dP=-0.17360143 r12=8.02849562 Vg=0.00001027 norm=1.00000000 rank=29/256 sv_max=1.48e+03 resid=1.32e-01
progress N=2 step 9500/277470 3.4% t=90.92987 eta_s=58213.2 E=-1.03589860 P=0.82586609 dP=-0.17379280 r12=8.02731538 Vg=0.00001043 norm=1.00000000 rank=29/256 sv_max=1.50e+03 resid=1.34e-01
progress N=2 step 9750/277470 3.5% t=91.17987 eta_s=58193.8 E=-1.03474196 P=0.82561529 dP=-0.17404360 r12=8.02589206 Vg=0.00001060 norm=1.00000000 rank=28/256 sv_max=1.51e+03 resid=1.34e-01
progress N=2 step 10000/277470 3.6% t=91.42987 eta_s=58127.2 E=-1.03358886 P=0.82528228 dP=-0.17437661 r12=8.02442441 Vg=0.00001098 norm=1.00000000 rank=28/256 sv_max=1.53e+03 resid=1.32e-01
progress N=2 step 10250/277470 3.7% t=91.67987 eta_s=58103.4 E=-1.03243958 P=0.82485553 dP=-0.17480336 r12=8.02323068 Vg=0.00001138 norm=1.00000000 rank=28/256 sv_max=1.54e+03 resid=1.30e-01
progress N=2 step 10500/277470 3.8% t=91.92987 eta_s=58060.8 E=-1.03129422 P=0.82433105 dP=-0.17532784 r12=8.02257326 Vg=0.00001167 norm=1.00000000 rank=28/256 sv_max=1.54e+03 resid=1.26e-01
progress N=2 step 10750/277470 3.9% t=92.17987 eta_s=58038.5 E=-1.03015295 P=0.82371807 dP=-0.17594082 r12=8.02259737 Vg=0.00001196 norm=1.00000000 rank=28/256 sv_max=1.53e+03 resid=1.27e-01
progress N=2 step 11000/277470 4.0% t=92.42987 eta_s=58002.6 E=-1.02901598 P=0.82303085 dP=-0.17662804 r12=8.02321907 Vg=0.00001231 norm=1.00000000 rank=28/256 sv_max=1.53e+03 resid=1.40e-01
progress N=2 step 11250/277470 4.1% t=92.67987 eta_s=57968.2 E=-1.02788326 P=0.82229332 dP=-0.17736557 r12=8.02421201 Vg=0.00001270 norm=1.00000000 rank=28/256 sv_max=1.52e+03 resid=1.59e-01
progress N=2 step 11500/277470 4.1% t=92.92987 eta_s=57940.3 E=-1.02675494 P=0.82153166 dP=-0.17812723 r12=8.02528487 Vg=0.00001311 norm=1.00000000 rank=28/256 sv_max=1.51e+03 resid=1.69e-01
progress N=2 step 11750/277470 4.2% t=93.17987 eta_s=57890.5 E=-1.02563112 P=0.82076962 dP=-0.17888927 r12=8.02619738 Vg=0.00001350 norm=1.00000000 rank=29/256 sv_max=1.52e+03 resid=1.72e-01
progress N=2 step 12000/277470 4.3% t=93.42987 eta_s=57858.8 E=-1.02451177 P=0.82003334 dP=-0.17962555 r12=8.02688300 Vg=0.00001404 norm=1.00000000 rank=29/256 sv_max=1.52e+03 resid=1.69e-01
progress N=2 step 12250/277470 4.4% t=93.67987 eta_s=57762.2 E=-1.02339679 P=0.81935006 dP=-0.18030883 r12=8.02738704 Vg=0.00001477 norm=1.00000000 rank=29/256 sv_max=1.51e+03 resid=1.60e-01
progress N=2 step 12500/277470 4.5% t=93.92987 eta_s=57726.4 E=-1.02228602 P=0.81872892 dP=-0.18092997 r12=8.02769976 Vg=0.00001551 norm=1.00000000 rank=29/256 sv_max=1.50e+03 resid=1.51e-01
progress N=2 step 12750/277470 4.6% t=94.17987 eta_s=57649.6 E=-1.02117929 P=0.81816069 dP=-0.18149820 r12=8.02780308 Vg=0.00001632 norm=1.00000000 rank=29/256 sv_max=1.49e+03 resid=1.52e-01
progress N=2 step 13000/277470 4.7% t=94.42987 eta_s=57611.9 E=-1.02007665 P=0.81763365 dP=-0.18202524 r12=8.02781152 Vg=0.00001728 norm=1.00000000 rank=29/256 sv_max=1.48e+03 resid=1.62e-01
progress N=2 step 13250/277470 4.8% t=94.67987 eta_s=57582.8 E=-1.01897822 P=0.81713929 dP=-0.18251960 r12=8.02792746 Vg=0.00001815 norm=1.00000000 rank=29/256 sv_max=1.47e+03 resid=1.73e-01
progress N=2 step 13500/277470 4.9% t=94.92987 eta_s=57517.5 E=-1.01788436 P=0.81666461 dP=-0.18299428 r12=8.02828533 Vg=0.00001879 norm=1.00000000 rank=29/256 sv_max=1.49e+03 resid=1.68e-01
progress N=2 step 13750/277470 5.0% t=95.17987 eta_s=57445.8 E=-1.01679470 P=0.81619232 dP=-0.18346657 r12=8.02892175 Vg=0.00001949 norm=1.00000000 rank=29/256 sv_max=1.53e+03 resid=1.51e-01
progress N=2 step 14000/277470 5.0% t=95.42987 eta_s=57374.5 E=-1.01570897 P=0.81569826 dP=-0.18396063 r12=8.02982675 Vg=0.00002034 norm=1.00000000 rank=28/256 sv_max=1.57e+03 resid=1.37e-01
progress N=2 step 14250/277470 5.1% t=95.67987 eta_s=57342.6 E=-1.01462696 P=0.81515650 dP=-0.18450239 r12=8.03098142 Vg=0.00002122 norm=1.00000000 rank=29/256 sv_max=1.58e+03 resid=1.26e-01
progress N=2 step 14500/277470 5.2% t=95.92987 eta_s=57309.8 E=-1.01354853 P=0.81454675 dP=-0.18511214 r12=8.03228569 Vg=0.00002204 norm=1.00000000 rank=29/256 sv_max=1.58e+03 resid=1.18e-01
progress N=2 step 14750/277470 5.3% t=96.17987 eta_s=57268.4 E=-1.01247373 P=0.81388172 dP=-0.18577718 r12=8.03368205 Vg=0.00002280 norm=1.00000000 rank=29/256 sv_max=1.57e+03 resid=1.11e-01
progress N=2 step 15000/277470 5.4% t=96.42987 eta_s=57232.1 E=-1.01140275 P=0.81317073 dP=-0.18648816 r12=8.03508105 Vg=0.00002352 norm=1.00000000 rank=29/256 sv_max=1.57e+03 resid=1.03e-01
progress N=2 step 15250/277470 5.5% t=96.67987 eta_s=57183.0 E=-1.01033580 P=0.81240398 dP=-0.18725491 r12=8.03638943 Vg=0.00002401 norm=1.00000000 rank=29/256 sv_max=1.58e+03 resid=9.38e-02
progress N=2 step 15500/277470 5.6% t=96.92987 eta_s=57136.1 E=-1.00927315 P=0.81156595 dP=-0.18809294 r12=8.03752159 Vg=0.00002424 norm=1.00000000 rank=29/256 sv_max=1.58e+03 resid=8.71e-02
progress N=2 step 15750/277470 5.7% t=97.17987 eta_s=57082.4 E=-1.00821545 P=0.81066141 dP=-0.18899748 r12=8.03841692 Vg=0.00002429 norm=1.00000000 rank=29/256 sv_max=1.60e+03 resid=8.41e-02
progress N=2 step 16000/277470 5.8% t=97.42987 eta_s=57046.5 E=-1.00716276 P=0.80969886 dP=-0.18996003 r12=8.03903219 Vg=0.00002418 norm=1.00000000 rank=29/256 sv_max=1.59e+03 resid=8.58e-02
progress N=2 step 16250/277470 5.9% t=97.67987 eta_s=56968.9 E=-1.00611529 P=0.80868429 dP=-0.19097460 r12=8.03941402 Vg=0.00002407 norm=1.00000000 rank=28/256 sv_max=1.58e+03 resid=9.05e-02
progress N=2 step 16500/277470 5.9% t=97.92987 eta_s=56913.6 E=-1.00507306 P=0.80765816 dP=-0.19200073 r12=8.03964799 Vg=0.00002403 norm=1.00000000 rank=28/256 sv_max=1.59e+03 resid=9.33e-02
progress N=2 step 16750/277470 6.0% t=98.17987 eta_s=56874.4 E=-1.00403607 P=0.80659924 dP=-0.19305965 r12=8.03961534 Vg=0.00002427 norm=1.00000000 rank=28/256 sv_max=1.63e+03 resid=9.70e-02
progress N=2 step 17000/277470 6.1% t=98.42987 eta_s=56821.5 E=-1.00300429 P=0.80551702 dP=-0.19414187 r12=8.03943778 Vg=0.00002464 norm=1.00000000 rank=28/256 sv_max=1.66e+03 resid=1.01e-01
progress N=2 step 17250/277470 6.2% t=98.67987 eta_s=56761.4 E=-1.00197755 P=0.80441752 dP=-0.19524137 r12=8.03928063 Vg=0.00002503 norm=1.00000000 rank=28/256 sv_max=1.67e+03 resid=1.03e-01
progress N=2 step 17500/277470 6.3% t=98.92987 eta_s=56698.7 E=-1.00095589 P=0.80331266 dP=-0.19634623 r12=8.03932232 Vg=0.00002523 norm=1.00000000 rank=28/256 sv_max=1.66e+03 resid=1.06e-01
progress N=2 step 17750/277470 6.4% t=99.17987 eta_s=56656.2 E=-0.99993938 P=0.80221865 dP=-0.19744024 r12=8.03956854 Vg=0.00002526 norm=1.00000000 rank=28/256 sv_max=1.64e+03 resid=1.13e-01
progress N=2 step 18000/277470 6.5% t=99.42987 eta_s=56609.8 E=-0.99892790 P=0.80115120 dP=-0.19850769 r12=8.03998703 Vg=0.00002509 norm=1.00000000 rank=28/256 sv_max=1.61e+03 resid=1.25e-01
progress N=2 step 18250/277470 6.6% t=99.67987 eta_s=56559.0 E=-0.99792143 P=0.80010541 dP=-0.19955348 r12=8.04055434 Vg=0.00002461 norm=1.00000000 rank=28/256 sv_max=1.60e+03 resid=1.43e-01
progress N=2 step 18500/277470 6.7% t=99.92987 eta_s=56509.3 E=-0.99691978 P=0.79910651 dP=-0.20055238 r12=8.04126906 Vg=0.00002386 norm=1.00000000 rank=28/256 sv_max=1.62e+03 resid=1.59e-01
progress N=2 step 18750/277470 6.8% t=100.17987 eta_s=56457.3 E=-0.99592268 P=0.79816089 dP=-0.20149800 r12=8.04200806 Vg=0.00002328 norm=1.00000000 rank=28/256 sv_max=1.64e+03 resid=1.65e-01
progress N=2 step 19000/277470 6.8% t=100.42987 eta_s=56414.5 E=-0.99492998 P=0.79728387 dP=-0.20237502 r12=8.04265466 Vg=0.00002303 norm=1.00000000 rank=28/256 sv_max=1.64e+03 resid=1.59e-01
progress N=2 step 19250/277470 6.9% t=100.60496 eta_s=56361.6 E=-0.99423752 P=0.79670824 dP=-0.20295065 r12=8.04300360 Vg=0.00002295 norm=1.00000000 rank=28/256 sv_max=1.64e+03 resid=1.49e-01
progress N=2 step 19500/277470 7.0% t=100.72996 eta_s=56320.1 E=-0.99374417 P=0.79631220 dP=-0.20334669 r12=8.04318322 Vg=0.00002291 norm=1.00000000 rank=28/256 sv_max=1.63e+03 resid=1.41e-01
progress N=2 step 19750/277470 7.1% t=100.85496 eta_s=56275.9 E=-0.99325214 P=0.79592587 dP=-0.20373302 r12=8.04329129 Vg=0.00002285 norm=1.00000000 rank=28/256 sv_max=1.63e+03 resid=1.34e-01
progress N=2 step 20000/277470 7.2% t=100.97996 eta_s=56216.6 E=-0.99276066 P=0.79554826 dP=-0.20411063 r12=8.04331586 Vg=0.00002279 norm=1.00000000 rank=28/256 sv_max=1.62e+03 resid=1.29e-01
progress N=2 step 20250/277470 7.3% t=101.10496 eta_s=56164.3 E=-0.99227060 P=0.79517575 dP=-0.20448314 r12=8.04326752 Vg=0.00002271 norm=1.00000000 rank=28/256 sv_max=1.62e+03 resid=1.25e-01
progress N=2 step 20500/277470 7.4% t=101.22996 eta_s=56114.6 E=-0.99178117 P=0.79481463 dP=-0.20484426 r12=8.04315907 Vg=0.00002259 norm=1.00000000 rank=28/256 sv_max=1.62e+03 resid=1.24e-01
progress N=2 step 20750/277470 7.5% t=101.35496 eta_s=56065.5 E=-0.99129281 P=0.79446435 dP=-0.20519454 r12=8.04300217 Vg=0.00002244 norm=1.00000000 rank=28/256 sv_max=1.63e+03 resid=1.23e-01
progress N=2 step 21000/277470 7.6% t=101.47996 eta_s=56006.5 E=-0.99080546 P=0.79412092 dP=-0.20553797 r12=8.04280558 Vg=0.00002230 norm=1.00000000 rank=28/256 sv_max=1.64e+03 resid=1.24e-01
progress N=2 step 21250/277470 7.7% t=101.60496 eta_s=55961.9 E=-0.99031884 P=0.79377603 dP=-0.20588286 r12=8.04258709 Vg=0.00002218 norm=1.00000000 rank=28/256 sv_max=1.66e+03 resid=1.23e-01
progress N=2 step 21500/277470 7.7% t=101.72996 eta_s=55916.4 E=-0.98983362 P=0.79342412 dP=-0.20623477 r12=8.04236586 Vg=0.00002208 norm=1.00000000 rank=28/256 sv_max=1.69e+03 resid=1.23e-01
progress N=2 step 21750/277470 7.8% t=101.85496 eta_s=55865.5 E=-0.98934900 P=0.79306183 dP=-0.20659706 r12=8.04215440 Vg=0.00002199 norm=1.00000000 rank=27/256 sv_max=1.71e+03 resid=1.22e-01
progress N=2 step 22000/277470 7.9% t=101.97996 eta_s=55820.7 E=-0.98886582 P=0.79268611 dP=-0.20697278 r12=8.04195381 Vg=0.00002187 norm=1.00000000 rank=27/256 sv_max=1.73e+03 resid=1.20e-01
progress N=2 step 22250/277470 8.0% t=102.10496 eta_s=55767.7 E=-0.98838345 P=0.79229553 dP=-0.20736337 r12=8.04176020 Vg=0.00002171 norm=1.00000000 rank=27/256 sv_max=1.74e+03 resid=1.18e-01
progress N=2 step 22500/277470 8.1% t=102.22996 eta_s=55722.7 E=-0.98790217 P=0.79189024 dP=-0.20776865 r12=8.04156711 Vg=0.00002152 norm=1.00000000 rank=27/256 sv_max=1.74e+03 resid=1.17e-01
progress N=2 step 22750/277470 8.2% t=102.35496 eta_s=55667.7 E=-0.98742209 P=0.79147030 dP=-0.20818859 r12=8.04136653 Vg=0.00002129 norm=1.00000000 rank=27/256 sv_max=1.73e+03 resid=1.15e-01
progress N=2 step 23000/277470 8.3% t=102.47996 eta_s=55621.0 E=-0.98694272 P=0.79103537 dP=-0.20862352 r12=8.04115551 Vg=0.00002105 norm=1.00000000 rank=27/256 sv_max=1.70e+03 resid=1.14e-01
progress N=2 step 23250/277470 8.4% t=102.60496 eta_s=55573.3 E=-0.98646490 P=0.79058522 dP=-0.20907367 r12=8.04093560 Vg=0.00002074 norm=1.00000000 rank=28/256 sv_max=1.67e+03 resid=1.14e-01
progress N=2 step 23500/277470 8.5% t=102.72996 eta_s=55516.5 E=-0.98598770 P=0.79012262 dP=-0.20953627 r12=8.04071922 Vg=0.00002034 norm=1.00000000 rank=28/256 sv_max=1.65e+03 resid=1.15e-01
progress N=2 step 23750/277470 8.6% t=102.85496 eta_s=55455.8 E=-0.98551176 P=0.78964214 dP=-0.21001675 r12=8.04059873 Vg=0.00001991 norm=1.00000000 rank=29/256 sv_max=1.62e+03 resid=1.07e-01
progress N=2 step 24000/277470 8.6% t=102.97996 eta_s=55400.0 E=-0.98503666 P=0.78913905 dP=-0.21051984 r12=8.04054935 Vg=0.00001940 norm=1.00000000 rank=29/256 sv_max=1.57e+03 resid=1.08e-01
progress N=2 step 24250/277470 8.7% t=103.10496 eta_s=55353.7 E=-0.98456236 P=0.78861746 dP=-0.21104143 r12=8.04047668 Vg=0.00001900 norm=1.00000000 rank=29/256 sv_max=1.54e+03 resid=1.11e-01
progress N=2 step 24500/277470 8.8% t=103.22996 eta_s=55299.1 E=-0.98408922 P=0.78810272 dP=-0.21155617 r12=8.04036632 Vg=0.00001861 norm=1.00000000 rank=29/256 sv_max=1.54e+03 resid=1.15e-01
progress N=2 step 24750/277470 8.9% t=103.35496 eta_s=55222.0 E=-0.98361665 P=0.78760156 dP=-0.21205733 r12=8.04021492 Vg=0.00001832 norm=1.00000000 rank=29/256 sv_max=1.58e+03 resid=1.16e-01
progress N=2 step 25000/277470 9.0% t=103.47996 eta_s=55146.5 E=-0.98314554 P=0.78708507 dP=-0.21257382 r12=8.04001075 Vg=0.00001815 norm=1.00000000 rank=29/256 sv_max=1.62e+03 resid=1.15e-01
progress N=2 step 25250/277470 9.1% t=103.60496 eta_s=55077.9 E=-0.98267516 P=0.78655717 dP=-0.21310173 r12=8.03975773 Vg=0.00001812 norm=1.00000000 rank=29/256 sv_max=1.66e+03 resid=1.12e-01
progress N=2 step 25500/277470 9.2% t=103.72996 eta_s=55031.1 E=-0.98220594 P=0.78602493 dP=-0.21363396 r12=8.03945621 Vg=0.00001819 norm=1.00000000 rank=29/256 sv_max=1.68e+03 resid=1.08e-01
progress N=2 step 25750/277470 9.3% t=103.85496 eta_s=54974.6 E=-0.98173790 P=0.78549957 dP=-0.21415932 r12=8.03911739 Vg=0.00001828 norm=1.00000000 rank=28/256 sv_max=1.68e+03 resid=1.05e-01
progress N=2 step 26000/277470 9.4% t=103.97996 eta_s=54924.5 E=-0.98127068 P=0.78499222 dP=-0.21466668 r12=8.03878455 Vg=0.00001838 norm=1.00000000 rank=28/256 sv_max=1.66e+03 resid=1.02e-01
progress N=2 step 26250/277470 9.5% t=104.10496 eta_s=54868.7 E=-0.98080502 P=0.78449636 dP=-0.21516253 r12=8.03843124 Vg=0.00001849 norm=1.00000000 rank=28/256 sv_max=1.64e+03 resid=9.75e-02
progress N=2 step 26500/277470 9.6% t=104.22996 eta_s=54821.5 E=-0.98034003 P=0.78400800 dP=-0.21565089 r12=8.03806152 Vg=0.00001859 norm=1.00000000 rank=28/256 sv_max=1.64e+03 resid=9.35e-02
progress N=2 step 26750/277470 9.6% t=104.35496 eta_s=54774.5 E=-0.97987634 P=0.78352268 dP=-0.21613621 r12=8.03765910 Vg=0.00001869 norm=1.00000000 rank=28/256 sv_max=1.66e+03 resid=9.07e-02
progress N=2 step 27000/277470 9.7% t=104.47996 eta_s=54713.4 E=-0.97941354 P=0.78303943 dP=-0.21661946 r12=8.03720311 Vg=0.00001880 norm=1.00000000 rank=28/256 sv_max=1.68e+03 resid=8.97e-02
progress N=2 step 27250/277470 9.8% t=104.60496 eta_s=54667.2 E=-0.97895159 P=0.78256147 dP=-0.21709742 r12=8.03667746 Vg=0.00001898 norm=1.00000000 rank=28/256 sv_max=1.71e+03 resid=9.06e-02
progress N=2 step 27500/277470 9.9% t=104.72996 eta_s=54615.3 E=-0.97849090 P=0.78209364 dP=-0.21756525 r12=8.03607302 Vg=0.00001924 norm=1.00000000 rank=28/256 sv_max=1.72e+03 resid=9.35e-02
progress N=2 step 27750/277470 10.0% t=104.85496 eta_s=54569.6 E=-0.97803084 P=0.78163876 dP=-0.21802013 r12=8.03538925 Vg=0.00001955 norm=1.00000000 rank=28/256 sv_max=1.73e+03 resid=9.82e-02
progress N=2 step 28000/277470 10.1% t=104.97996 eta_s=54511.7 E=-0.97757212 P=0.78119690 dP=-0.21846199 r12=8.03463943 Vg=0.00001981 norm=1.00000000 rank=28/256 sv_max=1.74e+03 resid=1.04e-01
progress N=2 step 28250/277470 10.2% t=105.10496 eta_s=54459.3 E=-0.97711418 P=0.78076692 dP=-0.21889197 r12=8.03384966 Vg=0.00001987 norm=1.00000000 rank=27/256 sv_max=1.76e+03 resid=1.10e-01
progress N=2 step 28500/277470 10.3% t=105.22996 eta_s=54411.6 E=-0.97665728 P=0.78034580 dP=-0.21931309 r12=8.03304310 Vg=0.00001981 norm=1.00000000 rank=27/256 sv_max=1.79e+03 resid=1.17e-01
progress N=2 step 28750/277470 10.4% t=105.35496 eta_s=54357.1 E=-0.97620151 P=0.77993030 dP=-0.21972860 r12=8.03224223 Vg=0.00001972 norm=1.00000000 rank=27/256 sv_max=1.80e+03 resid=1.23e-01
progress N=2 step 29000/277470 10.5% t=105.47996 eta_s=54308.8 E=-0.97574648 P=0.77951965 dP=-0.22013925 r12=8.03146892 Vg=0.00001970 norm=1.00000000 rank=27/256 sv_max=1.81e+03 resid=1.29e-01
progress N=2 step 29250/277470 10.5% t=105.60496 eta_s=54253.2 E=-0.97529286 P=0.77911536 dP=-0.22054354 r12=8.03073466 Vg=0.00001983 norm=1.00000000 rank=27/256 sv_max=1.80e+03 resid=1.34e-01
progress N=2 step 29500/277470 10.6% t=105.72996 eta_s=54195.2 E=-0.97483990 P=0.77872007 dP=-0.22093882 r12=8.03004519 Vg=0.00002018 norm=1.00000000 rank=27/256 sv_max=1.78e+03 resid=1.40e-01
progress N=2 step 29750/277470 10.7% t=105.85496 eta_s=54133.7 E=-0.97438800 P=0.77833310 dP=-0.22132579 r12=8.02940712 Vg=0.00002079 norm=1.00000000 rank=27/256 sv_max=1.75e+03 resid=1.46e-01
progress N=2 step 30000/277470 10.8% t=105.97996 eta_s=54070.7 E=-0.97393696 P=0.77794792 dP=-0.22171097 r12=8.02882941 Vg=0.00002156 norm=1.00000000 rank=28/256 sv_max=1.70e+03 resid=1.50e-01
progress N=2 step 30250/277470 10.9% t=106.10496 eta_s=54016.6 E=-0.97348654 P=0.77755760 dP=-0.22210129 r12=8.02831924 Vg=0.00002221 norm=1.00000000 rank=28/256 sv_max=1.67e+03 resid=1.55e-01
progress N=2 step 30500/277470 11.0% t=106.22996 eta_s=53962.7 E=-0.97303717 P=0.77715832 dP=-0.22250058 r12=8.02785655 Vg=0.00002261 norm=1.00000000 rank=28/256 sv_max=1.64e+03 resid=1.60e-01
progress N=2 step 30750/277470 11.1% t=106.35496 eta_s=53914.8 E=-0.97258820 P=0.77671964 dP=-0.22293925 r12=8.02741927 Vg=0.00002291 norm=1.00000000 rank=29/256 sv_max=1.60e+03 resid=1.64e-01
progress N=2 step 31000/277470 11.2% t=106.47996 eta_s=53860.2 E=-0.97214015 P=0.77628457 dP=-0.22337432 r12=8.02705440 Vg=0.00002322 norm=1.00000000 rank=29/256 sv_max=1.60e+03 resid=1.77e-01
progress N=2 step 31250/277470 11.3% t=106.60496 eta_s=53810.6 E=-0.97169270 P=0.77585729 dP=-0.22380160 r12=8.02678330 Vg=0.00002369 norm=1.00000000 rank=29/256 sv_max=1.64e+03 resid=1.87e-01
progress N=2 step 31500/277470 11.4% t=106.72996 eta_s=53753.9 E=-0.97124594 P=0.77543315 dP=-0.22422574 r12=8.02661166 Vg=0.00002438 norm=1.00000000 rank=29/256 sv_max=1.70e+03 resid=1.93e-01
progress N=2 step 31750/277470 11.4% t=106.85496 eta_s=53700.2 E=-0.97080025 P=0.77500007 dP=-0.22465882 r12=8.02651591 Vg=0.00002497 norm=1.00000000 rank=27/256 sv_max=1.73e+03 resid=1.94e-01
progress N=2 step 32000/277470 11.5% t=106.97996 eta_s=53649.8 E=-0.97035518 P=0.77457969 dP=-0.22507920 r12=8.02647588 Vg=0.00002572 norm=1.00000000 rank=27/256 sv_max=1.74e+03 resid=1.89e-01
progress N=2 step 32250/277470 11.6% t=107.10496 eta_s=53594.1 E=-0.96991139 P=0.77418067 dP=-0.22547822 r12=8.02648093 Vg=0.00002669 norm=1.00000000 rank=27/256 sv_max=1.74e+03 resid=1.79e-01
progress N=2 step 32500/277470 11.7% t=107.22996 eta_s=53544.3 E=-0.96946836 P=0.77379595 dP=-0.22586294 r12=8.02651665 Vg=0.00002776 norm=1.00000000 rank=27/256 sv_max=1.73e+03 resid=1.65e-01
progress N=2 step 32750/277470 11.8% t=107.35496 eta_s=53488.9 E=-0.96902620 P=0.77341450 dP=-0.22624439 r12=8.02655661 Vg=0.00002878 norm=1.00000000 rank=27/256 sv_max=1.72e+03 resid=1.50e-01
progress N=2 step 33000/277470 11.9% t=107.47996 eta_s=53440.0 E=-0.96858499 P=0.77302716 dP=-0.22663173 r12=8.02656734 Vg=0.00002967 norm=1.00000000 rank=28/256 sv_max=1.70e+03 resid=1.34e-01
progress N=2 step 33250/277470 12.0% t=107.60496 eta_s=53389.7 E=-0.96814422 P=0.77262954 dP=-0.22702935 r12=8.02651854 Vg=0.00003039 norm=1.00000000 rank=28/256 sv_max=1.69e+03 resid=1.23e-01
progress N=2 step 33500/277470 12.1% t=107.72996 eta_s=53338.9 E=-0.96770451 P=0.77222393 dP=-0.22743496 r12=8.02637036 Vg=0.00003084 norm=1.00000000 rank=28/256 sv_max=1.70e+03 resid=1.15e-01
progress N=2 step 33750/277470 12.2% t=107.85496 eta_s=53290.4 E=-0.96726522 P=0.77181297 dP=-0.22784592 r12=8.02609766 Vg=0.00003110 norm=1.00000000 rank=28/256 sv_max=1.73e+03 resid=1.10e-01
progress N=2 step 34000/277470 12.3% t=107.97996 eta_s=53236.8 E=-0.96682666 P=0.77139624 dP=-0.22826265 r12=8.02565212 Vg=0.00003150 norm=1.00000000 rank=27/256 sv_max=1.76e+03 resid=1.09e-01
progress N=2 step 34250/277470 12.3% t=108.10496 eta_s=53185.8 E=-0.96638888 P=0.77098774 dP=-0.22867115 r12=8.02501950 Vg=0.00003211 norm=1.00000000 rank=27/256 sv_max=1.79e+03 resid=1.10e-01
progress N=2 step 34500/277470 12.4% t=108.22996 eta_s=53131.4 E=-0.96595161 P=0.77060266 dP=-0.22905623 r12=8.02421504 Vg=0.00003290 norm=1.00000000 rank=27/256 sv_max=1.82e+03 resid=1.13e-01
progress N=2 step 34750/277470 12.5% t=108.35496 eta_s=53081.1 E=-0.96551559 P=0.77024370 dP=-0.22941520 r12=8.02327342 Vg=0.00003394 norm=1.00000000 rank=27/256 sv_max=1.85e+03 resid=1.18e-01
progress N=2 step 35000/277470 12.6% t=108.47996 eta_s=53028.8 E=-0.96508015 P=0.76990217 dP=-0.22975672 r12=8.02223030 Vg=0.00003514 norm=1.00000000 rank=27/256 sv_max=1.88e+03 resid=1.22e-01
progress N=2 step 35250/277470 12.7% t=108.60496 eta_s=52975.6 E=-0.96464572 P=0.76956865 dP=-0.23009024 r12=8.02111130 Vg=0.00003632 norm=1.00000000 rank=27/256 sv_max=1.92e+03 resid=1.24e-01
progress N=2 step 35500/277470 12.8% t=108.72996 eta_s=52922.0 E=-0.96421220 P=0.76923707 dP=-0.23042183 r12=8.01993973 Vg=0.00003736 norm=1.00000000 rank=27/256 sv_max=1.95e+03 resid=1.23e-01
progress N=2 step 35750/277470 12.9% t=108.85496 eta_s=52865.4 E=-0.96377931 P=0.76890338 dP=-0.23075551 r12=8.01873931 Vg=0.00003822 norm=1.00000000 rank=27/256 sv_max=1.96e+03 resid=1.18e-01
progress N=2 step 36000/277470 13.0% t=108.97996 eta_s=52814.4 E=-0.96334761 P=0.76856519 dP=-0.23109371 r12=8.01752936 Vg=0.00003890 norm=1.00000000 rank=27/256 sv_max=1.95e+03 resid=1.13e-01
progress N=2 step 36250/277470 13.1% t=109.10496 eta_s=52751.1 E=-0.96291641 P=0.76822091 dP=-0.23143798 r12=8.01631989 Vg=0.00003942 norm=1.00000000 rank=27/256 sv_max=1.93e+03 resid=1.09e-01
progress N=2 step 36500/277470 13.2% t=109.22996 eta_s=52698.1 E=-0.96248611 P=0.76786885 dP=-0.23179004 r12=8.01511316 Vg=0.00003984 norm=1.00000000 rank=27/256 sv_max=1.89e+03 resid=1.06e-01
progress N=2 step 36750/277470 13.2% t=109.35496 eta_s=52646.6 E=-0.96205652 P=0.76750804 dP=-0.23215085 r12=8.01391495 Vg=0.00004019 norm=1.00000000 rank=27/256 sv_max=1.86e+03 resid=1.06e-01
progress N=2 step 37000/277470 13.3% t=109.47996 eta_s=52595.0 E=-0.96162744 P=0.76713837 dP=-0.23252052 r12=8.01273775 Vg=0.00004047 norm=1.00000000 rank=27/256 sv_max=1.84e+03 resid=1.07e-01
progress N=2 step 37250/277470 13.4% t=109.60496 eta_s=52545.4 E=-0.96119936 P=0.76675907 dP=-0.23289982 r12=8.01159162 Vg=0.00004072 norm=1.00000000 rank=27/256 sv_max=1.83e+03 resid=1.10e-01
progress N=2 step 37500/277470 13.5% t=109.72996 eta_s=52490.3 E=-0.96077171 P=0.76636921 dP=-0.23328968 r12=8.01048325 Vg=0.00004100 norm=1.00000000 rank=27/256 sv_max=1.83e+03 resid=1.15e-01
progress N=2 step 37750/277470 13.6% t=109.85496 eta_s=52431.1 E=-0.96034492 P=0.76596952 dP=-0.23368938 r12=8.00942192 Vg=0.00004136 norm=1.00000000 rank=27/256 sv_max=1.84e+03 resid=1.22e-01
progress N=2 step 38000/277470 13.7% t=109.97996 eta_s=52371.0 E=-0.95991884 P=0.76556222 dP=-0.23409667 r12=8.00842015 Vg=0.00004180 norm=1.00000000 rank=27/256 sv_max=1.87e+03 resid=1.31e-01
progress N=2 step 38250/277470 13.8% t=110.10496 eta_s=52314.1 E=-0.95949341 P=0.76514927 dP=-0.23450962 r12=8.00748943 Vg=0.00004232 norm=1.00000000 rank=27/256 sv_max=1.90e+03 resid=1.42e-01
progress N=2 step 38500/277470 13.9% t=110.22996 eta_s=52255.0 E=-0.95906900 P=0.76473087 dP=-0.23492802 r12=8.00663564 Vg=0.00004289 norm=1.00000000 rank=27/256 sv_max=1.93e+03 resid=1.55e-01
progress N=2 step 38750/277470 14.0% t=110.35496 eta_s=52194.0 E=-0.95864523 P=0.76430595 dP=-0.23535294 r12=8.00585317 Vg=0.00004343 norm=1.00000000 rank=27/256 sv_max=1.94e+03 resid=1.66e-01
progress N=2 step 39000/277470 14.1% t=110.47996 eta_s=52140.7 E=-0.95822243 P=0.76387401 dP=-0.23578488 r12=8.00512061 Vg=0.00004386 norm=1.00000000 rank=27/256 sv_max=1.94e+03 resid=1.72e-01
progress N=2 step 39250/277470 14.1% t=110.60496 eta_s=52083.6 E=-0.95780040 P=0.76343601 dP=-0.23622288 r12=8.00440330 Vg=0.00004414 norm=1.00000000 rank=27/256 sv_max=1.91e+03 resid=1.72e-01
progress N=2 step 39500/277470 14.2% t=110.72996 eta_s=52031.3 E=-0.95737904 P=0.76299412 dP=-0.23666478 r12=8.00366212 Vg=0.00004425 norm=1.00000000 rank=27/256 sv_max=1.87e+03 resid=1.68e-01
progress N=2 step 39750/277470 14.3% t=110.85496 eta_s=51975.6 E=-0.95695858 P=0.76255129 dP=-0.23710760 r12=8.00286184 Vg=0.00004424 norm=1.00000000 rank=27/256 sv_max=1.83e+03 resid=1.62e-01
progress N=2 step 40000/277470 14.4% t=110.97996 eta_s=51900.3 E=-0.95653857 P=0.76210996 dP=-0.23754893 r12=8.00197038 Vg=0.00004415 norm=1.00000000 rank=27/256 sv_max=1.80e+03 resid=1.56e-01
progress N=2 step 40250/277470 14.5% t=111.10496 eta_s=51838.7 E=-0.95611930 P=0.76167180 dP=-0.23798709 r12=8.00096102 Vg=0.00004408 norm=1.00000000 rank=27/256 sv_max=1.77e+03 resid=1.50e-01
progress N=2 step 40500/277470 14.6% t=111.22996 eta_s=51780.7 E=-0.95570053 P=0.76123845 dP=-0.23842044 r12=7.99981812 Vg=0.00004409 norm=1.00000000 rank=27/256 sv_max=1.77e+03 resid=1.46e-01
progress N=2 step 40750/277470 14.7% t=111.35496 eta_s=51725.6 E=-0.95528223 P=0.76081177 dP=-0.23884712 r12=7.99853753 Vg=0.00004426 norm=1.00000000 rank=27/256 sv_max=1.79e+03 resid=1.43e-01
progress N=2 step 41000/277470 14.8% t=111.47996 eta_s=51664.6 E=-0.95486472 P=0.76039270 dP=-0.23926619 r12=7.99712835 Vg=0.00004461 norm=1.00000000 rank=27/256 sv_max=1.81e+03 resid=1.44e-01
progress N=2 step 41250/277470 14.9% t=111.60496 eta_s=51611.9 E=-0.95444764 P=0.75998280 dP=-0.23967609 r12=7.99560994 Vg=0.00004505 norm=1.00000000 rank=27/256 sv_max=1.84e+03 resid=1.48e-01
progress N=2 step 41500/277470 15.0% t=111.72996 eta_s=51558.8 E=-0.95403139 P=0.75958434 dP=-0.24007455 r12=7.99401017 Vg=0.00004552 norm=1.00000000 rank=27/256 sv_max=1.88e+03 resid=1.57e-01
progress N=2 step 41750/277470 15.0% t=111.85496 eta_s=51502.5 E=-0.95361582 P=0.75919968 dP=-0.24045921 r12=7.99236247 Vg=0.00004593 norm=1.00000000 rank=27/256 sv_max=1.90e+03 resid=1.68e-01
progress N=2 step 42000/277470 15.1% t=111.97996 eta_s=51451.9 E=-0.95320092 P=0.75883063 dP=-0.24082826 r12=7.99070190 Vg=0.00004622 norm=1.00000000 rank=27/256 sv_max=1.92e+03 resid=1.82e-01
progress N=2 step 42250/277470 15.2% t=112.10496 eta_s=51396.2 E=-0.95278701 P=0.75847817 dP=-0.24118072 r12=7.98905999 Vg=0.00004637 norm=1.00000000 rank=27/256 sv_max=1.93e+03 resid=1.94e-01
progress N=2 step 42500/277470 15.3% t=112.22996 eta_s=51344.7 E=-0.95237368 P=0.75814209 dP=-0.24151680 r12=7.98746088 Vg=0.00004635 norm=1.00000000 rank=27/256 sv_max=1.94e+03 resid=2.02e-01
progress N=2 step 42750/277470 15.4% t=112.35496 eta_s=51288.1 E=-0.95196126 P=0.75782069 dP=-0.24183820 r12=7.98592209 Vg=0.00004621 norm=1.00000000 rank=27/256 sv_max=1.94e+03 resid=2.04e-01
progress N=2 step 43000/277470 15.5% t=112.47996 eta_s=51233.1 E=-0.95154949 P=0.75751103 dP=-0.24214786 r12=7.98445732 Vg=0.00004602 norm=1.00000000 rank=27/256 sv_max=1.93e+03 resid=2.02e-01
progress N=2 step 43250/277470 15.6% t=112.60496 eta_s=51179.0 E=-0.95113829 P=0.75720935 dP=-0.24244955 r12=7.98307675 Vg=0.00004583 norm=1.00000000 rank=27/256 sv_max=1.92e+03 resid=2.00e-01
progress N=2 step 43500/277470 15.7% t=112.72996 eta_s=51117.2 E=-0.95072791 P=0.75691131 dP=-0.24274758 r12=7.98178538 Vg=0.00004571 norm=1.00000000 rank=27/256 sv_max=1.91e+03 resid=1.98e-01
progress N=2 step 43750/277470 15.8% t=112.85496 eta_s=51066.9 E=-0.95031794 P=0.75661315 dP=-0.24304575 r12=7.98058416 Vg=0.00004563 norm=1.00000000 rank=27/256 sv_max=1.90e+03 resid=2.00e-01
progress N=2 step 44000/277470 15.9% t=112.97996 eta_s=51011.7 E=-0.94990867 P=0.75631324 dP=-0.24334565 r12=7.97947413 Vg=0.00004555 norm=1.00000000 rank=27/256 sv_max=1.89e+03 resid=2.05e-01
progress N=2 step 44250/277470 15.9% t=113.10496 eta_s=50960.4 E=-0.94949994 P=0.75601197 dP=-0.24364692 r12=7.97845485 Vg=0.00004545 norm=1.00000000 rank=27/256 sv_max=1.88e+03 resid=2.12e-01
progress N=2 step 44500/277470 16.0% t=113.22996 eta_s=50906.5 E=-0.94909165 P=0.75571051 dP=-0.24394838 r12=7.97752911 Vg=0.00004533 norm=1.00000000 rank=27/256 sv_max=1.89e+03 resid=2.19e-01
progress N=2 step 44750/277470 16.1% t=113.35496 eta_s=50853.1 E=-0.94868415 P=0.75540984 dP=-0.24424905 r12=7.97670552 Vg=0.00004520 norm=1.00000000 rank=27/256 sv_max=1.89e+03 resid=2.21e-01
progress N=2 step 45000/277470 16.2% t=113.47996 eta_s=50801.7 E=-0.94827705 P=0.75511018 dP=-0.24454871 r12=7.97599123 Vg=0.00004506 norm=1.00000000 rank=27/256 sv_max=1.90e+03 resid=2.15e-01
progress N=2 step 45250/277470 16.3% t=113.60496 eta_s=50745.0 E=-0.94787067 P=0.75481077 dP=-0.24484812 r12=7.97538658 Vg=0.00004493 norm=1.00000000 rank=27/256 sv_max=1.91e+03 resid=2.01e-01
progress N=2 step 45500/277470 16.4% t=113.72996 eta_s=50692.8 E=-0.94746490 P=0.75451029 dP=-0.24514860 r12=7.97488381 Vg=0.00004482 norm=1.00000000 rank=27/256 sv_max=1.93e+03 resid=1.83e-01
progress N=2 step 45750/277470 16.5% t=113.85496 eta_s=50636.3 E=-0.94705963 P=0.75420735 dP=-0.24545154 r12=7.97446913 Vg=0.00004474 norm=1.00000000 rank=27/256 sv_max=1.94e+03 resid=1.65e-01
progress N=2 step 46000/277470 16.6% t=113.97996 eta_s=50583.8 E=-0.94665525 P=0.75389996 dP=-0.24575893 r12=7.97412515 Vg=0.00004468 norm=1.00000000 rank=27/256 sv_max=1.94e+03 resid=1.50e-01
progress N=2 step 46250/277470 16.7% t=114.10496 eta_s=50532.6 E=-0.94625132 P=0.75358466 dP=-0.24607423 r12=7.97383019 Vg=0.00004461 norm=1.00000000 rank=27/256 sv_max=1.94e+03 resid=1.39e-01
progress N=2 step 46500/277470 16.8% t=114.22996 eta_s=50475.9 E=-0.94584814 P=0.75325664 dP=-0.24640225 r12=7.97355540 Vg=0.00004447 norm=1.00000000 rank=27/256 sv_max=1.93e+03 resid=1.33e-01
progress N=2 step 46750/277470 16.8% t=114.35496 eta_s=50422.1 E=-0.94544561 P=0.75291174 dP=-0.24674716 r12=7.97326479 Vg=0.00004420 norm=1.00000000 rank=27/256 sv_max=1.90e+03 resid=1.29e-01
progress N=2 step 47000/277470 16.9% t=114.47996 eta_s=50357.9 E=-0.94504355 P=0.75254876 dP=-0.24711013 r12=7.97291871 Vg=0.00004377 norm=1.00000000 rank=27/256 sv_max=1.88e+03 resid=1.27e-01
progress N=2 step 47250/277470 17.0% t=114.60496 eta_s=50297.8 E=-0.94464237 P=0.75216955 dP=-0.24748935 r12=7.97247803 Vg=0.00004321 norm=1.00000000 rank=27/256 sv_max=1.87e+03 resid=1.26e-01
progress N=2 step 47500/277470 17.1% t=114.72996 eta_s=50244.0 E=-0.94424164 P=0.75177713 dP=-0.24788176 r12=7.97190658 Vg=0.00004256 norm=1.00000000 rank=27/256 sv_max=1.87e+03 resid=1.26e-01
progress N=2 step 47750/277470 17.2% t=114.85496 eta_s=50191.7 E=-0.94384160 P=0.75137516 dP=-0.24828373 r12=7.97117515 Vg=0.00004193 norm=1.00000000 rank=27/256 sv_max=1.88e+03 resid=1.26e-01
progress N=2 step 48000/277470 17.3% t=114.97996 eta_s=50140.3 E=-0.94344224 P=0.75096793 dP=-0.24869096 r12=7.97026643 Vg=0.00004137 norm=1.00000000 rank=27/256 sv_max=1.89e+03 resid=1.26e-01
progress N=2 step 48250/277470 17.4% t=115.10496 eta_s=50085.5 E=-0.94304340 P=0.75055948 dP=-0.24909941 r12=7.96917680 Vg=0.00004095 norm=1.00000000 rank=27/256 sv_max=1.90e+03 resid=1.25e-01
progress N=2 step 48500/277470 17.5% t=115.22996 eta_s=50034.9 E=-0.94264545 P=0.75015225 dP=-0.24950664 r12=7.96791526 Vg=0.00004065 norm=1.00000000 rank=27/256 sv_max=1.92e+03 resid=1.25e-01
progress N=2 step 48750/277470 17.6% t=115.35496 eta_s=49974.7 E=-0.94224805 P=0.74974674 dP=-0.24991215 r12=7.96650030 Vg=0.00004042 norm=1.00000000 rank=27/256 sv_max=1.94e+03 resid=1.25e-01
progress N=2 step 49000/277470 17.7% t=115.47996 eta_s=49922.1 E=-0.94185136 P=0.74934193 dP=-0.25031697 r12=7.96495519 Vg=0.00004020 norm=1.00000000 rank=27/256 sv_max=1.95e+03 resid=1.24e-01
progress N=2 step 49250/277470 17.7% t=115.60496 eta_s=49870.3 E=-0.94145540 P=0.74893597 dP=-0.25072292 r12=7.96330315 Vg=0.00003993 norm=1.00000000 rank=27/256 sv_max=1.96e+03 resid=1.24e-01
progress N=2 step 49500/277470 17.8% t=115.72996 eta_s=49815.9 E=-0.94106001 P=0.74852688 dP=-0.25113201 r12=7.96156416 Vg=0.00003961 norm=1.00000000 rank=27/256 sv_max=1.97e+03 resid=1.23e-01
progress N=2 step 49750/277470 17.9% t=115.85496 eta_s=49760.4 E=-0.94066545 P=0.74811319 dP=-0.25154570 r12=7.95975399 Vg=0.00003925 norm=1.00000000 rank=27/256 sv_max=1.97e+03 resid=1.23e-01
progress N=2 step 50000/277470 18.0% t=115.97996 eta_s=49705.3 E=-0.94027146 P=0.74769422 dP=-0.25196467 r12=7.95788786 Vg=0.00003888 norm=1.00000000 rank=27/256 sv_max=1.96e+03 resid=1.24e-01
progress N=2 step 50250/277470 18.1% t=116.10496 eta_s=49654.7 E=-0.93987814 P=0.74726983 dP=-0.25238906 r12=7.95598681 Vg=0.00003851 norm=1.00000000 rank=27/256 sv_max=1.96e+03 resid=1.26e-01
progress N=2 step 50500/277470 18.2% t=116.22996 eta_s=49599.5 E=-0.93948553 P=0.74684001 dP=-0.25281889 r12=7.95408030 Vg=0.00003813 norm=1.00000000 rank=27/256 sv_max=1.96e+03 resid=1.31e-01
progress N=2 step 50750/277470 18.3% t=116.35496 eta_s=49542.1 E=-0.93909347 P=0.74640502 dP=-0.25325387 r12=7.95220326 Vg=0.00003773 norm=1.00000000 rank=27/256 sv_max=1.96e+03 resid=1.36e-01
progress N=2 step 51000/277470 18.4% t=116.47996 eta_s=49486.3 E=-0.93870222 P=0.74596591 dP=-0.25369298 r12=7.95039097 Vg=0.00003733 norm=1.00000000 rank=27/256 sv_max=1.96e+03 resid=1.44e-01
progress N=2 step 51250/277470 18.5% t=116.60496 eta_s=49430.5 E=-0.93831160 P=0.74552475 dP=-0.25413414 r12=7.94867511 Vg=0.00003694 norm=1.00000000 rank=27/256 sv_max=1.96e+03 resid=1.54e-01
progress N=2 step 51500/277470 18.6% t=116.72996 eta_s=49378.6 E=-0.93792168 P=0.74508432 dP=-0.25457457 r12=7.94708168 Vg=0.00003660 norm=1.00000000 rank=27/256 sv_max=1.96e+03 resid=1.66e-01
progress N=2 step 51750/277470 18.7% t=116.85496 eta_s=49322.6 E=-0.93753256 P=0.74464690 dP=-0.25501199 r12=7.94562934 Vg=0.00003629 norm=1.00000000 rank=27/256 sv_max=1.96e+03 resid=1.78e-01
progress N=2 step 52000/277470 18.7% t=116.97996 eta_s=49270.8 E=-0.93714404 P=0.74421330 dP=-0.25544559 r12=7.94432716 Vg=0.00003603 norm=1.00000000 rank=27/256 sv_max=1.96e+03 resid=1.89e-01
progress N=2 step 52250/277470 18.8% t=117.10496 eta_s=49216.6 E=-0.93675632 P=0.74378267 dP=-0.25587623 r12=7.94317288 Vg=0.00003582 norm=1.00000000 rank=27/256 sv_max=1.96e+03 resid=1.97e-01
progress N=2 step 52500/277470 18.9% t=117.22996 eta_s=49164.0 E=-0.93636923 P=0.74335290 dP=-0.25630599 r12=7.94215371 Vg=0.00003567 norm=1.00000000 rank=27/256 sv_max=1.96e+03 resid=1.99e-01
progress N=2 step 52750/277470 19.0% t=117.35496 eta_s=49111.9 E=-0.93598274 P=0.74292147 dP=-0.25673742 r12=7.94124880 Vg=0.00003558 norm=1.00000000 rank=27/256 sv_max=1.96e+03 resid=1.98e-01
progress N=2 step 53000/277470 19.1% t=117.47996 eta_s=49056.2 E=-0.93559701 P=0.74248629 dP=-0.25717260 r12=7.94043180 Vg=0.00003554 norm=1.00000000 rank=27/256 sv_max=1.96e+03 resid=1.94e-01
progress N=2 step 53250/277470 19.2% t=117.60496 eta_s=48998.9 E=-0.93521183 P=0.74204627 dP=-0.25761262 r12=7.93967296 Vg=0.00003547 norm=1.00000000 rank=27/256 sv_max=1.95e+03 resid=1.90e-01
progress N=2 step 53500/277470 19.3% t=117.72996 eta_s=48937.3 E=-0.93482738 P=0.74160149 dP=-0.25805740 r12=7.93894159 Vg=0.00003534 norm=1.00000000 rank=27/256 sv_max=1.94e+03 resid=1.87e-01
progress N=2 step 53750/277470 19.4% t=117.85496 eta_s=48885.4 E=-0.93444360 P=0.74115315 dP=-0.25850574 r12=7.93820868 Vg=0.00003511 norm=1.00000000 rank=27/256 sv_max=1.91e+03 resid=1.86e-01
progress N=2 step 54000/277470 19.5% t=117.97996 eta_s=48832.6 E=-0.93406043 P=0.74070334 dP=-0.25895555 r12=7.93744952 Vg=0.00003480 norm=1.00000000 rank=27/256 sv_max=1.89e+03 resid=1.85e-01
progress N=2 step 54250/277470 19.6% t=118.10496 eta_s=48774.2 E=-0.93367811 P=0.74025448 dP=-0.25940441 r12=7.93664499 Vg=0.00003447 norm=1.00000000 rank=27/256 sv_max=1.86e+03 resid=1.84e-01
progress N=2 step 54500/277470 19.6% t=118.22996 eta_s=48719.8 E=-0.93329639 P=0.73980880 dP=-0.25985009 r12=7.93577999 Vg=0.00003418 norm=1.00000000 rank=27/256 sv_max=1.84e+03 resid=1.80e-01
progress N=2 step 54750/277470 19.7% t=118.35496 eta_s=48664.0 E=-0.93291544 P=0.73936817 dP=-0.26029072 r12=7.93484135 Vg=0.00003399 norm=1.00000000 rank=27/256 sv_max=1.83e+03 resid=1.75e-01
progress N=2 step 55000/277470 19.8% t=118.47996 eta_s=48612.7 E=-0.93253520 P=0.73893398 dP=-0.26072491 r12=7.93381634 Vg=0.00003396 norm=1.00000000 rank=27/256 sv_max=1.84e+03 resid=1.67e-01
progress N=2 step 55250/277470 19.9% t=118.60496 eta_s=48557.5 E=-0.93215556 P=0.73850673 dP=-0.26115216 r12=7.93269229 Vg=0.00003413 norm=1.00000000 rank=27/256 sv_max=1.84e+03 resid=1.59e-01
progress N=2 step 55500/277470 20.0% t=118.72996 eta_s=48503.1 E=-0.93177678 P=0.73808583 dP=-0.26157306 r12=7.93145776 Vg=0.00003452 norm=1.00000000 rank=27/256 sv_max=1.85e+03 resid=1.52e-01
progress N=2 step 55750/277470 20.1% t=118.85496 eta_s=48451.3 E=-0.93139860 P=0.73766966 dP=-0.26198923 r12=7.93010548 Vg=0.00003511 norm=1.00000000 rank=27/256 sv_max=1.86e+03 resid=1.46e-01
progress N=2 step 56000/277470 20.2% t=118.97996 eta_s=48395.5 E=-0.93102113 P=0.73725599 dP=-0.26240290 r12=7.92863627 Vg=0.00003588 norm=1.00000000 rank=27/256 sv_max=1.86e+03 resid=1.41e-01
progress N=2 step 56250/277470 20.3% t=119.10496 eta_s=48342.9 E=-0.93064442 P=0.73684225 dP=-0.26281664 r12=7.92706156 Vg=0.00003676 norm=1.00000000 rank=27/256 sv_max=1.86e+03 resid=1.37e-01
progress N=2 step 56500/277470 20.4% t=119.22996 eta_s=48287.4 E=-0.93026831 P=0.73642565 dP=-0.26323325 r12=7.92540196 Vg=0.00003767 norm=1.00000000 rank=27/256 sv_max=1.86e+03 resid=1.35e-01
progress N=2 step 56750/277470 20.5% t=119.35496 eta_s=48234.9 E=-0.92989304 P=0.73600332 dP=-0.26365557 r12=7.92368318 Vg=0.00003854 norm=1.00000000 rank=27/256 sv_max=1.87e+03 resid=1.33e-01
progress N=2 step 57000/277470 20.5% t=119.47996 eta_s=48181.3 E=-0.92951839 P=0.73557283 dP=-0.26408606 r12=7.92193236 Vg=0.00003933 norm=1.00000000 rank=27/256 sv_max=1.88e+03 resid=1.32e-01
progress N=2 step 57250/277470 20.6% t=119.60496 eta_s=48127.4 E=-0.92914443 P=0.73513273 dP=-0.26452617 r12=7.92017585 Vg=0.00004002 norm=1.00000000 rank=27/256 sv_max=1.89e+03 resid=1.32e-01
progress N=2 step 57500/277470 20.7% t=119.72996 eta_s=48075.0 E=-0.92877125 P=0.73468276 dP=-0.26497613 r12=7.91843896 Vg=0.00004066 norm=1.00000000 rank=27/256 sv_max=1.90e+03 resid=1.33e-01
progress N=2 step 57750/277470 20.8% t=119.85496 eta_s=48019.1 E=-0.92839868 P=0.73422365 dP=-0.26543524 r12=7.91674773 Vg=0.00004128 norm=1.00000000 rank=27/256 sv_max=1.91e+03 resid=1.35e-01
progress N=2 step 58000/277470 20.9% t=119.97996 eta_s=47966.4 E=-0.92802696 P=0.73375644 dP=-0.26590245 r12=7.91513025 Vg=0.00004191 norm=1.00000000 rank=27/256 sv_max=1.92e+03 resid=1.39e-01
progress N=2 step 58250/277470 21.0% t=120.10496 eta_s=47910.4 E=-0.92765596 P=0.73328171 dP=-0.26637718 r12=7.91361454 Vg=0.00004254 norm=1.00000000 rank=27/256 sv_max=1.93e+03 resid=1.44e-01
progress N=2 step 58500/277470 21.1% t=120.22996 eta_s=47857.1 E=-0.92728570 P=0.73279913 dP=-0.26685976 r12=7.91222407 Vg=0.00004317 norm=1.00000000 rank=27/256 sv_max=1.94e+03 resid=1.49e-01
progress N=2 step 58750/277470 21.2% t=120.35496 eta_s=47799.6 E=-0.92691633 P=0.73230784 dP=-0.26735105 r12=7.91097446 Vg=0.00004379 norm=1.00000000 rank=27/256 sv_max=1.94e+03 resid=1.53e-01
progress N=2 step 59000/277470 21.3% t=120.47996 eta_s=47734.6 E=-0.92654769 P=0.73180734 dP=-0.26785155 r12=7.90987288 Vg=0.00004440 norm=1.00000000 rank=27/256 sv_max=1.95e+03 resid=1.55e-01
progress N=2 step 59250/277470 21.4% t=120.60496 eta_s=47683.1 E=-0.92617986 P=0.73129787 dP=-0.26836102 r12=7.90891957 Vg=0.00004504 norm=1.00000000 rank=27/256 sv_max=1.95e+03 resid=1.56e-01
progress N=2 step 59500/277470 21.4% t=120.72996 eta_s=47628.0 E=-0.92581280 P=0.73078000 dP=-0.26887889 r12=7.90811009 Vg=0.00004570 norm=1.00000000 rank=27/256 sv_max=1.95e+03 resid=1.54e-01
progress N=2 step 59750/277470 21.5% t=120.85496 eta_s=47576.1 E=-0.92544644 P=0.73025393 dP=-0.26940496 r12=7.90743681 Vg=0.00004639 norm=1.00000000 rank=27/256 sv_max=1.94e+03 resid=1.49e-01
progress N=2 step 60000/277470 21.6% t=120.97996 eta_s=47522.0 E=-0.92508082 P=0.72971928 dP=-0.26993961 r12=7.90688792 Vg=0.00004711 norm=1.00000000 rank=27/256 sv_max=1.94e+03 resid=1.44e-01
progress N=2 step 60250/277470 21.7% t=121.10496 eta_s=47470.0 E=-0.92471584 P=0.72917539 dP=-0.27048350 r12=7.90644336 Vg=0.00004783 norm=1.00000000 rank=27/256 sv_max=1.93e+03 resid=1.37e-01
progress N=2 step 60500/277470 21.8% t=121.22996 eta_s=47419.0 E=-0.92435153 P=0.72862196 dP=-0.27103693 r12=7.90607440 Vg=0.00004856 norm=1.00000000 rank=27/256 sv_max=1.91e+03 resid=1.31e-01
progress N=2 step 60750/277470 21.9% t=121.35496 eta_s=47364.3 E=-0.92398791 P=0.72805959 dP=-0.27159930 r12=7.90574796 Vg=0.00004928 norm=1.00000000 rank=27/256 sv_max=1.90e+03 resid=1.26e-01
progress N=2 step 61000/277470 22.0% t=121.47996 eta_s=47313.1 E=-0.92362495 P=0.72748923 dP=-0.27216966 r12=7.90542649 Vg=0.00004996 norm=1.00000000 rank=27/256 sv_max=1.88e+03 resid=1.22e-01
progress N=2 step 61250/277470 22.1% t=121.60496 eta_s=47259.2 E=-0.92326278 P=0.72691124 dP=-0.27274765 r12=7.90506193 Vg=0.00005038 norm=1.00000000 rank=28/256 sv_max=1.86e+03 resid=1.17e-01
progress N=2 step 61500/277470 22.2% t=121.72996 eta_s=47208.0 E=-0.92290137 P=0.72633057 dP=-0.27332832 r12=7.90462814 Vg=0.00005057 norm=1.00000000 rank=28/256 sv_max=1.83e+03 resid=1.18e-01
progress N=2 step 61750/277470 22.3% t=121.85496 eta_s=47152.4 E=-0.92254078 P=0.72574376 dP=-0.27391513 r12=7.90407399 Vg=0.00005088 norm=1.00000000 rank=28/256 sv_max=1.81e+03 resid=1.18e-01
progress N=2 step 62000/277470 22.3% t=121.97996 eta_s=47095.7 E=-0.92218104 P=0.72515113 dP=-0.27450776 r12=7.90336268 Vg=0.00005118 norm=1.00000000 rank=28/256 sv_max=1.80e+03 resid=1.18e-01
progress N=2 step 62250/277470 22.4% t=122.10496 eta_s=47042.7 E=-0.92182213 P=0.72455521 dP=-0.27510368 r12=7.90247822 Vg=0.00005153 norm=1.00000000 rank=28/256 sv_max=1.80e+03 resid=1.19e-01
progress N=2 step 62500/277470 22.5% t=122.22996 eta_s=46984.7 E=-0.92146413 P=0.72395766 dP=-0.27570123 r12=7.90141674 Vg=0.00005195 norm=1.00000000 rank=28/256 sv_max=1.82e+03 resid=1.19e-01
progress N=2 step 62750/277470 22.6% t=122.35496 eta_s=46929.9 E=-0.92110700 P=0.72335911 dP=-0.27629979 r12=7.90018110 Vg=0.00005242 norm=1.00000000 rank=28/256 sv_max=1.85e+03 resid=1.18e-01
progress N=2 step 63000/277470 22.7% t=122.47996 eta_s=46875.4 E=-0.92075077 P=0.72275977 dP=-0.27689912 r12=7.89877652 Vg=0.00005291 norm=1.00000000 rank=28/256 sv_max=1.87e+03 resid=1.17e-01
progress N=2 step 63250/277470 22.8% t=122.60496 eta_s=46819.7 E=-0.92039550 P=0.72216040 dP=-0.27749850 r12=7.89720919 Vg=0.00005340 norm=1.00000000 rank=27/256 sv_max=1.89e+03 resid=1.17e-01
progress N=2 step 63500/277470 22.9% t=122.72996 eta_s=46769.1 E=-0.92004113 P=0.72156085 dP=-0.27809804 r12=7.89548992 Vg=0.00005392 norm=1.00000000 rank=27/256 sv_max=1.89e+03 resid=1.18e-01
progress N=2 step 63750/277470 23.0% t=122.85496 eta_s=46716.1 E=-0.91968772 P=0.72096098 dP=-0.27869791 r12=7.89363913 Vg=0.00005452 norm=1.00000000 rank=28/256 sv_max=1.88e+03 resid=1.20e-01
progress N=2 step 64000/277470 23.1% t=122.97996 eta_s=46665.8 E=-0.91933522 P=0.72036070 dP=-0.27929819 r12=7.89168429 Vg=0.00005517 norm=1.00000000 rank=28/256 sv_max=1.86e+03 resid=1.22e-01
progress N=2 step 64250/277470 23.2% t=123.10496 eta_s=46606.7 E=-0.91898361 P=0.71975811 dP=-0.27990078 r12=7.88964086 Vg=0.00005588 norm=1.00000000 rank=28/256 sv_max=1.85e+03 resid=1.24e-01
progress N=2 step 64500/277470 23.2% t=123.22996 eta_s=46552.9 E=-0.91863293 P=0.71915145 dP=-0.28050744 r12=7.88753606 Vg=0.00005663 norm=1.00000000 rank=28/256 sv_max=1.84e+03 resid=1.27e-01
progress N=2 step 64750/277470 23.3% t=123.35496 eta_s=46497.5 E=-0.91828308 P=0.71854087 dP=-0.28111802 r12=7.88540133 Vg=0.00005740 norm=1.00000000 rank=28/256 sv_max=1.84e+03 resid=1.30e-01
progress N=2 step 65000/277470 23.4% t=123.47996 eta_s=46444.2 E=-0.91793409 P=0.71792755 dP=-0.28173134 r12=7.88327018 Vg=0.00005816 norm=1.00000000 rank=28/256 sv_max=1.84e+03 resid=1.33e-01
progress N=2 step 65250/277470 23.5% t=123.60496 eta_s=46389.8 E=-0.91758592 P=0.71731268 dP=-0.28234621 r12=7.88118013 Vg=0.00005890 norm=1.00000000 rank=28/256 sv_max=1.84e+03 resid=1.36e-01
progress N=2 step 65500/277470 23.6% t=123.72996 eta_s=46331.9 E=-0.91723853 P=0.71669733 dP=-0.28296156 r12=7.87917291 Vg=0.00005961 norm=1.00000000 rank=28/256 sv_max=1.85e+03 resid=1.40e-01
progress N=2 step 65750/277470 23.7% t=123.85496 eta_s=46278.1 E=-0.91689199 P=0.71608246 dP=-0.28357644 r12=7.87729011 Vg=0.00006029 norm=1.00000000 rank=28/256 sv_max=1.85e+03 resid=1.43e-01
progress N=2 step 66000/277470 23.8% t=123.97996 eta_s=46221.5 E=-0.91654621 P=0.71546884 dP=-0.28419005 r12=7.87556700 Vg=0.00006096 norm=1.00000000 rank=28/256 sv_max=1.86e+03 resid=1.47e-01
progress N=2 step 66250/277470 23.9% t=124.10496 eta_s=46168.3 E=-0.91620126 P=0.71485672 dP=-0.28480217 r12=7.87402608 Vg=0.00006164 norm=1.00000000 rank=28/256 sv_max=1.86e+03 resid=1.51e-01
progress N=2 step 66500/277470 24.0% t=124.22996 eta_s=46114.3 E=-0.91585717 P=0.71424570 dP=-0.28541320 r12=7.87267418 Vg=0.00006234 norm=1.00000000 rank=28/256 sv_max=1.88e+03 resid=1.55e-01
progress N=2 step 66750/277470 24.1% t=124.35496 eta_s=46059.2 E=-0.91551393 P=0.71363532 dP=-0.28602357 r12=7.87150540 Vg=0.00006305 norm=1.00000000 rank=28/256 sv_max=1.89e+03 resid=1.59e-01
progress N=2 step 67000/277470 24.1% t=124.47996 eta_s=46002.0 E=-0.91517162 P=0.71302574 dP=-0.28663315 r12=7.87050616 Vg=0.00006374 norm=1.00000000 rank=28/256 sv_max=1.90e+03 resid=1.64e-01
progress N=2 step 67250/277470 24.2% t=124.60496 eta_s=45944.4 E=-0.91483020 P=0.71241794 dP=-0.28724095 r12=7.86965936 Vg=0.00006438 norm=1.00000000 rank=28/256 sv_max=1.90e+03 resid=1.68e-01
progress N=2 step 67500/277470 24.3% t=124.72996 eta_s=45890.3 E=-0.91448968 P=0.71181362 dP=-0.28784527 r12=7.86894843 Vg=0.00006492 norm=1.00000000 rank=28/256 sv_max=1.89e+03 resid=1.71e-01
progress N=2 step 67750/277470 24.4% t=124.85496 eta_s=45832.9 E=-0.91415007 P=0.71121475 dP=-0.28844414 r12=7.86835934 Vg=0.00006530 norm=1.00000000 rank=28/256 sv_max=1.89e+03 resid=1.72e-01
progress N=2 step 68000/277470 24.5% t=124.97996 eta_s=45778.2 E=-0.91381130 P=0.71062269 dP=-0.28903620 r12=7.86787766 Vg=0.00006545 norm=1.00000000 rank=28/256 sv_max=1.88e+03 resid=1.69e-01
progress N=2 step 68250/277470 24.6% t=125.10496 eta_s=45723.4 E=-0.91347340 P=0.71003770 dP=-0.28962119 r12=7.86748339 Vg=0.00006532 norm=1.00000000 rank=28/256 sv_max=1.88e+03 resid=1.63e-01
progress N=2 step 68500/277470 24.7% t=125.22996 eta_s=45666.4 E=-0.91313634 P=0.70945922 dP=-0.29019968 r12=7.86714850 Vg=0.00006493 norm=1.00000000 rank=28/256 sv_max=1.87e+03 resid=1.55e-01
progress N=2 step 68750/277470 24.8% t=125.35496 eta_s=45612.4 E=-0.91280009 P=0.70888651 dP=-0.29077238 r12=7.86683849 Vg=0.00006435 norm=1.00000000 rank=28/256 sv_max=1.85e+03 resid=1.47e-01
progress N=2 step 69000/277470 24.9% t=125.47996 eta_s=45555.9 E=-0.91246474 P=0.70831891 dP=-0.29133998 r12=7.86651525 Vg=0.00006377 norm=1.00000000 rank=28/256 sv_max=1.82e+03 resid=1.39e-01
progress N=2 step 69250/277470 25.0% t=125.60496 eta_s=45502.6 E=-0.91213022 P=0.70775070 dP=-0.29190819 r12=7.86611606 Vg=0.00006349 norm=1.00000000 rank=29/256 sv_max=1.78e+03 resid=1.33e-01
progress N=2 step 69500/277470 25.0% t=125.72996 eta_s=45448.4 E=-0.91179654 P=0.70718862 dP=-0.29247027 r12=7.86561950 Vg=0.00006345 norm=1.00000000 rank=29/256 sv_max=1.75e+03 resid=1.28e-01
progress N=2 step 69750/277470 25.1% t=125.85496 eta_s=45390.6 E=-0.91146373 P=0.70662949 dP=-0.29302940 r12=7.86501017 Vg=0.00006355 norm=1.00000000 rank=29/256 sv_max=1.73e+03 resid=1.24e-01
progress N=2 step 70000/277470 25.2% t=125.97996 eta_s=45337.0 E=-0.91113177 P=0.70606850 dP=-0.29359039 r12=7.86426395 Vg=0.00006366 norm=1.00000000 rank=29/256 sv_max=1.73e+03 resid=1.20e-01
progress N=2 step 70250/277470 25.3% t=126.10496 eta_s=45281.9 E=-0.91080064 P=0.70550454 dP=-0.29415435 r12=7.86337538 Vg=0.00006383 norm=1.00000000 rank=29/256 sv_max=1.74e+03 resid=1.16e-01
progress N=2 step 70500/277470 25.4% t=126.22996 eta_s=45227.9 E=-0.91047040 P=0.70493433 dP=-0.29472456 r12=7.86234030 Vg=0.00006385 norm=1.00000000 rank=29/256 sv_max=1.76e+03 resid=1.12e-01
progress N=2 step 70750/277470 25.5% t=126.35496 eta_s=45168.3 E=-0.91014105 P=0.70435642 dP=-0.29530247 r12=7.86116278 Vg=0.00006369 norm=1.00000000 rank=29/256 sv_max=1.78e+03 resid=1.09e-01
progress N=2 step 71000/277470 25.6% t=126.47996 eta_s=45114.7 E=-0.90981258 P=0.70377001 dP=-0.29588888 r12=7.85985542 Vg=0.00006340 norm=1.00000000 rank=29/256 sv_max=1.79e+03 resid=1.07e-01
progress N=2 step 71250/277470 25.7% t=126.60496 eta_s=45061.2 E=-0.90948502 P=0.70317475 dP=-0.29648414 r12=7.85844163 Vg=0.00006311 norm=1.00000000 rank=29/256 sv_max=1.79e+03 resid=1.05e-01
progress N=2 step 71500/277470 25.8% t=126.72996 eta_s=45002.6 E=-0.90915833 P=0.70256998 dP=-0.29708891 r12=7.85695339 Vg=0.00006292 norm=1.00000000 rank=29/256 sv_max=1.79e+03 resid=1.04e-01
progress N=2 step 71750/277470 25.9% t=126.85496 eta_s=44948.8 E=-0.90883254 P=0.70195383 dP=-0.29770506 r12=7.85542274 Vg=0.00006288 norm=1.00000000 rank=29/256 sv_max=1.79e+03 resid=1.04e-01
progress N=2 step 72000/277470 25.9% t=126.97996 eta_s=44893.4 E=-0.90850768 P=0.70132300 dP=-0.29833589 r12=7.85387393 Vg=0.00006301 norm=1.00000000 rank=29/256 sv_max=1.80e+03 resid=1.04e-01
progress N=2 step 72250/277470 26.0% t=127.10496 eta_s=44840.7 E=-0.90818370 P=0.70067453 dP=-0.29898436 r12=7.85232142 Vg=0.00006328 norm=1.00000000 rank=29/256 sv_max=1.81e+03 resid=1.06e-01
progress N=2 step 72500/277470 26.1% t=127.22996 eta_s=44781.1 E=-0.90786071 P=0.70000814 dP=-0.29965075 r12=7.85077167 Vg=0.00006366 norm=1.00000000 rank=28/256 sv_max=1.83e+03 resid=1.08e-01
progress N=2 step 72750/277470 26.2% t=127.35496 eta_s=44718.9 E=-0.90753867 P=0.69932572 dP=-0.30033318 r12=7.84922708 Vg=0.00006413 norm=1.00000000 rank=28/256 sv_max=1.84e+03 resid=1.12e-01
progress N=2 step 73000/277470 26.3% t=127.47996 eta_s=44654.4 E=-0.90721761 P=0.69863076 dP=-0.30102813 r12=7.84769692 Vg=0.00006458 norm=1.00000000 rank=28/256 sv_max=1.86e+03 resid=1.17e-01
progress N=2 step 73250/277470 26.4% t=127.60496 eta_s=44591.6 E=-0.90689753 P=0.69792579 dP=-0.30173310 r12=7.84620222 Vg=0.00006491 norm=1.00000000 rank=28/256 sv_max=1.87e+03 resid=1.23e-01
progress N=2 step 73500/277470 26.5% t=127.72996 eta_s=44530.6 E=-0.90657836 P=0.69721221 dP=-0.30244668 r12=7.84477500 Vg=0.00006498 norm=1.00000000 rank=28/256 sv_max=1.87e+03 resid=1.28e-01
progress N=2 step 73750/277470 26.6% t=127.85496 eta_s=44466.3 E=-0.90626013 P=0.69649099 dP=-0.30316790 r12=7.84344898 Vg=0.00006470 norm=1.00000000 rank=28/256 sv_max=1.87e+03 resid=1.33e-01
progress N=2 step 74000/277470 26.7% t=127.97996 eta_s=44405.6 E=-0.90594280 P=0.69576394 dP=-0.30389495 r12=7.84225107 Vg=0.00006409 norm=1.00000000 rank=28/256 sv_max=1.87e+03 resid=1.37e-01
progress N=2 step 74250/277470 26.8% t=128.10496 eta_s=44343.3 E=-0.90562636 P=0.69503409 dP=-0.30462480 r12=7.84118971 Vg=0.00006332 norm=1.00000000 rank=28/256 sv_max=1.86e+03 resid=1.40e-01
progress N=2 step 74500/277470 26.8% t=128.22996 eta_s=44275.6 E=-0.90531082 P=0.69430395 dP=-0.30535494 r12=7.84025078 Vg=0.00006257 norm=1.00000000 rank=28/256 sv_max=1.84e+03 resid=1.42e-01
progress N=2 step 74750/277470 26.9% t=128.35496 eta_s=44212.4 E=-0.90499611 P=0.69357717 dP=-0.30608173 r12=7.83943304 Vg=0.00006167 norm=1.00000000 rank=29/256 sv_max=1.83e+03 resid=1.44e-01
progress N=2 step 75000/277470 27.0% t=128.47996 eta_s=44146.3 E=-0.90468231 P=0.69285351 dP=-0.30680538 r12=7.83870778 Vg=0.00006082 norm=1.00000000 rank=29/256 sv_max=1.81e+03 resid=1.46e-01
progress N=2 step 75250/277470 27.1% t=128.60496 eta_s=44084.7 E=-0.90436938 P=0.69213275 dP=-0.30752614 r12=7.83803033 Vg=0.00006031 norm=1.00000000 rank=29/256 sv_max=1.78e+03 resid=1.47e-01
progress N=2 step 75500/277470 27.2% t=128.72996 eta_s=44018.7 E=-0.90405732 P=0.69141904 dP=-0.30823985 r12=7.83737230 Vg=0.00005998 norm=1.00000000 rank=29/256 sv_max=1.76e+03 resid=1.48e-01
progress N=2 step 75750/277470 27.3% t=128.85496 eta_s=43956.5 E=-0.90374616 P=0.69071961 dP=-0.30893929 r12=7.83672441 Vg=0.00005963 norm=1.00000000 rank=29/256 sv_max=1.76e+03 resid=1.48e-01
progress N=2 step 76000/277470 27.4% t=128.97996 eta_s=43895.7 E=-0.90343586 P=0.69004064 dP=-0.30961825 r12=7.83607727 Vg=0.00005923 norm=1.00000000 rank=29/256 sv_max=1.77e+03 resid=1.47e-01
progress N=2 step 76250/277470 27.5% t=129.10496 eta_s=43830.0 E=-0.90312647 P=0.68938166 dP=-0.31027723 r12=7.83540170 Vg=0.00005876 norm=1.00000000 rank=29/256 sv_max=1.79e+03 resid=1.46e-01
progress N=2 step 76500/277470 27.6% t=129.22996 eta_s=43766.2 E=-0.90281801 P=0.68873911 dP=-0.31091978 r12=7.83466727 Vg=0.00005822 norm=1.00000000 rank=29/256 sv_max=1.79e+03 resid=1.44e-01
progress N=2 step 76750/277470 27.7% t=129.35496 eta_s=43703.5 E=-0.90251044 P=0.68811147 dP=-0.31154742 r12=7.83385198 Vg=0.00005770 norm=1.00000000 rank=29/256 sv_max=1.77e+03 resid=1.43e-01
progress N=2 step 77000/277470 27.8% t=129.47996 eta_s=43642.9 E=-0.90220383 P=0.68750069 dP=-0.31215820 r12=7.83293997 Vg=0.00005725 norm=1.00000000 rank=29/256 sv_max=1.74e+03 resid=1.42e-01
progress N=2 step 77250/277470 27.8% t=129.60496 eta_s=43582.7 E=-0.90189811 P=0.68690764 dP=-0.31275125 r12=7.83192768 Vg=0.00005704 norm=1.00000000 rank=29/256 sv_max=1.72e+03 resid=1.41e-01
progress N=2 step 77500/277470 27.9% t=129.72996 eta_s=43519.3 E=-0.90159329 P=0.68633073 dP=-0.31332816 r12=7.83082334 Vg=0.00005713 norm=1.00000000 rank=29/256 sv_max=1.72e+03 resid=1.40e-01
progress N=2 step 77750/277470 28.0% t=129.85496 eta_s=43458.9 E=-0.90128948 P=0.68576671 dP=-0.31389218 r12=7.82960645 Vg=0.00005740 norm=1.00000000 rank=29/256 sv_max=1.74e+03 resid=1.37e-01
progress N=2 step 78000/277470 28.1% t=129.97996 eta_s=43395.4 E=-0.90098658 P=0.68520414 dP=-0.31445475 r12=7.82825644 Vg=0.00005760 norm=1.00000000 rank=29/256 sv_max=1.77e+03 resid=1.34e-01
progress N=2 step 78250/277470 28.2% t=130.10496 eta_s=43335.3 E=-0.90068470 P=0.68463660 dP=-0.31502229 r12=7.82674580 Vg=0.00005770 norm=1.00000000 rank=29/256 sv_max=1.78e+03 resid=1.31e-01
progress N=2 step 78500/277470 28.3% t=130.22996 eta_s=43274.8 E=-0.90038381 P=0.68406094 dP=-0.31559796 r12=7.82506374 Vg=0.00005773 norm=1.00000000 rank=29/256 sv_max=1.77e+03 resid=1.31e-01
progress N=2 step 78750/277470 28.4% t=130.35496 eta_s=43211.4 E=-0.90008394 P=0.68348040 dP=-0.31617849 r12=7.82323328 Vg=0.00005776 norm=1.00000000 rank=29/256 sv_max=1.75e+03 resid=1.33e-01
progress N=2 step 79000/277470 28.5% t=130.47996 eta_s=43149.1 E=-0.89978511 P=0.68289866 dP=-0.31676023 r12=7.82130422 Vg=0.00005784 norm=1.00000000 rank=29/256 sv_max=1.73e+03 resid=1.38e-01
progress N=2 step 79250/277470 28.6% t=130.60496 eta_s=43086.0 E=-0.89948721 P=0.68231353 dP=-0.31734536 r12=7.81932474 Vg=0.00005788 norm=1.00000000 rank=29/256 sv_max=1.72e+03 resid=1.43e-01
progress N=2 step 79500/277470 28.7% t=130.72996 eta_s=43026.4 E=-0.89919018 P=0.68171809 dP=-0.31794080 r12=7.81733230 Vg=0.00005791 norm=1.00000000 rank=29/256 sv_max=1.71e+03 resid=1.48e-01
progress N=2 step 79750/277470 28.7% t=130.85496 eta_s=42961.1 E=-0.89889393 P=0.68110745 dP=-0.31855144 r12=7.81535984 Vg=0.00005816 norm=1.00000000 rank=29/256 sv_max=1.72e+03 resid=1.53e-01
progress N=2 step 80000/277470 28.8% t=130.97996 eta_s=42899.1 E=-0.89859856 P=0.68048205 dP=-0.31917684 r12=7.81342205 Vg=0.00005871 norm=1.00000000 rank=29/256 sv_max=1.72e+03 resid=1.56e-01
progress N=2 step 80250/277470 28.9% t=131.10496 eta_s=42839.5 E=-0.89830400 P=0.67983584 dP=-0.31982305 r12=7.81155186 Vg=0.00005948 norm=1.00000000 rank=29/256 sv_max=1.73e+03 resid=1.58e-01
progress N=2 step 80500/277470 29.0% t=131.22996 eta_s=42776.3 E=-0.89801009 P=0.67917709 dP=-0.32048180 r12=7.80977422 Vg=0.00006040 norm=1.00000000 rank=29/256 sv_max=1.75e+03 resid=1.60e-01
progress N=2 step 80750/277470 29.1% t=131.35496 eta_s=42716.9 E=-0.89771697 P=0.67851081 dP=-0.32114808 r12=7.80809895 Vg=0.00006147 norm=1.00000000 rank=29/256 sv_max=1.78e+03 resid=1.60e-01
progress N=2 step 81000/277470 29.2% t=131.47996 eta_s=42655.3 E=-0.89742462 P=0.67783697 dP=-0.32182192 r12=7.80652168 Vg=0.00006256 norm=1.00000000 rank=28/256 sv_max=1.81e+03 resid=1.60e-01
progress N=2 step 81250/277470 29.3% t=131.60496 eta_s=42596.5 E=-0.89713295 P=0.67715799 dP=-0.32250090 r12=7.80503022 Vg=0.00006337 norm=1.00000000 rank=28/256 sv_max=1.82e+03 resid=1.60e-01
progress N=2 step 81500/277470 29.4% t=131.72996 eta_s=42537.5 E=-0.89684212 P=0.67647435 dP=-0.32318454 r12=7.80360736 Vg=0.00006405 norm=1.00000000 rank=27/256 sv_max=1.81e+03 resid=1.60e-01
progress N=2 step 81750/277470 29.5% t=131.85496 eta_s=42473.5 E=-0.89655197 P=0.67579197 dP=-0.32386692 r12=7.80227129 Vg=0.00006470 norm=1.00000000 rank=28/256 sv_max=1.79e+03 resid=1.62e-01
progress N=2 step 82000/277470 29.6% t=131.97996 eta_s=42409.1 E=-0.89626258 P=0.67512750 dP=-0.32453139 r12=7.80107352 Vg=0.00006510 norm=1.00000000 rank=28/256 sv_max=1.78e+03 resid=1.67e-01
progress N=2 step 82250/277470 29.6% t=132.10496 eta_s=42340.1 E=-0.89597395 P=0.67447804 dP=-0.32518085 r12=7.80003194 Vg=0.00006558 norm=1.00000000 rank=28/256 sv_max=1.78e+03 resid=1.72e-01
progress N=2 step 82500/277470 29.7% t=132.22996 eta_s=42280.0 E=-0.89568591 P=0.67383340 dP=-0.32582549 r12=7.79912093 Vg=0.00006610 norm=1.00000000 rank=28/256 sv_max=1.77e+03 resid=1.74e-01
progress N=2 step 82750/277470 29.8% t=132.35496 eta_s=42219.9 E=-0.89539865 P=0.67319092 dP=-0.32646797 r12=7.79830911 Vg=0.00006651 norm=1.00000000 rank=28/256 sv_max=1.77e+03 resid=1.74e-01
progress N=2 step 83000/277470 29.9% t=132.47996 eta_s=42160.6 E=-0.89511204 P=0.67255238 dP=-0.32710651 r12=7.79756062 Vg=0.00006684 norm=1.00000000 rank=28/256 sv_max=1.76e+03 resid=1.71e-01
progress N=2 step 83250/277470 30.0% t=132.60496 eta_s=42102.4 E=-0.89482617 P=0.67192574 dP=-0.32773315 r12=7.79684616 Vg=0.00006707 norm=1.00000000 rank=28/256 sv_max=1.75e+03 resid=1.68e-01
progress N=2 step 83500/277470 30.1% t=132.72996 eta_s=42041.9 E=-0.89454117 P=0.67132129 dP=-0.32833760 r12=7.79616425 Vg=0.00006730 norm=1.00000000 rank=28/256 sv_max=1.76e+03 resid=1.65e-01
progress N=2 step 83750/277470 30.2% t=132.85496 eta_s=41983.8 E=-0.89425690 P=0.67073773 dP=-0.32892116 r12=7.79550431 Vg=0.00006776 norm=1.00000000 rank=28/256 sv_max=1.78e+03 resid=1.60e-01
progress N=2 step 84000/277470 30.3% t=132.97996 eta_s=41923.2 E=-0.89397360 P=0.67016611 dP=-0.32949278 r12=7.79482396 Vg=0.00006833 norm=1.00000000 rank=28/256 sv_max=1.79e+03 resid=1.54e-01
progress N=2 step 84250/277470 30.4% t=133.10496 eta_s=41865.4 E=-0.89369120 P=0.66959675 dP=-0.33006214 r12=7.79406746 Vg=0.00006888 norm=1.00000000 rank=28/256 sv_max=1.78e+03 resid=1.46e-01
progress N=2 step 84500/277470 30.5% t=133.22996 eta_s=41807.6 E=-0.89340970 P=0.66902413 dP=-0.33063476 r12=7.79318267 Vg=0.00006937 norm=1.00000000 rank=28/256 sv_max=1.73e+03 resid=1.38e-01
progress N=2 step 84750/277470 30.5% t=133.35496 eta_s=41745.4 E=-0.89312918 P=0.66845858 dP=-0.33120031 r12=7.79213550 Vg=0.00006950 norm=1.00000000 rank=28/256 sv_max=1.68e+03 resid=1.33e-01
progress N=2 step 85000/277470 30.6% t=133.47996 eta_s=41683.2 E=-0.89284940 P=0.66792546 dP=-0.33173343 r12=7.79096311 Vg=0.00006945 norm=1.00000000 rank=28/256 sv_max=1.66e+03 resid=1.29e-01
progress N=2 step 85250/277470 30.7% t=133.60496 eta_s=41616.8 E=-0.89257040 P=0.66740729 dP=-0.33225160 r12=7.78971989 Vg=0.00007016 norm=1.00000000 rank=28/256 sv_max=1.68e+03 resid=1.24e-01
progress N=2 step 85500/277470 30.8% t=133.72996 eta_s=41556.1 E=-0.89229219 P=0.66688901 dP=-0.33276988 r12=7.78838581 Vg=0.00007082 norm=1.00000000 rank=28/256 sv_max=1.72e+03 resid=1.20e-01
progress N=2 step 85750/277470 30.9% t=133.85496 eta_s=41495.9 E=-0.89201461 P=0.66635136 dP=-0.33330753 r12=7.78693069 Vg=0.00007132 norm=1.00000000 rank=28/256 sv_max=1.74e+03 resid=1.15e-01
progress N=2 step 86000/277470 31.0% t=133.97996 eta_s=41435.6 E=-0.89173781 P=0.66578604 dP=-0.33387285 r12=7.78531679 Vg=0.00007197 norm=1.00000000 rank=28/256 sv_max=1.73e+03 resid=1.10e-01
progress N=2 step 86250/277470 31.1% t=134.10496 eta_s=41379.1 E=-0.89146166 P=0.66519482 dP=-0.33446407 r12=7.78352071 Vg=0.00007267 norm=1.00000000 rank=28/256 sv_max=1.72e+03 resid=1.07e-01
progress N=2 step 86500/277470 31.2% t=134.22996 eta_s=41319.3 E=-0.89118638 P=0.66460016 dP=-0.33505873 r12=7.78157516 Vg=0.00007301 norm=1.00000000 rank=28/256 sv_max=1.72e+03 resid=1.09e-01
progress N=2 step 86750/277470 31.3% t=134.35496 eta_s=41262.0 E=-0.89091198 P=0.66401984 dP=-0.33563905 r12=7.77954964 Vg=0.00007375 norm=1.00000000 rank=28/256 sv_max=1.75e+03 resid=1.10e-01
progress N=2 step 87000/277470 31.4% t=134.47996 eta_s=41202.1 E=-0.89063840 P=0.66342968 dP=-0.33622921 r12=7.77744882 Vg=0.00007469 norm=1.00000000 rank=28/256 sv_max=1.77e+03 resid=1.14e-01
progress N=2 step 87250/277470 31.4% t=134.60496 eta_s=41144.6 E=-0.89036577 P=0.66281750 dP=-0.33684139 r12=7.77525681 Vg=0.00007521 norm=1.00000000 rank=28/256 sv_max=1.78e+03 resid=1.19e-01
progress N=2 step 87500/277470 31.5% t=134.72996 eta_s=41087.6 E=-0.89009387 P=0.66217699 dP=-0.33748190 r12=7.77296133 Vg=0.00007559 norm=1.00000000 rank=28/256 sv_max=1.76e+03 resid=1.23e-01
progress N=2 step 87750/277470 31.6% t=134.85496 eta_s=41025.8 E=-0.88982276 P=0.66151871 dP=-0.33814018 r12=7.77058317 Vg=0.00007595 norm=1.00000000 rank=28/256 sv_max=1.74e+03 resid=1.27e-01
progress N=2 step 88000/277470 31.7% t=134.97996 eta_s=40967.1 E=-0.88955240 P=0.66086253 dP=-0.33879636 r12=7.76822921 Vg=0.00007604 norm=1.00000000 rank=28/256 sv_max=1.74e+03 resid=1.32e-01
progress N=2 step 88250/277470 31.8% t=135.10496 eta_s=40907.4 E=-0.88928264 P=0.66020959 dP=-0.33944931 r12=7.76599919 Vg=0.00007689 norm=1.00000000 rank=28/256 sv_max=1.77e+03 resid=1.36e-01
progress N=2 step 88500/277470 31.9% t=135.22996 eta_s=40847.2 E=-0.88901366 P=0.65953870 dP=-0.34012019 r12=7.76388403 Vg=0.00007837 norm=1.00000000 rank=28/256 sv_max=1.80e+03 resid=1.40e-01
progress N=2 step 88750/277470 32.0% t=135.35496 eta_s=40787.2 E=-0.88874536 P=0.65885173 dP=-0.34080716 r12=7.76187282 Vg=0.00007968 norm=1.00000000 rank=28/256 sv_max=1.81e+03 resid=1.48e-01
progress N=2 step 89000/277470 32.1% t=135.47996 eta_s=40723.0 E=-0.88847783 P=0.65816264 dP=-0.34149625 r12=7.75996022 Vg=0.00008061 norm=1.00000000 rank=28/256 sv_max=1.81e+03 resid=1.58e-01
progress N=2 step 89250/277470 32.2% t=135.60496 eta_s=40659.9 E=-0.88821113 P=0.65749658 dP=-0.34216231 r12=7.75811713 Vg=0.00008136 norm=1.00000000 rank=28/256 sv_max=1.79e+03 resid=1.73e-01
progress N=2 step 89500/277470 32.3% t=135.72996 eta_s=40598.2 E=-0.88794513 P=0.65683448 dP=-0.34282442 r12=7.75632589 Vg=0.00008291 norm=1.00000000 rank=28/256 sv_max=1.77e+03 resid=1.86e-01
progress N=2 step 89750/277470 32.3% t=135.85496 eta_s=40540.1 E=-0.88768003 P=0.65618081 dP=-0.34347808 r12=7.75466727 Vg=0.00008443 norm=1.00000000 rank=28/256 sv_max=1.75e+03 resid=1.95e-01
progress N=2 step 90000/277470 32.4% t=135.97996 eta_s=40481.1 E=-0.88741574 P=0.65553039 dP=-0.34412850 r12=7.75316975 Vg=0.00008584 norm=1.00000000 rank=28/256 sv_max=1.72e+03 resid=2.02e-01
progress N=2 step 90250/277470 32.5% t=136.10496 eta_s=40421.2 E=-0.88715226 P=0.65487758 dP=-0.34478131 r12=7.75178669 Vg=0.00008698 norm=1.00000000 rank=28/256 sv_max=1.69e+03 resid=2.06e-01
progress N=2 step 90500/277470 32.6% t=136.22996 eta_s=40363.1 E=-0.88688968 P=0.65422763 dP=-0.34543126 r12=7.75045840 Vg=0.00008765 norm=1.00000000 rank=28/256 sv_max=1.65e+03 resid=2.07e-01
progress N=2 step 90750/277470 32.7% t=136.35496 eta_s=40303.4 E=-0.88662778 P=0.65358686 dP=-0.34607203 r12=7.74913415 Vg=0.00008783 norm=1.00000000 rank=28/256 sv_max=1.62e+03 resid=2.00e-01
progress N=2 step 91000/277470 32.8% t=136.47996 eta_s=40243.8 E=-0.88636663 P=0.65296561 dP=-0.34669328 r12=7.74776134 Vg=0.00008782 norm=1.00000000 rank=28/256 sv_max=1.61e+03 resid=1.91e-01
progress N=2 step 91250/277470 32.9% t=136.60496 eta_s=40182.8 E=-0.88610596 P=0.65238076 dP=-0.34727813 r12=7.74631347 Vg=0.00008758 norm=1.00000000 rank=28/256 sv_max=1.61e+03 resid=1.81e-01
progress N=2 step 91500/277470 33.0% t=136.72996 eta_s=40125.5 E=-0.88584595 P=0.65182706 dP=-0.34783183 r12=7.74487074 Vg=0.00008726 norm=1.00000000 rank=28/256 sv_max=1.62e+03 resid=1.73e-01
progress N=2 step 91750/277470 33.1% t=136.85496 eta_s=40068.3 E=-0.88558682 P=0.65128630 dP=-0.34837259 r12=7.74343947 Vg=0.00008714 norm=1.00000000 rank=28/256 sv_max=1.63e+03 resid=1.68e-01
progress N=2 step 92000/277470 33.2% t=136.97996 eta_s=40008.8 E=-0.88532819 P=0.65074382 dP=-0.34891507 r12=7.74200212 Vg=0.00008723 norm=1.00000000 rank=28/256 sv_max=1.65e+03 resid=1.63e-01
