job_id=605824
array_job_id=605824
array_task_id=1
job_name=vs3n2st2
partition=epyc
node_list=fov
excluded_nodes=bar
workdir=/home/gyqyan/zexuan/ecg1d_code/1D_thouless_pumping
cpus_per_task=32
mem_per_node=16384
binary=./build/ecg1d_vs3_n2_dt001_staged_full
case_label=gauss_sigma1p000
mode=gauss
sigma=1.0
planning_estimate=staged local dt: shoulders dt/10, core dt/20, 277470 steps; 32-core benchmark gauss ~0.23 s/step near s=0.25
start_time=2026-07-09T16:31:40+08:00
config=legacy_prb_3_3_n2_pathpad_K32_dt0p01_staged_gauss_sigma1p000 lambda_C=1.00e-08 rcond=1.00e-04 | TDVP param dimension=256
progress N=2 step 0/277470 0.0% t=0.00000 eta_s=nan E=-2.15315024 P=0.99965889 dP=0.00000000 r12=8.04559382 Vg=0.00000079 norm=1.00000000 rank=-1/256 sv_max=nan resid=nan
initial t=0.00000 tau=0.00000 E=-2.1531502357 <X>/a=0.9996588910 norm=1.0000000000 V_gauss=0.0000007907
progress N=2 step 250/277470 0.1% t=2.50000 eta_s=58338.8 E=-2.14296919 P=0.98909673 dP=-0.01056216 r12=8.04540240 Vg=0.00000090 norm=1.00000000 rank=35/256 sv_max=1.07e+02 resid=6.73e-03
progress N=2 step 500/277470 0.2% t=5.00000 eta_s=58756.5 E=-2.11775348 P=0.98050483 dP=-0.01915406 r12=8.04558447 Vg=0.00000092 norm=1.00000000 rank=37/256 sv_max=1.03e+02 resid=3.77e-02
progress N=2 step 750/277470 0.3% t=7.50000 eta_s=57812.8 E=-2.07650053 P=0.96857414 dP=-0.03108476 r12=8.04635497 Vg=0.00000091 norm=1.00000000 rank=35/256 sv_max=9.45e+01 resid=9.43e-03
progress N=2 step 1000/277470 0.4% t=10.00000 eta_s=57853.7 E=-2.02660527 P=0.96258178 dP=-0.03707711 r12=8.04567470 Vg=0.00000097 norm=1.00000000 rank=34/256 sv_max=1.03e+02 resid=3.53e-02
progress N=2 step 1250/277470 0.5% t=12.50000 eta_s=58182.8 E=-1.96894277 P=0.95119142 dP=-0.04846747 r12=8.04787509 Vg=0.00000088 norm=1.00000000 rank=34/256 sv_max=1.12e+02 resid=1.18e-02
progress N=2 step 1500/277470 0.5% t=15.00000 eta_s=57814.5 E=-1.90971527 P=0.94720646 dP=-0.05245243 r12=8.04598240 Vg=0.00000111 norm=1.00000000 rank=34/256 sv_max=1.07e+02 resid=3.75e-02
progress N=2 step 1750/277470 0.6% t=17.50000 eta_s=57805.9 E=-1.84891323 P=0.93727109 dP=-0.06238781 r12=8.05063618 Vg=0.00000113 norm=1.00000000 rank=37/256 sv_max=1.31e+02 resid=1.16e-02
progress N=2 step 2000/277470 0.7% t=20.00000 eta_s=58036.5 E=-1.79077055 P=0.93346983 dP=-0.06618906 r12=8.04833468 Vg=0.00000206 norm=1.00000000 rank=35/256 sv_max=1.25e+02 resid=3.53e-02
progress N=2 step 2250/277470 0.8% t=22.50000 eta_s=58204.8 E=-1.73405288 P=0.92734988 dP=-0.07230901 r12=8.04939540 Vg=0.00000286 norm=1.00000000 rank=35/256 sv_max=1.21e+02 resid=1.35e-02
progress N=2 step 2500/277470 0.9% t=25.00000 eta_s=58105.2 E=-1.68126491 P=0.92108500 dP=-0.07857389 r12=8.05431578 Vg=0.00000481 norm=1.00000000 rank=35/256 sv_max=1.39e+02 resid=4.01e-02
progress N=2 step 2750/277470 1.0% t=27.50000 eta_s=57991.6 E=-1.63131081 P=0.91906904 dP=-0.08058985 r12=8.03875392 Vg=0.00000758 norm=1.00000000 rank=33/256 sv_max=1.17e+02 resid=2.94e-02
progress N=2 step 3000/277470 1.1% t=30.00000 eta_s=58045.7 E=-1.58484146 P=0.91229035 dP=-0.08736854 r12=8.07002401 Vg=0.00001017 norm=1.00000000 rank=33/256 sv_max=1.36e+02 resid=2.93e-02
progress N=2 step 3250/277470 1.2% t=32.50000 eta_s=58099.1 E=-1.54175928 P=0.90938032 dP=-0.09027857 r12=8.02740541 Vg=0.00001071 norm=1.00000000 rank=33/256 sv_max=1.39e+02 resid=3.75e-02
progress N=2 step 3500/277470 1.3% t=35.00000 eta_s=58148.9 E=-1.50154325 P=0.90628334 dP=-0.09337555 r12=8.06242433 Vg=0.00001222 norm=1.00000000 rank=34/256 sv_max=1.43e+02 resid=4.11e-02
progress N=2 step 3750/277470 1.4% t=37.50000 eta_s=58177.7 E=-1.46425687 P=0.90153803 dP=-0.09812087 r12=8.05733080 Vg=0.00001151 norm=1.00000000 rank=33/256 sv_max=1.57e+02 resid=5.09e-02
progress N=2 step 4000/277470 1.4% t=40.00000 eta_s=58218.8 E=-1.42941743 P=0.90010981 dP=-0.09954908 r12=8.03964262 Vg=0.00000787 norm=1.00000000 rank=33/256 sv_max=1.62e+02 resid=2.08e-01
progress N=2 step 4250/277470 1.5% t=42.50000 eta_s=58241.6 E=-1.39707915 P=0.89418851 dP=-0.10547038 r12=8.04851942 Vg=0.00000882 norm=1.00000000 rank=32/256 sv_max=1.79e+02 resid=1.31e-01
progress N=2 step 4500/277470 1.6% t=45.00000 eta_s=58265.4 E=-1.36708401 P=0.89306708 dP=-0.10659181 r12=8.06480217 Vg=0.00000924 norm=1.00000000 rank=32/256 sv_max=1.82e+02 resid=2.20e-01
progress N=2 step 4750/277470 1.7% t=47.50000 eta_s=58211.9 E=-1.33873324 P=0.89175681 dP=-0.10790208 r12=8.04258366 Vg=0.00000811 norm=1.00000000 rank=32/256 sv_max=1.84e+02 resid=1.70e-01
progress N=2 step 5000/277470 1.8% t=50.00000 eta_s=58133.4 E=-1.31226254 P=0.88653674 dP=-0.11312215 r12=8.04745046 Vg=0.00000700 norm=1.00000000 rank=32/256 sv_max=2.12e+02 resid=2.10e-01
progress N=2 step 5250/277470 1.9% t=52.50000 eta_s=58034.8 E=-1.28758790 P=0.88150782 dP=-0.11815107 r12=8.05185764 Vg=0.00000730 norm=1.00000000 rank=32/256 sv_max=2.28e+02 resid=1.61e-01
progress N=2 step 5500/277470 2.0% t=55.00000 eta_s=57948.1 E=-1.26439672 P=0.88129729 dP=-0.11836160 r12=8.03597484 Vg=0.00000816 norm=1.00000000 rank=33/256 sv_max=2.20e+02 resid=3.48e-01
progress N=2 step 5750/277470 2.1% t=57.50000 eta_s=57913.2 E=-1.24226651 P=0.88056952 dP=-0.11908937 r12=8.04193127 Vg=0.00000804 norm=1.00000000 rank=32/256 sv_max=2.30e+02 resid=1.91e-01
progress N=2 step 6000/277470 2.2% t=60.00000 eta_s=57907.7 E=-1.22142907 P=0.87488973 dP=-0.12476917 r12=8.05228765 Vg=0.00000859 norm=1.00000000 rank=32/256 sv_max=2.48e+02 resid=2.03e-01
progress N=2 step 6250/277470 2.3% t=62.50000 eta_s=57910.3 E=-1.20178731 P=0.87174386 dP=-0.12791503 r12=8.05433901 Vg=0.00000907 norm=1.00000000 rank=33/256 sv_max=2.72e+02 resid=1.66e-01
progress N=2 step 6500/277470 2.3% t=65.00000 eta_s=57907.6 E=-1.18317333 P=0.86839358 dP=-0.13126531 r12=8.01590752 Vg=0.00000774 norm=1.00000000 rank=32/256 sv_max=2.82e+02 resid=2.57e-01
progress N=2 step 6750/277470 2.4% t=67.50000 eta_s=57900.6 E=-1.16541582 P=0.86690708 dP=-0.13275181 r12=8.01464299 Vg=0.00000606 norm=1.00000000 rank=32/256 sv_max=2.97e+02 resid=2.31e-01
progress N=2 step 7000/277470 2.5% t=70.00000 eta_s=57892.4 E=-1.14851992 P=0.86163335 dP=-0.13802554 r12=8.02385870 Vg=0.00000513 norm=1.00000000 rank=33/256 sv_max=3.16e+02 resid=2.08e-01
progress N=2 step 7250/277470 2.6% t=72.50000 eta_s=57872.7 E=-1.13246077 P=0.85879355 dP=-0.14086534 r12=8.04108962 Vg=0.00000530 norm=1.00000000 rank=33/256 sv_max=3.39e+02 resid=2.38e-01
progress N=2 step 7500/277470 2.7% t=75.00000 eta_s=57703.4 E=-1.11709411 P=0.85491520 dP=-0.14474369 r12=8.04097453 Vg=0.00000648 norm=1.00000000 rank=34/256 sv_max=3.91e+02 resid=1.78e-01
progress N=2 step 7750/277470 2.8% t=77.50000 eta_s=57603.8 E=-1.10238589 P=0.85208661 dP=-0.14757228 r12=8.02254309 Vg=0.00000810 norm=1.00000000 rank=31/256 sv_max=4.51e+02 resid=3.05e-01
progress N=2 step 8000/277470 2.9% t=80.00000 eta_s=57599.6 E=-1.08822617 P=0.84931356 dP=-0.15034533 r12=8.00274037 Vg=0.00000604 norm=1.00000000 rank=31/256 sv_max=5.06e+02 resid=2.26e-01
progress N=2 step 8250/277470 3.0% t=82.50000 eta_s=57503.1 E=-1.07467980 P=0.84293636 dP=-0.15672254 r12=7.98103030 Vg=0.00000465 norm=1.00000000 rank=31/256 sv_max=5.30e+02 resid=2.53e-01
progress N=2 step 8500/277470 3.1% t=85.00000 eta_s=57409.9 E=-1.06173031 P=0.83781255 dP=-0.16184634 r12=7.98450378 Vg=0.00000334 norm=1.00000000 rank=30/256 sv_max=5.52e+02 resid=1.95e-01
progress N=2 step 8750/277470 3.2% t=87.50000 eta_s=57382.0 E=-1.04933915 P=0.83090480 dP=-0.16875409 r12=7.97705798 Vg=0.00000146 norm=1.00000000 rank=30/256 sv_max=6.07e+02 resid=2.10e-01
progress N=2 step 9000/277470 3.2% t=90.00000 eta_s=57373.3 E=-1.03742572 P=0.82761888 dP=-0.17204001 r12=7.97097862 Vg=0.00000234 norm=1.00000000 rank=30/256 sv_max=6.27e+02 resid=4.47e-01
progress N=2 step 9250/277470 3.3% t=90.67987 eta_s=57362.1 E=-1.03424820 P=0.82690245 dP=-0.17275644 r12=7.97223573 Vg=0.00000280 norm=1.00000000 rank=30/256 sv_max=6.18e+02 resid=4.12e-01
progress N=2 step 9500/277470 3.4% t=90.92987 eta_s=57334.1 E=-1.03308596 P=0.82664717 dP=-0.17301172 r12=7.97221780 Vg=0.00000285 norm=1.00000000 rank=30/256 sv_max=6.31e+02 resid=3.81e-01
progress N=2 step 9750/277470 3.5% t=91.17987 eta_s=57282.0 E=-1.03192692 P=0.82639257 dP=-0.17326632 r12=7.97180176 Vg=0.00000267 norm=1.00000000 rank=30/256 sv_max=6.37e+02 resid=3.32e-01
progress N=2 step 10000/277470 3.6% t=91.42987 eta_s=57233.4 E=-1.03077143 P=0.82613222 dP=-0.17352667 r12=7.97078817 Vg=0.00000256 norm=1.00000000 rank=30/256 sv_max=6.31e+02 resid=2.91e-01
progress N=2 step 10250/277470 3.7% t=91.67987 eta_s=57221.6 E=-1.02961969 P=0.82583685 dP=-0.17382204 r12=7.96922446 Vg=0.00000279 norm=1.00000000 rank=30/256 sv_max=6.47e+02 resid=2.62e-01
progress N=2 step 10500/277470 3.8% t=91.92987 eta_s=57209.7 E=-1.02847165 P=0.82549296 dP=-0.17416593 r12=7.96725718 Vg=0.00000324 norm=1.00000000 rank=30/256 sv_max=6.72e+02 resid=2.38e-01
progress N=2 step 10750/277470 3.9% t=92.17987 eta_s=57194.8 E=-1.02732750 P=0.82507799 dP=-0.17458090 r12=7.96508701 Vg=0.00000355 norm=1.00000000 rank=30/256 sv_max=6.78e+02 resid=2.41e-01
progress N=2 step 11000/277470 4.0% t=92.42987 eta_s=57165.6 E=-1.02618732 P=0.82459145 dP=-0.17506744 r12=7.96286029 Vg=0.00000363 norm=1.00000000 rank=30/256 sv_max=6.59e+02 resid=2.67e-01
progress N=2 step 11250/277470 4.1% t=92.67987 eta_s=56973.4 E=-1.02505084 P=0.82403063 dP=-0.17562826 r12=7.96080077 Vg=0.00000381 norm=1.00000000 rank=30/256 sv_max=6.72e+02 resid=2.80e-01
progress N=2 step 11500/277470 4.1% t=92.92987 eta_s=56766.6 E=-1.02391800 P=0.82339888 dP=-0.17626001 r12=7.95908146 Vg=0.00000407 norm=1.00000000 rank=29/256 sv_max=6.68e+02 resid=2.83e-01
progress N=2 step 11750/277470 4.2% t=93.17987 eta_s=56666.6 E=-1.02278872 P=0.82276507 dP=-0.17689382 r12=7.95769287 Vg=0.00000427 norm=1.00000000 rank=29/256 sv_max=6.55e+02 resid=3.09e-01
progress N=2 step 12000/277470 4.3% t=93.42987 eta_s=56619.1 E=-1.02166301 P=0.82218661 dP=-0.17747228 r12=7.95662526 Vg=0.00000460 norm=1.00000000 rank=30/256 sv_max=6.71e+02 resid=3.45e-01
progress N=2 step 12250/277470 4.4% t=93.67987 eta_s=56600.0 E=-1.02054088 P=0.82165326 dP=-0.17800563 r12=7.95574444 Vg=0.00000533 norm=1.00000000 rank=30/256 sv_max=7.02e+02 resid=3.45e-01
progress N=2 step 12500/277470 4.5% t=93.92987 eta_s=56579.6 E=-1.01942228 P=0.82118995 dP=-0.17846894 r12=7.95506130 Vg=0.00000605 norm=1.00000000 rank=30/256 sv_max=6.87e+02 resid=3.37e-01
progress N=2 step 12750/277470 4.6% t=94.17987 eta_s=56556.7 E=-1.01830722 P=0.82082551 dP=-0.17883339 r12=7.95454130 Vg=0.00000631 norm=1.00000000 rank=30/256 sv_max=6.81e+02 resid=3.71e-01
progress N=2 step 13000/277470 4.7% t=94.42987 eta_s=56534.1 E=-1.01719578 P=0.82051875 dP=-0.17914014 r12=7.95419894 Vg=0.00000618 norm=1.00000000 rank=30/256 sv_max=7.13e+02 resid=4.14e-01
progress N=2 step 13250/277470 4.8% t=94.67987 eta_s=56510.5 E=-1.01608805 P=0.82022831 dP=-0.17943058 r12=7.95404893 Vg=0.00000605 norm=1.00000000 rank=30/256 sv_max=7.23e+02 resid=4.11e-01
progress N=2 step 13500/277470 4.9% t=94.92987 eta_s=56446.0 E=-1.01498425 P=0.81995780 dP=-0.17970109 r12=7.95407659 Vg=0.00000621 norm=1.00000000 rank=29/256 sv_max=7.04e+02 resid=4.05e-01
progress N=2 step 13750/277470 5.0% t=95.17987 eta_s=56396.6 E=-1.01388383 P=0.81970293 dP=-0.17995596 r12=7.95435730 Vg=0.00000651 norm=1.00000000 rank=29/256 sv_max=7.10e+02 resid=4.17e-01
progress N=2 step 14000/277470 5.0% t=95.42987 eta_s=56348.1 E=-1.01278653 P=0.81941005 dP=-0.18024884 r12=7.95488113 Vg=0.00000677 norm=1.00000000 rank=29/256 sv_max=7.36e+02 resid=3.92e-01
progress N=2 step 14250/277470 5.1% t=95.67987 eta_s=56312.0 E=-1.01169246 P=0.81904783 dP=-0.18061106 r12=7.95545806 Vg=0.00000715 norm=1.00000000 rank=29/256 sv_max=7.37e+02 resid=3.33e-01
progress N=2 step 14500/277470 5.2% t=95.92987 eta_s=56282.0 E=-1.01060162 P=0.81863387 dP=-0.18102502 r12=7.95588456 Vg=0.00000771 norm=1.00000000 rank=29/256 sv_max=7.18e+02 resid=2.99e-01
progress N=2 step 14750/277470 5.3% t=96.17987 eta_s=56244.6 E=-1.00951382 P=0.81818905 dP=-0.18146984 r12=7.95602963 Vg=0.00000820 norm=1.00000000 rank=29/256 sv_max=7.16e+02 resid=2.76e-01
progress N=2 step 15000/277470 5.4% t=96.42987 eta_s=56210.2 E=-1.00842888 P=0.81769692 dP=-0.18196197 r12=7.95587117 Vg=0.00000846 norm=1.00000000 rank=29/256 sv_max=7.23e+02 resid=2.48e-01
progress N=2 step 15250/277470 5.5% t=96.67987 eta_s=56174.7 E=-1.00734683 P=0.81714514 dP=-0.18251375 r12=7.95544096 Vg=0.00000865 norm=1.00000000 rank=29/256 sv_max=7.15e+02 resid=2.31e-01
progress N=2 step 15500/277470 5.6% t=96.92987 eta_s=56138.8 E=-1.00626782 P=0.81655869 dP=-0.18310020 r12=7.95477305 Vg=0.00000895 norm=1.00000000 rank=30/256 sv_max=7.00e+02 resid=2.36e-01
progress N=2 step 15750/277470 5.7% t=97.17987 eta_s=56101.3 E=-1.00519229 P=0.81596377 dP=-0.18369512 r12=7.95393862 Vg=0.00000929 norm=1.00000000 rank=30/256 sv_max=7.03e+02 resid=2.44e-01
progress N=2 step 16000/277470 5.8% t=97.42987 eta_s=56058.4 E=-1.00412020 P=0.81535725 dP=-0.18430164 r12=7.95302062 Vg=0.00000936 norm=1.00000000 rank=30/256 sv_max=7.11e+02 resid=2.39e-01
progress N=2 step 16250/277470 5.9% t=97.67987 eta_s=55983.7 E=-1.00305205 P=0.81473405 dP=-0.18492484 r12=7.95208069 Vg=0.00000919 norm=1.00000000 rank=29/256 sv_max=7.11e+02 resid=2.29e-01
progress N=2 step 16500/277470 5.9% t=97.92987 eta_s=55894.1 E=-1.00198822 P=0.81409904 dP=-0.18555985 r12=7.95114593 Vg=0.00000909 norm=1.00000000 rank=29/256 sv_max=7.17e+02 resid=2.18e-01
progress N=2 step 16750/277470 6.0% t=98.17987 eta_s=55827.7 E=-1.00092885 P=0.81346145 dP=-0.18619744 r12=7.95017373 Vg=0.00000921 norm=1.00000000 rank=29/256 sv_max=7.29e+02 resid=2.03e-01
progress N=2 step 17000/277470 6.1% t=98.42987 eta_s=55791.2 E=-0.99987385 P=0.81282037 dP=-0.18683853 r12=7.94913256 Vg=0.00000943 norm=1.00000000 rank=29/256 sv_max=7.41e+02 resid=1.85e-01
progress N=2 step 17250/277470 6.2% t=98.67987 eta_s=55754.0 E=-0.99882318 P=0.81212923 dP=-0.18752966 r12=7.94806570 Vg=0.00000966 norm=1.00000000 rank=29/256 sv_max=7.60e+02 resid=1.75e-01
progress N=2 step 17500/277470 6.3% t=98.92987 eta_s=55716.9 E=-0.99777691 P=0.81135241 dP=-0.18830648 r12=7.94699899 Vg=0.00001000 norm=1.00000000 rank=29/256 sv_max=7.70e+02 resid=1.76e-01
progress N=2 step 17750/277470 6.4% t=99.17987 eta_s=55679.3 E=-0.99673492 P=0.81051485 dP=-0.18914404 r12=7.94590934 Vg=0.00001040 norm=1.00000000 rank=30/256 sv_max=7.64e+02 resid=1.85e-01
progress N=2 step 18000/277470 6.5% t=99.42987 eta_s=55643.0 E=-0.99569682 P=0.80962992 dP=-0.19002897 r12=7.94468388 Vg=0.00001042 norm=1.00000000 rank=29/256 sv_max=7.54e+02 resid=2.00e-01
progress N=2 step 18250/277470 6.6% t=99.67987 eta_s=55606.4 E=-0.99466275 P=0.80871479 dP=-0.19094410 r12=7.94330975 Vg=0.00000990 norm=1.00000000 rank=29/256 sv_max=7.51e+02 resid=2.15e-01
progress N=2 step 18500/277470 6.7% t=99.92987 eta_s=55571.6 E=-0.99363283 P=0.80777626 dP=-0.19188263 r12=7.94187510 Vg=0.00000922 norm=1.00000000 rank=29/256 sv_max=7.50e+02 resid=2.24e-01
progress N=2 step 18750/277470 6.8% t=100.17987 eta_s=55535.6 E=-0.99260691 P=0.80687445 dP=-0.19278444 r12=7.94047870 Vg=0.00000883 norm=1.00000000 rank=30/256 sv_max=7.45e+02 resid=2.26e-01
progress N=2 step 19000/277470 6.8% t=100.42987 eta_s=55490.7 E=-0.99158470 P=0.80607294 dP=-0.19358595 r12=7.93922146 Vg=0.00000878 norm=1.00000000 rank=30/256 sv_max=7.49e+02 resid=2.27e-01
progress N=2 step 19250/277470 6.9% t=100.60496 eta_s=55436.5 E=-0.99087128 P=0.80556319 dP=-0.19409570 r12=7.93848760 Vg=0.00000886 norm=1.00000000 rank=29/256 sv_max=7.62e+02 resid=2.26e-01
progress N=2 step 19500/277470 7.0% t=100.72996 eta_s=55387.1 E=-0.99036290 P=0.80521520 dP=-0.19444369 r12=7.93807039 Vg=0.00000894 norm=1.00000000 rank=29/256 sv_max=7.71e+02 resid=2.24e-01
progress N=2 step 19750/277470 7.1% t=100.85496 eta_s=55348.2 E=-0.98985586 P=0.80486695 dP=-0.19479194 r12=7.93773642 Vg=0.00000906 norm=1.00000000 rank=30/256 sv_max=7.77e+02 resid=2.25e-01
progress N=2 step 20000/277470 7.2% t=100.97996 eta_s=55305.7 E=-0.98934939 P=0.80452139 dP=-0.19513750 r12=7.93750967 Vg=0.00000924 norm=1.00000000 rank=30/256 sv_max=7.81e+02 resid=2.27e-01
progress N=2 step 20250/277470 7.3% t=101.10496 eta_s=55264.1 E=-0.98884439 P=0.80417834 dP=-0.19548056 r12=7.93739500 Vg=0.00000946 norm=1.00000000 rank=30/256 sv_max=7.81e+02 resid=2.31e-01
progress N=2 step 20500/277470 7.4% t=101.22996 eta_s=55225.2 E=-0.98834001 P=0.80383864 dP=-0.19582025 r12=7.93737767 Vg=0.00000967 norm=1.00000000 rank=30/256 sv_max=7.79e+02 resid=2.37e-01
progress N=2 step 20750/277470 7.5% t=101.35496 eta_s=55184.5 E=-0.98783669 P=0.80350427 dP=-0.19615463 r12=7.93742332 Vg=0.00000979 norm=1.00000000 rank=30/256 sv_max=7.76e+02 resid=2.44e-01
progress N=2 step 21000/277470 7.6% t=101.47996 eta_s=55145.4 E=-0.98733434 P=0.80317461 dP=-0.19648428 r12=7.93749009 Vg=0.00000976 norm=1.00000000 rank=30/256 sv_max=7.72e+02 resid=2.50e-01
progress N=2 step 21250/277470 7.7% t=101.60496 eta_s=55108.2 E=-0.98683268 P=0.80284585 dP=-0.19681304 r12=7.93754613 Vg=0.00000955 norm=1.00000000 rank=30/256 sv_max=7.69e+02 resid=2.55e-01
progress N=2 step 21500/277470 7.7% t=101.72996 eta_s=55071.6 E=-0.98633237 P=0.80251313 dP=-0.19714576 r12=7.93758044 Vg=0.00000917 norm=1.00000000 rank=30/256 sv_max=7.66e+02 resid=2.55e-01
progress N=2 step 21750/277470 7.8% t=101.85496 eta_s=55025.4 E=-0.98583261 P=0.80217629 dP=-0.19748260 r12=7.93760554 Vg=0.00000865 norm=1.00000000 rank=29/256 sv_max=7.64e+02 resid=2.47e-01
progress N=2 step 22000/277470 7.9% t=101.97996 eta_s=54962.5 E=-0.98533421 P=0.80183783 dP=-0.19782106 r12=7.93763124 Vg=0.00000809 norm=1.00000000 rank=29/256 sv_max=7.60e+02 resid=2.32e-01
progress N=2 step 22250/277470 8.0% t=102.10496 eta_s=54862.6 E=-0.98483654 P=0.80149427 dP=-0.19816462 r12=7.93763605 Vg=0.00000758 norm=1.00000000 rank=29/256 sv_max=7.58e+02 resid=2.15e-01
progress N=2 step 22500/277470 8.1% t=102.22996 eta_s=54812.1 E=-0.98433985 P=0.80114039 dP=-0.19851850 r12=7.93758325 Vg=0.00000715 norm=1.00000000 rank=30/256 sv_max=7.61e+02 resid=1.99e-01
progress N=2 step 22750/277470 8.2% t=102.35496 eta_s=54771.9 E=-0.98384424 P=0.80078296 dP=-0.19887593 r12=7.93747589 Vg=0.00000682 norm=1.00000000 rank=30/256 sv_max=7.69e+02 resid=1.86e-01
progress N=2 step 23000/277470 8.3% t=102.47996 eta_s=54729.3 E=-0.98334918 P=0.80042907 dP=-0.19922982 r12=7.93728824 Vg=0.00000659 norm=1.00000000 rank=30/256 sv_max=7.79e+02 resid=1.77e-01
progress N=2 step 23250/277470 8.4% t=102.60496 eta_s=54689.8 E=-0.98285556 P=0.80007269 dP=-0.19958620 r12=7.93698203 Vg=0.00000644 norm=1.00000000 rank=30/256 sv_max=7.88e+02 resid=1.71e-01
progress N=2 step 23500/277470 8.5% t=102.72996 eta_s=54650.9 E=-0.98236246 P=0.79970334 dP=-0.19995555 r12=7.93653963 Vg=0.00000634 norm=1.00000000 rank=30/256 sv_max=7.97e+02 resid=1.68e-01
progress N=2 step 23750/277470 8.6% t=102.85496 eta_s=54612.8 E=-0.98187059 P=0.79931186 dP=-0.20034703 r12=7.93596941 Vg=0.00000629 norm=1.00000000 rank=30/256 sv_max=8.04e+02 resid=1.65e-01
progress N=2 step 24000/277470 8.6% t=102.97996 eta_s=54569.8 E=-0.98137956 P=0.79889396 dP=-0.20076493 r12=7.93529295 Vg=0.00000632 norm=1.00000000 rank=30/256 sv_max=8.09e+02 resid=1.62e-01
progress N=2 step 24250/277470 8.7% t=103.10496 eta_s=54507.8 E=-0.98088936 P=0.79845111 dP=-0.20120778 r12=7.93451571 Vg=0.00000643 norm=1.00000000 rank=30/256 sv_max=8.07e+02 resid=1.59e-01
progress N=2 step 24500/277470 8.8% t=103.22996 eta_s=54452.8 E=-0.98040039 P=0.79798954 dP=-0.20166935 r12=7.93362088 Vg=0.00000660 norm=1.00000000 rank=30/256 sv_max=7.98e+02 resid=1.57e-01
progress N=2 step 24750/277470 8.9% t=103.35496 eta_s=54404.2 E=-0.97991196 P=0.79751726 dP=-0.20214163 r12=7.93259053 Vg=0.00000679 norm=1.00000000 rank=30/256 sv_max=7.85e+02 resid=1.56e-01
progress N=2 step 25000/277470 9.0% t=103.47996 eta_s=54355.8 E=-0.97942497 P=0.79704070 dP=-0.20261819 r12=7.93140958 Vg=0.00000694 norm=1.00000000 rank=30/256 sv_max=7.75e+02 resid=1.55e-01
progress N=2 step 25250/277470 9.1% t=103.60496 eta_s=54305.4 E=-0.97893863 P=0.79656381 dP=-0.20309508 r12=7.93006968 Vg=0.00000699 norm=1.00000000 rank=30/256 sv_max=7.70e+02 resid=1.55e-01
progress N=2 step 25500/277470 9.2% t=103.72996 eta_s=54263.9 E=-0.97845337 P=0.79608760 dP=-0.20357129 r12=7.92858009 Vg=0.00000690 norm=1.00000000 rank=30/256 sv_max=7.69e+02 resid=1.54e-01
progress N=2 step 25750/277470 9.3% t=103.85496 eta_s=54225.8 E=-0.97796921 P=0.79561113 dP=-0.20404776 r12=7.92696783 Vg=0.00000668 norm=1.00000000 rank=30/256 sv_max=7.72e+02 resid=1.52e-01
progress N=2 step 26000/277470 9.4% t=103.97996 eta_s=54128.4 E=-0.97748582 P=0.79513307 dP=-0.20452582 r12=7.92527191 Vg=0.00000639 norm=1.00000000 rank=30/256 sv_max=7.76e+02 resid=1.50e-01
progress N=2 step 26250/277470 9.5% t=104.10496 eta_s=54048.8 E=-0.97700400 P=0.79465253 dP=-0.20500636 r12=7.92353801 Vg=0.00000608 norm=1.00000000 rank=30/256 sv_max=7.80e+02 resid=1.49e-01
progress N=2 step 26500/277470 9.6% t=104.22996 eta_s=53937.9 E=-0.97652288 P=0.79417053 dP=-0.20548836 r12=7.92181134 Vg=0.00000577 norm=1.00000000 rank=30/256 sv_max=7.85e+02 resid=1.50e-01
progress N=2 step 26750/277470 9.6% t=104.35496 eta_s=53859.6 E=-0.97604316 P=0.79369024 dP=-0.20596865 r12=7.92012812 Vg=0.00000550 norm=1.00000000 rank=30/256 sv_max=7.89e+02 resid=1.52e-01
progress N=2 step 27000/277470 9.7% t=104.47996 eta_s=53786.8 E=-0.97556449 P=0.79321388 dP=-0.20644501 r12=7.91851037 Vg=0.00000527 norm=1.00000000 rank=30/256 sv_max=7.96e+02 resid=1.54e-01
progress N=2 step 27250/277470 9.8% t=104.60496 eta_s=53737.5 E=-0.97508685 P=0.79273995 dP=-0.20691895 r12=7.91696925 Vg=0.00000506 norm=1.00000000 rank=30/256 sv_max=8.04e+02 resid=1.57e-01
progress N=2 step 27500/277470 9.9% t=104.72996 eta_s=53695.4 E=-0.97461068 P=0.79226372 dP=-0.20739517 r12=7.91551319 Vg=0.00000482 norm=1.00000000 rank=30/256 sv_max=8.13e+02 resid=1.59e-01
progress N=2 step 27750/277470 10.0% t=104.85496 eta_s=53653.0 E=-0.97413536 P=0.79177911 dP=-0.20787978 r12=7.91415205 Vg=0.00000455 norm=1.00000000 rank=30/256 sv_max=8.20e+02 resid=1.59e-01
progress N=2 step 28000/277470 10.1% t=104.97996 eta_s=53596.7 E=-0.97366160 P=0.79128034 dP=-0.20837855 r12=7.91289911 Vg=0.00000425 norm=1.00000000 rank=30/256 sv_max=8.24e+02 resid=1.57e-01
progress N=2 step 28250/277470 10.2% t=105.10496 eta_s=53540.9 E=-0.97318877 P=0.79077488 dP=-0.20888401 r12=7.91179677 Vg=0.00000395 norm=1.00000000 rank=29/256 sv_max=8.21e+02 resid=1.54e-01
progress N=2 step 28500/277470 10.3% t=105.22996 eta_s=53495.5 E=-0.97271709 P=0.79025920 dP=-0.20939969 r12=7.91080148 Vg=0.00000372 norm=1.00000000 rank=29/256 sv_max=8.15e+02 resid=1.53e-01
progress N=2 step 28750/277470 10.4% t=105.35496 eta_s=53440.5 E=-0.97224656 P=0.78973379 dP=-0.20992510 r12=7.90988424 Vg=0.00000358 norm=1.00000000 rank=29/256 sv_max=8.11e+02 resid=1.53e-01
progress N=2 step 29000/277470 10.5% t=105.47996 eta_s=53384.3 E=-0.97177672 P=0.78919746 dP=-0.21046143 r12=7.90901151 Vg=0.00000353 norm=1.00000000 rank=30/256 sv_max=8.12e+02 resid=1.53e-01
progress N=2 step 29250/277470 10.5% t=105.60496 eta_s=53337.5 E=-0.97130823 P=0.78864309 dP=-0.21101580 r12=7.90817022 Vg=0.00000351 norm=1.00000000 rank=30/256 sv_max=8.18e+02 resid=1.54e-01
progress N=2 step 29500/277470 10.6% t=105.72996 eta_s=53294.5 E=-0.97084032 P=0.78810398 dP=-0.21155491 r12=7.90734459 Vg=0.00000347 norm=1.00000000 rank=30/256 sv_max=8.21e+02 resid=1.55e-01
progress N=2 step 29750/277470 10.7% t=105.85496 eta_s=53249.1 E=-0.97037344 P=0.78758193 dP=-0.21207696 r12=7.90646773 Vg=0.00000342 norm=1.00000000 rank=30/256 sv_max=8.18e+02 resid=1.58e-01
progress N=2 step 30000/277470 10.8% t=105.97996 eta_s=53202.9 E=-0.96990744 P=0.78707192 dP=-0.21258697 r12=7.90549989 Vg=0.00000337 norm=1.00000000 rank=30/256 sv_max=8.14e+02 resid=1.63e-01
progress N=2 step 30250/277470 10.9% t=106.10496 eta_s=53158.2 E=-0.96944215 P=0.78657029 dP=-0.21308860 r12=7.90444144 Vg=0.00000330 norm=1.00000000 rank=30/256 sv_max=8.17e+02 resid=1.67e-01
progress N=2 step 30500/277470 11.0% t=106.22996 eta_s=53111.8 E=-0.96897808 P=0.78607403 dP=-0.21358486 r12=7.90331430 Vg=0.00000320 norm=1.00000000 rank=30/256 sv_max=8.25e+02 resid=1.69e-01
progress N=2 step 30750/277470 11.1% t=106.35496 eta_s=53066.3 E=-0.96851464 P=0.78558012 dP=-0.21407877 r12=7.90214098 Vg=0.00000306 norm=1.00000000 rank=30/256 sv_max=8.34e+02 resid=1.69e-01
progress N=2 step 31000/277470 11.2% t=106.47996 eta_s=53019.4 E=-0.96805240 P=0.78508902 dP=-0.21456987 r12=7.90092125 Vg=0.00000293 norm=1.00000000 rank=30/256 sv_max=8.39e+02 resid=1.66e-01
progress N=2 step 31250/277470 11.3% t=106.60496 eta_s=52972.2 E=-0.96759110 P=0.78460751 dP=-0.21505138 r12=7.89962596 Vg=0.00000283 norm=1.00000000 rank=30/256 sv_max=8.39e+02 resid=1.64e-01
progress N=2 step 31500/277470 11.4% t=106.72996 eta_s=52926.0 E=-0.96713076 P=0.78414220 dP=-0.21551669 r12=7.89822106 Vg=0.00000277 norm=1.00000000 rank=30/256 sv_max=8.35e+02 resid=1.64e-01
progress N=2 step 31750/277470 11.4% t=106.85496 eta_s=52878.3 E=-0.96667170 P=0.78369484 dP=-0.21596405 r12=7.89669836 Vg=0.00000274 norm=1.00000000 rank=30/256 sv_max=8.32e+02 resid=1.66e-01
progress N=2 step 32000/277470 11.5% t=106.97996 eta_s=52828.1 E=-0.96621335 P=0.78326406 dP=-0.21639483 r12=7.89508524 Vg=0.00000271 norm=1.00000000 rank=30/256 sv_max=8.34e+02 resid=1.70e-01
progress N=2 step 32250/277470 11.6% t=107.10496 eta_s=52779.1 E=-0.96575628 P=0.78284456 dP=-0.21681433 r12=7.89341342 Vg=0.00000272 norm=1.00000000 rank=30/256 sv_max=8.38e+02 resid=1.74e-01
progress N=2 step 32500/277470 11.7% t=107.22996 eta_s=52729.7 E=-0.96529994 P=0.78242920 dP=-0.21722969 r12=7.89170333 Vg=0.00000281 norm=1.00000000 rank=30/256 sv_max=8.40e+02 resid=1.77e-01
progress N=2 step 32750/277470 11.8% t=107.35496 eta_s=52676.6 E=-0.96484447 P=0.78201335 dP=-0.21764554 r12=7.88997056 Vg=0.00000301 norm=1.00000000 rank=30/256 sv_max=8.32e+02 resid=1.81e-01
progress N=2 step 33000/277470 11.9% t=107.47996 eta_s=52623.0 E=-0.96438999 P=0.78159706 dP=-0.21806183 r12=7.88823211 Vg=0.00000331 norm=1.00000000 rank=30/256 sv_max=8.16e+02 resid=1.87e-01
progress N=2 step 33250/277470 12.0% t=107.60496 eta_s=52567.4 E=-0.96393602 P=0.78118181 dP=-0.21847708 r12=7.88650560 Vg=0.00000366 norm=1.00000000 rank=30/256 sv_max=8.01e+02 resid=1.95e-01
progress N=2 step 33500/277470 12.1% t=107.72996 eta_s=52502.6 E=-0.96348328 P=0.78076885 dP=-0.21889004 r12=7.88482090 Vg=0.00000396 norm=1.00000000 rank=30/256 sv_max=7.94e+02 resid=2.04e-01
progress N=2 step 33750/277470 12.2% t=107.85496 eta_s=52446.1 E=-0.96303113 P=0.78035885 dP=-0.21930004 r12=7.88321317 Vg=0.00000415 norm=1.00000000 rank=30/256 sv_max=7.97e+02 resid=2.10e-01
progress N=2 step 34000/277470 12.3% t=107.97996 eta_s=52391.5 E=-0.96257996 P=0.77995286 dP=-0.21970603 r12=7.88169681 Vg=0.00000422 norm=1.00000000 rank=30/256 sv_max=8.07e+02 resid=2.11e-01
progress N=2 step 34250/277470 12.3% t=108.10496 eta_s=52327.9 E=-0.96212982 P=0.77955171 dP=-0.22010718 r12=7.88025844 Vg=0.00000414 norm=1.00000000 rank=30/256 sv_max=8.19e+02 resid=2.03e-01
progress N=2 step 34500/277470 12.4% t=108.22996 eta_s=52260.5 E=-0.96168035 P=0.77915480 dP=-0.22050409 r12=7.87887740 Vg=0.00000394 norm=1.00000000 rank=30/256 sv_max=8.24e+02 resid=1.91e-01
progress N=2 step 34750/277470 12.5% t=108.35496 eta_s=52199.5 E=-0.96123223 P=0.77876032 dP=-0.22089857 r12=7.87755686 Vg=0.00000367 norm=1.00000000 rank=30/256 sv_max=8.24e+02 resid=1.80e-01
progress N=2 step 35000/277470 12.6% t=108.47996 eta_s=52136.0 E=-0.96078471 P=0.77836644 dP=-0.22129245 r12=7.87632173 Vg=0.00000342 norm=1.00000000 rank=30/256 sv_max=8.22e+02 resid=1.72e-01
progress N=2 step 35250/277470 12.7% t=108.60496 eta_s=52059.7 E=-0.96033818 P=0.77797076 dP=-0.22168814 r12=7.87518305 Vg=0.00000330 norm=1.00000000 rank=30/256 sv_max=8.25e+02 resid=1.69e-01
progress N=2 step 35500/277470 12.8% t=108.72996 eta_s=52001.5 E=-0.95989257 P=0.77757091 dP=-0.22208798 r12=7.87411883 Vg=0.00000333 norm=1.00000000 rank=30/256 sv_max=8.32e+02 resid=1.68e-01
progress N=2 step 35750/277470 12.9% t=108.85496 eta_s=51949.7 E=-0.95944760 P=0.77716584 dP=-0.22249305 r12=7.87308429 Vg=0.00000351 norm=1.00000000 rank=30/256 sv_max=8.39e+02 resid=1.70e-01
progress N=2 step 36000/277470 13.0% t=108.97996 eta_s=51903.0 E=-0.95900387 P=0.77675454 dP=-0.22290435 r12=7.87203135 Vg=0.00000379 norm=1.00000000 rank=30/256 sv_max=8.41e+02 resid=1.72e-01
progress N=2 step 36250/277470 13.1% t=109.10496 eta_s=51856.6 E=-0.95856070 P=0.77633478 dP=-0.22332411 r12=7.87092797 Vg=0.00000408 norm=1.00000000 rank=30/256 sv_max=8.34e+02 resid=1.75e-01
progress N=2 step 36500/277470 13.2% t=109.22996 eta_s=51808.9 E=-0.95811852 P=0.77590486 dP=-0.22375403 r12=7.86976366 Vg=0.00000434 norm=1.00000000 rank=30/256 sv_max=8.22e+02 resid=1.80e-01
progress N=2 step 36750/277470 13.2% t=109.35496 eta_s=51758.1 E=-0.95767717 P=0.77546304 dP=-0.22419585 r12=7.86852956 Vg=0.00000458 norm=1.00000000 rank=30/256 sv_max=8.11e+02 resid=1.81e-01
progress N=2 step 37000/277470 13.3% t=109.47996 eta_s=51709.5 E=-0.95723646 P=0.77500440 dP=-0.22465450 r12=7.86721492 Vg=0.00000485 norm=1.00000000 rank=30/256 sv_max=8.06e+02 resid=1.79e-01
progress N=2 step 37250/277470 13.4% t=109.60496 eta_s=51664.9 E=-0.95679696 P=0.77452558 dP=-0.22513331 r12=7.86579340 Vg=0.00000515 norm=1.00000000 rank=30/256 sv_max=8.07e+02 resid=1.72e-01
progress N=2 step 37500/277470 13.5% t=109.72996 eta_s=51617.0 E=-0.95635804 P=0.77403028 dP=-0.22562861 r12=7.86424040 Vg=0.00000541 norm=1.00000000 rank=30/256 sv_max=8.10e+02 resid=1.65e-01
progress N=2 step 37750/277470 13.6% t=109.85496 eta_s=51572.4 E=-0.95592015 P=0.77352417 dP=-0.22613472 r12=7.86255881 Vg=0.00000561 norm=1.00000000 rank=30/256 sv_max=8.14e+02 resid=1.56e-01
progress N=2 step 38000/277470 13.7% t=109.97996 eta_s=51527.2 E=-0.95548312 P=0.77301406 dP=-0.22664483 r12=7.86075641 Vg=0.00000567 norm=1.00000000 rank=30/256 sv_max=8.16e+02 resid=1.50e-01
progress N=2 step 38250/277470 13.8% t=110.10496 eta_s=51480.4 E=-0.95504683 P=0.77250581 dP=-0.22715308 r12=7.85881036 Vg=0.00000555 norm=1.00000000 rank=30/256 sv_max=8.18e+02 resid=1.46e-01
progress N=2 step 38500/277470 13.9% t=110.22996 eta_s=51433.0 E=-0.95461162 P=0.77200058 dP=-0.22765831 r12=7.85667638 Vg=0.00000532 norm=1.00000000 rank=30/256 sv_max=8.23e+02 resid=1.42e-01
progress N=2 step 38750/277470 14.0% t=110.35496 eta_s=51368.3 E=-0.95417700 P=0.77149776 dP=-0.22816113 r12=7.85433822 Vg=0.00000517 norm=1.00000000 rank=30/256 sv_max=8.30e+02 resid=1.39e-01
progress N=2 step 39000/277470 14.1% t=110.47996 eta_s=51316.3 E=-0.95374334 P=0.77099629 dP=-0.22866260 r12=7.85180971 Vg=0.00000518 norm=1.00000000 rank=30/256 sv_max=8.33e+02 resid=1.36e-01
progress N=2 step 39250/277470 14.1% t=110.60496 eta_s=51267.7 E=-0.95331045 P=0.77049490 dP=-0.22916399 r12=7.84912062 Vg=0.00000536 norm=1.00000000 rank=30/256 sv_max=8.26e+02 resid=1.35e-01
progress N=2 step 39500/277470 14.2% t=110.72996 eta_s=51220.8 E=-0.95287833 P=0.76999285 dP=-0.22966604 r12=7.84630667 Vg=0.00000570 norm=1.00000000 rank=30/256 sv_max=8.13e+02 resid=1.35e-01
progress N=2 step 39750/277470 14.3% t=110.85496 eta_s=51174.3 E=-0.95244735 P=0.76949001 dP=-0.23016888 r12=7.84341322 Vg=0.00000618 norm=1.00000000 rank=30/256 sv_max=8.01e+02 resid=1.37e-01
progress N=2 step 40000/277470 14.4% t=110.97996 eta_s=51126.5 E=-0.95201711 P=0.76898710 dP=-0.23067179 r12=7.84051134 Vg=0.00000671 norm=1.00000000 rank=30/256 sv_max=7.96e+02 resid=1.40e-01
progress N=2 step 40250/277470 14.5% t=111.10496 eta_s=51067.7 E=-0.95158798 P=0.76848753 dP=-0.23117136 r12=7.83767876 Vg=0.00000721 norm=1.00000000 rank=30/256 sv_max=8.03e+02 resid=1.41e-01
progress N=2 step 40500/277470 14.6% t=111.22996 eta_s=51020.6 E=-0.95115979 P=0.76799097 dP=-0.23166792 r12=7.83496423 Vg=0.00000770 norm=1.00000000 rank=30/256 sv_max=8.21e+02 resid=1.38e-01
progress N=2 step 40750/277470 14.7% t=111.35496 eta_s=50970.7 E=-0.95073248 P=0.76749643 dP=-0.23216246 r12=7.83236385 Vg=0.00000809 norm=1.00000000 rank=30/256 sv_max=8.37e+02 resid=1.37e-01
progress N=2 step 41000/277470 14.8% t=111.47996 eta_s=50920.9 E=-0.95030635 P=0.76699906 dP=-0.23265983 r12=7.82986767 Vg=0.00000832 norm=1.00000000 rank=30/256 sv_max=8.46e+02 resid=1.39e-01
progress N=2 step 41250/277470 14.9% t=111.60496 eta_s=50873.8 E=-0.94988093 P=0.76649332 dP=-0.23316557 r12=7.82747622 Vg=0.00000848 norm=1.00000000 rank=30/256 sv_max=8.51e+02 resid=1.45e-01
progress N=2 step 41500/277470 15.0% t=111.72996 eta_s=50825.3 E=-0.94945656 P=0.76597842 dP=-0.23368047 r12=7.82520879 Vg=0.00000867 norm=1.00000000 rank=30/256 sv_max=8.50e+02 resid=1.56e-01
progress N=2 step 41750/277470 15.0% t=111.85496 eta_s=50772.4 E=-0.94903300 P=0.76545530 dP=-0.23420359 r12=7.82309387 Vg=0.00000893 norm=1.00000000 rank=30/256 sv_max=8.44e+02 resid=1.71e-01
progress N=2 step 42000/277470 15.1% t=111.97996 eta_s=50711.6 E=-0.94861024 P=0.76492405 dP=-0.23473484 r12=7.82114349 Vg=0.00000920 norm=1.00000000 rank=30/256 sv_max=8.33e+02 resid=1.88e-01
progress N=2 step 42250/277470 15.2% t=112.10496 eta_s=50655.2 E=-0.94818859 P=0.76438621 dP=-0.23527268 r12=7.81933874 Vg=0.00000944 norm=1.00000000 rank=30/256 sv_max=8.21e+02 resid=1.97e-01
progress N=2 step 42500/277470 15.3% t=112.22996 eta_s=50607.9 E=-0.94776762 P=0.76384283 dP=-0.23581606 r12=7.81765479 Vg=0.00000964 norm=1.00000000 rank=30/256 sv_max=8.12e+02 resid=1.93e-01
progress N=2 step 42750/277470 15.4% t=112.35496 eta_s=50560.4 E=-0.94734760 P=0.76329563 dP=-0.23636326 r12=7.81607693 Vg=0.00000974 norm=1.00000000 rank=30/256 sv_max=8.05e+02 resid=1.79e-01
progress N=2 step 43000/277470 15.5% t=112.47996 eta_s=50512.5 E=-0.94692828 P=0.76275233 dP=-0.23690656 r12=7.81458349 Vg=0.00000972 norm=1.00000000 rank=30/256 sv_max=8.01e+02 resid=1.59e-01
progress N=2 step 43250/277470 15.6% t=112.60496 eta_s=50461.2 E=-0.94650956 P=0.76222052 dP=-0.23743837 r12=7.81317226 Vg=0.00000965 norm=1.00000000 rank=30/256 sv_max=8.03e+02 resid=1.41e-01
progress N=2 step 43500/277470 15.7% t=112.72996 eta_s=50413.8 E=-0.94609172 P=0.76170925 dP=-0.23794964 r12=7.81179282 Vg=0.00000961 norm=1.00000000 rank=30/256 sv_max=8.08e+02 resid=1.32e-01
progress N=2 step 43750/277470 15.8% t=112.85496 eta_s=50365.5 E=-0.94567434 P=0.76122466 dP=-0.23843423 r12=7.81035702 Vg=0.00000968 norm=1.00000000 rank=30/256 sv_max=8.14e+02 resid=1.30e-01
progress N=2 step 44000/277470 15.9% t=112.97996 eta_s=50312.8 E=-0.94525772 P=0.76077175 dP=-0.23888714 r12=7.80881765 Vg=0.00000990 norm=1.00000000 rank=30/256 sv_max=8.19e+02 resid=1.33e-01
progress N=2 step 44250/277470 15.9% t=113.10496 eta_s=50263.8 E=-0.94484167 P=0.76035319 dP=-0.23930570 r12=7.80718939 Vg=0.00001026 norm=1.00000000 rank=30/256 sv_max=8.22e+02 resid=1.39e-01
progress N=2 step 44500/277470 16.0% t=113.22996 eta_s=50214.3 E=-0.94442616 P=0.75996842 dP=-0.23969047 r12=7.80552233 Vg=0.00001063 norm=1.00000000 rank=30/256 sv_max=8.18e+02 resid=1.50e-01
progress N=2 step 44750/277470 16.1% t=113.35496 eta_s=50164.8 E=-0.94401158 P=0.75961361 dP=-0.24004528 r12=7.80385264 Vg=0.00001095 norm=1.00000000 rank=30/256 sv_max=8.11e+02 resid=1.64e-01
progress N=2 step 45000/277470 16.2% t=113.47996 eta_s=50115.5 E=-0.94359756 P=0.75927998 dP=-0.24037891 r12=7.80217712 Vg=0.00001123 norm=1.00000000 rank=30/256 sv_max=8.07e+02 resid=1.77e-01
progress N=2 step 45250/277470 16.3% t=113.60496 eta_s=50063.7 E=-0.94318443 P=0.75895440 dP=-0.24070449 r12=7.80047500 Vg=0.00001151 norm=1.00000000 rank=30/256 sv_max=8.06e+02 resid=1.84e-01
progress N=2 step 45500/277470 16.4% t=113.72996 eta_s=50009.2 E=-0.94277203 P=0.75862469 dP=-0.24103420 r12=7.79873338 Vg=0.00001181 norm=1.00000000 rank=30/256 sv_max=8.04e+02 resid=1.85e-01
progress N=2 step 45750/277470 16.5% t=113.85496 eta_s=49960.4 E=-0.94236029 P=0.75828805 dP=-0.24137084 r12=7.79694917 Vg=0.00001210 norm=1.00000000 rank=30/256 sv_max=8.00e+02 resid=1.80e-01
progress N=2 step 46000/277470 16.6% t=113.97996 eta_s=49913.6 E=-0.94194962 P=0.75794277 dP=-0.24171612 r12=7.79513252 Vg=0.00001241 norm=1.00000000 rank=30/256 sv_max=7.99e+02 resid=1.71e-01
progress N=2 step 46250/277470 16.7% t=114.10496 eta_s=49866.2 E=-0.94153957 P=0.75758919 dP=-0.24206971 r12=7.79326639 Vg=0.00001285 norm=1.00000000 rank=30/256 sv_max=8.08e+02 resid=1.64e-01
progress N=2 step 46500/277470 16.8% t=114.22996 eta_s=49819.3 E=-0.94113041 P=0.75723197 dP=-0.24242692 r12=7.79134730 Vg=0.00001335 norm=1.00000000 rank=30/256 sv_max=8.16e+02 resid=1.58e-01
progress N=2 step 46750/277470 16.8% t=114.35496 eta_s=49771.9 E=-0.94072199 P=0.75686766 dP=-0.24279123 r12=7.78937288 Vg=0.00001388 norm=1.00000000 rank=30/256 sv_max=8.20e+02 resid=1.56e-01
progress N=2 step 47000/277470 16.9% t=114.47996 eta_s=49722.2 E=-0.94031410 P=0.75649079 dP=-0.24316810 r12=7.78733891 Vg=0.00001438 norm=1.00000000 rank=30/256 sv_max=8.16e+02 resid=1.58e-01
progress N=2 step 47250/277470 17.0% t=114.60496 eta_s=49675.4 E=-0.93990718 P=0.75610144 dP=-0.24355745 r12=7.78528178 Vg=0.00001470 norm=1.00000000 rank=31/256 sv_max=8.04e+02 resid=1.65e-01
progress N=2 step 47500/277470 17.1% t=114.72996 eta_s=49628.1 E=-0.93950079 P=0.75569163 dP=-0.24396726 r12=7.78320744 Vg=0.00001493 norm=1.00000000 rank=31/256 sv_max=7.93e+02 resid=1.75e-01
progress N=2 step 47750/277470 17.2% t=114.85496 eta_s=49581.2 E=-0.93909525 P=0.75525906 dP=-0.24439983 r12=7.78112573 Vg=0.00001504 norm=1.00000000 rank=31/256 sv_max=7.91e+02 resid=1.84e-01
progress N=2 step 48000/277470 17.3% t=114.97996 eta_s=49534.6 E=-0.93869057 P=0.75480358 dP=-0.24485531 r12=7.77905169 Vg=0.00001513 norm=1.00000000 rank=31/256 sv_max=7.95e+02 resid=1.85e-01
progress N=2 step 48250/277470 17.4% t=115.10496 eta_s=49482.8 E=-0.93828657 P=0.75432873 dP=-0.24533016 r12=7.77701214 Vg=0.00001535 norm=1.00000000 rank=30/256 sv_max=8.01e+02 resid=1.77e-01
progress N=2 step 48500/277470 17.5% t=115.22996 eta_s=49432.2 E=-0.93788362 P=0.75383812 dP=-0.24582077 r12=7.77502442 Vg=0.00001564 norm=1.00000000 rank=30/256 sv_max=8.05e+02 resid=1.63e-01
progress N=2 step 48750/277470 17.6% t=115.35496 eta_s=49385.6 E=-0.93748135 P=0.75334422 dP=-0.24631467 r12=7.77311647 Vg=0.00001594 norm=1.00000000 rank=30/256 sv_max=8.09e+02 resid=1.50e-01
progress N=2 step 49000/277470 17.7% t=115.47996 eta_s=49315.2 E=-0.93707988 P=0.75285815 dP=-0.24680074 r12=7.77134069 Vg=0.00001626 norm=1.00000000 rank=31/256 sv_max=8.11e+02 resid=1.36e-01
progress N=2 step 49250/277470 17.7% t=115.60496 eta_s=49249.2 E=-0.93667912 P=0.75236539 dP=-0.24729350 r12=7.76965917 Vg=0.00001664 norm=1.00000000 rank=31/256 sv_max=8.14e+02 resid=1.29e-01
progress N=2 step 49500/277470 17.8% t=115.72996 eta_s=49193.9 E=-0.93627887 P=0.75186133 dP=-0.24779756 r12=7.76804451 Vg=0.00001694 norm=1.00000000 rank=31/256 sv_max=8.15e+02 resid=1.24e-01
progress N=2 step 49750/277470 17.9% t=115.85496 eta_s=49144.8 E=-0.93587933 P=0.75134905 dP=-0.24830984 r12=7.76650542 Vg=0.00001716 norm=1.00000000 rank=31/256 sv_max=8.12e+02 resid=1.22e-01
progress N=2 step 50000/277470 18.0% t=115.97996 eta_s=49096.3 E=-0.93548024 P=0.75082661 dP=-0.24883228 r12=7.76505771 Vg=0.00001743 norm=1.00000000 rank=30/256 sv_max=8.05e+02 resid=1.23e-01
progress N=2 step 50250/277470 18.1% t=116.10496 eta_s=49046.7 E=-0.93508173 P=0.75029776 dP=-0.24936113 r12=7.76370882 Vg=0.00001762 norm=1.00000000 rank=30/256 sv_max=7.97e+02 resid=1.28e-01
progress N=2 step 50500/277470 18.2% t=116.22996 eta_s=48996.2 E=-0.93468393 P=0.74976447 dP=-0.24989443 r12=7.76244996 Vg=0.00001775 norm=1.00000000 rank=30/256 sv_max=7.94e+02 resid=1.34e-01
progress N=2 step 50750/277470 18.3% t=116.35496 eta_s=48948.4 E=-0.93428675 P=0.74922593 dP=-0.25043296 r12=7.76125867 Vg=0.00001782 norm=1.00000000 rank=30/256 sv_max=8.00e+02 resid=1.38e-01
progress N=2 step 51000/277470 18.4% t=116.47996 eta_s=48900.3 E=-0.93389053 P=0.74867974 dP=-0.25097915 r12=7.76010433 Vg=0.00001778 norm=1.00000000 rank=30/256 sv_max=8.09e+02 resid=1.39e-01
progress N=2 step 51250/277470 18.5% t=116.60496 eta_s=48852.3 E=-0.93349514 P=0.74812517 dP=-0.25153372 r12=7.75895816 Vg=0.00001763 norm=1.00000000 rank=30/256 sv_max=8.19e+02 resid=1.36e-01
progress N=2 step 51500/277470 18.6% t=116.72996 eta_s=48803.2 E=-0.93310070 P=0.74756585 dP=-0.25209304 r12=7.75779814 Vg=0.00001740 norm=1.00000000 rank=30/256 sv_max=8.27e+02 resid=1.32e-01
progress N=2 step 51750/277470 18.7% t=116.85496 eta_s=48748.7 E=-0.93270736 P=0.74700846 dP=-0.25265043 r12=7.75660068 Vg=0.00001714 norm=1.00000000 rank=30/256 sv_max=8.31e+02 resid=1.29e-01
progress N=2 step 52000/277470 18.7% t=116.97996 eta_s=48685.7 E=-0.93231491 P=0.74645605 dP=-0.25320284 r12=7.75532095 Vg=0.00001691 norm=1.00000000 rank=30/256 sv_max=8.31e+02 resid=1.27e-01
progress N=2 step 52250/277470 18.8% t=117.10496 eta_s=48632.6 E=-0.93192351 P=0.74590956 dP=-0.25374933 r12=7.75390678 Vg=0.00001681 norm=1.00000000 rank=30/256 sv_max=8.26e+02 resid=1.24e-01
progress N=2 step 52500/277470 18.9% t=117.22996 eta_s=48582.1 E=-0.93153295 P=0.74537052 dP=-0.25428837 r12=7.75232078 Vg=0.00001694 norm=1.00000000 rank=31/256 sv_max=8.17e+02 resid=1.21e-01
progress N=2 step 52750/277470 19.0% t=117.35496 eta_s=48527.7 E=-0.93114322 P=0.74484306 dP=-0.25481583 r12=7.75054847 Vg=0.00001721 norm=1.00000000 rank=31/256 sv_max=8.11e+02 resid=1.20e-01
progress N=2 step 53000/277470 19.1% t=117.47996 eta_s=48474.0 E=-0.93075445 P=0.74432612 dP=-0.25533277 r12=7.74866412 Vg=0.00001765 norm=1.00000000 rank=30/256 sv_max=8.05e+02 resid=1.18e-01
progress N=2 step 53250/277470 19.2% t=117.60496 eta_s=48422.7 E=-0.93036640 P=0.74381598 dP=-0.25584291 r12=7.74670078 Vg=0.00001809 norm=1.00000000 rank=30/256 sv_max=8.03e+02 resid=1.15e-01
progress N=2 step 53500/277470 19.3% t=117.72996 eta_s=48369.9 E=-0.92997928 P=0.74330521 dP=-0.25635368 r12=7.74470454 Vg=0.00001833 norm=1.00000000 rank=30/256 sv_max=8.04e+02 resid=1.11e-01
progress N=2 step 53750/277470 19.4% t=117.85496 eta_s=48316.0 E=-0.92959300 P=0.74278940 dP=-0.25686949 r12=7.74272998 Vg=0.00001826 norm=1.00000000 rank=30/256 sv_max=8.07e+02 resid=1.08e-01
progress N=2 step 54000/277470 19.5% t=117.97996 eta_s=48266.3 E=-0.92920754 P=0.74226881 dP=-0.25739008 r12=7.74082380 Vg=0.00001780 norm=1.00000000 rank=30/256 sv_max=8.13e+02 resid=1.07e-01
progress N=2 step 54250/277470 19.6% t=118.10496 eta_s=48216.8 E=-0.92882314 P=0.74174443 dP=-0.25791446 r12=7.73900860 Vg=0.00001699 norm=1.00000000 rank=31/256 sv_max=8.23e+02 resid=1.08e-01
progress N=2 step 54500/277470 19.6% t=118.22996 eta_s=48165.3 E=-0.92843954 P=0.74121844 dP=-0.25844045 r12=7.73729231 Vg=0.00001585 norm=1.00000000 rank=31/256 sv_max=8.32e+02 resid=1.16e-01
progress N=2 step 54750/277470 19.7% t=118.35496 eta_s=48115.8 E=-0.92805688 P=0.74070108 dP=-0.25895782 r12=7.73569927 Vg=0.00001490 norm=1.00000000 rank=31/256 sv_max=8.39e+02 resid=1.24e-01
progress N=2 step 55000/277470 19.8% t=118.47996 eta_s=48060.7 E=-0.92767507 P=0.74018048 dP=-0.25947841 r12=7.73425888 Vg=0.00001417 norm=1.00000000 rank=30/256 sv_max=8.40e+02 resid=1.35e-01
progress N=2 step 55250/277470 19.9% t=118.60496 eta_s=48009.3 E=-0.92729398 P=0.73965556 dP=-0.26000333 r12=7.73302382 Vg=0.00001376 norm=1.00000000 rank=30/256 sv_max=8.35e+02 resid=1.47e-01
progress N=2 step 55500/277470 20.0% t=118.72996 eta_s=47958.8 E=-0.92691391 P=0.73911919 dP=-0.26053970 r12=7.73203911 Vg=0.00001361 norm=1.00000000 rank=30/256 sv_max=8.25e+02 resid=1.59e-01
progress N=2 step 55750/277470 20.1% t=118.85496 eta_s=47908.8 E=-0.92653458 P=0.73856033 dP=-0.26109856 r12=7.73130883 Vg=0.00001364 norm=1.00000000 rank=31/256 sv_max=8.14e+02 resid=1.70e-01
progress N=2 step 56000/277470 20.2% t=118.97996 eta_s=47858.5 E=-0.92615614 P=0.73797866 dP=-0.26168023 r12=7.73080420 Vg=0.00001358 norm=1.00000000 rank=31/256 sv_max=8.09e+02 resid=1.81e-01
progress N=2 step 56250/277470 20.3% t=119.10496 eta_s=47807.8 E=-0.92577861 P=0.73738561 dP=-0.26227328 r12=7.73051544 Vg=0.00001339 norm=1.00000000 rank=30/256 sv_max=8.10e+02 resid=1.86e-01
progress N=2 step 56500/277470 20.4% t=119.22996 eta_s=47757.9 E=-0.92540185 P=0.73678046 dP=-0.26287843 r12=7.73036311 Vg=0.00001310 norm=1.00000000 rank=30/256 sv_max=8.15e+02 resid=1.85e-01
progress N=2 step 56750/277470 20.5% t=119.35496 eta_s=47699.1 E=-0.92502614 P=0.73617128 dP=-0.26348761 r12=7.73029447 Vg=0.00001275 norm=1.00000000 rank=30/256 sv_max=8.22e+02 resid=1.81e-01
progress N=2 step 57000/277470 20.5% t=119.47996 eta_s=47647.0 E=-0.92465127 P=0.73556516 dP=-0.26409373 r12=7.73024643 Vg=0.00001246 norm=1.00000000 rank=30/256 sv_max=8.28e+02 resid=1.76e-01
progress N=2 step 57250/277470 20.6% t=119.60496 eta_s=47597.5 E=-0.92427729 P=0.73496853 dP=-0.26469037 r12=7.73016051 Vg=0.00001234 norm=1.00000000 rank=30/256 sv_max=8.29e+02 resid=1.71e-01
progress N=2 step 57500/277470 20.7% t=119.72996 eta_s=47547.6 E=-0.92390421 P=0.73438542 dP=-0.26527347 r12=7.73002838 Vg=0.00001254 norm=1.00000000 rank=30/256 sv_max=8.27e+02 resid=1.66e-01
progress N=2 step 57750/277470 20.8% t=119.85496 eta_s=47498.5 E=-0.92353176 P=0.73381505 dP=-0.26584384 r12=7.72989438 Vg=0.00001301 norm=1.00000000 rank=30/256 sv_max=8.18e+02 resid=1.59e-01
progress N=2 step 58000/277470 20.9% t=119.97996 eta_s=47449.3 E=-0.92316017 P=0.73324929 dP=-0.26640961 r12=7.72976815 Vg=0.00001351 norm=1.00000000 rank=31/256 sv_max=8.06e+02 resid=1.43e-01
progress N=2 step 58250/277470 21.0% t=120.10496 eta_s=47399.6 E=-0.92278959 P=0.73269101 dP=-0.26696788 r12=7.72954935 Vg=0.00001347 norm=1.00000000 rank=31/256 sv_max=8.05e+02 resid=1.47e-01
progress N=2 step 58500/277470 21.1% t=120.22996 eta_s=47345.3 E=-0.92241976 P=0.73216809 dP=-0.26749080 r12=7.72932842 Vg=0.00001330 norm=1.00000000 rank=31/256 sv_max=8.10e+02 resid=1.45e-01
progress N=2 step 58750/277470 21.2% t=120.35496 eta_s=47290.7 E=-0.92205072 P=0.73165225 dP=-0.26800664 r12=7.72905478 Vg=0.00001314 norm=1.00000000 rank=31/256 sv_max=8.10e+02 resid=1.37e-01
progress N=2 step 59000/277470 21.3% t=120.47996 eta_s=47237.0 E=-0.92168229 P=0.73114559 dP=-0.26851330 r12=7.72872334 Vg=0.00001270 norm=1.00000000 rank=30/256 sv_max=8.10e+02 resid=1.31e-01
progress N=2 step 59250/277470 21.4% t=120.60496 eta_s=47186.5 E=-0.92131459 P=0.73065327 dP=-0.26900562 r12=7.72836850 Vg=0.00001204 norm=1.00000000 rank=30/256 sv_max=8.09e+02 resid=1.26e-01
progress N=2 step 59500/277470 21.4% t=120.72996 eta_s=47136.8 E=-0.92094766 P=0.73016619 dP=-0.26949270 r12=7.72795302 Vg=0.00001141 norm=1.00000000 rank=30/256 sv_max=8.08e+02 resid=1.25e-01
progress N=2 step 59750/277470 21.5% t=120.85496 eta_s=47084.9 E=-0.92058148 P=0.72968342 dP=-0.26997547 r12=7.72747499 Vg=0.00001096 norm=1.00000000 rank=30/256 sv_max=8.10e+02 resid=1.27e-01
progress N=2 step 60000/277470 21.6% t=120.97996 eta_s=47033.8 E=-0.92021614 P=0.72920525 dP=-0.27045364 r12=7.72696005 Vg=0.00001076 norm=1.00000000 rank=30/256 sv_max=8.14e+02 resid=1.31e-01
progress N=2 step 60250/277470 21.7% t=121.10496 eta_s=46976.9 E=-0.91985160 P=0.72873187 dP=-0.27092702 r12=7.72642633 Vg=0.00001077 norm=1.00000000 rank=30/256 sv_max=8.18e+02 resid=1.37e-01
progress N=2 step 60500/277470 21.8% t=121.22996 eta_s=46916.3 E=-0.91948790 P=0.72826097 dP=-0.27139792 r12=7.72588504 Vg=0.00001091 norm=1.00000000 rank=30/256 sv_max=8.21e+02 resid=1.44e-01
progress N=2 step 60750/277470 21.9% t=121.35496 eta_s=46866.1 E=-0.91912505 P=0.72778534 dP=-0.27187355 r12=7.72536053 Vg=0.00001106 norm=1.00000000 rank=30/256 sv_max=8.22e+02 resid=1.49e-01
progress N=2 step 61000/277470 22.0% t=121.47996 eta_s=46815.7 E=-0.91876306 P=0.72729694 dP=-0.27236195 r12=7.72486024 Vg=0.00001115 norm=1.00000000 rank=30/256 sv_max=8.24e+02 resid=1.53e-01
progress N=2 step 61250/277470 22.1% t=121.60496 eta_s=46766.0 E=-0.91840206 P=0.72678961 dP=-0.27286928 r12=7.72438312 Vg=0.00001110 norm=1.00000000 rank=30/256 sv_max=8.25e+02 resid=1.53e-01
progress N=2 step 61500/277470 22.2% t=121.72996 eta_s=46715.7 E=-0.91804202 P=0.72626040 dP=-0.27339849 r12=7.72393388 Vg=0.00001088 norm=1.00000000 rank=30/256 sv_max=8.24e+02 resid=1.50e-01
progress N=2 step 61750/277470 22.3% t=121.85496 eta_s=46665.8 E=-0.91768302 P=0.72570896 dP=-0.27394993 r12=7.72351733 Vg=0.00001048 norm=1.00000000 rank=30/256 sv_max=8.20e+02 resid=1.43e-01
progress N=2 step 62000/277470 22.3% t=121.97996 eta_s=46614.4 E=-0.91732514 P=0.72513621 dP=-0.27452268 r12=7.72313796 Vg=0.00000988 norm=1.00000000 rank=31/256 sv_max=8.17e+02 resid=1.33e-01
progress N=2 step 62250/277470 22.4% t=122.10496 eta_s=46557.8 E=-0.91696833 P=0.72454632 dP=-0.27511257 r12=7.72284774 Vg=0.00000925 norm=1.00000000 rank=31/256 sv_max=8.12e+02 resid=1.26e-01
progress N=2 step 62500/277470 22.5% t=122.22996 eta_s=46488.8 E=-0.91661264 P=0.72393902 dP=-0.27571987 r12=7.72258557 Vg=0.00000857 norm=1.00000000 rank=31/256 sv_max=8.11e+02 resid=1.20e-01
progress N=2 step 62750/277470 22.6% t=122.35496 eta_s=46432.5 E=-0.91625792 P=0.72330694 dP=-0.27635195 r12=7.72233256 Vg=0.00000801 norm=1.00000000 rank=31/256 sv_max=8.15e+02 resid=1.15e-01
progress N=2 step 63000/277470 22.7% t=122.47996 eta_s=46381.5 E=-0.91590412 P=0.72264749 dP=-0.27701140 r12=7.72205960 Vg=0.00000756 norm=1.00000000 rank=31/256 sv_max=8.18e+02 resid=1.13e-01
progress N=2 step 63250/277470 22.8% t=122.60496 eta_s=46330.4 E=-0.91555119 P=0.72195880 dP=-0.27770009 r12=7.72177648 Vg=0.00000745 norm=1.00000000 rank=31/256 sv_max=8.18e+02 resid=1.12e-01
progress N=2 step 63500/277470 22.9% t=122.72996 eta_s=46278.6 E=-0.91519901 P=0.72124510 dP=-0.27841379 r12=7.72148561 Vg=0.00000775 norm=1.00000000 rank=31/256 sv_max=8.16e+02 resid=1.14e-01
progress N=2 step 63750/277470 23.0% t=122.85496 eta_s=46225.4 E=-0.91484761 P=0.72051367 dP=-0.27914522 r12=7.72118867 Vg=0.00000846 norm=1.00000000 rank=30/256 sv_max=8.12e+02 resid=1.16e-01
progress N=2 step 64000/277470 23.1% t=122.97996 eta_s=46170.4 E=-0.91449696 P=0.71978177 dP=-0.27987712 r12=7.72090261 Vg=0.00000924 norm=1.00000000 rank=30/256 sv_max=8.15e+02 resid=1.19e-01
progress N=2 step 64250/277470 23.2% t=123.10496 eta_s=46117.7 E=-0.91414707 P=0.71904215 dP=-0.28061675 r12=7.72061567 Vg=0.00001018 norm=1.00000000 rank=30/256 sv_max=8.19e+02 resid=1.22e-01
progress N=2 step 64500/277470 23.2% t=123.22996 eta_s=46061.0 E=-0.91379803 P=0.71829774 dP=-0.28136115 r12=7.72031096 Vg=0.00001113 norm=1.00000000 rank=30/256 sv_max=8.23e+02 resid=1.26e-01
progress N=2 step 64750/277470 23.3% t=123.35496 eta_s=46010.8 E=-0.91344982 P=0.71755248 dP=-0.28210641 r12=7.71997653 Vg=0.00001196 norm=1.00000000 rank=30/256 sv_max=8.27e+02 resid=1.30e-01
progress N=2 step 65000/277470 23.4% t=123.47996 eta_s=45959.9 E=-0.91310250 P=0.71681123 dP=-0.28284766 r12=7.71959850 Vg=0.00001257 norm=1.00000000 rank=30/256 sv_max=8.28e+02 resid=1.33e-01
progress N=2 step 65250/277470 23.5% t=123.60496 eta_s=45909.8 E=-0.91275611 P=0.71607807 dP=-0.28358082 r12=7.71915652 Vg=0.00001288 norm=1.00000000 rank=30/256 sv_max=8.26e+02 resid=1.33e-01
progress N=2 step 65500/277470 23.6% t=123.72996 eta_s=45859.8 E=-0.91241062 P=0.71535567 dP=-0.28430322 r12=7.71864199 Vg=0.00001288 norm=1.00000000 rank=30/256 sv_max=8.21e+02 resid=1.32e-01
progress N=2 step 65750/277470 23.7% t=123.85496 eta_s=45809.6 E=-0.91206615 P=0.71464689 dP=-0.28501200 r12=7.71806643 Vg=0.00001266 norm=1.00000000 rank=30/256 sv_max=8.17e+02 resid=1.31e-01
progress N=2 step 66000/277470 23.8% t=123.97996 eta_s=45759.6 E=-0.91172265 P=0.71395469 dP=-0.28570420 r12=7.71744646 Vg=0.00001234 norm=1.00000000 rank=30/256 sv_max=8.15e+02 resid=1.30e-01
progress N=2 step 66250/277470 23.9% t=124.10496 eta_s=45709.0 E=-0.91138015 P=0.71327245 dP=-0.28638644 r12=7.71679094 Vg=0.00001202 norm=1.00000000 rank=31/256 sv_max=8.19e+02 resid=1.27e-01
progress N=2 step 66500/277470 24.0% t=124.22996 eta_s=45658.9 E=-0.91103872 P=0.71261549 dP=-0.28704340 r12=7.71614557 Vg=0.00001170 norm=1.00000000 rank=31/256 sv_max=8.18e+02 resid=1.26e-01
progress N=2 step 66750/277470 24.1% t=124.35496 eta_s=45607.6 E=-0.91069829 P=0.71197820 dP=-0.28768069 r12=7.71560205 Vg=0.00001155 norm=1.00000000 rank=31/256 sv_max=8.12e+02 resid=1.24e-01
progress N=2 step 67000/277470 24.1% t=124.47996 eta_s=45551.7 E=-0.91035897 P=0.71134937 dP=-0.28830952 r12=7.71516761 Vg=0.00001154 norm=1.00000000 rank=31/256 sv_max=8.09e+02 resid=1.22e-01
progress N=2 step 67250/277470 24.2% t=124.60496 eta_s=45497.0 E=-0.91002072 P=0.71072163 dP=-0.28893726 r12=7.71484181 Vg=0.00001172 norm=1.00000000 rank=31/256 sv_max=8.11e+02 resid=1.22e-01
progress N=2 step 67500/277470 24.3% t=124.72996 eta_s=45445.1 E=-0.90968356 P=0.71009335 dP=-0.28956554 r12=7.71464879 Vg=0.00001174 norm=1.00000000 rank=31/256 sv_max=8.15e+02 resid=1.22e-01
progress N=2 step 67750/277470 24.4% t=124.85496 eta_s=45395.0 E=-0.90934754 P=0.70947116 dP=-0.29018773 r12=7.71461470 Vg=0.00001192 norm=1.00000000 rank=31/256 sv_max=8.14e+02 resid=1.23e-01
progress N=2 step 68000/277470 24.5% t=124.97996 eta_s=45343.0 E=-0.90901258 P=0.70883572 dP=-0.29082317 r12=7.71469976 Vg=0.00001250 norm=1.00000000 rank=30/256 sv_max=8.08e+02 resid=1.22e-01
progress N=2 step 68250/277470 24.6% t=125.10496 eta_s=45293.4 E=-0.90867874 P=0.70821519 dP=-0.29144371 r12=7.71493265 Vg=0.00001277 norm=1.00000000 rank=30/256 sv_max=8.07e+02 resid=1.23e-01
progress N=2 step 68500/277470 24.7% t=125.22996 eta_s=45243.7 E=-0.90834598 P=0.70759221 dP=-0.29206668 r12=7.71530219 Vg=0.00001319 norm=1.00000000 rank=30/256 sv_max=8.07e+02 resid=1.25e-01
progress N=2 step 68750/277470 24.8% t=125.35496 eta_s=45193.3 E=-0.90801430 P=0.70696400 dP=-0.29269489 r12=7.71579182 Vg=0.00001379 norm=1.00000000 rank=30/256 sv_max=8.07e+02 resid=1.29e-01
progress N=2 step 69000/277470 24.9% t=125.47996 eta_s=45142.8 E=-0.90768373 P=0.70632586 dP=-0.29333303 r12=7.71637536 Vg=0.00001459 norm=1.00000000 rank=31/256 sv_max=8.08e+02 resid=1.34e-01
progress N=2 step 69250/277470 25.0% t=125.60496 eta_s=45090.3 E=-0.90735417 P=0.70567632 dP=-0.29398257 r12=7.71702500 Vg=0.00001542 norm=1.00000000 rank=31/256 sv_max=8.10e+02 resid=1.39e-01
progress N=2 step 69500/277470 25.0% t=125.72996 eta_s=45033.8 E=-0.90702557 P=0.70500670 dP=-0.29465219 r12=7.71771848 Vg=0.00001630 norm=1.00000000 rank=31/256 sv_max=8.13e+02 resid=1.44e-01
progress N=2 step 69750/277470 25.1% t=125.85496 eta_s=44980.6 E=-0.90669795 P=0.70431247 dP=-0.29534642 r12=7.71844262 Vg=0.00001723 norm=1.00000000 rank=31/256 sv_max=8.16e+02 resid=1.49e-01
progress N=2 step 70000/277470 25.2% t=125.97996 eta_s=44930.8 E=-0.90637128 P=0.70359181 dP=-0.29606709 r12=7.71917493 Vg=0.00001819 norm=1.00000000 rank=31/256 sv_max=8.19e+02 resid=1.52e-01
progress N=2 step 70250/277470 25.3% t=126.10496 eta_s=44880.9 E=-0.90604545 P=0.70284130 dP=-0.29681759 r12=7.71989258 Vg=0.00001917 norm=1.00000000 rank=31/256 sv_max=8.24e+02 resid=1.54e-01
progress N=2 step 70500/277470 25.4% t=126.22996 eta_s=44830.8 E=-0.90572062 P=0.70207355 dP=-0.29758534 r12=7.72054919 Vg=0.00002003 norm=1.00000000 rank=31/256 sv_max=8.27e+02 resid=1.54e-01
progress N=2 step 70750/277470 25.5% t=126.35496 eta_s=44780.4 E=-0.90539673 P=0.70129691 dP=-0.29836198 r12=7.72115631 Vg=0.00002064 norm=1.00000000 rank=31/256 sv_max=8.25e+02 resid=1.54e-01
progress N=2 step 71000/277470 25.6% t=126.47996 eta_s=44728.1 E=-0.90507374 P=0.70051125 dP=-0.29914764 r12=7.72171557 Vg=0.00002104 norm=1.00000000 rank=31/256 sv_max=8.20e+02 resid=1.53e-01
progress N=2 step 71250/277470 25.7% t=126.60496 eta_s=44678.3 E=-0.90475172 P=0.69972118 dP=-0.29993771 r12=7.72223289 Vg=0.00002121 norm=1.00000000 rank=31/256 sv_max=8.14e+02 resid=1.51e-01
progress N=2 step 71500/277470 25.8% t=126.72996 eta_s=44626.6 E=-0.90443060 P=0.69893133 dP=-0.30072756 r12=7.72272404 Vg=0.00002119 norm=1.00000000 rank=31/256 sv_max=8.08e+02 resid=1.47e-01
progress N=2 step 71750/277470 25.9% t=126.85496 eta_s=44576.7 E=-0.90411032 P=0.69813429 dP=-0.30152461 r12=7.72319405 Vg=0.00002126 norm=1.00000000 rank=31/256 sv_max=8.07e+02 resid=1.41e-01
progress N=2 step 72000/277470 25.9% t=126.97996 eta_s=44526.3 E=-0.90379093 P=0.69733033 dP=-0.30232856 r12=7.72363114 Vg=0.00002160 norm=1.00000000 rank=31/256 sv_max=8.09e+02 resid=1.32e-01
progress N=2 step 72250/277470 26.0% t=127.10496 eta_s=44475.9 E=-0.90347254 P=0.69654231 dP=-0.30311658 r12=7.72405960 Vg=0.00002181 norm=1.00000000 rank=32/256 sv_max=8.10e+02 resid=1.07e-01
progress N=2 step 72500/277470 26.1% t=127.22996 eta_s=44426.1 E=-0.90315521 P=0.69577731 dP=-0.30388158 r12=7.72448709 Vg=0.00002194 norm=1.00000000 rank=31/256 sv_max=8.13e+02 resid=1.20e-01
progress N=2 step 72750/277470 26.2% t=127.35496 eta_s=44374.8 E=-0.90283882 P=0.69503309 dP=-0.30462580 r12=7.72489587 Vg=0.00002207 norm=1.00000000 rank=31/256 sv_max=8.16e+02 resid=1.16e-01
progress N=2 step 73000/277470 26.3% t=127.47996 eta_s=44322.0 E=-0.90252337 P=0.69431421 dP=-0.30534468 r12=7.72526648 Vg=0.00002232 norm=1.00000000 rank=31/256 sv_max=8.17e+02 resid=1.14e-01
progress N=2 step 73250/277470 26.4% t=127.60496 eta_s=44268.1 E=-0.90220889 P=0.69362194 dP=-0.30603695 r12=7.72557702 Vg=0.00002286 norm=1.00000000 rank=30/256 sv_max=8.16e+02 resid=1.13e-01
progress N=2 step 73500/277470 26.5% t=127.72996 eta_s=44210.2 E=-0.90189534 P=0.69295553 dP=-0.30670336 r12=7.72578725 Vg=0.00002358 norm=1.00000000 rank=30/256 sv_max=8.18e+02 resid=1.14e-01
progress N=2 step 73750/277470 26.6% t=127.85496 eta_s=44155.7 E=-0.90158279 P=0.69230845 dP=-0.30735044 r12=7.72587890 Vg=0.00002468 norm=1.00000000 rank=30/256 sv_max=8.20e+02 resid=1.17e-01
progress N=2 step 74000/277470 26.7% t=127.97996 eta_s=44102.3 E=-0.90127124 P=0.69167556 dP=-0.30798333 r12=7.72585133 Vg=0.00002608 norm=1.00000000 rank=30/256 sv_max=8.21e+02 resid=1.19e-01
progress N=2 step 74250/277470 26.8% t=128.10496 eta_s=44049.0 E=-0.90096067 P=0.69105149 dP=-0.30860741 r12=7.72571670 Vg=0.00002756 norm=1.00000000 rank=30/256 sv_max=8.20e+02 resid=1.21e-01
progress N=2 step 74500/277470 26.8% t=128.22996 eta_s=43992.4 E=-0.90065110 P=0.69042016 dP=-0.30923873 r12=7.72551854 Vg=0.00002918 norm=1.00000000 rank=31/256 sv_max=8.13e+02 resid=1.13e-01
progress N=2 step 74750/277470 26.9% t=128.35496 eta_s=43930.8 E=-0.90034264 P=0.68976733 dP=-0.30989156 r12=7.72528627 Vg=0.00003088 norm=1.00000000 rank=31/256 sv_max=8.06e+02 resid=1.22e-01
progress N=2 step 75000/277470 27.0% t=128.47996 eta_s=43874.9 E=-0.90003542 P=0.68911723 dP=-0.31054166 r12=7.72497132 Vg=0.00003180 norm=1.00000000 rank=31/256 sv_max=8.08e+02 resid=1.23e-01
progress N=2 step 75250/277470 27.1% t=128.60496 eta_s=43821.5 E=-0.89972940 P=0.68846366 dP=-0.31119523 r12=7.72465109 Vg=0.00003249 norm=1.00000000 rank=31/256 sv_max=8.06e+02 resid=1.24e-01
progress N=2 step 75500/277470 27.2% t=128.72996 eta_s=43767.8 E=-0.89942457 P=0.68779053 dP=-0.31186836 r12=7.72428054 Vg=0.00003317 norm=1.00000000 rank=31/256 sv_max=8.07e+02 resid=1.25e-01
progress N=2 step 75750/277470 27.3% t=128.85496 eta_s=43714.3 E=-0.89912098 P=0.68709396 dP=-0.31256493 r12=7.72385015 Vg=0.00003373 norm=1.00000000 rank=31/256 sv_max=8.14e+02 resid=1.24e-01
progress N=2 step 76000/277470 27.4% t=128.97996 eta_s=43660.5 E=-0.89881857 P=0.68637438 dP=-0.31328451 r12=7.72335117 Vg=0.00003436 norm=1.00000000 rank=31/256 sv_max=8.22e+02 resid=1.23e-01
progress N=2 step 76250/277470 27.5% t=129.10496 eta_s=43598.2 E=-0.89851735 P=0.68562883 dP=-0.31403006 r12=7.72278994 Vg=0.00003517 norm=1.00000000 rank=31/256 sv_max=8.28e+02 resid=1.21e-01
progress N=2 step 76500/277470 27.6% t=129.22996 eta_s=43538.0 E=-0.89821726 P=0.68486166 dP=-0.31479723 r12=7.72220736 Vg=0.00003598 norm=1.00000000 rank=31/256 sv_max=8.27e+02 resid=1.20e-01
progress N=2 step 76750/277470 27.7% t=129.35496 eta_s=43469.4 E=-0.89791817 P=0.68407852 dP=-0.31558037 r12=7.72165097 Vg=0.00003654 norm=1.00000000 rank=31/256 sv_max=8.21e+02 resid=1.19e-01
progress N=2 step 77000/277470 27.8% t=129.47996 eta_s=43403.6 E=-0.89762004 P=0.68327321 dP=-0.31638568 r12=7.72118323 Vg=0.00003683 norm=1.00000000 rank=31/256 sv_max=8.10e+02 resid=1.17e-01
progress N=2 step 77250/277470 27.8% t=129.60496 eta_s=43345.5 E=-0.89732270 P=0.68242128 dP=-0.31723761 r12=7.72085751 Vg=0.00003744 norm=1.00000000 rank=31/256 sv_max=8.01e+02 resid=1.14e-01
progress N=2 step 77500/277470 27.9% t=129.72996 eta_s=43290.7 E=-0.89702649 P=0.68156445 dP=-0.31809444 r12=7.72070065 Vg=0.00003781 norm=1.00000000 rank=31/256 sv_max=7.95e+02 resid=1.13e-01
progress N=2 step 77750/277470 28.0% t=129.85496 eta_s=43237.1 E=-0.89673145 P=0.68070057 dP=-0.31895833 r12=7.72071919 Vg=0.00003814 norm=1.00000000 rank=31/256 sv_max=7.96e+02 resid=1.11e-01
progress N=2 step 78000/277470 28.1% t=129.97996 eta_s=43183.4 E=-0.89643756 P=0.67983134 dP=-0.31982755 r12=7.72087548 Vg=0.00003842 norm=1.00000000 rank=31/256 sv_max=8.01e+02 resid=1.09e-01
progress N=2 step 78250/277470 28.2% t=130.10496 eta_s=43129.1 E=-0.89614478 P=0.67894712 dP=-0.32071178 r12=7.72114425 Vg=0.00003890 norm=1.00000000 rank=31/256 sv_max=8.07e+02 resid=1.08e-01
progress N=2 step 78500/277470 28.3% t=130.22996 eta_s=43075.1 E=-0.89585310 P=0.67805183 dP=-0.32160706 r12=7.72148625 Vg=0.00003963 norm=1.00000000 rank=31/256 sv_max=8.11e+02 resid=1.08e-01
progress N=2 step 78750/277470 28.4% t=130.35496 eta_s=43021.7 E=-0.89556251 P=0.67715872 dP=-0.32250017 r12=7.72188923 Vg=0.00004046 norm=1.00000000 rank=31/256 sv_max=8.10e+02 resid=1.10e-01
progress N=2 step 79000/277470 28.5% t=130.47996 eta_s=42967.9 E=-0.89527299 P=0.67627794 dP=-0.32338095 r12=7.72235605 Vg=0.00004127 norm=1.00000000 rank=31/256 sv_max=8.08e+02 resid=1.12e-01
progress N=2 step 79250/277470 28.6% t=130.60496 eta_s=42912.8 E=-0.89498445 P=0.67540141 dP=-0.32425748 r12=7.72286408 Vg=0.00004215 norm=1.00000000 rank=31/256 sv_max=8.05e+02 resid=1.14e-01
progress N=2 step 79500/277470 28.7% t=130.72996 eta_s=42848.5 E=-0.89469691 P=0.67452203 dP=-0.32513686 r12=7.72339790 Vg=0.00004315 norm=1.00000000 rank=31/256 sv_max=8.00e+02 resid=1.15e-01
progress N=2 step 79750/277470 28.7% t=130.85496 eta_s=42787.6 E=-0.89441037 P=0.67363524 dP=-0.32602365 r12=7.72395032 Vg=0.00004437 norm=1.00000000 rank=31/256 sv_max=7.94e+02 resid=1.15e-01
progress N=2 step 80000/277470 28.8% t=130.97996 eta_s=42731.5 E=-0.89412484 P=0.67273837 dP=-0.32692052 r12=7.72450455 Vg=0.00004580 norm=1.00000000 rank=31/256 sv_max=7.90e+02 resid=1.17e-01
progress N=2 step 80250/277470 28.9% t=131.10496 eta_s=42677.5 E=-0.89384045 P=0.67183602 dP=-0.32782287 r12=7.72503471 Vg=0.00004702 norm=1.00000000 rank=31/256 sv_max=7.91e+02 resid=1.20e-01
progress N=2 step 80500/277470 29.0% t=131.22996 eta_s=42623.9 E=-0.89355712 P=0.67094470 dP=-0.32871419 r12=7.72551558 Vg=0.00004775 norm=1.00000000 rank=31/256 sv_max=7.93e+02 resid=1.26e-01
progress N=2 step 80750/277470 29.1% t=131.35496 eta_s=42571.3 E=-0.89327502 P=0.67006919 dP=-0.32958970 r12=7.72589695 Vg=0.00004812 norm=1.00000000 rank=31/256 sv_max=7.95e+02 resid=1.33e-01
progress N=2 step 81000/277470 29.2% t=131.47996 eta_s=42518.4 E=-0.89299415 P=0.66920740 dP=-0.33045149 r12=7.72612637 Vg=0.00004811 norm=1.00000000 rank=31/256 sv_max=8.00e+02 resid=1.41e-01
progress N=2 step 81250/277470 29.3% t=131.60496 eta_s=42465.0 E=-0.89271444 P=0.66838546 dP=-0.33127343 r12=7.72624028 Vg=0.00004748 norm=1.00000000 rank=31/256 sv_max=8.04e+02 resid=1.48e-01
progress N=2 step 81500/277470 29.4% t=131.72996 eta_s=42411.4 E=-0.89243603 P=0.66759296 dP=-0.33206593 r12=7.72620971 Vg=0.00004679 norm=1.00000000 rank=31/256 sv_max=8.05e+02 resid=1.51e-01
progress N=2 step 81750/277470 29.5% t=131.85496 eta_s=42357.5 E=-0.89215875 P=0.66682180 dP=-0.33283710 r12=7.72602630 Vg=0.00004633 norm=1.00000000 rank=31/256 sv_max=8.04e+02 resid=1.51e-01
progress N=2 step 82000/277470 29.6% t=131.97996 eta_s=42303.7 E=-0.89188261 P=0.66605822 dP=-0.33360067 r12=7.72572640 Vg=0.00004628 norm=1.00000000 rank=31/256 sv_max=7.96e+02 resid=1.47e-01
progress N=2 step 82250/277470 29.6% t=132.10496 eta_s=42250.0 E=-0.89160765 P=0.66529347 dP=-0.33436542 r12=7.72530884 Vg=0.00004678 norm=1.00000000 rank=31/256 sv_max=7.86e+02 resid=1.43e-01
progress N=2 step 82500/277470 29.7% t=132.22996 eta_s=42196.7 E=-0.89133382 P=0.66454248 dP=-0.33511641 r12=7.72483212 Vg=0.00004728 norm=1.00000000 rank=31/256 sv_max=7.75e+02 resid=1.38e-01
progress N=2 step 82750/277470 29.8% t=132.35496 eta_s=42143.6 E=-0.89106148 P=0.66360773 dP=-0.33605117 r12=7.72455408 Vg=0.00005162 norm=1.00000000 rank=32/256 sv_max=7.52e+02 resid=1.08e-01
progress N=2 step 83000/277470 29.9% t=132.47996 eta_s=42090.2 E=-0.89079086 P=0.66268513 dP=-0.33697376 r12=7.72424767 Vg=0.00005752 norm=1.00000000 rank=32/256 sv_max=7.34e+02 resid=1.04e-01
progress N=2 step 83250/277470 30.0% t=132.60496 eta_s=42036.8 E=-0.89052218 P=0.66177737 dP=-0.33788152 r12=7.72380997 Vg=0.00006373 norm=1.00000000 rank=32/256 sv_max=7.42e+02 resid=1.02e-01
progress N=2 step 83500/277470 30.1% t=132.72996 eta_s=41975.1 E=-0.89025524 P=0.66087107 dP=-0.33878782 r12=7.72358645 Vg=0.00006579 norm=1.00000000 rank=32/256 sv_max=7.90e+02 resid=1.00e-01
progress N=2 step 83750/277470 30.2% t=132.85496 eta_s=41916.1 E=-0.88998992 P=0.65988908 dP=-0.33976981 r12=7.72352420 Vg=0.00006833 norm=1.00000000 rank=32/256 sv_max=8.24e+02 resid=8.78e-02
progress N=2 step 84000/277470 30.3% t=132.97996 eta_s=41860.4 E=-0.88972635 P=0.65881967 dP=-0.34083922 r12=7.72351008 Vg=0.00007386 norm=1.00000000 rank=33/256 sv_max=7.97e+02 resid=6.82e-02
progress N=2 step 84250/277470 30.4% t=133.10496 eta_s=41804.5 E=-0.88946429 P=0.65770818 dP=-0.34195071 r12=7.72352995 Vg=0.00007960 norm=1.00000000 rank=32/256 sv_max=7.27e+02 resid=6.10e-02
progress N=2 step 84500/277470 30.5% t=133.22996 eta_s=41738.6 E=-0.88920364 P=0.65661430 dP=-0.34304459 r12=7.72382845 Vg=0.00008253 norm=1.00000000 rank=32/256 sv_max=6.75e+02 resid=5.92e-02
progress N=2 step 84750/277470 30.5% t=133.35496 eta_s=41671.3 E=-0.88894437 P=0.65549909 dP=-0.34415981 r12=7.72432823 Vg=0.00008642 norm=1.00000000 rank=33/256 sv_max=6.72e+02 resid=6.02e-02
progress N=2 step 85000/277470 30.6% t=133.47996 eta_s=41610.8 E=-0.88868633 P=0.65435555 dP=-0.34530334 r12=7.72510518 Vg=0.00008789 norm=1.00000000 rank=33/256 sv_max=6.75e+02 resid=6.43e-02
progress N=2 step 85250/277470 30.7% t=133.60496 eta_s=41556.6 E=-0.88842976 P=0.65311300 dP=-0.34654589 r12=7.72612780 Vg=0.00008902 norm=1.00000000 rank=34/256 sv_max=6.42e+02 resid=5.29e-02
progress N=2 step 85500/277470 30.8% t=133.72996 eta_s=41505.2 E=-0.88817463 P=0.65185004 dP=-0.34780885 r12=7.72726526 Vg=0.00009015 norm=1.00000000 rank=34/256 sv_max=5.92e+02 resid=5.81e-02
progress N=2 step 85750/277470 30.9% t=133.85496 eta_s=41453.3 E=-0.88792088 P=0.65055205 dP=-0.34910684 r12=7.72846659 Vg=0.00008950 norm=1.00000000 rank=34/256 sv_max=5.85e+02 resid=5.99e-02
progress N=2 step 86000/277470 31.0% t=133.97996 eta_s=41400.5 E=-0.88766864 P=0.64924445 dP=-0.35041444 r12=7.72964038 Vg=0.00008711 norm=1.00000000 rank=34/256 sv_max=6.04e+02 resid=6.35e-02
progress N=2 step 86250/277470 31.1% t=134.10496 eta_s=41348.2 E=-0.88741768 P=0.64793951 dP=-0.35171938 r12=7.73073843 Vg=0.00008347 norm=1.00000000 rank=34/256 sv_max=6.05e+02 resid=6.41e-02
progress N=2 step 86500/277470 31.2% t=134.22996 eta_s=41292.3 E=-0.88716802 P=0.64662726 dP=-0.35303163 r12=7.73200721 Vg=0.00007966 norm=1.00000000 rank=34/256 sv_max=5.72e+02 resid=6.16e-02
progress N=2 step 86750/277470 31.3% t=134.35496 eta_s=41233.0 E=-0.88691963 P=0.64527872 dP=-0.35438017 r12=7.73333850 Vg=0.00007743 norm=1.00000000 rank=34/256 sv_max=5.30e+02 resid=5.39e-02
progress N=2 step 87000/277470 31.4% t=134.47996 eta_s=41178.9 E=-0.88667241 P=0.64395652 dP=-0.35570237 r12=7.73466607 Vg=0.00007790 norm=1.00000000 rank=34/256 sv_max=5.22e+02 resid=5.21e-02
progress N=2 step 87250/277470 31.4% t=134.60496 eta_s=41126.1 E=-0.88642645 P=0.64269404 dP=-0.35696485 r12=7.73615215 Vg=0.00008031 norm=1.00000000 rank=33/256 sv_max=5.37e+02 resid=5.14e-02
progress N=2 step 87500/277470 31.5% t=134.72996 eta_s=41069.2 E=-0.88618181 P=0.64150578 dP=-0.35815311 r12=7.73791823 Vg=0.00008440 norm=1.00000000 rank=33/256 sv_max=5.46e+02 resid=5.19e-02
progress N=2 step 87750/277470 31.6% t=134.85496 eta_s=41015.4 E=-0.88593861 P=0.64038841 dP=-0.35927049 r12=7.73979815 Vg=0.00008986 norm=1.00000000 rank=33/256 sv_max=5.52e+02 resid=4.84e-02
progress N=2 step 88000/277470 31.7% t=134.97996 eta_s=40962.5 E=-0.88569674 P=0.63943521 dP=-0.36022368 r12=7.74170565 Vg=0.00009097 norm=1.00000000 rank=34/256 sv_max=5.69e+02 resid=4.72e-02
progress N=2 step 88250/277470 31.8% t=135.10496 eta_s=40903.6 E=-0.88545614 P=0.63852546 dP=-0.36113343 r12=7.74380157 Vg=0.00009179 norm=1.00000000 rank=34/256 sv_max=6.12e+02 resid=4.34e-02
progress N=2 step 88500/277470 31.9% t=135.22996 eta_s=40841.4 E=-0.88521701 P=0.63765424 dP=-0.36200465 r12=7.74608150 Vg=0.00009278 norm=1.00000000 rank=34/256 sv_max=6.53e+02 resid=4.33e-02
progress N=2 step 88750/277470 32.0% t=135.35496 eta_s=40780.3 E=-0.88497925 P=0.63683092 dP=-0.36282797 r12=7.74852286 Vg=0.00009291 norm=1.00000000 rank=33/256 sv_max=6.71e+02 resid=4.64e-02
progress N=2 step 89000/277470 32.1% t=135.47996 eta_s=40719.5 E=-0.88474288 P=0.63605804 dP=-0.36360085 r12=7.75097209 Vg=0.00009321 norm=1.00000000 rank=33/256 sv_max=6.71e+02 resid=5.20e-02
progress N=2 step 89250/277470 32.2% t=135.60496 eta_s=40665.8 E=-0.88450781 P=0.63533510 dP=-0.36432379 r12=7.75334457 Vg=0.00009330 norm=1.00000000 rank=33/256 sv_max=6.56e+02 resid=5.63e-02
progress N=2 step 89500/277470 32.3% t=135.72996 eta_s=40612.6 E=-0.88427393 P=0.63466042 dP=-0.36499847 r12=7.75551021 Vg=0.00009266 norm=1.00000000 rank=33/256 sv_max=6.28e+02 resid=6.18e-02
progress N=2 step 89750/277470 32.3% t=135.85496 eta_s=40559.8 E=-0.88404155 P=0.63403212 dP=-0.36562677 r12=7.75766102 Vg=0.00009105 norm=1.00000000 rank=34/256 sv_max=6.06e+02 resid=6.00e-02
progress N=2 step 90000/277470 32.4% t=135.97996 eta_s=40506.6 E=-0.88381066 P=0.63341793 dP=-0.36624096 r12=7.75979492 Vg=0.00008942 norm=1.00000000 rank=34/256 sv_max=6.22e+02 resid=5.89e-02
progress N=2 step 90250/277470 32.5% t=136.10496 eta_s=40453.0 E=-0.88358140 P=0.63279847 dP=-0.36686043 r12=7.76170039 Vg=0.00008783 norm=1.00000000 rank=33/256 sv_max=6.54e+02 resid=5.68e-02
progress N=2 step 90500/277470 32.6% t=136.22996 eta_s=40399.8 E=-0.88335386 P=0.63221043 dP=-0.36744846 r12=7.76350558 Vg=0.00008604 norm=1.00000000 rank=33/256 sv_max=6.77e+02 resid=5.41e-02
progress N=2 step 90750/277470 32.7% t=136.35496 eta_s=40346.4 E=-0.88312776 P=0.63162437 dP=-0.36803452 r12=7.76499718 Vg=0.00008404 norm=1.00000000 rank=33/256 sv_max=6.88e+02 resid=5.22e-02
progress N=2 step 91000/277470 32.8% t=136.47996 eta_s=40293.3 E=-0.88290315 P=0.63102825 dP=-0.36863064 r12=7.76622011 Vg=0.00008197 norm=1.00000000 rank=33/256 sv_max=6.75e+02 resid=5.53e-02
progress N=2 step 91250/277470 32.9% t=136.60496 eta_s=40239.0 E=-0.88267982 P=0.63040040 dP=-0.36925850 r12=7.76708848 Vg=0.00008057 norm=1.00000000 rank=33/256 sv_max=6.52e+02 resid=5.46e-02
progress N=2 step 91500/277470 33.0% t=136.72996 eta_s=40178.5 E=-0.88245766 P=0.62970131 dP=-0.36995758 r12=7.76754899 Vg=0.00008125 norm=1.00000000 rank=33/256 sv_max=6.19e+02 resid=5.65e-02
progress N=2 step 91750/277470 33.1% t=136.85496 eta_s=40122.1 E=-0.88223670 P=0.62896055 dP=-0.37069835 r12=7.76791837 Vg=0.00008204 norm=1.00000000 rank=32/256 sv_max=6.25e+02 resid=5.52e-02
