job_id=605828
array_job_id=605824
array_task_id=0
job_name=vs3n2st2
partition=epyc
node_list=cent
excluded_nodes=bar
workdir=/home/gyqyan/zexuan/ecg1d_code/1D_thouless_pumping
cpus_per_task=32
mem_per_node=16384
binary=./build/ecg1d_vs3_n2_dt001_staged_full
case_label=gauss_sigma0p750
mode=gauss
sigma=0.75
planning_estimate=staged local dt: shoulders dt/10, core dt/20, 277470 steps; 32-core benchmark gauss ~0.23 s/step near s=0.25
start_time=2026-07-09T16:31:18+08:00
config=legacy_prb_3_3_n2_pathpad_K32_dt0p01_staged_gauss_sigma0p750 lambda_C=1.00e-08 rcond=1.00e-04 | TDVP param dimension=256
progress N=2 step 0/277470 0.0% t=0.00000 eta_s=nan E=-2.15315039 P=0.99965889 dP=0.00000000 r12=8.04559382 Vg=0.00000064 norm=1.00000000 rank=-1/256 sv_max=nan resid=nan
initial t=0.00000 tau=0.00000 E=-2.1531503908 <X>/a=0.9996588910 norm=1.0000000000 V_gauss=0.0000006355
progress N=2 step 250/277470 0.1% t=2.50000 eta_s=58849.5 E=-2.14296934 P=0.98909667 dP=-0.01056222 r12=8.04540224 Vg=0.00000073 norm=1.00000000 rank=35/256 sv_max=1.07e+02 resid=6.73e-03
progress N=2 step 500/277470 0.2% t=5.00000 eta_s=59113.6 E=-2.11775361 P=0.98050491 dP=-0.01915398 r12=8.04558603 Vg=0.00000078 norm=1.00000000 rank=37/256 sv_max=1.03e+02 resid=3.77e-02
progress N=2 step 750/277470 0.3% t=7.50000 eta_s=59318.7 E=-2.07650074 P=0.96857389 dP=-0.03108500 r12=8.04635451 Vg=0.00000076 norm=1.00000000 rank=35/256 sv_max=9.45e+01 resid=9.44e-03
progress N=2 step 1000/277470 0.4% t=10.00000 eta_s=59043.6 E=-2.02660546 P=0.96257992 dP=-0.03707897 r12=8.04566407 Vg=0.00000085 norm=1.00000000 rank=34/256 sv_max=1.03e+02 resid=3.53e-02
progress N=2 step 1250/277470 0.5% t=12.50000 eta_s=58667.5 E=-1.96894307 P=0.95118977 dP=-0.04846912 r12=8.04787049 Vg=0.00000080 norm=1.00000000 rank=34/256 sv_max=1.12e+02 resid=1.18e-02
progress N=2 step 1500/277470 0.5% t=15.00000 eta_s=58792.0 E=-1.90971592 P=0.94720111 dP=-0.05245779 r12=8.04595542 Vg=0.00000105 norm=1.00000000 rank=34/256 sv_max=1.07e+02 resid=3.75e-02
progress N=2 step 1750/277470 0.6% t=17.50000 eta_s=58881.5 E=-1.84891393 P=0.93726387 dP=-0.06239502 r12=8.05063879 Vg=0.00000114 norm=1.00000000 rank=37/256 sv_max=1.31e+02 resid=1.13e-02
progress N=2 step 2000/277470 0.7% t=20.00000 eta_s=59015.0 E=-1.79077402 P=0.93344175 dP=-0.06621714 r12=8.04832256 Vg=0.00000193 norm=1.00000000 rank=35/256 sv_max=1.28e+02 resid=3.38e-02
progress N=2 step 2250/277470 0.8% t=22.50000 eta_s=59091.7 E=-1.73406028 P=0.92735462 dP=-0.07230427 r12=8.04930562 Vg=0.00000251 norm=1.00000000 rank=35/256 sv_max=1.21e+02 resid=1.47e-02
progress N=2 step 2500/277470 0.9% t=25.00000 eta_s=59108.4 E=-1.68127216 P=0.92105296 dP=-0.07860593 r12=8.05476219 Vg=0.00000432 norm=1.00000000 rank=36/256 sv_max=1.33e+02 resid=4.74e-02
progress N=2 step 2750/277470 1.0% t=27.50000 eta_s=59196.3 E=-1.63132005 P=0.91912000 dP=-0.08053889 r12=8.03839356 Vg=0.00000820 norm=1.00000000 rank=35/256 sv_max=1.23e+02 resid=2.80e-02
progress N=2 step 3000/277470 1.1% t=30.00000 eta_s=59254.3 E=-1.58481776 P=0.91221223 dP=-0.08744666 r12=8.06944696 Vg=0.00000976 norm=1.00000000 rank=35/256 sv_max=1.25e+02 resid=3.13e-02
progress N=2 step 3250/277470 1.2% t=32.50000 eta_s=59281.9 E=-1.54174171 P=0.90934895 dP=-0.09030994 r12=8.02898744 Vg=0.00000935 norm=1.00000000 rank=34/256 sv_max=1.36e+02 resid=3.94e-02
progress N=2 step 3500/277470 1.3% t=35.00000 eta_s=59315.7 E=-1.50152297 P=0.90630975 dP=-0.09334914 r12=8.06063669 Vg=0.00001066 norm=1.00000000 rank=34/256 sv_max=1.46e+02 resid=4.69e-02
progress N=2 step 3750/277470 1.4% t=37.50000 eta_s=59266.4 E=-1.46420553 P=0.90167635 dP=-0.09798254 r12=8.05891549 Vg=0.00001019 norm=1.00000000 rank=34/256 sv_max=1.50e+02 resid=5.36e-02
progress N=2 step 4000/277470 1.4% t=40.00000 eta_s=59251.0 E=-1.42951003 P=0.89970880 dP=-0.09995009 r12=8.04093589 Vg=0.00000803 norm=1.00000000 rank=32/256 sv_max=1.63e+02 resid=7.90e-02
progress N=2 step 4250/277470 1.5% t=42.50000 eta_s=59143.8 E=-1.39715601 P=0.89461579 dP=-0.10504310 r12=8.04256787 Vg=0.00000708 norm=1.00000000 rank=32/256 sv_max=1.76e+02 resid=5.07e-02
progress N=2 step 4500/277470 1.6% t=45.00000 eta_s=59064.1 E=-1.36713788 P=0.89280825 dP=-0.10685064 r12=8.06176852 Vg=0.00000750 norm=1.00000000 rank=32/256 sv_max=1.79e+02 resid=1.12e-01
progress N=2 step 4750/277470 1.7% t=47.50000 eta_s=58998.0 E=-1.33880546 P=0.89160324 dP=-0.10805565 r12=8.04294949 Vg=0.00000807 norm=1.00000000 rank=32/256 sv_max=1.80e+02 resid=7.38e-02
progress N=2 step 5000/277470 1.8% t=50.00000 eta_s=58998.1 E=-1.31232003 P=0.88680125 dP=-0.11285764 r12=8.04374848 Vg=0.00000900 norm=1.00000000 rank=32/256 sv_max=2.01e+02 resid=8.70e-02
progress N=2 step 5250/277470 1.9% t=52.50000 eta_s=58994.2 E=-1.28760718 P=0.88179809 dP=-0.11786080 r12=8.04613195 Vg=0.00001025 norm=1.00000000 rank=34/256 sv_max=2.24e+02 resid=5.77e-02
progress N=2 step 5500/277470 2.0% t=55.00000 eta_s=58979.6 E=-1.26423589 P=0.88058672 dP=-0.11907217 r12=8.03075183 Vg=0.00001105 norm=1.00000000 rank=32/256 sv_max=2.45e+02 resid=4.00e-01
progress N=2 step 5750/277470 2.1% t=57.50000 eta_s=58817.1 E=-1.24218833 P=0.87914980 dP=-0.12050909 r12=8.04558356 Vg=0.00001235 norm=1.00000000 rank=32/256 sv_max=2.51e+02 resid=3.13e-01
progress N=2 step 6000/277470 2.2% t=60.00000 eta_s=58784.4 E=-1.22140964 P=0.87469070 dP=-0.12496820 r12=8.04679434 Vg=0.00001228 norm=1.00000000 rank=32/256 sv_max=2.72e+02 resid=3.46e-01
progress N=2 step 6250/277470 2.3% t=62.50000 eta_s=58761.4 E=-1.20175230 P=0.87221875 dP=-0.12744014 r12=8.04783172 Vg=0.00000915 norm=1.00000000 rank=32/256 sv_max=2.86e+02 resid=2.88e-01
progress N=2 step 6500/277470 2.3% t=65.00000 eta_s=58715.7 E=-1.18311158 P=0.86856299 dP=-0.13109590 r12=8.01404028 Vg=0.00000396 norm=1.00000000 rank=32/256 sv_max=3.03e+02 resid=2.76e-01
progress N=2 step 6750/277470 2.4% t=67.50000 eta_s=58684.6 E=-1.16539432 P=0.86574003 dP=-0.13391886 r12=8.02022791 Vg=0.00000160 norm=1.00000000 rank=32/256 sv_max=3.15e+02 resid=3.06e-01
progress N=2 step 7000/277470 2.5% t=70.00000 eta_s=58653.7 E=-1.14855541 P=0.86112037 dP=-0.13853852 r12=8.01903080 Vg=0.00000317 norm=1.00000000 rank=32/256 sv_max=3.34e+02 resid=2.85e-01
progress N=2 step 7250/277470 2.6% t=72.50000 eta_s=58619.0 E=-1.13250984 P=0.85865033 dP=-0.14100856 r12=8.02530895 Vg=0.00000831 norm=1.00000000 rank=32/256 sv_max=3.44e+02 resid=5.54e-01
progress N=2 step 7500/277470 2.7% t=75.00000 eta_s=58585.2 E=-1.11708055 P=0.85724486 dP=-0.14241403 r12=8.01446519 Vg=0.00001303 norm=1.00000000 rank=32/256 sv_max=3.54e+02 resid=3.28e-01
progress N=2 step 7750/277470 2.8% t=77.50000 eta_s=58558.0 E=-1.10225412 P=0.85378362 dP=-0.14587527 r12=7.99820128 Vg=0.00001478 norm=1.00000000 rank=32/256 sv_max=3.61e+02 resid=3.74e-01
progress N=2 step 8000/277470 2.9% t=80.00000 eta_s=58539.6 E=-1.08804722 P=0.84926173 dP=-0.15039716 r12=7.99748636 Vg=0.00001231 norm=1.00000000 rank=32/256 sv_max=3.83e+02 resid=1.94e-01
progress N=2 step 8250/277470 3.0% t=82.50000 eta_s=58526.4 E=-1.07449409 P=0.84250407 dP=-0.15715482 r12=7.98104759 Vg=0.00000590 norm=1.00000000 rank=32/256 sv_max=4.17e+02 resid=2.51e-01
progress N=2 step 8500/277470 3.1% t=85.00000 eta_s=58513.1 E=-1.06154518 P=0.83804040 dP=-0.16161849 r12=7.97610144 Vg=0.00000183 norm=1.00000000 rank=32/256 sv_max=4.41e+02 resid=2.90e-01
progress N=2 step 8750/277470 3.2% t=87.50000 eta_s=58489.7 E=-1.04909032 P=0.83279742 dP=-0.16686147 r12=7.94753259 Vg=0.00000097 norm=1.00000000 rank=31/256 sv_max=7.73e+02 resid=1.22e-01
progress N=2 step 9000/277470 3.2% t=90.00000 eta_s=58397.8 E=-1.03712728 P=0.82781751 dP=-0.17184138 r12=7.96149002 Vg=0.00000116 norm=1.00000000 rank=28/256 sv_max=1.57e+03 resid=8.28e-02
progress N=2 step 9250/277470 3.3% t=90.67987 eta_s=58360.9 E=-1.03395217 P=0.82660878 dP=-0.17305011 r12=7.96668936 Vg=0.00000121 norm=1.00000000 rank=28/256 sv_max=1.48e+03 resid=8.45e-02
progress N=2 step 9500/277470 3.4% t=90.92987 eta_s=58340.0 E=-1.03279177 P=0.82616017 dP=-0.17349872 r12=7.96786156 Vg=0.00000191 norm=1.00000000 rank=28/256 sv_max=1.80e+03 resid=7.62e-02
progress N=2 step 9750/277470 3.5% t=91.17987 eta_s=58318.8 E=-1.03163547 P=0.82564720 dP=-0.17401169 r12=7.96883917 Vg=0.00000157 norm=1.00000000 rank=26/256 sv_max=2.31e+03 resid=7.96e-02
progress N=2 step 10000/277470 3.6% t=91.42987 eta_s=58298.2 E=-1.03048362 P=0.82502277 dP=-0.17463612 r12=7.96965021 Vg=0.00000172 norm=1.00000000 rank=26/256 sv_max=2.26e+03 resid=7.71e-02
progress N=2 step 10250/277470 3.7% t=91.67987 eta_s=58281.5 E=-1.02933658 P=0.82429951 dP=-0.17535938 r12=7.97021300 Vg=0.00000208 norm=1.00000000 rank=27/256 sv_max=1.81e+03 resid=8.13e-02
progress N=2 step 10500/277470 3.8% t=91.92987 eta_s=58260.9 E=-1.02819457 P=0.82351949 dP=-0.17613940 r12=7.97059739 Vg=0.00000222 norm=1.00000000 rank=27/256 sv_max=1.87e+03 resid=8.39e-02
progress N=2 step 10750/277470 3.9% t=92.17987 eta_s=58236.7 E=-1.02705773 P=0.82270408 dP=-0.17695482 r12=7.97129261 Vg=0.00000261 norm=1.00000000 rank=27/256 sv_max=1.83e+03 resid=8.49e-02
progress N=2 step 11000/277470 4.0% t=92.42987 eta_s=58212.4 E=-1.02592609 P=0.82187994 dP=-0.17777896 r12=7.97212004 Vg=0.00000259 norm=1.00000000 rank=27/256 sv_max=1.77e+03 resid=9.30e-02
progress N=2 step 11250/277470 4.1% t=92.67987 eta_s=58179.6 E=-1.02479938 P=0.82105553 dP=-0.17860336 r12=7.97265236 Vg=0.00000228 norm=1.00000000 rank=27/256 sv_max=1.96e+03 resid=9.23e-02
progress N=2 step 11500/277470 4.1% t=92.92987 eta_s=58139.4 E=-1.02367743 P=0.82026919 dP=-0.17938970 r12=7.97290744 Vg=0.00000231 norm=1.00000000 rank=26/256 sv_max=2.10e+03 resid=8.68e-02
progress N=2 step 11750/277470 4.2% t=93.17987 eta_s=58071.1 E=-1.02256004 P=0.81955862 dP=-0.18010027 r12=7.97305759 Vg=0.00000226 norm=1.00000000 rank=26/256 sv_max=2.50e+03 resid=8.00e-02
progress N=2 step 12000/277470 4.3% t=93.42987 eta_s=58027.7 E=-1.02144682 P=0.81892890 dP=-0.18072999 r12=7.97302534 Vg=0.00000228 norm=1.00000000 rank=25/256 sv_max=3.13e+03 resid=7.68e-02
progress N=2 step 12250/277470 4.4% t=93.67987 eta_s=57987.9 E=-1.02033730 P=0.81838827 dP=-0.18127062 r12=7.97308924 Vg=0.00000232 norm=1.00000000 rank=25/256 sv_max=3.53e+03 resid=7.53e-02
progress N=2 step 12500/277470 4.5% t=93.92987 eta_s=57946.7 E=-1.01923137 P=0.81788742 dP=-0.18177147 r12=7.97308523 Vg=0.00000237 norm=1.00000000 rank=25/256 sv_max=3.46e+03 resid=7.97e-02
progress N=2 step 12750/277470 4.6% t=94.17987 eta_s=57866.7 E=-1.01812904 P=0.81743733 dP=-0.18222156 r12=7.97261005 Vg=0.00000245 norm=1.00000000 rank=25/256 sv_max=3.26e+03 resid=9.55e-02
progress N=2 step 13000/277470 4.7% t=94.42987 eta_s=57775.2 E=-1.01703022 P=0.81706355 dP=-0.18259534 r12=7.97168420 Vg=0.00000246 norm=1.00000000 rank=25/256 sv_max=2.98e+03 resid=1.21e-01
progress N=2 step 13250/277470 4.8% t=94.67987 eta_s=57736.8 E=-1.01593487 P=0.81680425 dP=-0.18285464 r12=7.97072459 Vg=0.00000230 norm=1.00000000 rank=26/256 sv_max=2.65e+03 resid=1.36e-01
progress N=2 step 13500/277470 4.9% t=94.92987 eta_s=57702.9 E=-1.01484355 P=0.81663180 dP=-0.18302709 r12=7.96977583 Vg=0.00000211 norm=1.00000000 rank=26/256 sv_max=2.59e+03 resid=1.26e-01
progress N=2 step 13750/277470 5.0% t=95.17987 eta_s=57668.3 E=-1.01375558 P=0.81652021 dP=-0.18313868 r12=7.96906077 Vg=0.00000209 norm=1.00000000 rank=26/256 sv_max=2.84e+03 resid=1.09e-01
progress N=2 step 14000/277470 5.0% t=95.42987 eta_s=57616.1 E=-1.01267024 P=0.81642267 dP=-0.18323622 r12=7.96871002 Vg=0.00000216 norm=1.00000000 rank=25/256 sv_max=3.04e+03 resid=9.30e-02
progress N=2 step 14250/277470 5.1% t=95.67987 eta_s=57550.4 E=-1.01158719 P=0.81627046 dP=-0.18338843 r12=7.96858735 Vg=0.00000226 norm=1.00000000 rank=25/256 sv_max=3.28e+03 resid=7.94e-02
progress N=2 step 14500/277470 5.2% t=95.92987 eta_s=57474.3 E=-1.01050637 P=0.81605139 dP=-0.18360750 r12=7.96841686 Vg=0.00000232 norm=1.00000000 rank=23/256 sv_max=3.62e+03 resid=9.26e-02
progress N=2 step 14750/277470 5.3% t=96.17987 eta_s=57418.9 E=-1.00942774 P=0.81579313 dP=-0.18386576 r12=7.96804417 Vg=0.00000232 norm=1.00000000 rank=23/256 sv_max=3.54e+03 resid=8.98e-02
progress N=2 step 15000/277470 5.4% t=96.42987 eta_s=57370.5 E=-1.00835153 P=0.81549533 dP=-0.18416356 r12=7.96699991 Vg=0.00000226 norm=1.00000000 rank=24/256 sv_max=3.38e+03 resid=9.09e-02
progress N=2 step 15250/277470 5.5% t=96.67987 eta_s=57310.5 E=-1.00727822 P=0.81521038 dP=-0.18444851 r12=7.96499987 Vg=0.00000214 norm=1.00000000 rank=24/256 sv_max=3.74e+03 resid=9.51e-02
progress N=2 step 15500/277470 5.6% t=96.92987 eta_s=57267.3 E=-1.00620807 P=0.81491922 dP=-0.18473967 r12=7.96196224 Vg=0.00000198 norm=1.00000000 rank=23/256 sv_max=4.36e+03 resid=1.05e-01
progress N=2 step 15750/277470 5.7% t=97.17987 eta_s=57224.6 E=-1.00514129 P=0.81462238 dP=-0.18503651 r12=7.95827793 Vg=0.00000181 norm=1.00000000 rank=23/256 sv_max=5.08e+03 resid=1.10e-01
progress N=2 step 16000/277470 5.8% t=97.42987 eta_s=57178.2 E=-1.00407714 P=0.81431155 dP=-0.18534735 r12=7.95413967 Vg=0.00000170 norm=1.00000000 rank=22/256 sv_max=5.91e+03 resid=1.12e-01
progress N=2 step 16250/277470 5.9% t=97.67987 eta_s=57125.7 E=-1.00301546 P=0.81393812 dP=-0.18572077 r12=7.94996797 Vg=0.00000166 norm=1.00000000 rank=22/256 sv_max=6.53e+03 resid=1.07e-01
progress N=2 step 16500/277470 5.9% t=97.92987 eta_s=57070.2 E=-1.00195622 P=0.81349065 dP=-0.18616824 r12=7.94599375 Vg=0.00000165 norm=1.00000000 rank=21/256 sv_max=6.42e+03 resid=1.02e-01
progress N=2 step 16750/277470 6.0% t=98.17987 eta_s=57012.0 E=-1.00089969 P=0.81296343 dP=-0.18669546 r12=7.94227643 Vg=0.00000166 norm=1.00000000 rank=22/256 sv_max=5.47e+03 resid=1.03e-01
progress N=2 step 17000/277470 6.1% t=98.42987 eta_s=56956.8 E=-0.99984629 P=0.81237449 dP=-0.18728440 r12=7.93873847 Vg=0.00000165 norm=1.00000000 rank=23/256 sv_max=4.46e+03 resid=1.07e-01
progress N=2 step 17250/277470 6.2% t=98.67987 eta_s=56895.4 E=-0.99879609 P=0.81178135 dP=-0.18787755 r12=7.93543370 Vg=0.00000156 norm=1.00000000 rank=24/256 sv_max=3.63e+03 resid=1.18e-01
progress N=2 step 17500/277470 6.3% t=98.92987 eta_s=56818.1 E=-0.99774945 P=0.81119745 dP=-0.18846144 r12=7.93202078 Vg=0.00000144 norm=1.00000000 rank=24/256 sv_max=3.42e+03 resid=1.33e-01
progress N=2 step 17750/277470 6.4% t=99.17987 eta_s=56754.8 E=-0.99670672 P=0.81065956 dP=-0.18899933 r12=7.92842786 Vg=0.00000134 norm=1.00000000 rank=23/256 sv_max=3.90e+03 resid=1.44e-01
progress N=2 step 18000/277470 6.5% t=99.42987 eta_s=56675.8 E=-0.99566755 P=0.81018221 dP=-0.18947668 r12=7.92467915 Vg=0.00000127 norm=1.00000000 rank=22/256 sv_max=4.53e+03 resid=1.51e-01
progress N=2 step 18250/277470 6.6% t=99.67987 eta_s=56625.8 E=-0.99463138 P=0.80978807 dP=-0.18987082 r12=7.92075082 Vg=0.00000126 norm=1.00000000 rank=22/256 sv_max=5.01e+03 resid=1.42e-01
progress N=2 step 18500/277470 6.7% t=99.92987 eta_s=56574.2 E=-0.99359742 P=0.80946096 dP=-0.19019793 r12=7.91673429 Vg=0.00000127 norm=1.00000000 rank=22/256 sv_max=5.54e+03 resid=1.30e-01
progress N=2 step 18750/277470 6.8% t=100.17987 eta_s=56522.0 E=-0.99256528 P=0.80917091 dP=-0.19048798 r12=7.91263818 Vg=0.00000126 norm=1.00000000 rank=21/256 sv_max=5.72e+03 resid=1.26e-01
progress N=2 step 19000/277470 6.8% t=100.42987 eta_s=56445.5 E=-0.99153531 P=0.80889184 dP=-0.19076706 r12=7.90853394 Vg=0.00000121 norm=1.00000000 rank=22/256 sv_max=5.27e+03 resid=1.28e-01
progress N=2 step 19250/277470 6.9% t=100.60496 eta_s=56383.4 E=-0.99081591 P=0.80868397 dP=-0.19097492 r12=7.90570800 Vg=0.00000116 norm=1.00000000 rank=22/256 sv_max=4.92e+03 resid=1.29e-01
progress N=2 step 19500/277470 7.0% t=100.72996 eta_s=56335.7 E=-0.99030305 P=0.80852569 dP=-0.19113320 r12=7.90374853 Vg=0.00000111 norm=1.00000000 rank=22/256 sv_max=4.70e+03 resid=1.31e-01
progress N=2 step 19750/277470 7.1% t=100.85496 eta_s=56285.7 E=-0.98979134 P=0.80835013 dP=-0.19130876 r12=7.90187633 Vg=0.00000105 norm=1.00000000 rank=22/256 sv_max=4.51e+03 resid=1.34e-01
progress N=2 step 20000/277470 7.2% t=100.97996 eta_s=56238.5 E=-0.98928004 P=0.80815758 dP=-0.19150132 r12=7.90022836 Vg=0.00000098 norm=1.00000000 rank=22/256 sv_max=4.54e+03 resid=1.38e-01
progress N=2 step 20250/277470 7.3% t=101.10496 eta_s=56193.6 E=-0.98877007 P=0.80795033 dP=-0.19170856 r12=7.89882408 Vg=0.00000091 norm=1.00000000 rank=22/256 sv_max=4.70e+03 resid=1.39e-01
progress N=2 step 20500/277470 7.4% t=101.22996 eta_s=56150.4 E=-0.98826053 P=0.80772299 dP=-0.19193590 r12=7.89758895 Vg=0.00000084 norm=1.00000000 rank=22/256 sv_max=4.85e+03 resid=1.36e-01
progress N=2 step 20750/277470 7.5% t=101.35496 eta_s=56106.1 E=-0.98775189 P=0.80747438 dP=-0.19218451 r12=7.89647234 Vg=0.00000080 norm=1.00000000 rank=22/256 sv_max=4.97e+03 resid=1.26e-01
progress N=2 step 21000/277470 7.6% t=101.47996 eta_s=56062.6 E=-0.98724401 P=0.80720524 dP=-0.19245365 r12=7.89542528 Vg=0.00000079 norm=1.00000000 rank=22/256 sv_max=5.10e+03 resid=1.11e-01
progress N=2 step 21250/277470 7.7% t=101.60496 eta_s=56017.5 E=-0.98673661 P=0.80691841 dP=-0.19274048 r12=7.89440657 Vg=0.00000083 norm=1.00000000 rank=22/256 sv_max=5.24e+03 resid=9.44e-02
progress N=2 step 21500/277470 7.7% t=101.72996 eta_s=55969.7 E=-0.98623029 P=0.80661792 dP=-0.19304097 r12=7.89338438 Vg=0.00000090 norm=1.00000000 rank=22/256 sv_max=5.41e+03 resid=8.13e-02
progress N=2 step 21750/277470 7.8% t=101.85496 eta_s=55918.7 E=-0.98572416 P=0.80630845 dP=-0.19335044 r12=7.89233479 Vg=0.00000100 norm=1.00000000 rank=22/256 sv_max=5.56e+03 resid=7.21e-02
progress N=2 step 22000/277470 7.9% t=101.97996 eta_s=55858.4 E=-0.98521903 P=0.80599685 dP=-0.19366205 r12=7.89119097 Vg=0.00000110 norm=1.00000000 rank=21/256 sv_max=5.71e+03 resid=6.76e-02
progress N=2 step 22250/277470 8.0% t=102.10496 eta_s=55796.2 E=-0.98471421 P=0.80568526 dP=-0.19397363 r12=7.88993793 Vg=0.00000120 norm=1.00000000 rank=21/256 sv_max=5.91e+03 resid=6.46e-02
progress N=2 step 22500/277470 8.1% t=102.22996 eta_s=55751.8 E=-0.98420996 P=0.80537419 dP=-0.19428470 r12=7.88853905 Vg=0.00000126 norm=1.00000000 rank=21/256 sv_max=6.11e+03 resid=6.28e-02
progress N=2 step 22750/277470 8.2% t=102.35496 eta_s=55687.6 E=-0.98370643 P=0.80506254 dP=-0.19459635 r12=7.88694342 Vg=0.00000129 norm=1.00000000 rank=21/256 sv_max=6.23e+03 resid=6.23e-02
progress N=2 step 23000/277470 8.3% t=102.47996 eta_s=55635.4 E=-0.98320318 P=0.80475010 dP=-0.19490879 r12=7.88512047 Vg=0.00000129 norm=1.00000000 rank=21/256 sv_max=6.24e+03 resid=6.26e-02
progress N=2 step 23250/277470 8.4% t=102.60496 eta_s=55592.9 E=-0.98270119 P=0.80443642 dP=-0.19522247 r12=7.88307816 Vg=0.00000125 norm=1.00000000 rank=21/256 sv_max=6.15e+03 resid=6.31e-02
progress N=2 step 23500/277470 8.5% t=102.72996 eta_s=55545.9 E=-0.98219960 P=0.80412493 dP=-0.19553396 r12=7.88084218 Vg=0.00000120 norm=1.00000000 rank=21/256 sv_max=5.95e+03 resid=6.50e-02
progress N=2 step 23750/277470 8.6% t=102.85496 eta_s=55497.5 E=-0.98169923 P=0.80382617 dP=-0.19583272 r12=7.87849117 Vg=0.00000113 norm=1.00000000 rank=21/256 sv_max=5.86e+03 resid=6.73e-02
progress N=2 step 24000/277470 8.6% t=102.97996 eta_s=55449.6 E=-0.98119975 P=0.80353164 dP=-0.19612725 r12=7.87607505 Vg=0.00000106 norm=1.00000000 rank=21/256 sv_max=5.95e+03 resid=6.80e-02
progress N=2 step 24250/277470 8.7% t=103.10496 eta_s=55402.0 E=-0.98070118 P=0.80322708 dP=-0.19643181 r12=7.87360275 Vg=0.00000099 norm=1.00000000 rank=21/256 sv_max=6.14e+03 resid=6.75e-02
progress N=2 step 24500/277470 8.8% t=103.22996 eta_s=55352.3 E=-0.98020395 P=0.80290329 dP=-0.19675560 r12=7.87110708 Vg=0.00000092 norm=1.00000000 rank=21/256 sv_max=6.37e+03 resid=6.68e-02
progress N=2 step 24750/277470 8.9% t=103.35496 eta_s=55301.2 E=-0.97970737 P=0.80255610 dP=-0.19710279 r12=7.86864031 Vg=0.00000087 norm=1.00000000 rank=21/256 sv_max=6.58e+03 resid=6.66e-02
progress N=2 step 25000/277470 9.0% t=103.47996 eta_s=55222.2 E=-0.97921236 P=0.80218616 dP=-0.19747273 r12=7.86626297 Vg=0.00000082 norm=1.00000000 rank=21/256 sv_max=6.68e+03 resid=6.75e-02
progress N=2 step 25250/277470 9.1% t=103.60496 eta_s=55170.0 E=-0.97871811 P=0.80179716 dP=-0.19786173 r12=7.86402664 Vg=0.00000079 norm=1.00000000 rank=21/256 sv_max=6.63e+03 resid=6.95e-02
progress N=2 step 25500/277470 9.2% t=103.72996 eta_s=55115.5 E=-0.97822502 P=0.80139355 dP=-0.19826534 r12=7.86196578 Vg=0.00000079 norm=1.00000000 rank=21/256 sv_max=6.43e+03 resid=7.19e-02
progress N=2 step 25750/277470 9.3% t=103.85496 eta_s=55035.8 E=-0.97773308 P=0.80097847 dP=-0.19868042 r12=7.86009652 Vg=0.00000082 norm=1.00000000 rank=21/256 sv_max=6.17e+03 resid=7.38e-02
progress N=2 step 26000/277470 9.4% t=103.97996 eta_s=54984.4 E=-0.97724184 P=0.80055250 dP=-0.19910639 r12=7.85841201 Vg=0.00000090 norm=1.00000000 rank=21/256 sv_max=5.94e+03 resid=7.42e-02
progress N=2 step 26250/277470 9.5% t=104.10496 eta_s=54931.5 E=-0.97675208 P=0.80011142 dP=-0.19954747 r12=7.85687582 Vg=0.00000101 norm=1.00000000 rank=21/256 sv_max=5.83e+03 resid=7.28e-02
progress N=2 step 26500/277470 9.6% t=104.22996 eta_s=54869.8 E=-0.97626286 P=0.79965038 dP=-0.20000851 r12=7.85545269 Vg=0.00000116 norm=1.00000000 rank=21/256 sv_max=5.86e+03 resid=7.09e-02
progress N=2 step 26750/277470 9.6% t=104.35496 eta_s=54806.8 E=-0.97577487 P=0.79916858 dP=-0.20049031 r12=7.85413854 Vg=0.00000132 norm=1.00000000 rank=21/256 sv_max=6.01e+03 resid=6.93e-02
progress N=2 step 27000/277470 9.7% t=104.47996 eta_s=54761.4 E=-0.97528771 P=0.79866802 dP=-0.20099087 r12=7.85292996 Vg=0.00000147 norm=1.00000000 rank=21/256 sv_max=6.18e+03 resid=6.87e-02
progress N=2 step 27250/277470 9.8% t=104.60496 eta_s=54712.6 E=-0.97480137 P=0.79815215 dP=-0.20150674 r12=7.85179764 Vg=0.00000160 norm=1.00000000 rank=21/256 sv_max=6.27e+03 resid=6.93e-02
progress N=2 step 27500/277470 9.9% t=104.72996 eta_s=54663.7 E=-0.97431628 P=0.79762476 dP=-0.20203413 r12=7.85069547 Vg=0.00000168 norm=1.00000000 rank=21/256 sv_max=6.26e+03 resid=7.14e-02
progress N=2 step 27750/277470 10.0% t=104.85496 eta_s=54618.5 E=-0.97383183 P=0.79708765 dP=-0.20257124 r12=7.84957546 Vg=0.00000173 norm=1.00000000 rank=21/256 sv_max=6.21e+03 resid=7.39e-02
progress N=2 step 28000/277470 10.1% t=104.97996 eta_s=54570.7 E=-0.97334879 P=0.79653977 dP=-0.20311912 r12=7.84839450 Vg=0.00000173 norm=1.00000000 rank=21/256 sv_max=6.19e+03 resid=7.58e-02
progress N=2 step 28250/277470 10.2% t=105.10496 eta_s=54518.9 E=-0.97286661 P=0.79597930 dP=-0.20367959 r12=7.84712707 Vg=0.00000169 norm=1.00000000 rank=21/256 sv_max=6.24e+03 resid=7.61e-02
progress N=2 step 28500/277470 10.3% t=105.22996 eta_s=54467.9 E=-0.97238558 P=0.79540552 dP=-0.20425337 r12=7.84576666 Vg=0.00000162 norm=1.00000000 rank=21/256 sv_max=6.28e+03 resid=7.52e-02
progress N=2 step 28750/277470 10.4% t=105.35496 eta_s=54400.3 E=-0.97190580 P=0.79482595 dP=-0.20483294 r12=7.84431995 Vg=0.00000154 norm=1.00000000 rank=21/256 sv_max=6.28e+03 resid=7.58e-02
progress N=2 step 29000/277470 10.5% t=105.47996 eta_s=54340.6 E=-0.97142686 P=0.79424957 dP=-0.20540933 r12=7.84281757 Vg=0.00000145 norm=1.00000000 rank=21/256 sv_max=6.36e+03 resid=7.62e-02
progress N=2 step 29250/277470 10.5% t=105.60496 eta_s=54275.9 E=-0.97094950 P=0.79367350 dP=-0.20598539 r12=7.84123583 Vg=0.00000136 norm=1.00000000 rank=21/256 sv_max=6.45e+03 resid=7.55e-02
progress N=2 step 29500/277470 10.6% t=105.72996 eta_s=54216.6 E=-0.97047294 P=0.79309604 dP=-0.20656285 r12=7.83953876 Vg=0.00000129 norm=1.00000000 rank=21/256 sv_max=6.45e+03 resid=7.44e-02
progress N=2 step 29750/277470 10.7% t=105.85496 eta_s=54169.1 E=-0.96999764 P=0.79251912 dP=-0.20713977 r12=7.83771341 Vg=0.00000125 norm=1.00000000 rank=21/256 sv_max=6.34e+03 resid=7.31e-02
progress N=2 step 30000/277470 10.8% t=105.97996 eta_s=54122.8 E=-0.96952346 P=0.79194633 dP=-0.20771256 r12=7.83577377 Vg=0.00000124 norm=1.00000000 rank=21/256 sv_max=6.16e+03 resid=7.19e-02
progress N=2 step 30250/277470 10.9% t=106.10496 eta_s=54069.9 E=-0.96905023 P=0.79138106 dP=-0.20827783 r12=7.83375644 Vg=0.00000129 norm=1.00000000 rank=21/256 sv_max=5.95e+03 resid=7.08e-02
progress N=2 step 30500/277470 11.0% t=106.22996 eta_s=54020.0 E=-0.96857849 P=0.79082625 dP=-0.20883264 r12=7.83171621 Vg=0.00000137 norm=1.00000000 rank=21/256 sv_max=5.75e+03 resid=7.04e-02
progress N=2 step 30750/277470 11.1% t=106.35496 eta_s=53966.5 E=-0.96810759 P=0.79027422 dP=-0.20938467 r12=7.82977747 Vg=0.00000149 norm=1.00000000 rank=22/256 sv_max=5.49e+03 resid=6.66e-02
progress N=2 step 31000/277470 11.2% t=106.47996 eta_s=53911.9 E=-0.96763808 P=0.78973401 dP=-0.20992488 r12=7.82790267 Vg=0.00000164 norm=1.00000000 rank=22/256 sv_max=5.20e+03 resid=6.63e-02
progress N=2 step 31250/277470 11.3% t=106.60496 eta_s=53850.2 E=-0.96716959 P=0.78920713 dP=-0.21045176 r12=7.82608905 Vg=0.00000182 norm=1.00000000 rank=22/256 sv_max=5.06e+03 resid=6.67e-02
progress N=2 step 31500/277470 11.4% t=106.72996 eta_s=53801.4 E=-0.96670212 P=0.78868825 dP=-0.21097064 r12=7.82436391 Vg=0.00000199 norm=1.00000000 rank=22/256 sv_max=5.10e+03 resid=6.71e-02
progress N=2 step 31750/277470 11.4% t=106.85496 eta_s=53748.4 E=-0.96623597 P=0.78817213 dP=-0.21148676 r12=7.82275847 Vg=0.00000213 norm=1.00000000 rank=22/256 sv_max=5.26e+03 resid=6.76e-02
progress N=2 step 32000/277470 11.5% t=106.97996 eta_s=53697.0 E=-0.96577059 P=0.78765516 dP=-0.21200374 r12=7.82130599 Vg=0.00000223 norm=1.00000000 rank=22/256 sv_max=5.51e+03 resid=6.86e-02
progress N=2 step 32250/277470 11.6% t=107.10496 eta_s=53649.6 E=-0.96530662 P=0.78713452 dP=-0.21252437 r12=7.82002336 Vg=0.00000228 norm=1.00000000 rank=22/256 sv_max=5.83e+03 resid=6.98e-02
progress N=2 step 32500/277470 11.7% t=107.22996 eta_s=53603.1 E=-0.96484357 P=0.78660647 dP=-0.21305242 r12=7.81887861 Vg=0.00000229 norm=1.00000000 rank=22/256 sv_max=6.19e+03 resid=7.09e-02
progress N=2 step 32750/277470 11.8% t=107.35496 eta_s=53558.7 E=-0.96438164 P=0.78606405 dP=-0.21359484 r12=7.81776064 Vg=0.00000226 norm=1.00000000 rank=21/256 sv_max=6.35e+03 resid=7.37e-02
progress N=2 step 33000/277470 11.9% t=107.47996 eta_s=53515.6 E=-0.96392099 P=0.78551478 dP=-0.21414411 r12=7.81667350 Vg=0.00000220 norm=1.00000000 rank=21/256 sv_max=6.45e+03 resid=7.55e-02
progress N=2 step 33250/277470 12.0% t=107.60496 eta_s=53473.9 E=-0.96346117 P=0.78496197 dP=-0.21469692 r12=7.81563168 Vg=0.00000213 norm=1.00000000 rank=21/256 sv_max=6.59e+03 resid=7.62e-02
progress N=2 step 33500/277470 12.1% t=107.72996 eta_s=53431.4 E=-0.96300286 P=0.78440732 dP=-0.21525157 r12=7.81462807 Vg=0.00000206 norm=1.00000000 rank=21/256 sv_max=6.73e+03 resid=7.61e-02
progress N=2 step 33750/277470 12.2% t=107.85496 eta_s=53385.6 E=-0.96254537 P=0.78385458 dP=-0.21580431 r12=7.81364989 Vg=0.00000201 norm=1.00000000 rank=21/256 sv_max=6.83e+03 resid=7.52e-02
progress N=2 step 34000/277470 12.3% t=107.97996 eta_s=53340.2 E=-0.96208897 P=0.78330835 dP=-0.21635054 r12=7.81267489 Vg=0.00000197 norm=1.00000000 rank=21/256 sv_max=6.90e+03 resid=7.33e-02
progress N=2 step 34250/277470 12.3% t=108.10496 eta_s=53293.9 E=-0.96163366 P=0.78276987 dP=-0.21688902 r12=7.81166719 Vg=0.00000197 norm=1.00000000 rank=21/256 sv_max=6.98e+03 resid=7.03e-02
progress N=2 step 34500/277470 12.4% t=108.22996 eta_s=53238.8 E=-0.96117904 P=0.78223688 dP=-0.21742201 r12=7.81057114 Vg=0.00000199 norm=1.00000000 rank=21/256 sv_max=7.04e+03 resid=6.65e-02
progress N=2 step 34750/277470 12.5% t=108.35496 eta_s=53183.9 E=-0.96072581 P=0.78170752 dP=-0.21795137 r12=7.80933577 Vg=0.00000205 norm=1.00000000 rank=20/256 sv_max=7.06e+03 resid=6.30e-02
progress N=2 step 35000/277470 12.6% t=108.47996 eta_s=53138.7 E=-0.96027325 P=0.78118179 dP=-0.21847710 r12=7.80794720 Vg=0.00000214 norm=1.00000000 rank=21/256 sv_max=6.99e+03 resid=6.00e-02
progress N=2 step 35250/277470 12.7% t=108.60496 eta_s=53092.5 E=-0.95982180 P=0.78066157 dP=-0.21899732 r12=7.80641428 Vg=0.00000225 norm=1.00000000 rank=21/256 sv_max=6.89e+03 resid=5.82e-02
progress N=2 step 35500/277470 12.8% t=108.72996 eta_s=53038.9 E=-0.95937140 P=0.78015057 dP=-0.21950832 r12=7.80475667 Vg=0.00000238 norm=1.00000000 rank=21/256 sv_max=6.71e+03 resid=5.76e-02
progress N=2 step 35750/277470 12.9% t=108.85496 eta_s=52989.3 E=-0.95892179 P=0.77965513 dP=-0.22000376 r12=7.80301143 Vg=0.00000250 norm=1.00000000 rank=21/256 sv_max=6.45e+03 resid=5.82e-02
progress N=2 step 36000/277470 13.0% t=108.97996 eta_s=52938.7 E=-0.95847360 P=0.77918302 dP=-0.22047588 r12=7.80126255 Vg=0.00000260 norm=1.00000000 rank=21/256 sv_max=6.29e+03 resid=5.91e-02
progress N=2 step 36250/277470 13.1% t=109.10496 eta_s=52888.6 E=-0.95802615 P=0.77872450 dP=-0.22093439 r12=7.79950016 Vg=0.00000267 norm=1.00000000 rank=21/256 sv_max=6.25e+03 resid=5.98e-02
progress N=2 step 36500/277470 13.2% t=109.22996 eta_s=52841.9 E=-0.95757990 P=0.77826809 dP=-0.22139080 r12=7.79768097 Vg=0.00000270 norm=1.00000000 rank=21/256 sv_max=6.27e+03 resid=6.01e-02
progress N=2 step 36750/277470 13.2% t=109.35496 eta_s=52798.3 E=-0.95713467 P=0.77780738 dP=-0.22185151 r12=7.79579224 Vg=0.00000269 norm=1.00000000 rank=21/256 sv_max=6.35e+03 resid=6.03e-02
progress N=2 step 37000/277470 13.3% t=109.47996 eta_s=52753.2 E=-0.95669029 P=0.77734009 dP=-0.22231880 r12=7.79385302 Vg=0.00000266 norm=1.00000000 rank=21/256 sv_max=6.48e+03 resid=6.05e-02
progress N=2 step 37250/277470 13.4% t=109.60496 eta_s=52678.4 E=-0.95624731 P=0.77686547 dP=-0.22279342 r12=7.79188993 Vg=0.00000260 norm=1.00000000 rank=21/256 sv_max=6.60e+03 resid=6.08e-02
progress N=2 step 37500/277470 13.5% t=109.72996 eta_s=52616.5 E=-0.95580509 P=0.77638371 dP=-0.22327518 r12=7.78991757 Vg=0.00000252 norm=1.00000000 rank=21/256 sv_max=6.65e+03 resid=6.16e-02
progress N=2 step 37750/277470 13.6% t=109.85496 eta_s=52567.3 E=-0.95536404 P=0.77589677 dP=-0.22376213 r12=7.78794099 Vg=0.00000244 norm=1.00000000 rank=21/256 sv_max=6.65e+03 resid=6.27e-02
progress N=2 step 38000/277470 13.7% t=109.97996 eta_s=52516.6 E=-0.95492395 P=0.77540455 dP=-0.22425435 r12=7.78595425 Vg=0.00000237 norm=1.00000000 rank=21/256 sv_max=6.69e+03 resid=6.34e-02
progress N=2 step 38250/277470 13.8% t=110.10496 eta_s=52451.5 E=-0.95448467 P=0.77490288 dP=-0.22475601 r12=7.78392257 Vg=0.00000232 norm=1.00000000 rank=21/256 sv_max=6.78e+03 resid=6.39e-02
progress N=2 step 38500/277470 13.9% t=110.22996 eta_s=52392.4 E=-0.95404654 P=0.77438948 dP=-0.22526942 r12=7.78180823 Vg=0.00000230 norm=1.00000000 rank=21/256 sv_max=6.88e+03 resid=6.45e-02
progress N=2 step 38750/277470 14.0% t=110.35496 eta_s=52339.6 E=-0.95360911 P=0.77386653 dP=-0.22579237 r12=7.77960899 Vg=0.00000232 norm=1.00000000 rank=21/256 sv_max=6.98e+03 resid=6.56e-02
progress N=2 step 39000/277470 14.1% t=110.47996 eta_s=52287.3 E=-0.95317276 P=0.77333787 dP=-0.22632103 r12=7.77734018 Vg=0.00000238 norm=1.00000000 rank=21/256 sv_max=7.06e+03 resid=6.75e-02
progress N=2 step 39250/277470 14.1% t=110.60496 eta_s=52236.4 E=-0.95273728 P=0.77280829 dP=-0.22685061 r12=7.77501795 Vg=0.00000247 norm=1.00000000 rank=21/256 sv_max=7.12e+03 resid=7.00e-02
progress N=2 step 39500/277470 14.2% t=110.72996 eta_s=52185.3 E=-0.95230261 P=0.77227955 dP=-0.22737934 r12=7.77265091 Vg=0.00000258 norm=1.00000000 rank=21/256 sv_max=7.20e+03 resid=7.25e-02
progress N=2 step 39750/277470 14.3% t=110.85496 eta_s=52132.1 E=-0.95186909 P=0.77174794 dP=-0.22791095 r12=7.77021793 Vg=0.00000268 norm=1.00000000 rank=21/256 sv_max=7.29e+03 resid=7.44e-02
progress N=2 step 40000/277470 14.4% t=110.97996 eta_s=52080.5 E=-0.95143629 P=0.77120824 dP=-0.22845065 r12=7.76768866 Vg=0.00000277 norm=1.00000000 rank=21/256 sv_max=7.37e+03 resid=7.55e-02
progress N=2 step 40250/277470 14.5% t=111.10496 eta_s=52030.7 E=-0.95100458 P=0.77065764 dP=-0.22900126 r12=7.76505244 Vg=0.00000284 norm=1.00000000 rank=21/256 sv_max=7.40e+03 resid=7.61e-02
progress N=2 step 40500/277470 14.6% t=111.22996 eta_s=51981.4 E=-0.95057377 P=0.77009708 dP=-0.22956181 r12=7.76233265 Vg=0.00000287 norm=1.00000000 rank=21/256 sv_max=7.37e+03 resid=7.66e-02
progress N=2 step 40750/277470 14.7% t=111.35496 eta_s=51927.8 E=-0.95014380 P=0.76952989 dP=-0.23012900 r12=7.75958102 Vg=0.00000286 norm=1.00000000 rank=21/256 sv_max=7.24e+03 resid=7.78e-02
progress N=2 step 41000/277470 14.8% t=111.47996 eta_s=51872.1 E=-0.94971498 P=0.76896285 dP=-0.23069604 r12=7.75685162 Vg=0.00000281 norm=1.00000000 rank=21/256 sv_max=7.03e+03 resid=8.00e-02
progress N=2 step 41250/277470 14.9% t=111.60496 eta_s=51824.9 E=-0.94928688 P=0.76840452 dP=-0.23125437 r12=7.75416046 Vg=0.00000273 norm=1.00000000 rank=21/256 sv_max=6.79e+03 resid=8.27e-02
progress N=2 step 41500/277470 15.0% t=111.72996 eta_s=51773.3 E=-0.94885986 P=0.76785874 dP=-0.23180015 r12=7.75152964 Vg=0.00000261 norm=1.00000000 rank=21/256 sv_max=6.61e+03 resid=8.52e-02
progress N=2 step 41750/277470 15.0% t=111.85496 eta_s=51716.6 E=-0.94843368 P=0.76732462 dP=-0.23233427 r12=7.74895069 Vg=0.00000248 norm=1.00000000 rank=21/256 sv_max=6.54e+03 resid=8.67e-02
progress N=2 step 42000/277470 15.1% t=111.97996 eta_s=51663.3 E=-0.94800830 P=0.76679922 dP=-0.23285967 r12=7.74639381 Vg=0.00000235 norm=1.00000000 rank=21/256 sv_max=6.57e+03 resid=8.70e-02
progress N=2 step 42250/277470 15.2% t=112.10496 eta_s=51615.0 E=-0.94758402 P=0.76628218 dP=-0.23337671 r12=7.74385213 Vg=0.00000224 norm=1.00000000 rank=21/256 sv_max=6.69e+03 resid=8.62e-02
progress N=2 step 42500/277470 15.3% t=112.22996 eta_s=51568.7 E=-0.94716044 P=0.76577501 dP=-0.23388388 r12=7.74134314 Vg=0.00000216 norm=1.00000000 rank=21/256 sv_max=6.88e+03 resid=8.49e-02
progress N=2 step 42750/277470 15.4% t=112.35496 eta_s=51521.2 E=-0.94673789 P=0.76528050 dP=-0.23437839 r12=7.73889004 Vg=0.00000211 norm=1.00000000 rank=21/256 sv_max=7.07e+03 resid=8.38e-02
progress N=2 step 43000/277470 15.5% t=112.47996 eta_s=51473.5 E=-0.94631615 P=0.76480140 dP=-0.23485749 r12=7.73650450 Vg=0.00000210 norm=1.00000000 rank=21/256 sv_max=7.24e+03 resid=8.33e-02
progress N=2 step 43250/277470 15.6% t=112.60496 eta_s=51425.4 E=-0.94589513 P=0.76433883 dP=-0.23532006 r12=7.73417689 Vg=0.00000212 norm=1.00000000 rank=21/256 sv_max=7.38e+03 resid=8.32e-02
progress N=2 step 43500/277470 15.7% t=112.72996 eta_s=51377.8 E=-0.94547513 P=0.76389188 dP=-0.23576701 r12=7.73187854 Vg=0.00000217 norm=1.00000000 rank=21/256 sv_max=7.50e+03 resid=8.33e-02
progress N=2 step 43750/277470 15.8% t=112.85496 eta_s=51329.9 E=-0.94505571 P=0.76345840 dP=-0.23620049 r12=7.72957208 Vg=0.00000224 norm=1.00000000 rank=21/256 sv_max=7.61e+03 resid=8.34e-02
progress N=2 step 44000/277470 15.9% t=112.97996 eta_s=51280.7 E=-0.94463721 P=0.76303597 dP=-0.23662293 r12=7.72723681 Vg=0.00000233 norm=1.00000000 rank=20/256 sv_max=7.69e+03 resid=8.47e-02
progress N=2 step 44250/277470 15.9% t=113.10496 eta_s=51231.8 E=-0.94421944 P=0.76262379 dP=-0.23703510 r12=7.72488011 Vg=0.00000242 norm=1.00000000 rank=20/256 sv_max=7.71e+03 resid=8.67e-02
progress N=2 step 44500/277470 16.0% t=113.22996 eta_s=51182.8 E=-0.94380232 P=0.76222317 dP=-0.23743573 r12=7.72247235 Vg=0.00000250 norm=1.00000000 rank=19/256 sv_max=7.72e+03 resid=8.86e-02
progress N=2 step 44750/277470 16.1% t=113.35496 eta_s=51132.5 E=-0.94338617 P=0.76183216 dP=-0.23782673 r12=7.71999730 Vg=0.00000256 norm=1.00000000 rank=19/256 sv_max=7.76e+03 resid=8.99e-02
progress N=2 step 45000/277470 16.2% t=113.47996 eta_s=51082.1 E=-0.94297055 P=0.76144387 dP=-0.23821502 r12=7.71744099 Vg=0.00000258 norm=1.00000000 rank=19/256 sv_max=7.78e+03 resid=9.08e-02
progress N=2 step 45250/277470 16.3% t=113.60496 eta_s=51020.3 E=-0.94255579 P=0.76105513 dP=-0.23860376 r12=7.71479451 Vg=0.00000256 norm=1.00000000 rank=19/256 sv_max=7.77e+03 resid=9.14e-02
progress N=2 step 45500/277470 16.4% t=113.72996 eta_s=50970.8 E=-0.94214175 P=0.76066543 dP=-0.23899346 r12=7.71206406 Vg=0.00000250 norm=1.00000000 rank=19/256 sv_max=7.71e+03 resid=9.19e-02
progress N=2 step 45750/277470 16.5% t=113.85496 eta_s=50922.1 E=-0.94172829 P=0.76027557 dP=-0.23938332 r12=7.70926651 Vg=0.00000240 norm=1.00000000 rank=20/256 sv_max=7.58e+03 resid=9.20e-02
progress N=2 step 46000/277470 16.6% t=113.97996 eta_s=50871.5 E=-0.94131581 P=0.75988488 dP=-0.23977401 r12=7.70641528 Vg=0.00000226 norm=1.00000000 rank=20/256 sv_max=7.39e+03 resid=9.26e-02
progress N=2 step 46250/277470 16.7% t=114.10496 eta_s=50818.9 E=-0.94090387 P=0.75950037 dP=-0.24015852 r12=7.70354392 Vg=0.00000212 norm=1.00000000 rank=20/256 sv_max=7.22e+03 resid=9.26e-02
progress N=2 step 46500/277470 16.8% t=114.22996 eta_s=50767.4 E=-0.94049275 P=0.75912505 dP=-0.24053384 r12=7.70065748 Vg=0.00000197 norm=1.00000000 rank=21/256 sv_max=7.13e+03 resid=9.12e-02
progress N=2 step 46750/277470 16.8% t=114.35496 eta_s=50716.3 E=-0.94008231 P=0.75876544 dP=-0.24089345 r12=7.69776515 Vg=0.00000185 norm=1.00000000 rank=21/256 sv_max=7.17e+03 resid=8.86e-02
progress N=2 step 47000/277470 16.9% t=114.47996 eta_s=50664.5 E=-0.93967238 P=0.75841735 dP=-0.24124154 r12=7.69489910 Vg=0.00000175 norm=1.00000000 rank=21/256 sv_max=7.34e+03 resid=8.58e-02
progress N=2 step 47250/277470 17.0% t=114.60496 eta_s=50614.2 E=-0.93926336 P=0.75807815 dP=-0.24158074 r12=7.69206285 Vg=0.00000168 norm=1.00000000 rank=21/256 sv_max=7.60e+03 resid=8.28e-02
progress N=2 step 47500/277470 17.1% t=114.72996 eta_s=50564.1 E=-0.93885478 P=0.75774101 dP=-0.24191788 r12=7.68922841 Vg=0.00000165 norm=1.00000000 rank=20/256 sv_max=7.89e+03 resid=7.95e-02
progress N=2 step 47750/277470 17.2% t=114.85496 eta_s=50511.4 E=-0.93844689 P=0.75740292 dP=-0.24225597 r12=7.68636181 Vg=0.00000165 norm=1.00000000 rank=20/256 sv_max=8.18e+03 resid=7.61e-02
progress N=2 step 48000/277470 17.3% t=114.97996 eta_s=50449.8 E=-0.93803966 P=0.75706122 dP=-0.24259768 r12=7.68344676 Vg=0.00000170 norm=1.00000000 rank=19/256 sv_max=8.43e+03 resid=7.34e-02
progress N=2 step 48250/277470 17.4% t=115.10496 eta_s=50399.4 E=-0.93763288 P=0.75671357 dP=-0.24294532 r12=7.68046921 Vg=0.00000176 norm=1.00000000 rank=19/256 sv_max=8.58e+03 resid=7.17e-02
progress N=2 step 48500/277470 17.5% t=115.22996 eta_s=50349.6 E=-0.93722692 P=0.75636159 dP=-0.24329730 r12=7.67741821 Vg=0.00000184 norm=1.00000000 rank=19/256 sv_max=8.61e+03 resid=7.12e-02
progress N=2 step 48750/277470 17.6% t=115.35496 eta_s=50300.5 E=-0.93682143 P=0.75600558 dP=-0.24365331 r12=7.67428703 Vg=0.00000192 norm=1.00000000 rank=19/256 sv_max=8.53e+03 resid=7.17e-02
progress N=2 step 49000/277470 17.7% t=115.47996 eta_s=50249.5 E=-0.93641657 P=0.75564587 dP=-0.24401302 r12=7.67106771 Vg=0.00000199 norm=1.00000000 rank=19/256 sv_max=8.37e+03 resid=7.32e-02
progress N=2 step 49250/277470 17.7% t=115.60496 eta_s=50180.4 E=-0.93601236 P=0.75528225 dP=-0.24437665 r12=7.66775255 Vg=0.00000204 norm=1.00000000 rank=19/256 sv_max=8.18e+03 resid=7.55e-02
progress N=2 step 49500/277470 17.8% t=115.72996 eta_s=50123.0 E=-0.93560867 P=0.75491393 dP=-0.24474496 r12=7.66433772 Vg=0.00000205 norm=1.00000000 rank=19/256 sv_max=7.99e+03 resid=7.83e-02
progress N=2 step 49750/277470 17.9% t=115.85496 eta_s=50071.2 E=-0.93520578 P=0.75453759 dP=-0.24512130 r12=7.66080301 Vg=0.00000204 norm=1.00000000 rank=20/256 sv_max=7.87e+03 resid=8.10e-02
progress N=2 step 50000/277470 18.0% t=115.97996 eta_s=50020.0 E=-0.93480347 P=0.75414997 dP=-0.24550892 r12=7.65714479 Vg=0.00000199 norm=1.00000000 rank=20/256 sv_max=7.78e+03 resid=8.42e-02
progress N=2 step 50250/277470 18.1% t=116.10496 eta_s=49962.7 E=-0.93440186 P=0.75375670 dP=-0.24590219 r12=7.65341636 Vg=0.00000191 norm=1.00000000 rank=19/256 sv_max=7.72e+03 resid=8.77e-02
progress N=2 step 50500/277470 18.2% t=116.22996 eta_s=49909.8 E=-0.93400101 P=0.75336124 dP=-0.24629765 r12=7.64964704 Vg=0.00000182 norm=1.00000000 rank=19/256 sv_max=7.74e+03 resid=8.97e-02
progress N=2 step 50750/277470 18.3% t=116.35496 eta_s=49858.8 E=-0.93360076 P=0.75296046 dP=-0.24669843 r12=7.64584597 Vg=0.00000172 norm=1.00000000 rank=19/256 sv_max=7.81e+03 resid=9.10e-02
progress N=2 step 51000/277470 18.4% t=116.47996 eta_s=49808.3 E=-0.93320134 P=0.75255434 dP=-0.24710455 r12=7.64204045 Vg=0.00000162 norm=1.00000000 rank=19/256 sv_max=7.93e+03 resid=9.17e-02
progress N=2 step 51250/277470 18.5% t=116.60496 eta_s=49750.0 E=-0.93280253 P=0.75214368 dP=-0.24751521 r12=7.63826217 Vg=0.00000152 norm=1.00000000 rank=19/256 sv_max=8.08e+03 resid=9.18e-02
progress N=2 step 51500/277470 18.6% t=116.72996 eta_s=49685.9 E=-0.93240438 P=0.75172905 dP=-0.24792984 r12=7.63453913 Vg=0.00000143 norm=1.00000000 rank=19/256 sv_max=8.25e+03 resid=9.16e-02
progress N=2 step 51750/277470 18.7% t=116.85496 eta_s=49633.2 E=-0.93200695 P=0.75131062 dP=-0.24834827 r12=7.63089239 Vg=0.00000137 norm=1.00000000 rank=19/256 sv_max=8.45e+03 resid=9.16e-02
progress N=2 step 52000/277470 18.7% t=116.97996 eta_s=49577.7 E=-0.93161004 P=0.75088802 dP=-0.24877087 r12=7.62733413 Vg=0.00000133 norm=1.00000000 rank=19/256 sv_max=8.65e+03 resid=9.21e-02
progress N=2 step 52250/277470 18.8% t=117.10496 eta_s=49519.0 E=-0.93121384 P=0.75046042 dP=-0.24919847 r12=7.62386708 Vg=0.00000132 norm=1.00000000 rank=19/256 sv_max=8.85e+03 resid=9.33e-02
progress N=2 step 52500/277470 18.9% t=117.22996 eta_s=49466.4 E=-0.93081818 P=0.75002664 dP=-0.24963225 r12=7.62048612 Vg=0.00000133 norm=1.00000000 rank=19/256 sv_max=9.03e+03 resid=9.55e-02
progress N=2 step 52750/277470 19.0% t=117.35496 eta_s=49414.4 E=-0.93042306 P=0.74958541 dP=-0.25007348 r12=7.61718190 Vg=0.00000137 norm=1.00000000 rank=19/256 sv_max=9.16e+03 resid=9.88e-02
progress N=2 step 53000/277470 19.1% t=117.47996 eta_s=49362.3 E=-0.93002863 P=0.74913582 dP=-0.25052307 r12=7.61394538 Vg=0.00000143 norm=1.00000000 rank=19/256 sv_max=9.24e+03 resid=1.03e-01
progress N=2 step 53250/277470 19.2% t=117.60496 eta_s=49310.0 E=-0.92963468 P=0.74867785 dP=-0.25098104 r12=7.61077146 Vg=0.00000149 norm=1.00000000 rank=19/256 sv_max=9.24e+03 resid=1.09e-01
progress N=2 step 53500/277470 19.3% t=117.72996 eta_s=49253.6 E=-0.92924141 P=0.74821297 dP=-0.25144592 r12=7.60765995 Vg=0.00000155 norm=1.00000000 rank=19/256 sv_max=9.13e+03 resid=1.16e-01
progress N=2 step 53750/277470 19.4% t=117.85496 eta_s=49198.1 E=-0.92884872 P=0.74774437 dP=-0.25191452 r12=7.60461463 Vg=0.00000161 norm=1.00000000 rank=19/256 sv_max=8.92e+03 resid=1.24e-01
progress N=2 step 54000/277470 19.5% t=117.97996 eta_s=49146.9 E=-0.92845657 P=0.74727675 dP=-0.25238214 r12=7.60164120 Vg=0.00000165 norm=1.00000000 rank=19/256 sv_max=8.65e+03 resid=1.32e-01
progress N=2 step 54250/277470 19.6% t=118.10496 eta_s=49094.1 E=-0.92806518 P=0.74681575 dP=-0.25284314 r12=7.59874443 Vg=0.00000168 norm=1.00000000 rank=19/256 sv_max=8.35e+03 resid=1.38e-01
progress N=2 step 54500/277470 19.6% t=118.22996 eta_s=49034.2 E=-0.92767430 P=0.74636701 dP=-0.25329188 r12=7.59592503 Vg=0.00000170 norm=1.00000000 rank=19/256 sv_max=8.10e+03 resid=1.42e-01
progress N=2 step 54750/277470 19.7% t=118.35496 eta_s=48981.5 E=-0.92728410 P=0.74593522 dP=-0.25372367 r12=7.59317687 Vg=0.00000170 norm=1.00000000 rank=19/256 sv_max=7.93e+03 resid=1.41e-01
progress N=2 step 55000/277470 19.8% t=118.47996 eta_s=48930.7 E=-0.92689455 P=0.74552337 dP=-0.25413552 r12=7.59048618 Vg=0.00000169 norm=1.00000000 rank=19/256 sv_max=7.86e+03 resid=1.37e-01
progress N=2 step 55250/277470 19.9% t=118.60496 eta_s=48879.7 E=-0.92650553 P=0.74513261 dP=-0.25452628 r12=7.58783284 Vg=0.00000167 norm=1.00000000 rank=19/256 sv_max=7.90e+03 resid=1.28e-01
progress N=2 step 55500/277470 20.0% t=118.72996 eta_s=48828.4 E=-0.92611731 P=0.74476239 dP=-0.25489650 r12=7.58519312 Vg=0.00000166 norm=1.00000000 rank=19/256 sv_max=8.04e+03 resid=1.18e-01
progress N=2 step 55750/277470 20.1% t=118.85496 eta_s=48777.2 E=-0.92572962 P=0.74441093 dP=-0.25524796 r12=7.58254291 Vg=0.00000165 norm=1.00000000 rank=19/256 sv_max=8.26e+03 resid=1.07e-01
progress N=2 step 56000/277470 20.2% t=118.97996 eta_s=48726.7 E=-0.92534258 P=0.74407583 dP=-0.25558306 r12=7.57986083 Vg=0.00000164 norm=1.00000000 rank=19/256 sv_max=8.52e+03 resid=9.73e-02
progress N=2 step 56250/277470 20.3% t=119.10496 eta_s=48673.9 E=-0.92495618 P=0.74375445 dP=-0.25590444 r12=7.57713047 Vg=0.00000164 norm=1.00000000 rank=19/256 sv_max=8.78e+03 resid=8.90e-02
progress N=2 step 56500/277470 20.4% t=119.22996 eta_s=48618.0 E=-0.92457027 P=0.74344407 dP=-0.25621483 r12=7.57434099 Vg=0.00000164 norm=1.00000000 rank=19/256 sv_max=8.99e+03 resid=8.27e-02
progress N=2 step 56750/277470 20.5% t=119.35496 eta_s=48566.4 E=-0.92418508 P=0.74314171 dP=-0.25651718 r12=7.57148625 Vg=0.00000166 norm=1.00000000 rank=19/256 sv_max=9.13e+03 resid=7.83e-02
progress N=2 step 57000/277470 20.5% t=119.47996 eta_s=48513.6 E=-0.92380038 P=0.74284379 dP=-0.25681511 r12=7.56856320 Vg=0.00000167 norm=1.00000000 rank=19/256 sv_max=9.20e+03 resid=7.57e-02
progress N=2 step 57250/277470 20.6% t=119.60496 eta_s=48454.7 E=-0.92341623 P=0.74254573 dP=-0.25711316 r12=7.56557089 Vg=0.00000170 norm=1.00000000 rank=19/256 sv_max=9.21e+03 resid=7.44e-02
progress N=2 step 57500/277470 20.7% t=119.72996 eta_s=48401.7 E=-0.92303273 P=0.74224186 dP=-0.25741703 r12=7.56251034 Vg=0.00000173 norm=1.00000000 rank=19/256 sv_max=9.18e+03 resid=7.43e-02
progress N=2 step 57750/277470 20.8% t=119.85496 eta_s=48350.9 E=-0.92264970 P=0.74192575 dP=-0.25773314 r12=7.55938509 Vg=0.00000176 norm=1.00000000 rank=19/256 sv_max=9.15e+03 resid=7.49e-02
progress N=2 step 58000/277470 20.9% t=119.97996 eta_s=48300.0 E=-0.92226740 P=0.74159124 dP=-0.25806765 r12=7.55620257 Vg=0.00000180 norm=1.00000000 rank=19/256 sv_max=9.11e+03 resid=7.63e-02
progress N=2 step 58250/277470 21.0% t=120.10496 eta_s=48249.5 E=-0.92188569 P=0.74123392 dP=-0.25842497 r12=7.55297630 Vg=0.00000185 norm=1.00000000 rank=19/256 sv_max=9.06e+03 resid=7.81e-02
progress N=2 step 58500/277470 21.1% t=120.22996 eta_s=48197.1 E=-0.92150457 P=0.74085223 dP=-0.25880666 r12=7.54972696 Vg=0.00000189 norm=1.00000000 rank=19/256 sv_max=8.98e+03 resid=8.03e-02
progress N=2 step 58750/277470 21.2% t=120.35496 eta_s=48145.9 E=-0.92112420 P=0.74044758 dP=-0.25921131 r12=7.54647960 Vg=0.00000194 norm=1.00000000 rank=19/256 sv_max=8.89e+03 resid=8.26e-02
progress N=2 step 59000/277470 21.3% t=120.47996 eta_s=48094.4 E=-0.92074440 P=0.74002367 dP=-0.25963522 r12=7.54325801 Vg=0.00000198 norm=1.00000000 rank=19/256 sv_max=8.78e+03 resid=8.48e-02
progress N=2 step 59250/277470 21.4% t=120.60496 eta_s=48042.1 E=-0.92036527 P=0.73958542 dP=-0.26007347 r12=7.54007912 Vg=0.00000203 norm=1.00000000 rank=19/256 sv_max=8.68e+03 resid=8.66e-02
progress N=2 step 59500/277470 21.4% t=120.72996 eta_s=47989.5 E=-0.91998675 P=0.73913777 dP=-0.26052112 r12=7.53694949 Vg=0.00000207 norm=1.00000000 rank=19/256 sv_max=8.60e+03 resid=8.76e-02
progress N=2 step 59750/277470 21.5% t=120.85496 eta_s=47934.7 E=-0.91960881 P=0.73868477 dP=-0.26097412 r12=7.53386462 Vg=0.00000212 norm=1.00000000 rank=19/256 sv_max=8.58e+03 resid=8.78e-02
progress N=2 step 60000/277470 21.6% t=120.97996 eta_s=47863.8 E=-0.91923152 P=0.73822915 dP=-0.26142974 r12=7.53081133 Vg=0.00000217 norm=1.00000000 rank=19/256 sv_max=8.62e+03 resid=8.72e-02
progress N=2 step 60250/277470 21.7% t=121.10496 eta_s=47801.9 E=-0.91885478 P=0.73777233 dP=-0.26188656 r12=7.52777202 Vg=0.00000223 norm=1.00000000 rank=19/256 sv_max=8.72e+03 resid=8.59e-02
progress N=2 step 60500/277470 21.8% t=121.22996 eta_s=47742.9 E=-0.91847865 P=0.73731463 dP=-0.26234426 r12=7.52472924 Vg=0.00000229 norm=1.00000000 rank=19/256 sv_max=8.88e+03 resid=8.41e-02
progress N=2 step 60750/277470 21.9% t=121.35496 eta_s=47689.5 E=-0.91810312 P=0.73685566 dP=-0.26280323 r12=7.52166947 Vg=0.00000235 norm=1.00000000 rank=19/256 sv_max=9.07e+03 resid=8.21e-02
progress N=2 step 61000/277470 22.0% t=121.47996 eta_s=47636.5 E=-0.91772816 P=0.73639454 dP=-0.26326435 r12=7.51858603 Vg=0.00000240 norm=1.00000000 rank=19/256 sv_max=9.26e+03 resid=8.03e-02
progress N=2 step 61250/277470 22.1% t=121.60496 eta_s=47583.6 E=-0.91735387 P=0.73593024 dP=-0.26372865 r12=7.51548098 Vg=0.00000245 norm=1.00000000 rank=19/256 sv_max=9.43e+03 resid=7.88e-02
progress N=2 step 61500/277470 22.2% t=121.72996 eta_s=47530.3 E=-0.91698016 P=0.73546174 dP=-0.26419715 r12=7.51236575 Vg=0.00000249 norm=1.00000000 rank=19/256 sv_max=9.55e+03 resid=7.79e-02
progress N=2 step 61750/277470 22.3% t=121.85496 eta_s=47475.5 E=-0.91660710 P=0.73498817 dP=-0.26467072 r12=7.50926007 Vg=0.00000252 norm=1.00000000 rank=19/256 sv_max=9.62e+03 resid=7.77e-02
progress N=2 step 62000/277470 22.3% t=121.97996 eta_s=47412.8 E=-0.91623471 P=0.73450888 dP=-0.26515001 r12=7.50618921 Vg=0.00000254 norm=1.00000000 rank=19/256 sv_max=9.62e+03 resid=7.82e-02
progress N=2 step 62250/277470 22.4% t=122.10496 eta_s=47355.5 E=-0.91586297 P=0.73402333 dP=-0.26563556 r12=7.50318023 Vg=0.00000254 norm=1.00000000 rank=19/256 sv_max=9.59e+03 resid=7.92e-02
progress N=2 step 62500/277470 22.5% t=122.22996 eta_s=47300.0 E=-0.91549198 P=0.73353079 dP=-0.26612810 r12=7.50025855 Vg=0.00000255 norm=1.00000000 rank=19/256 sv_max=9.52e+03 resid=8.07e-02
progress N=2 step 62750/277470 22.6% t=122.35496 eta_s=47245.4 E=-0.91512170 P=0.73303037 dP=-0.26662852 r12=7.49744562 Vg=0.00000254 norm=1.00000000 rank=19/256 sv_max=9.45e+03 resid=8.24e-02
progress N=2 step 63000/277470 22.7% t=122.47996 eta_s=47189.8 E=-0.91475216 P=0.73252129 dP=-0.26713760 r12=7.49475762 Vg=0.00000254 norm=1.00000000 rank=19/256 sv_max=9.37e+03 resid=8.41e-02
progress N=2 step 63250/277470 22.8% t=122.60496 eta_s=47130.1 E=-0.91438344 P=0.73200324 dP=-0.26765565 r12=7.49220477 Vg=0.00000254 norm=1.00000000 rank=19/256 sv_max=9.30e+03 resid=8.56e-02
progress N=2 step 63500/277470 22.9% t=122.72996 eta_s=47073.0 E=-0.91401549 P=0.73147659 dP=-0.26818230 r12=7.48979077 Vg=0.00000255 norm=1.00000000 rank=19/256 sv_max=9.23e+03 resid=8.67e-02
progress N=2 step 63750/277470 23.0% t=122.85496 eta_s=47016.0 E=-0.91364836 P=0.73094230 dP=-0.26871660 r12=7.48751251 Vg=0.00000257 norm=1.00000000 rank=19/256 sv_max=9.16e+03 resid=8.73e-02
progress N=2 step 64000/277470 23.1% t=122.97996 eta_s=46960.9 E=-0.91328204 P=0.73040180 dP=-0.26925709 r12=7.48536011 Vg=0.00000260 norm=1.00000000 rank=19/256 sv_max=9.10e+03 resid=8.73e-02
progress N=2 step 64250/277470 23.2% t=123.10496 eta_s=46904.4 E=-0.91291649 P=0.72985680 dP=-0.26980210 r12=7.48331754 Vg=0.00000263 norm=1.00000000 rank=19/256 sv_max=9.05e+03 resid=8.68e-02
progress N=2 step 64500/277470 23.2% t=123.22996 eta_s=46847.3 E=-0.91255177 P=0.72930892 dP=-0.27034997 r12=7.48136358 Vg=0.00000268 norm=1.00000000 rank=19/256 sv_max=9.02e+03 resid=8.58e-02
progress N=2 step 64750/277470 23.3% t=123.35496 eta_s=46784.5 E=-0.91218778 P=0.72875947 dP=-0.27089942 r12=7.47947317 Vg=0.00000273 norm=1.00000000 rank=19/256 sv_max=9.03e+03 resid=8.45e-02
progress N=2 step 65000/277470 23.4% t=123.47996 eta_s=46718.8 E=-0.91182456 P=0.72820914 dP=-0.27144975 r12=7.47761902 Vg=0.00000279 norm=1.00000000 rank=19/256 sv_max=9.08e+03 resid=8.31e-02
progress N=2 step 65250/277470 23.5% t=123.60496 eta_s=46659.9 E=-0.91146208 P=0.72765775 dP=-0.27200115 r12=7.47577308 Vg=0.00000284 norm=1.00000000 rank=19/256 sv_max=9.16e+03 resid=8.17e-02
progress N=2 step 65500/277470 23.6% t=123.72996 eta_s=46603.9 E=-0.91110030 P=0.72710417 dP=-0.27255472 r12=7.47390782 Vg=0.00000289 norm=1.00000000 rank=19/256 sv_max=9.28e+03 resid=8.03e-02
progress N=2 step 65750/277470 23.7% t=123.85496 eta_s=46548.7 E=-0.91073929 P=0.72654674 dP=-0.27311216 r12=7.47199819 Vg=0.00000293 norm=1.00000000 rank=19/256 sv_max=9.42e+03 resid=7.92e-02
progress N=2 step 66000/277470 23.8% t=123.97996 eta_s=46493.0 E=-0.91037899 P=0.72598385 dP=-0.27367504 r12=7.47002498 Vg=0.00000295 norm=1.00000000 rank=19/256 sv_max=9.56e+03 resid=7.83e-02
progress N=2 step 66250/277470 23.9% t=124.10496 eta_s=46438.1 E=-0.91001942 P=0.72541473 dP=-0.27424417 r12=7.46797830 Vg=0.00000296 norm=1.00000000 rank=19/256 sv_max=9.67e+03 resid=7.78e-02
progress N=2 step 66500/277470 24.0% t=124.22996 eta_s=46383.0 E=-0.90966062 P=0.72483972 dP=-0.27481917 r12=7.46585852 Vg=0.00000296 norm=1.00000000 rank=19/256 sv_max=9.73e+03 resid=7.76e-02
progress N=2 step 66750/277470 24.1% t=124.35496 eta_s=46327.7 E=-0.90930255 P=0.72426057 dP=-0.27539833 r12=7.46367434 Vg=0.00000294 norm=1.00000000 rank=19/256 sv_max=9.74e+03 resid=7.78e-02
progress N=2 step 67000/277470 24.1% t=124.47996 eta_s=46272.8 E=-0.90894529 P=0.72368009 dP=-0.27597880 r12=7.46143879 Vg=0.00000291 norm=1.00000000 rank=19/256 sv_max=9.70e+03 resid=7.82e-02
progress N=2 step 67250/277470 24.2% t=124.60496 eta_s=46218.0 E=-0.90858881 P=0.72310161 dP=-0.27655728 r12=7.45916520 Vg=0.00000287 norm=1.00000000 rank=19/256 sv_max=9.62e+03 resid=7.87e-02
progress N=2 step 67500/277470 24.3% t=124.72996 eta_s=46162.1 E=-0.90823312 P=0.72252834 dP=-0.27713055 r12=7.45686424 Vg=0.00000284 norm=1.00000000 rank=19/256 sv_max=9.53e+03 resid=7.91e-02
progress N=2 step 67750/277470 24.4% t=124.85496 eta_s=46102.0 E=-0.90787827 P=0.72196312 dP=-0.27769577 r12=7.45454238 Vg=0.00000282 norm=1.00000000 rank=19/256 sv_max=9.43e+03 resid=7.93e-02
progress N=2 step 68000/277470 24.5% t=124.97996 eta_s=46045.2 E=-0.90752420 P=0.72140828 dP=-0.27825061 r12=7.45220166 Vg=0.00000281 norm=1.00000000 rank=19/256 sv_max=9.33e+03 resid=7.92e-02
progress N=2 step 68250/277470 24.6% t=125.10496 eta_s=45990.3 E=-0.90717099 P=0.72086542 dP=-0.27879347 r12=7.44984033 Vg=0.00000281 norm=1.00000000 rank=19/256 sv_max=9.24e+03 resid=7.87e-02
progress N=2 step 68500/277470 24.7% t=125.22996 eta_s=45935.7 E=-0.90681860 P=0.72033528 dP=-0.27932361 r12=7.44745434 Vg=0.00000284 norm=1.00000000 rank=19/256 sv_max=9.17e+03 resid=7.78e-02
progress N=2 step 68750/277470 24.8% t=125.35496 eta_s=45880.9 E=-0.90646702 P=0.71981764 dP=-0.27984125 r12=7.44503941 Vg=0.00000289 norm=1.00000000 rank=19/256 sv_max=9.12e+03 resid=7.66e-02
progress N=2 step 69000/277470 24.9% t=125.47996 eta_s=45821.0 E=-0.90611631 P=0.71931144 dP=-0.28034745 r12=7.44259315 Vg=0.00000295 norm=1.00000000 rank=19/256 sv_max=9.10e+03 resid=7.53e-02
progress N=2 step 69250/277470 25.0% t=125.60496 eta_s=45763.6 E=-0.90576638 P=0.71881494 dP=-0.28084395 r12=7.44011659 Vg=0.00000301 norm=1.00000000 rank=19/256 sv_max=9.11e+03 resid=7.41e-02
progress N=2 step 69500/277470 25.0% t=125.72996 eta_s=45709.6 E=-0.90541725 P=0.71832588 dP=-0.28133301 r12=7.43761420 Vg=0.00000308 norm=1.00000000 rank=19/256 sv_max=9.14e+03 resid=7.30e-02
progress N=2 step 69750/277470 25.1% t=125.85496 eta_s=45654.8 E=-0.90506888 P=0.71784145 dP=-0.28181744 r12=7.43509257 Vg=0.00000314 norm=1.00000000 rank=19/256 sv_max=9.20e+03 resid=7.21e-02
progress N=2 step 70000/277470 25.2% t=125.97996 eta_s=45599.5 E=-0.90472130 P=0.71735829 dP=-0.28230060 r12=7.43255865 Vg=0.00000318 norm=1.00000000 rank=19/256 sv_max=9.29e+03 resid=7.14e-02
progress N=2 step 70250/277470 25.3% t=126.10496 eta_s=45535.2 E=-0.90437440 P=0.71687260 dP=-0.28278630 r12=7.43001871 Vg=0.00000321 norm=1.00000000 rank=19/256 sv_max=9.41e+03 resid=7.09e-02
progress N=2 step 70500/277470 25.4% t=126.22996 eta_s=45476.5 E=-0.90402827 P=0.71638037 dP=-0.28327852 r12=7.42747850 Vg=0.00000320 norm=1.00000000 rank=19/256 sv_max=9.54e+03 resid=7.06e-02
progress N=2 step 70750/277470 25.5% t=126.35496 eta_s=45422.7 E=-0.90368288 P=0.71587779 dP=-0.28378110 r12=7.42494399 Vg=0.00000317 norm=1.00000000 rank=19/256 sv_max=9.67e+03 resid=7.04e-02
progress N=2 step 71000/277470 25.6% t=126.47996 eta_s=45369.0 E=-0.90333824 P=0.71536166 dP=-0.28429723 r12=7.42242174 Vg=0.00000311 norm=1.00000000 rank=19/256 sv_max=9.81e+03 resid=7.03e-02
progress N=2 step 71250/277470 25.7% t=126.60496 eta_s=45309.8 E=-0.90299438 P=0.71482974 dP=-0.28482915 r12=7.41991868 Vg=0.00000302 norm=1.00000000 rank=19/256 sv_max=9.93e+03 resid=7.04e-02
progress N=2 step 71500/277470 25.8% t=126.72996 eta_s=45252.9 E=-0.90265126 P=0.71428094 dP=-0.28537795 r12=7.41744141 Vg=0.00000292 norm=1.00000000 rank=19/256 sv_max=1.00e+04 resid=7.06e-02
progress N=2 step 71750/277470 25.9% t=126.85496 eta_s=45191.2 E=-0.90230892 P=0.71371535 dP=-0.28594354 r12=7.41499527 Vg=0.00000280 norm=1.00000000 rank=19/256 sv_max=1.01e+04 resid=7.11e-02
progress N=2 step 72000/277470 25.9% t=126.97996 eta_s=45132.0 E=-0.90196737 P=0.71313416 dP=-0.28652473 r12=7.41258345 Vg=0.00000270 norm=1.00000000 rank=19/256 sv_max=1.01e+04 resid=7.18e-02
progress N=2 step 72250/277470 26.0% t=127.10496 eta_s=45076.8 E=-0.90162655 P=0.71253939 dP=-0.28711950 r12=7.41020615 Vg=0.00000260 norm=1.00000000 rank=19/256 sv_max=1.00e+04 resid=7.26e-02
progress N=2 step 72500/277470 26.1% t=127.22996 eta_s=45021.3 E=-0.90128653 P=0.71193352 dP=-0.28772537 r12=7.40786001 Vg=0.00000253 norm=1.00000000 rank=19/256 sv_max=9.94e+03 resid=7.35e-02
progress N=2 step 72750/277470 26.2% t=127.35496 eta_s=44965.4 E=-0.90094725 P=0.71131909 dP=-0.28833980 r12=7.40553824 Vg=0.00000250 norm=1.00000000 rank=19/256 sv_max=9.86e+03 resid=7.44e-02
progress N=2 step 73000/277470 26.3% t=127.47996 eta_s=44906.1 E=-0.90060873 P=0.71069841 dP=-0.28896048 r12=7.40323155 Vg=0.00000250 norm=1.00000000 rank=19/256 sv_max=9.79e+03 resid=7.51e-02
progress N=2 step 73250/277470 26.4% t=127.60496 eta_s=44845.1 E=-0.90027099 P=0.71007344 dP=-0.28958545 r12=7.40092989 Vg=0.00000253 norm=1.00000000 rank=19/256 sv_max=9.74e+03 resid=7.58e-02
progress N=2 step 73500/277470 26.5% t=127.72996 eta_s=44783.3 E=-0.89993396 P=0.70944590 dP=-0.29021299 r12=7.39862430 Vg=0.00000260 norm=1.00000000 rank=19/256 sv_max=9.70e+03 resid=7.63e-02
progress N=2 step 73750/277470 26.6% t=127.85496 eta_s=44727.2 E=-0.89959773 P=0.70881739 dP=-0.29084151 r12=7.39630842 Vg=0.00000268 norm=1.00000000 rank=19/256 sv_max=9.69e+03 resid=7.69e-02
progress N=2 step 74000/277470 26.7% t=127.97996 eta_s=44667.6 E=-0.89926225 P=0.70818952 dP=-0.29146937 r12=7.39397931 Vg=0.00000278 norm=1.00000000 rank=19/256 sv_max=9.68e+03 resid=7.75e-02
progress N=2 step 74250/277470 26.8% t=128.10496 eta_s=44611.8 E=-0.89892753 P=0.70756396 dP=-0.29209493 r12=7.39163749 Vg=0.00000287 norm=1.00000000 rank=19/256 sv_max=9.68e+03 resid=7.83e-02
progress N=2 step 74500/277470 26.8% t=128.22996 eta_s=44557.5 E=-0.89859362 P=0.70694224 dP=-0.29271665 r12=7.38928645 Vg=0.00000294 norm=1.00000000 rank=19/256 sv_max=9.69e+03 resid=7.92e-02
progress N=2 step 74750/277470 26.9% t=128.35496 eta_s=44499.3 E=-0.89826044 P=0.70632558 dP=-0.29333331 r12=7.38693177 Vg=0.00000298 norm=1.00000000 rank=19/256 sv_max=9.72e+03 resid=8.02e-02
progress N=2 step 75000/277470 27.0% t=128.47996 eta_s=44445.4 E=-0.89792808 P=0.70571465 dP=-0.29394424 r12=7.38458012 Vg=0.00000299 norm=1.00000000 rank=19/256 sv_max=9.75e+03 resid=8.13e-02
progress N=2 step 75250/277470 27.1% t=128.60496 eta_s=44391.5 E=-0.89759651 P=0.70510949 dP=-0.29454941 r12=7.38223812 Vg=0.00000296 norm=1.00000000 rank=19/256 sv_max=9.80e+03 resid=8.24e-02
progress N=2 step 75500/277470 27.2% t=128.72996 eta_s=44337.5 E=-0.89726573 P=0.70450953 dP=-0.29514936 r12=7.37991151 Vg=0.00000289 norm=1.00000000 rank=19/256 sv_max=9.87e+03 resid=8.34e-02
progress N=2 step 75750/277470 27.3% t=128.85496 eta_s=44283.5 E=-0.89693580 P=0.70391389 dP=-0.29574501 r12=7.37760436 Vg=0.00000279 norm=1.00000000 rank=19/256 sv_max=9.95e+03 resid=8.44e-02
progress N=2 step 76000/277470 27.4% t=128.97996 eta_s=44229.3 E=-0.89660666 P=0.70332160 dP=-0.29633729 r12=7.37531857 Vg=0.00000266 norm=1.00000000 rank=19/256 sv_max=1.00e+04 resid=8.52e-02
progress N=2 step 76250/277470 27.5% t=129.10496 eta_s=44175.0 E=-0.89627837 P=0.70273191 dP=-0.29692698 r12=7.37305341 Vg=0.00000252 norm=1.00000000 rank=19/256 sv_max=1.01e+04 resid=8.59e-02
progress N=2 step 76500/277470 27.6% t=129.22996 eta_s=44114.6 E=-0.89595094 P=0.70214440 dP=-0.29751449 r12=7.37080528 Vg=0.00000237 norm=1.00000000 rank=19/256 sv_max=1.01e+04 resid=8.65e-02
progress N=2 step 76750/277470 27.7% t=129.35496 eta_s=44054.4 E=-0.89562430 P=0.70155891 dP=-0.29809998 r12=7.36856739 Vg=0.00000224 norm=1.00000000 rank=19/256 sv_max=1.02e+04 resid=8.68e-02
progress N=2 step 77000/277470 27.8% t=129.47996 eta_s=43998.2 E=-0.89529853 P=0.70097545 dP=-0.29868344 r12=7.36632970 Vg=0.00000214 norm=1.00000000 rank=19/256 sv_max=1.02e+04 resid=8.69e-02
progress N=2 step 77250/277470 27.8% t=129.60496 eta_s=43940.6 E=-0.89497356 P=0.70039397 dP=-0.29926492 r12=7.36407913 Vg=0.00000208 norm=1.00000000 rank=19/256 sv_max=1.02e+04 resid=8.67e-02
progress N=2 step 77500/277470 27.9% t=129.72996 eta_s=43884.1 E=-0.89464940 P=0.69981425 dP=-0.29984464 r12=7.36180019 Vg=0.00000207 norm=1.00000000 rank=19/256 sv_max=1.01e+04 resid=8.62e-02
progress N=2 step 77750/277470 28.0% t=129.85496 eta_s=43829.6 E=-0.89432606 P=0.69923590 dP=-0.30042299 r12=7.35947602 Vg=0.00000210 norm=1.00000000 rank=19/256 sv_max=1.01e+04 resid=8.55e-02
progress N=2 step 78000/277470 28.1% t=129.97996 eta_s=43775.0 E=-0.89400346 P=0.69865848 dP=-0.30100041 r12=7.35708955 Vg=0.00000217 norm=1.00000000 rank=19/256 sv_max=1.01e+04 resid=8.48e-02
progress N=2 step 78250/277470 28.2% t=130.10496 eta_s=43719.6 E=-0.89368167 P=0.69808170 dP=-0.30157719 r12=7.35462458 Vg=0.00000228 norm=1.00000000 rank=19/256 sv_max=1.00e+04 resid=8.40e-02
progress N=2 step 78500/277470 28.3% t=130.22996 eta_s=43660.4 E=-0.89336064 P=0.69750557 dP=-0.30215332 r12=7.35206680 Vg=0.00000242 norm=1.00000000 rank=19/256 sv_max=9.98e+03 resid=8.35e-02
progress N=2 step 78750/277470 28.4% t=130.35496 eta_s=43603.0 E=-0.89304037 P=0.69693053 dP=-0.30272836 r12=7.34940453 Vg=0.00000255 norm=1.00000000 rank=19/256 sv_max=9.94e+03 resid=8.32e-02
progress N=2 step 79000/277470 28.5% t=130.47996 eta_s=43548.8 E=-0.89272089 P=0.69635735 dP=-0.30330154 r12=7.34662906 Vg=0.00000268 norm=1.00000000 rank=19/256 sv_max=9.90e+03 resid=8.32e-02
progress N=2 step 79250/277470 28.6% t=130.60496 eta_s=43490.7 E=-0.89240213 P=0.69578703 dP=-0.30387186 r12=7.34373478 Vg=0.00000277 norm=1.00000000 rank=19/256 sv_max=9.87e+03 resid=8.34e-02
progress N=2 step 79500/277470 28.7% t=130.72996 eta_s=43434.8 E=-0.89208415 P=0.69522057 dP=-0.30443832 r12=7.34071904 Vg=0.00000284 norm=1.00000000 rank=19/256 sv_max=9.85e+03 resid=8.39e-02
progress N=2 step 79750/277470 28.7% t=130.85496 eta_s=43380.9 E=-0.89176692 P=0.69465884 dP=-0.30500005 r12=7.33758197 Vg=0.00000286 norm=1.00000000 rank=19/256 sv_max=9.85e+03 resid=8.45e-02
progress N=2 step 80000/277470 28.8% t=130.97996 eta_s=43327.3 E=-0.89145041 P=0.69410244 dP=-0.30555645 r12=7.33432635 Vg=0.00000284 norm=1.00000000 rank=19/256 sv_max=9.87e+03 resid=8.52e-02
progress N=2 step 80250/277470 28.9% t=131.10496 eta_s=43272.8 E=-0.89113468 P=0.69355176 dP=-0.30610713 r12=7.33095750 Vg=0.00000278 norm=1.00000000 rank=19/256 sv_max=9.91e+03 resid=8.59e-02
progress N=2 step 80500/277470 29.0% t=131.22996 eta_s=43218.6 E=-0.89081958 P=0.69300705 dP=-0.30665184 r12=7.32748316 Vg=0.00000269 norm=1.00000000 rank=19/256 sv_max=9.96e+03 resid=8.66e-02
progress N=2 step 80750/277470 29.1% t=131.35496 eta_s=43164.0 E=-0.89050521 P=0.69246854 dP=-0.30719035 r12=7.32391334 Vg=0.00000259 norm=1.00000000 rank=19/256 sv_max=1.00e+04 resid=8.73e-02
progress N=2 step 81000/277470 29.2% t=131.47996 eta_s=43108.9 E=-0.89019154 P=0.69193653 dP=-0.30772236 r12=7.32025999 Vg=0.00000248 norm=1.00000000 rank=19/256 sv_max=1.00e+04 resid=8.80e-02
progress N=2 step 81250/277470 29.3% t=131.60496 eta_s=43054.1 E=-0.88987845 P=0.69141134 dP=-0.30824755 r12=7.31653669 Vg=0.00000239 norm=1.00000000 rank=19/256 sv_max=1.01e+04 resid=8.87e-02
progress N=2 step 81500/277470 29.4% t=131.72996 eta_s=42999.1 E=-0.88956609 P=0.69089330 dP=-0.30876559 r12=7.31275824 Vg=0.00000233 norm=1.00000000 rank=19/256 sv_max=1.01e+04 resid=8.95e-02
progress N=2 step 81750/277470 29.5% t=131.85496 eta_s=42937.1 E=-0.88925430 P=0.69038259 dP=-0.30927630 r12=7.30894042 Vg=0.00000230 norm=1.00000000 rank=19/256 sv_max=1.01e+04 resid=9.02e-02
progress N=2 step 82000/277470 29.6% t=131.97996 eta_s=42879.7 E=-0.88894316 P=0.68987910 dP=-0.30977979 r12=7.30509992 Vg=0.00000232 norm=1.00000000 rank=19/256 sv_max=1.01e+04 resid=9.09e-02
progress N=2 step 82250/277470 29.6% t=132.10496 eta_s=42824.8 E=-0.88863269 P=0.68938238 dP=-0.31027651 r12=7.30125420 Vg=0.00000239 norm=1.00000000 rank=19/256 sv_max=1.01e+04 resid=9.16e-02
progress N=2 step 82500/277470 29.7% t=132.22996 eta_s=42769.1 E=-0.88832274 P=0.68889155 dP=-0.31076734 r12=7.29742135 Vg=0.00000250 norm=1.00000000 rank=19/256 sv_max=1.01e+04 resid=9.22e-02
progress N=2 step 82750/277470 29.8% t=132.35496 eta_s=42708.3 E=-0.88801349 P=0.68840536 dP=-0.31125353 r12=7.29361956 Vg=0.00000264 norm=1.00000000 rank=19/256 sv_max=1.01e+04 resid=9.27e-02
progress N=2 step 83000/277470 29.9% t=132.47996 eta_s=42652.7 E=-0.88770480 P=0.68792227 dP=-0.31173662 r12=7.28986637 Vg=0.00000280 norm=1.00000000 rank=19/256 sv_max=1.02e+04 resid=9.31e-02
progress N=2 step 83250/277470 30.0% t=132.60496 eta_s=42598.5 E=-0.88739672 P=0.68744061 dP=-0.31221828 r12=7.28617759 Vg=0.00000297 norm=1.00000000 rank=19/256 sv_max=1.02e+04 resid=9.33e-02
progress N=2 step 83500/277470 30.1% t=132.72996 eta_s=42544.9 E=-0.88708933 P=0.68695873 dP=-0.31270016 r12=7.28256602 Vg=0.00000312 norm=1.00000000 rank=19/256 sv_max=1.02e+04 resid=9.35e-02
progress N=2 step 83750/277470 30.2% t=132.85496 eta_s=42491.0 E=-0.88678242 P=0.68647513 dP=-0.31318377 r12=7.27904011 Vg=0.00000325 norm=1.00000000 rank=19/256 sv_max=1.02e+04 resid=9.36e-02
progress N=2 step 84000/277470 30.3% t=132.97996 eta_s=42437.4 E=-0.88647622 P=0.68598849 dP=-0.31367041 r12=7.27560276 Vg=0.00000334 norm=1.00000000 rank=19/256 sv_max=1.03e+04 resid=9.37e-02
progress N=2 step 84250/277470 30.4% t=133.10496 eta_s=42385.1 E=-0.88617062 P=0.68549768 dP=-0.31416121 r12=7.27225058 Vg=0.00000338 norm=1.00000000 rank=19/256 sv_max=1.03e+04 resid=9.37e-02
progress N=2 step 84500/277470 30.5% t=133.22996 eta_s=42332.9 E=-0.88586562 P=0.68500173 dP=-0.31465716 r12=7.26897368 Vg=0.00000338 norm=1.00000000 rank=19/256 sv_max=1.04e+04 resid=9.37e-02
progress N=2 step 84750/277470 30.5% t=133.35496 eta_s=42278.9 E=-0.88556134 P=0.68449972 dP=-0.31515917 r12=7.26575613 Vg=0.00000333 norm=1.00000000 rank=19/256 sv_max=1.04e+04 resid=9.37e-02
progress N=2 step 85000/277470 30.6% t=133.47996 eta_s=42224.5 E=-0.88525757 P=0.68399085 dP=-0.31566804 r12=7.26257706 Vg=0.00000325 norm=1.00000000 rank=19/256 sv_max=1.05e+04 resid=9.36e-02
progress N=2 step 85250/277470 30.7% t=133.60496 eta_s=42162.7 E=-0.88495451 P=0.68347444 dP=-0.31618445 r12=7.25941215 Vg=0.00000316 norm=1.00000000 rank=19/256 sv_max=1.05e+04 resid=9.34e-02
progress N=2 step 85500/277470 30.8% t=133.72996 eta_s=42100.3 E=-0.88465208 P=0.68295000 dP=-0.31670889 r12=7.25623538 Vg=0.00000305 norm=1.00000000 rank=19/256 sv_max=1.06e+04 resid=9.31e-02
progress N=2 step 85750/277470 30.9% t=133.85496 eta_s=42046.6 E=-0.88435022 P=0.68241738 dP=-0.31724151 r12=7.25302067 Vg=0.00000296 norm=1.00000000 rank=19/256 sv_max=1.06e+04 resid=9.28e-02
progress N=2 step 86000/277470 31.0% t=133.97996 eta_s=41992.7 E=-0.88404908 P=0.68187680 dP=-0.31778209 r12=7.24974331 Vg=0.00000290 norm=1.00000000 rank=19/256 sv_max=1.06e+04 resid=9.25e-02
progress N=2 step 86250/277470 31.1% t=134.10496 eta_s=41938.7 E=-0.88374845 P=0.68132891 dP=-0.31832998 r12=7.24638106 Vg=0.00000287 norm=1.00000000 rank=19/256 sv_max=1.06e+04 resid=9.24e-02
progress N=2 step 86500/277470 31.2% t=134.22996 eta_s=41880.9 E=-0.88344848 P=0.68077474 dP=-0.31888415 r12=7.24291502 Vg=0.00000289 norm=1.00000000 rank=19/256 sv_max=1.06e+04 resid=9.25e-02
progress N=2 step 86750/277470 31.3% t=134.35496 eta_s=41826.2 E=-0.88314915 P=0.68021560 dP=-0.31944329 r12=7.23933032 Vg=0.00000295 norm=1.00000000 rank=19/256 sv_max=1.06e+04 resid=9.31e-02
progress N=2 step 87000/277470 31.4% t=134.47996 eta_s=41771.6 E=-0.88285037 P=0.67965301 dP=-0.32000588 r12=7.23561674 Vg=0.00000305 norm=1.00000000 rank=19/256 sv_max=1.05e+04 resid=9.41e-02
progress N=2 step 87250/277470 31.4% t=134.60496 eta_s=41716.6 E=-0.88255230 P=0.67908852 dP=-0.32057037 r12=7.23176931 Vg=0.00000318 norm=1.00000000 rank=19/256 sv_max=1.04e+04 resid=9.57e-02
progress N=2 step 87500/277470 31.5% t=134.72996 eta_s=41661.8 E=-0.88225479 P=0.67852364 dP=-0.32113525 r12=7.22778864 Vg=0.00000333 norm=1.00000000 rank=19/256 sv_max=1.03e+04 resid=9.77e-02
progress N=2 step 87750/277470 31.6% t=134.85496 eta_s=41606.1 E=-0.88195796 P=0.67795979 dP=-0.32169910 r12=7.22368098 Vg=0.00000347 norm=1.00000000 rank=19/256 sv_max=1.03e+04 resid=1.00e-01
progress N=2 step 88000/277470 31.7% t=134.97996 eta_s=41551.5 E=-0.88166182 P=0.67739824 dP=-0.32226065 r12=7.21945770 Vg=0.00000361 norm=1.00000000 rank=19/256 sv_max=1.02e+04 resid=1.03e-01
progress N=2 step 88250/277470 31.8% t=135.10496 eta_s=41496.8 E=-0.88136628 P=0.67684011 dP=-0.32281878 r12=7.21513424 Vg=0.00000372 norm=1.00000000 rank=19/256 sv_max=1.02e+04 resid=1.07e-01
progress N=2 step 88500/277470 31.9% t=135.22996 eta_s=41439.6 E=-0.88107149 P=0.67628642 dP=-0.32337247 r12=7.21072864 Vg=0.00000380 norm=1.00000000 rank=19/256 sv_max=1.02e+04 resid=1.10e-01
progress N=2 step 88750/277470 32.0% t=135.35496 eta_s=41382.4 E=-0.88077734 P=0.67573807 dP=-0.32392082 r12=7.20625986 Vg=0.00000384 norm=1.00000000 rank=19/256 sv_max=1.02e+04 resid=1.13e-01
progress N=2 step 89000/277470 32.1% t=135.47996 eta_s=41325.8 E=-0.88048388 P=0.67519586 dP=-0.32446303 r12=7.20174606 Vg=0.00000383 norm=1.00000000 rank=19/256 sv_max=1.02e+04 resid=1.17e-01
progress N=2 step 89250/277470 32.2% t=135.60496 eta_s=41271.5 E=-0.88019116 P=0.67466041 dP=-0.32499848 r12=7.19720326 Vg=0.00000380 norm=1.00000000 rank=19/256 sv_max=1.03e+04 resid=1.19e-01
progress N=2 step 89500/277470 32.3% t=135.72996 eta_s=41217.4 E=-0.87989903 P=0.67413215 dP=-0.32552674 r12=7.19264434 Vg=0.00000374 norm=1.00000000 rank=19/256 sv_max=1.03e+04 resid=1.21e-01
progress N=2 step 89750/277470 32.3% t=135.85496 eta_s=41160.7 E=-0.87960764 P=0.67361126 dP=-0.32604764 r12=7.18807860 Vg=0.00000367 norm=1.00000000 rank=19/256 sv_max=1.04e+04 resid=1.22e-01
progress N=2 step 90000/277470 32.4% t=135.97996 eta_s=41102.2 E=-0.87931688 P=0.67309762 dP=-0.32656127 r12=7.18351183 Vg=0.00000360 norm=1.00000000 rank=19/256 sv_max=1.04e+04 resid=1.22e-01
progress N=2 step 90250/277470 32.5% t=136.10496 eta_s=41044.4 E=-0.87902677 P=0.67259089 dP=-0.32706801 r12=7.17894668 Vg=0.00000354 norm=1.00000000 rank=19/256 sv_max=1.05e+04 resid=1.21e-01
progress N=2 step 90500/277470 32.6% t=136.22996 eta_s=40988.5 E=-0.87873737 P=0.67209050 dP=-0.32756839 r12=7.17438331 Vg=0.00000351 norm=1.00000000 rank=19/256 sv_max=1.05e+04 resid=1.19e-01
