job_id=605826
array_job_id=605822
array_task_id=0
job_name=vs3n2st4
partition=epyc
node_list=cent
excluded_nodes=bar
workdir=/home/gyqyan/zexuan/ecg1d_code/1D_thouless_pumping
cpus_per_task=32
mem_per_node=16384
binary=./build/ecg1d_vs3_n2_dt001_staged_full
case_label=gauss_sigma2p000
mode=gauss
sigma=2.0
planning_estimate=staged local dt: shoulders dt/10, core dt/20, 277470 steps; 32-core benchmark gauss ~0.23 s/step near s=0.25
start_time=2026-07-09T16:31:01+08:00
config=legacy_prb_3_3_n2_pathpad_K32_dt0p01_staged_gauss_sigma2p000 lambda_C=1.00e-08 rcond=1.00e-04 | TDVP param dimension=256
progress N=2 step 0/277470 0.0% t=0.00000 eta_s=nan E=-2.15314890 P=0.99965889 dP=0.00000000 r12=8.04559382 Vg=0.00000212 norm=1.00000000 rank=-1/256 sv_max=nan resid=nan
initial t=0.00000 tau=0.00000 E=-2.1531489043 <X>/a=0.9996588910 norm=1.0000000000 V_gauss=0.0000021220
progress N=2 step 250/277470 0.1% t=2.50000 eta_s=58159.3 E=-2.14296787 P=0.98909710 dP=-0.01056179 r12=8.04540978 Vg=0.00000215 norm=1.00000000 rank=35/256 sv_max=1.07e+02 resid=6.73e-03
progress N=2 step 500/277470 0.2% t=5.00000 eta_s=58906.5 E=-2.11775238 P=0.98050378 dP=-0.01915512 r12=8.04557116 Vg=0.00000219 norm=1.00000000 rank=37/256 sv_max=1.03e+02 resid=3.77e-02
progress N=2 step 750/277470 0.3% t=7.50000 eta_s=59149.3 E=-2.07649837 P=0.96857414 dP=-0.03108475 r12=8.04635905 Vg=0.00000237 norm=1.00000000 rank=35/256 sv_max=9.44e+01 resid=9.42e-03
progress N=2 step 1000/277470 0.4% t=10.00000 eta_s=59216.9 E=-2.02660418 P=0.96259313 dP=-0.03706576 r12=8.04575651 Vg=0.00000214 norm=1.00000000 rank=34/256 sv_max=1.03e+02 resid=3.53e-02
progress N=2 step 1250/277470 0.5% t=12.50000 eta_s=58589.7 E=-1.96893979 P=0.95118326 dP=-0.04847563 r12=8.04780163 Vg=0.00000233 norm=1.00000000 rank=34/256 sv_max=1.11e+02 resid=1.18e-02
progress N=2 step 1500/277470 0.5% t=15.00000 eta_s=58617.6 E=-1.90971082 P=0.94724382 dP=-0.05241507 r12=8.04620878 Vg=0.00000228 norm=1.00000000 rank=34/256 sv_max=1.07e+02 resid=3.75e-02
progress N=2 step 1750/277470 0.6% t=17.50000 eta_s=58719.2 E=-1.84890826 P=0.93727049 dP=-0.06238840 r12=8.05047346 Vg=0.00000259 norm=1.00000000 rank=36/256 sv_max=1.10e+02 resid=1.18e-02
progress N=2 step 2000/277470 0.7% t=20.00000 eta_s=58843.6 E=-1.79075640 P=0.93351726 dP=-0.06614163 r12=8.04869021 Vg=0.00000369 norm=1.00000000 rank=35/256 sv_max=1.19e+02 resid=4.35e-02
progress N=2 step 2250/277470 0.8% t=22.50000 eta_s=58995.3 E=-1.73405983 P=0.92726944 dP=-0.07238945 r12=8.04966628 Vg=0.00000490 norm=1.00000000 rank=35/256 sv_max=1.12e+02 resid=1.73e-02
progress N=2 step 2500/277470 0.9% t=25.00000 eta_s=59001.3 E=-1.68125281 P=0.92110496 dP=-0.07855393 r12=8.05385913 Vg=0.00001028 norm=1.00000000 rank=35/256 sv_max=1.41e+02 resid=5.60e-02
progress N=2 step 2750/277470 1.0% t=27.50000 eta_s=59045.8 E=-1.63133816 P=0.91901963 dP=-0.08063926 r12=8.03951985 Vg=0.00001370 norm=1.00000000 rank=35/256 sv_max=1.38e+02 resid=3.63e-02
progress N=2 step 3000/277470 1.1% t=30.00000 eta_s=59091.2 E=-1.58480723 P=0.91237457 dP=-0.08728432 r12=8.06725284 Vg=0.00001784 norm=1.00000000 rank=35/256 sv_max=1.50e+02 resid=4.31e-02
progress N=2 step 3250/277470 1.2% t=32.50000 eta_s=59131.9 E=-1.54177384 P=0.90899136 dP=-0.09066753 r12=8.03221539 Vg=0.00002208 norm=1.00000000 rank=34/256 sv_max=1.66e+02 resid=5.20e-02
progress N=2 step 3500/277470 1.3% t=35.00000 eta_s=59172.6 E=-1.50155543 P=0.90639024 dP=-0.09326865 r12=8.05942326 Vg=0.00002775 norm=1.00000000 rank=35/256 sv_max=1.58e+02 resid=6.28e-02
progress N=2 step 3750/277470 1.4% t=37.50000 eta_s=59152.6 E=-1.46424132 P=0.90130357 dP=-0.09835532 r12=8.05776788 Vg=0.00002759 norm=1.00000000 rank=36/256 sv_max=1.63e+02 resid=5.39e-02
progress N=2 step 4000/277470 1.4% t=40.00000 eta_s=59131.6 E=-1.42966852 P=0.89836376 dP=-0.10129513 r12=8.04825076 Vg=0.00003049 norm=1.00000000 rank=34/256 sv_max=2.17e+02 resid=7.18e-02
progress N=2 step 4250/277470 1.5% t=42.50000 eta_s=59107.9 E=-1.39740616 P=0.89433934 dP=-0.10531956 r12=8.04240256 Vg=0.00003365 norm=1.00000000 rank=32/256 sv_max=2.34e+02 resid=5.46e-02
progress N=2 step 4500/277470 1.6% t=45.00000 eta_s=58975.2 E=-1.36741920 P=0.89161784 dP=-0.10804105 r12=8.07532262 Vg=0.00003283 norm=1.00000000 rank=32/256 sv_max=2.48e+02 resid=8.08e-02
progress N=2 step 4750/277470 1.7% t=47.50000 eta_s=58917.9 E=-1.33926729 P=0.88939423 dP=-0.11026466 r12=8.05375265 Vg=0.00002783 norm=1.00000000 rank=32/256 sv_max=2.72e+02 resid=5.95e-02
progress N=2 step 5000/277470 1.8% t=50.00000 eta_s=58909.6 E=-1.31293332 P=0.88590475 dP=-0.11375414 r12=8.04819661 Vg=0.00002167 norm=1.00000000 rank=33/256 sv_max=2.87e+02 resid=8.48e-02
progress N=2 step 5250/277470 1.9% t=52.50000 eta_s=58919.3 E=-1.28824810 P=0.88171103 dP=-0.11794786 r12=8.04751737 Vg=0.00001708 norm=1.00000000 rank=33/256 sv_max=3.02e+02 resid=5.12e-02
progress N=2 step 5500/277470 2.0% t=55.00000 eta_s=58911.4 E=-1.26516581 P=0.87842093 dP=-0.12123796 r12=8.06949382 Vg=0.00001706 norm=1.00000000 rank=32/256 sv_max=3.18e+02 resid=1.20e-01
progress N=2 step 5750/277470 2.1% t=57.50000 eta_s=58770.1 E=-1.24325234 P=0.87840376 dP=-0.12125513 r12=8.06161626 Vg=0.00002286 norm=1.00000000 rank=32/256 sv_max=3.29e+02 resid=6.50e-02
progress N=2 step 6000/277470 2.2% t=60.00000 eta_s=58696.3 E=-1.22249122 P=0.87443800 dP=-0.12522089 r12=8.05226295 Vg=0.00003388 norm=1.00000000 rank=32/256 sv_max=3.34e+02 resid=9.31e-02
progress N=2 step 6250/277470 2.3% t=62.50000 eta_s=58687.3 E=-1.20285056 P=0.87095345 dP=-0.12870544 r12=8.04705623 Vg=0.00004578 norm=1.00000000 rank=32/256 sv_max=3.53e+02 resid=4.59e-02
progress N=2 step 6500/277470 2.3% t=65.00000 eta_s=58656.2 E=-1.18438050 P=0.86384265 dP=-0.13581624 r12=8.04860653 Vg=0.00004827 norm=1.00000000 rank=32/256 sv_max=3.94e+02 resid=5.66e-02
progress N=2 step 6750/277470 2.4% t=67.50000 eta_s=58641.1 E=-1.16688283 P=0.86289042 dP=-0.13676847 r12=8.05209636 Vg=0.00004771 norm=1.00000000 rank=32/256 sv_max=4.04e+02 resid=1.18e-01
progress N=2 step 7000/277470 2.5% t=70.00000 eta_s=58628.2 E=-1.15012293 P=0.86030501 dP=-0.13935389 r12=8.04902429 Vg=0.00003580 norm=1.00000000 rank=32/256 sv_max=3.99e+02 resid=1.03e-01
progress N=2 step 7250/277470 2.6% t=72.50000 eta_s=58609.9 E=-1.13405055 P=0.86017972 dP=-0.13947917 r12=8.05186029 Vg=0.00002928 norm=1.00000000 rank=32/256 sv_max=4.17e+02 resid=8.65e-02
progress N=2 step 7500/277470 2.7% t=75.00000 eta_s=58592.5 E=-1.11861993 P=0.85523116 dP=-0.14442773 r12=8.05351885 Vg=0.00003132 norm=1.00000000 rank=32/256 sv_max=4.50e+02 resid=5.84e-02
progress N=2 step 7750/277470 2.8% t=77.50000 eta_s=58573.3 E=-1.10397110 P=0.84914705 dP=-0.15051185 r12=8.05543998 Vg=0.00004283 norm=1.00000000 rank=32/256 sv_max=4.71e+02 resid=8.36e-02
progress N=2 step 8000/277470 2.9% t=80.00000 eta_s=58549.4 E=-1.08999138 P=0.84384000 dP=-0.15581889 r12=8.04918317 Vg=0.00005825 norm=1.00000000 rank=33/256 sv_max=4.90e+02 resid=6.80e-02
progress N=2 step 8250/277470 3.0% t=82.50000 eta_s=58534.9 E=-1.07666987 P=0.83790300 dP=-0.16175589 r12=8.02579083 Vg=0.00006839 norm=1.00000000 rank=32/256 sv_max=5.09e+02 resid=1.14e-01
progress N=2 step 8500/277470 3.1% t=85.00000 eta_s=58510.3 E=-1.06384218 P=0.83571955 dP=-0.16393934 r12=8.00774467 Vg=0.00007344 norm=1.00000000 rank=31/256 sv_max=5.19e+02 resid=1.07e-01
progress N=2 step 8750/277470 3.2% t=87.50000 eta_s=58487.9 E=-1.05146780 P=0.83084465 dP=-0.16881424 r12=7.99609748 Vg=0.00006676 norm=1.00000000 rank=32/256 sv_max=5.24e+02 resid=9.82e-02
progress N=2 step 9000/277470 3.2% t=90.00000 eta_s=58424.1 E=-1.03952301 P=0.82793063 dP=-0.17172826 r12=7.99536617 Vg=0.00006981 norm=1.00000000 rank=32/256 sv_max=5.63e+02 resid=1.15e-01
progress N=2 step 9250/277470 3.3% t=90.67987 eta_s=58343.2 E=-1.03634452 P=0.82669725 dP=-0.17296164 r12=8.00081095 Vg=0.00007093 norm=1.00000000 rank=32/256 sv_max=5.61e+02 resid=8.72e-02
progress N=2 step 9500/277470 3.4% t=90.92987 eta_s=58319.1 E=-1.03518362 P=0.82609423 dP=-0.17356466 r12=8.00267852 Vg=0.00007034 norm=1.00000000 rank=32/256 sv_max=5.53e+02 resid=8.50e-02
progress N=2 step 9750/277470 3.5% t=91.17987 eta_s=58296.5 E=-1.03402689 P=0.82540741 dP=-0.17425148 r12=8.00433816 Vg=0.00007059 norm=1.00000000 rank=32/256 sv_max=5.48e+02 resid=8.21e-02
progress N=2 step 10000/277470 3.6% t=91.42987 eta_s=58276.1 E=-1.03287444 P=0.82467297 dP=-0.17498592 r12=8.00581819 Vg=0.00007027 norm=1.00000000 rank=32/256 sv_max=5.62e+02 resid=8.00e-02
progress N=2 step 10250/277470 3.7% t=91.67987 eta_s=58253.9 E=-1.03172651 P=0.82392151 dP=-0.17573739 r12=8.00710604 Vg=0.00006951 norm=1.00000000 rank=31/256 sv_max=5.79e+02 resid=7.78e-02
progress N=2 step 10500/277470 3.8% t=91.92987 eta_s=58231.1 E=-1.03058323 P=0.82317246 dP=-0.17648644 r12=8.00823491 Vg=0.00007007 norm=1.00000000 rank=32/256 sv_max=5.81e+02 resid=7.66e-02
progress N=2 step 10750/277470 3.9% t=92.17987 eta_s=58204.7 E=-1.02944486 P=0.82242428 dP=-0.17723461 r12=8.00928751 Vg=0.00007176 norm=1.00000000 rank=32/256 sv_max=5.80e+02 resid=7.97e-02
progress N=2 step 11000/277470 4.0% t=92.42987 eta_s=58178.9 E=-1.02831157 P=0.82166440 dP=-0.17799449 r12=8.01031200 Vg=0.00007316 norm=1.00000000 rank=31/256 sv_max=5.80e+02 resid=8.44e-02
progress N=2 step 11250/277470 4.1% t=92.67987 eta_s=58147.4 E=-1.02718326 P=0.82089351 dP=-0.17876538 r12=8.01133352 Vg=0.00007391 norm=1.00000000 rank=31/256 sv_max=5.80e+02 resid=8.63e-02
progress N=2 step 11500/277470 4.1% t=92.92987 eta_s=58106.1 E=-1.02605992 P=0.82012751 dP=-0.17953138 r12=8.01221985 Vg=0.00007485 norm=1.00000000 rank=31/256 sv_max=5.79e+02 resid=8.55e-02
progress N=2 step 11750/277470 4.2% t=93.17987 eta_s=58050.1 E=-1.02494149 P=0.81938339 dP=-0.18027550 r12=8.01282076 Vg=0.00007574 norm=1.00000000 rank=31/256 sv_max=5.86e+02 resid=8.46e-02
progress N=2 step 12000/277470 4.3% t=93.42987 eta_s=58000.0 E=-1.02382777 P=0.81867057 dP=-0.18098832 r12=8.01326979 Vg=0.00007602 norm=1.00000000 rank=31/256 sv_max=6.06e+02 resid=8.74e-02
progress N=2 step 12250/277470 4.4% t=93.67987 eta_s=57949.6 E=-1.02271848 P=0.81798459 dP=-0.18167430 r12=8.01376003 Vg=0.00007608 norm=1.00000000 rank=32/256 sv_max=6.06e+02 resid=9.17e-02
progress N=2 step 12500/277470 4.5% t=93.92987 eta_s=57907.6 E=-1.02161342 P=0.81733302 dP=-0.18232587 r12=8.01447734 Vg=0.00007649 norm=1.00000000 rank=32/256 sv_max=5.98e+02 resid=1.03e-01
progress N=2 step 12750/277470 4.6% t=94.17987 eta_s=57861.4 E=-1.02051258 P=0.81672325 dP=-0.18293564 r12=8.01543081 Vg=0.00007763 norm=1.00000000 rank=32/256 sv_max=6.04e+02 resid=1.19e-01
progress N=2 step 13000/277470 4.7% t=94.42987 eta_s=57736.4 E=-1.01941589 P=0.81616249 dP=-0.18349640 r12=8.01646083 Vg=0.00007921 norm=1.00000000 rank=32/256 sv_max=6.05e+02 resid=1.25e-01
progress N=2 step 13250/277470 4.8% t=94.67987 eta_s=57679.3 E=-1.01832308 P=0.81566143 dP=-0.18399746 r12=8.01759468 Vg=0.00008059 norm=1.00000000 rank=32/256 sv_max=6.04e+02 resid=1.19e-01
progress N=2 step 13500/277470 4.9% t=94.92987 eta_s=57632.3 E=-1.01723417 P=0.81521462 dP=-0.18444428 r12=8.01893507 Vg=0.00008237 norm=1.00000000 rank=32/256 sv_max=6.15e+02 resid=1.09e-01
progress N=2 step 13750/277470 5.0% t=95.17987 eta_s=57589.7 E=-1.01614878 P=0.81479483 dP=-0.18486406 r12=8.02044038 Vg=0.00008512 norm=1.00000000 rank=32/256 sv_max=6.26e+02 resid=1.02e-01
progress N=2 step 14000/277470 5.0% t=95.42987 eta_s=57546.5 E=-1.01506698 P=0.81436018 dP=-0.18529871 r12=8.02187439 Vg=0.00008754 norm=1.00000000 rank=31/256 sv_max=6.29e+02 resid=1.06e-01
progress N=2 step 14250/277470 5.1% t=95.67987 eta_s=57466.0 E=-1.01398916 P=0.81389020 dP=-0.18576869 r12=8.02302744 Vg=0.00008855 norm=1.00000000 rank=31/256 sv_max=6.39e+02 resid=1.14e-01
progress N=2 step 14500/277470 5.2% t=95.92987 eta_s=57378.2 E=-1.01291549 P=0.81336128 dP=-0.18629761 r12=8.02384821 Vg=0.00008924 norm=1.00000000 rank=31/256 sv_max=6.43e+02 resid=1.11e-01
progress N=2 step 14750/277470 5.3% t=96.17987 eta_s=57313.2 E=-1.01184583 P=0.81276915 dP=-0.18688974 r12=8.02439878 Vg=0.00009048 norm=1.00000000 rank=32/256 sv_max=6.36e+02 resid=9.57e-02
progress N=2 step 15000/277470 5.4% t=96.42987 eta_s=57268.2 E=-1.01077986 P=0.81211636 dP=-0.18754253 r12=8.02459857 Vg=0.00009191 norm=1.00000000 rank=32/256 sv_max=6.25e+02 resid=8.45e-02
progress N=2 step 15250/277470 5.5% t=96.67987 eta_s=57211.2 E=-1.00971737 P=0.81142061 dP=-0.18823828 r12=8.02459172 Vg=0.00009299 norm=1.00000000 rank=32/256 sv_max=6.32e+02 resid=8.04e-02
progress N=2 step 15500/277470 5.6% t=96.92987 eta_s=57162.7 E=-1.00865840 P=0.81066431 dP=-0.18899458 r12=8.02444592 Vg=0.00009492 norm=1.00000000 rank=32/256 sv_max=6.46e+02 resid=8.10e-02
progress N=2 step 15750/277470 5.7% t=97.17987 eta_s=57120.0 E=-1.00760354 P=0.80986025 dP=-0.18979864 r12=8.02426215 Vg=0.00009699 norm=1.00000000 rank=32/256 sv_max=6.51e+02 resid=8.84e-02
progress N=2 step 16000/277470 5.8% t=97.42987 eta_s=57073.1 E=-1.00655286 P=0.80903704 dP=-0.19062185 r12=8.02418568 Vg=0.00009772 norm=1.00000000 rank=32/256 sv_max=6.71e+02 resid=1.02e-01
progress N=2 step 16250/277470 5.9% t=97.67987 eta_s=57022.2 E=-1.00550667 P=0.80821306 dP=-0.19144583 r12=8.02419240 Vg=0.00009806 norm=1.00000000 rank=32/256 sv_max=6.80e+02 resid=1.07e-01
progress N=2 step 16500/277470 5.9% t=97.92987 eta_s=56969.0 E=-1.00446506 P=0.80738816 dP=-0.19227073 r12=8.02413398 Vg=0.00009917 norm=1.00000000 rank=32/256 sv_max=6.60e+02 resid=1.02e-01
progress N=2 step 16750/277470 6.0% t=98.17987 eta_s=56914.0 E=-1.00342798 P=0.80656896 dP=-0.19308993 r12=8.02388155 Vg=0.00010032 norm=1.00000000 rank=32/256 sv_max=6.50e+02 resid=9.84e-02
progress N=2 step 17000/277470 6.1% t=98.42987 eta_s=56859.0 E=-1.00239520 P=0.80577678 dP=-0.19388211 r12=8.02324707 Vg=0.00010035 norm=1.00000000 rank=31/256 sv_max=6.66e+02 resid=9.45e-02
progress N=2 step 17250/277470 6.2% t=98.67987 eta_s=56806.5 E=-1.00136631 P=0.80502468 dP=-0.19463421 r12=8.02196764 Vg=0.00009975 norm=1.00000000 rank=31/256 sv_max=6.70e+02 resid=9.09e-02
progress N=2 step 17500/277470 6.3% t=98.92987 eta_s=56726.6 E=-1.00034118 P=0.80433469 dP=-0.19532420 r12=8.02004248 Vg=0.00009949 norm=1.00000000 rank=32/256 sv_max=6.80e+02 resid=9.18e-02
progress N=2 step 17750/277470 6.4% t=99.17987 eta_s=56668.4 E=-0.99931988 P=0.80369247 dP=-0.19596642 r12=8.01777759 Vg=0.00009928 norm=1.00000000 rank=32/256 sv_max=7.07e+02 resid=9.82e-02
progress N=2 step 18000/277470 6.5% t=99.42987 eta_s=56580.8 E=-0.99830233 P=0.80307490 dP=-0.19658399 r12=8.01546776 Vg=0.00009894 norm=1.00000000 rank=32/256 sv_max=7.03e+02 resid=1.08e-01
progress N=2 step 18250/277470 6.6% t=99.67987 eta_s=56515.3 E=-0.99728857 P=0.80247009 dP=-0.19718880 r12=8.01318150 Vg=0.00009893 norm=1.00000000 rank=32/256 sv_max=6.74e+02 resid=1.24e-01
progress N=2 step 18500/277470 6.7% t=99.92987 eta_s=56464.2 E=-0.99627852 P=0.80188604 dP=-0.19777285 r12=8.01078411 Vg=0.00010012 norm=1.00000000 rank=32/256 sv_max=6.81e+02 resid=1.39e-01
progress N=2 step 18750/277470 6.8% t=100.17987 eta_s=56416.6 E=-0.99527193 P=0.80133098 dP=-0.19832792 r12=8.00815670 Vg=0.00010246 norm=1.00000000 rank=31/256 sv_max=7.06e+02 resid=1.32e-01
progress N=2 step 19000/277470 6.8% t=100.42987 eta_s=56355.5 E=-0.99426839 P=0.80080814 dP=-0.19885076 r12=8.00537076 Vg=0.00010487 norm=1.00000000 rank=31/256 sv_max=7.12e+02 resid=1.21e-01
progress N=2 step 19250/277470 6.9% t=100.60496 eta_s=56276.8 E=-0.99356747 P=0.80046252 dP=-0.19919637 r12=8.00343944 Vg=0.00010644 norm=1.00000000 rank=32/256 sv_max=7.13e+02 resid=1.21e-01
progress N=2 step 19500/277470 7.0% t=100.72996 eta_s=56229.6 E=-0.99306766 P=0.80022317 dP=-0.19943572 r12=8.00212039 Vg=0.00010761 norm=1.00000000 rank=32/256 sv_max=7.18e+02 resid=1.24e-01
progress N=2 step 19750/277470 7.1% t=100.85496 eta_s=56180.5 E=-0.99256885 P=0.79998644 dP=-0.19967245 r12=8.00086450 Vg=0.00010889 norm=1.00000000 rank=32/256 sv_max=7.26e+02 resid=1.30e-01
progress N=2 step 20000/277470 7.2% t=100.97996 eta_s=56133.5 E=-0.99207031 P=0.79974905 dP=-0.19990984 r12=7.99966539 Vg=0.00011024 norm=1.00000000 rank=31/256 sv_max=7.33e+02 resid=1.39e-01
progress N=2 step 20250/277470 7.3% t=101.10496 eta_s=56089.2 E=-0.99157297 P=0.79950546 dP=-0.20015343 r12=7.99849568 Vg=0.00011143 norm=1.00000000 rank=31/256 sv_max=7.36e+02 resid=1.48e-01
progress N=2 step 20500/277470 7.4% t=101.22996 eta_s=56046.8 E=-0.99107602 P=0.79925680 dP=-0.20040209 r12=7.99736050 Vg=0.00011218 norm=1.00000000 rank=31/256 sv_max=7.36e+02 resid=1.57e-01
progress N=2 step 20750/277470 7.5% t=101.35496 eta_s=56004.2 E=-0.99057994 P=0.79900138 dP=-0.20065751 r12=7.99625130 Vg=0.00011243 norm=1.00000000 rank=32/256 sv_max=7.36e+02 resid=1.61e-01
progress N=2 step 21000/277470 7.6% t=101.47996 eta_s=55962.3 E=-0.99008467 P=0.79874137 dP=-0.20091752 r12=7.99519155 Vg=0.00011224 norm=1.00000000 rank=32/256 sv_max=7.40e+02 resid=1.58e-01
progress N=2 step 21250/277470 7.7% t=101.60496 eta_s=55916.4 E=-0.98958994 P=0.79847221 dP=-0.20118668 r12=7.99416919 Vg=0.00011182 norm=1.00000000 rank=32/256 sv_max=7.43e+02 resid=1.50e-01
progress N=2 step 21500/277470 7.7% t=101.72996 eta_s=55867.0 E=-0.98909637 P=0.79819938 dP=-0.20145951 r12=7.99318736 Vg=0.00011178 norm=1.00000000 rank=31/256 sv_max=7.46e+02 resid=1.39e-01
progress N=2 step 21750/277470 7.8% t=101.85496 eta_s=55806.8 E=-0.98860313 P=0.79792441 dP=-0.20173448 r12=7.99225587 Vg=0.00011207 norm=1.00000000 rank=31/256 sv_max=7.49e+02 resid=1.27e-01
progress N=2 step 22000/277470 7.9% t=101.97996 eta_s=55753.6 E=-0.98811104 P=0.79764844 dP=-0.20201045 r12=7.99136445 Vg=0.00011234 norm=1.00000000 rank=32/256 sv_max=7.51e+02 resid=1.17e-01
progress N=2 step 22250/277470 8.0% t=102.10496 eta_s=55679.0 E=-0.98761943 P=0.79737123 dP=-0.20228767 r12=7.99047427 Vg=0.00011225 norm=1.00000000 rank=32/256 sv_max=7.46e+02 resid=1.12e-01
progress N=2 step 22500/277470 8.1% t=102.22996 eta_s=55625.8 E=-0.98712857 P=0.79709359 dP=-0.20256530 r12=7.98956567 Vg=0.00011178 norm=1.00000000 rank=32/256 sv_max=7.40e+02 resid=1.10e-01
progress N=2 step 22750/277470 8.2% t=102.35496 eta_s=55574.7 E=-0.98663856 P=0.79681301 dP=-0.20284588 r12=7.98864223 Vg=0.00011103 norm=1.00000000 rank=32/256 sv_max=7.41e+02 resid=1.09e-01
progress N=2 step 23000/277470 8.3% t=102.47996 eta_s=55510.7 E=-0.98614894 P=0.79652176 dP=-0.20313713 r12=7.98768059 Vg=0.00011025 norm=1.00000000 rank=31/256 sv_max=7.52e+02 resid=1.08e-01
progress N=2 step 23250/277470 8.4% t=102.60496 eta_s=55469.5 E=-0.98566061 P=0.79622255 dP=-0.20343634 r12=7.98668525 Vg=0.00010997 norm=1.00000000 rank=31/256 sv_max=7.69e+02 resid=1.06e-01
progress N=2 step 23500/277470 8.5% t=102.72996 eta_s=55426.7 E=-0.98517268 P=0.79591970 dP=-0.20373919 r12=7.98565327 Vg=0.00011046 norm=1.00000000 rank=31/256 sv_max=7.87e+02 resid=1.03e-01
progress N=2 step 23750/277470 8.6% t=102.85496 eta_s=55376.9 E=-0.98468589 P=0.79561339 dP=-0.20404550 r12=7.98458449 Vg=0.00011148 norm=1.00000000 rank=31/256 sv_max=7.97e+02 resid=1.01e-01
progress N=2 step 24000/277470 8.6% t=102.97996 eta_s=55329.0 E=-0.98419994 P=0.79529929 dP=-0.20435960 r12=7.98346735 Vg=0.00011258 norm=1.00000000 rank=31/256 sv_max=7.95e+02 resid=9.95e-02
progress N=2 step 24250/277470 8.7% t=103.10496 eta_s=55279.9 E=-0.98371483 P=0.79497235 dP=-0.20468654 r12=7.98228918 Vg=0.00011348 norm=1.00000000 rank=31/256 sv_max=7.85e+02 resid=9.92e-02
progress N=2 step 24500/277470 8.8% t=103.22996 eta_s=55233.1 E=-0.98323100 P=0.79462732 dP=-0.20503158 r12=7.98106142 Vg=0.00011385 norm=1.00000000 rank=32/256 sv_max=7.76e+02 resid=9.93e-02
progress N=2 step 24750/277470 8.9% t=103.35496 eta_s=55182.5 E=-0.98274772 P=0.79426704 dP=-0.20539185 r12=7.97979425 Vg=0.00011390 norm=1.00000000 rank=32/256 sv_max=7.73e+02 resid=9.91e-02
progress N=2 step 25000/277470 9.0% t=103.47996 eta_s=55117.0 E=-0.98226587 P=0.79389309 dP=-0.20576580 r12=7.97847827 Vg=0.00011388 norm=1.00000000 rank=32/256 sv_max=7.73e+02 resid=9.72e-02
progress N=2 step 25250/277470 9.1% t=103.60496 eta_s=55046.4 E=-0.98178463 P=0.79350797 dP=-0.20615092 r12=7.97708930 Vg=0.00011397 norm=1.00000000 rank=31/256 sv_max=7.76e+02 resid=9.35e-02
progress N=2 step 25500/277470 9.2% t=103.72996 eta_s=55000.4 E=-0.98130438 P=0.79311611 dP=-0.20654278 r12=7.97561769 Vg=0.00011410 norm=1.00000000 rank=31/256 sv_max=7.82e+02 resid=8.83e-02
progress N=2 step 25750/277470 9.3% t=103.85496 eta_s=54926.1 E=-0.98082509 P=0.79271278 dP=-0.20694611 r12=7.97402091 Vg=0.00011401 norm=1.00000000 rank=31/256 sv_max=7.83e+02 resid=8.34e-02
progress N=2 step 26000/277470 9.4% t=103.97996 eta_s=54862.4 E=-0.98034639 P=0.79229642 dP=-0.20736247 r12=7.97228763 Vg=0.00011345 norm=1.00000000 rank=31/256 sv_max=7.78e+02 resid=8.03e-02
progress N=2 step 26250/277470 9.5% t=104.10496 eta_s=54811.8 E=-0.97986904 P=0.79186774 dP=-0.20779115 r12=7.97042539 Vg=0.00011246 norm=1.00000000 rank=31/256 sv_max=7.75e+02 resid=8.04e-02
progress N=2 step 26500/277470 9.6% t=104.22996 eta_s=54760.3 E=-0.97939219 P=0.79143027 dP=-0.20822863 r12=7.96846265 Vg=0.00011136 norm=1.00000000 rank=31/256 sv_max=7.83e+02 resid=8.37e-02
progress N=2 step 26750/277470 9.6% t=104.35496 eta_s=54697.9 E=-0.97891651 P=0.79098744 dP=-0.20867145 r12=7.96643997 Vg=0.00011053 norm=1.00000000 rank=31/256 sv_max=7.99e+02 resid=8.89e-02
progress N=2 step 27000/277470 9.7% t=104.47996 eta_s=54639.2 E=-0.97844162 P=0.79054300 dP=-0.20911589 r12=7.96440057 Vg=0.00011028 norm=1.00000000 rank=31/256 sv_max=8.13e+02 resid=9.53e-02
progress N=2 step 27250/277470 9.8% t=104.60496 eta_s=54589.1 E=-0.97796748 P=0.79010148 dP=-0.20955741 r12=7.96238520 Vg=0.00011055 norm=1.00000000 rank=31/256 sv_max=8.15e+02 resid=1.03e-01
progress N=2 step 27500/277470 9.9% t=104.72996 eta_s=54538.3 E=-0.97749445 P=0.78966817 dP=-0.20999072 r12=7.96041262 Vg=0.00011121 norm=1.00000000 rank=31/256 sv_max=8.06e+02 resid=1.10e-01
progress N=2 step 27750/277470 10.0% t=104.85496 eta_s=54489.1 E=-0.97702187 P=0.78924510 dP=-0.21041379 r12=7.95847918 Vg=0.00011223 norm=1.00000000 rank=32/256 sv_max=7.91e+02 resid=1.15e-01
progress N=2 step 28000/277470 10.1% t=104.97996 eta_s=54442.9 E=-0.97655044 P=0.78882912 dP=-0.21082977 r12=7.95655134 Vg=0.00011366 norm=1.00000000 rank=32/256 sv_max=7.75e+02 resid=1.19e-01
progress N=2 step 28250/277470 10.2% t=105.10496 eta_s=54394.6 E=-0.97607956 P=0.78842749 dP=-0.21123140 r12=7.95467889 Vg=0.00011525 norm=1.00000000 rank=31/256 sv_max=7.68e+02 resid=1.19e-01
progress N=2 step 28500/277470 10.3% t=105.22996 eta_s=54344.3 E=-0.97560950 P=0.78803802 dP=-0.21162087 r12=7.95284117 Vg=0.00011684 norm=1.00000000 rank=31/256 sv_max=7.69e+02 resid=1.15e-01
progress N=2 step 28750/277470 10.4% t=105.35496 eta_s=54292.7 E=-0.97514033 P=0.78766063 dP=-0.21199826 r12=7.95102686 Vg=0.00011862 norm=1.00000000 rank=31/256 sv_max=7.76e+02 resid=1.10e-01
progress N=2 step 29000/277470 10.5% t=105.47996 eta_s=54220.8 E=-0.97467168 P=0.78728974 dP=-0.21236915 r12=7.94922115 Vg=0.00012045 norm=1.00000000 rank=31/256 sv_max=7.84e+02 resid=1.05e-01
progress N=2 step 29250/277470 10.5% t=105.60496 eta_s=54167.0 E=-0.97420429 P=0.78692119 dP=-0.21273771 r12=7.94740397 Vg=0.00012236 norm=1.00000000 rank=32/256 sv_max=7.90e+02 resid=1.03e-01
progress N=2 step 29500/277470 10.6% t=105.72996 eta_s=54093.3 E=-0.97373743 P=0.78655822 dP=-0.21310067 r12=7.94561151 Vg=0.00012405 norm=1.00000000 rank=32/256 sv_max=8.06e+02 resid=1.05e-01
progress N=2 step 29750/277470 10.7% t=105.85496 eta_s=54038.9 E=-0.97327156 P=0.78619623 dP=-0.21346266 r12=7.94384533 Vg=0.00012507 norm=1.00000000 rank=31/256 sv_max=8.29e+02 resid=1.10e-01
progress N=2 step 30000/277470 10.8% t=105.97996 eta_s=53991.7 E=-0.97280655 P=0.78584304 dP=-0.21381585 r12=7.94212200 Vg=0.00012537 norm=1.00000000 rank=31/256 sv_max=8.56e+02 resid=1.14e-01
progress N=2 step 30250/277470 10.9% t=106.10496 eta_s=53938.4 E=-0.97234221 P=0.78550118 dP=-0.21415771 r12=7.94043464 Vg=0.00012498 norm=1.00000000 rank=31/256 sv_max=8.72e+02 resid=1.16e-01
progress N=2 step 30500/277470 11.0% t=106.22996 eta_s=53883.8 E=-0.97187902 P=0.78517034 dP=-0.21448855 r12=7.93876169 Vg=0.00012417 norm=1.00000000 rank=31/256 sv_max=8.70e+02 resid=1.16e-01
progress N=2 step 30750/277470 11.1% t=106.35496 eta_s=53825.6 E=-0.97141633 P=0.78484858 dP=-0.21481031 r12=7.93708277 Vg=0.00012336 norm=1.00000000 rank=30/256 sv_max=8.54e+02 resid=1.16e-01
progress N=2 step 31000/277470 11.2% t=106.47996 eta_s=53771.4 E=-0.97095466 P=0.78453876 dP=-0.21512013 r12=7.93541238 Vg=0.00012321 norm=1.00000000 rank=30/256 sv_max=8.35e+02 resid=1.16e-01
progress N=2 step 31250/277470 11.3% t=106.60496 eta_s=53710.4 E=-0.97049368 P=0.78423597 dP=-0.21542292 r12=7.93375028 Vg=0.00012391 norm=1.00000000 rank=30/256 sv_max=8.23e+02 resid=1.16e-01
progress N=2 step 31500/277470 11.4% t=106.72996 eta_s=53656.5 E=-0.97003339 P=0.78393785 dP=-0.21572104 r12=7.93211030 Vg=0.00012532 norm=1.00000000 rank=31/256 sv_max=8.26e+02 resid=1.13e-01
progress N=2 step 31750/277470 11.4% t=106.85496 eta_s=53606.9 E=-0.96957413 P=0.78363283 dP=-0.21602606 r12=7.93047591 Vg=0.00012687 norm=1.00000000 rank=31/256 sv_max=8.40e+02 resid=1.12e-01
progress N=2 step 32000/277470 11.5% t=106.97996 eta_s=53554.6 E=-0.96911533 P=0.78331332 dP=-0.21634557 r12=7.92883218 Vg=0.00012856 norm=1.00000000 rank=30/256 sv_max=8.50e+02 resid=1.11e-01
progress N=2 step 32250/277470 11.6% t=107.10496 eta_s=53506.9 E=-0.96865760 P=0.78297921 dP=-0.21667968 r12=7.92720812 Vg=0.00013013 norm=1.00000000 rank=30/256 sv_max=8.54e+02 resid=1.10e-01
progress N=2 step 32500/277470 11.7% t=107.22996 eta_s=53460.7 E=-0.96820038 P=0.78263265 dP=-0.21702624 r12=7.92561249 Vg=0.00013153 norm=1.00000000 rank=30/256 sv_max=8.55e+02 resid=1.09e-01
progress N=2 step 32750/277470 11.8% t=107.35496 eta_s=53414.0 E=-0.96774386 P=0.78227709 dP=-0.21738180 r12=7.92404498 Vg=0.00013280 norm=1.00000000 rank=30/256 sv_max=8.58e+02 resid=1.06e-01
progress N=2 step 33000/277470 11.9% t=107.47996 eta_s=53366.7 E=-0.96728820 P=0.78191483 dP=-0.21774406 r12=7.92249804 Vg=0.00013405 norm=1.00000000 rank=30/256 sv_max=8.65e+02 resid=1.02e-01
progress N=2 step 33250/277470 12.0% t=107.60496 eta_s=53320.6 E=-0.96683296 P=0.78154568 dP=-0.21811321 r12=7.92095748 Vg=0.00013537 norm=1.00000000 rank=30/256 sv_max=8.73e+02 resid=9.90e-02
progress N=2 step 33500/277470 12.1% t=107.72996 eta_s=53271.9 E=-0.96637888 P=0.78116700 dP=-0.21849189 r12=7.91941001 Vg=0.00013677 norm=1.00000000 rank=30/256 sv_max=8.79e+02 resid=9.70e-02
progress N=2 step 33750/277470 12.2% t=107.85496 eta_s=53225.7 E=-0.96592534 P=0.78077474 dP=-0.21888415 r12=7.91785289 Vg=0.00013817 norm=1.00000000 rank=30/256 sv_max=8.81e+02 resid=9.68e-02
progress N=2 step 34000/277470 12.3% t=107.97996 eta_s=53180.6 E=-0.96547269 P=0.78036661 dP=-0.21929228 r12=7.91630037 Vg=0.00013951 norm=1.00000000 rank=30/256 sv_max=8.83e+02 resid=9.91e-02
progress N=2 step 34250/277470 12.3% t=108.10496 eta_s=53136.2 E=-0.96502102 P=0.77994339 dP=-0.21971550 r12=7.91477892 Vg=0.00014074 norm=1.00000000 rank=30/256 sv_max=8.89e+02 resid=1.03e-01
progress N=2 step 34500/277470 12.4% t=108.22996 eta_s=53088.6 E=-0.96456997 P=0.77950660 dP=-0.22015229 r12=7.91331925 Vg=0.00014169 norm=1.00000000 rank=30/256 sv_max=8.98e+02 resid=1.09e-01
progress N=2 step 34750/277470 12.5% t=108.35496 eta_s=53029.4 E=-0.96412029 P=0.77905667 dP=-0.22060222 r12=7.91192437 Vg=0.00014253 norm=1.00000000 rank=30/256 sv_max=9.04e+02 resid=1.14e-01
progress N=2 step 35000/277470 12.6% t=108.47996 eta_s=52976.6 E=-0.96367125 P=0.77859462 dP=-0.22106427 r12=7.91061369 Vg=0.00014342 norm=1.00000000 rank=30/256 sv_max=8.99e+02 resid=1.18e-01
progress N=2 step 35250/277470 12.7% t=108.60496 eta_s=52932.2 E=-0.96322323 P=0.77812460 dP=-0.22153429 r12=7.90938967 Vg=0.00014456 norm=1.00000000 rank=30/256 sv_max=8.88e+02 resid=1.19e-01
progress N=2 step 35500/277470 12.8% t=108.72996 eta_s=52883.3 E=-0.96277611 P=0.77765155 dP=-0.22200734 r12=7.90822744 Vg=0.00014620 norm=1.00000000 rank=30/256 sv_max=8.78e+02 resid=1.16e-01
progress N=2 step 35750/277470 12.9% t=108.85496 eta_s=52833.1 E=-0.96232960 P=0.77717891 dP=-0.22247999 r12=7.90708599 Vg=0.00014829 norm=1.00000000 rank=30/256 sv_max=8.74e+02 resid=1.11e-01
progress N=2 step 36000/277470 13.0% t=108.97996 eta_s=52782.4 E=-0.96188430 P=0.77670635 dP=-0.22295254 r12=7.90591448 Vg=0.00015047 norm=1.00000000 rank=30/256 sv_max=8.76e+02 resid=1.04e-01
progress N=2 step 36250/277470 13.1% t=109.10496 eta_s=52732.9 E=-0.96143953 P=0.77623141 dP=-0.22342748 r12=7.90467460 Vg=0.00015231 norm=1.00000000 rank=30/256 sv_max=8.79e+02 resid=9.71e-02
progress N=2 step 36500/277470 13.2% t=109.22996 eta_s=52682.4 E=-0.96099575 P=0.77575239 dP=-0.22390650 r12=7.90336391 Vg=0.00015355 norm=1.00000000 rank=30/256 sv_max=8.76e+02 resid=9.17e-02
progress N=2 step 36750/277470 13.2% t=109.35496 eta_s=52635.2 E=-0.96055282 P=0.77526737 dP=-0.22439152 r12=7.90199257 Vg=0.00015427 norm=1.00000000 rank=30/256 sv_max=8.69e+02 resid=8.85e-02
progress N=2 step 37000/277470 13.3% t=109.47996 eta_s=52588.5 E=-0.96011059 P=0.77478031 dP=-0.22487858 r12=7.90057664 Vg=0.00015501 norm=1.00000000 rank=30/256 sv_max=8.69e+02 resid=8.76e-02
progress N=2 step 37250/277470 13.4% t=109.60496 eta_s=52537.2 E=-0.95966961 P=0.77429728 dP=-0.22536161 r12=7.89915437 Vg=0.00015573 norm=1.00000000 rank=31/256 sv_max=8.89e+02 resid=8.74e-02
progress N=2 step 37500/277470 13.5% t=109.72996 eta_s=52459.9 E=-0.95922932 P=0.77381591 dP=-0.22584299 r12=7.89772522 Vg=0.00015611 norm=1.00000000 rank=31/256 sv_max=9.16e+02 resid=8.93e-02
progress N=2 step 37750/277470 13.6% t=109.85496 eta_s=52401.8 E=-0.95879011 P=0.77333712 dP=-0.22632177 r12=7.89629601 Vg=0.00015622 norm=1.00000000 rank=31/256 sv_max=9.33e+02 resid=9.20e-02
progress N=2 step 38000/277470 13.7% t=109.97996 eta_s=52352.7 E=-0.95835182 P=0.77285917 dP=-0.22679972 r12=7.89487767 Vg=0.00015610 norm=1.00000000 rank=31/256 sv_max=9.35e+02 resid=9.50e-02
progress N=2 step 38250/277470 13.8% t=110.10496 eta_s=52302.9 E=-0.95791429 P=0.77237649 dP=-0.22728240 r12=7.89347954 Vg=0.00015575 norm=1.00000000 rank=31/256 sv_max=9.25e+02 resid=9.71e-02
progress N=2 step 38500/277470 13.9% t=110.22996 eta_s=52235.3 E=-0.95747786 P=0.77189097 dP=-0.22776792 r12=7.89211327 Vg=0.00015552 norm=1.00000000 rank=31/256 sv_max=9.13e+02 resid=9.75e-02
progress N=2 step 38750/277470 14.0% t=110.35496 eta_s=52180.7 E=-0.95704206 P=0.77140685 dP=-0.22825204 r12=7.89076972 Vg=0.00015575 norm=1.00000000 rank=31/256 sv_max=9.06e+02 resid=9.50e-02
progress N=2 step 39000/277470 14.1% t=110.47996 eta_s=52127.6 E=-0.95660725 P=0.77092915 dP=-0.22872974 r12=7.88942797 Vg=0.00015663 norm=1.00000000 rank=31/256 sv_max=9.08e+02 resid=9.03e-02
progress N=2 step 39250/277470 14.1% t=110.60496 eta_s=52075.2 E=-0.95617324 P=0.77046132 dP=-0.22919757 r12=7.88808140 Vg=0.00015817 norm=1.00000000 rank=31/256 sv_max=9.14e+02 resid=8.55e-02
progress N=2 step 39500/277470 14.2% t=110.72996 eta_s=52024.3 E=-0.95573999 P=0.76999991 dP=-0.22965898 r12=7.88673281 Vg=0.00016030 norm=1.00000000 rank=31/256 sv_max=9.20e+02 resid=8.11e-02
progress N=2 step 39750/277470 14.3% t=110.85496 eta_s=51974.6 E=-0.95530785 P=0.76953828 dP=-0.23012061 r12=7.88540005 Vg=0.00016275 norm=1.00000000 rank=31/256 sv_max=9.23e+02 resid=7.82e-02
progress N=2 step 40000/277470 14.4% t=110.97996 eta_s=51922.7 E=-0.95487643 P=0.76907287 dP=-0.23058602 r12=7.88410171 Vg=0.00016523 norm=1.00000000 rank=31/256 sv_max=9.25e+02 resid=7.83e-02
progress N=2 step 40250/277470 14.5% t=111.10496 eta_s=51873.1 E=-0.95444609 P=0.76860501 dP=-0.23105388 r12=7.88284504 Vg=0.00016766 norm=1.00000000 rank=31/256 sv_max=9.35e+02 resid=8.17e-02
progress N=2 step 40500/277470 14.6% t=111.22996 eta_s=51824.1 E=-0.95401665 P=0.76813684 dP=-0.23152205 r12=7.88162093 Vg=0.00016998 norm=1.00000000 rank=31/256 sv_max=9.54e+02 resid=8.61e-02
progress N=2 step 40750/277470 14.7% t=111.35496 eta_s=51774.6 E=-0.95358805 P=0.76766913 dP=-0.23198976 r12=7.88040437 Vg=0.00017207 norm=1.00000000 rank=31/256 sv_max=9.72e+02 resid=8.94e-02
progress N=2 step 41000/277470 14.8% t=111.47996 eta_s=51717.5 E=-0.95316056 P=0.76720144 dP=-0.23245745 r12=7.87916552 Vg=0.00017390 norm=1.00000000 rank=31/256 sv_max=9.75e+02 resid=9.13e-02
progress N=2 step 41250/277470 14.9% t=111.60496 eta_s=51663.0 E=-0.95273373 P=0.76673306 dP=-0.23292583 r12=7.87787559 Vg=0.00017553 norm=1.00000000 rank=31/256 sv_max=9.61e+02 resid=9.18e-02
progress N=2 step 41500/277470 15.0% t=111.72996 eta_s=51612.4 E=-0.95230790 P=0.76626398 dP=-0.23339491 r12=7.87652242 Vg=0.00017691 norm=1.00000000 rank=30/256 sv_max=9.41e+02 resid=9.22e-02
progress N=2 step 41750/277470 15.0% t=111.85496 eta_s=51555.6 E=-0.95188281 P=0.76579806 dP=-0.23386083 r12=7.87512987 Vg=0.00017801 norm=1.00000000 rank=31/256 sv_max=9.28e+02 resid=9.14e-02
progress N=2 step 42000/277470 15.1% t=111.97996 eta_s=51498.0 E=-0.95145841 P=0.76532988 dP=-0.23432902 r12=7.87367720 Vg=0.00017869 norm=1.00000000 rank=31/256 sv_max=9.31e+02 resid=9.09e-02
progress N=2 step 42250/277470 15.2% t=112.10496 eta_s=51445.0 E=-0.95103499 P=0.76485603 dP=-0.23480286 r12=7.87218243 Vg=0.00017888 norm=1.00000000 rank=31/256 sv_max=9.43e+02 resid=9.12e-02
progress N=2 step 42500/277470 15.3% t=112.22996 eta_s=51396.2 E=-0.95061214 P=0.76437106 dP=-0.23528783 r12=7.87067024 Vg=0.00017875 norm=1.00000000 rank=31/256 sv_max=9.54e+02 resid=9.25e-02
progress N=2 step 42750/277470 15.4% t=112.35496 eta_s=51347.1 E=-0.95019020 P=0.76387121 dP=-0.23578768 r12=7.86917338 Vg=0.00017862 norm=1.00000000 rank=31/256 sv_max=9.60e+02 resid=9.44e-02
progress N=2 step 43000/277470 15.5% t=112.47996 eta_s=51296.9 E=-0.94976897 P=0.76335898 dP=-0.23629992 r12=7.86772296 Vg=0.00017879 norm=1.00000000 rank=31/256 sv_max=9.67e+02 resid=9.68e-02
progress N=2 step 43250/277470 15.6% t=112.60496 eta_s=51248.0 E=-0.94934840 P=0.76284200 dP=-0.23681689 r12=7.86633132 Vg=0.00017938 norm=1.00000000 rank=31/256 sv_max=9.79e+02 resid=9.96e-02
progress N=2 step 43500/277470 15.7% t=112.72996 eta_s=51200.0 E=-0.94892883 P=0.76232840 dP=-0.23733049 r12=7.86498651 Vg=0.00018022 norm=1.00000000 rank=31/256 sv_max=9.93e+02 resid=1.02e-01
progress N=2 step 43750/277470 15.8% t=112.85496 eta_s=51152.0 E=-0.94850987 P=0.76182353 dP=-0.23783536 r12=7.86366400 Vg=0.00018099 norm=1.00000000 rank=31/256 sv_max=1.00e+03 resid=1.05e-01
progress N=2 step 44000/277470 15.9% t=112.97996 eta_s=51103.2 E=-0.94809188 P=0.76132888 dP=-0.23833001 r12=7.86234442 Vg=0.00018159 norm=1.00000000 rank=31/256 sv_max=9.94e+02 resid=1.05e-01
progress N=2 step 44250/277470 15.9% t=113.10496 eta_s=51053.0 E=-0.94767472 P=0.76084303 dP=-0.23881586 r12=7.86102960 Vg=0.00018229 norm=1.00000000 rank=31/256 sv_max=9.74e+02 resid=1.05e-01
progress N=2 step 44500/277470 16.0% t=113.22996 eta_s=51005.0 E=-0.94725833 P=0.76036441 dP=-0.23929448 r12=7.85974350 Vg=0.00018363 norm=1.00000000 rank=31/256 sv_max=9.51e+02 resid=1.05e-01
progress N=2 step 44750/277470 16.1% t=113.35496 eta_s=50956.9 E=-0.94684311 P=0.75989516 dP=-0.23976373 r12=7.85852468 Vg=0.00018605 norm=1.00000000 rank=31/256 sv_max=9.43e+02 resid=1.08e-01
progress N=2 step 45000/277470 16.2% t=113.47996 eta_s=50907.6 E=-0.94642864 P=0.75943272 dP=-0.24022617 r12=7.85740188 Vg=0.00018910 norm=1.00000000 rank=32/256 sv_max=9.54e+02 resid=1.10e-01
progress N=2 step 45250/277470 16.3% t=113.60496 eta_s=50855.9 E=-0.94601524 P=0.75896679 dP=-0.24069210 r12=7.85636621 Vg=0.00019216 norm=1.00000000 rank=32/256 sv_max=9.70e+02 resid=1.11e-01
progress N=2 step 45500/277470 16.4% t=113.72996 eta_s=50795.3 E=-0.94560278 P=0.75849971 dP=-0.24115918 r12=7.85544811 Vg=0.00019491 norm=1.00000000 rank=31/256 sv_max=9.80e+02 resid=1.12e-01
progress N=2 step 45750/277470 16.5% t=113.85496 eta_s=50747.7 E=-0.94519110 P=0.75802668 dP=-0.24163221 r12=7.85464294 Vg=0.00019672 norm=1.00000000 rank=31/256 sv_max=9.87e+02 resid=1.11e-01
progress N=2 step 46000/277470 16.6% t=113.97996 eta_s=50699.5 E=-0.94478057 P=0.75754858 dP=-0.24211031 r12=7.85393465 Vg=0.00019785 norm=1.00000000 rank=31/256 sv_max=9.93e+02 resid=1.06e-01
progress N=2 step 46250/277470 16.7% t=114.10496 eta_s=50650.1 E=-0.94437071 P=0.75706956 dP=-0.24258933 r12=7.85329850 Vg=0.00019845 norm=1.00000000 rank=31/256 sv_max=1.00e+03 resid=1.00e-01
progress N=2 step 46500/277470 16.8% t=114.22996 eta_s=50599.3 E=-0.94396182 P=0.75659125 dP=-0.24306764 r12=7.85268460 Vg=0.00019866 norm=1.00000000 rank=31/256 sv_max=1.02e+03 resid=9.27e-02
progress N=2 step 46750/277470 16.8% t=114.35496 eta_s=50549.2 E=-0.94355380 P=0.75611589 dP=-0.24354300 r12=7.85204056 Vg=0.00019877 norm=1.00000000 rank=30/256 sv_max=1.04e+03 resid=8.56e-02
progress N=2 step 47000/277470 16.9% t=114.47996 eta_s=50499.0 E=-0.94314652 P=0.75564428 dP=-0.24401461 r12=7.85133550 Vg=0.00019902 norm=1.00000000 rank=30/256 sv_max=1.06e+03 resid=8.02e-02
progress N=2 step 47250/277470 17.0% t=114.60496 eta_s=50449.3 E=-0.94274039 P=0.75516549 dP=-0.24449340 r12=7.85058013 Vg=0.00019872 norm=1.00000000 rank=30/256 sv_max=1.06e+03 resid=7.77e-02
progress N=2 step 47500/277470 17.1% t=114.72996 eta_s=50399.5 E=-0.94233498 P=0.75467368 dP=-0.24498521 r12=7.84978126 Vg=0.00019782 norm=1.00000000 rank=30/256 sv_max=1.05e+03 resid=7.80e-02
progress N=2 step 47750/277470 17.2% t=114.85496 eta_s=50348.8 E=-0.94193051 P=0.75417729 dP=-0.24548160 r12=7.84902188 Vg=0.00019629 norm=1.00000000 rank=30/256 sv_max=1.05e+03 resid=8.29e-02
progress N=2 step 48000/277470 17.3% t=114.97996 eta_s=50296.4 E=-0.94152695 P=0.75367797 dP=-0.24598092 r12=7.84829634 Vg=0.00019508 norm=1.00000000 rank=30/256 sv_max=1.05e+03 resid=8.95e-02
progress N=2 step 48250/277470 17.4% t=115.10496 eta_s=50235.3 E=-0.94112410 P=0.75317518 dP=-0.24648371 r12=7.84758499 Vg=0.00019424 norm=1.00000000 rank=30/256 sv_max=1.05e+03 resid=9.68e-02
progress N=2 step 48500/277470 17.5% t=115.22996 eta_s=50186.1 E=-0.94072232 P=0.75266707 dP=-0.24699182 r12=7.84684440 Vg=0.00019386 norm=1.00000000 rank=30/256 sv_max=1.04e+03 resid=1.03e-01
progress N=2 step 48750/277470 17.6% t=115.35496 eta_s=50136.2 E=-0.94032123 P=0.75214834 dP=-0.24751055 r12=7.84606504 Vg=0.00019391 norm=1.00000000 rank=30/256 sv_max=1.02e+03 resid=1.05e-01
progress N=2 step 49000/277470 17.7% t=115.47996 eta_s=50086.4 E=-0.93992095 P=0.75161694 dP=-0.24804195 r12=7.84527134 Vg=0.00019443 norm=1.00000000 rank=30/256 sv_max=1.00e+03 resid=1.05e-01
progress N=2 step 49250/277470 17.7% t=115.60496 eta_s=50035.1 E=-0.93952147 P=0.75107665 dP=-0.24858224 r12=7.84448272 Vg=0.00019556 norm=1.00000000 rank=30/256 sv_max=9.96e+02 resid=1.03e-01
progress N=2 step 49500/277470 17.8% t=115.72996 eta_s=49965.5 E=-0.93912263 P=0.75053575 dP=-0.24912314 r12=7.84370753 Vg=0.00019752 norm=1.00000000 rank=30/256 sv_max=1.00e+03 resid=9.86e-02
progress N=2 step 49750/277470 17.9% t=115.85496 eta_s=49908.2 E=-0.93872470 P=0.74999965 dP=-0.24965924 r12=7.84291821 Vg=0.00019993 norm=1.00000000 rank=30/256 sv_max=1.02e+03 resid=9.34e-02
progress N=2 step 50000/277470 18.0% t=115.97996 eta_s=49856.6 E=-0.93832743 P=0.74947251 dP=-0.25018638 r12=7.84208699 Vg=0.00020243 norm=1.00000000 rank=30/256 sv_max=1.04e+03 resid=8.88e-02
progress N=2 step 50250/277470 18.1% t=116.10496 eta_s=49805.4 E=-0.93793094 P=0.74895114 dP=-0.25070775 r12=7.84119285 Vg=0.00020473 norm=1.00000000 rank=30/256 sv_max=1.06e+03 resid=8.55e-02
progress N=2 step 50500/277470 18.2% t=116.22996 eta_s=49746.9 E=-0.93753528 P=0.74842993 dP=-0.25122897 r12=7.84025710 Vg=0.00020666 norm=1.00000000 rank=30/256 sv_max=1.07e+03 resid=8.39e-02
progress N=2 step 50750/277470 18.3% t=116.35496 eta_s=49695.4 E=-0.93714029 P=0.74790637 dP=-0.25175252 r12=7.83932727 Vg=0.00020812 norm=1.00000000 rank=30/256 sv_max=1.09e+03 resid=8.47e-02
progress N=2 step 51000/277470 18.4% t=116.47996 eta_s=49644.7 E=-0.93674625 P=0.74738156 dP=-0.25227733 r12=7.83843488 Vg=0.00020914 norm=1.00000000 rank=30/256 sv_max=1.12e+03 resid=8.77e-02
progress N=2 step 51250/277470 18.5% t=116.60496 eta_s=49594.9 E=-0.93635296 P=0.74685935 dP=-0.25279954 r12=7.83756744 Vg=0.00021000 norm=1.00000000 rank=29/256 sv_max=1.15e+03 resid=9.24e-02
progress N=2 step 51500/277470 18.6% t=116.72996 eta_s=49537.3 E=-0.93596048 P=0.74634005 dP=-0.25331884 r12=7.83668556 Vg=0.00021069 norm=1.00000000 rank=29/256 sv_max=1.15e+03 resid=9.79e-02
progress N=2 step 51750/277470 18.7% t=116.85496 eta_s=49475.5 E=-0.93556894 P=0.74582326 dP=-0.25383563 r12=7.83574885 Vg=0.00021099 norm=1.00000000 rank=29/256 sv_max=1.13e+03 resid=1.04e-01
progress N=2 step 52000/277470 18.7% t=116.97996 eta_s=49423.7 E=-0.93517813 P=0.74531086 dP=-0.25434803 r12=7.83472795 Vg=0.00021098 norm=1.00000000 rank=29/256 sv_max=1.09e+03 resid=1.10e-01
progress N=2 step 52250/277470 18.8% t=117.10496 eta_s=49369.3 E=-0.93478828 P=0.74480599 dP=-0.25485290 r12=7.83362290 Vg=0.00021077 norm=1.00000000 rank=29/256 sv_max=1.04e+03 resid=1.15e-01
progress N=2 step 52500/277470 18.9% t=117.22996 eta_s=49313.7 E=-0.93439923 P=0.74431235 dP=-0.25534654 r12=7.83245110 Vg=0.00021038 norm=1.00000000 rank=29/256 sv_max=1.01e+03 resid=1.17e-01
progress N=2 step 52750/277470 19.0% t=117.35496 eta_s=49262.2 E=-0.93401097 P=0.74383311 dP=-0.25582578 r12=7.83123595 Vg=0.00020980 norm=1.00000000 rank=29/256 sv_max=1.01e+03 resid=1.16e-01
progress N=2 step 53000/277470 19.1% t=117.47996 eta_s=49210.6 E=-0.93362362 P=0.74336940 dP=-0.25628949 r12=7.82999414 Vg=0.00020907 norm=1.00000000 rank=30/256 sv_max=1.02e+03 resid=1.14e-01
progress N=2 step 53250/277470 19.2% t=117.60496 eta_s=49158.9 E=-0.93323691 P=0.74291825 dP=-0.25674064 r12=7.82874031 Vg=0.00020835 norm=1.00000000 rank=30/256 sv_max=1.03e+03 resid=1.11e-01
progress N=2 step 53500/277470 19.3% t=117.72996 eta_s=49107.5 E=-0.93285101 P=0.74247588 dP=-0.25718301 r12=7.82748793 Vg=0.00020786 norm=1.00000000 rank=30/256 sv_max=1.04e+03 resid=1.10e-01
progress N=2 step 53750/277470 19.4% t=117.85496 eta_s=49051.2 E=-0.93246578 P=0.74203673 dP=-0.25762216 r12=7.82625246 Vg=0.00020777 norm=1.00000000 rank=30/256 sv_max=1.05e+03 resid=1.10e-01
progress N=2 step 54000/277470 19.5% t=117.97996 eta_s=48995.3 E=-0.93208115 P=0.74159737 dP=-0.25806152 r12=7.82504896 Vg=0.00020805 norm=1.00000000 rank=30/256 sv_max=1.06e+03 resid=1.11e-01
progress N=2 step 54250/277470 19.6% t=118.10496 eta_s=48944.6 E=-0.93169734 P=0.74115661 dP=-0.25850229 r12=7.82387958 Vg=0.00020866 norm=1.00000000 rank=30/256 sv_max=1.08e+03 resid=1.14e-01
progress N=2 step 54500/277470 19.6% t=118.22996 eta_s=48891.3 E=-0.93131412 P=0.74071343 dP=-0.25894546 r12=7.82272982 Vg=0.00020927 norm=1.00000000 rank=29/256 sv_max=1.10e+03 resid=1.16e-01
progress N=2 step 54750/277470 19.7% t=118.35496 eta_s=48833.5 E=-0.93093166 P=0.74027089 dP=-0.25938800 r12=7.82158357 Vg=0.00020978 norm=1.00000000 rank=29/256 sv_max=1.11e+03 resid=1.16e-01
progress N=2 step 55000/277470 19.8% t=118.47996 eta_s=48782.9 E=-0.93054995 P=0.73982963 dP=-0.25982927 r12=7.82042870 Vg=0.00021038 norm=1.00000000 rank=29/256 sv_max=1.12e+03 resid=1.16e-01
progress N=2 step 55250/277470 19.9% t=118.60496 eta_s=48733.1 E=-0.93016889 P=0.73938882 dP=-0.26027007 r12=7.81927305 Vg=0.00021122 norm=1.00000000 rank=29/256 sv_max=1.12e+03 resid=1.14e-01
progress N=2 step 55500/277470 20.0% t=118.72996 eta_s=48682.8 E=-0.92978878 P=0.73894791 dP=-0.26071098 r12=7.81813526 Vg=0.00021237 norm=1.00000000 rank=29/256 sv_max=1.11e+03 resid=1.14e-01
progress N=2 step 55750/277470 20.1% t=118.85496 eta_s=48632.1 E=-0.92940935 P=0.73850709 dP=-0.26115180 r12=7.81703166 Vg=0.00021387 norm=1.00000000 rank=30/256 sv_max=1.10e+03 resid=1.13e-01
progress N=2 step 56000/277470 20.2% t=118.97996 eta_s=48581.4 E=-0.92903077 P=0.73806883 dP=-0.26159006 r12=7.81596886 Vg=0.00021633 norm=1.00000000 rank=30/256 sv_max=1.09e+03 resid=1.15e-01
progress N=2 step 56250/277470 20.3% t=119.10496 eta_s=48531.1 E=-0.92865306 P=0.73762209 dP=-0.26203680 r12=7.81491564 Vg=0.00021863 norm=1.00000000 rank=30/256 sv_max=1.07e+03 resid=1.18e-01
progress N=2 step 56500/277470 20.4% t=119.22996 eta_s=48479.0 E=-0.92827605 P=0.73716320 dP=-0.26249569 r12=7.81386148 Vg=0.00022050 norm=1.00000000 rank=30/256 sv_max=1.07e+03 resid=1.21e-01
progress N=2 step 56750/277470 20.5% t=119.35496 eta_s=48422.7 E=-0.92789996 P=0.73669151 dP=-0.26296738 r12=7.81281963 Vg=0.00022188 norm=1.00000000 rank=30/256 sv_max=1.06e+03 resid=1.23e-01
progress N=2 step 57000/277470 20.5% t=119.47996 eta_s=48371.5 E=-0.92752454 P=0.73620978 dP=-0.26344911 r12=7.81181835 Vg=0.00022283 norm=1.00000000 rank=30/256 sv_max=1.07e+03 resid=1.26e-01
progress N=2 step 57250/277470 20.6% t=119.60496 eta_s=48318.7 E=-0.92714984 P=0.73572294 dP=-0.26393596 r12=7.81087770 Vg=0.00022344 norm=1.00000000 rank=30/256 sv_max=1.08e+03 resid=1.29e-01
progress N=2 step 57500/277470 20.7% t=119.72996 eta_s=48260.4 E=-0.92677593 P=0.73523837 dP=-0.26442052 r12=7.80997480 Vg=0.00022401 norm=1.00000000 rank=29/256 sv_max=1.10e+03 resid=1.32e-01
progress N=2 step 57750/277470 20.8% t=119.85496 eta_s=48208.5 E=-0.92640261 P=0.73475485 dP=-0.26490404 r12=7.80904816 Vg=0.00022439 norm=1.00000000 rank=29/256 sv_max=1.12e+03 resid=1.33e-01
progress N=2 step 58000/277470 20.9% t=119.97996 eta_s=48157.5 E=-0.92603009 P=0.73427558 dP=-0.26538331 r12=7.80806366 Vg=0.00022465 norm=1.00000000 rank=29/256 sv_max=1.13e+03 resid=1.31e-01
progress N=2 step 58250/277470 21.0% t=120.10496 eta_s=48107.5 E=-0.92565819 P=0.73380332 dP=-0.26585557 r12=7.80701832 Vg=0.00022496 norm=1.00000000 rank=29/256 sv_max=1.14e+03 resid=1.27e-01
progress N=2 step 58500/277470 21.1% t=120.22996 eta_s=48057.6 E=-0.92528688 P=0.73333762 dP=-0.26632127 r12=7.80593918 Vg=0.00022533 norm=1.00000000 rank=29/256 sv_max=1.14e+03 resid=1.24e-01
progress N=2 step 58750/277470 21.2% t=120.35496 eta_s=48005.6 E=-0.92491628 P=0.73286940 dP=-0.26678949 r12=7.80486621 Vg=0.00022541 norm=1.00000000 rank=30/256 sv_max=1.14e+03 resid=1.21e-01
progress N=2 step 59000/277470 21.3% t=120.47996 eta_s=47955.0 E=-0.92454620 P=0.73240047 dP=-0.26725842 r12=7.80386164 Vg=0.00022541 norm=1.00000000 rank=30/256 sv_max=1.13e+03 resid=1.22e-01
progress N=2 step 59250/277470 21.4% t=120.60496 eta_s=47904.7 E=-0.92417673 P=0.73193247 dP=-0.26772642 r12=7.80295567 Vg=0.00022541 norm=1.00000000 rank=30/256 sv_max=1.11e+03 resid=1.26e-01
progress N=2 step 59500/277470 21.4% t=120.72996 eta_s=47853.1 E=-0.92380785 P=0.73146457 dP=-0.26819432 r12=7.80213044 Vg=0.00022552 norm=1.00000000 rank=30/256 sv_max=1.10e+03 resid=1.30e-01
progress N=2 step 59750/277470 21.5% t=120.85496 eta_s=47801.1 E=-0.92343956 P=0.73099511 dP=-0.26866378 r12=7.80132378 Vg=0.00022597 norm=1.00000000 rank=30/256 sv_max=1.08e+03 resid=1.33e-01
progress N=2 step 60000/277470 21.6% t=120.97996 eta_s=47746.0 E=-0.92307197 P=0.73052348 dP=-0.26913541 r12=7.80046344 Vg=0.00022690 norm=1.00000000 rank=30/256 sv_max=1.07e+03 resid=1.34e-01
progress N=2 step 60250/277470 21.7% t=121.10496 eta_s=47675.2 E=-0.92270503 P=0.73005052 dP=-0.26960838 r12=7.79950088 Vg=0.00022797 norm=1.00000000 rank=29/256 sv_max=1.06e+03 resid=1.30e-01
progress N=2 step 60500/277470 21.8% t=121.22996 eta_s=47614.2 E=-0.92233882 P=0.72958249 dP=-0.27007640 r12=7.79845911 Vg=0.00022903 norm=1.00000000 rank=29/256 sv_max=1.06e+03 resid=1.24e-01
progress N=2 step 60750/277470 21.9% t=121.35496 eta_s=47556.3 E=-0.92197338 P=0.72912279 dP=-0.27053610 r12=7.79736608 Vg=0.00022991 norm=1.00000000 rank=29/256 sv_max=1.08e+03 resid=1.19e-01
progress N=2 step 61000/277470 22.0% t=121.47996 eta_s=47503.5 E=-0.92160868 P=0.72867224 dP=-0.27098665 r12=7.79624339 Vg=0.00023062 norm=1.00000000 rank=29/256 sv_max=1.09e+03 resid=1.14e-01
progress N=2 step 61250/277470 22.1% t=121.60496 eta_s=47450.8 E=-0.92124480 P=0.72823029 dP=-0.27142860 r12=7.79511116 Vg=0.00023157 norm=1.00000000 rank=29/256 sv_max=1.11e+03 resid=1.13e-01
progress N=2 step 61500/277470 22.2% t=121.72996 eta_s=47397.8 E=-0.92088162 P=0.72779451 dP=-0.27186438 r12=7.79398344 Vg=0.00023325 norm=1.00000000 rank=29/256 sv_max=1.11e+03 resid=1.14e-01
progress N=2 step 61750/277470 22.3% t=121.85496 eta_s=47345.3 E=-0.92051914 P=0.72736062 dP=-0.27229828 r12=7.79285844 Vg=0.00023606 norm=1.00000000 rank=29/256 sv_max=1.11e+03 resid=1.17e-01
progress N=2 step 62000/277470 22.3% t=121.97996 eta_s=47292.0 E=-0.92015735 P=0.72692373 dP=-0.27273516 r12=7.79171885 Vg=0.00023992 norm=1.00000000 rank=29/256 sv_max=1.12e+03 resid=1.20e-01
progress N=2 step 62250/277470 22.4% t=122.10496 eta_s=47230.5 E=-0.91979619 P=0.72648016 dP=-0.27317873 r12=7.79054322 Vg=0.00024425 norm=1.00000000 rank=29/256 sv_max=1.13e+03 resid=1.21e-01
progress N=2 step 62500/277470 22.5% t=122.22996 eta_s=47174.5 E=-0.91943572 P=0.72602838 dP=-0.27363052 r12=7.78931620 Vg=0.00024812 norm=1.00000000 rank=29/256 sv_max=1.15e+03 resid=1.21e-01
progress N=2 step 62750/277470 22.6% t=122.35496 eta_s=47122.4 E=-0.91907588 P=0.72556805 dP=-0.27409085 r12=7.78802932 Vg=0.00025077 norm=1.00000000 rank=29/256 sv_max=1.17e+03 resid=1.19e-01
progress N=2 step 63000/277470 22.7% t=122.47996 eta_s=47071.6 E=-0.91871665 P=0.72509960 dP=-0.27455929 r12=7.78666636 Vg=0.00025200 norm=1.00000000 rank=29/256 sv_max=1.18e+03 resid=1.16e-01
progress N=2 step 63250/277470 22.8% t=122.60496 eta_s=47018.7 E=-0.91835805 P=0.72462423 dP=-0.27503466 r12=7.78519791 Vg=0.00025209 norm=1.00000000 rank=29/256 sv_max=1.17e+03 resid=1.13e-01
progress N=2 step 63500/277470 22.9% t=122.72996 eta_s=46964.1 E=-0.91800000 P=0.72414324 dP=-0.27551565 r12=7.78360732 Vg=0.00025148 norm=1.00000000 rank=29/256 sv_max=1.14e+03 resid=1.12e-01
progress N=2 step 63750/277470 23.0% t=122.85496 eta_s=46910.2 E=-0.91764254 P=0.72366257 dP=-0.27599632 r12=7.78190830 Vg=0.00025109 norm=1.00000000 rank=30/256 sv_max=1.10e+03 resid=1.13e-01
progress N=2 step 64000/277470 23.1% t=122.97996 eta_s=46859.0 E=-0.91728567 P=0.72318109 dP=-0.27647780 r12=7.78009052 Vg=0.00025064 norm=1.00000000 rank=30/256 sv_max=1.08e+03 resid=1.16e-01
progress N=2 step 64250/277470 23.2% t=123.10496 eta_s=46808.1 E=-0.91692936 P=0.72270089 dP=-0.27695800 r12=7.77816355 Vg=0.00025003 norm=1.00000000 rank=30/256 sv_max=1.07e+03 resid=1.19e-01
progress N=2 step 64500/277470 23.2% t=123.22996 eta_s=46756.5 E=-0.91657372 P=0.72222349 dP=-0.27743540 r12=7.77617013 Vg=0.00024925 norm=1.00000000 rank=30/256 sv_max=1.09e+03 resid=1.23e-01
progress N=2 step 64750/277470 23.3% t=123.35496 eta_s=46704.4 E=-0.91621868 P=0.72174882 dP=-0.27791008 r12=7.77418000 Vg=0.00024832 norm=1.00000000 rank=30/256 sv_max=1.11e+03 resid=1.28e-01
progress N=2 step 65000/277470 23.4% t=123.47996 eta_s=46643.2 E=-0.91586434 P=0.72127563 dP=-0.27838326 r12=7.77225218 Vg=0.00024739 norm=1.00000000 rank=30/256 sv_max=1.14e+03 resid=1.36e-01
progress N=2 step 65250/277470 23.5% t=123.60496 eta_s=46581.2 E=-0.91551069 P=0.72080310 dP=-0.27885579 r12=7.77041044 Vg=0.00024675 norm=1.00000000 rank=30/256 sv_max=1.16e+03 resid=1.45e-01
progress N=2 step 65500/277470 23.6% t=123.72996 eta_s=46528.9 E=-0.91515772 P=0.72033136 dP=-0.27932754 r12=7.76864935 Vg=0.00024687 norm=1.00000000 rank=30/256 sv_max=1.18e+03 resid=1.55e-01
progress N=2 step 65750/277470 23.7% t=123.85496 eta_s=46476.9 E=-0.91480549 P=0.71986143 dP=-0.27979746 r12=7.76695335 Vg=0.00024818 norm=1.00000000 rank=30/256 sv_max=1.18e+03 resid=1.63e-01
progress N=2 step 66000/277470 23.8% t=123.97996 eta_s=46425.5 E=-0.91445391 P=0.71940246 dP=-0.28025643 r12=7.76531395 Vg=0.00025078 norm=1.00000000 rank=29/256 sv_max=1.16e+03 resid=1.66e-01
progress N=2 step 66250/277470 23.9% t=124.10496 eta_s=46373.4 E=-0.91410298 P=0.71895293 dP=-0.28070596 r12=7.76367967 Vg=0.00025413 norm=1.00000000 rank=29/256 sv_max=1.14e+03 resid=1.60e-01
progress N=2 step 66500/277470 24.0% t=124.22996 eta_s=46322.0 E=-0.91375265 P=0.71850796 dP=-0.28115093 r12=7.76203613 Vg=0.00025787 norm=1.00000000 rank=30/256 sv_max=1.12e+03 resid=1.49e-01
progress N=2 step 66750/277470 24.1% t=124.35496 eta_s=46270.7 E=-0.91340286 P=0.71807123 dP=-0.28158766 r12=7.76044885 Vg=0.00026140 norm=1.00000000 rank=30/256 sv_max=1.12e+03 resid=1.42e-01
progress N=2 step 67000/277470 24.1% t=124.47996 eta_s=46220.0 E=-0.91305367 P=0.71764189 dP=-0.28201700 r12=7.75893976 Vg=0.00026433 norm=1.00000000 rank=30/256 sv_max=1.12e+03 resid=1.38e-01
progress N=2 step 67250/277470 24.2% t=124.60496 eta_s=46168.8 E=-0.91270498 P=0.71722311 dP=-0.28243578 r12=7.75744266 Vg=0.00026660 norm=1.00000000 rank=30/256 sv_max=1.14e+03 resid=1.34e-01
progress N=2 step 67500/277470 24.3% t=124.72996 eta_s=46116.3 E=-0.91235681 P=0.71680926 dP=-0.28284963 r12=7.75591068 Vg=0.00026844 norm=1.00000000 rank=30/256 sv_max=1.15e+03 resid=1.31e-01
progress N=2 step 67750/277470 24.4% t=124.85496 eta_s=46061.0 E=-0.91200921 P=0.71639339 dP=-0.28326550 r12=7.75430527 Vg=0.00027020 norm=1.00000000 rank=30/256 sv_max=1.15e+03 resid=1.30e-01
progress N=2 step 68000/277470 24.5% t=124.97996 eta_s=46005.6 E=-0.91166218 P=0.71597143 dP=-0.28368746 r12=7.75263852 Vg=0.00027198 norm=1.00000000 rank=30/256 sv_max=1.14e+03 resid=1.34e-01
progress N=2 step 68250/277470 24.6% t=125.10496 eta_s=45953.5 E=-0.91131583 P=0.71554567 dP=-0.28411322 r12=7.75095684 Vg=0.00027370 norm=1.00000000 rank=30/256 sv_max=1.12e+03 resid=1.44e-01
progress N=2 step 68500/277470 24.7% t=125.22996 eta_s=45902.2 E=-0.91097021 P=0.71512416 dP=-0.28453473 r12=7.74932537 Vg=0.00027523 norm=1.00000000 rank=29/256 sv_max=1.12e+03 resid=1.62e-01
progress N=2 step 68750/277470 24.8% t=125.35496 eta_s=45850.6 E=-0.91062534 P=0.71471251 dP=-0.28494638 r12=7.74763458 Vg=0.00027428 norm=1.00000000 rank=29/256 sv_max=1.13e+03 resid=1.74e-01
progress N=2 step 69000/277470 24.9% t=125.47996 eta_s=45798.3 E=-0.91028125 P=0.71430153 dP=-0.28535736 r12=7.74592179 Vg=0.00027270 norm=1.00000000 rank=29/256 sv_max=1.14e+03 resid=1.80e-01
progress N=2 step 69250/277470 25.0% t=125.60496 eta_s=45738.6 E=-0.90993786 P=0.71388481 dP=-0.28577408 r12=7.74419432 Vg=0.00027132 norm=1.00000000 rank=29/256 sv_max=1.15e+03 resid=1.78e-01
progress N=2 step 69500/277470 25.0% t=125.72996 eta_s=45686.6 E=-0.90959513 P=0.71345811 dP=-0.28620078 r12=7.74247066 Vg=0.00027072 norm=1.00000000 rank=29/256 sv_max=1.14e+03 resid=1.71e-01
progress N=2 step 69750/277470 25.1% t=125.85496 eta_s=45635.1 E=-0.90925302 P=0.71302027 dP=-0.28663862 r12=7.74078593 Vg=0.00027138 norm=1.00000000 rank=29/256 sv_max=1.13e+03 resid=1.61e-01
progress N=2 step 70000/277470 25.2% t=125.97996 eta_s=45583.5 E=-0.90891146 P=0.71256835 dP=-0.28709054 r12=7.73916161 Vg=0.00027351 norm=1.00000000 rank=29/256 sv_max=1.13e+03 resid=1.51e-01
progress N=2 step 70250/277470 25.3% t=126.10496 eta_s=45528.4 E=-0.90857036 P=0.71210381 dP=-0.28755508 r12=7.73758507 Vg=0.00027689 norm=1.00000000 rank=29/256 sv_max=1.14e+03 resid=1.42e-01
progress N=2 step 70500/277470 25.4% t=126.22996 eta_s=45467.7 E=-0.90822979 P=0.71163292 dP=-0.28802597 r12=7.73601522 Vg=0.00028109 norm=1.00000000 rank=29/256 sv_max=1.15e+03 resid=1.34e-01
progress N=2 step 70750/277470 25.5% t=126.35496 eta_s=45415.5 E=-0.90788974 P=0.71116007 dP=-0.28849882 r12=7.73441746 Vg=0.00028593 norm=1.00000000 rank=30/256 sv_max=1.16e+03 resid=1.27e-01
progress N=2 step 71000/277470 25.6% t=126.47996 eta_s=45364.9 E=-0.90755021 P=0.71068010 dP=-0.28897879 r12=7.73279152 Vg=0.00029184 norm=1.00000000 rank=30/256 sv_max=1.15e+03 resid=1.24e-01
progress N=2 step 71250/277470 25.7% t=126.60496 eta_s=45310.0 E=-0.90721129 P=0.71019003 dP=-0.28946887 r12=7.73110299 Vg=0.00029818 norm=1.00000000 rank=30/256 sv_max=1.12e+03 resid=1.23e-01
progress N=2 step 71500/277470 25.8% t=126.72996 eta_s=45254.7 E=-0.90687295 P=0.70968722 dP=-0.28997167 r12=7.72935615 Vg=0.00030421 norm=1.00000000 rank=30/256 sv_max=1.10e+03 resid=1.24e-01
progress N=2 step 71750/277470 25.9% t=126.85496 eta_s=45199.1 E=-0.90653527 P=0.70917491 dP=-0.29048398 r12=7.72755652 Vg=0.00030922 norm=1.00000000 rank=30/256 sv_max=1.10e+03 resid=1.26e-01
progress N=2 step 72000/277470 25.9% t=126.97996 eta_s=45140.3 E=-0.90619833 P=0.70865802 dP=-0.29100088 r12=7.72568242 Vg=0.00031267 norm=1.00000000 rank=30/256 sv_max=1.12e+03 resid=1.27e-01
progress N=2 step 72250/277470 26.0% t=127.10496 eta_s=45088.6 E=-0.90586212 P=0.70813737 dP=-0.29152152 r12=7.72371946 Vg=0.00031450 norm=1.00000000 rank=30/256 sv_max=1.13e+03 resid=1.27e-01
progress N=2 step 72500/277470 26.1% t=127.22996 eta_s=45036.6 E=-0.90552676 P=0.70761073 dP=-0.29204816 r12=7.72171880 Vg=0.00031539 norm=1.00000000 rank=30/256 sv_max=1.13e+03 resid=1.26e-01
progress N=2 step 72750/277470 26.2% t=127.35496 eta_s=44984.6 E=-0.90519225 P=0.70707513 dP=-0.29258376 r12=7.71982169 Vg=0.00031654 norm=1.00000000 rank=30/256 sv_max=1.12e+03 resid=1.25e-01
progress N=2 step 73000/277470 26.3% t=127.47996 eta_s=44930.2 E=-0.90485863 P=0.70652329 dP=-0.29313561 r12=7.71812135 Vg=0.00031836 norm=1.00000000 rank=30/256 sv_max=1.12e+03 resid=1.25e-01
progress N=2 step 73250/277470 26.4% t=127.60496 eta_s=44872.6 E=-0.90452594 P=0.70595710 dP=-0.29370179 r12=7.71649636 Vg=0.00032023 norm=1.00000000 rank=29/256 sv_max=1.14e+03 resid=1.27e-01
progress N=2 step 73500/277470 26.5% t=127.72996 eta_s=44811.3 E=-0.90419403 P=0.70537629 dP=-0.29428260 r12=7.71489028 Vg=0.00032205 norm=1.00000000 rank=29/256 sv_max=1.17e+03 resid=1.21e-01
progress N=2 step 73750/277470 26.6% t=127.85496 eta_s=44756.5 E=-0.90386297 P=0.70477582 dP=-0.29488307 r12=7.71334626 Vg=0.00032408 norm=1.00000000 rank=29/256 sv_max=1.20e+03 resid=1.14e-01
progress N=2 step 74000/277470 26.7% t=127.97996 eta_s=44699.0 E=-0.90353274 P=0.70415663 dP=-0.29550226 r12=7.71184180 Vg=0.00032633 norm=1.00000000 rank=29/256 sv_max=1.21e+03 resid=1.09e-01
progress N=2 step 74250/277470 26.8% t=128.10496 eta_s=44644.0 E=-0.90320335 P=0.70351892 dP=-0.29613997 r12=7.71038708 Vg=0.00032839 norm=1.00000000 rank=29/256 sv_max=1.21e+03 resid=1.06e-01
progress N=2 step 74500/277470 26.8% t=128.22996 eta_s=44591.9 E=-0.90287488 P=0.70286384 dP=-0.29679505 r12=7.70897394 Vg=0.00032951 norm=1.00000000 rank=29/256 sv_max=1.23e+03 resid=1.06e-01
progress N=2 step 74750/277470 26.9% t=128.35496 eta_s=44536.0 E=-0.90254725 P=0.70219767 dP=-0.29746122 r12=7.70757254 Vg=0.00032940 norm=1.00000000 rank=29/256 sv_max=1.24e+03 resid=1.08e-01
progress N=2 step 75000/277470 27.0% t=128.47996 eta_s=44483.0 E=-0.90222052 P=0.70152695 dP=-0.29813194 r12=7.70615144 Vg=0.00032830 norm=1.00000000 rank=29/256 sv_max=1.24e+03 resid=1.10e-01
progress N=2 step 75250/277470 27.1% t=128.60496 eta_s=44430.4 E=-0.90189460 P=0.70084332 dP=-0.29881557 r12=7.70482023 Vg=0.00032751 norm=1.00000000 rank=30/256 sv_max=1.20e+03 resid=1.10e-01
progress N=2 step 75500/277470 27.2% t=128.72996 eta_s=44378.6 E=-0.90156947 P=0.70015932 dP=-0.29949957 r12=7.70341849 Vg=0.00032786 norm=1.00000000 rank=30/256 sv_max=1.15e+03 resid=1.13e-01
progress N=2 step 75750/277470 27.3% t=128.85496 eta_s=44326.7 E=-0.90124515 P=0.69946995 dP=-0.30018895 r12=7.70186804 Vg=0.00032863 norm=1.00000000 rank=30/256 sv_max=1.10e+03 resid=1.13e-01
progress N=2 step 76000/277470 27.4% t=128.97996 eta_s=44274.7 E=-0.90092164 P=0.69877266 dP=-0.30088623 r12=7.70023893 Vg=0.00032883 norm=1.00000000 rank=30/256 sv_max=1.09e+03 resid=1.13e-01
progress N=2 step 76250/277470 27.5% t=129.10496 eta_s=44223.0 E=-0.90059904 P=0.69807655 dP=-0.30158234 r12=7.69856448 Vg=0.00032862 norm=1.00000000 rank=30/256 sv_max=1.12e+03 resid=1.13e-01
progress N=2 step 76500/277470 27.6% t=129.22996 eta_s=44164.8 E=-0.90027744 P=0.69738633 dP=-0.30227256 r12=7.69683033 Vg=0.00032850 norm=1.00000000 rank=30/256 sv_max=1.16e+03 resid=1.11e-01
progress N=2 step 76750/277470 27.7% t=129.35496 eta_s=44106.1 E=-0.89995686 P=0.69669570 dP=-0.30296319 r12=7.69504166 Vg=0.00032879 norm=1.00000000 rank=30/256 sv_max=1.17e+03 resid=1.08e-01
progress N=2 step 77000/277470 27.8% t=129.47996 eta_s=44053.5 E=-0.89963740 P=0.69600201 dP=-0.30365688 r12=7.69320364 Vg=0.00033037 norm=1.00000000 rank=30/256 sv_max=1.16e+03 resid=1.07e-01
progress N=2 step 77250/277470 27.8% t=129.60496 eta_s=43998.6 E=-0.89931903 P=0.69529502 dP=-0.30436387 r12=7.69131989 Vg=0.00033344 norm=1.00000000 rank=30/256 sv_max=1.15e+03 resid=1.05e-01
progress N=2 step 77500/277470 27.9% t=129.72996 eta_s=43945.3 E=-0.89900178 P=0.69456568 dP=-0.30509321 r12=7.68940900 Vg=0.00033693 norm=1.00000000 rank=30/256 sv_max=1.19e+03 resid=1.03e-01
progress N=2 step 77750/277470 28.0% t=129.85496 eta_s=43893.1 E=-0.89868569 P=0.69382313 dP=-0.30583576 r12=7.68745099 Vg=0.00034024 norm=1.00000000 rank=30/256 sv_max=1.27e+03 resid=1.01e-01
progress N=2 step 78000/277470 28.1% t=129.97996 eta_s=43840.1 E=-0.89837068 P=0.69307994 dP=-0.30657895 r12=7.68536846 Vg=0.00034213 norm=1.00000000 rank=30/256 sv_max=1.36e+03 resid=9.88e-02
progress N=2 step 78250/277470 28.2% t=130.10496 eta_s=43786.7 E=-0.89805678 P=0.69237584 dP=-0.30728305 r12=7.68292563 Vg=0.00034830 norm=1.00000000 rank=29/256 sv_max=1.41e+03 resid=1.07e-01
progress N=2 step 78500/277470 28.3% t=130.22996 eta_s=43728.9 E=-0.89774384 P=0.69167147 dP=-0.30798742 r12=7.68034304 Vg=0.00035310 norm=1.00000000 rank=29/256 sv_max=1.44e+03 resid=1.04e-01
progress N=2 step 78750/277470 28.4% t=130.35496 eta_s=43674.9 E=-0.89743186 P=0.69096138 dP=-0.30869751 r12=7.67779659 Vg=0.00035423 norm=1.00000000 rank=29/256 sv_max=1.45e+03 resid=1.03e-01
progress N=2 step 79000/277470 28.5% t=130.47996 eta_s=43621.6 E=-0.89712086 P=0.69021671 dP=-0.30944218 r12=7.67554412 Vg=0.00035175 norm=1.00000000 rank=30/256 sv_max=1.41e+03 resid=1.02e-01
progress N=2 step 79250/277470 28.6% t=130.60496 eta_s=43565.0 E=-0.89681073 P=0.68946293 dP=-0.31019596 r12=7.67333517 Vg=0.00034861 norm=1.00000000 rank=30/256 sv_max=1.35e+03 resid=1.08e-01
progress N=2 step 79500/277470 28.7% t=130.72996 eta_s=43512.2 E=-0.89650151 P=0.68870945 dP=-0.31094944 r12=7.67113674 Vg=0.00034529 norm=1.00000000 rank=31/256 sv_max=1.34e+03 resid=1.11e-01
progress N=2 step 79750/277470 28.7% t=130.85496 eta_s=43459.9 E=-0.89619309 P=0.68794527 dP=-0.31171362 r12=7.66879443 Vg=0.00034164 norm=1.00000000 rank=31/256 sv_max=1.38e+03 resid=1.08e-01
progress N=2 step 80000/277470 28.8% t=130.97996 eta_s=43408.0 E=-0.89588538 P=0.68718171 dP=-0.31247718 r12=7.66630910 Vg=0.00033900 norm=1.00000000 rank=30/256 sv_max=1.40e+03 resid=1.02e-01
progress N=2 step 80250/277470 28.9% t=131.10496 eta_s=43356.2 E=-0.89557847 P=0.68643306 dP=-0.31322583 r12=7.66366945 Vg=0.00033452 norm=1.00000000 rank=29/256 sv_max=1.43e+03 resid=1.17e-01
progress N=2 step 80500/277470 29.0% t=131.22996 eta_s=43303.7 E=-0.89527238 P=0.68569474 dP=-0.31396415 r12=7.66098241 Vg=0.00032871 norm=1.00000000 rank=29/256 sv_max=1.46e+03 resid=1.09e-01
progress N=2 step 80750/277470 29.1% t=131.35496 eta_s=43251.1 E=-0.89496727 P=0.68498434 dP=-0.31467455 r12=7.65827661 Vg=0.00032388 norm=1.00000000 rank=29/256 sv_max=1.52e+03 resid=1.01e-01
progress N=2 step 81000/277470 29.2% t=131.47996 eta_s=43198.6 E=-0.89466310 P=0.68429844 dP=-0.31536045 r12=7.65553654 Vg=0.00032137 norm=1.00000000 rank=29/256 sv_max=1.58e+03 resid=9.14e-02
progress N=2 step 81250/277470 29.3% t=131.60496 eta_s=43145.7 E=-0.89435972 P=0.68363995 dP=-0.31601894 r12=7.65283225 Vg=0.00032175 norm=1.00000000 rank=28/256 sv_max=1.65e+03 resid=8.36e-02
progress N=2 step 81500/277470 29.4% t=131.72996 eta_s=43091.5 E=-0.89405727 P=0.68302637 dP=-0.31663252 r12=7.65022153 Vg=0.00032523 norm=1.00000000 rank=28/256 sv_max=1.70e+03 resid=8.00e-02
progress N=2 step 81750/277470 29.5% t=131.85496 eta_s=43030.6 E=-0.89375560 P=0.68242968 dP=-0.31722922 r12=7.64771755 Vg=0.00033013 norm=1.00000000 rank=28/256 sv_max=1.73e+03 resid=7.99e-02
progress N=2 step 82000/277470 29.6% t=131.97996 eta_s=42977.3 E=-0.89345491 P=0.68181790 dP=-0.31784099 r12=7.64537728 Vg=0.00033468 norm=1.00000000 rank=28/256 sv_max=1.75e+03 resid=7.81e-02
progress N=2 step 82250/277470 29.6% t=132.10496 eta_s=42924.5 E=-0.89315533 P=0.68120085 dP=-0.31845804 r12=7.64315781 Vg=0.00034092 norm=1.00000000 rank=28/256 sv_max=1.79e+03 resid=8.08e-02
progress N=2 step 82500/277470 29.7% t=132.22996 eta_s=42867.0 E=-0.89285672 P=0.68057061 dP=-0.31908828 r12=7.64094805 Vg=0.00034934 norm=1.00000000 rank=28/256 sv_max=1.81e+03 resid=8.55e-02
progress N=2 step 82750/277470 29.8% t=132.35496 eta_s=42811.4 E=-0.89255930 P=0.67991067 dP=-0.31974822 r12=7.63865713 Vg=0.00035894 norm=1.00000000 rank=28/256 sv_max=1.81e+03 resid=8.78e-02
progress N=2 step 83000/277470 29.9% t=132.47996 eta_s=42758.5 E=-0.89226300 P=0.67923339 dP=-0.32042550 r12=7.63634468 Vg=0.00036889 norm=1.00000000 rank=28/256 sv_max=1.80e+03 resid=8.55e-02
progress N=2 step 83250/277470 30.0% t=132.60496 eta_s=42705.3 E=-0.89196784 P=0.67855675 dP=-0.32110214 r12=7.63403627 Vg=0.00037857 norm=1.00000000 rank=28/256 sv_max=1.75e+03 resid=8.10e-02
progress N=2 step 83500/277470 30.1% t=132.72996 eta_s=42653.2 E=-0.89167387 P=0.67789524 dP=-0.32176365 r12=7.63178024 Vg=0.00038815 norm=1.00000000 rank=28/256 sv_max=1.72e+03 resid=7.93e-02
progress N=2 step 83750/277470 30.2% t=132.85496 eta_s=42600.3 E=-0.89138086 P=0.67724161 dP=-0.32241728 r12=7.62955896 Vg=0.00039791 norm=1.00000000 rank=28/256 sv_max=1.74e+03 resid=7.80e-02
progress N=2 step 84000/277470 30.3% t=132.97996 eta_s=42547.6 E=-0.89108904 P=0.67657577 dP=-0.32308312 r12=7.62728792 Vg=0.00040739 norm=1.00000000 rank=28/256 sv_max=1.75e+03 resid=7.37e-02
progress N=2 step 84250/277470 30.4% t=133.10496 eta_s=42494.9 E=-0.89079829 P=0.67589444 dP=-0.32376445 r12=7.62499554 Vg=0.00041584 norm=1.00000000 rank=28/256 sv_max=1.73e+03 resid=7.05e-02
progress N=2 step 84500/277470 30.5% t=133.22996 eta_s=42442.6 E=-0.89050859 P=0.67520062 dP=-0.32445827 r12=7.62274140 Vg=0.00042227 norm=1.00000000 rank=28/256 sv_max=1.69e+03 resid=6.98e-02
progress N=2 step 84750/277470 30.5% t=133.35496 eta_s=42390.6 E=-0.89021997 P=0.67449640 dP=-0.32516249 r12=7.62061145 Vg=0.00042529 norm=1.00000000 rank=28/256 sv_max=1.72e+03 resid=7.14e-02
progress N=2 step 85000/277470 30.6% t=133.47996 eta_s=42334.9 E=-0.88993222 P=0.67377786 dP=-0.32588104 r12=7.61868005 Vg=0.00042478 norm=1.00000000 rank=27/256 sv_max=1.85e+03 resid=7.56e-02
progress N=2 step 85250/277470 30.7% t=133.60496 eta_s=42272.4 E=-0.88964547 P=0.67304488 dP=-0.32661402 r12=7.61698591 Vg=0.00042176 norm=1.00000000 rank=27/256 sv_max=2.05e+03 resid=7.51e-02
progress N=2 step 85500/277470 30.8% t=133.72996 eta_s=42216.7 E=-0.88935963 P=0.67231753 dP=-0.32734137 r12=7.61556708 Vg=0.00041669 norm=1.00000000 rank=27/256 sv_max=2.24e+03 resid=7.38e-02
progress N=2 step 85750/277470 30.9% t=133.85496 eta_s=42163.9 E=-0.88907465 P=0.67157766 dP=-0.32808123 r12=7.61449542 Vg=0.00041097 norm=1.00000000 rank=27/256 sv_max=2.32e+03 resid=7.65e-02
progress N=2 step 86000/277470 31.0% t=133.97996 eta_s=42111.1 E=-0.88879068 P=0.67079815 dP=-0.32886074 r12=7.61369839 Vg=0.00040487 norm=1.00000000 rank=27/256 sv_max=2.29e+03 resid=8.40e-02
progress N=2 step 86250/277470 31.1% t=134.10496 eta_s=42054.0 E=-0.88850752 P=0.66998193 dP=-0.32967696 r12=7.61312654 Vg=0.00039879 norm=1.00000000 rank=27/256 sv_max=2.24e+03 resid=9.05e-02
progress N=2 step 86500/277470 31.2% t=134.22996 eta_s=41999.9 E=-0.88822527 P=0.66914271 dP=-0.33051618 r12=7.61275300 Vg=0.00039260 norm=1.00000000 rank=27/256 sv_max=2.21e+03 resid=9.59e-02
progress N=2 step 86750/277470 31.3% t=134.35496 eta_s=41948.2 E=-0.88794383 P=0.66830371 dP=-0.33135519 r12=7.61256787 Vg=0.00038596 norm=1.00000000 rank=27/256 sv_max=2.20e+03 resid=1.00e-01
progress N=2 step 87000/277470 31.4% t=134.47996 eta_s=41896.0 E=-0.88766312 P=0.66749039 dP=-0.33216850 r12=7.61256399 Vg=0.00037937 norm=1.00000000 rank=28/256 sv_max=2.17e+03 resid=1.02e-01
progress N=2 step 87250/277470 31.4% t=134.60496 eta_s=41843.1 E=-0.88738332 P=0.66671572 dP=-0.33294317 r12=7.61273324 Vg=0.00037406 norm=1.00000000 rank=28/256 sv_max=2.09e+03 resid=1.01e-01
progress N=2 step 87500/277470 31.5% t=134.72996 eta_s=41789.7 E=-0.88710436 P=0.66597243 dP=-0.33368646 r12=7.61305412 Vg=0.00037110 norm=1.00000000 rank=28/256 sv_max=1.98e+03 resid=9.62e-02
progress N=2 step 87750/277470 31.6% t=134.85496 eta_s=41736.7 E=-0.88682643 P=0.66525013 dP=-0.33440876 r12=7.61344211 Vg=0.00037101 norm=1.00000000 rank=28/256 sv_max=1.90e+03 resid=8.81e-02
progress N=2 step 88000/277470 31.7% t=134.97996 eta_s=41683.1 E=-0.88654961 P=0.66453897 dP=-0.33511992 r12=7.61378340 Vg=0.00037351 norm=1.00000000 rank=28/256 sv_max=1.88e+03 resid=7.83e-02
progress N=2 step 88250/277470 31.8% t=135.10496 eta_s=41627.7 E=-0.88627384 P=0.66383455 dP=-0.33582434 r12=7.61398862 Vg=0.00037805 norm=1.00000000 rank=27/256 sv_max=1.92e+03 resid=6.95e-02
progress N=2 step 88500/277470 31.9% t=135.22996 eta_s=41571.3 E=-0.88599931 P=0.66313966 dP=-0.33651923 r12=7.61397210 Vg=0.00038412 norm=1.00000000 rank=27/256 sv_max=1.98e+03 resid=6.38e-02
progress N=2 step 88750/277470 32.0% t=135.35496 eta_s=41515.2 E=-0.88572592 P=0.66245501 dP=-0.33720388 r12=7.61364892 Vg=0.00039115 norm=1.00000000 rank=27/256 sv_max=2.02e+03 resid=6.17e-02
progress N=2 step 89000/277470 32.1% t=135.47996 eta_s=41461.8 E=-0.88545371 P=0.66178511 dP=-0.33787378 r12=7.61294472 Vg=0.00039912 norm=1.00000000 rank=27/256 sv_max=2.04e+03 resid=6.26e-02
progress N=2 step 89250/277470 32.2% t=135.60496 eta_s=41408.3 E=-0.88518266 P=0.66112666 dP=-0.33853223 r12=7.61179595 Vg=0.00040799 norm=1.00000000 rank=27/256 sv_max=2.04e+03 resid=6.53e-02
progress N=2 step 89500/277470 32.3% t=135.72996 eta_s=41352.0 E=-0.88491256 P=0.66047274 dP=-0.33918615 r12=7.61020358 Vg=0.00041710 norm=1.00000000 rank=27/256 sv_max=2.07e+03 resid=6.84e-02
progress N=2 step 89750/277470 32.3% t=135.85496 eta_s=41293.2 E=-0.88464354 P=0.65982287 dP=-0.33983602 r12=7.60823572 Vg=0.00042526 norm=1.00000000 rank=27/256 sv_max=2.19e+03 resid=7.06e-02
progress N=2 step 90000/277470 32.4% t=135.97996 eta_s=41237.1 E=-0.88437551 P=0.65916869 dP=-0.34049020 r12=7.60591801 Vg=0.00043138 norm=1.00000000 rank=27/256 sv_max=2.35e+03 resid=7.19e-02
progress N=2 step 90250/277470 32.5% t=136.10496 eta_s=41183.0 E=-0.88410853 P=0.65849983 dP=-0.34115906 r12=7.60326984 Vg=0.00043504 norm=1.00000000 rank=27/256 sv_max=2.48e+03 resid=7.34e-02
