job_id=605822
array_job_id=605822
array_task_id=1
job_name=vs3n2st4
partition=epyc
node_list=doom
excluded_nodes=bar
workdir=/home/gyqyan/zexuan/ecg1d_code/1D_thouless_pumping
cpus_per_task=32
mem_per_node=16384
binary=./build/ecg1d_vs3_n2_dt001_staged_full
case_label=gauss_sigma3p000
mode=gauss
sigma=3.0
planning_estimate=staged local dt: shoulders dt/10, core dt/20, 277470 steps; 32-core benchmark gauss ~0.23 s/step near s=0.25
start_time=2026-07-09T16:31:01+08:00
config=legacy_prb_3_3_n2_pathpad_K32_dt0p01_staged_gauss_sigma3p000 lambda_C=1.00e-08 rcond=1.00e-04 | TDVP param dimension=256
progress N=2 step 0/277470 0.0% t=0.00000 eta_s=nan E=-2.15295803 P=0.99965889 dP=0.00000000 r12=8.04559382 Vg=0.00019300 norm=1.00000000 rank=-1/256 sv_max=nan resid=nan
initial t=0.00000 tau=0.00000 E=-2.1529580287 <X>/a=0.9996588910 norm=1.0000000000 V_gauss=0.0001929977
progress N=2 step 250/277470 0.1% t=2.50000 eta_s=59242.7 E=-2.14277639 P=0.98909875 dP=-0.01056015 r12=8.04602763 Vg=0.00019260 norm=1.00000000 rank=35/256 sv_max=1.07e+02 resid=6.73e-03
progress N=2 step 500/277470 0.2% t=5.00000 eta_s=59008.2 E=-2.11756040 P=0.98050383 dP=-0.01915506 r12=8.04559992 Vg=0.00019456 norm=1.00000000 rank=37/256 sv_max=1.03e+02 resid=3.76e-02
progress N=2 step 750/277470 0.3% t=7.50000 eta_s=59127.5 E=-2.07630206 P=0.96857322 dP=-0.03108567 r12=8.04686734 Vg=0.00019753 norm=1.00000000 rank=35/256 sv_max=9.44e+01 resid=9.44e-03
progress N=2 step 1000/277470 0.4% t=10.00000 eta_s=58778.0 E=-2.02640846 P=0.96262347 dP=-0.03703542 r12=8.04612397 Vg=0.00019692 norm=1.00000000 rank=34/256 sv_max=1.04e+02 resid=3.50e-02
progress N=2 step 1250/277470 0.5% t=12.50000 eta_s=58700.5 E=-1.96873765 P=0.95114607 dP=-0.04851282 r12=8.04795898 Vg=0.00020269 norm=1.00000000 rank=34/256 sv_max=1.11e+02 resid=1.17e-02
progress N=2 step 1500/277470 0.5% t=15.00000 eta_s=58830.2 E=-1.90950267 P=0.94733988 dP=-0.05231902 r12=8.04706123 Vg=0.00020288 norm=1.00000000 rank=34/256 sv_max=1.08e+02 resid=3.65e-02
progress N=2 step 1750/277470 0.6% t=17.50000 eta_s=58468.1 E=-1.84869867 P=0.93718067 dP=-0.06247822 r12=8.05026560 Vg=0.00020800 norm=1.00000000 rank=36/256 sv_max=1.13e+02 resid=1.18e-02
progress N=2 step 2000/277470 0.7% t=20.00000 eta_s=58507.1 E=-1.79054480 P=0.93358136 dP=-0.06607753 r12=8.05017542 Vg=0.00021316 norm=1.00000000 rank=35/256 sv_max=1.16e+02 resid=3.81e-02
progress N=2 step 2250/277470 0.8% t=22.50000 eta_s=58537.2 E=-1.73387401 P=0.92694198 dP=-0.07271691 r12=8.04989077 Vg=0.00021385 norm=1.00000000 rank=34/256 sv_max=1.11e+02 resid=1.32e-02
progress N=2 step 2500/277470 0.9% t=25.00000 eta_s=58623.5 E=-1.68108534 P=0.92129412 dP=-0.07836478 r12=8.05482934 Vg=0.00023216 norm=1.00000000 rank=34/256 sv_max=1.30e+02 resid=5.70e-02
progress N=2 step 2750/277470 1.0% t=27.50000 eta_s=58659.4 E=-1.63121318 P=0.91867646 dP=-0.08098243 r12=8.04199031 Vg=0.00023493 norm=1.00000000 rank=34/256 sv_max=1.27e+02 resid=3.70e-02
progress N=2 step 3000/277470 1.1% t=30.00000 eta_s=58671.2 E=-1.58470407 P=0.91235230 dP=-0.08730659 r12=8.06831422 Vg=0.00024440 norm=1.00000000 rank=34/256 sv_max=1.44e+02 resid=3.26e-02
progress N=2 step 3250/277470 1.2% t=32.50000 eta_s=58687.9 E=-1.54170335 P=0.90892350 dP=-0.09073539 r12=8.03297146 Vg=0.00026896 norm=1.00000000 rank=34/256 sv_max=1.61e+02 resid=3.63e-02
progress N=2 step 3500/277470 1.3% t=35.00000 eta_s=58526.0 E=-1.50146470 P=0.90629333 dP=-0.09336556 r12=8.06048789 Vg=0.00026258 norm=1.00000000 rank=34/256 sv_max=1.61e+02 resid=3.68e-02
progress N=2 step 3750/277470 1.4% t=37.50000 eta_s=58355.3 E=-1.46420037 P=0.90118273 dP=-0.09847616 r12=8.05834136 Vg=0.00026758 norm=1.00000000 rank=34/256 sv_max=1.85e+02 resid=5.26e-02
progress N=2 step 4000/277470 1.4% t=40.00000 eta_s=58208.9 E=-1.42954861 P=0.89935848 dP=-0.10030041 r12=8.04594619 Vg=0.00028284 norm=1.00000000 rank=34/256 sv_max=1.92e+02 resid=7.90e-02
progress N=2 step 4250/277470 1.5% t=42.50000 eta_s=58213.9 E=-1.39721046 P=0.89513702 dP=-0.10452187 r12=8.04327672 Vg=0.00028275 norm=1.00000000 rank=32/256 sv_max=2.16e+02 resid=6.49e-02
progress N=2 step 4500/277470 1.6% t=45.00000 eta_s=58230.2 E=-1.36703217 P=0.89215469 dP=-0.10750420 r12=8.07460124 Vg=0.00027057 norm=1.00000000 rank=32/256 sv_max=2.45e+02 resid=2.21e-01
progress N=2 step 4750/277470 1.7% t=47.50000 eta_s=58203.3 E=-1.33880297 P=0.89100995 dP=-0.10864894 r12=8.04876270 Vg=0.00028450 norm=1.00000000 rank=32/256 sv_max=2.58e+02 resid=1.76e-01
progress N=2 step 5000/277470 1.8% t=50.00000 eta_s=58206.9 E=-1.31235808 P=0.88669838 dP=-0.11296051 r12=8.04918874 Vg=0.00031435 norm=1.00000000 rank=32/256 sv_max=2.61e+02 resid=1.99e-01
progress N=2 step 5250/277470 1.9% t=52.50000 eta_s=58162.4 E=-1.28764099 P=0.88191890 dP=-0.11773999 r12=8.05203931 Vg=0.00034438 norm=1.00000000 rank=33/256 sv_max=2.88e+02 resid=1.39e-01
progress N=2 step 5500/277470 2.0% t=55.00000 eta_s=58147.1 E=-1.26450054 P=0.87923290 dP=-0.12042600 r12=8.05814600 Vg=0.00035791 norm=1.00000000 rank=32/256 sv_max=2.99e+02 resid=2.89e-01
progress N=2 step 5750/277470 2.1% t=57.50000 eta_s=58119.6 E=-1.24247034 P=0.87995335 dP=-0.11970554 r12=8.04625733 Vg=0.00036828 norm=1.00000000 rank=32/256 sv_max=2.98e+02 resid=1.89e-01
progress N=2 step 6000/277470 2.2% t=60.00000 eta_s=58093.6 E=-1.22161566 P=0.87509269 dP=-0.12456620 r12=8.04806093 Vg=0.00037640 norm=1.00000000 rank=33/256 sv_max=3.07e+02 resid=2.36e-01
progress N=2 step 6250/277470 2.3% t=62.50000 eta_s=58078.0 E=-1.20195996 P=0.87115186 dP=-0.12850703 r12=8.05706940 Vg=0.00040236 norm=1.00000000 rank=33/256 sv_max=3.40e+02 resid=1.42e-01
progress N=2 step 6500/277470 2.3% t=65.00000 eta_s=58015.1 E=-1.18344001 P=0.86579351 dP=-0.13386538 r12=8.05202697 Vg=0.00041556 norm=1.00000000 rank=34/256 sv_max=3.56e+02 resid=1.70e-01
progress N=2 step 6750/277470 2.4% t=67.50000 eta_s=57995.8 E=-1.16579250 P=0.86619841 dP=-0.13346048 r12=8.04378884 Vg=0.00043725 norm=1.00000000 rank=33/256 sv_max=3.48e+02 resid=2.63e-01
progress N=2 step 7000/277470 2.5% t=70.00000 eta_s=57959.1 E=-1.14887612 P=0.86300003 dP=-0.13665886 r12=8.03794714 Vg=0.00043436 norm=1.00000000 rank=33/256 sv_max=3.59e+02 resid=2.48e-01
progress N=2 step 7250/277470 2.6% t=72.50000 eta_s=57941.8 E=-1.13270124 P=0.86092271 dP=-0.13873618 r12=8.04445847 Vg=0.00045163 norm=1.00000000 rank=33/256 sv_max=4.44e+02 resid=1.25e-01
progress N=2 step 7500/277470 2.7% t=75.00000 eta_s=57926.9 E=-1.11730574 P=0.85325610 dP=-0.14640279 r12=8.06379136 Vg=0.00046872 norm=1.00000000 rank=34/256 sv_max=5.41e+02 resid=6.47e-02
progress N=2 step 7750/277470 2.8% t=77.50000 eta_s=57892.0 E=-1.10279974 P=0.84504621 dP=-0.15461268 r12=8.08573478 Vg=0.00051317 norm=1.00000000 rank=33/256 sv_max=6.42e+02 resid=9.00e-02
progress N=2 step 8000/277470 2.9% t=80.00000 eta_s=57874.5 E=-1.08904808 P=0.83888242 dP=-0.16077647 r12=8.09353276 Vg=0.00056790 norm=1.00000000 rank=33/256 sv_max=7.50e+02 resid=8.92e-02
progress N=2 step 8250/277470 3.0% t=82.50000 eta_s=57777.7 E=-1.07590662 P=0.83565311 dP=-0.16400578 r12=8.07557643 Vg=0.00059707 norm=1.00000000 rank=31/256 sv_max=9.21e+02 resid=1.17e-01
progress N=2 step 8500/277470 3.1% t=85.00000 eta_s=57722.4 E=-1.06312578 P=0.83625580 dP=-0.16340309 r12=8.05205998 Vg=0.00064990 norm=1.00000000 rank=29/256 sv_max=1.30e+03 resid=1.51e-01
progress N=2 step 8750/277470 3.2% t=87.50000 eta_s=57687.7 E=-1.05068243 P=0.83383577 dP=-0.16582312 r12=8.03750167 Vg=0.00065605 norm=1.00000000 rank=28/256 sv_max=1.47e+03 resid=1.63e-01
progress N=2 step 9000/277470 3.2% t=90.00000 eta_s=57583.0 E=-1.03858883 P=0.83181680 dP=-0.16784209 r12=8.04178685 Vg=0.00069619 norm=1.00000000 rank=26/256 sv_max=1.91e+03 resid=1.40e-01
progress N=2 step 9250/277470 3.3% t=90.67987 eta_s=57534.7 E=-1.03537004 P=0.83018365 dP=-0.16947525 r12=8.04910483 Vg=0.00069462 norm=1.00000000 rank=26/256 sv_max=1.89e+03 resid=9.08e-02
progress N=2 step 9500/277470 3.4% t=90.92987 eta_s=57452.2 E=-1.03419466 P=0.82949136 dP=-0.17016753 r12=8.05205614 Vg=0.00069734 norm=1.00000000 rank=27/256 sv_max=1.83e+03 resid=8.28e-02
progress N=2 step 9750/277470 3.5% t=91.17987 eta_s=57412.3 E=-1.03302375 P=0.82876027 dP=-0.17089863 r12=8.05491263 Vg=0.00070138 norm=1.00000000 rank=26/256 sv_max=1.87e+03 resid=8.27e-02
progress N=2 step 10000/277470 3.6% t=91.42987 eta_s=57330.8 E=-1.03185773 P=0.82797230 dP=-0.17168660 r12=8.05749895 Vg=0.00070501 norm=1.00000000 rank=26/256 sv_max=1.89e+03 resid=8.98e-02
progress N=2 step 10250/277470 3.7% t=91.67987 eta_s=57300.3 E=-1.03069731 P=0.82713655 dP=-0.17252234 r12=8.05982677 Vg=0.00070670 norm=1.00000000 rank=26/256 sv_max=1.89e+03 resid=9.88e-02
progress N=2 step 10500/277470 3.8% t=91.92987 eta_s=57284.9 E=-1.02954300 P=0.82626552 dP=-0.17339337 r12=8.06202520 Vg=0.00070721 norm=1.00000000 rank=26/256 sv_max=1.96e+03 resid=1.04e-01
progress N=2 step 10750/277470 3.9% t=92.17987 eta_s=57238.6 E=-1.02839489 P=0.82536021 dP=-0.17429868 r12=8.06427598 Vg=0.00070811 norm=1.00000000 rank=26/256 sv_max=2.03e+03 resid=1.06e-01
progress N=2 step 11000/277470 4.0% t=92.42987 eta_s=57203.2 E=-1.02725252 P=0.82443912 dP=-0.17521977 r12=8.06683284 Vg=0.00070938 norm=1.00000000 rank=26/256 sv_max=2.03e+03 resid=1.10e-01
progress N=2 step 11250/277470 4.1% t=92.67987 eta_s=57159.5 E=-1.02611514 P=0.82353784 dP=-0.17612105 r12=8.06988897 Vg=0.00071060 norm=1.00000000 rank=26/256 sv_max=2.06e+03 resid=1.13e-01
progress N=2 step 11500/277470 4.1% t=92.92987 eta_s=57130.0 E=-1.02498258 P=0.82264201 dP=-0.17701688 r12=8.07342109 Vg=0.00071275 norm=1.00000000 rank=26/256 sv_max=2.14e+03 resid=1.20e-01
progress N=2 step 11750/277470 4.2% t=93.17987 eta_s=57089.8 E=-1.02385502 P=0.82174607 dP=-0.17791282 r12=8.07721561 Vg=0.00071634 norm=1.00000000 rank=26/256 sv_max=2.12e+03 resid=1.35e-01
progress N=2 step 12000/277470 4.3% t=93.42987 eta_s=57053.3 E=-1.02273263 P=0.82086566 dP=-0.17879323 r12=8.08088554 Vg=0.00072143 norm=1.00000000 rank=26/256 sv_max=1.98e+03 resid=1.45e-01
progress N=2 step 12250/277470 4.4% t=93.67987 eta_s=56932.6 E=-1.02161535 P=0.82002502 dP=-0.17963387 r12=8.08423473 Vg=0.00072804 norm=1.00000000 rank=26/256 sv_max=1.88e+03 resid=1.41e-01
progress N=2 step 12500/277470 4.5% t=93.92987 eta_s=56848.2 E=-1.02050295 P=0.81922934 dP=-0.18042955 r12=8.08732107 Vg=0.00073560 norm=1.00000000 rank=26/256 sv_max=1.90e+03 resid=1.34e-01
progress N=2 step 12750/277470 4.6% t=94.17987 eta_s=56778.2 E=-1.01939529 P=0.81849259 dP=-0.18116631 r12=8.09025635 Vg=0.00074260 norm=1.00000000 rank=26/256 sv_max=1.98e+03 resid=1.37e-01
progress N=2 step 13000/277470 4.7% t=94.42987 eta_s=56715.5 E=-1.01829248 P=0.81780615 dP=-0.18185274 r12=8.09303752 Vg=0.00074768 norm=1.00000000 rank=26/256 sv_max=2.04e+03 resid=1.44e-01
progress N=2 step 13250/277470 4.8% t=94.67987 eta_s=56678.2 E=-1.01719476 P=0.81715302 dP=-0.18250587 r12=8.09570153 Vg=0.00075164 norm=1.00000000 rank=26/256 sv_max=2.08e+03 resid=1.37e-01
progress N=2 step 13500/277470 4.9% t=94.92987 eta_s=56639.0 E=-1.01610246 P=0.81652027 dP=-0.18313862 r12=8.09824991 Vg=0.00075631 norm=1.00000000 rank=26/256 sv_max=2.12e+03 resid=1.15e-01
progress N=2 step 13750/277470 5.0% t=95.17987 eta_s=56522.8 E=-1.01501492 P=0.81590183 dP=-0.18375706 r12=8.10071421 Vg=0.00076250 norm=1.00000000 rank=26/256 sv_max=2.10e+03 resid=9.71e-02
progress N=2 step 14000/277470 5.0% t=95.42987 eta_s=56444.1 E=-1.01393150 P=0.81527271 dP=-0.18438618 r12=8.10325653 Vg=0.00076939 norm=1.00000000 rank=26/256 sv_max=2.06e+03 resid=8.93e-02
progress N=2 step 14250/277470 5.1% t=95.67987 eta_s=56382.4 E=-1.01285199 P=0.81459689 dP=-0.18506200 r12=8.10604645 Vg=0.00077584 norm=1.00000000 rank=26/256 sv_max=2.05e+03 resid=8.95e-02
progress N=2 step 14500/277470 5.2% t=95.92987 eta_s=56347.5 E=-1.01177661 P=0.81384213 dP=-0.18581676 r12=8.10910183 Vg=0.00078130 norm=1.00000000 rank=26/256 sv_max=2.08e+03 resid=9.66e-02
progress N=2 step 14750/277470 5.3% t=96.17987 eta_s=56305.4 E=-1.01070583 P=0.81299762 dP=-0.18666128 r12=8.11230823 Vg=0.00078615 norm=1.00000000 rank=26/256 sv_max=2.16e+03 resid=1.08e-01
progress N=2 step 15000/277470 5.4% t=96.42987 eta_s=56263.7 E=-1.00963997 P=0.81207786 dP=-0.18758103 r12=8.11548698 Vg=0.00079147 norm=1.00000000 rank=26/256 sv_max=2.28e+03 resid=1.15e-01
progress N=2 step 15250/277470 5.5% t=96.67987 eta_s=56221.8 E=-1.00857896 P=0.81111157 dP=-0.18854732 r12=8.11854346 Vg=0.00079818 norm=1.00000000 rank=26/256 sv_max=2.37e+03 resid=1.12e-01
progress N=2 step 15500/277470 5.6% t=96.92987 eta_s=56175.9 E=-1.00752256 P=0.81013408 dP=-0.18952481 r12=8.12148305 Vg=0.00080598 norm=1.00000000 rank=26/256 sv_max=2.37e+03 resid=1.04e-01
progress N=2 step 15750/277470 5.7% t=97.17987 eta_s=56118.8 E=-1.00647082 P=0.80917809 dP=-0.19048080 r12=8.12424129 Vg=0.00081366 norm=1.00000000 rank=26/256 sv_max=2.26e+03 resid=9.90e-02
progress N=2 step 16000/277470 5.8% t=97.42987 eta_s=56065.1 E=-1.00542338 P=0.80825268 dP=-0.19140621 r12=8.12659935 Vg=0.00081930 norm=1.00000000 rank=26/256 sv_max=2.07e+03 resid=1.02e-01
progress N=2 step 16250/277470 5.9% t=97.67987 eta_s=56014.7 E=-1.00438035 P=0.80736848 dP=-0.19229041 r12=8.12821608 Vg=0.00082206 norm=1.00000000 rank=26/256 sv_max=1.96e+03 resid=1.08e-01
progress N=2 step 16500/277470 5.9% t=97.92987 eta_s=55946.5 E=-1.00334179 P=0.80653719 dP=-0.19312170 r12=8.12880091 Vg=0.00082352 norm=1.00000000 rank=26/256 sv_max=2.00e+03 resid=1.11e-01
progress N=2 step 16750/277470 6.0% t=98.17987 eta_s=55879.4 E=-1.00230755 P=0.80575355 dP=-0.19390534 r12=8.12841856 Vg=0.00082685 norm=1.00000000 rank=26/256 sv_max=2.20e+03 resid=1.10e-01
progress N=2 step 17000/277470 6.1% t=98.42987 eta_s=55833.8 E=-1.00127747 P=0.80499810 dP=-0.19466079 r12=8.12754246 Vg=0.00083313 norm=1.00000000 rank=26/256 sv_max=2.41e+03 resid=1.04e-01
progress N=2 step 17250/277470 6.2% t=98.67987 eta_s=55778.5 E=-1.00025151 P=0.80427439 dP=-0.19538450 r12=8.12673810 Vg=0.00084095 norm=1.00000000 rank=26/256 sv_max=2.46e+03 resid=1.00e-01
progress N=2 step 17500/277470 6.3% t=98.92987 eta_s=55684.8 E=-0.99922990 P=0.80357015 dP=-0.19608874 r12=8.12621784 Vg=0.00084828 norm=1.00000000 rank=26/256 sv_max=2.32e+03 resid=1.08e-01
progress N=2 step 17750/277470 6.4% t=99.17987 eta_s=55624.4 E=-0.99821280 P=0.80289381 dP=-0.19676508 r12=8.12590531 Vg=0.00085418 norm=1.00000000 rank=26/256 sv_max=2.14e+03 resid=1.27e-01
progress N=2 step 18000/277470 6.5% t=99.42987 eta_s=55579.5 E=-0.99719970 P=0.80228771 dP=-0.19737118 r12=8.12555857 Vg=0.00085938 norm=1.00000000 rank=26/256 sv_max=2.16e+03 resid=1.48e-01
progress N=2 step 18250/277470 6.6% t=99.67987 eta_s=55539.1 E=-0.99618994 P=0.80178109 dP=-0.19787780 r12=8.12506306 Vg=0.00086733 norm=1.00000000 rank=26/256 sv_max=2.46e+03 resid=1.64e-01
progress N=2 step 18500/277470 6.7% t=99.92987 eta_s=55487.3 E=-0.99518282 P=0.80133738 dP=-0.19832151 r12=8.12457680 Vg=0.00087779 norm=1.00000000 rank=25/256 sv_max=2.79e+03 resid=1.73e-01
progress N=2 step 18750/277470 6.8% t=100.17987 eta_s=55422.9 E=-0.99417783 P=0.80093213 dP=-0.19872677 r12=8.12420248 Vg=0.00088669 norm=1.00000000 rank=25/256 sv_max=2.72e+03 resid=1.70e-01
progress N=2 step 19000/277470 6.8% t=100.42987 eta_s=55366.5 E=-0.99317482 P=0.80054908 dP=-0.19910981 r12=8.12385560 Vg=0.00089247 norm=1.00000000 rank=25/256 sv_max=2.42e+03 resid=1.70e-01
progress N=2 step 19250/277470 6.9% t=100.60496 eta_s=55324.2 E=-0.99247387 P=0.80030093 dP=-0.19935796 r12=8.12350969 Vg=0.00089559 norm=1.00000000 rank=26/256 sv_max=2.35e+03 resid=1.68e-01
progress N=2 step 19500/277470 7.0% t=100.72996 eta_s=55279.1 E=-0.99197392 P=0.80012459 dP=-0.19953431 r12=8.12314976 Vg=0.00089779 norm=1.00000000 rank=26/256 sv_max=2.38e+03 resid=1.69e-01
progress N=2 step 19750/277470 7.1% t=100.85496 eta_s=55228.7 E=-0.99147491 P=0.79994602 dP=-0.19971287 r12=8.12268366 Vg=0.00089981 norm=1.00000000 rank=26/256 sv_max=2.38e+03 resid=1.72e-01
progress N=2 step 20000/277470 7.2% t=100.97996 eta_s=55189.7 E=-0.99097611 P=0.79977598 dP=-0.19988291 r12=8.12209701 Vg=0.00090191 norm=1.00000000 rank=26/256 sv_max=2.35e+03 resid=1.76e-01
progress N=2 step 20250/277470 7.3% t=101.10496 eta_s=55136.6 E=-0.99047844 P=0.79962217 dP=-0.20003672 r12=8.12137313 Vg=0.00090474 norm=1.00000000 rank=26/256 sv_max=2.34e+03 resid=1.73e-01
progress N=2 step 20500/277470 7.4% t=101.22996 eta_s=55062.4 E=-0.98998108 P=0.79948681 dP=-0.20017208 r12=8.12052342 Vg=0.00090919 norm=1.00000000 rank=26/256 sv_max=2.39e+03 resid=1.63e-01
progress N=2 step 20750/277470 7.5% t=101.35496 eta_s=55007.2 E=-0.98948450 P=0.79936612 dP=-0.20029277 r12=8.11958138 Vg=0.00091567 norm=1.00000000 rank=26/256 sv_max=2.50e+03 resid=1.48e-01
progress N=2 step 21000/277470 7.6% t=101.47996 eta_s=54961.6 E=-0.98898861 P=0.79925275 dP=-0.20040614 r12=8.11858644 Vg=0.00092380 norm=1.00000000 rank=25/256 sv_max=2.63e+03 resid=1.33e-01
progress N=2 step 21250/277470 7.7% t=101.60496 eta_s=54901.1 E=-0.98849313 P=0.79913239 dP=-0.20052650 r12=8.11756897 Vg=0.00093231 norm=1.00000000 rank=25/256 sv_max=2.69e+03 resid=1.25e-01
progress N=2 step 21500/277470 7.7% t=101.72996 eta_s=54845.9 E=-0.98799869 P=0.79900420 dP=-0.20065469 r12=8.11651979 Vg=0.00093984 norm=1.00000000 rank=25/256 sv_max=2.63e+03 resid=1.22e-01
progress N=2 step 21750/277470 7.8% t=101.85496 eta_s=54807.0 E=-0.98750445 P=0.79886090 dP=-0.20079799 r12=8.11540540 Vg=0.00094532 norm=1.00000000 rank=25/256 sv_max=2.45e+03 resid=1.25e-01
progress N=2 step 22000/277470 7.9% t=101.97996 eta_s=54760.8 E=-0.98701125 P=0.79870768 dP=-0.20095121 r12=8.11418000 Vg=0.00094871 norm=1.00000000 rank=26/256 sv_max=2.28e+03 resid=1.27e-01
progress N=2 step 22250/277470 8.0% t=102.10496 eta_s=54721.3 E=-0.98651846 P=0.79854958 dP=-0.20110931 r12=8.11281830 Vg=0.00095059 norm=1.00000000 rank=26/256 sv_max=2.28e+03 resid=1.30e-01
progress N=2 step 22500/277470 8.1% t=102.22996 eta_s=54675.7 E=-0.98602637 P=0.79835446 dP=-0.20130443 r12=8.11133920 Vg=0.00095104 norm=1.00000000 rank=25/256 sv_max=2.36e+03 resid=1.34e-01
progress N=2 step 22750/277470 8.2% t=102.35496 eta_s=54625.1 E=-0.98553507 P=0.79813509 dP=-0.20152380 r12=8.10979306 Vg=0.00095053 norm=1.00000000 rank=25/256 sv_max=2.51e+03 resid=1.39e-01
progress N=2 step 23000/277470 8.3% t=102.47996 eta_s=54579.8 E=-0.98504409 P=0.79790059 dP=-0.20175830 r12=8.10820229 Vg=0.00094995 norm=1.00000000 rank=25/256 sv_max=2.75e+03 resid=1.45e-01
progress N=2 step 23250/277470 8.4% t=102.60496 eta_s=54526.7 E=-0.98455428 P=0.79764973 dP=-0.20200916 r12=8.10660031 Vg=0.00094980 norm=1.00000000 rank=25/256 sv_max=3.02e+03 resid=1.49e-01
progress N=2 step 23500/277470 8.5% t=102.72996 eta_s=54479.8 E=-0.98406470 P=0.79738355 dP=-0.20227534 r12=8.10502492 Vg=0.00095041 norm=1.00000000 rank=25/256 sv_max=3.26e+03 resid=1.51e-01
progress N=2 step 23750/277470 8.6% t=102.85496 eta_s=54429.7 E=-0.98357603 P=0.79710624 dP=-0.20255265 r12=8.10351748 Vg=0.00095197 norm=1.00000000 rank=25/256 sv_max=3.40e+03 resid=1.51e-01
progress N=2 step 24000/277470 8.6% t=102.97996 eta_s=54377.4 E=-0.98308787 P=0.79683198 dP=-0.20282691 r12=8.10217815 Vg=0.00095378 norm=1.00000000 rank=24/256 sv_max=3.47e+03 resid=1.47e-01
progress N=2 step 24250/277470 8.7% t=103.10496 eta_s=54313.4 E=-0.98260018 P=0.79656185 dP=-0.20309704 r12=8.10102346 Vg=0.00095558 norm=1.00000000 rank=24/256 sv_max=3.44e+03 resid=1.42e-01
progress N=2 step 24500/277470 8.8% t=103.22996 eta_s=54263.3 E=-0.98211333 P=0.79629420 dP=-0.20336469 r12=8.10001659 Vg=0.00095764 norm=1.00000000 rank=24/256 sv_max=3.34e+03 resid=1.40e-01
progress N=2 step 24750/277470 8.9% t=103.35496 eta_s=54219.6 E=-0.98162662 P=0.79602569 dP=-0.20363321 r12=8.09908785 Vg=0.00096041 norm=1.00000000 rank=24/256 sv_max=3.20e+03 resid=1.42e-01
progress N=2 step 25000/277470 9.0% t=103.47996 eta_s=54152.3 E=-0.98114098 P=0.79574652 dP=-0.20391237 r12=8.09813916 Vg=0.00096442 norm=1.00000000 rank=25/256 sv_max=3.06e+03 resid=1.46e-01
progress N=2 step 25250/277470 9.1% t=103.60496 eta_s=54074.5 E=-0.98065561 P=0.79546539 dP=-0.20419350 r12=8.09719171 Vg=0.00096815 norm=1.00000000 rank=25/256 sv_max=2.94e+03 resid=1.56e-01
progress N=2 step 25500/277470 9.2% t=103.72996 eta_s=53993.8 E=-0.98017090 P=0.79519177 dP=-0.20446713 r12=8.09620312 Vg=0.00097110 norm=1.00000000 rank=25/256 sv_max=2.85e+03 resid=1.69e-01
progress N=2 step 25750/277470 9.3% t=103.85496 eta_s=53936.0 E=-0.97968685 P=0.79493308 dP=-0.20472581 r12=8.09511864 Vg=0.00097342 norm=1.00000000 rank=25/256 sv_max=2.83e+03 resid=1.83e-01
progress N=2 step 26000/277470 9.4% t=103.97996 eta_s=53890.7 E=-0.97920310 P=0.79469580 dP=-0.20496309 r12=8.09390989 Vg=0.00097551 norm=1.00000000 rank=25/256 sv_max=2.88e+03 resid=2.00e-01
progress N=2 step 26250/277470 9.5% t=104.10496 eta_s=53837.0 E=-0.97872045 P=0.79448362 dP=-0.20517527 r12=8.09257860 Vg=0.00097802 norm=1.00000000 rank=25/256 sv_max=2.99e+03 resid=2.17e-01
progress N=2 step 26500/277470 9.6% t=104.22996 eta_s=53792.3 E=-0.97823801 P=0.79429798 dP=-0.20536091 r12=8.09114579 Vg=0.00098160 norm=1.00000000 rank=25/256 sv_max=3.17e+03 resid=2.29e-01
progress N=2 step 26750/277470 9.6% t=104.35496 eta_s=53737.6 E=-0.97775648 P=0.79413725 dP=-0.20552165 r12=8.08962156 Vg=0.00098643 norm=1.00000000 rank=25/256 sv_max=3.36e+03 resid=2.31e-01
progress N=2 step 27000/277470 9.7% t=104.47996 eta_s=53690.6 E=-0.97727543 P=0.79400139 dP=-0.20565750 r12=8.08800831 Vg=0.00099190 norm=1.00000000 rank=24/256 sv_max=3.48e+03 resid=2.22e-01
progress N=2 step 27250/277470 9.8% t=104.60496 eta_s=53637.4 E=-0.97679476 P=0.79389588 dP=-0.20576301 r12=8.08633193 Vg=0.00099669 norm=1.00000000 rank=24/256 sv_max=3.48e+03 resid=2.08e-01
progress N=2 step 27500/277470 9.9% t=104.72996 eta_s=53570.7 E=-0.97631482 P=0.79381038 dP=-0.20584851 r12=8.08453143 Vg=0.00100058 norm=1.00000000 rank=24/256 sv_max=3.34e+03 resid=1.97e-01
progress N=2 step 27750/277470 10.0% t=104.85496 eta_s=53522.6 E=-0.97583497 P=0.79372941 dP=-0.20592948 r12=8.08252199 Vg=0.00100463 norm=1.00000000 rank=25/256 sv_max=3.15e+03 resid=1.86e-01
progress N=2 step 28000/277470 10.1% t=104.97996 eta_s=53471.8 E=-0.97535592 P=0.79365721 dP=-0.20600168 r12=8.08040863 Vg=0.00100787 norm=1.00000000 rank=25/256 sv_max=3.00e+03 resid=1.80e-01
progress N=2 step 28250/277470 10.2% t=105.10496 eta_s=53428.0 E=-0.97487707 P=0.79359149 dP=-0.20606741 r12=8.07823265 Vg=0.00101040 norm=1.00000000 rank=25/256 sv_max=2.93e+03 resid=1.76e-01
progress N=2 step 28500/277470 10.3% t=105.22996 eta_s=53370.1 E=-0.97439866 P=0.79353012 dP=-0.20612877 r12=8.07599951 Vg=0.00101236 norm=1.00000000 rank=25/256 sv_max=2.93e+03 resid=1.75e-01
progress N=2 step 28750/277470 10.4% t=105.35496 eta_s=53309.2 E=-0.97392075 P=0.79346945 dP=-0.20618944 r12=8.07369686 Vg=0.00101395 norm=1.00000000 rank=25/256 sv_max=2.97e+03 resid=1.78e-01
progress N=2 step 29000/277470 10.5% t=105.47996 eta_s=53261.8 E=-0.97344295 P=0.79340781 dP=-0.20625108 r12=8.07132656 Vg=0.00101564 norm=1.00000000 rank=25/256 sv_max=3.02e+03 resid=1.84e-01
progress N=2 step 29250/277470 10.5% t=105.60496 eta_s=53207.6 E=-0.97296601 P=0.79334289 dP=-0.20631600 r12=8.06891324 Vg=0.00101812 norm=1.00000000 rank=25/256 sv_max=3.10e+03 resid=1.89e-01
progress N=2 step 29500/277470 10.6% t=105.72996 eta_s=53159.9 E=-0.97248919 P=0.79327187 dP=-0.20638702 r12=8.06650133 Vg=0.00102204 norm=1.00000000 rank=25/256 sv_max=3.23e+03 resid=1.88e-01
progress N=2 step 29750/277470 10.7% t=105.85496 eta_s=53105.3 E=-0.97201297 P=0.79319145 dP=-0.20646744 r12=8.06412823 Vg=0.00102775 norm=1.00000000 rank=25/256 sv_max=3.40e+03 resid=1.81e-01
progress N=2 step 30000/277470 10.8% t=105.97996 eta_s=53046.3 E=-0.97153721 P=0.79309771 dP=-0.20656118 r12=8.06180429 Vg=0.00103514 norm=1.00000000 rank=24/256 sv_max=3.56e+03 resid=1.74e-01
progress N=2 step 30250/277470 10.9% t=106.10496 eta_s=52985.2 E=-0.97106172 P=0.79299276 dP=-0.20666614 r12=8.05955907 Vg=0.00104346 norm=1.00000000 rank=24/256 sv_max=3.68e+03 resid=1.70e-01
progress N=2 step 30500/277470 11.0% t=106.22996 eta_s=52911.2 E=-0.97058700 P=0.79287144 dP=-0.20678745 r12=8.05739576 Vg=0.00105170 norm=1.00000000 rank=24/256 sv_max=3.69e+03 resid=1.73e-01
progress N=2 step 30750/277470 11.1% t=106.35496 eta_s=52859.1 E=-0.97011239 P=0.79273028 dP=-0.20692861 r12=8.05532135 Vg=0.00105892 norm=1.00000000 rank=24/256 sv_max=3.60e+03 resid=1.85e-01
progress N=2 step 31000/277470 11.2% t=106.47996 eta_s=52809.5 E=-0.96963846 P=0.79256730 dP=-0.20709159 r12=8.05333520 Vg=0.00106485 norm=1.00000000 rank=24/256 sv_max=3.43e+03 resid=2.02e-01
progress N=2 step 31250/277470 11.3% t=106.60496 eta_s=52763.7 E=-0.96916487 P=0.79237597 dP=-0.20728292 r12=8.05140483 Vg=0.00107018 norm=1.00000000 rank=25/256 sv_max=3.30e+03 resid=2.19e-01
progress N=2 step 31500/277470 11.4% t=106.72996 eta_s=52714.3 E=-0.96869164 P=0.79215885 dP=-0.20750004 r12=8.04955801 Vg=0.00107481 norm=1.00000000 rank=24/256 sv_max=3.24e+03 resid=2.36e-01
progress N=2 step 31750/277470 11.4% t=106.85496 eta_s=52663.0 E=-0.96821913 P=0.79192142 dP=-0.20773747 r12=8.04780114 Vg=0.00107845 norm=1.00000000 rank=24/256 sv_max=3.24e+03 resid=2.41e-01
progress N=2 step 32000/277470 11.5% t=106.97996 eta_s=52610.0 E=-0.96774679 P=0.79166832 dP=-0.20799057 r12=8.04609255 Vg=0.00108154 norm=1.00000000 rank=24/256 sv_max=3.30e+03 resid=2.33e-01
progress N=2 step 32250/277470 11.6% t=107.10496 eta_s=52543.2 E=-0.96727526 P=0.79140344 dP=-0.20825545 r12=8.04439837 Vg=0.00108431 norm=1.00000000 rank=24/256 sv_max=3.39e+03 resid=2.14e-01
progress N=2 step 32500/277470 11.7% t=107.22996 eta_s=52494.0 E=-0.96680403 P=0.79113052 dP=-0.20852837 r12=8.04269045 Vg=0.00108696 norm=1.00000000 rank=24/256 sv_max=3.49e+03 resid=1.90e-01
progress N=2 step 32750/277470 11.8% t=107.35496 eta_s=52439.3 E=-0.96633329 P=0.79085447 dP=-0.20880442 r12=8.04095877 Vg=0.00108971 norm=1.00000000 rank=24/256 sv_max=3.59e+03 resid=1.67e-01
progress N=2 step 33000/277470 11.9% t=107.47996 eta_s=52391.8 E=-0.96586322 P=0.79058110 dP=-0.20907779 r12=8.03921835 Vg=0.00109274 norm=1.00000000 rank=24/256 sv_max=3.68e+03 resid=1.50e-01
progress N=2 step 33250/277470 12.0% t=107.60496 eta_s=52345.3 E=-0.96539335 P=0.79031526 dP=-0.20934363 r12=8.03750297 Vg=0.00109614 norm=1.00000000 rank=24/256 sv_max=3.74e+03 resid=1.37e-01
progress N=2 step 33500/277470 12.1% t=107.72996 eta_s=52295.2 E=-0.96492444 P=0.79005847 dP=-0.20960042 r12=8.03584882 Vg=0.00109984 norm=1.00000000 rank=24/256 sv_max=3.74e+03 resid=1.28e-01
progress N=2 step 33750/277470 12.2% t=107.85496 eta_s=52249.7 E=-0.96445583 P=0.78980779 dP=-0.20985110 r12=8.03427948 Vg=0.00110370 norm=1.00000000 rank=24/256 sv_max=3.68e+03 resid=1.23e-01
progress N=2 step 34000/277470 12.3% t=107.97996 eta_s=52198.9 E=-0.96398791 P=0.78955711 dP=-0.21010178 r12=8.03280219 Vg=0.00110753 norm=1.00000000 rank=24/256 sv_max=3.56e+03 resid=1.19e-01
progress N=2 step 34250/277470 12.3% t=108.10496 eta_s=52151.0 E=-0.96352073 P=0.78930043 dP=-0.21035846 r12=8.03140994 Vg=0.00111125 norm=1.00000000 rank=24/256 sv_max=3.40e+03 resid=1.16e-01
progress N=2 step 34500/277470 12.4% t=108.22996 eta_s=52100.9 E=-0.96305398 P=0.78903361 dP=-0.21062528 r12=8.03008224 Vg=0.00111489 norm=1.00000000 rank=24/256 sv_max=3.25e+03 resid=1.12e-01
progress N=2 step 34750/277470 12.5% t=108.35496 eta_s=52050.7 E=-0.96258843 P=0.78875519 dP=-0.21090370 r12=8.02879641 Vg=0.00111887 norm=1.00000000 rank=25/256 sv_max=3.19e+03 resid=1.07e-01
progress N=2 step 35000/277470 12.6% t=108.47996 eta_s=51991.4 E=-0.96212333 P=0.78846390 dP=-0.21119499 r12=8.02754814 Vg=0.00112285 norm=1.00000000 rank=25/256 sv_max=3.22e+03 resid=1.02e-01
progress N=2 step 35250/277470 12.7% t=108.60496 eta_s=51937.2 E=-0.96165914 P=0.78815878 dP=-0.21150012 r12=8.02628869 Vg=0.00112665 norm=1.00000000 rank=25/256 sv_max=3.31e+03 resid=9.87e-02
progress N=2 step 35500/277470 12.8% t=108.72996 eta_s=51888.8 E=-0.96119576 P=0.78784003 dP=-0.21181886 r12=8.02496960 Vg=0.00113047 norm=1.00000000 rank=25/256 sv_max=3.44e+03 resid=9.74e-02
progress N=2 step 35750/277470 12.9% t=108.85496 eta_s=51837.0 E=-0.96073292 P=0.78750912 dP=-0.21214977 r12=8.02356626 Vg=0.00113467 norm=1.00000000 rank=25/256 sv_max=3.60e+03 resid=9.79e-02
progress N=2 step 36000/277470 13.0% t=108.97996 eta_s=51783.0 E=-0.96027125 P=0.78716938 dP=-0.21248952 r12=8.02209054 Vg=0.00113955 norm=1.00000000 rank=24/256 sv_max=3.75e+03 resid=1.00e-01
progress N=2 step 36250/277470 13.1% t=109.10496 eta_s=51728.9 E=-0.95981004 P=0.78682433 dP=-0.21283456 r12=8.02057317 Vg=0.00114517 norm=1.00000000 rank=24/256 sv_max=3.84e+03 resid=1.05e-01
progress N=2 step 36500/277470 13.2% t=109.22996 eta_s=51676.4 E=-0.95934976 P=0.78647730 dP=-0.21318159 r12=8.01904713 Vg=0.00115170 norm=1.00000000 rank=24/256 sv_max=3.87e+03 resid=1.12e-01
progress N=2 step 36750/277470 13.2% t=109.35496 eta_s=51616.1 E=-0.95889023 P=0.78612968 dP=-0.21352921 r12=8.01755300 Vg=0.00115892 norm=1.00000000 rank=24/256 sv_max=3.85e+03 resid=1.22e-01
progress N=2 step 37000/277470 13.3% t=109.47996 eta_s=51547.1 E=-0.95843126 P=0.78577760 dP=-0.21388129 r12=8.01610728 Vg=0.00116626 norm=1.00000000 rank=24/256 sv_max=3.77e+03 resid=1.34e-01
progress N=2 step 37250/277470 13.4% t=109.60496 eta_s=51492.6 E=-0.95797341 P=0.78541424 dP=-0.21424465 r12=8.01469239 Vg=0.00117301 norm=1.00000000 rank=24/256 sv_max=3.64e+03 resid=1.48e-01
progress N=2 step 37500/277470 13.5% t=109.72996 eta_s=51443.1 E=-0.95751603 P=0.78503462 dP=-0.21462427 r12=8.01326798 Vg=0.00117866 norm=1.00000000 rank=24/256 sv_max=3.46e+03 resid=1.62e-01
progress N=2 step 37750/277470 13.6% t=109.85496 eta_s=51396.0 E=-0.95705950 P=0.78463803 dP=-0.21502086 r12=8.01179914 Vg=0.00118317 norm=1.00000000 rank=24/256 sv_max=3.31e+03 resid=1.71e-01
progress N=2 step 38000/277470 13.7% t=109.97996 eta_s=51348.8 E=-0.95660361 P=0.78422687 dP=-0.21543202 r12=8.01027580 Vg=0.00118684 norm=1.00000000 rank=24/256 sv_max=3.23e+03 resid=1.74e-01
progress N=2 step 38250/277470 13.8% t=110.10496 eta_s=51300.1 E=-0.95614818 P=0.78381140 dP=-0.21584749 r12=8.00874562 Vg=0.00119035 norm=1.00000000 rank=25/256 sv_max=3.30e+03 resid=1.72e-01
progress N=2 step 38500/277470 13.9% t=110.22996 eta_s=51245.2 E=-0.95569352 P=0.78338820 dP=-0.21627069 r12=8.00722235 Vg=0.00119377 norm=1.00000000 rank=25/256 sv_max=3.40e+03 resid=1.70e-01
progress N=2 step 38750/277470 14.0% t=110.35496 eta_s=51195.1 E=-0.95523922 P=0.78296039 dP=-0.21669850 r12=8.00570082 Vg=0.00119768 norm=1.00000000 rank=25/256 sv_max=3.49e+03 resid=1.68e-01
progress N=2 step 39000/277470 14.1% t=110.47996 eta_s=51141.6 E=-0.95478566 P=0.78253394 dP=-0.21712495 r12=8.00420503 Vg=0.00120282 norm=1.00000000 rank=25/256 sv_max=3.55e+03 resid=1.66e-01
progress N=2 step 39250/277470 14.1% t=110.60496 eta_s=51093.3 E=-0.95433270 P=0.78211359 dP=-0.21754530 r12=8.00277938 Vg=0.00120969 norm=1.00000000 rank=25/256 sv_max=3.56e+03 resid=1.59e-01
progress N=2 step 39500/277470 14.2% t=110.72996 eta_s=51041.1 E=-0.95388035 P=0.78170105 dP=-0.21795784 r12=8.00146177 Vg=0.00121828 norm=1.00000000 rank=25/256 sv_max=3.52e+03 resid=1.50e-01
progress N=2 step 39750/277470 14.3% t=110.85496 eta_s=50995.6 E=-0.95342898 P=0.78129549 dP=-0.21836340 r12=8.00026240 Vg=0.00122804 norm=1.00000000 rank=25/256 sv_max=3.44e+03 resid=1.40e-01
progress N=2 step 40000/277470 14.4% t=110.97996 eta_s=50949.4 E=-0.95297821 P=0.78089331 dP=-0.21876558 r12=7.99916253 Vg=0.00123798 norm=1.00000000 rank=25/256 sv_max=3.31e+03 resid=1.30e-01
progress N=2 step 40250/277470 14.5% t=111.10496 eta_s=50905.1 E=-0.95252843 P=0.78048820 dP=-0.21917069 r12=7.99812067 Vg=0.00124683 norm=1.00000000 rank=25/256 sv_max=3.17e+03 resid=1.24e-01
progress N=2 step 40500/277470 14.6% t=111.22996 eta_s=50846.8 E=-0.95207944 P=0.78007639 dP=-0.21958250 r12=7.99708129 Vg=0.00125364 norm=1.00000000 rank=25/256 sv_max=3.04e+03 resid=1.20e-01
progress N=2 step 40750/277470 14.7% t=111.35496 eta_s=50786.4 E=-0.95163117 P=0.77966196 dP=-0.21999693 r12=7.99599871 Vg=0.00125831 norm=1.00000000 rank=25/256 sv_max=2.96e+03 resid=1.19e-01
progress N=2 step 41000/277470 14.8% t=111.47996 eta_s=50737.0 E=-0.95118391 P=0.77925084 dP=-0.22040805 r12=7.99484700 Vg=0.00126137 norm=1.00000000 rank=25/256 sv_max=2.97e+03 resid=1.18e-01
progress N=2 step 41250/277470 14.9% t=111.60496 eta_s=50688.4 E=-0.95073722 P=0.77884660 dP=-0.22081229 r12=7.99361902 Vg=0.00126365 norm=1.00000000 rank=25/256 sv_max=3.09e+03 resid=1.19e-01
progress N=2 step 41500/277470 15.0% t=111.72996 eta_s=50637.7 E=-0.95029143 P=0.77845319 dP=-0.22120570 r12=7.99233207 Vg=0.00126610 norm=1.00000000 rank=25/256 sv_max=3.30e+03 resid=1.19e-01
progress N=2 step 41750/277470 15.0% t=111.85496 eta_s=50578.5 E=-0.94984634 P=0.77807391 dP=-0.22158498 r12=7.99102426 Vg=0.00126960 norm=1.00000000 rank=25/256 sv_max=3.57e+03 resid=1.20e-01
progress N=2 step 42000/277470 15.1% t=111.97996 eta_s=50530.9 E=-0.94940192 P=0.77770534 dP=-0.22195355 r12=7.98973436 Vg=0.00127449 norm=1.00000000 rank=24/256 sv_max=3.78e+03 resid=1.22e-01
progress N=2 step 42250/277470 15.2% t=112.10496 eta_s=50483.8 E=-0.94895853 P=0.77734503 dP=-0.22231386 r12=7.98848008 Vg=0.00128111 norm=1.00000000 rank=24/256 sv_max=3.89e+03 resid=1.23e-01
progress N=2 step 42500/277470 15.3% t=112.22996 eta_s=50433.6 E=-0.94851581 P=0.77699003 dP=-0.22266886 r12=7.98729547 Vg=0.00128952 norm=1.00000000 rank=24/256 sv_max=3.92e+03 resid=1.21e-01
progress N=2 step 42750/277470 15.4% t=112.35496 eta_s=50387.3 E=-0.94807415 P=0.77663114 dP=-0.22302775 r12=7.98620778 Vg=0.00129886 norm=1.00000000 rank=24/256 sv_max=3.88e+03 resid=1.17e-01
progress N=2 step 43000/277470 15.5% t=112.47996 eta_s=50337.8 E=-0.94763335 P=0.77625659 dP=-0.22340230 r12=7.98522655 Vg=0.00130775 norm=1.00000000 rank=24/256 sv_max=3.75e+03 resid=1.14e-01
progress N=2 step 43250/277470 15.6% t=112.60496 eta_s=50290.7 E=-0.94719334 P=0.77585565 dP=-0.22380324 r12=7.98433539 Vg=0.00131508 norm=1.00000000 rank=24/256 sv_max=3.54e+03 resid=1.12e-01
progress N=2 step 43500/277470 15.7% t=112.72996 eta_s=50241.1 E=-0.94675441 P=0.77542305 dP=-0.22423584 r12=7.98350233 Vg=0.00132066 norm=1.00000000 rank=24/256 sv_max=3.33e+03 resid=1.14e-01
progress N=2 step 43750/277470 15.8% t=112.85496 eta_s=50186.1 E=-0.94631610 P=0.77495999 dP=-0.22469890 r12=7.98270217 Vg=0.00132541 norm=1.00000000 rank=25/256 sv_max=3.22e+03 resid=1.15e-01
progress N=2 step 44000/277470 15.9% t=112.97996 eta_s=50134.9 E=-0.94587872 P=0.77446947 dP=-0.22518942 r12=7.98196267 Vg=0.00133051 norm=1.00000000 rank=25/256 sv_max=3.30e+03 resid=1.14e-01
progress N=2 step 44250/277470 15.9% t=113.10496 eta_s=50080.9 E=-0.94544207 P=0.77395319 dP=-0.22570570 r12=7.98134163 Vg=0.00133561 norm=1.00000000 rank=25/256 sv_max=3.43e+03 resid=1.14e-01
progress N=2 step 44500/277470 16.0% t=113.22996 eta_s=50034.1 E=-0.94500605 P=0.77341700 dP=-0.22624189 r12=7.98083614 Vg=0.00134110 norm=1.00000000 rank=25/256 sv_max=3.54e+03 resid=1.16e-01
progress N=2 step 44750/277470 16.1% t=113.35496 eta_s=49984.8 E=-0.94457106 P=0.77286767 dP=-0.22679122 r12=7.98042944 Vg=0.00134767 norm=1.00000000 rank=25/256 sv_max=3.60e+03 resid=1.20e-01
progress N=2 step 45000/277470 16.2% t=113.47996 eta_s=49938.9 E=-0.94413671 P=0.77230985 dP=-0.22734904 r12=7.98011937 Vg=0.00135602 norm=1.00000000 rank=25/256 sv_max=3.63e+03 resid=1.24e-01
progress N=2 step 45250/277470 16.3% t=113.60496 eta_s=49891.4 E=-0.94370339 P=0.77174475 dP=-0.22791414 r12=7.97991176 Vg=0.00136641 norm=1.00000000 rank=24/256 sv_max=3.67e+03 resid=1.26e-01
progress N=2 step 45500/277470 16.4% t=113.72996 eta_s=49843.6 E=-0.94327104 P=0.77116888 dP=-0.22849002 r12=7.97981960 Vg=0.00137849 norm=1.00000000 rank=24/256 sv_max=3.75e+03 resid=1.25e-01
progress N=2 step 45750/277470 16.5% t=113.85496 eta_s=49797.5 E=-0.94283958 P=0.77057860 dP=-0.22908029 r12=7.97986206 Vg=0.00139101 norm=1.00000000 rank=24/256 sv_max=3.79e+03 resid=1.23e-01
progress N=2 step 46000/277470 16.6% t=113.97996 eta_s=49748.8 E=-0.94240940 P=0.76997315 dP=-0.22968574 r12=7.98001432 Vg=0.00140264 norm=1.00000000 rank=24/256 sv_max=3.77e+03 resid=1.23e-01
progress N=2 step 46250/277470 16.7% t=114.10496 eta_s=49702.6 E=-0.94198006 P=0.76935141 dP=-0.23030749 r12=7.98022868 Vg=0.00141220 norm=1.00000000 rank=24/256 sv_max=3.64e+03 resid=1.25e-01
progress N=2 step 46500/277470 16.8% t=114.22996 eta_s=49653.2 E=-0.94155185 P=0.76871691 dP=-0.23094198 r12=7.98046300 Vg=0.00141930 norm=1.00000000 rank=25/256 sv_max=3.47e+03 resid=1.29e-01
progress N=2 step 46750/277470 16.8% t=114.35496 eta_s=49606.2 E=-0.94112468 P=0.76807412 dP=-0.23158477 r12=7.98069436 Vg=0.00142411 norm=1.00000000 rank=25/256 sv_max=3.30e+03 resid=1.32e-01
progress N=2 step 47000/277470 16.9% t=114.47996 eta_s=49559.1 E=-0.94069836 P=0.76743294 dP=-0.23222596 r12=7.98091689 Vg=0.00142795 norm=1.00000000 rank=25/256 sv_max=3.23e+03 resid=1.31e-01
progress N=2 step 47250/277470 17.0% t=114.60496 eta_s=49506.4 E=-0.94027332 P=0.76680111 dP=-0.23285778 r12=7.98115424 Vg=0.00143176 norm=1.00000000 rank=25/256 sv_max=3.29e+03 resid=1.27e-01
progress N=2 step 47500/277470 17.1% t=114.72996 eta_s=49455.6 E=-0.93984907 P=0.76618554 dP=-0.23347335 r12=7.98141901 Vg=0.00143633 norm=1.00000000 rank=25/256 sv_max=3.48e+03 resid=1.20e-01
progress N=2 step 47750/277470 17.2% t=114.85496 eta_s=49395.8 E=-0.93942587 P=0.76558670 dP=-0.23407219 r12=7.98169907 Vg=0.00144191 norm=1.00000000 rank=24/256 sv_max=3.70e+03 resid=1.13e-01
progress N=2 step 48000/277470 17.3% t=114.97996 eta_s=49341.9 E=-0.93900372 P=0.76499988 dP=-0.23465901 r12=7.98195010 Vg=0.00144823 norm=1.00000000 rank=24/256 sv_max=3.86e+03 resid=1.07e-01
progress N=2 step 48250/277470 17.4% t=115.10496 eta_s=49294.7 E=-0.93858245 P=0.76441893 dP=-0.23523997 r12=7.98213194 Vg=0.00145479 norm=1.00000000 rank=24/256 sv_max=3.92e+03 resid=1.02e-01
progress N=2 step 48500/277470 17.5% t=115.22996 eta_s=49248.9 E=-0.93816245 P=0.76383723 dP=-0.23582166 r12=7.98222530 Vg=0.00146073 norm=1.00000000 rank=24/256 sv_max=3.88e+03 resid=9.72e-02
progress N=2 step 48750/277470 17.6% t=115.35496 eta_s=49203.7 E=-0.93774335 P=0.76325109 dP=-0.23640780 r12=7.98223695 Vg=0.00146549 norm=1.00000000 rank=24/256 sv_max=3.78e+03 resid=9.41e-02
progress N=2 step 49000/277470 17.7% t=115.47996 eta_s=49156.1 E=-0.93732531 P=0.76265979 dP=-0.23699910 r12=7.98219348 Vg=0.00146894 norm=1.00000000 rank=24/256 sv_max=3.69e+03 resid=9.27e-02
progress N=2 step 49250/277470 17.7% t=115.60496 eta_s=49111.3 E=-0.93690832 P=0.76206380 dP=-0.23759509 r12=7.98211986 Vg=0.00147137 norm=1.00000000 rank=24/256 sv_max=3.62e+03 resid=9.31e-02
progress N=2 step 49500/277470 17.8% t=115.72996 eta_s=49057.1 E=-0.93649221 P=0.76146325 dP=-0.23819564 r12=7.98202757 Vg=0.00147331 norm=1.00000000 rank=24/256 sv_max=3.59e+03 resid=9.51e-02
progress N=2 step 49750/277470 17.9% t=115.85496 eta_s=49008.5 E=-0.93607727 P=0.76085825 dP=-0.23880064 r12=7.98192471 Vg=0.00147545 norm=1.00000000 rank=24/256 sv_max=3.58e+03 resid=9.77e-02
progress N=2 step 50000/277470 18.0% t=115.97996 eta_s=48962.1 E=-0.93566323 P=0.76024989 dP=-0.23940900 r12=7.98182533 Vg=0.00147840 norm=1.00000000 rank=24/256 sv_max=3.61e+03 resid=1.00e-01
progress N=2 step 50250/277470 18.1% t=116.10496 eta_s=48914.0 E=-0.93525022 P=0.75963992 dP=-0.24001897 r12=7.98174690 Vg=0.00148259 norm=1.00000000 rank=24/256 sv_max=3.68e+03 resid=1.02e-01
progress N=2 step 50500/277470 18.2% t=116.22996 eta_s=48862.2 E=-0.93483829 P=0.75902914 dP=-0.24062975 r12=7.98170257 Vg=0.00148829 norm=1.00000000 rank=24/256 sv_max=3.79e+03 resid=1.04e-01
progress N=2 step 50750/277470 18.3% t=116.35496 eta_s=48812.0 E=-0.93442728 P=0.75841583 dP=-0.24124306 r12=7.98169581 Vg=0.00149556 norm=1.00000000 rank=24/256 sv_max=3.93e+03 resid=1.06e-01
progress N=2 step 51000/277470 18.4% t=116.47996 eta_s=48762.5 E=-0.93401748 P=0.75779652 dP=-0.24186237 r12=7.98172117 Vg=0.00150428 norm=1.00000000 rank=24/256 sv_max=4.05e+03 resid=1.09e-01
progress N=2 step 51250/277470 18.5% t=116.60496 eta_s=48712.7 E=-0.93360867 P=0.75716888 dP=-0.24249001 r12=7.98177183 Vg=0.00151408 norm=1.00000000 rank=24/256 sv_max=4.11e+03 resid=1.12e-01
progress N=2 step 51500/277470 18.6% t=116.72996 eta_s=48654.1 E=-0.93320089 P=0.75653386 dP=-0.24312503 r12=7.98184832 Vg=0.00152428 norm=1.00000000 rank=24/256 sv_max=4.08e+03 resid=1.17e-01
progress N=2 step 51750/277470 18.7% t=116.85496 eta_s=48602.4 E=-0.93279421 P=0.75589604 dP=-0.24376285 r12=7.98195928 Vg=0.00153409 norm=1.00000000 rank=24/256 sv_max=3.97e+03 resid=1.22e-01
progress N=2 step 52000/277470 18.7% t=116.97996 eta_s=48550.1 E=-0.93238840 P=0.75526179 dP=-0.24439710 r12=7.98211661 Vg=0.00154299 norm=1.00000000 rank=24/256 sv_max=3.81e+03 resid=1.29e-01
progress N=2 step 52250/277470 18.8% t=117.10496 eta_s=48502.3 E=-0.93198362 P=0.75463663 dP=-0.24502226 r12=7.98233032 Vg=0.00155083 norm=1.00000000 rank=24/256 sv_max=3.66e+03 resid=1.37e-01
progress N=2 step 52500/277470 18.9% t=117.22996 eta_s=48452.3 E=-0.93157970 P=0.75402439 dP=-0.24563450 r12=7.98260353 Vg=0.00155787 norm=1.00000000 rank=24/256 sv_max=3.55e+03 resid=1.42e-01
progress N=2 step 52750/277470 19.0% t=117.35496 eta_s=48403.9 E=-0.93117661 P=0.75342716 dP=-0.24623173 r12=7.98292740 Vg=0.00156453 norm=1.00000000 rank=24/256 sv_max=3.52e+03 resid=1.45e-01
progress N=2 step 53000/277470 19.1% t=117.47996 eta_s=48354.2 E=-0.93077452 P=0.75284492 dP=-0.24681397 r12=7.98327997 Vg=0.00157118 norm=1.00000000 rank=24/256 sv_max=3.58e+03 resid=1.42e-01
progress N=2 step 53250/277470 19.2% t=117.60496 eta_s=48304.9 E=-0.93037318 P=0.75227600 dP=-0.24738289 r12=7.98363021 Vg=0.00157795 norm=1.00000000 rank=24/256 sv_max=3.73e+03 resid=1.36e-01
progress N=2 step 53500/277470 19.3% t=117.72996 eta_s=48256.9 E=-0.92997277 P=0.75171788 dP=-0.24794101 r12=7.98394473 Vg=0.00158480 norm=1.00000000 rank=24/256 sv_max=3.93e+03 resid=1.27e-01
progress N=2 step 53750/277470 19.4% t=117.85496 eta_s=48206.7 E=-0.92957321 P=0.75116719 dP=-0.24849170 r12=7.98419434 Vg=0.00159164 norm=1.00000000 rank=24/256 sv_max=4.12e+03 resid=1.18e-01
progress N=2 step 54000/277470 19.5% t=117.97996 eta_s=48150.0 E=-0.92917444 P=0.75062038 dP=-0.24903851 r12=7.98436245 Vg=0.00159845 norm=1.00000000 rank=24/256 sv_max=4.24e+03 resid=1.11e-01
progress N=2 step 54250/277470 19.6% t=118.10496 eta_s=48093.0 E=-0.92877670 P=0.75007544 dP=-0.24958345 r12=7.98445343 Vg=0.00160528 norm=1.00000000 rank=24/256 sv_max=4.27e+03 resid=1.06e-01
progress N=2 step 54500/277470 19.6% t=118.22996 eta_s=48045.2 E=-0.92837976 P=0.74953289 dP=-0.25012600 r12=7.98449346 Vg=0.00161224 norm=1.00000000 rank=24/256 sv_max=4.22e+03 resid=1.03e-01
progress N=2 step 54750/277470 19.7% t=118.35496 eta_s=47996.4 E=-0.92798382 P=0.74899523 dP=-0.25066366 r12=7.98451890 Vg=0.00161945 norm=1.00000000 rank=24/256 sv_max=4.11e+03 resid=1.03e-01
progress N=2 step 55000/277470 19.8% t=118.47996 eta_s=47943.4 E=-0.92758885 P=0.74846514 dP=-0.25119375 r12=7.98456145 Vg=0.00162709 norm=1.00000000 rank=24/256 sv_max=3.99e+03 resid=1.04e-01
progress N=2 step 55250/277470 19.9% t=118.60496 eta_s=47891.0 E=-0.92719475 P=0.74794338 dP=-0.25171551 r12=7.98464509 Vg=0.00163529 norm=1.00000000 rank=24/256 sv_max=3.88e+03 resid=1.06e-01
progress N=2 step 55500/277470 20.0% t=118.72996 eta_s=47839.4 E=-0.92680184 P=0.74742728 dP=-0.25223161 r12=7.98478758 Vg=0.00164393 norm=1.00000000 rank=24/256 sv_max=3.79e+03 resid=1.08e-01
progress N=2 step 55750/277470 20.1% t=118.85496 eta_s=47788.2 E=-0.92640984 P=0.74691160 dP=-0.25274729 r12=7.98499669 Vg=0.00165265 norm=1.00000000 rank=24/256 sv_max=3.73e+03 resid=1.10e-01
progress N=2 step 56000/277470 20.2% t=118.97996 eta_s=47734.2 E=-0.92601891 P=0.74639032 dP=-0.25326857 r12=7.98526793 Vg=0.00166103 norm=1.00000000 rank=24/256 sv_max=3.72e+03 resid=1.11e-01
progress N=2 step 56250/277470 20.3% t=119.10496 eta_s=47678.7 E=-0.92562906 P=0.74585808 dP=-0.25380081 r12=7.98558941 Vg=0.00166883 norm=1.00000000 rank=24/256 sv_max=3.78e+03 resid=1.12e-01
progress N=2 step 56500/277470 20.4% t=119.22996 eta_s=47628.8 E=-0.92524012 P=0.74531107 dP=-0.25434782 r12=7.98594771 Vg=0.00167595 norm=1.00000000 rank=24/256 sv_max=3.91e+03 resid=1.11e-01
progress N=2 step 56750/277470 20.5% t=119.35496 eta_s=47577.0 E=-0.92485230 P=0.74474710 dP=-0.25491180 r12=7.98632810 Vg=0.00168237 norm=1.00000000 rank=24/256 sv_max=4.05e+03 resid=1.11e-01
progress N=2 step 57000/277470 20.5% t=119.47996 eta_s=47527.2 E=-0.92446534 P=0.74416582 dP=-0.25549307 r12=7.98671656 Vg=0.00168817 norm=1.00000000 rank=24/256 sv_max=4.16e+03 resid=1.12e-01
progress N=2 step 57250/277470 20.6% t=119.60496 eta_s=47475.9 E=-0.92407930 P=0.74356948 dP=-0.25608941 r12=7.98710975 Vg=0.00169345 norm=1.00000000 rank=24/256 sv_max=4.19e+03 resid=1.14e-01
progress N=2 step 57500/277470 20.7% t=119.72996 eta_s=47427.2 E=-0.92369423 P=0.74296237 dP=-0.25669652 r12=7.98752210 Vg=0.00169832 norm=1.00000000 rank=24/256 sv_max=4.15e+03 resid=1.17e-01
progress N=2 step 57750/277470 20.8% t=119.85496 eta_s=47378.7 E=-0.92330996 P=0.74234829 dP=-0.25731060 r12=7.98797970 Vg=0.00170291 norm=1.00000000 rank=24/256 sv_max=4.06e+03 resid=1.21e-01
progress N=2 step 58000/277470 20.9% t=119.97996 eta_s=47328.6 E=-0.92292673 P=0.74172789 dP=-0.25793100 r12=7.98850824 Vg=0.00170729 norm=1.00000000 rank=24/256 sv_max=3.97e+03 resid=1.25e-01
progress N=2 step 58250/277470 21.0% t=120.10496 eta_s=47279.9 E=-0.92254441 P=0.74109780 dP=-0.25856109 r12=7.98912397 Vg=0.00171142 norm=1.00000000 rank=24/256 sv_max=3.90e+03 resid=1.31e-01
progress N=2 step 58500/277470 21.1% t=120.22996 eta_s=47228.5 E=-0.92216303 P=0.74045235 dP=-0.25920654 r12=7.98982735 Vg=0.00171508 norm=1.00000000 rank=24/256 sv_max=3.86e+03 resid=1.36e-01
progress N=2 step 58750/277470 21.2% t=120.35496 eta_s=47178.8 E=-0.92178274 P=0.73978701 dP=-0.25987188 r12=7.99060159 Vg=0.00171803 norm=1.00000000 rank=24/256 sv_max=3.85e+03 resid=1.40e-01
progress N=2 step 59000/277470 21.3% t=120.47996 eta_s=47125.4 E=-0.92140335 P=0.73910117 dP=-0.26055772 r12=7.99141939 Vg=0.00172028 norm=1.00000000 rank=24/256 sv_max=3.86e+03 resid=1.43e-01
progress N=2 step 59250/277470 21.4% t=120.60496 eta_s=47075.2 E=-0.92102494 P=0.73839905 dP=-0.26125984 r12=7.99225171 Vg=0.00172220 norm=1.00000000 rank=24/256 sv_max=3.89e+03 resid=1.43e-01
progress N=2 step 59500/277470 21.4% t=120.72996 eta_s=47017.8 E=-0.92064741 P=0.73768869 dP=-0.26197020 r12=7.99307032 Vg=0.00172436 norm=1.00000000 rank=24/256 sv_max=3.96e+03 resid=1.40e-01
progress N=2 step 59750/277470 21.5% t=120.85496 eta_s=46959.5 E=-0.92027068 P=0.73698041 dP=-0.26267848 r12=7.99384810 Vg=0.00172744 norm=1.00000000 rank=24/256 sv_max=4.03e+03 resid=1.36e-01
progress N=2 step 60000/277470 21.6% t=120.97996 eta_s=46910.6 E=-0.91989479 P=0.73628535 dP=-0.26337354 r12=7.99456295 Vg=0.00173204 norm=1.00000000 rank=24/256 sv_max=4.09e+03 resid=1.32e-01
progress N=2 step 60250/277470 21.7% t=121.10496 eta_s=46860.5 E=-0.91951963 P=0.73561396 dP=-0.26404493 r12=7.99520119 Vg=0.00173852 norm=1.00000000 rank=24/256 sv_max=4.13e+03 resid=1.27e-01
progress N=2 step 60500/277470 21.8% t=121.22996 eta_s=46812.6 E=-0.91914525 P=0.73497401 dP=-0.26468488 r12=7.99575614 Vg=0.00174692 norm=1.00000000 rank=24/256 sv_max=4.15e+03 resid=1.23e-01
progress N=2 step 60750/277470 21.9% t=121.35496 eta_s=46763.8 E=-0.91877167 P=0.73436845 dP=-0.26529044 r12=7.99622418 Vg=0.00175679 norm=1.00000000 rank=24/256 sv_max=4.13e+03 resid=1.20e-01
progress N=2 step 61000/277470 22.0% t=121.47996 eta_s=46714.5 E=-0.91839888 P=0.73379404 dP=-0.26586485 r12=7.99660355 Vg=0.00176719 norm=1.00000000 rank=24/256 sv_max=4.08e+03 resid=1.18e-01
progress N=2 step 61250/277470 22.1% t=121.60496 eta_s=46665.9 E=-0.91802701 P=0.73324301 dP=-0.26641588 r12=7.99689395 Vg=0.00177685 norm=1.00000000 rank=24/256 sv_max=3.99e+03 resid=1.17e-01
progress N=2 step 61500/277470 22.2% t=121.72996 eta_s=46614.7 E=-0.91765601 P=0.73270774 dP=-0.26695115 r12=7.99709179 Vg=0.00178468 norm=1.00000000 rank=24/256 sv_max=3.87e+03 resid=1.19e-01
progress N=2 step 61750/277470 22.3% t=121.85496 eta_s=46564.1 E=-0.91728593 P=0.73218469 dP=-0.26747420 r12=7.99718959 Vg=0.00179023 norm=1.00000000 rank=24/256 sv_max=3.78e+03 resid=1.21e-01
progress N=2 step 62000/277470 22.3% t=121.97996 eta_s=46512.7 E=-0.91691677 P=0.73167429 dP=-0.26798460 r12=7.99718210 Vg=0.00179373 norm=1.00000000 rank=24/256 sv_max=3.74e+03 resid=1.22e-01
progress N=2 step 62250/277470 22.4% t=122.10496 eta_s=46462.3 E=-0.91654843 P=0.73118184 dP=-0.26847705 r12=7.99707320 Vg=0.00179583 norm=1.00000000 rank=25/256 sv_max=3.79e+03 resid=1.23e-01
progress N=2 step 62500/277470 22.5% t=122.22996 eta_s=46406.6 E=-0.91618092 P=0.73070806 dP=-0.26895084 r12=7.99685933 Vg=0.00179712 norm=1.00000000 rank=25/256 sv_max=3.86e+03 resid=1.24e-01
progress N=2 step 62750/277470 22.6% t=122.35496 eta_s=46352.9 E=-0.91581410 P=0.73025420 dP=-0.26940469 r12=7.99652862 Vg=0.00179870 norm=1.00000000 rank=25/256 sv_max=3.95e+03 resid=1.26e-01
progress N=2 step 63000/277470 22.7% t=122.47996 eta_s=46302.1 E=-0.91544794 P=0.72982456 dP=-0.26983433 r12=7.99609662 Vg=0.00180157 norm=1.00000000 rank=25/256 sv_max=4.07e+03 resid=1.28e-01
progress N=2 step 63250/277470 22.8% t=122.60496 eta_s=46248.1 E=-0.91508245 P=0.72941963 dP=-0.27023926 r12=7.99560569 Vg=0.00180604 norm=1.00000000 rank=24/256 sv_max=4.15e+03 resid=1.31e-01
progress N=2 step 63500/277470 22.9% t=122.72996 eta_s=46193.7 E=-0.91471756 P=0.72903066 dP=-0.27062823 r12=7.99509211 Vg=0.00181197 norm=1.00000000 rank=24/256 sv_max=4.20e+03 resid=1.33e-01
progress N=2 step 63750/277470 23.0% t=122.85496 eta_s=46138.7 E=-0.91435332 P=0.72864938 dP=-0.27100951 r12=7.99460265 Vg=0.00181909 norm=1.00000000 rank=24/256 sv_max=4.24e+03 resid=1.36e-01
progress N=2 step 64000/277470 23.1% t=122.97996 eta_s=46081.1 E=-0.91398973 P=0.72826590 dP=-0.27139299 r12=7.99418031 Vg=0.00182693 norm=1.00000000 rank=24/256 sv_max=4.23e+03 resid=1.39e-01
progress N=2 step 64250/277470 23.2% t=123.10496 eta_s=46030.6 E=-0.91362677 P=0.72787087 dP=-0.27178802 r12=7.99384951 Vg=0.00183497 norm=1.00000000 rank=24/256 sv_max=4.17e+03 resid=1.43e-01
progress N=2 step 64500/277470 23.2% t=123.22996 eta_s=45979.0 E=-0.91326453 P=0.72745815 dP=-0.27220074 r12=7.99360817 Vg=0.00184280 norm=1.00000000 rank=24/256 sv_max=4.05e+03 resid=1.48e-01
progress N=2 step 64750/277470 23.3% t=123.35496 eta_s=45927.6 E=-0.91290291 P=0.72702635 dP=-0.27263255 r12=7.99343302 Vg=0.00185033 norm=1.00000000 rank=24/256 sv_max=3.91e+03 resid=1.53e-01
progress N=2 step 65000/277470 23.4% t=123.47996 eta_s=45868.8 E=-0.91254193 P=0.72657855 dP=-0.27308034 r12=7.99329257 Vg=0.00185781 norm=1.00000000 rank=24/256 sv_max=3.80e+03 resid=1.58e-01
progress N=2 step 65250/277470 23.5% t=123.60496 eta_s=45814.8 E=-0.91218155 P=0.72612052 dP=-0.27353837 r12=7.99315497 Vg=0.00186562 norm=1.00000000 rank=24/256 sv_max=3.76e+03 resid=1.62e-01
progress N=2 step 65500/277470 23.6% t=123.72996 eta_s=45763.7 E=-0.91182169 P=0.72565805 dP=-0.27400084 r12=7.99298962 Vg=0.00187415 norm=1.00000000 rank=24/256 sv_max=3.79e+03 resid=1.68e-01
progress N=2 step 65750/277470 23.7% t=123.85496 eta_s=45711.5 E=-0.91146242 P=0.72519547 dP=-0.27446342 r12=7.99277204 Vg=0.00188367 norm=1.00000000 rank=24/256 sv_max=3.86e+03 resid=1.74e-01
progress N=2 step 66000/277470 23.8% t=123.97996 eta_s=45658.1 E=-0.91110367 P=0.72473253 dP=-0.27492636 r12=7.99248788 Vg=0.00189402 norm=1.00000000 rank=24/256 sv_max=3.93e+03 resid=1.82e-01
progress N=2 step 66250/277470 23.9% t=124.10496 eta_s=45602.7 E=-0.91074549 P=0.72427112 dP=-0.27538777 r12=7.99213868 Vg=0.00190470 norm=1.00000000 rank=24/256 sv_max=3.99e+03 resid=1.91e-01
progress N=2 step 66500/277470 24.0% t=124.22996 eta_s=45552.9 E=-0.91038793 P=0.72381146 dP=-0.27584743 r12=7.99174223 Vg=0.00191500 norm=1.00000000 rank=24/256 sv_max=4.02e+03 resid=2.03e-01
progress N=2 step 66750/277470 24.1% t=124.35496 eta_s=45502.0 E=-0.91003096 P=0.72335187 dP=-0.27630702 r12=7.99132522 Vg=0.00192406 norm=1.00000000 rank=24/256 sv_max=4.02e+03 resid=2.16e-01
progress N=2 step 67000/277470 24.1% t=124.47996 eta_s=45451.8 E=-0.90967467 P=0.72289032 dP=-0.27676857 r12=7.99091253 Vg=0.00193120 norm=1.00000000 rank=24/256 sv_max=3.98e+03 resid=2.29e-01
progress N=2 step 67250/277470 24.2% t=124.60496 eta_s=45401.9 E=-0.90931903 P=0.72242593 dP=-0.27723296 r12=7.99051625 Vg=0.00193611 norm=1.00000000 rank=24/256 sv_max=3.91e+03 resid=2.38e-01
progress N=2 step 67500/277470 24.3% t=124.72996 eta_s=45350.3 E=-0.90896405 P=0.72196026 dP=-0.27769863 r12=7.99013151 Vg=0.00193892 norm=1.00000000 rank=24/256 sv_max=3.84e+03 resid=2.38e-01
progress N=2 step 67750/277470 24.4% t=124.85496 eta_s=45293.5 E=-0.90860975 P=0.72149721 dP=-0.27816168 r12=7.98974217 Vg=0.00194020 norm=1.00000000 rank=24/256 sv_max=3.81e+03 resid=2.28e-01
progress N=2 step 68000/277470 24.5% t=124.97996 eta_s=45240.0 E=-0.90825602 P=0.72104245 dP=-0.27861644 r12=7.98933133 Vg=0.00194080 norm=1.00000000 rank=24/256 sv_max=3.82e+03 resid=2.12e-01
progress N=2 step 68250/277470 24.6% t=125.10496 eta_s=45189.6 E=-0.90790288 P=0.72060161 dP=-0.27905728 r12=7.98888683 Vg=0.00194166 norm=1.00000000 rank=24/256 sv_max=3.89e+03 resid=1.95e-01
progress N=2 step 68500/277470 24.7% t=125.22996 eta_s=45138.8 E=-0.90755025 P=0.72017814 dP=-0.27948075 r12=7.98840278 Vg=0.00194357 norm=1.00000000 rank=24/256 sv_max=3.98e+03 resid=1.80e-01
progress N=2 step 68750/277470 24.8% t=125.35496 eta_s=45085.6 E=-0.90719810 P=0.71977241 dP=-0.27988648 r12=7.98788103 Vg=0.00194707 norm=1.00000000 rank=24/256 sv_max=4.08e+03 resid=1.66e-01
progress N=2 step 69000/277470 24.9% t=125.47996 eta_s=45034.3 E=-0.90684650 P=0.71938225 dP=-0.28027664 r12=7.98733026 Vg=0.00195233 norm=1.00000000 rank=24/256 sv_max=4.15e+03 resid=1.56e-01
progress N=2 step 69250/277470 25.0% t=125.60496 eta_s=44982.5 E=-0.90649538 P=0.71900367 dP=-0.28065523 r12=7.98676277 Vg=0.00195917 norm=1.00000000 rank=24/256 sv_max=4.19e+03 resid=1.48e-01
progress N=2 step 69500/277470 25.0% t=125.72996 eta_s=44931.2 E=-0.90614477 P=0.71863167 dP=-0.28102722 r12=7.98619121 Vg=0.00196702 norm=1.00000000 rank=24/256 sv_max=4.19e+03 resid=1.43e-01
progress N=2 step 69750/277470 25.1% t=125.85496 eta_s=44878.2 E=-0.90579469 P=0.71826100 dP=-0.28139789 r12=7.98562646 Vg=0.00197516 norm=1.00000000 rank=24/256 sv_max=4.15e+03 resid=1.42e-01
progress N=2 step 70000/277470 25.2% t=125.97996 eta_s=44827.2 E=-0.90544517 P=0.71788680 dP=-0.28177209 r12=7.98507637 Vg=0.00198280 norm=1.00000000 rank=24/256 sv_max=4.08e+03 resid=1.44e-01
progress N=2 step 70250/277470 25.3% t=126.10496 eta_s=44776.2 E=-0.90509616 P=0.71750530 dP=-0.28215359 r12=7.98454548 Vg=0.00198924 norm=1.00000000 rank=24/256 sv_max=3.99e+03 resid=1.49e-01
progress N=2 step 70500/277470 25.4% t=126.22996 eta_s=44721.3 E=-0.90474774 P=0.71711481 dP=-0.28254408 r12=7.98403624 Vg=0.00199410 norm=1.00000000 rank=25/256 sv_max=3.91e+03 resid=1.57e-01
progress N=2 step 70750/277470 25.5% t=126.35496 eta_s=44669.7 E=-0.90439986 P=0.71671404 dP=-0.28294485 r12=7.98355285 Vg=0.00199764 norm=1.00000000 rank=24/256 sv_max=3.90e+03 resid=1.69e-01
progress N=2 step 71000/277470 25.6% t=126.47996 eta_s=44617.6 E=-0.90405250 P=0.71630609 dP=-0.28335280 r12=7.98309867 Vg=0.00200000 norm=1.00000000 rank=24/256 sv_max=3.93e+03 resid=1.83e-01
progress N=2 step 71250/277470 25.7% t=126.60496 eta_s=44566.6 E=-0.90370566 P=0.71589750 dP=-0.28376139 r12=7.98268466 Vg=0.00200196 norm=1.00000000 rank=24/256 sv_max=4.02e+03 resid=2.01e-01
progress N=2 step 71500/277470 25.8% t=126.72996 eta_s=44506.3 E=-0.90335924 P=0.71549375 dP=-0.28416514 r12=7.98232069 Vg=0.00200431 norm=1.00000000 rank=24/256 sv_max=4.14e+03 resid=2.22e-01
progress N=2 step 71750/277470 25.9% t=126.85496 eta_s=44454.9 E=-0.90301325 P=0.71509817 dP=-0.28456073 r12=7.98200879 Vg=0.00200759 norm=1.00000000 rank=24/256 sv_max=4.25e+03 resid=2.44e-01
progress N=2 step 72000/277470 25.9% t=126.97996 eta_s=44405.1 E=-0.90266767 P=0.71471311 dP=-0.28494578 r12=7.98174254 Vg=0.00201199 norm=1.00000000 rank=24/256 sv_max=4.34e+03 resid=2.61e-01
progress N=2 step 72250/277470 26.0% t=127.10496 eta_s=44347.5 E=-0.90232242 P=0.71433998 dP=-0.28531892 r12=7.98150773 Vg=0.00201741 norm=1.00000000 rank=24/256 sv_max=4.39e+03 resid=2.64e-01
progress N=2 step 72500/277470 26.1% t=127.22996 eta_s=44296.3 E=-0.90197755 P=0.71397879 dP=-0.28568010 r12=7.98128433 Vg=0.00202348 norm=1.00000000 rank=24/256 sv_max=4.40e+03 resid=2.54e-01
progress N=2 step 72750/277470 26.2% t=127.35496 eta_s=44244.9 E=-0.90163300 P=0.71362775 dP=-0.28603114 r12=7.98104706 Vg=0.00202974 norm=1.00000000 rank=24/256 sv_max=4.36e+03 resid=2.38e-01
progress N=2 step 73000/277470 26.3% t=127.47996 eta_s=44194.4 E=-0.90128879 P=0.71328342 dP=-0.28637547 r12=7.98076522 Vg=0.00203574 norm=1.00000000 rank=24/256 sv_max=4.27e+03 resid=2.22e-01
progress N=2 step 73250/277470 26.4% t=127.60496 eta_s=44137.1 E=-0.90094496 P=0.71294206 dP=-0.28671683 r12=7.98040597 Vg=0.00204119 norm=1.00000000 rank=24/256 sv_max=4.15e+03 resid=2.11e-01
progress N=2 step 73500/277470 26.5% t=127.72996 eta_s=44078.0 E=-0.90060143 P=0.71260148 dP=-0.28705741 r12=7.97994137 Vg=0.00204609 norm=1.00000000 rank=24/256 sv_max=4.02e+03 resid=2.03e-01
progress N=2 step 73750/277470 26.6% t=127.85496 eta_s=44019.1 E=-0.90025828 P=0.71226224 dP=-0.28739665 r12=7.97935506 Vg=0.00205074 norm=1.00000000 rank=24/256 sv_max=3.91e+03 resid=1.99e-01
progress N=2 step 74000/277470 26.7% t=127.97996 eta_s=43960.2 E=-0.89991547 P=0.71192753 dP=-0.28773136 r12=7.97864150 Vg=0.00205565 norm=1.00000000 rank=24/256 sv_max=3.87e+03 resid=1.96e-01
progress N=2 step 74250/277470 26.8% t=128.10496 eta_s=43901.7 E=-0.89957300 P=0.71160158 dP=-0.28805731 r12=7.97779987 Vg=0.00206140 norm=1.00000000 rank=25/256 sv_max=3.89e+03 resid=1.92e-01
progress N=2 step 74500/277470 26.8% t=128.22996 eta_s=43843.0 E=-0.89923091 P=0.71128508 dP=-0.28837381 r12=7.97682369 Vg=0.00206825 norm=1.00000000 rank=24/256 sv_max=3.96e+03 resid=1.89e-01
progress N=2 step 74750/277470 26.9% t=128.35496 eta_s=43784.6 E=-0.89888914 P=0.71097925 dP=-0.28867965 r12=7.97570553 Vg=0.00207624 norm=1.00000000 rank=24/256 sv_max=4.06e+03 resid=1.84e-01
progress N=2 step 75000/277470 27.0% t=128.47996 eta_s=43724.8 E=-0.89854777 P=0.71068207 dP=-0.28897682 r12=7.97444008 Vg=0.00208499 norm=1.00000000 rank=24/256 sv_max=4.20e+03 resid=1.78e-01
progress N=2 step 75250/277470 27.1% t=128.60496 eta_s=43662.5 E=-0.89820677 P=0.71039089 dP=-0.28926801 r12=7.97303225 Vg=0.00209382 norm=1.00000000 rank=24/256 sv_max=4.32e+03 resid=1.74e-01
progress N=2 step 75500/277470 27.2% t=128.72996 eta_s=43602.7 E=-0.89786614 P=0.71010359 dP=-0.28955530 r12=7.97150203 Vg=0.00210196 norm=1.00000000 rank=24/256 sv_max=4.41e+03 resid=1.71e-01
progress N=2 step 75750/277470 27.3% t=128.85496 eta_s=43540.4 E=-0.89752594 P=0.70981863 dP=-0.28984026 r12=7.96987918 Vg=0.00210879 norm=1.00000000 rank=24/256 sv_max=4.45e+03 resid=1.72e-01
progress N=2 step 76000/277470 27.4% t=128.97996 eta_s=43476.9 E=-0.89718609 P=0.70953401 dP=-0.29012488 r12=7.96819298 Vg=0.00211408 norm=1.00000000 rank=24/256 sv_max=4.42e+03 resid=1.77e-01
progress N=2 step 76250/277470 27.5% t=129.10496 eta_s=43411.4 E=-0.89684666 P=0.70924740 dP=-0.29041150 r12=7.96647203 Vg=0.00211808 norm=1.00000000 rank=24/256 sv_max=4.34e+03 resid=1.86e-01
progress N=2 step 76500/277470 27.6% t=129.22996 eta_s=43351.1 E=-0.89650765 P=0.70895769 dP=-0.29070120 r12=7.96474910 Vg=0.00212131 norm=1.00000000 rank=24/256 sv_max=4.24e+03 resid=2.00e-01
progress N=2 step 76750/277470 27.7% t=129.35496 eta_s=43292.7 E=-0.89616901 P=0.70866630 dP=-0.29099259 r12=7.96305889 Vg=0.00212439 norm=1.00000000 rank=24/256 sv_max=4.14e+03 resid=2.16e-01
progress N=2 step 77000/277470 27.8% t=129.47996 eta_s=43234.3 E=-0.89583079 P=0.70837648 dP=-0.29128241 r12=7.96143207 Vg=0.00212791 norm=1.00000000 rank=24/256 sv_max=4.06e+03 resid=2.33e-01
progress N=2 step 77250/277470 27.8% t=129.60496 eta_s=43176.2 E=-0.89549294 P=0.70809115 dP=-0.29156774 r12=7.95989048 Vg=0.00213223 norm=1.00000000 rank=24/256 sv_max=4.02e+03 resid=2.49e-01
progress N=2 step 77500/277470 27.9% t=129.72996 eta_s=43118.0 E=-0.89515544 P=0.70781059 dP=-0.29184830 r12=7.95844477 Vg=0.00213744 norm=1.00000000 rank=24/256 sv_max=4.02e+03 resid=2.63e-01
progress N=2 step 77750/277470 28.0% t=129.85496 eta_s=43059.8 E=-0.89481831 P=0.70753176 dP=-0.29212713 r12=7.95709502 Vg=0.00214328 norm=1.00000000 rank=24/256 sv_max=4.06e+03 resid=2.73e-01
progress N=2 step 78000/277470 28.1% t=129.97996 eta_s=43001.5 E=-0.89448145 P=0.70724950 dP=-0.29240939 r12=7.95583446 Vg=0.00214924 norm=1.00000000 rank=24/256 sv_max=4.12e+03 resid=2.79e-01
progress N=2 step 78250/277470 28.2% t=130.10496 eta_s=42943.2 E=-0.89414493 P=0.70695843 dP=-0.29270046 r12=7.95465491 Vg=0.00215472 norm=1.00000000 rank=24/256 sv_max=4.18e+03 resid=2.84e-01
progress N=2 step 78500/277470 28.3% t=130.22996 eta_s=42884.9 E=-0.89380868 P=0.70665461 dP=-0.29300428 r12=7.95355151 Vg=0.00215929 norm=1.00000000 rank=24/256 sv_max=4.21e+03 resid=2.86e-01
progress N=2 step 78750/277470 28.4% t=130.35496 eta_s=42826.6 E=-0.89347272 P=0.70633595 dP=-0.29332294 r12=7.95252437 Vg=0.00216282 norm=1.00000000 rank=24/256 sv_max=4.21e+03 resid=2.86e-01
progress N=2 step 79000/277470 28.5% t=130.47996 eta_s=42768.5 E=-0.89313708 P=0.70600201 dP=-0.29365688 r12=7.95157727 Vg=0.00216554 norm=1.00000000 rank=24/256 sv_max=4.19e+03 resid=2.82e-01
progress N=2 step 79250/277470 28.6% t=130.60496 eta_s=42710.8 E=-0.89280171 P=0.70565379 dP=-0.29400510 r12=7.95071435 Vg=0.00216789 norm=1.00000000 rank=24/256 sv_max=4.17e+03 resid=2.73e-01
progress N=2 step 79500/277470 28.7% t=130.72996 eta_s=42651.7 E=-0.89246674 P=0.70529358 dP=-0.29436531 r12=7.94993551 Vg=0.00217034 norm=1.00000000 rank=24/256 sv_max=4.15e+03 resid=2.57e-01
progress N=2 step 79750/277470 28.7% t=130.85496 eta_s=42590.3 E=-0.89213215 P=0.70492449 dP=-0.29473440 r12=7.94923166 Vg=0.00217329 norm=1.00000000 rank=24/256 sv_max=4.15e+03 resid=2.39e-01
progress N=2 step 80000/277470 28.8% t=130.97996 eta_s=42531.6 E=-0.89179796 P=0.70454972 dP=-0.29510917 r12=7.94858157 Vg=0.00217691 norm=1.00000000 rank=24/256 sv_max=4.16e+03 resid=2.21e-01
progress N=2 step 80250/277470 28.9% t=131.10496 eta_s=42473.8 E=-0.89146428 P=0.70417187 dP=-0.29548702 r12=7.94795244 Vg=0.00218119 norm=1.00000000 rank=24/256 sv_max=4.18e+03 resid=2.05e-01
progress N=2 step 80500/277470 29.0% t=131.22996 eta_s=42412.5 E=-0.89113094 P=0.70379309 dP=-0.29586580 r12=7.94730455 Vg=0.00218596 norm=1.00000000 rank=24/256 sv_max=4.18e+03 resid=1.92e-01
progress N=2 step 80750/277470 29.1% t=131.35496 eta_s=42353.3 E=-0.89079808 P=0.70341574 dP=-0.29624315 r12=7.94659844 Vg=0.00219104 norm=1.00000000 rank=24/256 sv_max=4.17e+03 resid=1.83e-01
progress N=2 step 81000/277470 29.2% t=131.47996 eta_s=42295.1 E=-0.89046565 P=0.70304303 dP=-0.29661586 r12=7.94580161 Vg=0.00219639 norm=1.00000000 rank=24/256 sv_max=4.15e+03 resid=1.77e-01
progress N=2 step 81250/277470 29.3% t=131.60496 eta_s=42233.2 E=-0.89013352 P=0.70267895 dP=-0.29697994 r12=7.94489185 Vg=0.00220208 norm=1.00000000 rank=24/256 sv_max=4.13e+03 resid=1.74e-01
progress N=2 step 81500/277470 29.4% t=131.72996 eta_s=42175.6 E=-0.88980183 P=0.70232763 dP=-0.29733127 r12=7.94385595 Vg=0.00220829 norm=1.00000000 rank=25/256 sv_max=4.12e+03 resid=1.72e-01
progress N=2 step 81750/277470 29.5% t=131.85496 eta_s=42118.0 E=-0.88947040 P=0.70198975 dP=-0.29766914 r12=7.94268266 Vg=0.00221496 norm=1.00000000 rank=25/256 sv_max=4.08e+03 resid=1.73e-01
progress N=2 step 82000/277470 29.6% t=131.97996 eta_s=42060.8 E=-0.88913933 P=0.70166493 dP=-0.29799396 r12=7.94137731 Vg=0.00222232 norm=1.00000000 rank=25/256 sv_max=4.03e+03 resid=1.76e-01
progress N=2 step 82250/277470 29.6% t=132.10496 eta_s=42003.4 E=-0.88880865 P=0.70135121 dP=-0.29830768 r12=7.93994816 Vg=0.00223034 norm=1.00000000 rank=25/256 sv_max=4.01e+03 resid=1.79e-01
progress N=2 step 82500/277470 29.7% t=132.22996 eta_s=41945.8 E=-0.88847821 P=0.70104138 dP=-0.29861751 r12=7.93840959 Vg=0.00223856 norm=1.00000000 rank=24/256 sv_max=4.04e+03 resid=1.79e-01
progress N=2 step 82750/277470 29.8% t=132.35496 eta_s=41883.4 E=-0.88814825 P=0.70072477 dP=-0.29893412 r12=7.93677461 Vg=0.00224610 norm=1.00000000 rank=24/256 sv_max=4.07e+03 resid=1.78e-01
progress N=2 step 83000/277470 29.9% t=132.47996 eta_s=41820.5 E=-0.88781862 P=0.70039691 dP=-0.29926198 r12=7.93507016 Vg=0.00225292 norm=1.00000000 rank=24/256 sv_max=4.13e+03 resid=1.77e-01
progress N=2 step 83250/277470 30.0% t=132.60496 eta_s=41763.1 E=-0.88748939 P=0.70005304 dP=-0.29960585 r12=7.93331253 Vg=0.00225913 norm=1.00000000 rank=24/256 sv_max=4.19e+03 resid=1.75e-01
progress N=2 step 83500/277470 30.1% t=132.72996 eta_s=41705.8 E=-0.88716064 P=0.69968968 dP=-0.29996921 r12=7.93150982 Vg=0.00226503 norm=1.00000000 rank=24/256 sv_max=4.21e+03 resid=1.75e-01
progress N=2 step 83750/277470 30.2% t=132.85496 eta_s=41648.6 E=-0.88683214 P=0.69930612 dP=-0.30035278 r12=7.92966912 Vg=0.00227097 norm=1.00000000 rank=24/256 sv_max=4.19e+03 resid=1.76e-01
progress N=2 step 84000/277470 30.3% t=132.97996 eta_s=41591.4 E=-0.88650409 P=0.69890592 dP=-0.30075297 r12=7.92780458 Vg=0.00227728 norm=1.00000000 rank=24/256 sv_max=4.15e+03 resid=1.79e-01
progress N=2 step 84250/277470 30.4% t=133.10496 eta_s=41534.4 E=-0.88617639 P=0.69849578 dP=-0.30116312 r12=7.92593766 Vg=0.00228431 norm=1.00000000 rank=24/256 sv_max=4.12e+03 resid=1.84e-01
progress N=2 step 84500/277470 30.5% t=133.22996 eta_s=41477.6 E=-0.88584901 P=0.69808212 dP=-0.30157677 r12=7.92409183 Vg=0.00229237 norm=1.00000000 rank=24/256 sv_max=4.11e+03 resid=1.93e-01
progress N=2 step 84750/277470 30.5% t=133.35496 eta_s=41421.0 E=-0.88552211 P=0.69766807 dP=-0.30199082 r12=7.92228722 Vg=0.00230158 norm=1.00000000 rank=24/256 sv_max=4.12e+03 resid=2.06e-01
progress N=2 step 85000/277470 30.6% t=133.47996 eta_s=41364.5 E=-0.88519550 P=0.69725271 dP=-0.30240618 r12=7.92053842 Vg=0.00231171 norm=1.00000000 rank=24/256 sv_max=4.12e+03 resid=2.23e-01
progress N=2 step 85250/277470 30.7% t=133.60496 eta_s=41308.2 E=-0.88486942 P=0.69683255 dP=-0.30282634 r12=7.91885424 Vg=0.00232207 norm=1.00000000 rank=24/256 sv_max=4.12e+03 resid=2.43e-01
progress N=2 step 85500/277470 30.8% t=133.72996 eta_s=41248.9 E=-0.88454382 P=0.69640420 dP=-0.30325470 r12=7.91724216 Vg=0.00233188 norm=1.00000000 rank=24/256 sv_max=4.10e+03 resid=2.64e-01
progress N=2 step 85750/277470 30.9% t=133.85496 eta_s=41188.8 E=-0.88421866 P=0.69596650 dP=-0.30369239 r12=7.91571301 Vg=0.00234062 norm=1.00000000 rank=24/256 sv_max=4.06e+03 resid=2.79e-01
progress N=2 step 86000/277470 31.0% t=133.97996 eta_s=41125.7 E=-0.88389408 P=0.69552036 dP=-0.30413853 r12=7.91427645 Vg=0.00234822 norm=1.00000000 rank=24/256 sv_max=4.00e+03 resid=2.80e-01
progress N=2 step 86250/277470 31.1% t=134.10496 eta_s=41067.9 E=-0.88356987 P=0.69507069 dP=-0.30458821 r12=7.91293607 Vg=0.00235501 norm=1.00000000 rank=24/256 sv_max=3.97e+03 resid=2.65e-01
progress N=2 step 86500/277470 31.2% t=134.22996 eta_s=41008.9 E=-0.88324616 P=0.69462984 dP=-0.30502905 r12=7.91169297 Vg=0.00236151 norm=1.00000000 rank=25/256 sv_max=4.02e+03 resid=2.37e-01
progress N=2 step 86750/277470 31.3% t=134.35496 eta_s=40952.3 E=-0.88292290 P=0.69418310 dP=-0.30547579 r12=7.91051147 Vg=0.00236732 norm=1.00000000 rank=25/256 sv_max=4.03e+03 resid=2.13e-01
progress N=2 step 87000/277470 31.4% t=134.47996 eta_s=40895.7 E=-0.88259997 P=0.69373816 dP=-0.30592073 r12=7.90936704 Vg=0.00237281 norm=1.00000000 rank=25/256 sv_max=4.00e+03 resid=1.94e-01
progress N=2 step 87250/277470 31.4% t=134.60496 eta_s=40839.5 E=-0.88227753 P=0.69330462 dP=-0.30635428 r12=7.90822599 Vg=0.00237839 norm=1.00000000 rank=25/256 sv_max=3.96e+03 resid=1.79e-01
progress N=2 step 87500/277470 31.5% t=134.72996 eta_s=40783.3 E=-0.88195543 P=0.69288195 dP=-0.30677694 r12=7.90705180 Vg=0.00238403 norm=1.00000000 rank=25/256 sv_max=3.96e+03 resid=1.66e-01
progress N=2 step 87750/277470 31.6% t=134.85496 eta_s=40727.0 E=-0.88163383 P=0.69246428 dP=-0.30719461 r12=7.90581525 Vg=0.00238936 norm=1.00000000 rank=25/256 sv_max=3.99e+03 resid=1.56e-01
progress N=2 step 88000/277470 31.7% t=134.97996 eta_s=40670.7 E=-0.88131278 P=0.69204538 dP=-0.30761351 r12=7.90449718 Vg=0.00239405 norm=1.00000000 rank=25/256 sv_max=4.05e+03 resid=1.48e-01
progress N=2 step 88250/277470 31.8% t=135.10496 eta_s=40614.3 E=-0.88099219 P=0.69162243 dP=-0.30803647 r12=7.90308764 Vg=0.00239815 norm=1.00000000 rank=24/256 sv_max=4.11e+03 resid=1.42e-01
progress N=2 step 88500/277470 31.9% t=135.22996 eta_s=40553.7 E=-0.88067229 P=0.69119478 dP=-0.30846411 r12=7.90157820 Vg=0.00240213 norm=1.00000000 rank=24/256 sv_max=4.14e+03 resid=1.40e-01
progress N=2 step 88750/277470 32.0% t=135.35496 eta_s=40497.9 E=-0.88035295 P=0.69075939 dP=-0.30889950 r12=7.89994841 Vg=0.00240617 norm=1.00000000 rank=24/256 sv_max=4.11e+03 resid=1.39e-01
progress N=2 step 89000/277470 32.1% t=135.47996 eta_s=40442.1 E=-0.88003427 P=0.69031460 dP=-0.30934429 r12=7.89818602 Vg=0.00241049 norm=1.00000000 rank=24/256 sv_max=4.05e+03 resid=1.40e-01
progress N=2 step 89250/277470 32.2% t=135.60496 eta_s=40382.9 E=-0.87971629 P=0.68985980 dP=-0.30979909 r12=7.89628418 Vg=0.00241526 norm=1.00000000 rank=25/256 sv_max=3.98e+03 resid=1.41e-01
progress N=2 step 89500/277470 32.3% t=135.72996 eta_s=40325.5 E=-0.87939881 P=0.68939253 dP=-0.31026637 r12=7.89426179 Vg=0.00242081 norm=1.00000000 rank=25/256 sv_max=3.90e+03 resid=1.45e-01
progress N=2 step 89750/277470 32.3% t=135.85496 eta_s=40265.4 E=-0.87908203 P=0.68892248 dP=-0.31073641 r12=7.89215207 Vg=0.00242827 norm=1.00000000 rank=25/256 sv_max=3.87e+03 resid=1.52e-01
progress N=2 step 90000/277470 32.4% t=135.97996 eta_s=40207.4 E=-0.87876580 P=0.68845413 dP=-0.31120476 r12=7.88996804 Vg=0.00243827 norm=1.00000000 rank=25/256 sv_max=3.92e+03 resid=1.57e-01
progress N=2 step 90250/277470 32.5% t=136.10496 eta_s=40150.7 E=-0.87845016 P=0.68798218 dP=-0.31167671 r12=7.88770894 Vg=0.00245059 norm=1.00000000 rank=25/256 sv_max=4.06e+03 resid=1.61e-01
progress N=2 step 90500/277470 32.6% t=136.22996 eta_s=40094.3 E=-0.87813518 P=0.68749263 dP=-0.31216626 r12=7.88538867 Vg=0.00246430 norm=1.00000000 rank=24/256 sv_max=4.19e+03 resid=1.65e-01
progress N=2 step 90750/277470 32.7% t=136.35496 eta_s=40036.9 E=-0.87782059 P=0.68699082 dP=-0.31266807 r12=7.88304281 Vg=0.00247902 norm=1.00000000 rank=24/256 sv_max=4.27e+03 resid=1.70e-01
progress N=2 step 91000/277470 32.8% t=136.47996 eta_s=39979.3 E=-0.87750667 P=0.68648371 dP=-0.31317518 r12=7.88070373 Vg=0.00249454 norm=1.00000000 rank=24/256 sv_max=4.30e+03 resid=1.75e-01
progress N=2 step 91250/277470 32.9% t=136.60496 eta_s=39922.9 E=-0.87719324 P=0.68596795 dP=-0.31369094 r12=7.87839703 Vg=0.00251043 norm=1.00000000 rank=24/256 sv_max=4.27e+03 resid=1.79e-01
progress N=2 step 91500/277470 33.0% t=136.72996 eta_s=39866.4 E=-0.87688035 P=0.68543893 dP=-0.31421996 r12=7.87614396 Vg=0.00252615 norm=1.00000000 rank=24/256 sv_max=4.22e+03 resid=1.83e-01
progress N=2 step 91750/277470 33.1% t=136.85496 eta_s=39807.5 E=-0.87656817 P=0.68489304 dP=-0.31476585 r12=7.87396408 Vg=0.00254116 norm=1.00000000 rank=24/256 sv_max=4.17e+03 resid=1.86e-01
progress N=2 step 92000/277470 33.2% t=136.97996 eta_s=39750.1 E=-0.87625635 P=0.68433001 dP=-0.31532888 r12=7.87187905 Vg=0.00255502 norm=1.00000000 rank=24/256 sv_max=4.14e+03 resid=1.88e-01
progress N=2 step 92250/277470 33.2% t=137.10496 eta_s=39694.2 E=-0.87594527 P=0.68375292 dP=-0.31590597 r12=7.86990723 Vg=0.00256750 norm=1.00000000 rank=24/256 sv_max=4.10e+03 resid=1.90e-01
progress N=2 step 92500/277470 33.3% t=137.22996 eta_s=39638.3 E=-0.87563477 P=0.68316444 dP=-0.31649445 r12=7.86805405 Vg=0.00257850 norm=1.00000000 rank=24/256 sv_max=4.01e+03 resid=1.94e-01
