job_id=605709
array_job_id=605469
array_task_id=6
job_name=vs3n2gk32
partition=epyc
node_list=doom
submit_dir=/home/gyqyan/zexuan/ecg1d_code/1D_thouless_pumping
workdir=/home/gyqyan/zexuan/ecg1d_code/1D_thouless_pumping
cpus_per_task=32
mem_per_node=16384
start_time=2026-07-09T15:11:33+08:00
case=gauss_sigma2p000
g_over_er=0.3
sigma=2.0
out_dir=out/vs3_n2_dt0p01_T160pi_K32_sweep/grid_ref/gauss_sigma2p000/g1024_dt0p01_T160pi
[config] grid=1024 dt=0.01 tmax=502.6548245743669 Vs/Er=3.0 Vl/Er=3.0 g/Er=0.3 fft_backend=scipy.fft fft_workers=32
progress grid N=2 step 250/50266 0.5% t=2.50000 eta_s=2918.4 P=0.98917237 dP=-0.01048652 r12=8.04593989 Vg=2.3187511e-06 norm=1.00000000
progress grid N=2 step 500/50266 1.0% t=5.00000 eta_s=2931.4 P=0.98032076 dP=-0.01933813 r12=8.04728932 Vg=2.2439314e-06 norm=1.00000000
progress grid N=2 step 750/50266 1.5% t=7.50000 eta_s=2913.0 P=0.96869699 dP=-0.03096190 r12=8.04953629 Vg=2.4343449e-06 norm=1.00000000
progress grid N=2 step 1000/50266 2.0% t=10.00000 eta_s=2898.0 P=0.96217582 dP=-0.03748307 r12=8.05218830 Vg=2.4498859e-06 norm=1.00000000
progress grid N=2 step 1250/50266 2.5% t=12.50000 eta_s=2881.9 P=0.95131678 dP=-0.04834211 r12=8.05517196 Vg=2.7247506e-06 norm=1.00000000
progress grid N=2 step 1500/50266 3.0% t=15.00000 eta_s=2870.9 P=0.94626736 dP=-0.05339153 r12=8.05512991 Vg=2.7319352e-06 norm=1.00000000
progress grid N=2 step 1750/50266 3.5% t=17.50000 eta_s=2857.5 P=0.93794786 dP=-0.06171103 r12=8.05410853 Vg=2.7260723e-06 norm=1.00000000
progress grid N=2 step 2000/50266 4.0% t=20.00000 eta_s=2844.9 P=0.93217594 dP=-0.06748295 r12=8.05406779 Vg=3.1214893e-06 norm=1.00000000
progress grid N=2 step 2250/50266 4.5% t=22.50000 eta_s=2833.4 P=0.92780711 dP=-0.07185178 r12=8.05239976 Vg=2.6977905e-06 norm=1.00000000
progress grid N=2 step 2500/50266 5.0% t=25.00000 eta_s=2820.0 P=0.92067414 dP=-0.07898475 r12=8.05498551 Vg=4.0804313e-06 norm=1.00000000
progress grid N=2 step 2750/50266 5.5% t=27.50000 eta_s=2806.2 P=0.91688372 dP=-0.08277517 r12=8.05465582 Vg=3.5618682e-06 norm=1.00000000
progress grid N=2 step 3000/50266 6.0% t=30.00000 eta_s=2791.2 P=0.91472002 dP=-0.08493887 r12=8.05621450 Vg=3.9011973e-06 norm=1.00000000
progress grid N=2 step 3250/50266 6.5% t=32.50000 eta_s=2776.0 P=0.90596124 dP=-0.09369765 r12=8.06046023 Vg=4.7223007e-06 norm=1.00000000
progress grid N=2 step 3500/50266 7.0% t=35.00000 eta_s=2762.4 P=0.90539331 dP=-0.09426558 r12=8.06252636 Vg=4.6756868e-06 norm=1.00000000
progress grid N=2 step 3750/50266 7.5% t=37.50000 eta_s=2748.3 P=0.90220755 dP=-0.09745134 r12=8.06290746 Vg=4.2139188e-06 norm=1.00000000
progress grid N=2 step 4000/50266 8.0% t=40.00000 eta_s=2735.1 P=0.89765493 dP=-0.10200396 r12=8.06688863 Vg=6.5992423e-06 norm=1.00000000
progress grid N=2 step 4250/50266 8.5% t=42.50000 eta_s=2721.0 P=0.89110091 dP=-0.10855798 r12=8.06908321 Vg=7.5346608e-06 norm=1.00000000
progress grid N=2 step 4500/50266 9.0% t=45.00000 eta_s=2706.6 P=0.89114148 dP=-0.10851741 r12=8.06839538 Vg=7.3236842e-06 norm=1.00000000
progress grid N=2 step 4750/50266 9.4% t=47.50000 eta_s=2692.7 P=0.88897808 dP=-0.11068081 r12=8.06708730 Vg=7.097802e-06 norm=1.00000000
progress grid N=2 step 5000/50266 9.9% t=50.00000 eta_s=2677.2 P=0.88453771 dP=-0.11512118 r12=8.06954833 Vg=9.948216e-06 norm=1.00000000
progress grid N=2 step 5250/50266 10.4% t=52.50000 eta_s=2662.5 P=0.87812987 dP=-0.12152902 r12=8.07453936 Vg=1.2919866e-05 norm=1.00000000
progress grid N=2 step 5500/50266 10.9% t=55.00000 eta_s=2648.5 P=0.87396106 dP=-0.12569783 r12=8.07759434 Vg=1.4088062e-05 norm=1.00000000
progress grid N=2 step 5750/50266 11.4% t=57.50000 eta_s=2634.1 P=0.87351591 dP=-0.12614298 r12=8.07958035 Vg=1.4747222e-05 norm=1.00000000
progress grid N=2 step 6000/50266 11.9% t=60.00000 eta_s=2620.2 P=0.87086447 dP=-0.12879442 r12=8.07929429 Vg=1.4513341e-05 norm=1.00000000
progress grid N=2 step 6250/50266 12.4% t=62.50000 eta_s=2605.7 P=0.86816667 dP=-0.13149222 r12=8.08437679 Vg=1.7719871e-05 norm=1.00000000
progress grid N=2 step 6500/50266 12.9% t=65.00000 eta_s=2589.6 P=0.86016166 dP=-0.13949723 r12=8.08902738 Vg=2.1248923e-05 norm=1.00000000
progress grid N=2 step 6750/50266 13.4% t=67.50000 eta_s=2572.9 P=0.85431048 dP=-0.14534841 r12=8.09679544 Vg=2.7688504e-05 norm=1.00000000
progress grid N=2 step 7000/50266 13.9% t=70.00000 eta_s=2556.0 P=0.84810740 dP=-0.15155149 r12=8.10095383 Vg=3.0333798e-05 norm=1.00000000
progress grid N=2 step 7250/50266 14.4% t=72.50000 eta_s=2538.1 P=0.84489083 dP=-0.15476806 r12=8.10429058 Vg=3.219327e-05 norm=1.00000000
progress grid N=2 step 7500/50266 14.9% t=75.00000 eta_s=2521.0 P=0.84254054 dP=-0.15711835 r12=8.10670970 Vg=3.4188288e-05 norm=1.00000000
progress grid N=2 step 7750/50266 15.4% t=77.50000 eta_s=2506.5 P=0.83801024 dP=-0.16164865 r12=8.10800088 Vg=3.5743029e-05 norm=1.00000000
progress grid N=2 step 8000/50266 15.9% t=80.00000 eta_s=2493.5 P=0.83348818 dP=-0.16617071 r12=8.11506991 Vg=4.1453177e-05 norm=1.00000000
progress grid N=2 step 8250/50266 16.4% t=82.50000 eta_s=2478.0 P=0.82403351 dP=-0.17562538 r12=8.12067745 Vg=4.6551728e-05 norm=1.00000000
progress grid N=2 step 8500/50266 16.9% t=85.00000 eta_s=2463.6 P=0.81475440 dP=-0.18490449 r12=8.13230741 Vg=5.6188491e-05 norm=1.00000000
progress grid N=2 step 8750/50266 17.4% t=87.50000 eta_s=2448.5 P=0.80352611 dP=-0.19613278 r12=8.14266711 Vg=6.3968255e-05 norm=1.00000000
progress grid N=2 step 9000/50266 17.9% t=90.00000 eta_s=2434.6 P=0.79223988 dP=-0.20741902 r12=8.15338844 Vg=7.1440487e-05 norm=1.00000000
progress grid N=2 step 9250/50266 18.4% t=92.50000 eta_s=2419.9 P=0.78257676 dP=-0.21708213 r12=8.16560125 Vg=8.0591463e-05 norm=1.00000000
progress grid N=2 step 9500/50266 18.9% t=95.00000 eta_s=2405.6 P=0.77157813 dP=-0.22808076 r12=8.17318058 Vg=8.3995083e-05 norm=1.00000000
progress grid N=2 step 9750/50266 19.4% t=97.50000 eta_s=2391.0 P=0.76242550 dP=-0.23723339 r12=8.18537090 Vg=9.3227512e-05 norm=1.00000000
progress grid N=2 step 10000/50266 19.9% t=100.00000 eta_s=2376.6 P=0.75102602 dP=-0.24863287 r12=8.19340626 Vg=9.9607329e-05 norm=1.00000000
progress grid N=2 step 10250/50266 20.4% t=102.50000 eta_s=2361.8 P=0.73842843 dP=-0.26123046 r12=8.20440953 Vg=0.00010801966 norm=1.00000000
progress grid N=2 step 10500/50266 20.9% t=105.00000 eta_s=2345.2 P=0.72420407 dP=-0.27545482 r12=8.21782928 Vg=0.00012096322 norm=1.00000000
progress grid N=2 step 10750/50266 21.4% t=107.50000 eta_s=2328.0 P=0.70571338 dP=-0.29394551 r12=8.22820745 Vg=0.00012952759 norm=1.00000000
progress grid N=2 step 11000/50266 21.9% t=110.00000 eta_s=2310.9 P=0.68573373 dP=-0.31392516 r12=8.24553500 Vg=0.00014650982 norm=1.00000000
progress grid N=2 step 11250/50266 22.4% t=112.50000 eta_s=2294.5 P=0.66186287 dP=-0.33779602 r12=8.25841696 Vg=0.00015723824 norm=1.00000000
progress grid N=2 step 11500/50266 22.9% t=115.00000 eta_s=2279.6 P=0.63513184 dP=-0.36452705 r12=8.27283052 Vg=0.00017049419 norm=1.00000000
progress grid N=2 step 11750/50266 23.4% t=117.50000 eta_s=2265.0 P=0.60677308 dP=-0.39288581 r12=8.28835448 Vg=0.00018501719 norm=1.00000000
progress grid N=2 step 12000/50266 23.9% t=120.00000 eta_s=2248.7 P=0.57553666 dP=-0.42412223 r12=8.29676971 Vg=0.00019001127 norm=1.00000000
progress grid N=2 step 12250/50266 24.4% t=122.50000 eta_s=2234.6 P=0.54331802 dP=-0.45634087 r12=8.30813629 Vg=0.00020307672 norm=1.00000000
progress grid N=2 step 12500/50266 24.9% t=125.00000 eta_s=2220.1 P=0.51040636 dP=-0.48925253 r12=8.31255555 Vg=0.00020478866 norm=1.00000000
progress grid N=2 step 12750/50266 25.4% t=127.50000 eta_s=2205.4 P=0.47663350 dP=-0.52302539 r12=8.31364685 Vg=0.00020757571 norm=1.00000000
progress grid N=2 step 13000/50266 25.9% t=130.00000 eta_s=2191.2 P=0.44359882 dP=-0.55606007 r12=8.31358922 Vg=0.00021023505 norm=1.00000000
progress grid N=2 step 13250/50266 26.4% t=132.50000 eta_s=2176.6 P=0.41162900 dP=-0.58802989 r12=8.30564512 Vg=0.0002019004 norm=1.00000000
progress grid N=2 step 13500/50266 26.9% t=135.00000 eta_s=2162.1 P=0.38050612 dP=-0.61915278 r12=8.29826158 Vg=0.00020024931 norm=1.00000000
progress grid N=2 step 13750/50266 27.4% t=137.50000 eta_s=2148.2 P=0.35239427 dP=-0.64726462 r12=8.28628858 Vg=0.00018939858 norm=1.00000000
progress grid N=2 step 14000/50266 27.9% t=140.00000 eta_s=2133.8 P=0.32644249 dP=-0.67321640 r12=8.27258034 Vg=0.00018103575 norm=1.00000000
