job_id=605552
array_job_id=605469
array_task_id=2
job_name=vs3n2gk32
partition=epyc
node_list=doom
submit_dir=/home/gyqyan/zexuan/ecg1d_code/1D_thouless_pumping
workdir=/home/gyqyan/zexuan/ecg1d_code/1D_thouless_pumping
cpus_per_task=32
mem_per_node=16384
start_time=2026-07-09T13:32:54+08:00
case=gauss_sigma0p750
g_over_er=0.3
sigma=0.75
out_dir=out/vs3_n2_dt0p01_T160pi_K32_sweep/grid_ref/gauss_sigma0p750/g1024_dt0p01_T160pi
[config] grid=1024 dt=0.01 tmax=502.6548245743669 Vs/Er=3.0 Vl/Er=3.0 g/Er=0.3 fft_backend=scipy.fft fft_workers=32
progress grid N=2 step 250/50266 0.5% t=2.50000 eta_s=2558.9 P=0.98917227 dP=-0.01048662 r12=8.04593273 Vg=7.7106565e-07 norm=1.00000000
progress grid N=2 step 500/50266 1.0% t=5.00000 eta_s=2604.9 P=0.98032190 dP=-0.01933699 r12=8.04729747 Vg=7.3242643e-07 norm=1.00000000
progress grid N=2 step 750/50266 1.5% t=7.50000 eta_s=2645.0 P=0.96869684 dP=-0.03096205 r12=8.04952696 Vg=8.0606464e-07 norm=1.00000000
progress grid N=2 step 1000/50266 2.0% t=10.00000 eta_s=2662.9 P=0.96217136 dP=-0.03748754 r12=8.05216915 Vg=8.7621237e-07 norm=1.00000000
progress grid N=2 step 1250/50266 2.5% t=12.50000 eta_s=2653.9 P=0.95132390 dP=-0.04833499 r12=8.05520217 Vg=9.4040381e-07 norm=1.00000000
progress grid N=2 step 1500/50266 3.0% t=15.00000 eta_s=2659.6 P=0.94625251 dP=-0.05340638 r12=8.05504075 Vg=9.7081828e-07 norm=1.00000000
progress grid N=2 step 1750/50266 3.5% t=17.50000 eta_s=2660.8 P=0.93795921 dP=-0.06169968 r12=8.05419963 Vg=8.3688644e-07 norm=1.00000000
progress grid N=2 step 2000/50266 4.0% t=20.00000 eta_s=2657.5 P=0.93216536 dP=-0.06749353 r12=8.05394079 Vg=7.4120436e-07 norm=1.00000000
progress grid N=2 step 2250/50266 4.5% t=22.50000 eta_s=2651.6 P=0.92780760 dP=-0.07185129 r12=8.05249591 Vg=7.6464446e-07 norm=1.00000000
progress grid N=2 step 2500/50266 5.0% t=25.00000 eta_s=2651.0 P=0.92068904 dP=-0.07896985 r12=8.05493134 Vg=6.8389231e-07 norm=1.00000000
progress grid N=2 step 2750/50266 5.5% t=27.50000 eta_s=2650.8 P=0.91685041 dP=-0.08280848 r12=8.05461169 Vg=8.682888e-07 norm=1.00000000
progress grid N=2 step 3000/50266 6.0% t=30.00000 eta_s=2643.7 P=0.91473512 dP=-0.08492377 r12=8.05615583 Vg=8.6902597e-07 norm=1.00000000
progress grid N=2 step 3250/50266 6.5% t=32.50000 eta_s=2641.5 P=0.90595878 dP=-0.09370011 r12=8.06063430 Vg=5.22277e-07 norm=1.00000000
progress grid N=2 step 3500/50266 7.0% t=35.00000 eta_s=2639.6 P=0.90538885 dP=-0.09427004 r12=8.06220410 Vg=5.0846208e-07 norm=1.00000000
progress grid N=2 step 3750/50266 7.5% t=37.50000 eta_s=2636.7 P=0.90218071 dP=-0.09747818 r12=8.06302193 Vg=6.7356132e-07 norm=1.00000000
progress grid N=2 step 4000/50266 8.0% t=40.00000 eta_s=2630.0 P=0.89769759 dP=-0.10196130 r12=8.06687823 Vg=6.6717091e-07 norm=1.00000000
progress grid N=2 step 4250/50266 8.5% t=42.50000 eta_s=2623.3 P=0.89107512 dP=-0.10858377 r12=8.06916754 Vg=4.4708794e-07 norm=1.00000000
progress grid N=2 step 4500/50266 9.0% t=45.00000 eta_s=2612.5 P=0.89113371 dP=-0.10852518 r12=8.06796420 Vg=4.059392e-07 norm=1.00000000
progress grid N=2 step 4750/50266 9.4% t=47.50000 eta_s=2605.5 P=0.88893602 dP=-0.11072287 r12=8.06705537 Vg=5.5278985e-07 norm=1.00000000
progress grid N=2 step 5000/50266 9.9% t=50.00000 eta_s=2597.0 P=0.88458807 dP=-0.11507082 r12=8.06968064 Vg=7.6068453e-07 norm=1.00000000
progress grid N=2 step 5250/50266 10.4% t=52.50000 eta_s=2588.0 P=0.87816322 dP=-0.12149567 r12=8.07472196 Vg=7.7124718e-07 norm=1.00000000
progress grid N=2 step 5500/50266 10.9% t=55.00000 eta_s=2578.6 P=0.87396331 dP=-0.12569558 r12=8.07738776 Vg=5.8760458e-07 norm=1.00000000
progress grid N=2 step 5750/50266 11.4% t=57.50000 eta_s=2569.5 P=0.87343159 dP=-0.12622730 r12=8.07885241 Vg=6.8124563e-07 norm=1.00000000
progress grid N=2 step 6000/50266 11.9% t=60.00000 eta_s=2558.4 P=0.87081616 dP=-0.12884273 r12=8.07924902 Vg=7.1217513e-07 norm=1.00000000
progress grid N=2 step 6250/50266 12.4% t=62.50000 eta_s=2546.8 P=0.86823845 dP=-0.13142044 r12=8.08418761 Vg=1.072605e-06 norm=1.00000000
progress grid N=2 step 6500/50266 12.9% t=65.00000 eta_s=2534.8 P=0.86020786 dP=-0.13945103 r12=8.08964281 Vg=1.3874477e-06 norm=1.00000000
progress grid N=2 step 6750/50266 13.4% t=67.50000 eta_s=2523.5 P=0.85440465 dP=-0.14525425 r12=8.09653415 Vg=2.0697143e-06 norm=1.00000000
progress grid N=2 step 7000/50266 13.9% t=70.00000 eta_s=2511.5 P=0.84806195 dP=-0.15159694 r12=8.10080982 Vg=2.2729906e-06 norm=1.00000000
progress grid N=2 step 7250/50266 14.4% t=72.50000 eta_s=2499.9 P=0.84484932 dP=-0.15480958 r12=8.10307094 Vg=2.3248181e-06 norm=1.00000000
progress grid N=2 step 7500/50266 14.9% t=75.00000 eta_s=2487.4 P=0.84233560 dP=-0.15732329 r12=8.10548109 Vg=2.5618843e-06 norm=1.00000000
progress grid N=2 step 7750/50266 15.4% t=77.50000 eta_s=2474.6 P=0.83795524 dP=-0.16170365 r12=8.10713480 Vg=2.841999e-06 norm=1.00000000
progress grid N=2 step 8000/50266 15.9% t=80.00000 eta_s=2459.8 P=0.83342933 dP=-0.16622956 r12=8.11402337 Vg=3.6086075e-06 norm=1.00000000
progress grid N=2 step 8250/50266 16.4% t=82.50000 eta_s=2442.1 P=0.82405033 dP=-0.17560856 r12=8.12067145 Vg=4.4756608e-06 norm=1.00000000
progress grid N=2 step 8500/50266 16.9% t=85.00000 eta_s=2424.2 P=0.81485656 dP=-0.18480233 r12=8.13160171 Vg=6.4484878e-06 norm=1.00000000
progress grid N=2 step 8750/50266 17.4% t=87.50000 eta_s=2406.0 P=0.80353568 dP=-0.19612322 r12=8.14218872 Vg=7.7380031e-06 norm=1.00000000
progress grid N=2 step 9000/50266 17.9% t=90.00000 eta_s=2388.8 P=0.79224314 dP=-0.20741575 r12=8.15175146 Vg=9.0542097e-06 norm=1.00000000
progress grid N=2 step 9250/50266 18.4% t=92.50000 eta_s=2371.3 P=0.78233935 dP=-0.21731954 r12=8.16293045 Vg=1.0566426e-05 norm=1.00000000
progress grid N=2 step 9500/50266 18.9% t=95.00000 eta_s=2354.4 P=0.77133829 dP=-0.22832060 r12=8.16986060 Vg=1.0856205e-05 norm=1.00000000
progress grid N=2 step 9750/50266 19.4% t=97.50000 eta_s=2337.6 P=0.76193071 dP=-0.23772818 r12=8.18025291 Vg=1.1599328e-05 norm=1.00000000
progress grid N=2 step 10000/50266 19.9% t=100.00000 eta_s=2321.5 P=0.75049280 dP=-0.24916609 r12=8.18836337 Vg=1.2546111e-05 norm=1.00000000
progress grid N=2 step 10250/50266 20.4% t=102.50000 eta_s=2306.0 P=0.73792768 dP=-0.26173121 r12=8.19827989 Vg=1.3308272e-05 norm=1.00000000
progress grid N=2 step 10500/50266 20.9% t=105.00000 eta_s=2291.3 P=0.72355493 dP=-0.27610396 r12=8.21133799 Vg=1.5144647e-05 norm=1.00000000
progress grid N=2 step 10750/50266 21.4% t=107.50000 eta_s=2278.9 P=0.70528925 dP=-0.29436964 r12=8.22210938 Vg=1.7824205e-05 norm=1.00000000
progress grid N=2 step 11000/50266 21.9% t=110.00000 eta_s=2265.0 P=0.68529500 dP=-0.31436389 r12=8.23837001 Vg=2.0430134e-05 norm=1.00000000
progress grid N=2 step 11250/50266 22.4% t=112.50000 eta_s=2252.9 P=0.66150292 dP=-0.33815597 r12=8.25170594 Vg=2.3718412e-05 norm=1.00000000
progress grid N=2 step 11500/50266 22.9% t=115.00000 eta_s=2240.1 P=0.63492796 dP=-0.36473094 r12=8.26536508 Vg=2.6913665e-05 norm=1.00000000
progress grid N=2 step 11750/50266 23.4% t=117.50000 eta_s=2226.9 P=0.60655517 dP=-0.39310372 r12=8.27981971 Vg=3.0074266e-05 norm=1.00000000
progress grid N=2 step 12000/50266 23.9% t=120.00000 eta_s=2211.0 P=0.57537180 dP=-0.42428709 r12=8.28784545 Vg=3.287515e-05 norm=1.00000000
progress grid N=2 step 12250/50266 24.4% t=122.50000 eta_s=2195.9 P=0.54318118 dP=-0.45647771 r12=8.29696896 Vg=3.5268352e-05 norm=1.00000000
progress grid N=2 step 12500/50266 24.9% t=125.00000 eta_s=2180.9 P=0.51021681 dP=-0.48944208 r12=8.30040621 Vg=3.8820803e-05 norm=1.00000000
progress grid N=2 step 12750/50266 25.4% t=127.50000 eta_s=2166.3 P=0.47643675 dP=-0.52322214 r12=8.29951536 Vg=4.1607097e-05 norm=1.00000000
progress grid N=2 step 13000/50266 25.9% t=130.00000 eta_s=2153.0 P=0.44340722 dP=-0.55625167 r12=8.29749050 Vg=4.6284923e-05 norm=1.00000000
progress grid N=2 step 13250/50266 26.4% t=132.50000 eta_s=2138.9 P=0.41142283 dP=-0.58823606 r12=8.28889151 Vg=5.1943087e-05 norm=1.00000000
progress grid N=2 step 13500/50266 26.9% t=135.00000 eta_s=2125.5 P=0.38041634 dP=-0.61924255 r12=8.27966774 Vg=5.8179274e-05 norm=1.00000000
progress grid N=2 step 13750/50266 27.4% t=137.50000 eta_s=2112.4 P=0.35234799 dP=-0.64731090 r12=8.26823345 Vg=6.6197934e-05 norm=1.00000000
progress grid N=2 step 14000/50266 27.9% t=140.00000 eta_s=2099.1 P=0.32664853 dP=-0.67301036 r12=8.25473050 Vg=7.3364154e-05 norm=1.00000000
progress grid N=2 step 14250/50266 28.3% t=142.50000 eta_s=2086.0 P=0.30365883 dP=-0.69600006 r12=8.24297800 Vg=7.9980898e-05 norm=1.00000000
progress grid N=2 step 14500/50266 28.8% t=145.00000 eta_s=2072.6 P=0.28496074 dP=-0.71469815 r12=8.23092977 Vg=8.5925317e-05 norm=1.00000000
progress grid N=2 step 14750/50266 29.3% t=147.50000 eta_s=2058.9 P=0.26832031 dP=-0.73133858 r12=8.22053913 Vg=9.1843028e-05 norm=1.00000000
progress grid N=2 step 15000/50266 29.8% t=150.00000 eta_s=2045.3 P=0.25523716 dP=-0.74442173 r12=8.21218784 Vg=9.7894309e-05 norm=1.00000000
progress grid N=2 step 15250/50266 30.3% t=152.50000 eta_s=2031.5 P=0.24436133 dP=-0.75529756 r12=8.20414363 Vg=0.00010677241 norm=1.00000000
progress grid N=2 step 15500/50266 30.8% t=155.00000 eta_s=2017.9 P=0.23391704 dP=-0.76574185 r12=8.19746684 Vg=0.00011721313 norm=1.00000000
progress grid N=2 step 15750/50266 31.3% t=157.50000 eta_s=2004.2 P=0.22507430 dP=-0.77458459 r12=8.19047543 Vg=0.0001281121 norm=1.00000000
progress grid N=2 step 16000/50266 31.8% t=160.00000 eta_s=1990.8 P=0.21433665 dP=-0.78532224 r12=8.18223962 Vg=0.00014009656 norm=1.00000000
progress grid N=2 step 16250/50266 32.3% t=162.50000 eta_s=1977.2 P=0.20376287 dP=-0.79589602 r12=8.17440852 Vg=0.00015029287 norm=1.00000000
progress grid N=2 step 16500/50266 32.8% t=165.00000 eta_s=1963.3 P=0.19216196 dP=-0.80749693 r12=8.16424324 Vg=0.00015920702 norm=1.00000000
progress grid N=2 step 16750/50266 33.3% t=167.50000 eta_s=1949.5 P=0.18026060 dP=-0.81939829 r12=8.15520853 Vg=0.00016547508 norm=1.00000000
progress grid N=2 step 17000/50266 33.8% t=170.00000 eta_s=1935.4 P=0.17124846 dP=-0.82841043 r12=8.14785215 Vg=0.00016957697 norm=1.00000000
progress grid N=2 step 17250/50266 34.3% t=172.50000 eta_s=1921.7 P=0.16282738 dP=-0.83683151 r12=8.14149748 Vg=0.00016981344 norm=1.00000000
progress grid N=2 step 17500/50266 34.8% t=175.00000 eta_s=1907.8 P=0.15922351 dP=-0.84043538 r12=8.14028603 Vg=0.00016959734 norm=1.00000000
progress grid N=2 step 17750/50266 35.3% t=177.50000 eta_s=1893.1 P=0.15640258 dP=-0.84325631 r12=8.13846700 Vg=0.00017320199 norm=1.00000000
progress grid N=2 step 18000/50266 35.8% t=180.00000 eta_s=1877.7 P=0.15396140 dP=-0.84569749 r12=8.13815351 Vg=0.00017515839 norm=1.00000000
progress grid N=2 step 18250/50266 36.3% t=182.50000 eta_s=1861.8 P=0.15036176 dP=-0.84929713 r12=8.13513382 Vg=0.0001829095 norm=1.00000000
progress grid N=2 step 18500/50266 36.8% t=185.00000 eta_s=1846.0 P=0.14284206 dP=-0.85681684 r12=8.12966768 Vg=0.00018842787 norm=1.00000000
progress grid N=2 step 18750/50266 37.3% t=187.50000 eta_s=1830.1 P=0.13607553 dP=-0.86358336 r12=8.12468646 Vg=0.00019124439 norm=1.00000000
progress grid N=2 step 19000/50266 37.8% t=190.00000 eta_s=1814.3 P=0.12885784 dP=-0.87080105 r12=8.11960483 Vg=0.00018988305 norm=1.00000000
progress grid N=2 step 19250/50266 38.3% t=192.50000 eta_s=1799.2 P=0.12728455 dP=-0.87237434 r12=8.12073363 Vg=0.00018549294 norm=1.00000000
progress grid N=2 step 19500/50266 38.8% t=195.00000 eta_s=1784.3 P=0.12630536 dP=-0.87335353 r12=8.12087304 Vg=0.00018344943 norm=1.00000000
progress grid N=2 step 19750/50266 39.3% t=197.50000 eta_s=1770.0 P=0.12482817 dP=-0.87483072 r12=8.12134842 Vg=0.00018365232 norm=1.00000000
progress grid N=2 step 20000/50266 39.8% t=200.00000 eta_s=1755.4 P=0.11920404 dP=-0.88045485 r12=8.11677156 Vg=0.00019063924 norm=1.00000000
progress grid N=2 step 20250/50266 40.3% t=202.50000 eta_s=1741.3 P=0.11207168 dP=-0.88758721 r12=8.11292749 Vg=0.00019212812 norm=1.00000000
progress grid N=2 step 20500/50266 40.8% t=205.00000 eta_s=1727.5 P=0.10930920 dP=-0.89034970 r12=8.11235865 Vg=0.00018852107 norm=1.00000000
progress grid N=2 step 20750/50266 41.3% t=207.50000 eta_s=1713.5 P=0.10866486 dP=-0.89099403 r12=8.11362269 Vg=0.00018332872 norm=1.00000000
progress grid N=2 step 21000/50266 41.8% t=210.00000 eta_s=1699.4 P=0.10700003 dP=-0.89265886 r12=8.11310884 Vg=0.00018539526 norm=1.00000000
progress grid N=2 step 21250/50266 42.3% t=212.50000 eta_s=1685.3 P=0.09897471 dP=-0.90068418 r12=8.10831351 Vg=0.00018898009 norm=1.00000000
progress grid N=2 step 21500/50266 42.8% t=215.00000 eta_s=1671.4 P=0.09553504 dP=-0.90412385 r12=8.10827730 Vg=0.00018901535 norm=1.00000000
progress grid N=2 step 21750/50266 43.3% t=217.50000 eta_s=1657.5 P=0.09451512 dP=-0.90514378 r12=8.10886760 Vg=0.00018410125 norm=1.00000000
progress grid N=2 step 22000/50266 43.8% t=220.00000 eta_s=1643.5 P=0.09069606 dP=-0.90896283 r12=8.10757881 Vg=0.00018638909 norm=1.00000000
progress grid N=2 step 22250/50266 44.3% t=222.50000 eta_s=1629.4 P=0.08227885 dP=-0.91738004 r12=8.10410985 Vg=0.00019075222 norm=1.00000000
progress grid N=2 step 22500/50266 44.8% t=225.00000 eta_s=1615.3 P=0.08231660 dP=-0.91734229 r12=8.10643429 Vg=0.000186561 norm=1.00000000
progress grid N=2 step 22750/50266 45.3% t=227.50000 eta_s=1601.2 P=0.07588676 dP=-0.92377213 r12=8.10346706 Vg=0.00018644924 norm=1.00000000
progress grid N=2 step 23000/50266 45.8% t=230.00000 eta_s=1587.2 P=0.06878315 dP=-0.93087574 r12=8.10326999 Vg=0.0001932848 norm=1.00000000
progress grid N=2 step 23250/50266 46.3% t=232.50000 eta_s=1572.9 P=0.06670105 dP=-0.93295784 r12=8.10271736 Vg=0.00018936902 norm=1.00000000
progress grid N=2 step 23500/50266 46.8% t=235.00000 eta_s=1558.8 P=0.05605204 dP=-0.94360685 r12=8.10129873 Vg=0.00019372608 norm=1.00000000
progress grid N=2 step 23750/50266 47.2% t=237.50000 eta_s=1544.6 P=0.05308711 dP=-0.94657178 r12=8.10119089 Vg=0.00019264924 norm=1.00000000
progress grid N=2 step 24000/50266 47.7% t=240.00000 eta_s=1530.4 P=0.04132570 dP=-0.95833319 r12=8.09978282 Vg=0.00019296236 norm=1.00000000
progress grid N=2 step 24250/50266 48.2% t=242.50000 eta_s=1516.2 P=0.03692505 dP=-0.96273384 r12=8.09983920 Vg=0.00019397476 norm=1.00000000
progress grid N=2 step 24500/50266 48.7% t=245.00000 eta_s=1501.9 P=0.02293313 dP=-0.97672576 r12=8.09893166 Vg=0.000194872 norm=1.00000000
progress grid N=2 step 24750/50266 49.2% t=247.50000 eta_s=1487.7 P=0.01860691 dP=-0.98105198 r12=8.09853467 Vg=0.00019444568 norm=1.00000000
progress grid N=2 step 25000/50266 49.7% t=250.00000 eta_s=1473.5 P=0.00195063 dP=-0.99770826 r12=8.09902520 Vg=0.000197841 norm=1.00000000
progress grid N=2 step 25250/50266 50.2% t=252.50000 eta_s=1459.0 P=-0.00158227 dP=-1.00124116 r12=8.09787300 Vg=0.00019546956 norm=1.00000000
progress grid N=2 step 25500/50266 50.7% t=255.00000 eta_s=1444.7 P=-0.01890490 dP=-1.01856379 r12=8.09938520 Vg=0.00019645828 norm=1.00000000
progress grid N=2 step 25750/50266 51.2% t=257.50000 eta_s=1430.4 P=-0.02209269 dP=-1.02175158 r12=8.09857924 Vg=0.00019613254 norm=1.00000000
progress grid N=2 step 26000/50266 51.7% t=260.00000 eta_s=1416.2 P=-0.03752475 dP=-1.03718364 r12=8.10046336 Vg=0.00019352933 norm=1.00000000
progress grid N=2 step 26250/50266 52.2% t=262.50000 eta_s=1401.9 P=-0.04064971 dP=-1.04030860 r12=8.09927011 Vg=0.00019567881 norm=1.00000000
progress grid N=2 step 26500/50266 52.7% t=265.00000 eta_s=1387.5 P=-0.05341942 dP=-1.05307831 r12=8.10311385 Vg=0.0001907766 norm=1.00000000
progress grid N=2 step 26750/50266 53.2% t=267.50000 eta_s=1373.2 P=-0.05601816 dP=-1.05567705 r12=8.09984315 Vg=0.0001923661 norm=1.00000000
progress grid N=2 step 27000/50266 53.7% t=270.00000 eta_s=1358.8 P=-0.06646688 dP=-1.06612578 r12=8.10628157 Vg=0.00019163381 norm=1.00000000
progress grid N=2 step 27250/50266 54.2% t=272.50000 eta_s=1344.5 P=-0.06948244 dP=-1.06914133 r12=8.10166878 Vg=0.00018709119 norm=1.00000000
progress grid N=2 step 27500/50266 54.7% t=275.00000 eta_s=1330.2 P=-0.07536872 dP=-1.07502761 r12=8.10768082 Vg=0.00019509911 norm=1.00000000
progress grid N=2 step 27750/50266 55.2% t=277.50000 eta_s=1315.6 P=-0.08280080 dP=-1.08245969 r12=8.10631776 Vg=0.00018760755 norm=1.00000000
progress grid N=2 step 28000/50266 55.7% t=280.00000 eta_s=1301.0 P=-0.08261235 dP=-1.08227124 r12=8.10785552 Vg=0.00018646105 norm=1.00000000
progress grid N=2 step 28250/50266 56.2% t=282.50000 eta_s=1286.4 P=-0.09047422 dP=-1.09013311 r12=8.10837661 Vg=0.00019259242 norm=1.00000000
progress grid N=2 step 28500/50266 56.7% t=285.00000 eta_s=1271.6 P=-0.09471795 dP=-1.09437684 r12=8.11457250 Vg=0.00018830283 norm=1.00000000
progress grid N=2 step 28750/50266 57.2% t=287.50000 eta_s=1256.9 P=-0.09628616 dP=-1.09594505 r12=8.10879044 Vg=0.00018240003 norm=1.00000000
progress grid N=2 step 29000/50266 57.7% t=290.00000 eta_s=1242.2 P=-0.09910798 dP=-1.09876687 r12=8.11464035 Vg=0.00018930217 norm=1.00000000
progress grid N=2 step 29250/50266 58.2% t=292.50000 eta_s=1227.8 P=-0.10653881 dP=-1.10619770 r12=8.11681421 Vg=0.00019326353 norm=1.00000000
progress grid N=2 step 29500/50266 58.7% t=295.00000 eta_s=1212.8 P=-0.10936293 dP=-1.10902182 r12=8.12082276 Vg=0.00018829566 norm=1.00000000
progress grid N=2 step 29750/50266 59.2% t=297.50000 eta_s=1198.4 P=-0.10977217 dP=-1.10943107 r12=8.11665267 Vg=0.00018060732 norm=1.00000000
progress grid N=2 step 30000/50266 59.7% t=300.00000 eta_s=1183.8 P=-0.11286438 dP=-1.11252327 r12=8.12037732 Vg=0.00018278427 norm=1.00000000
progress grid N=2 step 30250/50266 60.2% t=302.50000 eta_s=1168.9 P=-0.11846709 dP=-1.11812598 r12=8.12607276 Vg=0.00019125742 norm=1.00000000
progress grid N=2 step 30500/50266 60.7% t=305.00000 eta_s=1153.9 P=-0.12521550 dP=-1.12487439 r12=8.13071976 Vg=0.0001942306 norm=1.00000000
progress grid N=2 step 30750/50266 61.2% t=307.50000 eta_s=1138.9 P=-0.12631716 dP=-1.12597605 r12=8.13337333 Vg=0.00018884057 norm=1.00000000
progress grid N=2 step 31000/50266 61.7% t=310.00000 eta_s=1124.0 P=-0.12837462 dP=-1.12803351 r12=8.13007855 Vg=0.00017714026 norm=1.00000000
progress grid N=2 step 31250/50266 62.2% t=312.50000 eta_s=1109.2 P=-0.12951002 dP=-1.12916891 r12=8.13528900 Vg=0.00017274195 norm=1.00000000
progress grid N=2 step 31500/50266 62.7% t=315.00000 eta_s=1094.8 P=-0.13614223 dP=-1.13580113 r12=8.13837110 Vg=0.00017350383 norm=1.00000000
progress grid N=2 step 31750/50266 63.2% t=317.50000 eta_s=1080.2 P=-0.14278845 dP=-1.14244735 r12=8.15046727 Vg=0.00017953114 norm=1.00000000
progress grid N=2 step 32000/50266 63.7% t=320.00000 eta_s=1065.6 P=-0.14954494 dP=-1.14920384 r12=8.15545612 Vg=0.0001837371 norm=1.00000000
progress grid N=2 step 32250/50266 64.2% t=322.50000 eta_s=1051.2 P=-0.15458198 dP=-1.15424087 r12=8.16076106 Vg=0.00018089487 norm=1.00000000
progress grid N=2 step 32500/50266 64.7% t=325.00000 eta_s=1036.8 P=-0.15643868 dP=-1.15609757 r12=8.16386320 Vg=0.00017164489 norm=1.00000000
progress grid N=2 step 32750/50266 65.2% t=327.50000 eta_s=1022.4 P=-0.16034374 dP=-1.16000264 r12=8.16440927 Vg=0.00015814955 norm=1.00000000
progress grid N=2 step 33000/50266 65.7% t=330.00000 eta_s=1008.0 P=-0.16368547 dP=-1.16334436 r12=8.17244792 Vg=0.00014636279 norm=1.00000000
progress grid N=2 step 33250/50266 66.1% t=332.50000 eta_s=993.6 P=-0.17136170 dP=-1.17102059 r12=8.17878668 Vg=0.00013646833 norm=1.00000000
progress grid N=2 step 33500/50266 66.6% t=335.00000 eta_s=979.1 P=-0.18050123 dP=-1.18016012 r12=8.19325159 Vg=0.00013164222 norm=1.00000000
progress grid N=2 step 33750/50266 67.1% t=337.50000 eta_s=964.7 P=-0.19110575 dP=-1.19076464 r12=8.20624242 Vg=0.0001302599 norm=1.00000000
progress grid N=2 step 34000/50266 67.6% t=340.00000 eta_s=950.2 P=-0.20317524 dP=-1.20283414 r12=8.21931921 Vg=0.00012865982 norm=1.00000000
progress grid N=2 step 34250/50266 68.1% t=342.50000 eta_s=935.8 P=-0.21318984 dP=-1.21284873 r12=8.23392010 Vg=0.0001271138 norm=1.00000000
progress grid N=2 step 34500/50266 68.6% t=345.00000 eta_s=921.4 P=-0.22433839 dP=-1.22399728 r12=8.24261239 Vg=0.0001207344 norm=1.00000000
progress grid N=2 step 34750/50266 69.1% t=347.50000 eta_s=906.9 P=-0.23385506 dP=-1.23351395 r12=8.25533975 Vg=0.00011020703 norm=1.00000000
progress grid N=2 step 35000/50266 69.6% t=350.00000 eta_s=892.5 P=-0.24394489 dP=-1.24360378 r12=8.26515655 Vg=9.8417643e-05 norm=1.00000000
progress grid N=2 step 35250/50266 70.1% t=352.50000 eta_s=878.0 P=-0.25588613 dP=-1.25554502 r12=8.27614495 Vg=8.4547877e-05 norm=1.00000000
progress grid N=2 step 35500/50266 70.6% t=355.00000 eta_s=863.5 P=-0.26846663 dP=-1.26812552 r12=8.29196879 Vg=7.0737794e-05 norm=1.00000000
progress grid N=2 step 35750/50266 71.1% t=357.50000 eta_s=848.9 P=-0.28494333 dP=-1.28460222 r12=8.30560641 Vg=5.9462811e-05 norm=1.00000000
progress grid N=2 step 36000/50266 71.6% t=360.00000 eta_s=834.4 P=-0.30369705 dP=-1.30335594 r12=8.32558480 Vg=4.9208409e-05 norm=1.00000000
progress grid N=2 step 36250/50266 72.1% t=362.50000 eta_s=819.9 P=-0.32551073 dP=-1.32516962 r12=8.34527729 Vg=4.1357399e-05 norm=1.00000000
progress grid N=2 step 36500/50266 72.6% t=365.00000 eta_s=805.4 P=-0.35098149 dP=-1.35064038 r12=8.36430130 Vg=3.6430447e-05 norm=1.00000000
progress grid N=2 step 36750/50266 73.1% t=367.50000 eta_s=790.8 P=-0.37839402 dP=-1.37805291 r12=8.38653444 Vg=3.241297e-05 norm=1.00000000
progress grid N=2 step 37000/50266 73.6% t=370.00000 eta_s=776.3 P=-0.40857193 dP=-1.40823083 r12=8.40245447 Vg=2.9759125e-05 norm=1.00000000
progress grid N=2 step 37250/50266 74.1% t=372.50000 eta_s=761.7 P=-0.44049549 dP=-1.44015438 r12=8.41842946 Vg=2.7498297e-05 norm=1.00000000
progress grid N=2 step 37500/50266 74.6% t=375.00000 eta_s=747.0 P=-0.47325721 dP=-1.47291610 r12=8.43061506 Vg=2.4515877e-05 norm=1.00000000
progress grid N=2 step 37750/50266 75.1% t=377.50000 eta_s=732.0 P=-0.50690186 dP=-1.50656076 r12=8.43605455 Vg=2.1271295e-05 norm=1.00000000
progress grid N=2 step 38000/50266 75.6% t=380.00000 eta_s=717.0 P=-0.54042064 dP=-1.54007953 r12=8.44101795 Vg=1.7146647e-05 norm=1.00000000
progress grid N=2 step 38250/50266 76.1% t=382.50000 eta_s=702.0 P=-0.57291702 dP=-1.57257592 r12=8.43878444 Vg=1.3450357e-05 norm=1.00000000
progress grid N=2 step 38500/50266 76.6% t=385.00000 eta_s=687.0 P=-0.60448967 dP=-1.60414856 r12=8.43425082 Vg=1.0559376e-05 norm=1.00000000
progress grid N=2 step 38750/50266 77.1% t=387.50000 eta_s=671.8 P=-0.63385582 dP=-1.63351471 r12=8.42786807 Vg=8.3685052e-06 norm=1.00000000
progress grid N=2 step 39000/50266 77.6% t=390.00000 eta_s=656.9 P=-0.66054619 dP=-1.66020509 r12=8.41788109 Vg=7.50206e-06 norm=1.00000000
progress grid N=2 step 39250/50266 78.1% t=392.50000 eta_s=642.1 P=-0.68492600 dP=-1.68458489 r12=8.40954442 Vg=6.562009e-06 norm=1.00000000
progress grid N=2 step 39500/50266 78.6% t=395.00000 eta_s=627.4 P=-0.70533644 dP=-1.70499533 r12=8.40035499 Vg=6.0111757e-06 norm=1.00000000
progress grid N=2 step 39750/50266 79.1% t=397.50000 eta_s=612.8 P=-0.72312791 dP=-1.72278680 r12=8.39325660 Vg=5.7251935e-06 norm=1.00000000
progress grid N=2 step 40000/50266 79.6% t=400.00000 eta_s=598.0 P=-0.73789075 dP=-1.73754964 r12=8.38816519 Vg=5.6705876e-06 norm=1.00000000
progress grid N=2 step 40250/50266 80.1% t=402.50000 eta_s=583.3 P=-0.74967439 dP=-1.74933328 r12=8.38421597 Vg=6.1523928e-06 norm=1.00000000
progress grid N=2 step 40500/50266 80.6% t=405.00000 eta_s=568.7 P=-0.76083745 dP=-1.76049634 r12=8.38186985 Vg=6.9213002e-06 norm=1.00000000
progress grid N=2 step 40750/50266 81.1% t=407.50000 eta_s=554.1 P=-0.77013925 dP=-1.76979814 r12=8.37897280 Vg=7.6715849e-06 norm=1.00000000
progress grid N=2 step 41000/50266 81.6% t=410.00000 eta_s=539.5 P=-0.78032670 dP=-1.77998559 r12=8.37521861 Vg=7.9104182e-06 norm=1.00000000
progress grid N=2 step 41250/50266 82.1% t=412.50000 eta_s=524.8 P=-0.79108127 dP=-1.79074016 r12=8.36925993 Vg=8.1119748e-06 norm=1.00000000
progress grid N=2 step 41500/50266 82.6% t=415.00000 eta_s=510.3 P=-0.80186169 dP=-1.80152058 r12=8.36204930 Vg=7.7951501e-06 norm=1.00000000
progress grid N=2 step 41750/50266 83.1% t=417.50000 eta_s=495.7 P=-0.81404082 dP=-1.81369971 r12=8.35231012 Vg=7.405345e-06 norm=1.00000000
progress grid N=2 step 42000/50266 83.6% t=420.00000 eta_s=481.3 P=-0.82392649 dP=-1.82358538 r12=8.34487970 Vg=7.225835e-06 norm=1.00000000
progress grid N=2 step 42250/50266 84.1% t=422.50000 eta_s=466.7 P=-0.83281750 dP=-1.83247639 r12=8.33833711 Vg=8.1634508e-06 norm=1.00000000
progress grid N=2 step 42500/50266 84.6% t=425.00000 eta_s=452.2 P=-0.83856751 dP=-1.83822640 r12=8.33530689 Vg=1.0843581e-05 norm=1.00000000
progress grid N=2 step 42750/50266 85.0% t=427.50000 eta_s=437.7 P=-0.84158338 dP=-1.84124227 r12=8.33740133 Vg=1.4808023e-05 norm=1.00000000
progress grid N=2 step 43000/50266 85.5% t=430.00000 eta_s=423.2 P=-0.84445659 dP=-1.84411548 r12=8.33759358 Vg=1.9169691e-05 norm=1.00000000
progress grid N=2 step 43250/50266 86.0% t=432.50000 eta_s=408.7 P=-0.84703648 dP=-1.84669537 r12=8.33973457 Vg=2.1193132e-05 norm=1.00000000
progress grid N=2 step 43500/50266 86.5% t=435.00000 eta_s=394.2 P=-0.85321327 dP=-1.85287216 r12=8.33493999 Vg=2.2103298e-05 norm=1.00000000
progress grid N=2 step 43750/50266 87.0% t=437.50000 eta_s=379.6 P=-0.86003800 dP=-1.85969689 r12=8.32974830 Vg=2.0862702e-05 norm=1.00000000
progress grid N=2 step 44000/50266 87.5% t=440.00000 eta_s=365.1 P=-0.86732601 dP=-1.86698490 r12=8.32346741 Vg=1.8953557e-05 norm=1.00000000
progress grid N=2 step 44250/50266 88.0% t=442.50000 eta_s=350.6 P=-0.87166335 dP=-1.87132224 r12=8.32074484 Vg=1.9311373e-05 norm=1.00000000
progress grid N=2 step 44500/50266 88.5% t=445.00000 eta_s=336.0 P=-0.87252538 dP=-1.87218427 r12=8.32477408 Vg=2.3345376e-05 norm=1.00000000
progress grid N=2 step 44750/50266 89.0% t=447.50000 eta_s=321.3 P=-0.87383652 dP=-1.87349541 r12=8.32532544 Vg=2.7711825e-05 norm=1.00000000
progress grid N=2 step 45000/50266 89.5% t=450.00000 eta_s=306.7 P=-0.87703116 dP=-1.87669005 r12=8.32617147 Vg=2.8474686e-05 norm=1.00000000
progress grid N=2 step 45250/50266 90.0% t=452.50000 eta_s=292.1 P=-0.88433689 dP=-1.88399578 r12=8.31798356 Vg=2.6959102e-05 norm=1.00000000
progress grid N=2 step 45500/50266 90.5% t=455.00000 eta_s=277.5 P=-0.88898425 dP=-1.88864314 r12=8.31695408 Vg=2.4231549e-05 norm=1.00000000
progress grid N=2 step 45750/50266 91.0% t=457.50000 eta_s=263.0 P=-0.89068548 dP=-1.89034437 r12=8.31690739 Vg=2.5928746e-05 norm=1.00000000
progress grid N=2 step 46000/50266 91.5% t=460.00000 eta_s=248.4 P=-0.89099410 dP=-1.89065300 r12=8.32131254 Vg=2.8877037e-05 norm=1.00000000
progress grid N=2 step 46250/50266 92.0% t=462.50000 eta_s=233.9 P=-0.89656248 dP=-1.89622138 r12=8.31668795 Vg=3.0475192e-05 norm=1.00000000
progress grid N=2 step 46500/50266 92.5% t=465.00000 eta_s=219.3 P=-0.90281936 dP=-1.90247825 r12=8.31311643 Vg=2.7336042e-05 norm=1.00000000
progress grid N=2 step 46750/50266 93.0% t=467.50000 eta_s=204.8 P=-0.90445984 dP=-1.90411873 r12=8.31453652 Vg=2.6714891e-05 norm=1.00000000
progress grid N=2 step 47000/50266 93.5% t=470.00000 eta_s=190.3 P=-0.90609108 dP=-1.90574997 r12=8.31657396 Vg=2.9873428e-05 norm=1.00000000
progress grid N=2 step 47250/50266 94.0% t=472.50000 eta_s=175.7 P=-0.91353710 dP=-1.91319599 r12=8.31160835 Vg=2.9598934e-05 norm=1.00000000
progress grid N=2 step 47500/50266 94.5% t=475.00000 eta_s=161.2 P=-0.91764125 dP=-1.91730014 r12=8.31138118 Vg=2.7003243e-05 norm=1.00000000
progress grid N=2 step 47750/50266 95.0% t=477.50000 eta_s=146.6 P=-0.91919807 dP=-1.91885696 r12=8.31350419 Vg=2.9853816e-05 norm=1.00000000
progress grid N=2 step 48000/50266 95.5% t=480.00000 eta_s=132.1 P=-0.92812763 dP=-1.92778653 r12=8.30925356 Vg=3.0027958e-05 norm=1.00000000
progress grid N=2 step 48250/50266 96.0% t=482.50000 eta_s=117.5 P=-0.93131879 dP=-1.93097768 r12=8.31049495 Vg=2.7539993e-05 norm=1.00000000
progress grid N=2 step 48500/50266 96.5% t=485.00000 eta_s=102.9 P=-0.93744577 dP=-1.93710466 r12=8.31015713 Vg=3.1010123e-05 norm=1.00000000
progress grid N=2 step 48750/50266 97.0% t=487.50000 eta_s=88.4 P=-0.94612542 dP=-1.94578431 r12=8.30729500 Vg=2.816561e-05 norm=1.00000000
progress grid N=2 step 49000/50266 97.5% t=490.00000 eta_s=73.8 P=-0.95017124 dP=-1.94983013 r12=8.30986897 Vg=3.0515736e-05 norm=1.00000000
progress grid N=2 step 49250/50266 98.0% t=492.50000 eta_s=59.2 P=-0.96249634 dP=-1.96215523 r12=8.30551616 Vg=2.9229973e-05 norm=1.00000000
progress grid N=2 step 49500/50266 98.5% t=495.00000 eta_s=44.6 P=-0.96693124 dP=-1.96659013 r12=8.30867906 Vg=3.0921335e-05 norm=1.00000000
progress grid N=2 step 49750/50266 99.0% t=497.50000 eta_s=30.1 P=-0.98070746 dP=-1.98036636 r12=8.30510575 Vg=3.0377125e-05 norm=1.00000000
progress grid N=2 step 50000/50266 99.5% t=500.00000 eta_s=15.5 P=-0.98747315 dP=-1.98713204 r12=8.30762257 Vg=3.2010446e-05 norm=1.00000000
progress grid N=2 step 50250/50266 100.0% t=502.50000 eta_s=0.9 P=-0.99979567 dP=-1.99945456 r12=8.30562724 Vg=3.1662989e-05 norm=1.00000000
progress grid N=2 step 50266/50266 100.0% t=502.65482 eta_s=0.0 P=-0.99973698 dP=-1.99939587 r12=8.30606865 Vg=3.1704412e-05 norm=1.00000000
[write] out/vs3_n2_dt0p01_T160pi_K32_sweep/grid_ref/gauss_sigma0p750/g1024_dt0p01_T160pi/n2_grid_reference_vs3_gauss_sigma0p750_g1024_dt0p01_T160pi.npz (2012 samples, grid=1024)
[write] out/vs3_n2_dt0p01_T160pi_K32_sweep/grid_ref/gauss_sigma0p750/g1024_dt0p01_T160pi/n2_grid_reference_vs3_gauss_sigma0p750_g1024_dt0p01_T160pi.csv
end_time=2026-07-09T14:21:44+08:00
