job_id=605568
array_job_id=605469
array_task_id=3
job_name=vs3n2gk32
partition=epyc
node_list=doom
submit_dir=/home/gyqyan/zexuan/ecg1d_code/1D_thouless_pumping
workdir=/home/gyqyan/zexuan/ecg1d_code/1D_thouless_pumping
cpus_per_task=32
mem_per_node=16384
start_time=2026-07-09T13:41:05+08:00
case=gauss_sigma1p000
g_over_er=0.3
sigma=1.0
out_dir=out/vs3_n2_dt0p01_T160pi_K32_sweep/grid_ref/gauss_sigma1p000/g1024_dt0p01_T160pi
[config] grid=1024 dt=0.01 tmax=502.6548245743669 Vs/Er=3.0 Vl/Er=3.0 g/Er=0.3 fft_backend=scipy.fft fft_workers=32
progress grid N=2 step 250/50266 0.5% t=2.50000 eta_s=2927.8 P=0.98917228 dP=-0.01048662 r12=8.04593272 Vg=9.5844354e-07 norm=1.00000000
progress grid N=2 step 500/50266 1.0% t=5.00000 eta_s=3052.4 P=0.98032186 dP=-0.01933703 r12=8.04729719 Vg=8.9886609e-07 norm=1.00000000
progress grid N=2 step 750/50266 1.5% t=7.50000 eta_s=3112.7 P=0.96869691 dP=-0.03096198 r12=8.04952670 Vg=9.9639817e-07 norm=1.00000000
progress grid N=2 step 1000/50266 2.0% t=10.00000 eta_s=3165.3 P=0.96217122 dP=-0.03748767 r12=8.05216660 Vg=1.0614286e-06 norm=1.00000000
progress grid N=2 step 1250/50266 2.5% t=12.50000 eta_s=3183.3 P=0.95132467 dP=-0.04833423 r12=8.05520735 Vg=1.1461231e-06 norm=1.00000000
progress grid N=2 step 1500/50266 3.0% t=15.00000 eta_s=3171.9 P=0.94625163 dP=-0.05340726 r12=8.05503346 Vg=1.1580339e-06 norm=1.00000000
progress grid N=2 step 1750/50266 3.5% t=17.50000 eta_s=3162.1 P=0.93796226 dP=-0.06169663 r12=8.05421312 Vg=1.0169842e-06 norm=1.00000000
progress grid N=2 step 2000/50266 4.0% t=20.00000 eta_s=3169.8 P=0.93216124 dP=-0.06749765 r12=8.05392458 Vg=8.9660197e-07 norm=1.00000000
progress grid N=2 step 2250/50266 4.5% t=22.50000 eta_s=3170.4 P=0.92781359 dP=-0.07184530 r12=8.05251036 Vg=9.3784583e-07 norm=1.00000000
progress grid N=2 step 2500/50266 5.0% t=25.00000 eta_s=3173.6 P=0.92068234 dP=-0.07897655 r12=8.05491642 Vg=8.8530289e-07 norm=1.00000000
progress grid N=2 step 2750/50266 5.5% t=27.50000 eta_s=3179.0 P=0.91685847 dP=-0.08280042 r12=8.05461917 Vg=1.033621e-06 norm=1.00000000
progress grid N=2 step 3000/50266 6.0% t=30.00000 eta_s=3159.3 P=0.91473055 dP=-0.08492834 r12=8.05616432 Vg=1.0841568e-06 norm=1.00000000
progress grid N=2 step 3250/50266 6.5% t=32.50000 eta_s=3134.8 P=0.90596599 dP=-0.09369290 r12=8.06062421 Vg=6.8945449e-07 norm=1.00000000
progress grid N=2 step 3500/50266 7.0% t=35.00000 eta_s=3110.6 P=0.90537717 dP=-0.09428172 r12=8.06219782 Vg=6.3113066e-07 norm=1.00000000
progress grid N=2 step 3750/50266 7.5% t=37.50000 eta_s=3102.6 P=0.90219417 dP=-0.09746472 r12=8.06303297 Vg=8.189401e-07 norm=1.00000000
progress grid N=2 step 4000/50266 8.0% t=40.00000 eta_s=3085.5 P=0.89768926 dP=-0.10196963 r12=8.06688488 Vg=9.2577816e-07 norm=1.00000000
progress grid N=2 step 4250/50266 8.5% t=42.50000 eta_s=3069.3 P=0.89108332 dP=-0.10857557 r12=8.06914961 Vg=6.6062918e-07 norm=1.00000000
progress grid N=2 step 4500/50266 9.0% t=45.00000 eta_s=3059.3 P=0.89111884 dP=-0.10854005 r12=8.06794947 Vg=5.7177708e-07 norm=1.00000000
progress grid N=2 step 4750/50266 9.4% t=47.50000 eta_s=3047.9 P=0.88894777 dP=-0.11071112 r12=8.06708092 Vg=7.4809571e-07 norm=1.00000000
progress grid N=2 step 5000/50266 9.9% t=50.00000 eta_s=3034.4 P=0.88458291 dP=-0.11507598 r12=8.06966083 Vg=1.1543685e-06 norm=1.00000000
progress grid N=2 step 5250/50266 10.4% t=52.50000 eta_s=3024.1 P=0.87816044 dP=-0.12149845 r12=8.07472869 Vg=1.2278442e-06 norm=1.00000000
progress grid N=2 step 5500/50266 10.9% t=55.00000 eta_s=3008.7 P=0.87395377 dP=-0.12570512 r12=8.07731705 Vg=1.0712884e-06 norm=1.00000000
progress grid N=2 step 5750/50266 11.4% t=57.50000 eta_s=2994.5 P=0.87342202 dP=-0.12623687 r12=8.07888469 Vg=1.1662701e-06 norm=1.00000000
progress grid N=2 step 6000/50266 11.9% t=60.00000 eta_s=2980.7 P=0.87082086 dP=-0.12883803 r12=8.07915093 Vg=1.2302604e-06 norm=1.00000000
progress grid N=2 step 6250/50266 12.4% t=62.50000 eta_s=2962.9 P=0.86821137 dP=-0.13144752 r12=8.08423910 Vg=1.6926227e-06 norm=1.00000000
progress grid N=2 step 6500/50266 12.9% t=65.00000 eta_s=2947.1 P=0.86021943 dP=-0.13943946 r12=8.08956135 Vg=2.2264627e-06 norm=1.00000000
progress grid N=2 step 6750/50266 13.4% t=67.50000 eta_s=2929.2 P=0.85436588 dP=-0.14529301 r12=8.09652379 Vg=3.2345032e-06 norm=1.00000000
progress grid N=2 step 7000/50266 13.9% t=70.00000 eta_s=2912.3 P=0.84805832 dP=-0.15160057 r12=8.10071378 Vg=3.5454483e-06 norm=1.00000000
progress grid N=2 step 7250/50266 14.4% t=72.50000 eta_s=2895.0 P=0.84480437 dP=-0.15485452 r12=8.10298593 Vg=3.6438812e-06 norm=1.00000000
progress grid N=2 step 7500/50266 14.9% t=75.00000 eta_s=2880.3 P=0.84232590 dP=-0.15733299 r12=8.10544157 Vg=3.8652819e-06 norm=1.00000000
progress grid N=2 step 7750/50266 15.4% t=77.50000 eta_s=2868.9 P=0.83792335 dP=-0.16173554 r12=8.10698545 Vg=4.2864692e-06 norm=1.00000000
progress grid N=2 step 8000/50266 15.9% t=80.00000 eta_s=2853.4 P=0.83339388 dP=-0.16626501 r12=8.11407284 Vg=5.0429998e-06 norm=1.00000000
progress grid N=2 step 8250/50266 16.4% t=82.50000 eta_s=2832.5 P=0.82404249 dP=-0.17561640 r12=8.12054845 Vg=6.1922917e-06 norm=1.00000000
progress grid N=2 step 8500/50266 16.9% t=85.00000 eta_s=2813.3 P=0.81479159 dP=-0.18486730 r12=8.13162078 Vg=8.3321948e-06 norm=1.00000000
progress grid N=2 step 8750/50266 17.4% t=87.50000 eta_s=2797.3 P=0.80351697 dP=-0.19614192 r12=8.14214623 Vg=9.8334012e-06 norm=1.00000000
progress grid N=2 step 9000/50266 17.9% t=90.00000 eta_s=2778.0 P=0.79217365 dP=-0.20748525 r12=8.15167105 Vg=1.1411833e-05 norm=1.00000000
progress grid N=2 step 9250/50266 18.4% t=92.50000 eta_s=2757.8 P=0.78229658 dP=-0.21736231 r12=8.16295187 Vg=1.2805999e-05 norm=1.00000000
progress grid N=2 step 9500/50266 18.9% t=95.00000 eta_s=2738.6 P=0.77127934 dP=-0.22837955 r12=8.16972823 Vg=1.3104385e-05 norm=1.00000000
progress grid N=2 step 9750/50266 19.4% t=97.50000 eta_s=2720.7 P=0.76187325 dP=-0.23778564 r12=8.18033102 Vg=1.3550359e-05 norm=1.00000000
progress grid N=2 step 10000/50266 19.9% t=100.00000 eta_s=2705.1 P=0.75046968 dP=-0.24918921 r12=8.18837084 Vg=1.4628646e-05 norm=1.00000000
progress grid N=2 step 10250/50266 20.4% t=102.50000 eta_s=2688.7 P=0.73786296 dP=-0.26179594 r12=8.19839852 Vg=1.5178427e-05 norm=1.00000000
progress grid N=2 step 10500/50266 20.9% t=105.00000 eta_s=2673.2 P=0.72355991 dP=-0.27609898 r12=8.21169120 Vg=1.7066808e-05 norm=1.00000000
progress grid N=2 step 10750/50266 21.4% t=107.50000 eta_s=2657.4 P=0.70525746 dP=-0.29440143 r12=8.22237452 Vg=1.9880654e-05 norm=1.00000000
progress grid N=2 step 11000/50266 21.9% t=110.00000 eta_s=2643.0 P=0.68527730 dP=-0.31438159 r12=8.23900800 Vg=2.2307113e-05 norm=1.00000000
progress grid N=2 step 11250/50266 22.4% t=112.50000 eta_s=2628.7 P=0.66151807 dP=-0.33814082 r12=8.25238151 Vg=2.5924774e-05 norm=1.00000000
progress grid N=2 step 11500/50266 22.9% t=115.00000 eta_s=2614.1 P=0.63489218 dP=-0.36476671 r12=8.26608506 Vg=2.8795849e-05 norm=1.00000000
progress grid N=2 step 11750/50266 23.4% t=117.50000 eta_s=2598.8 P=0.60655830 dP=-0.39310059 r12=8.28093932 Vg=3.207525e-05 norm=1.00000000
progress grid N=2 step 12000/50266 23.9% t=120.00000 eta_s=2583.2 P=0.57536489 dP=-0.42429400 r12=8.28876885 Vg=3.4511692e-05 norm=1.00000000
progress grid N=2 step 12250/50266 24.4% t=122.50000 eta_s=2568.0 P=0.54315418 dP=-0.45650471 r12=8.29823487 Vg=3.6649633e-05 norm=1.00000000
progress grid N=2 step 12500/50266 24.9% t=125.00000 eta_s=2552.8 P=0.51022799 dP=-0.48943090 r12=8.30180949 Vg=4.0074714e-05 norm=1.00000000
progress grid N=2 step 12750/50266 25.4% t=127.50000 eta_s=2538.2 P=0.47644683 dP=-0.52321207 r12=8.30084787 Vg=4.2343743e-05 norm=1.00000000
progress grid N=2 step 13000/50266 25.9% t=130.00000 eta_s=2522.7 P=0.44342090 dP=-0.55623799 r12=8.29939285 Vg=4.7288869e-05 norm=1.00000000
progress grid N=2 step 13250/50266 26.4% t=132.50000 eta_s=2507.4 P=0.41150173 dP=-0.58815716 r12=8.29065798 Vg=5.2116188e-05 norm=1.00000000
progress grid N=2 step 13500/50266 26.9% t=135.00000 eta_s=2491.0 P=0.38047889 dP=-0.61918000 r12=8.28192487 Vg=5.7827891e-05 norm=1.00000000
progress grid N=2 step 13750/50266 27.4% t=137.50000 eta_s=2474.7 P=0.35245691 dP=-0.64720198 r12=8.27082793 Vg=6.4521407e-05 norm=1.00000000
progress grid N=2 step 14000/50266 27.9% t=140.00000 eta_s=2458.3 P=0.32678735 dP=-0.67287154 r12=8.25737503 Vg=6.9429715e-05 norm=1.00000000
progress grid N=2 step 14250/50266 28.3% t=142.50000 eta_s=2441.8 P=0.30376487 dP=-0.69589402 r12=8.24636665 Vg=7.4379643e-05 norm=1.00000000
progress grid N=2 step 14500/50266 28.8% t=145.00000 eta_s=2426.0 P=0.28513117 dP=-0.71452772 r12=8.23418012 Vg=7.8161075e-05 norm=1.00000000
progress grid N=2 step 14750/50266 29.3% t=147.50000 eta_s=2408.8 P=0.26840860 dP=-0.73125029 r12=8.22435407 Vg=8.3161738e-05 norm=1.00000000
progress grid N=2 step 15000/50266 29.8% t=150.00000 eta_s=2391.9 P=0.25537453 dP=-0.74428436 r12=8.21618188 Vg=8.9255063e-05 norm=1.00000000
progress grid N=2 step 15250/50266 30.3% t=152.50000 eta_s=2375.7 P=0.24445338 dP=-0.75520551 r12=8.20812330 Vg=9.774113e-05 norm=1.00000000
progress grid N=2 step 15500/50266 30.8% t=155.00000 eta_s=2358.5 P=0.23397875 dP=-0.76568014 r12=8.20209239 Vg=0.00010813561 norm=1.00000000
progress grid N=2 step 15750/50266 31.3% t=157.50000 eta_s=2342.5 P=0.22522375 dP=-0.77443514 r12=8.19478171 Vg=0.00011754341 norm=1.00000000
progress grid N=2 step 16000/50266 31.8% t=160.00000 eta_s=2325.4 P=0.21436705 dP=-0.78529185 r12=8.18719777 Vg=0.00012639661 norm=1.00000000
progress grid N=2 step 16250/50266 32.3% t=162.50000 eta_s=2308.4 P=0.20396494 dP=-0.79569395 r12=8.17937546 Vg=0.00013403811 norm=1.00000000
progress grid N=2 step 16500/50266 32.8% t=165.00000 eta_s=2290.5 P=0.19228239 dP=-0.80737650 r12=8.16949490 Vg=0.00013854064 norm=1.00000000
progress grid N=2 step 16750/50266 33.3% t=167.50000 eta_s=2274.0 P=0.18044436 dP=-0.81921453 r12=8.16101669 Vg=0.00014123449 norm=1.00000000
progress grid N=2 step 17000/50266 33.8% t=170.00000 eta_s=2256.3 P=0.17147429 dP=-0.82818460 r12=8.15358073 Vg=0.00014154884 norm=1.00000000
progress grid N=2 step 17250/50266 34.3% t=172.50000 eta_s=2240.0 P=0.16295315 dP=-0.83670574 r12=8.14795788 Vg=0.00013836714 norm=1.00000000
progress grid N=2 step 17500/50266 34.8% t=175.00000 eta_s=2222.4 P=0.15947300 dP=-0.84018589 r12=8.14640789 Vg=0.00013788056 norm=1.00000000
progress grid N=2 step 17750/50266 35.3% t=177.50000 eta_s=2205.4 P=0.15647527 dP=-0.84318362 r12=8.14513107 Vg=0.00013988943 norm=1.00000000
progress grid N=2 step 18000/50266 35.8% t=180.00000 eta_s=2188.4 P=0.15422090 dP=-0.84543799 r12=8.14458104 Vg=0.00014164565 norm=1.00000000
progress grid N=2 step 18250/50266 36.3% t=182.50000 eta_s=2171.1 P=0.15047318 dP=-0.84918571 r12=8.14177612 Vg=0.00014628042 norm=1.00000000
progress grid N=2 step 18500/50266 36.8% t=185.00000 eta_s=2154.7 P=0.14310534 dP=-0.85655355 r12=8.13655032 Vg=0.00014897474 norm=1.00000000
progress grid N=2 step 18750/50266 37.3% t=187.50000 eta_s=2137.3 P=0.13630856 dP=-0.86335033 r12=8.13149549 Vg=0.00014863297 norm=1.00000000
progress grid N=2 step 19000/50266 37.8% t=190.00000 eta_s=2118.5 P=0.12906729 dP=-0.87059160 r12=8.12693771 Vg=0.0001436367 norm=1.00000000
progress grid N=2 step 19250/50266 38.3% t=192.50000 eta_s=2099.4 P=0.12756499 dP=-0.87209390 r12=8.12761325 Vg=0.00013922606 norm=1.00000000
progress grid N=2 step 19500/50266 38.8% t=195.00000 eta_s=2080.2 P=0.12646045 dP=-0.87319844 r12=8.12823454 Vg=0.00013586013 norm=1.00000000
progress grid N=2 step 19750/50266 39.3% t=197.50000 eta_s=2062.3 P=0.12517651 dP=-0.87448238 r12=8.12807470 Vg=0.00013680316 norm=1.00000000
progress grid N=2 step 20000/50266 39.8% t=200.00000 eta_s=2045.5 P=0.11936281 dP=-0.88029608 r12=8.12413553 Vg=0.00014096371 norm=1.00000000
progress grid N=2 step 20250/50266 40.3% t=202.50000 eta_s=2028.1 P=0.11247429 dP=-0.88718460 r12=8.11982193 Vg=0.00014070217 norm=1.00000000
progress grid N=2 step 20500/50266 40.8% t=205.00000 eta_s=2011.8 P=0.10946254 dP=-0.89019635 r12=8.11971251 Vg=0.00013648923 norm=1.00000000
progress grid N=2 step 20750/50266 41.3% t=207.50000 eta_s=1995.9 P=0.10904912 dP=-0.89060977 r12=8.12034704 Vg=0.00013204246 norm=1.00000000
progress grid N=2 step 21000/50266 41.8% t=210.00000 eta_s=1979.5 P=0.10717655 dP=-0.89248234 r12=8.12023114 Vg=0.00013348656 norm=1.00000000
progress grid N=2 step 21250/50266 42.3% t=212.50000 eta_s=1962.3 P=0.09939929 dP=-0.90025961 r12=8.11505468 Vg=0.00013593232 norm=1.00000000
progress grid N=2 step 21500/50266 42.8% t=215.00000 eta_s=1945.8 P=0.09571790 dP=-0.90394100 r12=8.11536245 Vg=0.00013632322 norm=1.00000000
progress grid N=2 step 21750/50266 43.3% t=217.50000 eta_s=1929.8 P=0.09491112 dP=-0.90474777 r12=8.11536779 Vg=0.00013236263 norm=1.00000000
progress grid N=2 step 22000/50266 43.8% t=220.00000 eta_s=1913.2 P=0.09090267 dP=-0.90875622 r12=8.11453260 Vg=0.00013386749 norm=1.00000000
progress grid N=2 step 22250/50266 44.3% t=222.50000 eta_s=1896.8 P=0.08269015 dP=-0.91696874 r12=8.11057055 Vg=0.00013686124 norm=1.00000000
progress grid N=2 step 22500/50266 44.8% t=225.00000 eta_s=1880.5 P=0.08250415 dP=-0.91715474 r12=8.11330690 Vg=0.00013461661 norm=1.00000000
progress grid N=2 step 22750/50266 45.3% t=227.50000 eta_s=1864.0 P=0.07632652 dP=-0.92333237 r12=8.10970469 Vg=0.00013440613 norm=1.00000000
progress grid N=2 step 23000/50266 45.8% t=230.00000 eta_s=1847.3 P=0.06897822 dP=-0.93068067 r12=8.11015292 Vg=0.00013989284 norm=1.00000000
progress grid N=2 step 23250/50266 46.3% t=232.50000 eta_s=1830.5 P=0.06708586 dP=-0.93257304 r12=8.10883813 Vg=0.00013711629 norm=1.00000000
progress grid N=2 step 23500/50266 46.8% t=235.00000 eta_s=1814.1 P=0.05631508 dP=-0.94334381 r12=8.10807902 Vg=0.00013959742 norm=1.00000000
progress grid N=2 step 23750/50266 47.2% t=237.50000 eta_s=1797.8 P=0.05338740 dP=-0.94627149 r12=8.10744778 Vg=0.00013926161 norm=1.00000000
progress grid N=2 step 24000/50266 47.7% t=240.00000 eta_s=1781.5 P=0.04168677 dP=-0.95797212 r12=8.10622106 Vg=0.00013926295 norm=1.00000000
progress grid N=2 step 24250/50266 48.2% t=242.50000 eta_s=1764.4 P=0.03716872 dP=-0.96249017 r12=8.10641043 Vg=0.00014081262 norm=1.00000000
progress grid N=2 step 24500/50266 48.7% t=245.00000 eta_s=1747.9 P=0.02328736 dP=-0.97637153 r12=8.10505087 Vg=0.00014151395 norm=1.00000000
progress grid N=2 step 24750/50266 49.2% t=247.50000 eta_s=1731.0 P=0.01893609 dP=-0.98072280 r12=8.10527560 Vg=0.00014196724 norm=1.00000000
progress grid N=2 step 25000/50266 49.7% t=250.00000 eta_s=1713.8 P=0.00218758 dP=-0.99747131 r12=8.10513954 Vg=0.00014365139 norm=1.00000000
progress grid N=2 step 25250/50266 50.2% t=252.50000 eta_s=1696.3 P=-0.00119435 dP=-1.00085324 r12=8.10442970 Vg=0.00014276739 norm=1.00000000
progress grid N=2 step 25500/50266 50.7% t=255.00000 eta_s=1678.7 P=-0.01862191 dP=-1.01828080 r12=8.10592571 Vg=0.00014357654 norm=1.00000000
progress grid N=2 step 25750/50266 51.2% t=257.50000 eta_s=1661.3 P=-0.02182425 dP=-1.02148314 r12=8.10443255 Vg=0.00014204824 norm=1.00000000
progress grid N=2 step 26000/50266 51.7% t=260.00000 eta_s=1643.1 P=-0.03716641 dP=-1.03682530 r12=8.10740774 Vg=0.00014208503 norm=1.00000000
progress grid N=2 step 26250/50266 52.2% t=262.50000 eta_s=1624.6 P=-0.04036177 dP=-1.04002066 r12=8.10519164 Vg=0.00014113381 norm=1.00000000
progress grid N=2 step 26500/50266 52.7% t=265.00000 eta_s=1607.4 P=-0.05318137 dP=-1.05284026 r12=8.10942810 Vg=0.00014056484 norm=1.00000000
progress grid N=2 step 26750/50266 53.2% t=267.50000 eta_s=1589.5 P=-0.05554963 dP=-1.05520852 r12=8.10676589 Vg=0.00013904957 norm=1.00000000
progress grid N=2 step 27000/50266 53.7% t=270.00000 eta_s=1571.9 P=-0.06640004 dP=-1.06605893 r12=8.11168133 Vg=0.00014193936 norm=1.00000000
progress grid N=2 step 27250/50266 54.2% t=272.50000 eta_s=1554.5 P=-0.06889258 dP=-1.06855147 r12=8.10931002 Vg=0.00013821397 norm=1.00000000
progress grid N=2 step 27500/50266 54.7% t=275.00000 eta_s=1536.8 P=-0.07534867 dP=-1.07500756 r12=8.11288635 Vg=0.00014177802 norm=1.00000000
progress grid N=2 step 27750/50266 55.2% t=277.50000 eta_s=1519.3 P=-0.08231332 dP=-1.08197221 r12=8.11379558 Vg=0.00013957483 norm=1.00000000
progress grid N=2 step 28000/50266 55.7% t=280.00000 eta_s=1502.3 P=-0.08245536 dP=-1.08211425 r12=8.11339507 Vg=0.00013447926 norm=1.00000000
progress grid N=2 step 28250/50266 56.2% t=282.50000 eta_s=1485.3 P=-0.09003107 dP=-1.08968996 r12=8.11613801 Vg=0.0001373833 norm=1.00000000
progress grid N=2 step 28500/50266 56.7% t=285.00000 eta_s=1468.1 P=-0.09473371 dP=-1.09439260 r12=8.11969697 Vg=0.00013947509 norm=1.00000000
progress grid N=2 step 28750/50266 57.2% t=287.50000 eta_s=1451.3 P=-0.09563817 dP=-1.09529706 r12=8.11706835 Vg=0.0001328421 norm=1.00000000
progress grid N=2 step 29000/50266 57.7% t=290.00000 eta_s=1434.3 P=-0.09902484 dP=-1.09868374 r12=8.12089034 Vg=0.00013046116 norm=1.00000000
progress grid N=2 step 29250/50266 58.2% t=292.50000 eta_s=1417.3 P=-0.10624597 dP=-1.10590487 r12=8.12420870 Vg=0.00013339719 norm=1.00000000
progress grid N=2 step 29500/50266 58.7% t=295.00000 eta_s=1400.5 P=-0.10928597 dP=-1.10894486 r12=8.12771637 Vg=0.00013384543 norm=1.00000000
progress grid N=2 step 29750/50266 59.2% t=297.50000 eta_s=1383.9 P=-0.10919418 dP=-1.10885307 r12=8.12433295 Vg=0.00012755395 norm=1.00000000
progress grid N=2 step 30000/50266 59.7% t=300.00000 eta_s=1367.1 P=-0.11254223 dP=-1.11220112 r12=8.12938984 Vg=0.00012027618 norm=1.00000000
progress grid N=2 step 30250/50266 60.2% t=302.50000 eta_s=1350.5 P=-0.11829773 dP=-1.11795662 r12=8.13282777 Vg=0.00012049604 norm=1.00000000
progress grid N=2 step 30500/50266 60.7% t=305.00000 eta_s=1334.0 P=-0.12511276 dP=-1.12477165 r12=8.14047939 Vg=0.0001215882 norm=1.00000000
progress grid N=2 step 30750/50266 61.2% t=307.50000 eta_s=1317.4 P=-0.12614912 dP=-1.12580801 r12=8.13999381 Vg=0.00012044857 norm=1.00000000
progress grid N=2 step 31000/50266 61.7% t=310.00000 eta_s=1300.5 P=-0.12771922 dP=-1.12737811 r12=8.14177678 Vg=0.00011370002 norm=1.00000000
progress grid N=2 step 31250/50266 62.2% t=312.50000 eta_s=1283.3 P=-0.12902610 dP=-1.12868499 r12=8.14330600 Vg=0.00010628875 norm=1.00000000
progress grid N=2 step 31500/50266 62.7% t=315.00000 eta_s=1266.3 P=-0.13555726 dP=-1.13521615 r12=8.15011366 Vg=9.818526e-05 norm=1.00000000
progress grid N=2 step 31750/50266 63.2% t=317.50000 eta_s=1249.2 P=-0.14270303 dP=-1.14236193 r12=8.15959697 Vg=9.4666388e-05 norm=1.00000000
progress grid N=2 step 32000/50266 63.7% t=320.00000 eta_s=1232.2 P=-0.14938025 dP=-1.14903914 r12=8.16552361 Vg=9.4625517e-05 norm=1.00000000
progress grid N=2 step 32250/50266 64.2% t=322.50000 eta_s=1215.6 P=-0.15435622 dP=-1.15401511 r12=8.17202898 Vg=9.3293021e-05 norm=1.00000000
progress grid N=2 step 32500/50266 64.7% t=325.00000 eta_s=1198.8 P=-0.15594419 dP=-1.15560308 r12=8.17347450 Vg=9.1800474e-05 norm=1.00000000
progress grid N=2 step 32750/50266 65.2% t=327.50000 eta_s=1181.9 P=-0.15940832 dP=-1.15906721 r12=8.17811474 Vg=8.7506473e-05 norm=1.00000000
progress grid N=2 step 33000/50266 65.7% t=330.00000 eta_s=1165.4 P=-0.16269939 dP=-1.16235829 r12=8.18262100 Vg=8.1413683e-05 norm=1.00000000
progress grid N=2 step 33250/50266 66.1% t=332.50000 eta_s=1148.6 P=-0.17026847 dP=-1.16992736 r12=8.19218934 Vg=7.4308949e-05 norm=1.00000000
progress grid N=2 step 33500/50266 66.6% t=335.00000 eta_s=1131.9 P=-0.17963727 dP=-1.17929616 r12=8.20417877 Vg=6.8223369e-05 norm=1.00000000
progress grid N=2 step 33750/50266 67.1% t=337.50000 eta_s=1115.5 P=-0.19046142 dP=-1.19012031 r12=8.21641832 Vg=6.3258272e-05 norm=1.00000000
progress grid N=2 step 34000/50266 67.6% t=340.00000 eta_s=1098.6 P=-0.20265720 dP=-1.20231609 r12=8.23036833 Vg=6.0868302e-05 norm=1.00000000
progress grid N=2 step 34250/50266 68.1% t=342.50000 eta_s=1081.7 P=-0.21281425 dP=-1.21247314 r12=8.24160922 Vg=6.1259697e-05 norm=1.00000000
progress grid N=2 step 34500/50266 68.6% t=345.00000 eta_s=1064.9 P=-0.22375927 dP=-1.22341816 r12=8.25265378 Vg=6.1870981e-05 norm=1.00000000
progress grid N=2 step 34750/50266 69.1% t=347.50000 eta_s=1048.2 P=-0.23308823 dP=-1.23274713 r12=8.26279268 Vg=6.5076665e-05 norm=1.00000000
progress grid N=2 step 35000/50266 69.6% t=350.00000 eta_s=1031.3 P=-0.24288359 dP=-1.24254248 r12=8.27296570 Vg=6.7910146e-05 norm=1.00000000
progress grid N=2 step 35250/50266 70.1% t=352.50000 eta_s=1014.3 P=-0.25440192 dP=-1.25406081 r12=8.28398320 Vg=7.0513856e-05 norm=1.00000000
progress grid N=2 step 35500/50266 70.6% t=355.00000 eta_s=997.2 P=-0.26684681 dP=-1.26650570 r12=8.29718613 Vg=7.4228497e-05 norm=1.00000000
progress grid N=2 step 35750/50266 71.1% t=357.50000 eta_s=980.1 P=-0.28308066 dP=-1.28273955 r12=8.31172065 Vg=7.6525739e-05 norm=1.00000000
progress grid N=2 step 36000/50266 71.6% t=360.00000 eta_s=963.1 P=-0.30181439 dP=-1.30147328 r12=8.32845121 Vg=7.7575306e-05 norm=1.00000000
progress grid N=2 step 36250/50266 72.1% t=362.50000 eta_s=946.3 P=-0.32382296 dP=-1.32348185 r12=8.34636611 Vg=7.9121733e-05 norm=1.00000000
progress grid N=2 step 36500/50266 72.6% t=365.00000 eta_s=929.2 P=-0.34938509 dP=-1.34904398 r12=8.36362090 Vg=8.0167513e-05 norm=1.00000000
progress grid N=2 step 36750/50266 73.1% t=367.50000 eta_s=912.2 P=-0.37714210 dP=-1.37680099 r12=8.38141184 Vg=8.1307837e-05 norm=1.00000000
progress grid N=2 step 37000/50266 73.6% t=370.00000 eta_s=895.6 P=-0.40759706 dP=-1.40725595 r12=8.39547598 Vg=8.7476711e-05 norm=1.00000000
progress grid N=2 step 37250/50266 74.1% t=372.50000 eta_s=878.8 P=-0.43968085 dP=-1.43933974 r12=8.40798761 Vg=9.3566728e-05 norm=1.00000000
progress grid N=2 step 37500/50266 74.6% t=375.00000 eta_s=861.8 P=-0.47266921 dP=-1.47232810 r12=8.41649205 Vg=0.00010338099 norm=1.00000000
progress grid N=2 step 37750/50266 75.1% t=377.50000 eta_s=845.0 P=-0.50633332 dP=-1.50599221 r12=8.42044797 Vg=0.00011643182 norm=1.00000000
progress grid N=2 step 38000/50266 75.6% t=380.00000 eta_s=828.0 P=-0.53971132 dP=-1.53937021 r12=8.42202723 Vg=0.00012737923 norm=1.00000000
progress grid N=2 step 38250/50266 76.1% t=382.50000 eta_s=811.1 P=-0.57212881 dP=-1.57178770 r12=8.41779266 Vg=0.00014201796 norm=1.00000000
progress grid N=2 step 38500/50266 76.6% t=385.00000 eta_s=794.1 P=-0.60337226 dP=-1.60303115 r12=8.41238675 Vg=0.00015232537 norm=1.00000000
progress grid N=2 step 38750/50266 77.1% t=387.50000 eta_s=777.1 P=-0.63241460 dP=-1.63207350 r12=8.40335544 Vg=0.00016398125 norm=1.00000000
progress grid N=2 step 39000/50266 77.6% t=390.00000 eta_s=760.2 P=-0.65895286 dP=-1.65861175 r12=8.39298414 Vg=0.00017717871 norm=1.00000000
progress grid N=2 step 39250/50266 78.1% t=392.50000 eta_s=743.2 P=-0.68295456 dP=-1.68261345 r12=8.38338783 Vg=0.00019115991 norm=1.00000000
progress grid N=2 step 39500/50266 78.6% t=395.00000 eta_s=726.3 P=-0.70337954 dP=-1.70303843 r12=8.37219841 Vg=0.00021440459 norm=1.00000000
progress grid N=2 step 39750/50266 79.1% t=397.50000 eta_s=709.2 P=-0.72117639 dP=-1.72083528 r12=8.36460080 Vg=0.00023838389 norm=1.00000000
progress grid N=2 step 40000/50266 79.6% t=400.00000 eta_s=692.4 P=-0.73602481 dP=-1.73568370 r12=8.35685226 Vg=0.00026736046 norm=1.00000000
progress grid N=2 step 40250/50266 80.1% t=402.50000 eta_s=675.5 P=-0.74824271 dP=-1.74790160 r12=8.35112261 Vg=0.00029837765 norm=1.00000000
progress grid N=2 step 40500/50266 80.6% t=405.00000 eta_s=658.6 P=-0.75959184 dP=-1.75925073 r12=8.34679197 Vg=0.00032532416 norm=1.00000000
progress grid N=2 step 40750/50266 81.1% t=407.50000 eta_s=641.9 P=-0.76941878 dP=-1.76907767 r12=8.34127344 Vg=0.00035150096 norm=1.00000000
progress grid N=2 step 41000/50266 81.6% t=410.00000 eta_s=625.2 P=-0.77978602 dP=-1.77944491 r12=8.33659769 Vg=0.00037355619 norm=1.00000000
progress grid N=2 step 41250/50266 82.1% t=412.50000 eta_s=608.3 P=-0.79074638 dP=-1.79040527 r12=8.32930737 Vg=0.00039048928 norm=1.00000000
progress grid N=2 step 41500/50266 82.6% t=415.00000 eta_s=591.5 P=-0.80162445 dP=-1.80128334 r12=8.32226862 Vg=0.0004035022 norm=1.00000000
progress grid N=2 step 41750/50266 83.1% t=417.50000 eta_s=574.7 P=-0.81348689 dP=-1.81314578 r12=8.31346914 Vg=0.00041099386 norm=1.00000000
progress grid N=2 step 42000/50266 83.6% t=420.00000 eta_s=558.0 P=-0.82346002 dP=-1.82311891 r12=8.30640082 Vg=0.00041553783 norm=1.00000000
progress grid N=2 step 42250/50266 84.1% t=422.50000 eta_s=541.2 P=-0.83198526 dP=-1.83164415 r12=8.30137230 Vg=0.00042730606 norm=1.00000000
progress grid N=2 step 42500/50266 84.6% t=425.00000 eta_s=524.4 P=-0.83788449 dP=-1.83754338 r12=8.29828915 Vg=0.00044024349 norm=1.00000000
progress grid N=2 step 42750/50266 85.0% t=427.50000 eta_s=507.6 P=-0.84107349 dP=-1.84073238 r12=8.29976138 Vg=0.0004579921 norm=1.00000000
progress grid N=2 step 43000/50266 85.5% t=430.00000 eta_s=490.8 P=-0.84422954 dP=-1.84388843 r12=8.29979536 Vg=0.00047663034 norm=1.00000000
progress grid N=2 step 43250/50266 86.0% t=432.50000 eta_s=474.0 P=-0.84721752 dP=-1.84687642 r12=8.30036865 Vg=0.00048694566 norm=1.00000000
progress grid N=2 step 43500/50266 86.5% t=435.00000 eta_s=457.0 P=-0.85341117 dP=-1.85307006 r12=8.29688336 Vg=0.00049490294 norm=1.00000000
progress grid N=2 step 43750/50266 87.0% t=437.50000 eta_s=440.1 P=-0.86033140 dP=-1.85999029 r12=8.29212765 Vg=0.00049080887 norm=1.00000000
progress grid N=2 step 44000/50266 87.5% t=440.00000 eta_s=423.4 P=-0.86717592 dP=-1.86683481 r12=8.28795356 Vg=0.00048374641 norm=1.00000000
progress grid N=2 step 44250/50266 88.0% t=442.50000 eta_s=406.5 P=-0.87153528 dP=-1.87119417 r12=8.28613415 Vg=0.00047929701 norm=1.00000000
progress grid N=2 step 44500/50266 88.5% t=445.00000 eta_s=389.6 P=-0.87235823 dP=-1.87201712 r12=8.28937699 Vg=0.00048545083 norm=1.00000000
progress grid N=2 step 44750/50266 89.0% t=447.50000 eta_s=372.7 P=-0.87403617 dP=-1.87369506 r12=8.29032161 Vg=0.00049571805 norm=1.00000000
progress grid N=2 step 45000/50266 89.5% t=450.00000 eta_s=355.9 P=-0.87733453 dP=-1.87699342 r12=8.28978269 Vg=0.00050121958 norm=1.00000000
progress grid N=2 step 45250/50266 90.0% t=452.50000 eta_s=339.0 P=-0.88460125 dP=-1.88426014 r12=8.28468719 Vg=0.00050120042 norm=1.00000000
progress grid N=2 step 45500/50266 90.5% t=455.00000 eta_s=322.2 P=-0.88896361 dP=-1.88862250 r12=8.28294094 Vg=0.00048967427 norm=1.00000000
progress grid N=2 step 45750/50266 91.0% t=457.50000 eta_s=305.4 P=-0.89063094 dP=-1.89028983 r12=8.28469455 Vg=0.00048733946 norm=1.00000000
progress grid N=2 step 46000/50266 91.5% t=460.00000 eta_s=288.4 P=-0.89114850 dP=-1.89080739 r12=8.28636608 Vg=0.00049322653 norm=1.00000000
progress grid N=2 step 46250/50266 92.0% t=462.50000 eta_s=271.5 P=-0.89684796 dP=-1.89650685 r12=8.28401718 Vg=0.00050436427 norm=1.00000000
progress grid N=2 step 46500/50266 92.5% t=465.00000 eta_s=254.5 P=-0.90286062 dP=-1.90251951 r12=8.27998546 Vg=0.00049822144 norm=1.00000000
progress grid N=2 step 46750/50266 93.0% t=467.50000 eta_s=237.6 P=-0.90442933 dP=-1.90408822 r12=8.28270140 Vg=0.00049181355 norm=1.00000000
progress grid N=2 step 47000/50266 93.5% t=470.00000 eta_s=220.8 P=-0.90621385 dP=-1.90587274 r12=8.28241159 Vg=0.00049836052 norm=1.00000000
progress grid N=2 step 47250/50266 94.0% t=472.50000 eta_s=203.9 P=-0.91371858 dP=-1.91337747 r12=8.27992118 Vg=0.00050752439 norm=1.00000000
progress grid N=2 step 47500/50266 94.5% t=475.00000 eta_s=187.0 P=-0.91753813 dP=-1.91719702 r12=8.27836656 Vg=0.00050021258 norm=1.00000000
progress grid N=2 step 47750/50266 95.0% t=477.50000 eta_s=170.1 P=-0.91938452 dP=-1.91904341 r12=8.28116805 Vg=0.00050288503 norm=1.00000000
progress grid N=2 step 48000/50266 95.5% t=480.00000 eta_s=153.2 P=-0.92812441 dP=-1.92778330 r12=8.27605111 Vg=0.00051075546 norm=1.00000000
progress grid N=2 step 48250/50266 96.0% t=482.50000 eta_s=136.3 P=-0.93135887 dP=-1.93101776 r12=8.27879936 Vg=0.00050578074 norm=1.00000000
progress grid N=2 step 48500/50266 96.5% t=485.00000 eta_s=119.4 P=-0.93749807 dP=-1.93715696 r12=8.27626290 Vg=0.00051405224 norm=1.00000000
progress grid N=2 step 48750/50266 97.0% t=487.50000 eta_s=102.5 P=-0.94614729 dP=-1.94580618 r12=8.27587054 Vg=0.0005148484 norm=1.00000000
progress grid N=2 step 49000/50266 97.5% t=490.00000 eta_s=85.6 P=-0.95026736 dP=-1.94992625 r12=8.27612607 Vg=0.00051722509 norm=1.00000000
progress grid N=2 step 49250/50266 98.0% t=492.50000 eta_s=68.7 P=-0.96244816 dP=-1.96210705 r12=8.27347754 Vg=0.00052017053 norm=1.00000000
progress grid N=2 step 49500/50266 98.5% t=495.00000 eta_s=51.8 P=-0.96710802 dP=-1.96676691 r12=8.27542059 Vg=0.00052156879 norm=1.00000000
progress grid N=2 step 49750/50266 99.0% t=497.50000 eta_s=34.9 P=-0.98057902 dP=-1.98023791 r12=8.27269057 Vg=0.00052409294 norm=1.00000000
progress grid N=2 step 50000/50266 99.5% t=500.00000 eta_s=18.0 P=-0.98766059 dP=-1.98731949 r12=8.27401290 Vg=0.00052380592 norm=1.00000000
progress grid N=2 step 50250/50266 100.0% t=502.50000 eta_s=1.1 P=-0.99968394 dP=-1.99934283 r12=8.27344803 Vg=0.00052660249 norm=1.00000000
progress grid N=2 step 50266/50266 100.0% t=502.65482 eta_s=0.0 P=-0.99962655 dP=-1.99928544 r12=8.27369409 Vg=0.00052671497 norm=1.00000000
[write] out/vs3_n2_dt0p01_T160pi_K32_sweep/grid_ref/gauss_sigma1p000/g1024_dt0p01_T160pi/n2_grid_reference_vs3_gauss_sigma1p000_g1024_dt0p01_T160pi.npz (2012 samples, grid=1024)
[write] out/vs3_n2_dt0p01_T160pi_K32_sweep/grid_ref/gauss_sigma1p000/g1024_dt0p01_T160pi/n2_grid_reference_vs3_gauss_sigma1p000_g1024_dt0p01_T160pi.csv
end_time=2026-07-09T14:37:43+08:00
