job_id=605470
array_job_id=605469
array_task_id=0
job_name=vs3n2gk32
partition=epyc
node_list=doom
submit_dir=/home/gyqyan/zexuan/ecg1d_code/1D_thouless_pumping
workdir=/home/gyqyan/zexuan/ecg1d_code/1D_thouless_pumping
cpus_per_task=32
mem_per_node=16384
start_time=2026-07-09T12:43:43+08:00
case=free
g_over_er=0.0
sigma=1.0
out_dir=out/vs3_n2_dt0p01_T160pi_K32_sweep/grid_ref/free/g1024_dt0p01_T160pi
[config] grid=1024 dt=0.01 tmax=502.6548245743669 Vs/Er=3.0 Vl/Er=3.0 g/Er=0.0 fft_backend=scipy.fft fft_workers=32
progress grid N=2 step 250/50266 0.5% t=2.50000 eta_s=2901.2 P=0.98917229 dP=-0.01048660 r12=8.04593285 Vg=0 norm=1.00000000
progress grid N=2 step 500/50266 1.0% t=5.00000 eta_s=2930.7 P=0.98032169 dP=-0.01933720 r12=8.04729644 Vg=0 norm=1.00000000
progress grid N=2 step 750/50266 1.5% t=7.50000 eta_s=2919.4 P=0.96869713 dP=-0.03096176 r12=8.04953176 Vg=0 norm=1.00000000
progress grid N=2 step 1000/50266 2.0% t=10.00000 eta_s=2908.5 P=0.96217169 dP=-0.03748720 r12=8.05217912 Vg=0 norm=1.00000000
progress grid N=2 step 1250/50266 2.5% t=12.50000 eta_s=2898.0 P=0.95132093 dP=-0.04833796 r12=8.05517823 Vg=0 norm=1.00000000
progress grid N=2 step 1500/50266 3.0% t=15.00000 eta_s=2892.1 P=0.94625673 dP=-0.05340216 r12=8.05507865 Vg=0 norm=1.00000000
progress grid N=2 step 1750/50266 3.5% t=17.50000 eta_s=2880.8 P=0.93794603 dP=-0.06171286 r12=8.05412733 Vg=0 norm=1.00000000
progress grid N=2 step 2000/50266 4.0% t=20.00000 eta_s=2864.8 P=0.93218286 dP=-0.06747603 r12=8.05402819 Vg=0 norm=1.00000000
progress grid N=2 step 2250/50266 4.5% t=22.50000 eta_s=2848.9 P=0.92778381 dP=-0.07187508 r12=8.05242092 Vg=0 norm=1.00000000
progress grid N=2 step 2500/50266 5.0% t=25.00000 eta_s=2831.6 P=0.92071204 dP=-0.07894685 r12=8.05499926 Vg=0 norm=1.00000000
progress grid N=2 step 2750/50266 5.5% t=27.50000 eta_s=2813.1 P=0.91682077 dP=-0.08283812 r12=8.05456887 Vg=0 norm=1.00000000
progress grid N=2 step 3000/50266 6.0% t=30.00000 eta_s=2791.4 P=0.91474681 dP=-0.08491208 r12=8.05613527 Vg=0 norm=1.00000000
progress grid N=2 step 3250/50266 6.5% t=32.50000 eta_s=2767.5 P=0.90592987 dP=-0.09372902 r12=8.06062909 Vg=0 norm=1.00000000
progress grid N=2 step 3500/50266 7.0% t=35.00000 eta_s=2749.7 P=0.90543003 dP=-0.09422886 r12=8.06227346 Vg=0 norm=1.00000000
progress grid N=2 step 3750/50266 7.5% t=37.50000 eta_s=2737.2 P=0.90212852 dP=-0.09753037 r12=8.06290349 Vg=0 norm=1.00000000
progress grid N=2 step 4000/50266 8.0% t=40.00000 eta_s=2720.7 P=0.89770438 dP=-0.10195451 r12=8.06686110 Vg=0 norm=1.00000000
progress grid N=2 step 4250/50266 8.5% t=42.50000 eta_s=2707.0 P=0.89105202 dP=-0.10860687 r12=8.06914489 Vg=0 norm=1.00000000
progress grid N=2 step 4500/50266 9.0% t=45.00000 eta_s=2693.3 P=0.89115710 dP=-0.10850179 r12=8.06805881 Vg=0 norm=1.00000000
progress grid N=2 step 4750/50266 9.4% t=47.50000 eta_s=2679.5 P=0.88890428 dP=-0.11075461 r12=8.06680593 Vg=0 norm=1.00000000
progress grid N=2 step 5000/50266 9.9% t=50.00000 eta_s=2665.9 P=0.88453633 dP=-0.11512257 r12=8.06975630 Vg=0 norm=1.00000000
progress grid N=2 step 5250/50266 10.4% t=52.50000 eta_s=2651.9 P=0.87819115 dP=-0.12146774 r12=8.07449001 Vg=0 norm=1.00000000
progress grid N=2 step 5500/50266 10.9% t=55.00000 eta_s=2637.6 P=0.87390958 dP=-0.12574931 r12=8.07758585 Vg=0 norm=1.00000000
progress grid N=2 step 5750/50266 11.4% t=57.50000 eta_s=2623.3 P=0.87348663 dP=-0.12617226 r12=8.07857139 Vg=0 norm=1.00000000
progress grid N=2 step 6000/50266 11.9% t=60.00000 eta_s=2608.7 P=0.87070490 dP=-0.12895399 r12=8.07946372 Vg=0 norm=1.00000000
progress grid N=2 step 6250/50266 12.4% t=62.50000 eta_s=2594.3 P=0.86830458 dP=-0.13135431 r12=8.08383242 Vg=0 norm=1.00000000
progress grid N=2 step 6500/50266 12.9% t=65.00000 eta_s=2579.6 P=0.86006845 dP=-0.13959045 r12=8.08952358 Vg=0 norm=1.00000000
progress grid N=2 step 6750/50266 13.4% t=67.50000 eta_s=2561.9 P=0.85444122 dP=-0.14521767 r12=8.09648913 Vg=0 norm=1.00000000
progress grid N=2 step 7000/50266 13.9% t=70.00000 eta_s=2543.8 P=0.84803827 dP=-0.15162062 r12=8.10056545 Vg=0 norm=1.00000000
progress grid N=2 step 7250/50266 14.4% t=72.50000 eta_s=2527.7 P=0.84483659 dP=-0.15482231 r12=8.10331524 Vg=0 norm=1.00000000
progress grid N=2 step 7500/50266 14.9% t=75.00000 eta_s=2511.6 P=0.84237925 dP=-0.15727964 r12=8.10508593 Vg=0 norm=1.00000000
progress grid N=2 step 7750/50266 15.4% t=77.50000 eta_s=2496.9 P=0.83785659 dP=-0.16180230 r12=8.10743263 Vg=0 norm=1.00000000
progress grid N=2 step 8000/50266 15.9% t=80.00000 eta_s=2482.1 P=0.83349846 dP=-0.16616044 r12=8.11351704 Vg=0 norm=1.00000000
progress grid N=2 step 8250/50266 16.4% t=82.50000 eta_s=2467.9 P=0.82388778 dP=-0.17577111 r12=8.12049186 Vg=0 norm=1.00000000
progress grid N=2 step 8500/50266 16.9% t=85.00000 eta_s=2451.8 P=0.81490156 dP=-0.18475733 r12=8.13142066 Vg=0 norm=1.00000000
progress grid N=2 step 8750/50266 17.4% t=87.50000 eta_s=2432.8 P=0.80349141 dP=-0.19616748 r12=8.14150945 Vg=0 norm=1.00000000
progress grid N=2 step 9000/50266 17.9% t=90.00000 eta_s=2415.4 P=0.79220863 dP=-0.20745026 r12=8.15188227 Vg=0 norm=1.00000000
progress grid N=2 step 9250/50266 18.4% t=92.50000 eta_s=2398.4 P=0.78246584 dP=-0.21719305 r12=8.16240194 Vg=0 norm=1.00000000
progress grid N=2 step 9500/50266 18.9% t=95.00000 eta_s=2380.6 P=0.77130084 dP=-0.22835805 r12=8.16993246 Vg=0 norm=1.00000000
progress grid N=2 step 9750/50266 19.4% t=97.50000 eta_s=2364.7 P=0.76207665 dP=-0.23758224 r12=8.18020225 Vg=0 norm=1.00000000
progress grid N=2 step 10000/50266 19.9% t=100.00000 eta_s=2348.0 P=0.75050517 dP=-0.24915372 r12=8.18802855 Vg=0 norm=1.00000000
progress grid N=2 step 10250/50266 20.4% t=102.50000 eta_s=2332.0 P=0.73798412 dP=-0.26167477 r12=8.19845306 Vg=0 norm=1.00000000
progress grid N=2 step 10500/50266 20.9% t=105.00000 eta_s=2315.7 P=0.72358651 dP=-0.27607238 r12=8.21059005 Vg=0 norm=1.00000000
progress grid N=2 step 10750/50266 21.4% t=107.50000 eta_s=2299.6 P=0.70521791 dP=-0.29444098 r12=8.22166697 Vg=0 norm=1.00000000
progress grid N=2 step 11000/50266 21.9% t=110.00000 eta_s=2284.4 P=0.68532657 dP=-0.31433232 r12=8.23752976 Vg=0 norm=1.00000000
progress grid N=2 step 11250/50266 22.4% t=112.50000 eta_s=2270.5 P=0.66137154 dP=-0.33828735 r12=8.25004209 Vg=0 norm=1.00000000
progress grid N=2 step 11500/50266 22.9% t=115.00000 eta_s=2255.6 P=0.63490411 dP=-0.36475478 r12=8.26427069 Vg=0 norm=1.00000000
progress grid N=2 step 11750/50266 23.4% t=117.50000 eta_s=2241.7 P=0.60652235 dP=-0.39313654 r12=8.27763222 Vg=0 norm=1.00000000
progress grid N=2 step 12000/50266 23.9% t=120.00000 eta_s=2226.1 P=0.57528369 dP=-0.42437520 r12=8.28565098 Vg=0 norm=1.00000000
progress grid N=2 step 12250/50266 24.4% t=122.50000 eta_s=2211.0 P=0.54324890 dP=-0.45640999 r12=8.29521997 Vg=0 norm=1.00000000
progress grid N=2 step 12500/50266 24.9% t=125.00000 eta_s=2195.7 P=0.51021309 dP=-0.48944580 r12=8.29737814 Vg=0 norm=1.00000000
progress grid N=2 step 12750/50266 25.4% t=127.50000 eta_s=2180.3 P=0.47642634 dP=-0.52323256 r12=8.29747270 Vg=0 norm=1.00000000
progress grid N=2 step 13000/50266 25.9% t=130.00000 eta_s=2164.2 P=0.44347577 dP=-0.55618312 r12=8.29491524 Vg=0 norm=1.00000000
progress grid N=2 step 13250/50266 26.4% t=132.50000 eta_s=2148.7 P=0.41131110 dP=-0.58834779 r12=8.28543767 Vg=0 norm=1.00000000
progress grid N=2 step 13500/50266 26.9% t=135.00000 eta_s=2133.7 P=0.38023322 dP=-0.61942567 r12=8.27716448 Vg=0 norm=1.00000000
progress grid N=2 step 13750/50266 27.4% t=137.50000 eta_s=2118.8 P=0.35215044 dP=-0.64750846 r12=8.26374064 Vg=0 norm=1.00000000
progress grid N=2 step 14000/50266 27.9% t=140.00000 eta_s=2104.7 P=0.32607901 dP=-0.67357988 r12=8.25020157 Vg=0 norm=1.00000000
progress grid N=2 step 14250/50266 28.3% t=142.50000 eta_s=2090.7 P=0.30314498 dP=-0.69651391 r12=8.23787549 Vg=0 norm=1.00000000
progress grid N=2 step 14500/50266 28.8% t=145.00000 eta_s=2076.9 P=0.28428096 dP=-0.71537793 r12=8.22361851 Vg=0 norm=1.00000000
progress grid N=2 step 14750/50266 29.3% t=147.50000 eta_s=2063.2 P=0.26745158 dP=-0.73220731 r12=8.21378606 Vg=0 norm=1.00000000
progress grid N=2 step 15000/50266 29.8% t=150.00000 eta_s=2049.4 P=0.25467734 dP=-0.74498155 r12=8.20337577 Vg=0 norm=1.00000000
progress grid N=2 step 15250/50266 30.3% t=152.50000 eta_s=2035.3 P=0.24363080 dP=-0.75602809 r12=8.19506803 Vg=0 norm=1.00000000
progress grid N=2 step 15500/50266 30.8% t=155.00000 eta_s=2021.4 P=0.23360268 dP=-0.76605622 r12=8.18830732 Vg=0 norm=1.00000000
progress grid N=2 step 15750/50266 31.3% t=157.50000 eta_s=2007.6 P=0.22490391 dP=-0.77475498 r12=8.17985149 Vg=0 norm=1.00000000
progress grid N=2 step 16000/50266 31.8% t=160.00000 eta_s=1993.8 P=0.21436973 dP=-0.78528916 r12=8.17285277 Vg=0 norm=1.00000000
progress grid N=2 step 16250/50266 32.3% t=162.50000 eta_s=1978.7 P=0.20409941 dP=-0.79555948 r12=8.16315458 Vg=0 norm=1.00000000
progress grid N=2 step 16500/50266 32.8% t=165.00000 eta_s=1963.6 P=0.19223638 dP=-0.80742251 r12=8.15333024 Vg=0 norm=1.00000000
progress grid N=2 step 16750/50266 33.3% t=167.50000 eta_s=1948.5 P=0.18068444 dP=-0.81897445 r12=8.14325323 Vg=0 norm=1.00000000
progress grid N=2 step 17000/50266 33.8% t=170.00000 eta_s=1933.3 P=0.17104167 dP=-0.82861722 r12=8.13365417 Vg=0 norm=1.00000000
progress grid N=2 step 17250/50266 34.3% t=172.50000 eta_s=1919.0 P=0.16280633 dP=-0.83685256 r12=8.12748708 Vg=0 norm=1.00000000
progress grid N=2 step 17500/50266 34.8% t=175.00000 eta_s=1905.0 P=0.15908680 dP=-0.84057210 r12=8.12321322 Vg=0 norm=1.00000000
progress grid N=2 step 17750/50266 35.3% t=177.50000 eta_s=1890.8 P=0.15615893 dP=-0.84349996 r12=8.12199397 Vg=0 norm=1.00000000
progress grid N=2 step 18000/50266 35.8% t=180.00000 eta_s=1877.1 P=0.15437623 dP=-0.84528266 r12=8.12050490 Vg=0 norm=1.00000000
progress grid N=2 step 18250/50266 36.3% t=182.50000 eta_s=1863.3 P=0.15052616 dP=-0.84913273 r12=8.11743962 Vg=0 norm=1.00000000
progress grid N=2 step 18500/50266 36.8% t=185.00000 eta_s=1849.2 P=0.14365885 dP=-0.85600004 r12=8.11207021 Vg=0 norm=1.00000000
progress grid N=2 step 18750/50266 37.3% t=187.50000 eta_s=1835.2 P=0.13621418 dP=-0.86344471 r12=8.10505243 Vg=0 norm=1.00000000
progress grid N=2 step 19000/50266 37.8% t=190.00000 eta_s=1821.3 P=0.12933713 dP=-0.87032176 r12=8.10006290 Vg=0 norm=1.00000000
progress grid N=2 step 19250/50266 38.3% t=192.50000 eta_s=1807.1 P=0.12726149 dP=-0.87239740 r12=8.09830288 Vg=0 norm=1.00000000
progress grid N=2 step 19500/50266 38.8% t=195.00000 eta_s=1793.1 P=0.12653179 dP=-0.87312710 r12=8.09936762 Vg=0 norm=1.00000000
progress grid N=2 step 19750/50266 39.3% t=197.50000 eta_s=1779.2 P=0.12540023 dP=-0.87425866 r12=8.09875833 Vg=0 norm=1.00000000
progress grid N=2 step 20000/50266 39.8% t=200.00000 eta_s=1765.0 P=0.11962935 dP=-0.88002954 r12=8.09479598 Vg=0 norm=1.00000000
progress grid N=2 step 20250/50266 40.3% t=202.50000 eta_s=1750.8 P=0.11272223 dP=-0.88693666 r12=8.08959317 Vg=0 norm=1.00000000
progress grid N=2 step 20500/50266 40.8% t=205.00000 eta_s=1736.8 P=0.10920207 dP=-0.89045682 r12=8.08776159 Vg=0 norm=1.00000000
progress grid N=2 step 20750/50266 41.3% t=207.50000 eta_s=1722.7 P=0.10934999 dP=-0.89030890 r12=8.08913859 Vg=0 norm=1.00000000
progress grid N=2 step 21000/50266 41.8% t=210.00000 eta_s=1708.4 P=0.10716893 dP=-0.89248997 r12=8.08832089 Vg=0 norm=1.00000000
progress grid N=2 step 21250/50266 42.3% t=212.50000 eta_s=1694.2 P=0.09984787 dP=-0.89981102 r12=8.08391572 Vg=0 norm=1.00000000
progress grid N=2 step 21500/50266 42.8% t=215.00000 eta_s=1680.1 P=0.09536820 dP=-0.90429069 r12=8.08181215 Vg=0 norm=1.00000000
progress grid N=2 step 21750/50266 43.3% t=217.50000 eta_s=1665.9 P=0.09530918 dP=-0.90434971 r12=8.08339853 Vg=0 norm=1.00000000
progress grid N=2 step 22000/50266 43.8% t=220.00000 eta_s=1651.5 P=0.09083004 dP=-0.90882885 r12=8.08149510 Vg=0 norm=1.00000000
progress grid N=2 step 22250/50266 44.3% t=222.50000 eta_s=1636.9 P=0.08301085 dP=-0.91664804 r12=8.07813411 Vg=0 norm=1.00000000
progress grid N=2 step 22500/50266 44.8% t=225.00000 eta_s=1621.9 P=0.08224601 dP=-0.91741289 r12=8.07931866 Vg=0 norm=1.00000000
progress grid N=2 step 22750/50266 45.3% t=227.50000 eta_s=1606.9 P=0.07679188 dP=-0.92286701 r12=8.07782635 Vg=0 norm=1.00000000
progress grid N=2 step 23000/50266 45.8% t=230.00000 eta_s=1591.7 P=0.06866917 dP=-0.93098972 r12=8.07566993 Vg=0 norm=1.00000000
progress grid N=2 step 23250/50266 46.3% t=232.50000 eta_s=1576.5 P=0.06749506 dP=-0.93216383 r12=8.07656230 Vg=0 norm=1.00000000
progress grid N=2 step 23500/50266 46.8% t=235.00000 eta_s=1560.4 P=0.05617074 dP=-0.94348816 r12=8.07390052 Vg=0 norm=1.00000000
progress grid N=2 step 23750/50266 47.2% t=237.50000 eta_s=1545.3 P=0.05358283 dP=-0.94607606 r12=8.07454672 Vg=0 norm=1.00000000
progress grid N=2 step 24000/50266 47.7% t=240.00000 eta_s=1530.5 P=0.04175686 dP=-0.95790203 r12=8.07262717 Vg=0 norm=1.00000000
progress grid N=2 step 24250/50266 48.2% t=242.50000 eta_s=1515.4 P=0.03717914 dP=-0.96247975 r12=8.07297336 Vg=0 norm=1.00000000
progress grid N=2 step 24500/50266 48.7% t=245.00000 eta_s=1501.0 P=0.02343835 dP=-0.97622054 r12=8.07174987 Vg=0 norm=1.00000000
progress grid N=2 step 24750/50266 49.2% t=247.50000 eta_s=1487.0 P=0.01898794 dP=-0.98067095 r12=8.07174061 Vg=0 norm=1.00000000
progress grid N=2 step 25000/50266 49.7% t=250.00000 eta_s=1472.6 P=0.00219369 dP=-0.99746520 r12=8.07155044 Vg=0 norm=1.00000000
progress grid N=2 step 25250/50266 50.2% t=252.50000 eta_s=1458.4 P=-0.00099888 dP=-1.00065777 r12=8.07120158 Vg=0 norm=1.00000000
progress grid N=2 step 25500/50266 50.7% t=255.00000 eta_s=1444.1 P=-0.01869051 dP=-1.01834940 r12=8.07185722 Vg=0 norm=1.00000000
progress grid N=2 step 25750/50266 51.2% t=257.50000 eta_s=1429.8 P=-0.02163381 dP=-1.02129270 r12=8.07169088 Vg=0 norm=1.00000000
progress grid N=2 step 26000/50266 51.7% t=260.00000 eta_s=1415.6 P=-0.03720006 dP=-1.03685895 r12=8.07287252 Vg=0 norm=1.00000000
progress grid N=2 step 26250/50266 52.2% t=262.50000 eta_s=1401.2 P=-0.04019314 dP=-1.03985203 r12=8.07264690 Vg=0 norm=1.00000000
progress grid N=2 step 26500/50266 52.7% t=265.00000 eta_s=1386.4 P=-0.05322851 dP=-1.05288740 r12=8.07475748 Vg=0 norm=1.00000000
progress grid N=2 step 26750/50266 53.2% t=267.50000 eta_s=1371.9 P=-0.05533142 dP=-1.05499031 r12=8.07406071 Vg=0 norm=1.00000000
progress grid N=2 step 27000/50266 53.7% t=270.00000 eta_s=1357.2 P=-0.06646727 dP=-1.06612617 r12=8.07713340 Vg=0 norm=1.00000000
progress grid N=2 step 27250/50266 54.2% t=272.50000 eta_s=1342.5 P=-0.06865043 dP=-1.06830932 r12=8.07630772 Vg=0 norm=1.00000000
progress grid N=2 step 27500/50266 54.7% t=275.00000 eta_s=1327.7 P=-0.07535553 dP=-1.07501442 r12=8.07853940 Vg=0 norm=1.00000000
progress grid N=2 step 27750/50266 55.2% t=277.50000 eta_s=1312.9 P=-0.08215363 dP=-1.08181252 r12=8.08024363 Vg=0 norm=1.00000000
progress grid N=2 step 28000/50266 55.7% t=280.00000 eta_s=1298.2 P=-0.08245667 dP=-1.08211556 r12=8.07926329 Vg=0 norm=1.00000000
progress grid N=2 step 28250/50266 56.2% t=282.50000 eta_s=1283.5 P=-0.08976729 dP=-1.08942618 r12=8.08222828 Vg=0 norm=1.00000000
progress grid N=2 step 28500/50266 56.7% t=285.00000 eta_s=1268.8 P=-0.09487574 dP=-1.09453463 r12=8.08499418 Vg=0 norm=1.00000000
progress grid N=2 step 28750/50266 57.2% t=287.50000 eta_s=1254.4 P=-0.09530171 dP=-1.09496060 r12=8.08344546 Vg=0 norm=1.00000000
progress grid N=2 step 29000/50266 57.7% t=290.00000 eta_s=1240.2 P=-0.09899336 dP=-1.09865225 r12=8.08548954 Vg=0 norm=1.00000000
progress grid N=2 step 29250/50266 58.2% t=292.50000 eta_s=1225.6 P=-0.10599725 dP=-1.10565614 r12=8.08988990 Vg=0 norm=1.00000000
progress grid N=2 step 29500/50266 58.7% t=295.00000 eta_s=1211.3 P=-0.10939600 dP=-1.10905489 r12=8.09151920 Vg=0 norm=1.00000000
progress grid N=2 step 29750/50266 59.2% t=297.50000 eta_s=1196.7 P=-0.10890898 dP=-1.10856787 r12=8.09029024 Vg=0 norm=1.00000000
progress grid N=2 step 30000/50266 59.7% t=300.00000 eta_s=1182.0 P=-0.11232929 dP=-1.11198818 r12=8.09205082 Vg=0 norm=1.00000000
progress grid N=2 step 30250/50266 60.2% t=302.50000 eta_s=1167.2 P=-0.11811106 dP=-1.11776995 r12=8.09735284 Vg=0 norm=1.00000000
progress grid N=2 step 30500/50266 60.7% t=305.00000 eta_s=1152.5 P=-0.12489538 dP=-1.12455427 r12=8.10191911 Vg=0 norm=1.00000000
progress grid N=2 step 30750/50266 61.2% t=307.50000 eta_s=1137.8 P=-0.12623720 dP=-1.12589609 r12=8.10353230 Vg=0 norm=1.00000000
progress grid N=2 step 31000/50266 61.7% t=310.00000 eta_s=1123.2 P=-0.12733522 dP=-1.12699411 r12=8.10293059 Vg=0 norm=1.00000000
progress grid N=2 step 31250/50266 62.2% t=312.50000 eta_s=1108.6 P=-0.12909543 dP=-1.12875432 r12=8.10490143 Vg=0 norm=1.00000000
progress grid N=2 step 31500/50266 62.7% t=315.00000 eta_s=1094.1 P=-0.13488020 dP=-1.13453909 r12=8.11001529 Vg=0 norm=1.00000000
progress grid N=2 step 31750/50266 63.2% t=317.50000 eta_s=1079.6 P=-0.14269463 dP=-1.14235352 r12=8.11753949 Vg=0 norm=1.00000000
progress grid N=2 step 32000/50266 63.7% t=320.00000 eta_s=1065.2 P=-0.14905195 dP=-1.14871084 r12=8.12397254 Vg=0 norm=1.00000000
progress grid N=2 step 32250/50266 64.2% t=322.50000 eta_s=1050.8 P=-0.15431255 dP=-1.15397144 r12=8.12785675 Vg=0 norm=1.00000000
progress grid N=2 step 32500/50266 64.7% t=325.00000 eta_s=1036.5 P=-0.15602672 dP=-1.15568561 r12=8.13063791 Vg=0 norm=1.00000000
progress grid N=2 step 32750/50266 65.2% t=327.50000 eta_s=1022.1 P=-0.15912434 dP=-1.15878323 r12=8.13255107 Vg=0 norm=1.00000000
progress grid N=2 step 33000/50266 65.7% t=330.00000 eta_s=1007.6 P=-0.16290941 dP=-1.16256830 r12=8.13717885 Vg=0 norm=1.00000000
progress grid N=2 step 33250/50266 66.1% t=332.50000 eta_s=993.2 P=-0.16968159 dP=-1.16934048 r12=8.14428181 Vg=0 norm=1.00000000
progress grid N=2 step 33500/50266 66.6% t=335.00000 eta_s=978.8 P=-0.17967583 dP=-1.17933472 r12=8.15402186 Vg=0 norm=1.00000000
progress grid N=2 step 33750/50266 67.1% t=337.50000 eta_s=964.3 P=-0.19012143 dP=-1.18978032 r12=8.16565168 Vg=0 norm=1.00000000
progress grid N=2 step 34000/50266 67.6% t=340.00000 eta_s=949.8 P=-0.20240211 dP=-1.20206100 r12=8.17634787 Vg=0 norm=1.00000000
progress grid N=2 step 34250/50266 68.1% t=342.50000 eta_s=935.3 P=-0.21306506 dP=-1.21272395 r12=8.18763354 Vg=0 norm=1.00000000
progress grid N=2 step 34500/50266 68.6% t=345.00000 eta_s=920.9 P=-0.22354255 dP=-1.22320144 r12=8.19690421 Vg=0 norm=1.00000000
progress grid N=2 step 34750/50266 69.1% t=347.50000 eta_s=906.4 P=-0.23362132 dP=-1.23328022 r12=8.20590802 Vg=0 norm=1.00000000
progress grid N=2 step 35000/50266 69.6% t=350.00000 eta_s=891.9 P=-0.24307671 dP=-1.24273560 r12=8.21578035 Vg=0 norm=1.00000000
progress grid N=2 step 35250/50266 70.1% t=352.50000 eta_s=877.4 P=-0.25478817 dP=-1.25444706 r12=8.22472342 Vg=0 norm=1.00000000
progress grid N=2 step 35500/50266 70.6% t=355.00000 eta_s=862.9 P=-0.26740772 dP=-1.26706661 r12=8.23698249 Vg=0 norm=1.00000000
progress grid N=2 step 35750/50266 71.1% t=357.50000 eta_s=848.4 P=-0.28321419 dP=-1.28287308 r12=8.24955077 Vg=0 norm=1.00000000
progress grid N=2 step 36000/50266 71.6% t=360.00000 eta_s=834.0 P=-0.30232750 dP=-1.30198639 r12=8.26364128 Vg=0 norm=1.00000000
progress grid N=2 step 36250/50266 72.1% t=362.50000 eta_s=819.5 P=-0.32390844 dP=-1.32356733 r12=8.28008997 Vg=0 norm=1.00000000
progress grid N=2 step 36500/50266 72.6% t=365.00000 eta_s=805.0 P=-0.34949368 dP=-1.34915257 r12=8.29423546 Vg=0 norm=1.00000000
progress grid N=2 step 36750/50266 73.1% t=367.50000 eta_s=790.5 P=-0.37734195 dP=-1.37700084 r12=8.31008682 Vg=0 norm=1.00000000
progress grid N=2 step 37000/50266 73.6% t=370.00000 eta_s=776.0 P=-0.40750509 dP=-1.40716398 r12=8.32255434 Vg=0 norm=1.00000000
progress grid N=2 step 37250/50266 74.1% t=372.50000 eta_s=761.4 P=-0.43988019 dP=-1.43953908 r12=8.33185887 Vg=0 norm=1.00000000
progress grid N=2 step 37500/50266 74.6% t=375.00000 eta_s=746.9 P=-0.47291775 dP=-1.47257664 r12=8.34009132 Vg=0 norm=1.00000000
progress grid N=2 step 37750/50266 75.1% t=377.50000 eta_s=732.4 P=-0.50662997 dP=-1.50628886 r12=8.34127537 Vg=0 norm=1.00000000
progress grid N=2 step 38000/50266 75.6% t=380.00000 eta_s=717.8 P=-0.54045322 dP=-1.54011212 r12=8.34141469 Vg=0 norm=1.00000000
progress grid N=2 step 38250/50266 76.1% t=382.50000 eta_s=703.3 P=-0.57304888 dP=-1.57270777 r12=8.33695508 Vg=0 norm=1.00000000
progress grid N=2 step 38500/50266 76.6% t=385.00000 eta_s=688.7 P=-0.60442508 dP=-1.60408397 r12=8.32797461 Vg=0 norm=1.00000000
progress grid N=2 step 38750/50266 77.1% t=387.50000 eta_s=674.2 P=-0.63406072 dP=-1.63371961 r12=8.31958966 Vg=0 norm=1.00000000
progress grid N=2 step 39000/50266 77.6% t=390.00000 eta_s=659.6 P=-0.66044766 dP=-1.66010655 r12=8.30646338 Vg=0 norm=1.00000000
progress grid N=2 step 39250/50266 78.1% t=392.50000 eta_s=645.1 P=-0.68461920 dP=-1.68427809 r12=8.29492128 Vg=0 norm=1.00000000
progress grid N=2 step 39500/50266 78.6% t=395.00000 eta_s=630.5 P=-0.70530804 dP=-1.70496693 r12=8.28360832 Vg=0 norm=1.00000000
progress grid N=2 step 39750/50266 79.1% t=397.50000 eta_s=615.8 P=-0.72239615 dP=-1.72205504 r12=8.27173507 Vg=0 norm=1.00000000
progress grid N=2 step 40000/50266 79.6% t=400.00000 eta_s=601.1 P=-0.73755325 dP=-1.73721214 r12=8.26399048 Vg=0 norm=1.00000000
progress grid N=2 step 40250/50266 80.1% t=402.50000 eta_s=586.3 P=-0.74919235 dP=-1.74885124 r12=8.25496698 Vg=0 norm=1.00000000
progress grid N=2 step 40500/50266 80.6% t=405.00000 eta_s=571.6 P=-0.76005594 dP=-1.75971483 r12=8.24835130 Vg=0 norm=1.00000000
progress grid N=2 step 40750/50266 81.1% t=407.50000 eta_s=556.8 P=-0.77012947 dP=-1.76978836 r12=8.24199988 Vg=0 norm=1.00000000
progress grid N=2 step 41000/50266 81.6% t=410.00000 eta_s=542.1 P=-0.77972821 dP=-1.77938710 r12=8.23380580 Vg=0 norm=1.00000000
progress grid N=2 step 41250/50266 82.1% t=412.50000 eta_s=527.6 P=-0.79118701 dP=-1.79084590 r12=8.22669752 Vg=0 norm=1.00000000
progress grid N=2 step 41500/50266 82.6% t=415.00000 eta_s=512.9 P=-0.80194520 dP=-1.80160409 r12=8.21654383 Vg=0 norm=1.00000000
progress grid N=2 step 41750/50266 83.1% t=417.50000 eta_s=498.3 P=-0.81395810 dP=-1.81361700 r12=8.20725775 Vg=0 norm=1.00000000
progress grid N=2 step 42000/50266 83.6% t=420.00000 eta_s=483.7 P=-0.82437645 dP=-1.82403534 r12=8.19831183 Vg=0 norm=1.00000000
progress grid N=2 step 42250/50266 84.1% t=422.50000 eta_s=469.1 P=-0.83240366 dP=-1.83206255 r12=8.19077635 Vg=0 norm=1.00000000
progress grid N=2 step 42500/50266 84.6% t=425.00000 eta_s=454.6 P=-0.83874465 dP=-1.83840354 r12=8.18719557 Vg=0 norm=1.00000000
progress grid N=2 step 42750/50266 85.0% t=427.50000 eta_s=440.0 P=-0.84102950 dP=-1.84068839 r12=8.18461807 Vg=0 norm=1.00000000
progress grid N=2 step 43000/50266 85.5% t=430.00000 eta_s=425.4 P=-0.84411728 dP=-1.84377618 r12=8.18449819 Vg=0 norm=1.00000000
progress grid N=2 step 43250/50266 86.0% t=432.50000 eta_s=410.8 P=-0.84692862 dP=-1.84658752 r12=8.18231755 Vg=0 norm=1.00000000
progress grid N=2 step 43500/50266 86.5% t=435.00000 eta_s=396.2 P=-0.85274809 dP=-1.85240698 r12=8.17793688 Vg=0 norm=1.00000000
progress grid N=2 step 43750/50266 87.0% t=437.50000 eta_s=381.6 P=-0.86045068 dP=-1.86010958 r12=8.17196119 Vg=0 norm=1.00000000
progress grid N=2 step 44000/50266 87.5% t=440.00000 eta_s=367.0 P=-0.86691692 dP=-1.86657581 r12=8.16569690 Vg=0 norm=1.00000000
progress grid N=2 step 44250/50266 88.0% t=442.50000 eta_s=352.4 P=-0.87182258 dP=-1.87148147 r12=8.16331392 Vg=0 norm=1.00000000
progress grid N=2 step 44500/50266 88.5% t=445.00000 eta_s=337.8 P=-0.87194207 dP=-1.87160096 r12=8.16336160 Vg=0 norm=1.00000000
progress grid N=2 step 44750/50266 89.0% t=447.50000 eta_s=323.2 P=-0.87360506 dP=-1.87326395 r12=8.16459381 Vg=0 norm=1.00000000
progress grid N=2 step 45000/50266 89.5% t=450.00000 eta_s=308.6 P=-0.87681846 dP=-1.87647735 r12=8.16183814 Vg=0 norm=1.00000000
progress grid N=2 step 45250/50266 90.0% t=452.50000 eta_s=294.0 P=-0.88412241 dP=-1.88378130 r12=8.15690158 Vg=0 norm=1.00000000
progress grid N=2 step 45500/50266 90.5% t=455.00000 eta_s=279.3 P=-0.88904040 dP=-1.88869930 r12=8.15335677 Vg=0 norm=1.00000000
progress grid N=2 step 45750/50266 91.0% t=457.50000 eta_s=264.7 P=-0.89008541 dP=-1.88974430 r12=8.15420133 Vg=0 norm=1.00000000
progress grid N=2 step 46000/50266 91.5% t=460.00000 eta_s=250.1 P=-0.89092501 dP=-1.89058390 r12=8.15523349 Vg=0 norm=1.00000000
progress grid N=2 step 46250/50266 92.0% t=462.50000 eta_s=235.4 P=-0.89606155 dP=-1.89572044 r12=8.15200995 Vg=0 norm=1.00000000
progress grid N=2 step 46500/50266 92.5% t=465.00000 eta_s=220.8 P=-0.90298168 dP=-1.90264057 r12=8.14827178 Vg=0 norm=1.00000000
progress grid N=2 step 46750/50266 93.0% t=467.50000 eta_s=206.1 P=-0.90381999 dP=-1.90347888 r12=8.14899817 Vg=0 norm=1.00000000
progress grid N=2 step 47000/50266 93.5% t=470.00000 eta_s=191.5 P=-0.90604800 dP=-1.90570689 r12=8.14966715 Vg=0 norm=1.00000000
progress grid N=2 step 47250/50266 94.0% t=472.50000 eta_s=176.9 P=-0.91310209 dP=-1.91276098 r12=8.14570302 Vg=0 norm=1.00000000
progress grid N=2 step 47500/50266 94.5% t=475.00000 eta_s=162.2 P=-0.91756579 dP=-1.91722468 r12=8.14503761 Vg=0 norm=1.00000000
progress grid N=2 step 47750/50266 95.0% t=477.50000 eta_s=147.6 P=-0.91864182 dP=-1.91830071 r12=8.14585857 Vg=0 norm=1.00000000
progress grid N=2 step 48000/50266 95.5% t=480.00000 eta_s=132.9 P=-0.92822746 dP=-1.92788635 r12=8.14263590 Vg=0 norm=1.00000000
progress grid N=2 step 48250/50266 96.0% t=482.50000 eta_s=118.3 P=-0.93070364 dP=-1.93036253 r12=8.14324367 Vg=0 norm=1.00000000
progress grid N=2 step 48500/50266 96.5% t=485.00000 eta_s=103.6 P=-0.93745326 dP=-1.93711215 r12=8.14195853 Vg=0 norm=1.00000000
progress grid N=2 step 48750/50266 97.0% t=487.50000 eta_s=88.9 P=-0.94559122 dP=-1.94525011 r12=8.14080604 Vg=0 norm=1.00000000
progress grid N=2 step 49000/50266 97.5% t=490.00000 eta_s=74.3 P=-0.95006749 dP=-1.94972638 r12=8.14065737 Vg=0 norm=1.00000000
progress grid N=2 step 49250/50266 98.0% t=492.50000 eta_s=59.6 P=-0.96206598 dP=-1.96172487 r12=8.13938810 Vg=0 norm=1.00000000
progress grid N=2 step 49500/50266 98.5% t=495.00000 eta_s=44.9 P=-0.96677317 dP=-1.96643206 r12=8.13914664 Vg=0 norm=1.00000000
progress grid N=2 step 49750/50266 99.0% t=497.50000 eta_s=30.3 P=-0.98030509 dP=-1.97996399 r12=8.13871796 Vg=0 norm=1.00000000
progress grid N=2 step 50000/50266 99.5% t=500.00000 eta_s=15.6 P=-0.98734640 dP=-1.98700529 r12=8.13832231 Vg=0 norm=1.00000000
progress grid N=2 step 50250/50266 100.0% t=502.50000 eta_s=0.9 P=-0.99936899 dP=-1.99902788 r12=8.13838888 Vg=0 norm=1.00000000
progress grid N=2 step 50266/50266 100.0% t=502.65482 eta_s=0.0 P=-0.99930343 dP=-1.99896232 r12=8.13838402 Vg=0 norm=1.00000000
[write] out/vs3_n2_dt0p01_T160pi_K32_sweep/grid_ref/free/g1024_dt0p01_T160pi/n2_grid_reference_vs3_free_g1024_dt0p01_T160pi.npz (2012 samples, grid=1024)
[write] out/vs3_n2_dt0p01_T160pi_K32_sweep/grid_ref/free/g1024_dt0p01_T160pi/n2_grid_reference_vs3_free_g1024_dt0p01_T160pi.csv
end_time=2026-07-09T13:32:52+08:00
