job_id=605628
array_job_id=605469
array_task_id=4
job_name=vs3n2gk32
partition=epyc
node_list=doom
submit_dir=/home/gyqyan/zexuan/ecg1d_code/1D_thouless_pumping
workdir=/home/gyqyan/zexuan/ecg1d_code/1D_thouless_pumping
cpus_per_task=32
mem_per_node=16384
start_time=2026-07-09T14:21:47+08:00
case=gauss_sigma1p250
g_over_er=0.3
sigma=1.25
out_dir=out/vs3_n2_dt0p01_T160pi_K32_sweep/grid_ref/gauss_sigma1p250/g1024_dt0p01_T160pi
[config] grid=1024 dt=0.01 tmax=502.6548245743669 Vs/Er=3.0 Vl/Er=3.0 g/Er=0.3 fft_backend=scipy.fft fft_workers=32
progress grid N=2 step 250/50266 0.5% t=2.50000 eta_s=2932.4 P=0.98917228 dP=-0.01048661 r12=8.04593272 Vg=1.1152445e-06 norm=1.00000000
progress grid N=2 step 500/50266 1.0% t=5.00000 eta_s=2947.3 P=0.98032172 dP=-0.01933717 r12=8.04729636 Vg=1.0358491e-06 norm=1.00000000
progress grid N=2 step 750/50266 1.5% t=7.50000 eta_s=2945.7 P=0.96869703 dP=-0.03096186 r12=8.04952688 Vg=1.1515657e-06 norm=1.00000000
progress grid N=2 step 1000/50266 2.0% t=10.00000 eta_s=2939.8 P=0.96217128 dP=-0.03748761 r12=8.05216561 Vg=1.2071798e-06 norm=1.00000000
progress grid N=2 step 1250/50266 2.5% t=12.50000 eta_s=2931.8 P=0.95132486 dP=-0.04833403 r12=8.05520905 Vg=1.3061145e-06 norm=1.00000000
progress grid N=2 step 1500/50266 3.0% t=15.00000 eta_s=2919.1 P=0.94625180 dP=-0.05340710 r12=8.05503312 Vg=1.3038861e-06 norm=1.00000000
progress grid N=2 step 1750/50266 3.5% t=17.50000 eta_s=2894.8 P=0.93796365 dP=-0.06169525 r12=8.05421688 Vg=1.1642494e-06 norm=1.00000000
progress grid N=2 step 2000/50266 4.0% t=20.00000 eta_s=2863.5 P=0.93215908 dP=-0.06749981 r12=8.05392057 Vg=1.0434214e-06 norm=1.00000000
progress grid N=2 step 2250/50266 4.5% t=22.50000 eta_s=2842.4 P=0.92781722 dP=-0.07184167 r12=8.05251342 Vg=1.0826869e-06 norm=1.00000000
progress grid N=2 step 2500/50266 5.0% t=25.00000 eta_s=2825.8 P=0.92067730 dP=-0.07898159 r12=8.05491086 Vg=1.0899349e-06 norm=1.00000000
progress grid N=2 step 2750/50266 5.5% t=27.50000 eta_s=2810.4 P=0.91686494 dP=-0.08279395 r12=8.05462255 Vg=1.195465e-06 norm=1.00000000
progress grid N=2 step 3000/50266 6.0% t=30.00000 eta_s=2789.3 P=0.91472714 dP=-0.08493175 r12=8.05617514 Vg=1.2767537e-06 norm=1.00000000
progress grid N=2 step 3250/50266 6.5% t=32.50000 eta_s=2760.8 P=0.90597031 dP=-0.09368858 r12=8.06060675 Vg=8.8530897e-07 norm=1.00000000
progress grid N=2 step 3500/50266 7.0% t=35.00000 eta_s=2734.1 P=0.90536929 dP=-0.09428960 r12=8.06220659 Vg=7.9413388e-07 norm=1.00000000
progress grid N=2 step 3750/50266 7.5% t=37.50000 eta_s=2716.8 P=0.90220374 dP=-0.09745515 r12=8.06302980 Vg=9.7617502e-07 norm=1.00000000
progress grid N=2 step 4000/50266 8.0% t=40.00000 eta_s=2704.8 P=0.89768167 dP=-0.10197722 r12=8.06689457 Vg=1.2178219e-06 norm=1.00000000
progress grid N=2 step 4250/50266 8.5% t=42.50000 eta_s=2692.6 P=0.89108933 dP=-0.10856956 r12=8.06912675 Vg=9.6920666e-07 norm=1.00000000
progress grid N=2 step 4500/50266 9.0% t=45.00000 eta_s=2677.6 P=0.89110745 dP=-0.10855144 r12=8.06795426 Vg=8.4981975e-07 norm=1.00000000
progress grid N=2 step 4750/50266 9.4% t=47.50000 eta_s=2666.9 P=0.88895774 dP=-0.11070115 r12=8.06708973 Vg=1.0429777e-06 norm=1.00000000
progress grid N=2 step 5000/50266 9.9% t=50.00000 eta_s=2657.5 P=0.88457506 dP=-0.11508383 r12=8.06964748 Vg=1.6414044e-06 norm=1.00000000
progress grid N=2 step 5250/50266 10.4% t=52.50000 eta_s=2647.2 P=0.87815804 dP=-0.12150085 r12=8.07471671 Vg=1.8249697e-06 norm=1.00000000
progress grid N=2 step 5500/50266 10.9% t=55.00000 eta_s=2635.1 P=0.87394224 dP=-0.12571665 r12=8.07727299 Vg=1.7410075e-06 norm=1.00000000
progress grid N=2 step 5750/50266 11.4% t=57.50000 eta_s=2623.9 P=0.87342133 dP=-0.12623756 r12=8.07891995 Vg=1.8842014e-06 norm=1.00000000
progress grid N=2 step 6000/50266 11.9% t=60.00000 eta_s=2611.2 P=0.87082100 dP=-0.12883789 r12=8.07907843 Vg=1.982476e-06 norm=1.00000000
progress grid N=2 step 6250/50266 12.4% t=62.50000 eta_s=2598.4 P=0.86819315 dP=-0.13146574 r12=8.08427690 Vg=2.5120303e-06 norm=1.00000000
progress grid N=2 step 6500/50266 12.9% t=65.00000 eta_s=2587.1 P=0.86022138 dP=-0.13943751 r12=8.08947858 Vg=3.2532796e-06 norm=1.00000000
progress grid N=2 step 6750/50266 13.4% t=67.50000 eta_s=2575.0 P=0.85433719 dP=-0.14532170 r12=8.09653600 Vg=4.5570096e-06 norm=1.00000000
progress grid N=2 step 7000/50266 13.9% t=70.00000 eta_s=2562.3 P=0.84805612 dP=-0.15160277 r12=8.10063359 Vg=5.0065859e-06 norm=1.00000000
progress grid N=2 step 7250/50266 14.4% t=72.50000 eta_s=2549.3 P=0.84477373 dP=-0.15488516 r12=8.10298006 Vg=5.1414894e-06 norm=1.00000000
progress grid N=2 step 7500/50266 14.9% t=75.00000 eta_s=2536.9 P=0.84233362 dP=-0.15732527 r12=8.10543901 Vg=5.408901e-06 norm=1.00000000
progress grid N=2 step 7750/50266 15.4% t=77.50000 eta_s=2523.8 P=0.83790189 dP=-0.16175700 r12=8.10693111 Vg=5.9189573e-06 norm=1.00000000
progress grid N=2 step 8000/50266 15.9% t=80.00000 eta_s=2509.9 P=0.83338568 dP=-0.16627321 r12=8.11415573 Vg=6.6679293e-06 norm=1.00000000
progress grid N=2 step 8250/50266 16.4% t=82.50000 eta_s=2496.6 P=0.82403832 dP=-0.17562057 r12=8.12049544 Vg=8.0507592e-06 norm=1.00000000
progress grid N=2 step 8500/50266 16.9% t=85.00000 eta_s=2483.1 P=0.81475884 dP=-0.18490005 r12=8.13171368 Vg=1.0155497e-05 norm=1.00000000
progress grid N=2 step 8750/50266 17.4% t=87.50000 eta_s=2469.3 P=0.80351306 dP=-0.19614583 r12=8.14216268 Vg=1.1834678e-05 norm=1.00000000
progress grid N=2 step 9000/50266 17.9% t=90.00000 eta_s=2455.6 P=0.79213816 dP=-0.20752073 r12=8.15174967 Vg=1.3470897e-05 norm=1.00000000
progress grid N=2 step 9250/50266 18.4% t=92.50000 eta_s=2441.5 P=0.78229897 dP=-0.21735992 r12=8.16309959 Vg=1.4799792e-05 norm=1.00000000
progress grid N=2 step 9500/50266 18.9% t=95.00000 eta_s=2427.5 P=0.77126020 dP=-0.22839869 r12=8.16982138 Vg=1.5061788e-05 norm=1.00000000
progress grid N=2 step 9750/50266 19.4% t=97.50000 eta_s=2414.0 P=0.76188819 dP=-0.23777070 r12=8.18064876 Vg=1.541254e-05 norm=1.00000000
progress grid N=2 step 10000/50266 19.9% t=100.00000 eta_s=2400.0 P=0.75049916 dP=-0.24915973 r12=8.18862444 Vg=1.670193e-05 norm=1.00000000
progress grid N=2 step 10250/50266 20.4% t=102.50000 eta_s=2385.2 P=0.73787872 dP=-0.26178017 r12=8.19883783 Vg=1.7149782e-05 norm=1.00000000
progress grid N=2 step 10500/50266 20.9% t=105.00000 eta_s=2371.4 P=0.72363424 dP=-0.27602465 r12=8.21228447 Vg=1.9390778e-05 norm=1.00000000
progress grid N=2 step 10750/50266 21.4% t=107.50000 eta_s=2357.4 P=0.70529458 dP=-0.29436431 r12=8.22294102 Vg=2.2057499e-05 norm=1.00000000
progress grid N=2 step 11000/50266 21.9% t=110.00000 eta_s=2341.7 P=0.68534227 dP=-0.31431663 r12=8.23989823 Vg=2.4643856e-05 norm=1.00000000
progress grid N=2 step 11250/50266 22.4% t=112.50000 eta_s=2324.4 P=0.66159036 dP=-0.33806853 r12=8.25323814 Vg=2.8345644e-05 norm=1.00000000
progress grid N=2 step 11500/50266 22.9% t=115.00000 eta_s=2307.6 P=0.63493618 dP=-0.36472272 r12=8.26707784 Vg=3.0882844e-05 norm=1.00000000
progress grid N=2 step 11750/50266 23.4% t=117.50000 eta_s=2291.2 P=0.60662706 dP=-0.39303183 r12=8.28216227 Vg=3.4449263e-05 norm=1.00000000
progress grid N=2 step 12000/50266 23.9% t=120.00000 eta_s=2275.5 P=0.57542181 dP=-0.42423708 r12=8.28988136 Vg=3.6264874e-05 norm=1.00000000
progress grid N=2 step 12250/50266 24.4% t=122.50000 eta_s=2261.1 P=0.54320651 dP=-0.45645238 r12=8.29969396 Vg=3.871951e-05 norm=1.00000000
progress grid N=2 step 12500/50266 24.9% t=125.00000 eta_s=2245.8 P=0.51030237 dP=-0.48935652 r12=8.30325152 Vg=4.1688545e-05 norm=1.00000000
progress grid N=2 step 12750/50266 25.4% t=127.50000 eta_s=2231.8 P=0.47652238 dP=-0.52313651 r12=8.30244938 Vg=4.3744109e-05 norm=1.00000000
progress grid N=2 step 13000/50266 25.9% t=130.00000 eta_s=2217.7 P=0.44350682 dP=-0.55615207 r12=8.30132298 Vg=4.8729005e-05 norm=1.00000000
progress grid N=2 step 13250/50266 26.4% t=132.50000 eta_s=2203.5 P=0.41161904 dP=-0.58803985 r12=8.29252226 Vg=5.2088555e-05 norm=1.00000000
progress grid N=2 step 13500/50266 26.9% t=135.00000 eta_s=2189.3 P=0.38058301 dP=-0.61907588 r12=8.28429591 Vg=5.7157814e-05 norm=1.00000000
progress grid N=2 step 13750/50266 27.4% t=137.50000 eta_s=2175.1 P=0.35259245 dP=-0.64706644 r12=8.27319373 Vg=6.1514037e-05 norm=1.00000000
progress grid N=2 step 14000/50266 27.9% t=140.00000 eta_s=2160.9 P=0.32689988 dP=-0.67275901 r12=8.25998492 Vg=6.4485343e-05 norm=1.00000000
progress grid N=2 step 14250/50266 28.3% t=142.50000 eta_s=2146.3 P=0.30387687 dP=-0.69578202 r12=8.24928318 Vg=6.7944474e-05 norm=1.00000000
progress grid N=2 step 14500/50266 28.8% t=145.00000 eta_s=2131.8 P=0.28524409 dP=-0.71441480 r12=8.23691842 Vg=7.0019021e-05 norm=1.00000000
progress grid N=2 step 14750/50266 29.3% t=147.50000 eta_s=2117.2 P=0.26845509 dP=-0.73120380 r12=8.22755327 Vg=7.514276e-05 norm=1.00000000
progress grid N=2 step 15000/50266 29.8% t=150.00000 eta_s=2102.8 P=0.25548008 dP=-0.74417881 r12=8.21916719 Vg=8.0676173e-05 norm=1.00000000
progress grid N=2 step 15250/50266 30.3% t=152.50000 eta_s=2087.3 P=0.24447261 dP=-0.75518628 r12=8.21132216 Vg=8.8294851e-05 norm=1.00000000
progress grid N=2 step 15500/50266 30.8% t=155.00000 eta_s=2071.1 P=0.23404396 dP=-0.76561494 r12=8.20546103 Vg=9.7065439e-05 norm=1.00000000
progress grid N=2 step 15750/50266 31.3% t=157.50000 eta_s=2055.0 P=0.22530733 dP=-0.77435156 r12=8.19804990 Vg=0.00010325067 norm=1.00000000
progress grid N=2 step 16000/50266 31.8% t=160.00000 eta_s=2039.1 P=0.21440268 dP=-0.78525621 r12=8.19093112 Vg=0.00010856169 norm=1.00000000
progress grid N=2 step 16250/50266 32.3% t=162.50000 eta_s=2024.0 P=0.20411712 dP=-0.79554177 r12=8.18296615 Vg=0.0001125099 norm=1.00000000
progress grid N=2 step 16500/50266 32.8% t=165.00000 eta_s=2009.8 P=0.19234591 dP=-0.80731298 r12=8.17359554 Vg=0.00011322349 norm=1.00000000
progress grid N=2 step 16750/50266 33.3% t=167.50000 eta_s=1994.5 P=0.18059249 dP=-0.81906640 r12=8.16509328 Vg=0.00011297748 norm=1.00000000
progress grid N=2 step 17000/50266 33.8% t=170.00000 eta_s=1979.9 P=0.17155027 dP=-0.82810862 r12=8.15788818 Vg=0.00011064411 norm=1.00000000
progress grid N=2 step 17250/50266 34.3% t=172.50000 eta_s=1965.5 P=0.16304596 dP=-0.83661293 r12=8.15236968 Vg=0.00010685856 norm=1.00000000
progress grid N=2 step 17500/50266 34.8% t=175.00000 eta_s=1951.1 P=0.15955564 dP=-0.84010325 r12=8.15056251 Vg=0.00010645327 norm=1.00000000
progress grid N=2 step 17750/50266 35.3% t=177.50000 eta_s=1936.5 P=0.15649913 dP=-0.84315976 r12=8.14959263 Vg=0.00010801681 norm=1.00000000
progress grid N=2 step 18000/50266 35.8% t=180.00000 eta_s=1921.9 P=0.15436259 dP=-0.84529630 r12=8.14862579 Vg=0.00010895958 norm=1.00000000
progress grid N=2 step 18250/50266 36.3% t=182.50000 eta_s=1907.4 P=0.15050382 dP=-0.84915507 r12=8.14626650 Vg=0.00011031804 norm=1.00000000
progress grid N=2 step 18500/50266 36.8% t=185.00000 eta_s=1893.1 P=0.14328444 dP=-0.85637445 r12=8.14078024 Vg=0.00011076082 norm=1.00000000
progress grid N=2 step 18750/50266 37.3% t=187.50000 eta_s=1878.4 P=0.13638328 dP=-0.86327561 r12=8.13610874 Vg=0.00010763005 norm=1.00000000
progress grid N=2 step 19000/50266 37.8% t=190.00000 eta_s=1863.8 P=0.12922668 dP=-0.87043221 r12=8.13129608 Vg=0.00010186691 norm=1.00000000
progress grid N=2 step 19250/50266 38.3% t=192.50000 eta_s=1849.3 P=0.12763679 dP=-0.87202210 r12=8.13194422 Vg=9.8352308e-05 norm=1.00000000
progress grid N=2 step 19500/50266 38.8% t=195.00000 eta_s=1834.7 P=0.12659262 dP=-0.87306627 r12=8.13245753 Vg=9.5876606e-05 norm=1.00000000
progress grid N=2 step 19750/50266 39.3% t=197.50000 eta_s=1820.1 P=0.12531159 dP=-0.87434730 r12=8.13211005 Vg=9.7253513e-05 norm=1.00000000
progress grid N=2 step 20000/50266 39.8% t=200.00000 eta_s=1805.6 P=0.11948912 dP=-0.88016978 r12=8.12844196 Vg=9.9155737e-05 norm=1.00000000
progress grid N=2 step 20250/50266 40.3% t=202.50000 eta_s=1790.9 P=0.11263960 dP=-0.88701930 r12=8.12382358 Vg=9.7898945e-05 norm=1.00000000
progress grid N=2 step 20500/50266 40.8% t=205.00000 eta_s=1776.2 P=0.10957804 dP=-0.89008086 r12=8.12394554 Vg=9.4049126e-05 norm=1.00000000
progress grid N=2 step 20750/50266 41.3% t=207.50000 eta_s=1761.5 P=0.10923192 dP=-0.89042697 r12=8.12397550 Vg=9.1776467e-05 norm=1.00000000
progress grid N=2 step 21000/50266 41.8% t=210.00000 eta_s=1746.9 P=0.10728779 dP=-0.89237111 r12=8.12432163 Vg=9.3175268e-05 norm=1.00000000
progress grid N=2 step 21250/50266 42.3% t=212.50000 eta_s=1732.3 P=0.09959369 dP=-0.90006520 r12=8.11869327 Vg=9.5092236e-05 norm=1.00000000
progress grid N=2 step 21500/50266 42.8% t=215.00000 eta_s=1717.8 P=0.09583972 dP=-0.90381917 r12=8.11939421 Vg=9.5034116e-05 norm=1.00000000
progress grid N=2 step 21750/50266 43.3% t=217.50000 eta_s=1703.1 P=0.09511064 dP=-0.90454825 r12=8.11874445 Vg=9.2915807e-05 norm=1.00000000
progress grid N=2 step 22000/50266 43.8% t=220.00000 eta_s=1688.4 P=0.09103051 dP=-0.90862838 r12=8.11847603 Vg=9.4490229e-05 norm=1.00000000
progress grid N=2 step 22250/50266 44.3% t=222.50000 eta_s=1673.8 P=0.08286166 dP=-0.91679723 r12=8.11399094 Vg=9.6261961e-05 norm=1.00000000
progress grid N=2 step 22500/50266 44.8% t=225.00000 eta_s=1659.2 P=0.08266344 dP=-0.91699545 r12=8.11707019 Vg=9.5195637e-05 norm=1.00000000
progress grid N=2 step 22750/50266 45.3% t=227.50000 eta_s=1644.5 P=0.07648577 dP=-0.92317312 r12=8.11316253 Vg=9.604551e-05 norm=1.00000000
progress grid N=2 step 23000/50266 45.8% t=230.00000 eta_s=1629.9 P=0.06916017 dP=-0.93049872 r12=8.11379686 Vg=9.9157229e-05 norm=1.00000000
progress grid N=2 step 23250/50266 46.3% t=232.50000 eta_s=1615.1 P=0.06722355 dP=-0.93243534 r12=8.11238040 Vg=9.7359143e-05 norm=1.00000000
progress grid N=2 step 23500/50266 46.8% t=235.00000 eta_s=1600.4 P=0.05650159 dP=-0.94315730 r12=8.11153255 Vg=9.9196139e-05 norm=1.00000000
progress grid N=2 step 23750/50266 47.2% t=237.50000 eta_s=1585.8 P=0.05352357 dP=-0.94613532 r12=8.11117947 Vg=9.8697075e-05 norm=1.00000000
progress grid N=2 step 24000/50266 47.7% t=240.00000 eta_s=1571.2 P=0.04184043 dP=-0.95781846 r12=8.10952765 Vg=9.9582795e-05 norm=1.00000000
progress grid N=2 step 24250/50266 48.2% t=242.50000 eta_s=1556.4 P=0.03737112 dP=-0.96228777 r12=8.11019701 Vg=0.00010026894 norm=1.00000000
progress grid N=2 step 24500/50266 48.7% t=245.00000 eta_s=1541.5 P=0.02335754 dP=-0.97630135 r12=8.10846795 Vg=0.00010153478 norm=1.00000000
progress grid N=2 step 24750/50266 49.2% t=247.50000 eta_s=1526.6 P=0.01919596 dP=-0.98046293 r12=8.10889561 Vg=0.00010153817 norm=1.00000000
progress grid N=2 step 25000/50266 49.7% t=250.00000 eta_s=1511.8 P=0.00227142 dP=-0.99738747 r12=8.10878276 Vg=0.0001021669 norm=1.00000000
progress grid N=2 step 25250/50266 50.2% t=252.50000 eta_s=1497.0 P=-0.00101594 dP=-1.00067483 r12=8.10774138 Vg=0.00010221933 norm=1.00000000
progress grid N=2 step 25500/50266 50.7% t=255.00000 eta_s=1482.2 P=-0.01845432 dP=-1.01811321 r12=8.10979755 Vg=0.00010187251 norm=1.00000000
progress grid N=2 step 25750/50266 51.2% t=257.50000 eta_s=1467.4 P=-0.02166887 dP=-1.02132776 r12=8.10774111 Vg=0.00010121668 norm=1.00000000
progress grid N=2 step 26000/50266 51.7% t=260.00000 eta_s=1452.6 P=-0.03706401 dP=-1.03672291 r12=8.11082345 Vg=0.00010119144 norm=1.00000000
progress grid N=2 step 26250/50266 52.2% t=262.50000 eta_s=1437.9 P=-0.04008070 dP=-1.03973959 r12=8.10938580 Vg=9.9988369e-05 norm=1.00000000
progress grid N=2 step 26500/50266 52.7% t=265.00000 eta_s=1422.9 P=-0.05319236 dP=-1.05285125 r12=8.11202605 Vg=0.00010037724 norm=1.00000000
progress grid N=2 step 26750/50266 53.2% t=267.50000 eta_s=1408.2 P=-0.05516778 dP=-1.05482667 r12=8.11180986 Vg=9.923399e-05 norm=1.00000000
progress grid N=2 step 27000/50266 53.7% t=270.00000 eta_s=1393.3 P=-0.06648578 dP=-1.06614467 r12=8.11376273 Vg=0.00010071117 norm=1.00000000
progress grid N=2 step 27250/50266 54.2% t=272.50000 eta_s=1378.6 P=-0.06847594 dP=-1.06813484 r12=8.11481840 Vg=9.9646747e-05 norm=1.00000000
progress grid N=2 step 27500/50266 54.7% t=275.00000 eta_s=1363.5 P=-0.07544030 dP=-1.07509919 r12=8.11473753 Vg=9.8584634e-05 norm=1.00000000
progress grid N=2 step 27750/50266 55.2% t=277.50000 eta_s=1348.3 P=-0.08202171 dP=-1.08168060 r12=8.11927196 Vg=9.7966986e-05 norm=1.00000000
progress grid N=2 step 28000/50266 55.7% t=280.00000 eta_s=1333.0 P=-0.08232767 dP=-1.08198656 r12=8.11576169 Vg=9.5302089e-05 norm=1.00000000
progress grid N=2 step 28250/50266 56.2% t=282.50000 eta_s=1317.8 P=-0.08988718 dP=-1.08954607 r12=8.12120369 Vg=9.4632317e-05 norm=1.00000000
progress grid N=2 step 28500/50266 56.7% t=285.00000 eta_s=1302.5 P=-0.09465769 dP=-1.09431658 r12=8.12227340 Vg=9.5560417e-05 norm=1.00000000
progress grid N=2 step 28750/50266 57.2% t=287.50000 eta_s=1287.4 P=-0.09526114 dP=-1.09492003 r12=8.12297989 Vg=9.2990865e-05 norm=1.00000000
progress grid N=2 step 29000/50266 57.7% t=290.00000 eta_s=1272.3 P=-0.09901928 dP=-1.09867817 r12=8.12286513 Vg=8.9209387e-05 norm=1.00000000
progress grid N=2 step 29250/50266 58.2% t=292.50000 eta_s=1257.6 P=-0.10607322 dP=-1.10573211 r12=8.12983311 Vg=8.8823323e-05 norm=1.00000000
progress grid N=2 step 29500/50266 58.7% t=295.00000 eta_s=1242.7 P=-0.10918368 dP=-1.10884258 r12=8.13041472 Vg=8.8584232e-05 norm=1.00000000
progress grid N=2 step 29750/50266 59.2% t=297.50000 eta_s=1227.7 P=-0.10873863 dP=-1.10839752 r12=8.13048180 Vg=8.7227545e-05 norm=1.00000000
progress grid N=2 step 30000/50266 59.7% t=300.00000 eta_s=1212.5 P=-0.11246505 dP=-1.11212394 r12=8.13179363 Vg=8.3049775e-05 norm=1.00000000
progress grid N=2 step 30250/50266 60.2% t=302.50000 eta_s=1196.9 P=-0.11808076 dP=-1.11773965 r12=8.13761435 Vg=8.0843631e-05 norm=1.00000000
progress grid N=2 step 30500/50266 60.7% t=305.00000 eta_s=1181.2 P=-0.12505988 dP=-1.12471877 r12=8.14381242 Vg=7.912145e-05 norm=1.00000000
progress grid N=2 step 30750/50266 61.2% t=307.50000 eta_s=1165.4 P=-0.12577480 dP=-1.12543369 r12=8.14451033 Vg=7.91976e-05 norm=1.00000000
progress grid N=2 step 31000/50266 61.7% t=310.00000 eta_s=1149.8 P=-0.12735157 dP=-1.12701046 r12=8.14644558 Vg=7.9070241e-05 norm=1.00000000
progress grid N=2 step 31250/50266 62.2% t=312.50000 eta_s=1134.1 P=-0.12863589 dP=-1.12829478 r12=8.14579453 Vg=7.8466369e-05 norm=1.00000000
progress grid N=2 step 31500/50266 62.7% t=315.00000 eta_s=1118.3 P=-0.13527321 dP=-1.13493210 r12=8.15440151 Vg=7.6152279e-05 norm=1.00000000
progress grid N=2 step 31750/50266 63.2% t=317.50000 eta_s=1102.9 P=-0.14257852 dP=-1.14223742 r12=8.16025147 Vg=7.4776281e-05 norm=1.00000000
progress grid N=2 step 32000/50266 63.7% t=320.00000 eta_s=1087.6 P=-0.14906154 dP=-1.14872043 r12=8.16965565 Vg=7.4535421e-05 norm=1.00000000
progress grid N=2 step 32250/50266 64.2% t=322.50000 eta_s=1071.8 P=-0.15402261 dP=-1.15368150 r12=8.17326761 Vg=7.4570687e-05 norm=1.00000000
progress grid N=2 step 32500/50266 64.7% t=325.00000 eta_s=1056.6 P=-0.15541160 dP=-1.15507049 r12=8.17663010 Vg=7.7583791e-05 norm=1.00000000
progress grid N=2 step 32750/50266 65.2% t=327.50000 eta_s=1041.4 P=-0.15885327 dP=-1.15851216 r12=8.17991583 Vg=8.0535124e-05 norm=1.00000000
progress grid N=2 step 33000/50266 65.7% t=330.00000 eta_s=1026.3 P=-0.16220617 dP=-1.16186506 r12=8.18261398 Vg=8.4704155e-05 norm=1.00000000
progress grid N=2 step 33250/50266 66.1% t=332.50000 eta_s=1011.4 P=-0.16984590 dP=-1.16950479 r12=8.19302347 Vg=8.8016192e-05 norm=1.00000000
progress grid N=2 step 33500/50266 66.6% t=335.00000 eta_s=996.6 P=-0.17940358 dP=-1.17906247 r12=8.20099858 Vg=9.0047897e-05 norm=1.00000000
progress grid N=2 step 33750/50266 67.1% t=337.50000 eta_s=981.6 P=-0.19019777 dP=-1.18985666 r12=8.21524793 Vg=9.191998e-05 norm=1.00000000
progress grid N=2 step 34000/50266 67.6% t=340.00000 eta_s=966.8 P=-0.20244685 dP=-1.20210574 r12=8.22679179 Vg=9.4927596e-05 norm=1.00000000
progress grid N=2 step 34250/50266 68.1% t=342.50000 eta_s=952.0 P=-0.21253529 dP=-1.21219418 r12=8.23858896 Vg=9.6795133e-05 norm=1.00000000
progress grid N=2 step 34500/50266 68.6% t=345.00000 eta_s=937.2 P=-0.22330237 dP=-1.22296126 r12=8.25017947 Vg=9.9846074e-05 norm=1.00000000
progress grid N=2 step 34750/50266 69.1% t=347.50000 eta_s=922.4 P=-0.23267519 dP=-1.23233408 r12=8.25845991 Vg=0.00010373384 norm=1.00000000
progress grid N=2 step 35000/50266 69.6% t=350.00000 eta_s=907.7 P=-0.24232496 dP=-1.24198385 r12=8.27042369 Vg=0.00010694087 norm=1.00000000
progress grid N=2 step 35250/50266 70.1% t=352.50000 eta_s=892.9 P=-0.25391609 dP=-1.25357498 r12=8.27908055 Vg=0.00011313665 norm=1.00000000
progress grid N=2 step 35500/50266 70.6% t=355.00000 eta_s=878.1 P=-0.26649598 dP=-1.26615487 r12=8.29241970 Vg=0.00011805377 norm=1.00000000
progress grid N=2 step 35750/50266 71.1% t=357.50000 eta_s=863.3 P=-0.28277636 dP=-1.28243525 r12=8.30636546 Vg=0.00012362312 norm=1.00000000
progress grid N=2 step 36000/50266 71.6% t=360.00000 eta_s=848.5 P=-0.30177348 dP=-1.30143237 r12=8.32088266 Vg=0.0001269356 norm=1.00000000
progress grid N=2 step 36250/50266 72.1% t=362.50000 eta_s=833.7 P=-0.32388536 dP=-1.32354425 r12=8.33952234 Vg=0.00012905434 norm=1.00000000
progress grid N=2 step 36500/50266 72.6% t=365.00000 eta_s=818.9 P=-0.34958744 dP=-1.34924633 r12=8.35503257 Vg=0.00013184644 norm=1.00000000
progress grid N=2 step 36750/50266 73.1% t=367.50000 eta_s=804.1 P=-0.37746325 dP=-1.37712214 r12=8.37285284 Vg=0.0001319955 norm=1.00000000
progress grid N=2 step 37000/50266 73.6% t=370.00000 eta_s=789.4 P=-0.40790513 dP=-1.40756402 r12=8.38783202 Vg=0.00013846234 norm=1.00000000
progress grid N=2 step 37250/50266 74.1% t=372.50000 eta_s=774.6 P=-0.43998807 dP=-1.43964696 r12=8.39998144 Vg=0.00014215323 norm=1.00000000
progress grid N=2 step 37500/50266 74.6% t=375.00000 eta_s=759.8 P=-0.47289702 dP=-1.47255591 r12=8.41055521 Vg=0.00014828204 norm=1.00000000
progress grid N=2 step 37750/50266 75.1% t=377.50000 eta_s=745.0 P=-0.50642687 dP=-1.50608576 r12=8.41575702 Vg=0.00015684589 norm=1.00000000
progress grid N=2 step 38000/50266 75.6% t=380.00000 eta_s=730.3 P=-0.53969550 dP=-1.53935439 r12=8.41860095 Vg=0.00016092639 norm=1.00000000
progress grid N=2 step 38250/50266 76.1% t=382.50000 eta_s=715.5 P=-0.57197995 dP=-1.57163884 r12=8.41691473 Vg=0.00017051619 norm=1.00000000
progress grid N=2 step 38500/50266 76.6% t=385.00000 eta_s=700.6 P=-0.60308361 dP=-1.60274250 r12=8.41259438 Vg=0.00017582699 norm=1.00000000
progress grid N=2 step 38750/50266 77.1% t=387.50000 eta_s=685.8 P=-0.63213312 dP=-1.63179201 r12=8.40546711 Vg=0.00018309078 norm=1.00000000
progress grid N=2 step 39000/50266 77.6% t=390.00000 eta_s=671.0 P=-0.65857615 dP=-1.65823504 r12=8.39682515 Vg=0.00019151861 norm=1.00000000
progress grid N=2 step 39250/50266 78.1% t=392.50000 eta_s=656.1 P=-0.68269058 dP=-1.68234947 r12=8.38800881 Vg=0.00019792153 norm=1.00000000
progress grid N=2 step 39500/50266 78.6% t=395.00000 eta_s=641.3 P=-0.70324361 dP=-1.70290250 r12=8.37831895 Vg=0.00020948638 norm=1.00000000
progress grid N=2 step 39750/50266 79.1% t=397.50000 eta_s=626.5 P=-0.72109283 dP=-1.72075172 r12=8.37136802 Vg=0.00021762166 norm=1.00000000
progress grid N=2 step 40000/50266 79.6% t=400.00000 eta_s=611.6 P=-0.73629443 dP=-1.73595332 r12=8.36422259 Vg=0.0002285104 norm=1.00000000
progress grid N=2 step 40250/50266 80.1% t=402.50000 eta_s=596.8 P=-0.74851144 dP=-1.74817033 r12=8.35943887 Vg=0.00024096035 norm=1.00000000
progress grid N=2 step 40500/50266 80.6% t=405.00000 eta_s=582.0 P=-0.76008258 dP=-1.75974147 r12=8.35588247 Vg=0.00025107805 norm=1.00000000
progress grid N=2 step 40750/50266 81.1% t=407.50000 eta_s=567.0 P=-0.76999121 dP=-1.76965010 r12=8.35170132 Vg=0.00026255673 norm=1.00000000
progress grid N=2 step 41000/50266 81.6% t=410.00000 eta_s=552.1 P=-0.78021112 dP=-1.77987001 r12=8.34895264 Vg=0.00027027101 norm=1.00000000
progress grid N=2 step 41250/50266 82.1% t=412.50000 eta_s=537.1 P=-0.79125916 dP=-1.79091805 r12=8.34342819 Vg=0.00027368625 norm=1.00000000
progress grid N=2 step 41500/50266 82.6% t=415.00000 eta_s=522.2 P=-0.80182733 dP=-1.80148622 r12=8.33856201 Vg=0.00027599399 norm=1.00000000
progress grid N=2 step 41750/50266 83.1% t=417.50000 eta_s=507.3 P=-0.81369031 dP=-1.81334920 r12=8.33156925 Vg=0.0002743225 norm=1.00000000
progress grid N=2 step 42000/50266 83.6% t=420.00000 eta_s=492.4 P=-0.82349514 dP=-1.82315403 r12=8.32511201 Vg=0.00027235382 norm=1.00000000
progress grid N=2 step 42250/50266 84.1% t=422.50000 eta_s=477.5 P=-0.83204892 dP=-1.83170781 r12=8.32140180 Vg=0.00027138748 norm=1.00000000
progress grid N=2 step 42500/50266 84.6% t=425.00000 eta_s=462.6 P=-0.83804306 dP=-1.83770195 r12=8.31730084 Vg=0.00026869926 norm=1.00000000
progress grid N=2 step 42750/50266 85.0% t=427.50000 eta_s=447.8 P=-0.84121435 dP=-1.84087324 r12=8.31916696 Vg=0.00026913703 norm=1.00000000
progress grid N=2 step 43000/50266 85.5% t=430.00000 eta_s=432.9 P=-0.84453835 dP=-1.84419724 r12=8.31888457 Vg=0.0002710581 norm=1.00000000
progress grid N=2 step 43250/50266 86.0% t=432.50000 eta_s=418.1 P=-0.84727685 dP=-1.84693574 r12=8.31977882 Vg=0.00027114752 norm=1.00000000
progress grid N=2 step 43500/50266 86.5% t=435.00000 eta_s=403.2 P=-0.85342146 dP=-1.85308035 r12=8.31818997 Vg=0.00027047654 norm=1.00000000
progress grid N=2 step 43750/50266 87.0% t=437.50000 eta_s=388.3 P=-0.86006519 dP=-1.85972408 r12=8.31306087 Vg=0.00026744302 norm=1.00000000
progress grid N=2 step 44000/50266 87.5% t=440.00000 eta_s=373.4 P=-0.86694169 dP=-1.86660058 r12=8.31065412 Vg=0.00026329097 norm=1.00000000
progress grid N=2 step 44250/50266 88.0% t=442.50000 eta_s=358.3 P=-0.87127246 dP=-1.87093135 r12=8.30633928 Vg=0.00025814564 norm=1.00000000
progress grid N=2 step 44500/50266 88.5% t=445.00000 eta_s=343.3 P=-0.87228754 dP=-1.87194643 r12=8.31018908 Vg=0.00025690835 norm=1.00000000
progress grid N=2 step 44750/50266 89.0% t=447.50000 eta_s=328.4 P=-0.87389314 dP=-1.87355203 r12=8.30951807 Vg=0.00025757556 norm=1.00000000
progress grid N=2 step 45000/50266 89.5% t=450.00000 eta_s=313.4 P=-0.87701540 dP=-1.87667429 r12=8.31044672 Vg=0.00025935046 norm=1.00000000
progress grid N=2 step 45250/50266 90.0% t=452.50000 eta_s=298.4 P=-0.88409127 dP=-1.88375016 r12=8.30546015 Vg=0.00026116326 norm=1.00000000
progress grid N=2 step 45500/50266 90.5% t=455.00000 eta_s=283.5 P=-0.88851546 dP=-1.88817435 r12=8.30314170 Vg=0.00025912495 norm=1.00000000
progress grid N=2 step 45750/50266 91.0% t=457.50000 eta_s=268.5 P=-0.89037558 dP=-1.89003447 r12=8.30415280 Vg=0.00025758417 norm=1.00000000
progress grid N=2 step 46000/50266 91.5% t=460.00000 eta_s=253.6 P=-0.89083274 dP=-1.89049163 r12=8.30464603 Vg=0.00025966437 norm=1.00000000
progress grid N=2 step 46250/50266 92.0% t=462.50000 eta_s=238.7 P=-0.89635424 dP=-1.89601313 r12=8.30416292 Vg=0.00026466243 norm=1.00000000
progress grid N=2 step 46500/50266 92.5% t=465.00000 eta_s=223.8 P=-0.90227996 dP=-1.90193885 r12=8.29874579 Vg=0.00026532074 norm=1.00000000
progress grid N=2 step 46750/50266 93.0% t=467.50000 eta_s=208.9 P=-0.90414004 dP=-1.90379893 r12=8.30165175 Vg=0.00026502553 norm=1.00000000
progress grid N=2 step 47000/50266 93.5% t=470.00000 eta_s=193.9 P=-0.90582338 dP=-1.90548227 r12=8.29995151 Vg=0.0002669455 norm=1.00000000
progress grid N=2 step 47250/50266 94.0% t=472.50000 eta_s=179.0 P=-0.91313218 dP=-1.91279107 r12=8.29955526 Vg=0.00027252419 norm=1.00000000
progress grid N=2 step 47500/50266 94.5% t=475.00000 eta_s=164.1 P=-0.91712936 dP=-1.91678825 r12=8.29582534 Vg=0.00027246103 norm=1.00000000
progress grid N=2 step 47750/50266 95.0% t=477.50000 eta_s=149.3 P=-0.91905007 dP=-1.91870896 r12=8.29942862 Vg=0.00027339268 norm=1.00000000
progress grid N=2 step 48000/50266 95.5% t=480.00000 eta_s=134.4 P=-0.92756066 dP=-1.92721955 r12=8.29454569 Vg=0.00027706092 norm=1.00000000
progress grid N=2 step 48250/50266 96.0% t=482.50000 eta_s=119.6 P=-0.93098304 dP=-1.93064194 r12=8.29618632 Vg=0.00027789445 norm=1.00000000
progress grid N=2 step 48500/50266 96.5% t=485.00000 eta_s=104.8 P=-0.93709886 dP=-1.93675776 r12=8.29497765 Vg=0.00028035579 norm=1.00000000
progress grid N=2 step 48750/50266 97.0% t=487.50000 eta_s=90.0 P=-0.94558852 dP=-1.94524741 r12=8.29309703 Vg=0.00028247875 norm=1.00000000
progress grid N=2 step 49000/50266 97.5% t=490.00000 eta_s=75.1 P=-0.94999728 dP=-1.94965617 r12=8.29473491 Vg=0.00028347409 norm=1.00000000
progress grid N=2 step 49250/50266 98.0% t=492.50000 eta_s=60.3 P=-0.96186591 dP=-1.96152480 r12=8.29101061 Vg=0.00028476869 norm=1.00000000
progress grid N=2 step 49500/50266 98.5% t=495.00000 eta_s=45.5 P=-0.96678616 dP=-1.96644505 r12=8.29350801 Vg=0.00028551731 norm=1.00000000
progress grid N=2 step 49750/50266 99.0% t=497.50000 eta_s=30.6 P=-0.98010322 dP=-1.97976211 r12=8.29077034 Vg=0.00028590452 norm=1.00000000
progress grid N=2 step 50000/50266 99.5% t=500.00000 eta_s=15.8 P=-0.98726100 dP=-1.98691989 r12=8.29208216 Vg=0.00028614158 norm=1.00000000
progress grid N=2 step 50250/50266 100.0% t=502.50000 eta_s=0.9 P=-0.99926328 dP=-1.99892217 r12=8.29091159 Vg=0.00028631421 norm=1.00000000
progress grid N=2 step 50266/50266 100.0% t=502.65482 eta_s=0.0 P=-0.99925163 dP=-1.99891052 r12=8.29089167 Vg=0.00028637783 norm=1.00000000
[write] out/vs3_n2_dt0p01_T160pi_K32_sweep/grid_ref/gauss_sigma1p250/g1024_dt0p01_T160pi/n2_grid_reference_vs3_gauss_sigma1p250_g1024_dt0p01_T160pi.npz (2012 samples, grid=1024)
[write] out/vs3_n2_dt0p01_T160pi_K32_sweep/grid_ref/gauss_sigma1p250/g1024_dt0p01_T160pi/n2_grid_reference_vs3_gauss_sigma1p250_g1024_dt0p01_T160pi.csv
end_time=2026-07-09T15:11:32+08:00
