job_id=605471
array_job_id=605469
array_task_id=1
job_name=vs3n2gk32
partition=epyc
node_list=doom
submit_dir=/home/gyqyan/zexuan/ecg1d_code/1D_thouless_pumping
workdir=/home/gyqyan/zexuan/ecg1d_code/1D_thouless_pumping
cpus_per_task=32
mem_per_node=16384
start_time=2026-07-09T12:43:43+08:00
case=gauss_sigma0p500
g_over_er=0.3
sigma=0.5
out_dir=out/vs3_n2_dt0p01_T160pi_K32_sweep/grid_ref/gauss_sigma0p500/g1024_dt0p01_T160pi
[config] grid=1024 dt=0.01 tmax=502.6548245743669 Vs/Er=3.0 Vl/Er=3.0 g/Er=0.3 fft_backend=scipy.fft fft_workers=32
progress grid N=2 step 250/50266 0.5% t=2.50000 eta_s=3434.8 P=0.98917227 dP=-0.01048662 r12=8.04593275 Vg=5.488335e-07 norm=1.00000000
progress grid N=2 step 500/50266 1.0% t=5.00000 eta_s=3450.5 P=0.98032187 dP=-0.01933702 r12=8.04729731 Vg=5.2628542e-07 norm=1.00000000
progress grid N=2 step 750/50266 1.5% t=7.50000 eta_s=3409.8 P=0.96869685 dP=-0.03096204 r12=8.04952776 Vg=5.7276325e-07 norm=1.00000000
progress grid N=2 step 1000/50266 2.0% t=10.00000 eta_s=3399.2 P=0.96217153 dP=-0.03748736 r12=8.05217237 Vg=6.3759438e-07 norm=1.00000000
progress grid N=2 step 1250/50266 2.5% t=12.50000 eta_s=3369.4 P=0.95132290 dP=-0.04833599 r12=8.05519491 Vg=6.7676769e-07 norm=1.00000000
progress grid N=2 step 1500/50266 3.0% t=15.00000 eta_s=3343.0 P=0.94625390 dP=-0.05340500 r12=8.05505215 Vg=7.2096058e-07 norm=1.00000000
progress grid N=2 step 1750/50266 3.5% t=17.50000 eta_s=3314.9 P=0.93795513 dP=-0.06170376 r12=8.05417943 Vg=6.1007705e-07 norm=1.00000000
progress grid N=2 step 2000/50266 4.0% t=20.00000 eta_s=3311.1 P=0.93217075 dP=-0.06748814 r12=8.05396546 Vg=5.5569669e-07 norm=1.00000000
progress grid N=2 step 2250/50266 4.5% t=22.50000 eta_s=3284.7 P=0.92779995 dP=-0.07185894 r12=8.05247378 Vg=5.5547888e-07 norm=1.00000000
progress grid N=2 step 2500/50266 5.0% t=25.00000 eta_s=3267.6 P=0.92069688 dP=-0.07896201 r12=8.05495262 Vg=4.7735645e-07 norm=1.00000000
progress grid N=2 step 2750/50266 5.5% t=27.50000 eta_s=3241.8 P=0.91684083 dP=-0.08281806 r12=8.05459981 Vg=6.7214028e-07 norm=1.00000000
progress grid N=2 step 3000/50266 6.0% t=30.00000 eta_s=3211.9 P=0.91474019 dP=-0.08491870 r12=8.05614882 Vg=6.1357301e-07 norm=1.00000000
progress grid N=2 step 3250/50266 6.5% t=32.50000 eta_s=3194.5 P=0.90594934 dP=-0.09370955 r12=8.06063818 Vg=3.7068221e-07 norm=1.00000000
progress grid N=2 step 3500/50266 7.0% t=35.00000 eta_s=3176.2 P=0.90540291 dP=-0.09425598 r12=8.06221969 Vg=3.9510494e-07 norm=1.00000000
progress grid N=2 step 3750/50266 7.5% t=37.50000 eta_s=3161.0 P=0.90216394 dP=-0.09749495 r12=8.06299645 Vg=5.0714946e-07 norm=1.00000000
progress grid N=2 step 4000/50266 8.0% t=40.00000 eta_s=3145.7 P=0.89770487 dP=-0.10195402 r12=8.06687329 Vg=4.2316523e-07 norm=1.00000000
progress grid N=2 step 4250/50266 8.5% t=42.50000 eta_s=3129.9 P=0.89106550 dP=-0.10859339 r12=8.06917531 Vg=3.1398278e-07 norm=1.00000000
progress grid N=2 step 4500/50266 9.0% t=45.00000 eta_s=3115.2 P=0.89114812 dP=-0.10851077 r12=8.06798924 Vg=3.2100987e-07 norm=1.00000000
progress grid N=2 step 4750/50266 9.4% t=47.50000 eta_s=3098.1 P=0.88892341 dP=-0.11073548 r12=8.06700393 Vg=4.2052571e-07 norm=1.00000000
progress grid N=2 step 5000/50266 9.9% t=50.00000 eta_s=3084.8 P=0.88458539 dP=-0.11507350 r12=8.06970576 Vg=4.5128687e-07 norm=1.00000000
progress grid N=2 step 5250/50266 10.4% t=52.50000 eta_s=3067.2 P=0.87816842 dP=-0.12149047 r12=8.07468571 Vg=4.5087848e-07 norm=1.00000000
progress grid N=2 step 5500/50266 10.9% t=55.00000 eta_s=3050.3 P=0.87396325 dP=-0.12569564 r12=8.07746843 Vg=3.1927827e-07 norm=1.00000000
progress grid N=2 step 5750/50266 11.4% t=57.50000 eta_s=3032.0 P=0.87344856 dP=-0.12621033 r12=8.07879497 Vg=4.4291839e-07 norm=1.00000000
progress grid N=2 step 6000/50266 11.9% t=60.00000 eta_s=3010.7 P=0.87079814 dP=-0.12886075 r12=8.07935217 Vg=4.4359455e-07 norm=1.00000000
progress grid N=2 step 6250/50266 12.4% t=62.50000 eta_s=2992.6 P=0.86827120 dP=-0.13138769 r12=8.08410663 Vg=6.206786e-07 norm=1.00000000
progress grid N=2 step 6500/50266 12.9% t=65.00000 eta_s=2984.2 P=0.86018048 dP=-0.13947841 r12=8.08969530 Vg=7.5116593e-07 norm=1.00000000
progress grid N=2 step 6750/50266 13.4% t=67.50000 eta_s=2970.2 P=0.85444374 dP=-0.14521515 r12=8.09654767 Vg=1.109973e-06 norm=1.00000000
progress grid N=2 step 7000/50266 13.9% t=70.00000 eta_s=2953.5 P=0.84806326 dP=-0.15159563 r12=8.10086401 Vg=1.2885416e-06 norm=1.00000000
progress grid N=2 step 7250/50266 14.4% t=72.50000 eta_s=2938.1 P=0.84488985 dP=-0.15476904 r12=8.10319119 Vg=1.3054226e-06 norm=1.00000000
progress grid N=2 step 7500/50266 14.9% t=75.00000 eta_s=2921.6 P=0.84235897 dP=-0.15729992 r12=8.10548238 Vg=1.5647989e-06 norm=1.00000000
progress grid N=2 step 7750/50266 15.4% t=77.50000 eta_s=2900.1 P=0.83797628 dP=-0.16168261 r12=8.10732795 Vg=1.6777418e-06 norm=1.00000000
progress grid N=2 step 8000/50266 15.9% t=80.00000 eta_s=2883.5 P=0.83348561 dP=-0.16617328 r12=8.11395747 Vg=2.2464934e-06 norm=1.00000000
progress grid N=2 step 8250/50266 16.4% t=82.50000 eta_s=2865.9 P=0.82404693 dP=-0.17561196 r12=8.12080455 Vg=2.797646e-06 norm=1.00000000
progress grid N=2 step 8500/50266 16.9% t=85.00000 eta_s=2847.7 P=0.81493917 dP=-0.18471972 r12=8.13163387 Vg=4.1778024e-06 norm=1.00000000
progress grid N=2 step 8750/50266 17.4% t=87.50000 eta_s=2826.2 P=0.80356475 dP=-0.19609415 r12=8.14221707 Vg=5.1374018e-06 norm=1.00000000
progress grid N=2 step 9000/50266 17.9% t=90.00000 eta_s=2809.5 P=0.79232386 dP=-0.20733503 r12=8.15194984 Vg=5.9897659e-06 norm=1.00000000
progress grid N=2 step 9250/50266 18.4% t=92.50000 eta_s=2786.4 P=0.78242922 dP=-0.21722967 r12=8.16296519 Vg=7.3373821e-06 norm=1.00000000
progress grid N=2 step 9500/50266 18.9% t=95.00000 eta_s=2768.1 P=0.77141839 dP=-0.22824050 r12=8.17013765 Vg=7.59974e-06 norm=1.00000000
progress grid N=2 step 9750/50266 19.4% t=97.50000 eta_s=2752.5 P=0.76206002 dP=-0.23759887 r12=8.18037014 Vg=8.4014569e-06 norm=1.00000000
progress grid N=2 step 10000/50266 19.9% t=100.00000 eta_s=2735.0 P=0.75057101 dP=-0.24908788 r12=8.18852518 Vg=9.2036687e-06 norm=1.00000000
progress grid N=2 step 10250/50266 20.4% t=102.50000 eta_s=2715.1 P=0.73806976 dP=-0.26158913 r12=8.19847847 Vg=9.8802286e-06 norm=1.00000000
progress grid N=2 step 10500/50266 20.9% t=105.00000 eta_s=2695.7 P=0.72364659 dP=-0.27601230 r12=8.21124134 Vg=1.1491164e-05 norm=1.00000000
progress grid N=2 step 10750/50266 21.4% t=107.50000 eta_s=2677.6 P=0.70540108 dP=-0.29425781 r12=8.22218184 Vg=1.3503187e-05 norm=1.00000000
progress grid N=2 step 11000/50266 21.9% t=110.00000 eta_s=2659.7 P=0.68543613 dP=-0.31422276 r12=8.23813755 Vg=1.5831429e-05 norm=1.00000000
progress grid N=2 step 11250/50266 22.4% t=112.50000 eta_s=2641.1 P=0.66159053 dP=-0.33806836 r12=8.25133549 Vg=1.8404631e-05 norm=1.00000000
progress grid N=2 step 11500/50266 22.9% t=115.00000 eta_s=2621.7 P=0.63509407 dP=-0.36456482 r12=8.26513742 Vg=2.1174521e-05 norm=1.00000000
progress grid N=2 step 11750/50266 23.4% t=117.50000 eta_s=2603.3 P=0.60669806 dP=-0.39296083 r12=8.27910319 Vg=2.3913128e-05 norm=1.00000000
progress grid N=2 step 12000/50266 23.9% t=120.00000 eta_s=2587.7 P=0.57552162 dP=-0.42413727 r12=8.28734209 Vg=2.637128e-05 norm=1.00000000
progress grid N=2 step 12250/50266 24.4% t=122.50000 eta_s=2571.7 P=0.54339163 dP=-0.45626726 r12=8.29634216 Vg=2.8764931e-05 norm=1.00000000
progress grid N=2 step 12500/50266 24.9% t=125.00000 eta_s=2555.8 P=0.51039369 dP=-0.48926521 r12=8.29940127 Vg=3.1815153e-05 norm=1.00000000
progress grid N=2 step 12750/50266 25.4% t=127.50000 eta_s=2541.0 P=0.47662616 dP=-0.52303273 r12=8.29889433 Vg=3.4598746e-05 norm=1.00000000
progress grid N=2 step 13000/50266 25.9% t=130.00000 eta_s=2525.9 P=0.44362836 dP=-0.55603053 r12=8.29625437 Vg=3.8503741e-05 norm=1.00000000
progress grid N=2 step 13250/50266 26.4% t=132.50000 eta_s=2510.4 P=0.41156829 dP=-0.58809060 r12=8.28767301 Vg=4.3575229e-05 norm=1.00000000
progress grid N=2 step 13500/50266 26.9% t=135.00000 eta_s=2494.2 P=0.38057997 dP=-0.61907892 r12=8.27835870 Vg=4.9395998e-05 norm=1.00000000
progress grid N=2 step 13750/50266 27.4% t=137.50000 eta_s=2479.1 P=0.35249699 dP=-0.64716190 r12=8.26613790 Vg=5.6797336e-05 norm=1.00000000
progress grid N=2 step 14000/50266 27.9% t=140.00000 eta_s=2462.8 P=0.32670134 dP=-0.67295755 r12=8.25287653 Vg=6.4699837e-05 norm=1.00000000
progress grid N=2 step 14250/50266 28.3% t=142.50000 eta_s=2445.4 P=0.30379285 dP=-0.69586604 r12=8.24027648 Vg=7.2062265e-05 norm=1.00000000
progress grid N=2 step 14500/50266 28.8% t=145.00000 eta_s=2428.7 P=0.28500587 dP=-0.71465302 r12=8.22801746 Vg=7.9027954e-05 norm=1.00000000
progress grid N=2 step 14750/50266 29.3% t=147.50000 eta_s=2412.0 P=0.26841408 dP=-0.73124481 r12=8.21747767 Vg=8.5960057e-05 norm=1.00000000
progress grid N=2 step 15000/50266 29.8% t=150.00000 eta_s=2396.3 P=0.25538258 dP=-0.74427631 r12=8.20833156 Vg=9.1292e-05 norm=1.00000000
progress grid N=2 step 15250/50266 30.3% t=152.50000 eta_s=2380.4 P=0.24447001 dP=-0.75518888 r12=8.20067275 Vg=9.8886873e-05 norm=1.00000000
progress grid N=2 step 15500/50266 30.8% t=155.00000 eta_s=2364.7 P=0.23418560 dP=-0.76547330 r12=8.19316976 Vg=0.00010731961 norm=1.00000000
progress grid N=2 step 15750/50266 31.3% t=157.50000 eta_s=2348.2 P=0.22524195 dP=-0.77441694 r12=8.18632412 Vg=0.00011591705 norm=1.00000000
progress grid N=2 step 16000/50266 31.8% t=160.00000 eta_s=2332.2 P=0.21465606 dP=-0.78500283 r12=8.17787475 Vg=0.0001277039 norm=1.00000000
progress grid N=2 step 16250/50266 32.3% t=162.50000 eta_s=2316.1 P=0.20399320 dP=-0.79566569 r12=8.16935193 Vg=0.00013733036 norm=1.00000000
progress grid N=2 step 16500/50266 32.8% t=165.00000 eta_s=2300.8 P=0.19236304 dP=-0.80729585 r12=8.15952727 Vg=0.00014778471 norm=1.00000000
progress grid N=2 step 16750/50266 33.3% t=167.50000 eta_s=2284.9 P=0.18054424 dP=-0.81911465 r12=8.14927991 Vg=0.00015664242 norm=1.00000000
progress grid N=2 step 17000/50266 33.8% t=170.00000 eta_s=2268.8 P=0.17129257 dP=-0.82836632 r12=8.14207918 Vg=0.00016325913 norm=1.00000000
progress grid N=2 step 17250/50266 34.3% t=172.50000 eta_s=2252.6 P=0.16310232 dP=-0.83655657 r12=8.13492090 Vg=0.00016844843 norm=1.00000000
progress grid N=2 step 17500/50266 34.8% t=175.00000 eta_s=2235.7 P=0.15929957 dP=-0.84035933 r12=8.13338700 Vg=0.00016925212 norm=1.00000000
progress grid N=2 step 17750/50266 35.3% t=177.50000 eta_s=2219.6 P=0.15665425 dP=-0.84300464 r12=8.13159966 Vg=0.00017421437 norm=1.00000000
progress grid N=2 step 18000/50266 35.8% t=180.00000 eta_s=2203.6 P=0.15417081 dP=-0.84548808 r12=8.13061278 Vg=0.00017591832 norm=1.00000000
progress grid N=2 step 18250/50266 36.3% t=182.50000 eta_s=2186.8 P=0.15057183 dP=-0.84908706 r12=8.12811327 Vg=0.00018346872 norm=1.00000000
progress grid N=2 step 18500/50266 36.8% t=185.00000 eta_s=2169.9 P=0.14312796 dP=-0.85653093 r12=8.12158073 Vg=0.00019087521 norm=1.00000000
progress grid N=2 step 18750/50266 37.3% t=187.50000 eta_s=2153.2 P=0.13611800 dP=-0.86354089 r12=8.11699403 Vg=0.00019553391 norm=1.00000000
progress grid N=2 step 19000/50266 37.8% t=190.00000 eta_s=2135.7 P=0.12916485 dP=-0.87049404 r12=8.11091437 Vg=0.00019968616 norm=1.00000000
progress grid N=2 step 19250/50266 38.3% t=192.50000 eta_s=2117.6 P=0.12726808 dP=-0.87239081 r12=8.11218182 Vg=0.00019715864 norm=1.00000000
progress grid N=2 step 19500/50266 38.8% t=195.00000 eta_s=2099.2 P=0.12661272 dP=-0.87304617 r12=8.11206639 Vg=0.00019810772 norm=1.00000000
progress grid N=2 step 19750/50266 39.3% t=197.50000 eta_s=2080.8 P=0.12485405 dP=-0.87480484 r12=8.11252859 Vg=0.00019768667 norm=1.00000000
progress grid N=2 step 20000/50266 39.8% t=200.00000 eta_s=2063.1 P=0.11946644 dP=-0.88019245 r12=8.10795824 Vg=0.00020555867 norm=1.00000000
progress grid N=2 step 20250/50266 40.3% t=202.50000 eta_s=2044.3 P=0.11207602 dP=-0.88758287 r12=8.10347103 Vg=0.0002094646 norm=1.00000000
progress grid N=2 step 20500/50266 40.8% t=205.00000 eta_s=2027.8 P=0.10947019 dP=-0.89018870 r12=8.10322548 Vg=0.00020830393 norm=1.00000000
progress grid N=2 step 20750/50266 41.3% t=207.50000 eta_s=2010.5 P=0.10875185 dP=-0.89090704 r12=8.10399543 Vg=0.000205595 norm=1.00000000
progress grid N=2 step 21000/50266 41.8% t=210.00000 eta_s=1993.7 P=0.10711407 dP=-0.89254482 r12=8.10411191 Vg=0.00020748443 norm=1.00000000
progress grid N=2 step 21250/50266 42.3% t=212.50000 eta_s=1977.0 P=0.09903379 dP=-0.90062510 r12=8.09848212 Vg=0.00021267577 norm=1.00000000
progress grid N=2 step 21500/50266 42.8% t=215.00000 eta_s=1960.3 P=0.09558557 dP=-0.90407332 r12=8.09901971 Vg=0.00021274177 norm=1.00000000
progress grid N=2 step 21750/50266 43.3% t=217.50000 eta_s=1943.4 P=0.09462771 dP=-0.90503118 r12=8.09909623 Vg=0.00020977707 norm=1.00000000
progress grid N=2 step 22000/50266 43.8% t=220.00000 eta_s=1927.4 P=0.09073123 dP=-0.90892766 r12=8.09844559 Vg=0.00021238311 norm=1.00000000
progress grid N=2 step 22250/50266 44.3% t=222.50000 eta_s=1910.6 P=0.08232828 dP=-0.91733061 r12=8.09418068 Vg=0.00021771107 norm=1.00000000
progress grid N=2 step 22500/50266 44.8% t=225.00000 eta_s=1893.8 P=0.08240243 dP=-0.91725646 r12=8.09723332 Vg=0.0002133137 norm=1.00000000
progress grid N=2 step 22750/50266 45.3% t=227.50000 eta_s=1876.8 P=0.07584328 dP=-0.92381561 r12=8.09383524 Vg=0.00021489094 norm=1.00000000
progress grid N=2 step 23000/50266 45.8% t=230.00000 eta_s=1858.9 P=0.06892417 dP=-0.93073472 r12=8.09385651 Vg=0.00022006607 norm=1.00000000
progress grid N=2 step 23250/50266 46.3% t=232.50000 eta_s=1842.0 P=0.06663918 dP=-0.93301971 r12=8.09341285 Vg=0.00021676 norm=1.00000000
progress grid N=2 step 23500/50266 46.8% t=235.00000 eta_s=1824.5 P=0.05622018 dP=-0.94343871 r12=8.09162760 Vg=0.00022231338 norm=1.00000000
progress grid N=2 step 23750/50266 47.2% t=237.50000 eta_s=1807.3 P=0.05302180 dP=-0.94663710 r12=8.09217605 Vg=0.00022043642 norm=1.00000000
progress grid N=2 step 24000/50266 47.7% t=240.00000 eta_s=1790.0 P=0.04142041 dP=-0.95823848 r12=8.08997249 Vg=0.00022268304 norm=1.00000000
progress grid N=2 step 24250/50266 48.2% t=242.50000 eta_s=1772.6 P=0.03697758 dP=-0.96268131 r12=8.09091611 Vg=0.00022203536 norm=1.00000000
progress grid N=2 step 24500/50266 48.7% t=245.00000 eta_s=1755.4 P=0.02284298 dP=-0.97681591 r12=8.08935060 Vg=0.00022439721 norm=1.00000000
progress grid N=2 step 24750/50266 49.2% t=247.50000 eta_s=1738.9 P=0.01877752 dP=-0.98088137 r12=8.08934358 Vg=0.00022276929 norm=1.00000000
progress grid N=2 step 25000/50266 49.7% t=250.00000 eta_s=1721.7 P=0.00187853 dP=-0.99778036 r12=8.08987998 Vg=0.00022595434 norm=1.00000000
progress grid N=2 step 25250/50266 50.2% t=252.50000 eta_s=1704.8 P=-0.00158050 dP=-1.00123939 r12=8.08825215 Vg=0.00022443202 norm=1.00000000
progress grid N=2 step 25500/50266 50.7% t=255.00000 eta_s=1687.9 P=-0.01879514 dP=-1.01845403 r12=8.09052251 Vg=0.00022285021 norm=1.00000000
progress grid N=2 step 25750/50266 51.2% t=257.50000 eta_s=1670.2 P=-0.02214512 dP=-1.02180401 r12=8.08913162 Vg=0.00022560859 norm=1.00000000
progress grid N=2 step 26000/50266 51.7% t=260.00000 eta_s=1652.8 P=-0.03752952 dP=-1.03718841 r12=8.09090879 Vg=0.00021997892 norm=1.00000000
progress grid N=2 step 26250/50266 52.2% t=262.50000 eta_s=1635.2 P=-0.04047326 dP=-1.04013215 r12=8.09094425 Vg=0.00022414471 norm=1.00000000
progress grid N=2 step 26500/50266 52.7% t=265.00000 eta_s=1617.7 P=-0.05361912 dP=-1.05327801 r12=8.09268546 Vg=0.00021700986 norm=1.00000000
progress grid N=2 step 26750/50266 53.2% t=267.50000 eta_s=1601.1 P=-0.05568610 dP=-1.05534499 r12=8.09230376 Vg=0.00022179973 norm=1.00000000
progress grid N=2 step 27000/50266 53.7% t=270.00000 eta_s=1584.0 P=-0.06676585 dP=-1.06642474 r12=8.09554376 Vg=0.00021381254 norm=1.00000000
progress grid N=2 step 27250/50266 54.2% t=272.50000 eta_s=1567.4 P=-0.06909323 dP=-1.06875212 r12=8.09451517 Vg=0.00021434114 norm=1.00000000
progress grid N=2 step 27500/50266 54.7% t=275.00000 eta_s=1550.5 P=-0.07569664 dP=-1.07535553 r12=8.09687578 Vg=0.00021500708 norm=1.00000000
progress grid N=2 step 27750/50266 55.2% t=277.50000 eta_s=1533.7 P=-0.08250690 dP=-1.08216579 r12=8.09927399 Vg=0.0002065792 norm=1.00000000
progress grid N=2 step 28000/50266 55.7% t=280.00000 eta_s=1516.6 P=-0.08269700 dP=-1.08235589 r12=8.09765704 Vg=0.0002128444 norm=1.00000000
progress grid N=2 step 28250/50266 56.2% t=282.50000 eta_s=1499.9 P=-0.09041003 dP=-1.09006892 r12=8.10090263 Vg=0.0002114512 norm=1.00000000
progress grid N=2 step 28500/50266 56.7% t=285.00000 eta_s=1483.2 P=-0.09473229 dP=-1.09439118 r12=8.10488876 Vg=0.00020045193 norm=1.00000000
progress grid N=2 step 28750/50266 57.2% t=287.50000 eta_s=1466.6 P=-0.09596939 dP=-1.09562828 r12=8.10228197 Vg=0.00020398603 norm=1.00000000
progress grid N=2 step 29000/50266 57.7% t=290.00000 eta_s=1449.8 P=-0.09931449 dP=-1.09897338 r12=8.10416833 Vg=0.0002102596 norm=1.00000000
progress grid N=2 step 29250/50266 58.2% t=292.50000 eta_s=1433.3 P=-0.10631096 dP=-1.10596985 r12=8.11050992 Vg=0.0002046752 norm=1.00000000
progress grid N=2 step 29500/50266 58.7% t=295.00000 eta_s=1416.5 P=-0.10939629 dP=-1.10905518 r12=8.11117114 Vg=0.00019425008 norm=1.00000000
progress grid N=2 step 29750/50266 59.2% t=297.50000 eta_s=1399.8 P=-0.10927470 dP=-1.10893359 r12=8.11114057 Vg=0.00019670124 norm=1.00000000
progress grid N=2 step 30000/50266 59.7% t=300.00000 eta_s=1383.0 P=-0.11306399 dP=-1.11272288 r12=8.11009629 Vg=0.00020486018 norm=1.00000000
progress grid N=2 step 30250/50266 60.2% t=302.50000 eta_s=1365.8 P=-0.11808957 dP=-1.11774846 r12=8.11956767 Vg=0.00020652046 norm=1.00000000
progress grid N=2 step 30500/50266 60.7% t=305.00000 eta_s=1348.6 P=-0.12526195 dP=-1.12492084 r12=8.12160930 Vg=0.00019931605 norm=1.00000000
progress grid N=2 step 30750/50266 61.2% t=307.50000 eta_s=1331.7 P=-0.12572048 dP=-1.12537937 r12=8.12690382 Vg=0.00019226865 norm=1.00000000
progress grid N=2 step 31000/50266 61.7% t=310.00000 eta_s=1315.0 P=-0.12822440 dP=-1.12788329 r12=8.12238452 Vg=0.00019024698 norm=1.00000000
progress grid N=2 step 31250/50266 62.2% t=312.50000 eta_s=1298.2 P=-0.12911159 dP=-1.12877048 r12=8.12633061 Vg=0.00019782808 norm=1.00000000
progress grid N=2 step 31500/50266 62.7% t=315.00000 eta_s=1281.5 P=-0.13587940 dP=-1.13553829 r12=8.13058824 Vg=0.00020687708 norm=1.00000000
progress grid N=2 step 31750/50266 63.2% t=317.50000 eta_s=1264.5 P=-0.14249596 dP=-1.14215485 r12=8.13916236 Vg=0.00021012696 norm=1.00000000
progress grid N=2 step 32000/50266 63.7% t=320.00000 eta_s=1247.6 P=-0.14890209 dP=-1.14856098 r12=8.14804692 Vg=0.00020587242 norm=1.00000000
progress grid N=2 step 32250/50266 64.2% t=322.50000 eta_s=1230.8 P=-0.15413292 dP=-1.15379181 r12=8.14965764 Vg=0.00019823141 norm=1.00000000
progress grid N=2 step 32500/50266 64.7% t=325.00000 eta_s=1213.6 P=-0.15562395 dP=-1.15528284 r12=8.15540950 Vg=0.00019303448 norm=1.00000000
progress grid N=2 step 32750/50266 65.2% t=327.50000 eta_s=1196.8 P=-0.15996211 dP=-1.15962100 r12=8.15318553 Vg=0.0001898073 norm=1.00000000
progress grid N=2 step 33000/50266 65.7% t=330.00000 eta_s=1179.7 P=-0.16307994 dP=-1.16273883 r12=8.15974452 Vg=0.00019643357 norm=1.00000000
progress grid N=2 step 33250/50266 66.1% t=332.50000 eta_s=1162.9 P=-0.17092348 dP=-1.17058237 r12=8.16584059 Vg=0.00020495491 norm=1.00000000
progress grid N=2 step 33500/50266 66.6% t=335.00000 eta_s=1145.8 P=-0.18000251 dP=-1.17966140 r12=8.17555724 Vg=0.000212997 norm=1.00000000
progress grid N=2 step 33750/50266 67.1% t=337.50000 eta_s=1128.9 P=-0.19029930 dP=-1.18995819 r12=8.19033566 Vg=0.0002205202 norm=1.00000000
progress grid N=2 step 34000/50266 67.6% t=340.00000 eta_s=1112.2 P=-0.20242092 dP=-1.20207981 r12=8.19939301 Vg=0.00022152268 norm=1.00000000
progress grid N=2 step 34250/50266 68.1% t=342.50000 eta_s=1094.8 P=-0.21209636 dP=-1.21175525 r12=8.21438956 Vg=0.00021974937 norm=1.00000000
progress grid N=2 step 34500/50266 68.6% t=345.00000 eta_s=1077.4 P=-0.22336547 dP=-1.22302436 r12=8.22198140 Vg=0.00021342617 norm=1.00000000
progress grid N=2 step 34750/50266 69.1% t=347.50000 eta_s=1060.5 P=-0.23287842 dP=-1.23253731 r12=8.23161530 Vg=0.00020519319 norm=1.00000000
progress grid N=2 step 35000/50266 69.6% t=350.00000 eta_s=1043.3 P=-0.24311433 dP=-1.24277322 r12=8.24166446 Vg=0.00019762273 norm=1.00000000
progress grid N=2 step 35250/50266 70.1% t=352.50000 eta_s=1026.4 P=-0.25534875 dP=-1.25500764 r12=8.24785961 Vg=0.00019264511 norm=1.00000000
progress grid N=2 step 35500/50266 70.6% t=355.00000 eta_s=1009.4 P=-0.26802844 dP=-1.26768733 r12=8.26192093 Vg=0.00019170147 norm=1.00000000
progress grid N=2 step 35750/50266 71.1% t=357.50000 eta_s=992.2 P=-0.28478011 dP=-1.28443900 r12=8.27186797 Vg=0.0001933169 norm=1.00000000
progress grid N=2 step 36000/50266 71.6% t=360.00000 eta_s=975.2 P=-0.30357888 dP=-1.30323777 r12=8.28699955 Vg=0.00019753262 norm=1.00000000
progress grid N=2 step 36250/50266 72.1% t=362.50000 eta_s=958.2 P=-0.32538150 dP=-1.32504039 r12=8.30422231 Vg=0.00020291751 norm=1.00000000
progress grid N=2 step 36500/50266 72.6% t=365.00000 eta_s=941.2 P=-0.35081740 dP=-1.35047629 r12=8.31820405 Vg=0.00020703315 norm=1.00000000
progress grid N=2 step 36750/50266 73.1% t=367.50000 eta_s=924.3 P=-0.37801282 dP=-1.37767171 r12=8.33741161 Vg=0.00020953426 norm=1.00000000
progress grid N=2 step 37000/50266 73.6% t=370.00000 eta_s=907.2 P=-0.40799524 dP=-1.40765413 r12=8.35054394 Vg=0.00021127491 norm=1.00000000
progress grid N=2 step 37250/50266 74.1% t=372.50000 eta_s=890.2 P=-0.43970609 dP=-1.43936498 r12=8.36303789 Vg=0.00021166553 norm=1.00000000
progress grid N=2 step 37500/50266 74.6% t=375.00000 eta_s=873.1 P=-0.47221402 dP=-1.47187291 r12=8.37327740 Vg=0.00021362771 norm=1.00000000
progress grid N=2 step 37750/50266 75.1% t=377.50000 eta_s=856.0 P=-0.50568270 dP=-1.50534159 r12=8.37651634 Vg=0.00021834072 norm=1.00000000
progress grid N=2 step 38000/50266 75.6% t=380.00000 eta_s=838.9 P=-0.53907742 dP=-1.53873631 r12=8.37862653 Vg=0.00022630466 norm=1.00000000
progress grid N=2 step 38250/50266 76.1% t=382.50000 eta_s=821.8 P=-0.57146048 dP=-1.57111937 r12=8.37479653 Vg=0.0002408484 norm=1.00000000
progress grid N=2 step 38500/50266 76.6% t=385.00000 eta_s=804.8 P=-0.60300296 dP=-1.60266185 r12=8.36760463 Vg=0.00025961802 norm=1.00000000
progress grid N=2 step 38750/50266 77.1% t=387.50000 eta_s=787.9 P=-0.63240537 dP=-1.63206426 r12=8.35793637 Vg=0.00028215511 norm=1.00000000
progress grid N=2 step 39000/50266 77.6% t=390.00000 eta_s=771.0 P=-0.65909225 dP=-1.65875114 r12=8.34640092 Vg=0.00030769735 norm=1.00000000
progress grid N=2 step 39250/50266 78.1% t=392.50000 eta_s=753.9 P=-0.68352889 dP=-1.68318778 r12=8.33392589 Vg=0.00033285124 norm=1.00000000
progress grid N=2 step 39500/50266 78.6% t=395.00000 eta_s=736.9 P=-0.70405926 dP=-1.70371815 r12=8.32238110 Vg=0.00035382933 norm=1.00000000
progress grid N=2 step 39750/50266 79.1% t=397.50000 eta_s=720.0 P=-0.72181022 dP=-1.72146911 r12=8.31321888 Vg=0.00037064043 norm=1.00000000
progress grid N=2 step 40000/50266 79.6% t=400.00000 eta_s=703.0 P=-0.73671437 dP=-1.73637326 r12=8.30429001 Vg=0.00038448351 norm=1.00000000
progress grid N=2 step 40250/50266 80.1% t=402.50000 eta_s=685.9 P=-0.74855653 dP=-1.74821542 r12=8.30030432 Vg=0.00039791549 norm=1.00000000
progress grid N=2 step 40500/50266 80.6% t=405.00000 eta_s=668.8 P=-0.75970159 dP=-1.75936048 r12=8.29546841 Vg=0.00041729429 norm=1.00000000
progress grid N=2 step 40750/50266 81.1% t=407.50000 eta_s=651.7 P=-0.76924894 dP=-1.76890783 r12=8.29238986 Vg=0.00043963576 norm=1.00000000
progress grid N=2 step 41000/50266 81.6% t=410.00000 eta_s=634.6 P=-0.77941841 dP=-1.77907730 r12=8.28941991 Vg=0.00046865105 norm=1.00000000
progress grid N=2 step 41250/50266 82.1% t=412.50000 eta_s=617.6 P=-0.79043434 dP=-1.79009323 r12=8.28225773 Vg=0.00050061873 norm=1.00000000
progress grid N=2 step 41500/50266 82.6% t=415.00000 eta_s=600.4 P=-0.80135726 dP=-1.80101615 r12=8.27706197 Vg=0.00053223149 norm=1.00000000
progress grid N=2 step 41750/50266 83.1% t=417.50000 eta_s=583.4 P=-0.81369398 dP=-1.81335287 r12=8.26556630 Vg=0.00056259057 norm=1.00000000
progress grid N=2 step 42000/50266 83.6% t=420.00000 eta_s=566.3 P=-0.82383502 dP=-1.82349392 r12=8.25814837 Vg=0.000583057 norm=1.00000000
progress grid N=2 step 42250/50266 84.1% t=422.50000 eta_s=549.2 P=-0.83261415 dP=-1.83227304 r12=8.25076459 Vg=0.00059912024 norm=1.00000000
progress grid N=2 step 42500/50266 84.6% t=425.00000 eta_s=532.0 P=-0.83868621 dP=-1.83834511 r12=8.24556224 Vg=0.00059855499 norm=1.00000000
progress grid N=2 step 42750/50266 85.0% t=427.50000 eta_s=514.9 P=-0.84142000 dP=-1.84107889 r12=8.24897815 Vg=0.00059673523 norm=1.00000000
progress grid N=2 step 43000/50266 85.5% t=430.00000 eta_s=497.7 P=-0.84445605 dP=-1.84411494 r12=8.24770163 Vg=0.00060127004 norm=1.00000000
progress grid N=2 step 43250/50266 86.0% t=432.50000 eta_s=480.5 P=-0.84707475 dP=-1.84673364 r12=8.25254658 Vg=0.0006084624 norm=1.00000000
progress grid N=2 step 43500/50266 86.5% t=435.00000 eta_s=463.1 P=-0.85323112 dP=-1.85289001 r12=8.24808318 Vg=0.00063336456 norm=1.00000000
progress grid N=2 step 43750/50266 87.0% t=437.50000 eta_s=446.0 P=-0.86046802 dP=-1.86012691 r12=8.24354525 Vg=0.0006534943 norm=1.00000000
progress grid N=2 step 44000/50266 87.5% t=440.00000 eta_s=428.7 P=-0.86758957 dP=-1.86724847 r12=8.23751747 Vg=0.0006713785 norm=1.00000000
progress grid N=2 step 44250/50266 88.0% t=442.50000 eta_s=411.5 P=-0.87233856 dP=-1.87199745 r12=8.23263085 Vg=0.00067144134 norm=1.00000000
progress grid N=2 step 44500/50266 88.5% t=445.00000 eta_s=394.2 P=-0.87273112 dP=-1.87239001 r12=8.23837610 Vg=0.0006611272 norm=1.00000000
progress grid N=2 step 44750/50266 89.0% t=447.50000 eta_s=377.1 P=-0.87430340 dP=-1.87396229 r12=8.23821948 Vg=0.00065618246 norm=1.00000000
progress grid N=2 step 45000/50266 89.5% t=450.00000 eta_s=359.8 P=-0.87727521 dP=-1.87693411 r12=8.24227509 Vg=0.00066409548 norm=1.00000000
progress grid N=2 step 45250/50266 90.0% t=452.50000 eta_s=342.8 P=-0.88486872 dP=-1.88452761 r12=8.23290488 Vg=0.00068984185 norm=1.00000000
progress grid N=2 step 45500/50266 90.5% t=455.00000 eta_s=325.7 P=-0.88959268 dP=-1.88925157 r12=8.23218358 Vg=0.00069774058 norm=1.00000000
progress grid N=2 step 45750/50266 91.0% t=457.50000 eta_s=308.6 P=-0.89121492 dP=-1.89087381 r12=8.23120944 Vg=0.00069007606 norm=1.00000000
progress grid N=2 step 46000/50266 91.5% t=460.00000 eta_s=291.5 P=-0.89150024 dP=-1.89115913 r12=8.23709199 Vg=0.0006777827 norm=1.00000000
progress grid N=2 step 46250/50266 92.0% t=462.50000 eta_s=274.5 P=-0.89689041 dP=-1.89654930 r12=8.23364236 Vg=0.00069244752 norm=1.00000000
progress grid N=2 step 46500/50266 92.5% t=465.00000 eta_s=257.4 P=-0.90356626 dP=-1.90322515 r12=8.22898633 Vg=0.00071029372 norm=1.00000000
progress grid N=2 step 46750/50266 93.0% t=467.50000 eta_s=240.3 P=-0.90493619 dP=-1.90459508 r12=8.23055495 Vg=0.00070552351 norm=1.00000000
progress grid N=2 step 47000/50266 93.5% t=470.00000 eta_s=223.2 P=-0.90667392 dP=-1.90633281 r12=8.23325645 Vg=0.00069484574 norm=1.00000000
progress grid N=2 step 47250/50266 94.0% t=472.50000 eta_s=206.2 P=-0.91392461 dP=-1.91358350 r12=8.22925692 Vg=0.00071459352 norm=1.00000000
progress grid N=2 step 47500/50266 94.5% t=475.00000 eta_s=189.1 P=-0.91840995 dP=-1.91806884 r12=8.22712579 Vg=0.00072157821 norm=1.00000000
progress grid N=2 step 47750/50266 95.0% t=477.50000 eta_s=172.0 P=-0.91956026 dP=-1.91921915 r12=8.23118713 Vg=0.000707912 norm=1.00000000
progress grid N=2 step 48000/50266 95.5% t=480.00000 eta_s=155.0 P=-0.92875216 dP=-1.92841105 r12=8.22648287 Vg=0.00072460024 norm=1.00000000
progress grid N=2 step 48250/50266 96.0% t=482.50000 eta_s=137.9 P=-0.93189477 dP=-1.93155366 r12=8.22721071 Vg=0.00072880804 norm=1.00000000
progress grid N=2 step 48500/50266 96.5% t=485.00000 eta_s=120.8 P=-0.93787534 dP=-1.93753423 r12=8.22833564 Vg=0.00072404116 norm=1.00000000
progress grid N=2 step 48750/50266 97.0% t=487.50000 eta_s=103.7 P=-0.94681840 dP=-1.94647729 r12=8.22363524 Vg=0.00074374573 norm=1.00000000
progress grid N=2 step 49000/50266 97.5% t=490.00000 eta_s=86.6 P=-0.95053076 dP=-1.95018965 r12=8.22829730 Vg=0.00073192471 norm=1.00000000
progress grid N=2 step 49250/50266 98.0% t=492.50000 eta_s=69.5 P=-0.96321096 dP=-1.96286985 r12=8.22190897 Vg=0.00075046054 norm=1.00000000
progress grid N=2 step 49500/50266 98.5% t=495.00000 eta_s=52.4 P=-0.96734275 dP=-1.96700164 r12=8.22702763 Vg=0.00073915046 norm=1.00000000
progress grid N=2 step 49750/50266 99.0% t=497.50000 eta_s=35.3 P=-0.98132751 dP=-1.98098640 r12=8.22178171 Vg=0.00075286279 norm=1.00000000
progress grid N=2 step 50000/50266 99.5% t=500.00000 eta_s=18.2 P=-0.98799654 dP=-1.98765543 r12=8.22579604 Vg=0.00074818269 norm=1.00000000
progress grid N=2 step 50250/50266 100.0% t=502.50000 eta_s=1.1 P=-1.00040235 dP=-2.00006124 r12=8.22201153 Vg=0.00074763628 norm=1.00000000
progress grid N=2 step 50266/50266 100.0% t=502.65482 eta_s=0.0 P=-1.00036276 dP=-2.00002165 r12=8.22232976 Vg=0.00074599739 norm=1.00000000
[write] out/vs3_n2_dt0p01_T160pi_K32_sweep/grid_ref/gauss_sigma0p500/g1024_dt0p01_T160pi/n2_grid_reference_vs3_gauss_sigma0p500_g1024_dt0p01_T160pi.npz (2012 samples, grid=1024)
[write] out/vs3_n2_dt0p01_T160pi_K32_sweep/grid_ref/gauss_sigma0p500/g1024_dt0p01_T160pi/n2_grid_reference_vs3_gauss_sigma0p500_g1024_dt0p01_T160pi.csv
end_time=2026-07-09T13:41:04+08:00
