job_id=605469
array_job_id=605469
array_task_id=7
job_name=vs3n2gk32
partition=epyc
node_list=doom
submit_dir=/home/gyqyan/zexuan/ecg1d_code/1D_thouless_pumping
workdir=/home/gyqyan/zexuan/ecg1d_code/1D_thouless_pumping
cpus_per_task=32
mem_per_node=16384
start_time=2026-07-09T15:34:26+08:00
case=gauss_sigma3p000
g_over_er=0.3
sigma=3.0
out_dir=out/vs3_n2_dt0p01_T160pi_K32_sweep/grid_ref/gauss_sigma3p000/g1024_dt0p01_T160pi
[config] grid=1024 dt=0.01 tmax=502.6548245743669 Vs/Er=3.0 Vl/Er=3.0 g/Er=0.3 fft_backend=scipy.fft fft_workers=32
progress grid N=2 step 250/50266 0.5% t=2.50000 eta_s=2942.4 P=0.98917260 dP=-0.01048629 r12=8.04657232 Vg=0.00019281714 norm=1.00000000
progress grid N=2 step 500/50266 1.0% t=5.00000 eta_s=2913.9 P=0.98032189 dP=-0.01933700 r12=8.04731942 Vg=0.00019404879 norm=1.00000000
progress grid N=2 step 750/50266 1.5% t=7.50000 eta_s=2924.3 P=0.96869307 dP=-0.03096582 r12=8.05009435 Vg=0.0001958157 norm=1.00000000
progress grid N=2 step 1000/50266 2.0% t=10.00000 eta_s=2929.8 P=0.96220231 dP=-0.03745658 r12=8.05246197 Vg=0.00019651699 norm=1.00000000
progress grid N=2 step 1250/50266 2.5% t=12.50000 eta_s=2925.8 P=0.95127668 dP=-0.04838221 r12=8.05544727 Vg=0.00020097524 norm=1.00000000
progress grid N=2 step 1500/50266 3.0% t=15.00000 eta_s=2916.9 P=0.94634498 dP=-0.05331391 r12=8.05582537 Vg=0.00020243333 norm=1.00000000
progress grid N=2 step 1750/50266 3.5% t=17.50000 eta_s=2905.5 P=0.93786682 dP=-0.06179207 r12=8.05404193 Vg=0.00020656223 norm=1.00000000
progress grid N=2 step 2000/50266 4.0% t=20.00000 eta_s=2892.8 P=0.93228399 dP=-0.06737490 r12=8.05512417 Vg=0.00021350978 norm=1.00000000
progress grid N=2 step 2250/50266 4.5% t=22.50000 eta_s=2881.5 P=0.92774316 dP=-0.07191574 r12=8.05228220 Vg=0.00021077978 norm=1.00000000
progress grid N=2 step 2500/50266 5.0% t=25.00000 eta_s=2863.8 P=0.92070208 dP=-0.07895681 r12=8.05583223 Vg=0.0002270177 norm=1.00000000
progress grid N=2 step 2750/50266 5.5% t=27.50000 eta_s=2848.9 P=0.91696201 dP=-0.08269688 r12=8.05528531 Vg=0.00022228303 norm=1.00000000
progress grid N=2 step 3000/50266 6.0% t=30.00000 eta_s=2835.5 P=0.91469476 dP=-0.08496413 r12=8.05676088 Vg=0.0002276988 norm=1.00000000
progress grid N=2 step 3250/50266 6.5% t=32.50000 eta_s=2817.6 P=0.90591982 dP=-0.09373907 r12=8.06048967 Vg=0.0002437871 norm=1.00000000
progress grid N=2 step 3500/50266 7.0% t=35.00000 eta_s=2802.9 P=0.90562289 dP=-0.09403600 r12=8.06473335 Vg=0.00024280279 norm=1.00000000
progress grid N=2 step 3750/50266 7.5% t=37.50000 eta_s=2786.7 P=0.90217053 dP=-0.09748836 r12=8.06291370 Vg=0.00024116268 norm=1.00000000
progress grid N=2 step 4000/50266 8.0% t=40.00000 eta_s=2766.2 P=0.89757543 dP=-0.10208346 r12=8.06726863 Vg=0.00026441188 norm=1.00000000
progress grid N=2 step 4250/50266 8.5% t=42.50000 eta_s=2752.2 P=0.89119227 dP=-0.10846662 r12=8.07005147 Vg=0.00027653871 norm=1.00000000
progress grid N=2 step 4500/50266 9.0% t=45.00000 eta_s=2734.8 P=0.89150403 dP=-0.10815487 r12=8.07168631 Vg=0.0002733966 norm=1.00000000
progress grid N=2 step 4750/50266 9.4% t=47.50000 eta_s=2720.2 P=0.88901270 dP=-0.11064619 r12=8.06772175 Vg=0.00027420656 norm=1.00000000
progress grid N=2 step 5000/50266 9.9% t=50.00000 eta_s=2706.6 P=0.88441526 dP=-0.11524363 r12=8.06968794 Vg=0.00029965994 norm=1.00000000
progress grid N=2 step 5250/50266 10.4% t=52.50000 eta_s=2693.3 P=0.87807291 dP=-0.12158598 r12=8.07485621 Vg=0.00032620741 norm=1.00000000
progress grid N=2 step 5500/50266 10.9% t=55.00000 eta_s=2679.5 P=0.87437222 dP=-0.12528667 r12=8.08145065 Vg=0.00033537941 norm=1.00000000
progress grid N=2 step 5750/50266 11.4% t=57.50000 eta_s=2665.8 P=0.87409859 dP=-0.12556030 r12=8.08439969 Vg=0.00033545745 norm=1.00000000
progress grid N=2 step 6000/50266 11.9% t=60.00000 eta_s=2652.1 P=0.87118226 dP=-0.12847663 r12=8.08229789 Vg=0.00033868875 norm=1.00000000
progress grid N=2 step 6250/50266 12.4% t=62.50000 eta_s=2638.0 P=0.86811882 dP=-0.13154007 r12=8.08522072 Vg=0.00036920832 norm=1.00000000
progress grid N=2 step 6500/50266 12.9% t=65.00000 eta_s=2621.0 P=0.85992139 dP=-0.13973750 r12=8.08843156 Vg=0.00040249936 norm=1.00000000
progress grid N=2 step 6750/50266 13.4% t=67.50000 eta_s=2605.2 P=0.85453846 dP=-0.14512043 r12=8.09997176 Vg=0.000443556 norm=1.00000000
progress grid N=2 step 7000/50266 13.9% t=70.00000 eta_s=2591.4 P=0.84873162 dP=-0.15092727 r12=8.10662739 Vg=0.00045979091 norm=1.00000000
progress grid N=2 step 7250/50266 14.4% t=72.50000 eta_s=2577.9 P=0.84606686 dP=-0.15359203 r12=8.11463146 Vg=0.00047189951 norm=1.00000000
progress grid N=2 step 7500/50266 14.9% t=75.00000 eta_s=2563.8 P=0.84370140 dP=-0.15595749 r12=8.11652208 Vg=0.00048460822 norm=1.00000000
progress grid N=2 step 7750/50266 15.4% t=77.50000 eta_s=2549.6 P=0.83885060 dP=-0.16080829 r12=8.11607636 Vg=0.00050518803 norm=1.00000000
progress grid N=2 step 8000/50266 15.9% t=80.00000 eta_s=2535.0 P=0.83391793 dP=-0.16574097 r12=8.12031574 Vg=0.00055459303 norm=1.00000000
progress grid N=2 step 8250/50266 16.4% t=82.50000 eta_s=2520.9 P=0.82404547 dP=-0.17561342 r12=8.12323459 Vg=0.00060140164 norm=1.00000000
progress grid N=2 step 8500/50266 16.9% t=85.00000 eta_s=2505.8 P=0.81497229 dP=-0.18468660 r12=8.13683166 Vg=0.00067304631 norm=1.00000000
progress grid N=2 step 8750/50266 17.4% t=87.50000 eta_s=2488.4 P=0.80397028 dP=-0.19568861 r12=8.14942704 Vg=0.00072575798 norm=1.00000000
progress grid N=2 step 9000/50266 17.9% t=90.00000 eta_s=2474.3 P=0.79353718 dP=-0.20612171 r12=8.16749279 Vg=0.00077730551 norm=1.00000000
progress grid N=2 step 9250/50266 18.4% t=92.50000 eta_s=2459.7 P=0.78460185 dP=-0.21505704 r12=8.18580314 Vg=0.00083119247 norm=1.00000000
progress grid N=2 step 9500/50266 18.9% t=95.00000 eta_s=2445.7 P=0.77415183 dP=-0.22550707 r12=8.19922178 Vg=0.00086175866 norm=1.00000000
progress grid N=2 step 9750/50266 19.4% t=97.50000 eta_s=2431.1 P=0.76553625 dP=-0.23412265 r12=8.21672218 Vg=0.0009244996 norm=1.00000000
progress grid N=2 step 10000/50266 19.9% t=100.00000 eta_s=2415.7 P=0.75399993 dP=-0.24565896 r12=8.22516577 Vg=0.00097039469 norm=1.00000000
progress grid N=2 step 10250/50266 20.4% t=102.50000 eta_s=2399.0 P=0.74126721 dP=-0.25839168 r12=8.23727765 Vg=0.001043906 norm=1.00000000
progress grid N=2 step 10500/50266 20.9% t=105.00000 eta_s=2382.8 P=0.72654476 dP=-0.27311413 r12=8.24862042 Vg=0.0011307257 norm=1.00000000
progress grid N=2 step 10750/50266 21.4% t=107.50000 eta_s=2363.0 P=0.70752419 dP=-0.29213470 r12=8.25723974 Vg=0.0012073974 norm=1.00000000
progress grid N=2 step 11000/50266 21.9% t=110.00000 eta_s=2347.9 P=0.68712449 dP=-0.31253440 r12=8.27457791 Vg=0.0013237853 norm=1.00000000
progress grid N=2 step 11250/50266 22.4% t=112.50000 eta_s=2332.3 P=0.66282919 dP=-0.33682971 r12=8.28750179 Vg=0.0014007831 norm=1.00000000
progress grid N=2 step 11500/50266 22.9% t=115.00000 eta_s=2317.6 P=0.63604704 dP=-0.36361185 r12=8.30634446 Vg=0.0014954444 norm=1.00000000
progress grid N=2 step 11750/50266 23.4% t=117.50000 eta_s=2303.5 P=0.60761174 dP=-0.39204716 r12=8.32712440 Vg=0.0015752688 norm=1.00000000
progress grid N=2 step 12000/50266 23.9% t=120.00000 eta_s=2289.2 P=0.57651755 dP=-0.42314134 r12=8.34365077 Vg=0.0016110628 norm=1.00000000
progress grid N=2 step 12250/50266 24.4% t=122.50000 eta_s=2275.3 P=0.54451769 dP=-0.45514120 r12=8.36501422 Vg=0.0016681023 norm=1.00000000
progress grid N=2 step 12500/50266 24.9% t=125.00000 eta_s=2261.0 P=0.51158973 dP=-0.48806916 r12=8.37837561 Vg=0.0016609042 norm=1.00000000
progress grid N=2 step 12750/50266 25.4% t=127.50000 eta_s=2245.4 P=0.47779287 dP=-0.52186602 r12=8.38903197 Vg=0.0016535093 norm=1.00000000
progress grid N=2 step 13000/50266 25.9% t=130.00000 eta_s=2230.0 P=0.44448189 dP=-0.55517700 r12=8.39510628 Vg=0.0016287226 norm=1.00000000
progress grid N=2 step 13250/50266 26.4% t=132.50000 eta_s=2215.8 P=0.41180273 dP=-0.58785617 r12=8.38977570 Vg=0.0015566537 norm=1.00000000
progress grid N=2 step 13500/50266 26.9% t=135.00000 eta_s=2201.5 P=0.37993318 dP=-0.61972571 r12=8.38086535 Vg=0.0015067508 norm=1.00000000
progress grid N=2 step 13750/50266 27.4% t=137.50000 eta_s=2187.3 P=0.35079804 dP=-0.64886085 r12=8.36180161 Vg=0.0014174548 norm=1.00000000
progress grid N=2 step 14000/50266 27.9% t=140.00000 eta_s=2173.0 P=0.32360622 dP=-0.67605267 r12=8.33617706 Vg=0.0013377567 norm=1.00000000
progress grid N=2 step 14250/50266 28.3% t=142.50000 eta_s=2158.6 P=0.29971313 dP=-0.69994576 r12=8.30845837 Vg=0.0012689722 norm=1.00000000
progress grid N=2 step 14500/50266 28.8% t=145.00000 eta_s=2144.3 P=0.27998531 dP=-0.71967358 r12=8.27691602 Vg=0.001186163 norm=1.00000000
progress grid N=2 step 14750/50266 29.3% t=147.50000 eta_s=2129.9 P=0.26272360 dP=-0.73693529 r12=8.24891851 Vg=0.0011397676 norm=1.00000000
progress grid N=2 step 15000/50266 29.8% t=150.00000 eta_s=2113.3 P=0.25018976 dP=-0.74946914 r12=8.22682966 Vg=0.0010807225 norm=1.00000000
progress grid N=2 step 15250/50266 30.3% t=152.50000 eta_s=2099.0 P=0.23957078 dP=-0.76008811 r12=8.21102109 Vg=0.0010349106 norm=1.00000000
progress grid N=2 step 15500/50266 30.8% t=155.00000 eta_s=2084.6 P=0.23059652 dP=-0.76906237 r12=8.20577942 Vg=0.00099244059 norm=1.00000000
progress grid N=2 step 15750/50266 31.3% t=157.50000 eta_s=2070.1 P=0.22318683 dP=-0.77647206 r12=8.20784722 Vg=0.00092806065 norm=1.00000000
progress grid N=2 step 16000/50266 31.8% t=160.00000 eta_s=2055.6 P=0.21347112 dP=-0.78618777 r12=8.21329600 Vg=0.00087198565 norm=1.00000000
progress grid N=2 step 16250/50266 32.3% t=162.50000 eta_s=2041.0 P=0.20407944 dP=-0.79557946 r12=8.22056696 Vg=0.00078912027 norm=1.00000000
progress grid N=2 step 16500/50266 32.8% t=165.00000 eta_s=2026.4 P=0.19227340 dP=-0.80738550 r12=8.21924097 Vg=0.00071187784 norm=1.00000000
progress grid N=2 step 16750/50266 33.3% t=167.50000 eta_s=2011.0 P=0.18015186 dP=-0.81950703 r12=8.21006347 Vg=0.00063901601 norm=1.00000000
progress grid N=2 step 17000/50266 33.8% t=170.00000 eta_s=1995.2 P=0.16995423 dP=-0.82970466 r12=8.19122482 Vg=0.00057737998 norm=1.00000000
progress grid N=2 step 17250/50266 34.3% t=172.50000 eta_s=1979.2 P=0.16084718 dP=-0.83881171 r12=8.16617925 Vg=0.00055003886 norm=1.00000000
progress grid N=2 step 17500/50266 34.8% t=175.00000 eta_s=1963.3 P=0.15710640 dP=-0.84255249 r12=8.14843699 Vg=0.00053295362 norm=1.00000000
progress grid N=2 step 17750/50266 35.3% t=177.50000 eta_s=1948.4 P=0.15438254 dP=-0.84527635 r12=8.13885940 Vg=0.0005350819 norm=1.00000000
progress grid N=2 step 18000/50266 35.8% t=180.00000 eta_s=1933.0 P=0.15359044 dP=-0.84606845 r12=8.14721340 Vg=0.00051920399 norm=1.00000000
progress grid N=2 step 18250/50266 36.3% t=182.50000 eta_s=1918.3 P=0.15047808 dP=-0.84918081 r12=8.16143787 Vg=0.00048357516 norm=1.00000000
progress grid N=2 step 18500/50266 36.8% t=185.00000 eta_s=1903.6 P=0.14368288 dP=-0.85597602 r12=8.17143129 Vg=0.00043268706 norm=1.00000000
progress grid N=2 step 18750/50266 37.3% t=187.50000 eta_s=1889.2 P=0.13628229 dP=-0.86337661 r12=8.16665402 Vg=0.0003818092 norm=1.00000000
progress grid N=2 step 19000/50266 37.8% t=190.00000 eta_s=1873.6 P=0.12833791 dP=-0.87132098 r12=8.14419442 Vg=0.00036310269 norm=1.00000000
progress grid N=2 step 19250/50266 38.3% t=192.50000 eta_s=1858.4 P=0.12651540 dP=-0.87314349 r12=8.12652386 Vg=0.00036745841 norm=1.00000000
progress grid N=2 step 19500/50266 38.8% t=195.00000 eta_s=1843.8 P=0.12573793 dP=-0.87392096 r12=8.12300716 Vg=0.00038130286 norm=1.00000000
progress grid N=2 step 19750/50266 39.3% t=197.50000 eta_s=1829.2 P=0.12559734 dP=-0.87406155 r12=8.14183216 Vg=0.00036257499 norm=1.00000000
progress grid N=2 step 20000/50266 39.8% t=200.00000 eta_s=1814.6 P=0.11962723 dP=-0.88003166 r12=8.15341328 Vg=0.00032357311 norm=1.00000000
progress grid N=2 step 20250/50266 40.3% t=202.50000 eta_s=1800.0 P=0.11249462 dP=-0.88716427 r12=8.14281030 Vg=0.00029535823 norm=1.00000000
progress grid N=2 step 20500/50266 40.8% t=205.00000 eta_s=1785.3 P=0.10875041 dP=-0.89090848 r12=8.11923224 Vg=0.00030379769 norm=1.00000000
progress grid N=2 step 20750/50266 41.3% t=207.50000 eta_s=1770.6 P=0.10902864 dP=-0.89063025 r12=8.11758936 Vg=0.00031870962 norm=1.00000000
progress grid N=2 step 21000/50266 41.8% t=210.00000 eta_s=1755.8 P=0.10735116 dP=-0.89230773 r12=8.13966510 Vg=0.00029697647 norm=1.00000000
progress grid N=2 step 21250/50266 42.3% t=212.50000 eta_s=1740.1 P=0.09951996 dP=-0.90013893 r12=8.13959184 Vg=0.00026697014 norm=1.00000000
progress grid N=2 step 21500/50266 42.8% t=215.00000 eta_s=1725.4 P=0.09531855 dP=-0.90434034 r12=8.11585778 Vg=0.00027299687 norm=1.00000000
progress grid N=2 step 21750/50266 43.3% t=217.50000 eta_s=1710.6 P=0.09497565 dP=-0.90468324 r12=8.11594606 Vg=0.00028605535 norm=1.00000000
progress grid N=2 step 22000/50266 43.8% t=220.00000 eta_s=1695.8 P=0.09100986 dP=-0.90864903 r12=8.13973061 Vg=0.00025787702 norm=1.00000000
progress grid N=2 step 22250/50266 44.3% t=222.50000 eta_s=1681.1 P=0.08253149 dP=-0.91712740 r12=8.11854821 Vg=0.00025121027 norm=1.00000000
progress grid N=2 step 22500/50266 44.8% t=225.00000 eta_s=1666.3 P=0.08237342 dP=-0.91728547 r12=8.11182374 Vg=0.00026510749 norm=1.00000000
progress grid N=2 step 22750/50266 45.3% t=227.50000 eta_s=1650.5 P=0.07643875 dP=-0.92322014 r12=8.13538423 Vg=0.00024186605 norm=1.00000000
progress grid N=2 step 23000/50266 45.8% t=230.00000 eta_s=1635.5 P=0.06874770 dP=-0.93091119 r12=8.10976245 Vg=0.00024515958 norm=1.00000000
progress grid N=2 step 23250/50266 46.3% t=232.50000 eta_s=1619.9 P=0.06725725 dP=-0.93240164 r12=8.12118950 Vg=0.00024487857 norm=1.00000000
progress grid N=2 step 23500/50266 46.8% t=235.00000 eta_s=1604.7 P=0.05602630 dP=-0.94363259 r12=8.12276107 Vg=0.00023027245 norm=1.00000000
progress grid N=2 step 23750/50266 47.2% t=237.50000 eta_s=1589.9 P=0.05352276 dP=-0.94613613 r12=8.10783003 Vg=0.0002402341 norm=1.00000000
progress grid N=2 step 24000/50266 47.7% t=240.00000 eta_s=1575.1 P=0.04135002 dP=-0.95830887 r12=8.12841403 Vg=0.00022278646 norm=1.00000000
progress grid N=2 step 24250/50266 48.2% t=242.50000 eta_s=1560.2 P=0.03725269 dP=-0.96240620 r12=8.10342253 Vg=0.00023311166 norm=1.00000000
progress grid N=2 step 24500/50266 48.7% t=245.00000 eta_s=1545.4 P=0.02297699 dP=-0.97668190 r12=8.12637990 Vg=0.00021984028 norm=1.00000000
progress grid N=2 step 24750/50266 49.2% t=247.50000 eta_s=1530.6 P=0.01893527 dP=-0.98072363 r12=8.10782687 Vg=0.00022574195 norm=1.00000000
progress grid N=2 step 25000/50266 49.7% t=250.00000 eta_s=1515.8 P=0.00191754 dP=-0.99774135 r12=8.11645204 Vg=0.00022168798 norm=1.00000000
progress grid N=2 step 25250/50266 50.2% t=252.50000 eta_s=1500.6 P=-0.00127580 dP=-1.00093469 r12=8.11925500 Vg=0.0002203827 norm=1.00000000
progress grid N=2 step 25500/50266 50.7% t=255.00000 eta_s=1485.4 P=-0.01882236 dP=-1.01848125 r12=8.10535885 Vg=0.00022683301 norm=1.00000000
progress grid N=2 step 25750/50266 51.2% t=257.50000 eta_s=1470.5 P=-0.02199495 dP=-1.02165384 r12=8.12868428 Vg=0.00021881225 norm=1.00000000
progress grid N=2 step 26000/50266 51.7% t=260.00000 eta_s=1455.3 P=-0.03731715 dP=-1.03697605 r12=8.10050009 Vg=0.00023385371 norm=1.00000000
progress grid N=2 step 26250/50266 52.2% t=262.50000 eta_s=1440.0 P=-0.04054236 dP=-1.04020125 r12=8.13300458 Vg=0.00022058523 norm=1.00000000
progress grid N=2 step 26500/50266 52.7% t=265.00000 eta_s=1425.1 P=-0.05340295 dP=-1.05306184 r12=8.10266932 Vg=0.00024141555 norm=1.00000000
progress grid N=2 step 26750/50266 53.2% t=267.50000 eta_s=1410.0 P=-0.05563690 dP=-1.05529579 r12=8.13087096 Vg=0.00022675458 norm=1.00000000
progress grid N=2 step 27000/50266 53.7% t=270.00000 eta_s=1395.0 P=-0.06679656 dP=-1.06645545 r12=8.11394206 Vg=0.00024769448 norm=1.00000000
progress grid N=2 step 27250/50266 54.2% t=272.50000 eta_s=1379.5 P=-0.06881212 dP=-1.06847101 r12=8.12030997 Vg=0.00024222439 norm=1.00000000
progress grid N=2 step 27500/50266 54.7% t=275.00000 eta_s=1364.0 P=-0.07579706 dP=-1.07545595 r12=8.12919558 Vg=0.0002454261 norm=1.00000000
progress grid N=2 step 27750/50266 55.2% t=277.50000 eta_s=1348.9 P=-0.08247131 dP=-1.08213020 r12=8.11864930 Vg=0.00026571599 norm=1.00000000
progress grid N=2 step 28000/50266 55.7% t=280.00000 eta_s=1333.8 P=-0.08233636 dP=-1.08199525 r12=8.11958429 Vg=0.00025088595 norm=1.00000000
progress grid N=2 step 28250/50266 56.2% t=282.50000 eta_s=1318.9 P=-0.09065567 dP=-1.09031456 r12=8.14375523 Vg=0.00025974461 norm=1.00000000
progress grid N=2 step 28500/50266 56.7% t=285.00000 eta_s=1304.0 P=-0.09474911 dP=-1.09440800 r12=8.11305218 Vg=0.00029022294 norm=1.00000000
progress grid N=2 step 28750/50266 57.2% t=287.50000 eta_s=1289.1 P=-0.09541468 dP=-1.09507357 r12=8.13016881 Vg=0.00027150124 norm=1.00000000
progress grid N=2 step 29000/50266 57.7% t=290.00000 eta_s=1274.2 P=-0.09927726 dP=-1.09893615 r12=8.13718139 Vg=0.00027353035 norm=1.00000000
progress grid N=2 step 29250/50266 58.2% t=292.50000 eta_s=1259.4 P=-0.10703101 dP=-1.10668990 r12=8.14548870 Vg=0.00030557595 norm=1.00000000
progress grid N=2 step 29500/50266 58.7% t=295.00000 eta_s=1244.1 P=-0.10890618 dP=-1.10856507 r12=8.11714054 Vg=0.00032532793 norm=1.00000000
progress grid N=2 step 29750/50266 59.2% t=297.50000 eta_s=1229.1 P=-0.10880875 dP=-1.10846764 r12=8.13786196 Vg=0.00030470831 norm=1.00000000
progress grid N=2 step 30000/50266 59.7% t=300.00000 eta_s=1214.2 P=-0.11252114 dP=-1.11218004 r12=8.14531663 Vg=0.00030394998 norm=1.00000000
progress grid N=2 step 30250/50266 60.2% t=302.50000 eta_s=1199.3 P=-0.11935120 dP=-1.11901009 r12=8.16071649 Vg=0.00033840024 norm=1.00000000
progress grid N=2 step 30500/50266 60.7% t=305.00000 eta_s=1184.4 P=-0.12530187 dP=-1.12496076 r12=8.14215782 Vg=0.00037750623 norm=1.00000000
progress grid N=2 step 30750/50266 61.2% t=307.50000 eta_s=1169.5 P=-0.12567942 dP=-1.12533831 r12=8.13738673 Vg=0.00038752566 norm=1.00000000
progress grid N=2 step 31000/50266 61.7% t=310.00000 eta_s=1154.6 P=-0.12665528 dP=-1.12631417 r12=8.14643642 Vg=0.00036816161 norm=1.00000000
progress grid N=2 step 31250/50266 62.2% t=312.50000 eta_s=1139.6 P=-0.12865563 dP=-1.12831452 r12=8.15959032 Vg=0.00036602438 norm=1.00000000
progress grid N=2 step 31500/50266 62.7% t=315.00000 eta_s=1124.7 P=-0.13628623 dP=-1.13594512 r12=8.18427667 Vg=0.00039090983 norm=1.00000000
progress grid N=2 step 31750/50266 63.2% t=317.50000 eta_s=1109.5 P=-0.14366526 dP=-1.14332416 r12=8.17450526 Vg=0.00044642097 norm=1.00000000
progress grid N=2 step 32000/50266 63.7% t=320.00000 eta_s=1094.6 P=-0.15010449 dP=-1.14976339 r12=8.17964545 Vg=0.00049164327 norm=1.00000000
progress grid N=2 step 32250/50266 64.2% t=322.50000 eta_s=1079.7 P=-0.15330862 dP=-1.15296751 r12=8.16242951 Vg=0.00051410688 norm=1.00000000
progress grid N=2 step 32500/50266 64.7% t=325.00000 eta_s=1064.8 P=-0.15438938 dP=-1.15404827 r12=8.17341068 Vg=0.00051618939 norm=1.00000000
progress grid N=2 step 32750/50266 65.2% t=327.50000 eta_s=1049.9 P=-0.15724617 dP=-1.15690506 r12=8.18513499 Vg=0.00050672713 norm=1.00000000
progress grid N=2 step 33000/50266 65.7% t=330.00000 eta_s=1035.0 P=-0.16145912 dP=-1.16111801 r12=8.20189325 Vg=0.00052084921 norm=1.00000000
progress grid N=2 step 33250/50266 66.1% t=332.50000 eta_s=1020.1 P=-0.17017315 dP=-1.16983204 r12=8.23090434 Vg=0.00055334509 norm=1.00000000
progress grid N=2 step 33500/50266 66.6% t=335.00000 eta_s=1005.1 P=-0.18046474 dP=-1.18012363 r12=8.23510039 Vg=0.00061807116 norm=1.00000000
progress grid N=2 step 33750/50266 67.1% t=337.50000 eta_s=990.2 P=-0.19192755 dP=-1.19158644 r12=8.25274710 Vg=0.00069523936 norm=1.00000000
progress grid N=2 step 34000/50266 67.6% t=340.00000 eta_s=975.0 P=-0.20321073 dP=-1.20286962 r12=8.24944024 Vg=0.00076595432 norm=1.00000000
progress grid N=2 step 34250/50266 68.1% t=342.50000 eta_s=960.1 P=-0.21249072 dP=-1.21214961 r12=8.25273206 Vg=0.00083997907 norm=1.00000000
progress grid N=2 step 34500/50266 68.6% t=345.00000 eta_s=945.2 P=-0.22155259 dP=-1.22121148 r12=8.26050591 Vg=0.00088733354 norm=1.00000000
progress grid N=2 step 34750/50266 69.1% t=347.50000 eta_s=930.3 P=-0.22935676 dP=-1.22901565 r12=8.26425161 Vg=0.00093423249 norm=1.00000000
progress grid N=2 step 35000/50266 69.6% t=350.00000 eta_s=915.4 P=-0.23823938 dP=-1.23789827 r12=8.28959622 Vg=0.00097647068 norm=1.00000000
progress grid N=2 step 35250/50266 70.1% t=352.50000 eta_s=900.4 P=-0.24912962 dP=-1.24878851 r12=8.30644436 Vg=0.001015068 norm=1.00000000
progress grid N=2 step 35500/50266 70.6% t=355.00000 eta_s=885.5 P=-0.26210678 dP=-1.26176567 r12=8.33704194 Vg=0.0010804349 norm=1.00000000
progress grid N=2 step 35750/50266 71.1% t=357.50000 eta_s=870.5 P=-0.27920023 dP=-1.27885912 r12=8.36878688 Vg=0.0011421399 norm=1.00000000
progress grid N=2 step 36000/50266 71.6% t=360.00000 eta_s=855.5 P=-0.29925050 dP=-1.29890939 r12=8.39299590 Vg=0.0012330772 norm=1.00000000
progress grid N=2 step 36250/50266 72.1% t=362.50000 eta_s=840.3 P=-0.32274807 dP=-1.32240696 r12=8.42556451 Vg=0.0013289514 norm=1.00000000
progress grid N=2 step 36500/50266 72.6% t=365.00000 eta_s=825.3 P=-0.34956826 dP=-1.34922716 r12=8.44478465 Vg=0.0014186824 norm=1.00000000
progress grid N=2 step 36750/50266 73.1% t=367.50000 eta_s=810.4 P=-0.37834979 dP=-1.37800868 r12=8.46326783 Vg=0.0015272795 norm=1.00000000
progress grid N=2 step 37000/50266 73.6% t=370.00000 eta_s=795.4 P=-0.40934902 dP=-1.40900791 r12=8.47839091 Vg=0.0015946541 norm=1.00000000
progress grid N=2 step 37250/50266 74.1% t=372.50000 eta_s=780.5 P=-0.44160312 dP=-1.44126201 r12=8.48447212 Vg=0.0016679857 norm=1.00000000
progress grid N=2 step 37500/50266 74.6% t=375.00000 eta_s=765.5 P=-0.47435886 dP=-1.47401775 r12=8.49014924 Vg=0.001712058 norm=1.00000000
progress grid N=2 step 37750/50266 75.1% t=377.50000 eta_s=750.6 P=-0.50760906 dP=-1.50726795 r12=8.49222111 Vg=0.0017199883 norm=1.00000000
progress grid N=2 step 38000/50266 75.6% t=380.00000 eta_s=735.6 P=-0.54052526 dP=-1.54018415 r12=8.48992228 Vg=0.0017309148 norm=1.00000000
progress grid N=2 step 38250/50266 76.1% t=382.50000 eta_s=720.6 P=-0.57253963 dP=-1.57219852 r12=8.48696483 Vg=0.001686644 norm=1.00000000
progress grid N=2 step 38500/50266 76.6% t=385.00000 eta_s=705.5 P=-0.60377291 dP=-1.60343180 r12=8.48448753 Vg=0.0016429709 norm=1.00000000
progress grid N=2 step 38750/50266 77.1% t=387.50000 eta_s=690.6 P=-0.63303513 dP=-1.63269403 r12=8.47447536 Vg=0.0015731312 norm=1.00000000
progress grid N=2 step 39000/50266 77.6% t=390.00000 eta_s=675.6 P=-0.66030634 dP=-1.65996523 r12=8.47008159 Vg=0.0014801002 norm=1.00000000
progress grid N=2 step 39250/50266 78.1% t=392.50000 eta_s=660.6 P=-0.68533377 dP=-1.68499266 r12=8.45978684 Vg=0.0013991 norm=1.00000000
progress grid N=2 step 39500/50266 78.6% t=395.00000 eta_s=645.7 P=-0.70693921 dP=-1.70659810 r12=8.44562524 Vg=0.0012960766 norm=1.00000000
progress grid N=2 step 39750/50266 79.1% t=397.50000 eta_s=630.7 P=-0.72604980 dP=-1.72570869 r12=8.43925945 Vg=0.0012184099 norm=1.00000000
progress grid N=2 step 40000/50266 79.6% t=400.00000 eta_s=615.8 P=-0.74169827 dP=-1.74135716 r12=8.41907716 Vg=0.0011441149 norm=1.00000000
progress grid N=2 step 40250/50266 80.1% t=402.50000 eta_s=600.8 P=-0.75454832 dP=-1.75420721 r12=8.41046276 Vg=0.0010819365 norm=1.00000000
progress grid N=2 step 40500/50266 80.6% t=405.00000 eta_s=585.7 P=-0.76554376 dP=-1.76520265 r12=8.39706277 Vg=0.0010400195 norm=1.00000000
progress grid N=2 step 40750/50266 81.1% t=407.50000 eta_s=570.6 P=-0.77457426 dP=-1.77423315 r12=8.38241516 Vg=0.00098942781 norm=1.00000000
progress grid N=2 step 41000/50266 81.6% t=410.00000 eta_s=555.5 P=-0.78373708 dP=-1.78339597 r12=8.38128302 Vg=0.00094991612 norm=1.00000000
progress grid N=2 step 41250/50266 82.1% t=412.50000 eta_s=540.6 P=-0.79289356 dP=-1.79255245 r12=8.36685789 Vg=0.00089422846 norm=1.00000000
progress grid N=2 step 41500/50266 82.6% t=415.00000 eta_s=525.5 P=-0.80295481 dP=-1.80261370 r12=8.37131074 Vg=0.00082980908 norm=1.00000000
progress grid N=2 step 41750/50266 83.1% t=417.50000 eta_s=510.6 P=-0.81381090 dP=-1.81346979 r12=8.36502263 Vg=0.00076030429 norm=1.00000000
progress grid N=2 step 42000/50266 83.6% t=420.00000 eta_s=495.6 P=-0.82413365 dP=-1.82379254 r12=8.36173601 Vg=0.00068260288 norm=1.00000000
progress grid N=2 step 42250/50266 84.1% t=422.50000 eta_s=480.6 P=-0.83347451 dP=-1.83313340 r12=8.36312227 Vg=0.00062219016 norm=1.00000000
progress grid N=2 step 42500/50266 84.6% t=425.00000 eta_s=465.7 P=-0.84008285 dP=-1.83974174 r12=8.34694617 Vg=0.00057798289 norm=1.00000000
progress grid N=2 step 42750/50266 85.0% t=427.50000 eta_s=450.6 P=-0.84416241 dP=-1.84382130 r12=8.34955208 Vg=0.00055945819 norm=1.00000000
progress grid N=2 step 43000/50266 85.5% t=430.00000 eta_s=435.6 P=-0.84653436 dP=-1.84619325 r12=8.33473025 Vg=0.00055514721 norm=1.00000000
progress grid N=2 step 43250/50266 86.0% t=432.50000 eta_s=420.6 P=-0.84893484 dP=-1.84859373 r12=8.33724731 Vg=0.00054576577 norm=1.00000000
progress grid N=2 step 43500/50266 86.5% t=435.00000 eta_s=405.6 P=-0.85339584 dP=-1.85305473 r12=8.33719105 Vg=0.00052200162 norm=1.00000000
progress grid N=2 step 43750/50266 87.0% t=437.50000 eta_s=390.6 P=-0.85995123 dP=-1.85961012 r12=8.33681318 Vg=0.00047695365 norm=1.00000000
progress grid N=2 step 44000/50266 87.5% t=440.00000 eta_s=375.7 P=-0.86714050 dP=-1.86679939 r12=8.34296415 Vg=0.00043255966 norm=1.00000000
progress grid N=2 step 44250/50266 88.0% t=442.50000 eta_s=360.7 P=-0.87222849 dP=-1.87188738 r12=8.32811270 Vg=0.00040885382 norm=1.00000000
progress grid N=2 step 44500/50266 88.5% t=445.00000 eta_s=345.7 P=-0.87393750 dP=-1.87359639 r12=8.33096817 Vg=0.00041158059 norm=1.00000000
progress grid N=2 step 44750/50266 89.0% t=447.50000 eta_s=330.7 P=-0.87462984 dP=-1.87428874 r12=8.31813337 Vg=0.00042330022 norm=1.00000000
progress grid N=2 step 45000/50266 89.5% t=450.00000 eta_s=315.7 P=-0.87741521 dP=-1.87707410 r12=8.32922968 Vg=0.00041137447 norm=1.00000000
progress grid N=2 step 45250/50266 90.0% t=452.50000 eta_s=300.7 P=-0.88369570 dP=-1.88335459 r12=8.32733999 Vg=0.00037943247 norm=1.00000000
progress grid N=2 step 45500/50266 90.5% t=455.00000 eta_s=285.7 P=-0.88936341 dP=-1.88902230 r12=8.32791404 Vg=0.00035449268 norm=1.00000000
progress grid N=2 step 45750/50266 91.0% t=457.50000 eta_s=270.8 P=-0.89125800 dP=-1.89091689 r12=8.31878607 Vg=0.00036139125 norm=1.00000000
progress grid N=2 step 46000/50266 91.5% t=460.00000 eta_s=255.8 P=-0.89166244 dP=-1.89132134 r12=8.31539685 Vg=0.00037350694 norm=1.00000000
progress grid N=2 step 46250/50266 92.0% t=462.50000 eta_s=240.8 P=-0.89626003 dP=-1.89591892 r12=8.32511463 Vg=0.00035444773 norm=1.00000000
progress grid N=2 step 46500/50266 92.5% t=465.00000 eta_s=225.8 P=-0.90287963 dP=-1.90253852 r12=8.32054189 Vg=0.0003307733 norm=1.00000000
progress grid N=2 step 46750/50266 93.0% t=467.50000 eta_s=210.8 P=-0.90502135 dP=-1.90468024 r12=8.31689967 Vg=0.00033714797 norm=1.00000000
progress grid N=2 step 47000/50266 93.5% t=470.00000 eta_s=195.8 P=-0.90634127 dP=-1.90600017 r12=8.31155901 Vg=0.00034384933 norm=1.00000000
progress grid N=2 step 47250/50266 94.0% t=472.50000 eta_s=180.8 P=-0.91342078 dP=-1.91307967 r12=8.32518536 Vg=0.00031862883 norm=1.00000000
progress grid N=2 step 47500/50266 94.5% t=475.00000 eta_s=165.8 P=-0.91801304 dP=-1.91767193 r12=8.30912653 Vg=0.00031916294 norm=1.00000000
progress grid N=2 step 47750/50266 95.0% t=477.50000 eta_s=150.8 P=-0.91948867 dP=-1.91914756 r12=8.31464436 Vg=0.00032490909 norm=1.00000000
progress grid N=2 step 48000/50266 95.5% t=480.00000 eta_s=135.8 P=-0.92810548 dP=-1.92776437 r12=8.31743912 Vg=0.00030486543 norm=1.00000000
progress grid N=2 step 48250/50266 96.0% t=482.50000 eta_s=120.8 P=-0.93169977 dP=-1.93135867 r12=8.30845664 Vg=0.00031191303 norm=1.00000000
progress grid N=2 step 48500/50266 96.5% t=485.00000 eta_s=105.8 P=-0.93759768 dP=-1.93725657 r12=8.31643469 Vg=0.00030254834 norm=1.00000000
progress grid N=2 step 48750/50266 97.0% t=487.50000 eta_s=90.9 P=-0.94624357 dP=-1.94590246 r12=8.30847019 Vg=0.00029951946 norm=1.00000000
progress grid N=2 step 49000/50266 97.5% t=490.00000 eta_s=75.9 P=-0.95057764 dP=-1.95023654 r12=8.31379789 Vg=0.00029730518 norm=1.00000000
progress grid N=2 step 49250/50266 98.0% t=492.50000 eta_s=60.9 P=-0.96246209 dP=-1.96212098 r12=8.30723854 Vg=0.00029321161 norm=1.00000000
progress grid N=2 step 49500/50266 98.5% t=495.00000 eta_s=45.9 P=-0.96730745 dP=-1.96696634 r12=8.31368630 Vg=0.00029025329 norm=1.00000000
progress grid N=2 step 49750/50266 99.0% t=497.50000 eta_s=30.9 P=-0.98081758 dP=-1.98047647 r12=8.30428661 Vg=0.00029065945 norm=1.00000000
progress grid N=2 step 50000/50266 99.5% t=500.00000 eta_s=15.9 P=-0.98764480 dP=-1.98730369 r12=8.31710255 Vg=0.00028477727 norm=1.00000000
progress grid N=2 step 50250/50266 100.0% t=502.50000 eta_s=1.0 P=-1.00002894 dP=-1.99968783 r12=8.29913430 Vg=0.00029014478 norm=1.00000000
progress grid N=2 step 50266/50266 100.0% t=502.65482 eta_s=0.0 P=-1.00000810 dP=-1.99966699 r12=8.29756882 Vg=0.0002905183 norm=1.00000000
[write] out/vs3_n2_dt0p01_T160pi_K32_sweep/grid_ref/gauss_sigma3p000/g1024_dt0p01_T160pi/n2_grid_reference_vs3_gauss_sigma3p000_g1024_dt0p01_T160pi.npz (2012 samples, grid=1024)
[write] out/vs3_n2_dt0p01_T160pi_K32_sweep/grid_ref/gauss_sigma3p000/g1024_dt0p01_T160pi/n2_grid_reference_vs3_gauss_sigma3p000_g1024_dt0p01_T160pi.csv
end_time=2026-07-09T16:24:40+08:00
