job_id=605651
array_job_id=605469
array_task_id=5
job_name=vs3n2gk32
partition=epyc
node_list=doom
submit_dir=/home/gyqyan/zexuan/ecg1d_code/1D_thouless_pumping
workdir=/home/gyqyan/zexuan/ecg1d_code/1D_thouless_pumping
cpus_per_task=32
mem_per_node=16384
start_time=2026-07-09T14:37:44+08:00
case=gauss_sigma1p500
g_over_er=0.3
sigma=1.5
out_dir=out/vs3_n2_dt0p01_T160pi_K32_sweep/grid_ref/gauss_sigma1p500/g1024_dt0p01_T160pi
[config] grid=1024 dt=0.01 tmax=502.6548245743669 Vs/Er=3.0 Vl/Er=3.0 g/Er=0.3 fft_backend=scipy.fft fft_workers=32
progress grid N=2 step 250/50266 0.5% t=2.50000 eta_s=3289.8 P=0.98917230 dP=-0.01048660 r12=8.04593290 Vg=1.2589316e-06 norm=1.00000000
progress grid N=2 step 500/50266 1.0% t=5.00000 eta_s=3286.6 P=0.98032148 dP=-0.01933741 r12=8.04729481 Vg=1.1645428e-06 norm=1.00000000
progress grid N=2 step 750/50266 1.5% t=7.50000 eta_s=3296.6 P=0.96869714 dP=-0.03096175 r12=8.04952767 Vg=1.2938956e-06 norm=1.00000000
progress grid N=2 step 1000/50266 2.0% t=10.00000 eta_s=3309.7 P=0.96217183 dP=-0.03748706 r12=8.05216755 Vg=1.3379735e-06 norm=1.00000000
progress grid N=2 step 1250/50266 2.5% t=12.50000 eta_s=3321.8 P=0.95132400 dP=-0.04833489 r12=8.05520508 Vg=1.4510995e-06 norm=1.00000000
progress grid N=2 step 1500/50266 3.0% t=15.00000 eta_s=3309.6 P=0.94625380 dP=-0.05340509 r12=8.05504437 Vg=1.440704e-06 norm=1.00000000
progress grid N=2 step 1750/50266 3.5% t=17.50000 eta_s=3308.4 P=0.93796244 dP=-0.06169645 r12=8.05420521 Vg=1.3094188e-06 norm=1.00000000
progress grid N=2 step 2000/50266 4.0% t=20.00000 eta_s=3303.6 P=0.93215991 dP=-0.06749898 r12=8.05393575 Vg=1.2303874e-06 norm=1.00000000
progress grid N=2 step 2250/50266 4.5% t=22.50000 eta_s=3285.9 P=0.92781779 dP=-0.07184110 r12=8.05249973 Vg=1.2264588e-06 norm=1.00000000
progress grid N=2 step 2500/50266 5.0% t=25.00000 eta_s=3266.7 P=0.92067418 dP=-0.07898471 r12=8.05491785 Vg=1.3753735e-06 norm=1.00000000
progress grid N=2 step 2750/50266 5.5% t=27.50000 eta_s=3251.2 P=0.91687036 dP=-0.08278853 r12=8.05462437 Vg=1.4070316e-06 norm=1.00000000
progress grid N=2 step 3000/50266 6.0% t=30.00000 eta_s=3240.3 P=0.91472476 dP=-0.08493413 r12=8.05618795 Vg=1.5134967e-06 norm=1.00000000
progress grid N=2 step 3250/50266 6.5% t=32.50000 eta_s=3224.9 P=0.90597124 dP=-0.09368765 r12=8.06057735 Vg=1.212867e-06 norm=1.00000000
progress grid N=2 step 3500/50266 7.0% t=35.00000 eta_s=3209.3 P=0.90536720 dP=-0.09429169 r12=8.06224572 Vg=1.1090804e-06 norm=1.00000000
progress grid N=2 step 3750/50266 7.5% t=37.50000 eta_s=3185.7 P=0.90220916 dP=-0.09744973 r12=8.06300959 Vg=1.2296437e-06 norm=1.00000000
progress grid N=2 step 4000/50266 8.0% t=40.00000 eta_s=3170.7 P=0.89767461 dP=-0.10198428 r12=8.06690381 Vg=1.7120153e-06 norm=1.00000000
progress grid N=2 step 4250/50266 8.5% t=42.50000 eta_s=3154.1 P=0.89109333 dP=-0.10856556 r12=8.06910265 Vg=1.5682315e-06 norm=1.00000000
progress grid N=2 step 4500/50266 9.0% t=45.00000 eta_s=3134.4 P=0.89110358 dP=-0.10855531 r12=8.06800089 Vg=1.4338823e-06 norm=1.00000000
progress grid N=2 step 4750/50266 9.4% t=47.50000 eta_s=3111.5 P=0.88896562 dP=-0.11069327 r12=8.06708789 Vg=1.6053851e-06 norm=1.00000000
progress grid N=2 step 5000/50266 9.9% t=50.00000 eta_s=3094.5 P=0.88456600 dP=-0.11509289 r12=8.06963313 Vg=2.4822029e-06 norm=1.00000000
progress grid N=2 step 5250/50266 10.4% t=52.50000 eta_s=3081.7 P=0.87815353 dP=-0.12150536 r12=8.07468567 Vg=2.9405631e-06 norm=1.00000000
progress grid N=2 step 5500/50266 10.9% t=55.00000 eta_s=3062.7 P=0.87393486 dP=-0.12572403 r12=8.07727563 Vg=2.9964257e-06 norm=1.00000000
progress grid N=2 step 5750/50266 11.4% t=57.50000 eta_s=3045.1 P=0.87343190 dP=-0.12622699 r12=8.07899986 Vg=3.2429478e-06 norm=1.00000000
progress grid N=2 step 6000/50266 11.9% t=60.00000 eta_s=3032.4 P=0.87082353 dP=-0.12883536 r12=8.07905071 Vg=3.3367405e-06 norm=1.00000000
progress grid N=2 step 6250/50266 12.4% t=62.50000 eta_s=3014.3 P=0.86818153 dP=-0.13147736 r12=8.08430843 Vg=4.0910446e-06 norm=1.00000000
progress grid N=2 step 6500/50266 12.9% t=65.00000 eta_s=2997.1 P=0.86021446 dP=-0.13944443 r12=8.08938264 Vg=5.1382302e-06 norm=1.00000000
progress grid N=2 step 6750/50266 13.4% t=67.50000 eta_s=2980.8 P=0.85431899 dP=-0.14533990 r12=8.09657586 Vg=6.9924891e-06 norm=1.00000000
progress grid N=2 step 7000/50266 13.9% t=70.00000 eta_s=2966.7 P=0.84805822 dP=-0.15160068 r12=8.10060502 Vg=7.6774342e-06 norm=1.00000000
progress grid N=2 step 7250/50266 14.4% t=72.50000 eta_s=2949.9 P=0.84476762 dP=-0.15489127 r12=8.10310894 Vg=7.9446441e-06 norm=1.00000000
progress grid N=2 step 7500/50266 14.9% t=75.00000 eta_s=2931.6 P=0.84236199 dP=-0.15729690 r12=8.10555179 Vg=8.4131628e-06 norm=1.00000000
progress grid N=2 step 7750/50266 15.4% t=77.50000 eta_s=2914.9 P=0.83790059 dP=-0.16175830 r12=8.10701094 Vg=9.013266e-06 norm=1.00000000
progress grid N=2 step 8000/50266 15.9% t=80.00000 eta_s=2896.9 P=0.83339849 dP=-0.16626040 r12=8.11430339 Vg=1.0161791e-05 norm=1.00000000
progress grid N=2 step 8250/50266 16.4% t=82.50000 eta_s=2880.7 P=0.82403688 dP=-0.17562201 r12=8.12050005 Vg=1.1908695e-05 norm=1.00000000
progress grid N=2 step 8500/50266 16.9% t=85.00000 eta_s=2865.3 P=0.81474757 dP=-0.18491132 r12=8.13185444 Vg=1.4472574e-05 norm=1.00000000
progress grid N=2 step 8750/50266 17.4% t=87.50000 eta_s=2847.6 P=0.80351438 dP=-0.19614451 r12=8.14223339 Vg=1.6687858e-05 norm=1.00000000
progress grid N=2 step 9000/50266 17.9% t=90.00000 eta_s=2831.6 P=0.79213322 dP=-0.20752568 r12=8.15198571 Vg=1.8663071e-05 norm=1.00000000
progress grid N=2 step 9250/50266 18.4% t=92.50000 eta_s=2814.4 P=0.78233531 dP=-0.21732358 r12=8.16343580 Vg=2.0603728e-05 norm=1.00000000
progress grid N=2 step 9500/50266 18.9% t=95.00000 eta_s=2799.0 P=0.77128374 dP=-0.22837516 r12=8.17021798 Vg=2.0992793e-05 norm=1.00000000
progress grid N=2 step 9750/50266 19.4% t=97.50000 eta_s=2782.7 P=0.76196414 dP=-0.23769475 r12=8.18131547 Vg=2.2124908e-05 norm=1.00000000
progress grid N=2 step 10000/50266 19.9% t=100.00000 eta_s=2767.0 P=0.75057586 dP=-0.24908303 r12=8.18924931 Vg=2.3958142e-05 norm=1.00000000
progress grid N=2 step 10250/50266 20.4% t=102.50000 eta_s=2748.4 P=0.73795834 dP=-0.26170055 r12=8.19968152 Vg=2.5041635e-05 norm=1.00000000
progress grid N=2 step 10500/50266 20.9% t=105.00000 eta_s=2730.5 P=0.72374900 dP=-0.27590989 r12=8.21320309 Vg=2.8528933e-05 norm=1.00000000
progress grid N=2 step 10750/50266 21.4% t=107.50000 eta_s=2709.4 P=0.70537156 dP=-0.29428733 r12=8.22383714 Vg=3.1375483e-05 norm=1.00000000
progress grid N=2 step 11000/50266 21.9% t=110.00000 eta_s=2690.7 P=0.68543645 dP=-0.31422244 r12=8.24102104 Vg=3.5411578e-05 norm=1.00000000
progress grid N=2 step 11250/50266 22.4% t=112.50000 eta_s=2669.4 P=0.66166926 dP=-0.33798963 r12=8.25427081 Vg=3.9501912e-05 norm=1.00000000
progress grid N=2 step 11500/50266 22.9% t=115.00000 eta_s=2652.0 P=0.63499421 dP=-0.36466468 r12=8.26826568 Vg=4.2708895e-05 norm=1.00000000
progress grid N=2 step 11750/50266 23.4% t=117.50000 eta_s=2635.2 P=0.60668738 dP=-0.39297151 r12=8.28346235 Vg=4.7387902e-05 norm=1.00000000
progress grid N=2 step 12000/50266 23.9% t=120.00000 eta_s=2616.5 P=0.57547014 dP=-0.42418875 r12=8.29118907 Vg=4.8960328e-05 norm=1.00000000
progress grid N=2 step 12250/50266 24.4% t=122.50000 eta_s=2600.8 P=0.54325142 dP=-0.45640747 r12=8.30132686 Vg=5.2844868e-05 norm=1.00000000
progress grid N=2 step 12500/50266 24.9% t=125.00000 eta_s=2583.7 P=0.51035301 dP=-0.48930588 r12=8.30488940 Vg=5.5289054e-05 norm=1.00000000
progress grid N=2 step 12750/50266 25.4% t=127.50000 eta_s=2567.2 P=0.47657428 dP=-0.52308461 r12=8.30441717 Vg=5.7575254e-05 norm=1.00000000
progress grid N=2 step 13000/50266 25.9% t=130.00000 eta_s=2549.6 P=0.44356207 dP=-0.55609682 r12=8.30348754 Vg=6.2332664e-05 norm=1.00000000
progress grid N=2 step 13250/50266 26.4% t=132.50000 eta_s=2531.6 P=0.41167454 dP=-0.58798435 r12=8.29477177 Vg=6.3701788e-05 norm=1.00000000
progress grid N=2 step 13500/50266 26.9% t=135.00000 eta_s=2510.1 P=0.38062431 dP=-0.61903458 r12=8.28692082 Vg=6.7864754e-05 norm=1.00000000
progress grid N=2 step 13750/50266 27.4% t=137.50000 eta_s=2491.4 P=0.35263249 dP=-0.64702640 r12=8.27565712 Vg=6.9217121e-05 norm=1.00000000
progress grid N=2 step 14000/50266 27.9% t=140.00000 eta_s=2470.6 P=0.32688622 dP=-0.67277267 r12=8.26264505 Vg=7.0493837e-05 norm=1.00000000
progress grid N=2 step 14250/50266 28.3% t=142.50000 eta_s=2452.6 P=0.30386635 dP=-0.69579254 r12=8.25181214 Vg=7.2450425e-05 norm=1.00000000
progress grid N=2 step 14500/50266 28.8% t=145.00000 eta_s=2435.3 P=0.28518465 dP=-0.71447424 r12=8.23920018 Vg=7.3136707e-05 norm=1.00000000
progress grid N=2 step 14750/50266 29.3% t=147.50000 eta_s=2416.0 P=0.26835160 dP=-0.73130729 r12=8.22988583 Vg=7.8378994e-05 norm=1.00000000
progress grid N=2 step 15000/50266 29.8% t=150.00000 eta_s=2398.1 P=0.25541387 dP=-0.74424502 r12=8.22108940 Vg=8.2526916e-05 norm=1.00000000
progress grid N=2 step 15250/50266 30.3% t=152.50000 eta_s=2379.8 P=0.24432639 dP=-0.75533250 r12=8.21336398 Vg=8.8631456e-05 norm=1.00000000
progress grid N=2 step 15500/50266 30.8% t=155.00000 eta_s=2362.0 P=0.23396849 dP=-0.76569040 r12=8.20737468 Vg=9.4541408e-05 norm=1.00000000
progress grid N=2 step 15750/50266 31.3% t=157.50000 eta_s=2344.3 P=0.22522283 dP=-0.77443606 r12=8.20011577 Vg=9.7097731e-05 norm=1.00000000
progress grid N=2 step 16000/50266 31.8% t=160.00000 eta_s=2327.8 P=0.21432345 dP=-0.78533544 r12=8.19325087 Vg=9.9148935e-05 norm=1.00000000
progress grid N=2 step 16250/50266 32.3% t=162.50000 eta_s=2311.7 P=0.20409568 dP=-0.79556321 r12=8.18541779 Vg=9.945112e-05 norm=1.00000000
progress grid N=2 step 16500/50266 32.8% t=165.00000 eta_s=2294.7 P=0.19227592 dP=-0.80738297 r12=8.17653171 Vg=9.748886e-05 norm=1.00000000
progress grid N=2 step 16750/50266 33.3% t=167.50000 eta_s=2278.2 P=0.18056711 dP=-0.81909178 r12=8.16788354 Vg=9.4879829e-05 norm=1.00000000
progress grid N=2 step 17000/50266 33.8% t=170.00000 eta_s=2262.0 P=0.17143995 dP=-0.82821895 r12=8.16094078 Vg=9.1198027e-05 norm=1.00000000
progress grid N=2 step 17250/50266 34.3% t=172.50000 eta_s=2244.9 P=0.16298115 dP=-0.83667774 r12=8.15500427 Vg=8.8011925e-05 norm=1.00000000
progress grid N=2 step 17500/50266 34.8% t=175.00000 eta_s=2228.0 P=0.15942820 dP=-0.84023069 r12=8.15302336 Vg=8.7532493e-05 norm=1.00000000
progress grid N=2 step 17750/50266 35.3% t=177.50000 eta_s=2210.8 P=0.15639209 dP=-0.84326681 r12=8.15188917 Vg=8.8959567e-05 norm=1.00000000
progress grid N=2 step 18000/50266 35.8% t=180.00000 eta_s=2193.6 P=0.15430441 dP=-0.84535448 r12=8.15077950 Vg=8.8561188e-05 norm=1.00000000
progress grid N=2 step 18250/50266 36.3% t=182.50000 eta_s=2176.8 P=0.15041972 dP=-0.84923917 r12=8.14879584 Vg=8.7471978e-05 norm=1.00000000
progress grid N=2 step 18500/50266 36.8% t=185.00000 eta_s=2159.5 P=0.14327093 dP=-0.85638796 r12=8.14325009 Vg=8.5992714e-05 norm=1.00000000
progress grid N=2 step 18750/50266 37.3% t=187.50000 eta_s=2142.7 P=0.13631951 dP=-0.86333938 r12=8.13902851 Vg=8.0966501e-05 norm=1.00000000
progress grid N=2 step 19000/50266 37.8% t=190.00000 eta_s=2126.3 P=0.12921494 dP=-0.87044396 r12=8.13362287 Vg=7.5822494e-05 norm=1.00000000
progress grid N=2 step 19250/50266 38.3% t=192.50000 eta_s=2110.1 P=0.12754474 dP=-0.87211416 r12=8.13430077 Vg=7.3409212e-05 norm=1.00000000
progress grid N=2 step 19500/50266 38.8% t=195.00000 eta_s=2093.2 P=0.12658623 dP=-0.87307266 r12=8.13430601 Vg=7.2466728e-05 norm=1.00000000
progress grid N=2 step 19750/50266 39.3% t=197.50000 eta_s=2076.3 P=0.12526658 dP=-0.87439231 r12=8.13430830 Vg=7.3789536e-05 norm=1.00000000
progress grid N=2 step 20000/50266 39.8% t=200.00000 eta_s=2058.9 P=0.11949573 dP=-0.88016316 r12=8.13065907 Vg=7.4163555e-05 norm=1.00000000
progress grid N=2 step 20250/50266 40.3% t=202.50000 eta_s=2041.6 P=0.11259805 dP=-0.88706084 r12=8.12617057 Vg=7.2059618e-05 norm=1.00000000
progress grid N=2 step 20500/50266 40.8% t=205.00000 eta_s=2024.5 P=0.10959630 dP=-0.89006259 r12=8.12589631 Vg=6.8955677e-05 norm=1.00000000
progress grid N=2 step 20750/50266 41.3% t=207.50000 eta_s=2008.6 P=0.10920868 dP=-0.89045021 r12=8.12571857 Vg=6.8700385e-05 norm=1.00000000
progress grid N=2 step 21000/50266 41.8% t=210.00000 eta_s=1991.7 P=0.10729918 dP=-0.89235971 r12=8.12628392 Vg=7.0453466e-05 norm=1.00000000
progress grid N=2 step 21250/50266 42.3% t=212.50000 eta_s=1974.6 P=0.09955966 dP=-0.90009923 r12=8.12077150 Vg=7.1616795e-05 norm=1.00000000
progress grid N=2 step 21500/50266 42.8% t=215.00000 eta_s=1957.6 P=0.09587594 dP=-0.90378295 r12=8.12125423 Vg=7.082794e-05 norm=1.00000000
progress grid N=2 step 21750/50266 43.3% t=217.50000 eta_s=1940.2 P=0.09509503 dP=-0.90456386 r12=8.12038039 Vg=7.0388463e-05 norm=1.00000000
progress grid N=2 step 22000/50266 43.8% t=220.00000 eta_s=1922.2 P=0.09105213 dP=-0.90860676 r12=8.12043269 Vg=7.2346557e-05 norm=1.00000000
progress grid N=2 step 22250/50266 44.3% t=222.50000 eta_s=1904.0 P=0.08281533 dP=-0.91684356 r12=8.11587050 Vg=7.2996124e-05 norm=1.00000000
progress grid N=2 step 22500/50266 44.8% t=225.00000 eta_s=1886.4 P=0.08272075 dP=-0.91693814 r12=8.11865075 Vg=7.2378678e-05 norm=1.00000000
progress grid N=2 step 22750/50266 45.3% t=227.50000 eta_s=1870.1 P=0.07643100 dP=-0.92322789 r12=8.11523009 Vg=7.4126418e-05 norm=1.00000000
progress grid N=2 step 23000/50266 45.8% t=230.00000 eta_s=1852.5 P=0.06921602 dP=-0.93044287 r12=8.11540068 Vg=7.5372369e-05 norm=1.00000000
progress grid N=2 step 23250/50266 46.3% t=232.50000 eta_s=1835.2 P=0.06719658 dP=-0.93246231 r12=8.11430593 Vg=7.4293228e-05 norm=1.00000000
progress grid N=2 step 23500/50266 46.8% t=235.00000 eta_s=1818.5 P=0.05649457 dP=-0.94316432 r12=8.11326650 Vg=7.5967903e-05 norm=1.00000000
progress grid N=2 step 23750/50266 47.2% t=237.50000 eta_s=1801.6 P=0.05355117 dP=-0.94610772 r12=8.11299439 Vg=7.5133151e-05 norm=1.00000000
progress grid N=2 step 24000/50266 47.7% t=240.00000 eta_s=1784.7 P=0.04176141 dP=-0.95789748 r12=8.11144768 Vg=7.6648506e-05 norm=1.00000000
progress grid N=2 step 24250/50266 48.2% t=242.50000 eta_s=1767.9 P=0.03745596 dP=-0.96220293 r12=8.11183371 Vg=7.6393238e-05 norm=1.00000000
progress grid N=2 step 24500/50266 48.7% t=245.00000 eta_s=1750.1 P=0.02326232 dP=-0.97639657 r12=8.11058971 Vg=7.7948925e-05 norm=1.00000000
progress grid N=2 step 24750/50266 49.2% t=247.50000 eta_s=1733.6 P=0.01924545 dP=-0.98041344 r12=8.11040444 Vg=7.7427072e-05 norm=1.00000000
progress grid N=2 step 25000/50266 49.7% t=250.00000 eta_s=1715.8 P=0.00225161 dP=-0.99740728 r12=8.11093854 Vg=7.7674057e-05 norm=1.00000000
progress grid N=2 step 25250/50266 50.2% t=252.50000 eta_s=1698.4 P=-0.00103580 dP=-1.00069469 r12=8.10926468 Vg=7.8029177e-05 norm=1.00000000
progress grid N=2 step 25500/50266 50.7% t=255.00000 eta_s=1680.8 P=-0.01845899 dP=-1.01811788 r12=8.11174797 Vg=7.7008824e-05 norm=1.00000000
progress grid N=2 step 25750/50266 51.2% t=257.50000 eta_s=1662.8 P=-0.02165477 dP=-1.02131366 r12=8.10974226 Vg=7.7286949e-05 norm=1.00000000
progress grid N=2 step 26000/50266 51.7% t=260.00000 eta_s=1645.2 P=-0.03711014 dP=-1.03676903 r12=8.11224140 Vg=7.6471116e-05 norm=1.00000000
progress grid N=2 step 26250/50266 52.2% t=262.50000 eta_s=1627.5 P=-0.04004981 dP=-1.03970870 r12=8.11184978 Vg=7.612583e-05 norm=1.00000000
progress grid N=2 step 26500/50266 52.7% t=265.00000 eta_s=1609.9 P=-0.05321048 dP=-1.05286938 r12=8.11340477 Vg=7.5851036e-05 norm=1.00000000
progress grid N=2 step 26750/50266 53.2% t=267.50000 eta_s=1591.9 P=-0.05518197 dP=-1.05484086 r12=8.11408624 Vg=7.6095017e-05 norm=1.00000000
progress grid N=2 step 27000/50266 53.7% t=270.00000 eta_s=1574.2 P=-0.06647113 dP=-1.06613002 r12=8.11551942 Vg=7.555982e-05 norm=1.00000000
progress grid N=2 step 27250/50266 54.2% t=272.50000 eta_s=1556.1 P=-0.06849953 dP=-1.06815842 r12=8.11683965 Vg=7.6263648e-05 norm=1.00000000
progress grid N=2 step 27500/50266 54.7% t=275.00000 eta_s=1538.5 P=-0.07543645 dP=-1.07509535 r12=8.11651354 Vg=7.3825203e-05 norm=1.00000000
progress grid N=2 step 27750/50266 55.2% t=277.50000 eta_s=1521.2 P=-0.08206079 dP=-1.08171968 r12=8.12151556 Vg=7.2759615e-05 norm=1.00000000
progress grid N=2 step 28000/50266 55.7% t=280.00000 eta_s=1503.3 P=-0.08223575 dP=-1.08189464 r12=8.11736810 Vg=7.3184395e-05 norm=1.00000000
progress grid N=2 step 28250/50266 56.2% t=282.50000 eta_s=1486.4 P=-0.09002957 dP=-1.08968846 r12=8.12325602 Vg=7.1533693e-05 norm=1.00000000
progress grid N=2 step 28500/50266 56.7% t=285.00000 eta_s=1469.6 P=-0.09450105 dP=-1.09415994 r12=8.12444665 Vg=7.0184505e-05 norm=1.00000000
progress grid N=2 step 28750/50266 57.2% t=287.50000 eta_s=1453.2 P=-0.09530862 dP=-1.09496751 r12=8.12486614 Vg=7.0509563e-05 norm=1.00000000
progress grid N=2 step 29000/50266 57.7% t=290.00000 eta_s=1436.3 P=-0.09899483 dP=-1.09865372 r12=8.12412086 Vg=6.9555763e-05 norm=1.00000000
progress grid N=2 step 29250/50266 58.2% t=292.50000 eta_s=1419.4 P=-0.10611125 dP=-1.10577014 r12=8.13254493 Vg=6.792704e-05 norm=1.00000000
progress grid N=2 step 29500/50266 58.7% t=295.00000 eta_s=1402.7 P=-0.10903266 dP=-1.10869155 r12=8.13170773 Vg=6.6191056e-05 norm=1.00000000
progress grid N=2 step 29750/50266 59.2% t=297.50000 eta_s=1386.3 P=-0.10868758 dP=-1.10834647 r12=8.13296569 Vg=6.7460947e-05 norm=1.00000000
progress grid N=2 step 30000/50266 59.7% t=300.00000 eta_s=1369.6 P=-0.11249691 dP=-1.11215580 r12=8.13177305 Vg=6.8423971e-05 norm=1.00000000
progress grid N=2 step 30250/50266 60.2% t=302.50000 eta_s=1352.9 P=-0.11803226 dP=-1.11769115 r12=8.14052009 Vg=6.8190516e-05 norm=1.00000000
progress grid N=2 step 30500/50266 60.7% t=305.00000 eta_s=1335.8 P=-0.12499258 dP=-1.12465147 r12=8.14428940 Vg=6.6526703e-05 norm=1.00000000
progress grid N=2 step 30750/50266 61.2% t=307.50000 eta_s=1318.9 P=-0.12553672 dP=-1.12519561 r12=8.14727743 Vg=6.6260377e-05 norm=1.00000000
progress grid N=2 step 31000/50266 61.7% t=310.00000 eta_s=1302.1 P=-0.12732412 dP=-1.12698302 r12=8.14622236 Vg=6.7865396e-05 norm=1.00000000
progress grid N=2 step 31250/50266 62.2% t=312.50000 eta_s=1285.2 P=-0.12854638 dP=-1.12820527 r12=8.14681718 Vg=7.1152715e-05 norm=1.00000000
progress grid N=2 step 31500/50266 62.7% t=315.00000 eta_s=1268.1 P=-0.13536393 dP=-1.13502282 r12=8.15452806 Vg=7.4440556e-05 norm=1.00000000
progress grid N=2 step 31750/50266 63.2% t=317.50000 eta_s=1251.3 P=-0.14252534 dP=-1.14218424 r12=8.16057298 Vg=7.7448425e-05 norm=1.00000000
progress grid N=2 step 32000/50266 63.7% t=320.00000 eta_s=1234.4 P=-0.14891854 dP=-1.14857743 r12=8.17134779 Vg=7.8775627e-05 norm=1.00000000
progress grid N=2 step 32250/50266 64.2% t=322.50000 eta_s=1217.6 P=-0.15383691 dP=-1.15349580 r12=8.17288981 Vg=7.9006875e-05 norm=1.00000000
progress grid N=2 step 32500/50266 64.7% t=325.00000 eta_s=1200.6 P=-0.15521012 dP=-1.15486901 r12=8.17807982 Vg=8.0570923e-05 norm=1.00000000
progress grid N=2 step 32750/50266 65.2% t=327.50000 eta_s=1183.8 P=-0.15886361 dP=-1.15852250 r12=8.17844993 Vg=8.2643113e-05 norm=1.00000000
progress grid N=2 step 33000/50266 65.7% t=330.00000 eta_s=1167.0 P=-0.16227941 dP=-1.16193830 r12=8.18251682 Vg=8.697106e-05 norm=1.00000000
progress grid N=2 step 33250/50266 66.1% t=332.50000 eta_s=1150.3 P=-0.17011883 dP=-1.16977772 r12=8.19193920 Vg=9.1388295e-05 norm=1.00000000
progress grid N=2 step 33500/50266 66.6% t=335.00000 eta_s=1133.7 P=-0.17970285 dP=-1.17936174 r12=8.20007691 Vg=9.5539385e-05 norm=1.00000000
progress grid N=2 step 33750/50266 67.1% t=337.50000 eta_s=1116.7 P=-0.19040731 dP=-1.19006620 r12=8.21622688 Vg=9.9737575e-05 norm=1.00000000
progress grid N=2 step 34000/50266 67.6% t=340.00000 eta_s=1099.8 P=-0.20266000 dP=-1.20231889 r12=8.22671263 Vg=0.00010386865 norm=1.00000000
progress grid N=2 step 34250/50266 68.1% t=342.50000 eta_s=1083.2 P=-0.21256840 dP=-1.21222729 r12=8.24095930 Vg=0.00010429759 norm=1.00000000
progress grid N=2 step 34500/50266 68.6% t=345.00000 eta_s=1066.3 P=-0.22333534 dP=-1.22299423 r12=8.25162220 Vg=0.00010426388 norm=1.00000000
progress grid N=2 step 34750/50266 69.1% t=347.50000 eta_s=1049.6 P=-0.23273533 dP=-1.23239422 r12=8.26058698 Vg=0.00010279997 norm=1.00000000
progress grid N=2 step 35000/50266 69.6% t=350.00000 eta_s=1032.5 P=-0.24244184 dP=-1.24210073 r12=8.27316447 Vg=0.00010013358 norm=1.00000000
progress grid N=2 step 35250/50266 70.1% t=352.50000 eta_s=1015.9 P=-0.25425355 dP=-1.25391244 r12=8.28080419 Vg=9.9908209e-05 norm=1.00000000
progress grid N=2 step 35500/50266 70.6% t=355.00000 eta_s=999.1 P=-0.26696033 dP=-1.26661922 r12=8.29576472 Vg=9.7869162e-05 norm=1.00000000
progress grid N=2 step 35750/50266 71.1% t=357.50000 eta_s=982.1 P=-0.28347865 dP=-1.28313754 r12=8.30911324 Vg=9.6927071e-05 norm=1.00000000
progress grid N=2 step 36000/50266 71.6% t=360.00000 eta_s=965.0 P=-0.30261435 dP=-1.30227324 r12=8.32479732 Vg=9.6059783e-05 norm=1.00000000
progress grid N=2 step 36250/50266 72.1% t=362.50000 eta_s=948.1 P=-0.32481597 dP=-1.32447486 r12=8.34493403 Vg=9.4574011e-05 norm=1.00000000
progress grid N=2 step 36500/50266 72.6% t=365.00000 eta_s=931.0 P=-0.35062535 dP=-1.35028424 r12=8.36107826 Vg=9.5118092e-05 norm=1.00000000
progress grid N=2 step 36750/50266 73.1% t=367.50000 eta_s=914.1 P=-0.37843408 dP=-1.37809297 r12=8.38158142 Vg=9.4448863e-05 norm=1.00000000
progress grid N=2 step 37000/50266 73.6% t=370.00000 eta_s=897.4 P=-0.40887047 dP=-1.40852936 r12=8.39795364 Vg=9.5452483e-05 norm=1.00000000
progress grid N=2 step 37250/50266 74.1% t=372.50000 eta_s=880.4 P=-0.44089290 dP=-1.44055179 r12=8.41205168 Vg=9.4520315e-05 norm=1.00000000
progress grid N=2 step 37500/50266 74.6% t=375.00000 eta_s=863.5 P=-0.47368461 dP=-1.47334350 r12=8.42493612 Vg=9.2401321e-05 norm=1.00000000
progress grid N=2 step 37750/50266 75.1% t=377.50000 eta_s=846.6 P=-0.50720625 dP=-1.50686514 r12=8.43115623 Vg=8.991588e-05 norm=1.00000000
progress grid N=2 step 38000/50266 75.6% t=380.00000 eta_s=829.7 P=-0.54045470 dP=-1.54011359 r12=8.43573992 Vg=8.5987957e-05 norm=1.00000000
progress grid N=2 step 38250/50266 76.1% t=382.50000 eta_s=812.9 P=-0.57271472 dP=-1.57237361 r12=8.43502652 Vg=8.372032e-05 norm=1.00000000
progress grid N=2 step 38500/50266 76.6% t=385.00000 eta_s=796.0 P=-0.60396230 dP=-1.60362119 r12=8.43114478 Vg=8.1447542e-05 norm=1.00000000
progress grid N=2 step 38750/50266 77.1% t=387.50000 eta_s=779.1 P=-0.63309064 dP=-1.63274953 r12=8.42479511 Vg=7.96525e-05 norm=1.00000000
progress grid N=2 step 39000/50266 77.6% t=390.00000 eta_s=762.3 P=-0.65963910 dP=-1.65929799 r12=8.41617874 Vg=7.714963e-05 norm=1.00000000
progress grid N=2 step 39250/50266 78.1% t=392.50000 eta_s=745.3 P=-0.68400905 dP=-1.68366794 r12=8.40728440 Vg=7.3561784e-05 norm=1.00000000
progress grid N=2 step 39500/50266 78.6% t=395.00000 eta_s=728.4 P=-0.70457924 dP=-1.70423813 r12=8.39768027 Vg=6.9484648e-05 norm=1.00000000
progress grid N=2 step 39750/50266 79.1% t=397.50000 eta_s=711.2 P=-0.72258422 dP=-1.72224311 r12=8.39048967 Vg=6.4652577e-05 norm=1.00000000
progress grid N=2 step 40000/50266 79.6% t=400.00000 eta_s=694.3 P=-0.73781989 dP=-1.73747878 r12=8.38326266 Vg=6.1309266e-05 norm=1.00000000
progress grid N=2 step 40250/50266 80.1% t=402.50000 eta_s=677.4 P=-0.74989175 dP=-1.74955064 r12=8.37903790 Vg=5.9463197e-05 norm=1.00000000
progress grid N=2 step 40500/50266 80.6% t=405.00000 eta_s=660.5 P=-0.76141388 dP=-1.76107277 r12=8.37574447 Vg=5.8070356e-05 norm=1.00000000
progress grid N=2 step 40750/50266 81.1% t=407.50000 eta_s=643.7 P=-0.77101404 dP=-1.77067293 r12=8.37243452 Vg=5.6627641e-05 norm=1.00000000
progress grid N=2 step 41000/50266 81.6% t=410.00000 eta_s=626.8 P=-0.78105330 dP=-1.78071219 r12=8.37057388 Vg=5.4513345e-05 norm=1.00000000
progress grid N=2 step 41250/50266 82.1% t=412.50000 eta_s=610.0 P=-0.79182219 dP=-1.79148108 r12=8.36502741 Vg=5.0981018e-05 norm=1.00000000
progress grid N=2 step 41500/50266 82.6% t=415.00000 eta_s=593.1 P=-0.80225881 dP=-1.80191770 r12=8.36078032 Vg=4.8500864e-05 norm=1.00000000
progress grid N=2 step 41750/50266 83.1% t=417.50000 eta_s=576.2 P=-0.81408539 dP=-1.81374428 r12=8.35271421 Vg=4.5351131e-05 norm=1.00000000
progress grid N=2 step 42000/50266 83.6% t=420.00000 eta_s=559.3 P=-0.82386144 dP=-1.82352033 r12=8.34565889 Vg=4.1669837e-05 norm=1.00000000
progress grid N=2 step 42250/50266 84.1% t=422.50000 eta_s=542.4 P=-0.83265268 dP=-1.83231157 r12=8.34083732 Vg=3.7358999e-05 norm=1.00000000
progress grid N=2 step 42500/50266 84.6% t=425.00000 eta_s=525.5 P=-0.83861507 dP=-1.83827396 r12=8.33512453 Vg=3.3202773e-05 norm=1.00000000
progress grid N=2 step 42750/50266 85.0% t=427.50000 eta_s=508.6 P=-0.84187275 dP=-1.84153164 r12=8.33728847 Vg=3.0633565e-05 norm=1.00000000
progress grid N=2 step 43000/50266 85.5% t=430.00000 eta_s=491.7 P=-0.84503201 dP=-1.84469090 r12=8.33600123 Vg=2.907979e-05 norm=1.00000000
progress grid N=2 step 43250/50266 86.0% t=432.50000 eta_s=474.8 P=-0.84757517 dP=-1.84723406 r12=8.33838667 Vg=2.7681454e-05 norm=1.00000000
progress grid N=2 step 43500/50266 86.5% t=435.00000 eta_s=457.9 P=-0.85351084 dP=-1.85316973 r12=8.33623866 Vg=2.6809157e-05 norm=1.00000000
progress grid N=2 step 43750/50266 87.0% t=437.50000 eta_s=441.0 P=-0.86011167 dP=-1.85977056 r12=8.33121574 Vg=2.6598754e-05 norm=1.00000000
progress grid N=2 step 44000/50266 87.5% t=440.00000 eta_s=424.1 P=-0.86714250 dP=-1.86680139 r12=8.32781409 Vg=2.566722e-05 norm=1.00000000
progress grid N=2 step 44250/50266 88.0% t=442.50000 eta_s=407.1 P=-0.87158060 dP=-1.87123950 r12=8.32184087 Vg=2.4221697e-05 norm=1.00000000
progress grid N=2 step 44500/50266 88.5% t=445.00000 eta_s=390.2 P=-0.87273902 dP=-1.87239791 r12=8.32612766 Vg=2.3051351e-05 norm=1.00000000
progress grid N=2 step 44750/50266 89.0% t=447.50000 eta_s=373.2 P=-0.87415775 dP=-1.87381664 r12=8.32477646 Vg=2.2439614e-05 norm=1.00000000
progress grid N=2 step 45000/50266 89.5% t=450.00000 eta_s=356.4 P=-0.87716428 dP=-1.87682317 r12=8.32768480 Vg=2.2746677e-05 norm=1.00000000
progress grid N=2 step 45250/50266 90.0% t=452.50000 eta_s=339.5 P=-0.88413702 dP=-1.88379591 r12=8.32102686 Vg=2.4192577e-05 norm=1.00000000
progress grid N=2 step 45500/50266 90.5% t=455.00000 eta_s=322.6 P=-0.88885963 dP=-1.88851852 r12=8.31919345 Vg=2.5014162e-05 norm=1.00000000
progress grid N=2 step 45750/50266 91.0% t=457.50000 eta_s=305.7 P=-0.89074620 dP=-1.89040509 r12=8.31834936 Vg=2.4803422e-05 norm=1.00000000
progress grid N=2 step 46000/50266 91.5% t=460.00000 eta_s=288.8 P=-0.89117263 dP=-1.89083152 r12=8.32083987 Vg=2.4679903e-05 norm=1.00000000
progress grid N=2 step 46250/50266 92.0% t=462.50000 eta_s=271.9 P=-0.89644970 dP=-1.89610859 r12=8.31979131 Vg=2.5341708e-05 norm=1.00000000
progress grid N=2 step 46500/50266 92.5% t=465.00000 eta_s=255.0 P=-0.90263527 dP=-1.90229417 r12=8.31470682 Vg=2.6684572e-05 norm=1.00000000
progress grid N=2 step 46750/50266 93.0% t=467.50000 eta_s=238.1 P=-0.90451991 dP=-1.90417880 r12=8.31614884 Vg=2.7158637e-05 norm=1.00000000
progress grid N=2 step 47000/50266 93.5% t=470.00000 eta_s=221.1 P=-0.90616359 dP=-1.90582248 r12=8.31635365 Vg=2.6779474e-05 norm=1.00000000
progress grid N=2 step 47250/50266 94.0% t=472.50000 eta_s=204.2 P=-0.91330420 dP=-1.91296310 r12=8.31507749 Vg=2.7778793e-05 norm=1.00000000
progress grid N=2 step 47500/50266 94.5% t=475.00000 eta_s=187.2 P=-0.91762806 dP=-1.91728695 r12=8.31140460 Vg=2.8703544e-05 norm=1.00000000
progress grid N=2 step 47750/50266 95.0% t=477.50000 eta_s=170.4 P=-0.91930250 dP=-1.91896139 r12=8.31504037 Vg=2.8180218e-05 norm=1.00000000
progress grid N=2 step 48000/50266 95.5% t=480.00000 eta_s=153.4 P=-0.92791364 dP=-1.92757253 r12=8.31104569 Vg=2.8579761e-05 norm=1.00000000
progress grid N=2 step 48250/50266 96.0% t=482.50000 eta_s=136.5 P=-0.93137991 dP=-1.93103880 r12=8.31106287 Vg=2.9460812e-05 norm=1.00000000
progress grid N=2 step 48500/50266 96.5% t=485.00000 eta_s=119.6 P=-0.93735295 dP=-1.93701184 r12=8.31192866 Vg=2.8961425e-05 norm=1.00000000
progress grid N=2 step 48750/50266 97.0% t=487.50000 eta_s=102.7 P=-0.94603695 dP=-1.94569584 r12=8.30813731 Vg=2.973927e-05 norm=1.00000000
progress grid N=2 step 49000/50266 97.5% t=490.00000 eta_s=85.7 P=-0.95021321 dP=-1.94987210 r12=8.31146506 Vg=2.9337319e-05 norm=1.00000000
progress grid N=2 step 49250/50266 98.0% t=492.50000 eta_s=68.8 P=-0.96235460 dP=-1.96201349 r12=8.30650205 Vg=2.9695656e-05 norm=1.00000000
progress grid N=2 step 49500/50266 98.5% t=495.00000 eta_s=51.8 P=-0.96697947 dP=-1.96663836 r12=8.31028628 Vg=2.9242017e-05 norm=1.00000000
progress grid N=2 step 49750/50266 99.0% t=497.50000 eta_s=34.9 P=-0.98059759 dP=-1.98025648 r12=8.30599436 Vg=2.9447745e-05 norm=1.00000000
progress grid N=2 step 50000/50266 99.5% t=500.00000 eta_s=18.0 P=-0.98745806 dP=-1.98711695 r12=8.30949091 Vg=2.9168204e-05 norm=1.00000000
progress grid N=2 step 50250/50266 100.0% t=502.50000 eta_s=1.1 P=-0.99974833 dP=-1.99940722 r12=8.30575300 Vg=2.9014096e-05 norm=1.00000000
progress grid N=2 step 50266/50266 100.0% t=502.65482 eta_s=0.0 P=-0.99972819 dP=-1.99938708 r12=8.30582662 Vg=2.8954961e-05 norm=1.00000000
[write] out/vs3_n2_dt0p01_T160pi_K32_sweep/grid_ref/gauss_sigma1p500/g1024_dt0p01_T160pi/n2_grid_reference_vs3_gauss_sigma1p500_g1024_dt0p01_T160pi.npz (2012 samples, grid=1024)
[write] out/vs3_n2_dt0p01_T160pi_K32_sweep/grid_ref/gauss_sigma1p500/g1024_dt0p01_T160pi/n2_grid_reference_vs3_gauss_sigma1p500_g1024_dt0p01_T160pi.csv
end_time=2026-07-09T15:34:26+08:00
